Fri Oct 20 22:46:40 CEST 2017 create_training_files
/tmp/und_uns
524981 lines
503933 und
32430 uns
/tmp/und_uns_training
419985 lines
403094 und
25968 uns
/tmp/und_uns_validate
104996 lines
100839 und
6462 uns
generate /tmp/und_uns_training.py, /tmp/und_uns_validate.py
:compileJava UP-TO-DATE
:processResources UP-TO-DATE
:classes UP-TO-DATE
:createNGramDatabase
Reading /tmp/und_uns_training
Tokenizing
undersampling to 27048
/tmp/und_uns_training.pycreated
Reading /tmp/und_uns_validate
Tokenizing
undersampling to 6744
/tmp/und_uns_validate.pycreated

BUILD SUCCESSFUL

Total time: 1 mins 28.368 secs

This build could be faster, please consider using the Gradle Daemon: https://docs.gradle.org/2.10/userguide/gradle_daemon.html
Fri Oct 20 22:48:34 CEST 2017 create_classifier
{'num_outputs': 2, 'use_flex_hidden_layer': False, 'batch_size': 1000, 'dictionary_path': 'res_training/deu/embedding/dictionary.txt', 'training_data_file': '/tmp/und_uns_training.py', 'epochs': 3000, 'self': <__main__.NeuralNetwork object at 0x2b3bb56cba58>, 'num_inputs': 4, 'embedding_path': 'res_training/deu/embedding/final_embeddings.txt'}
embedding shape (52520, 64)
/tmp/und_uns_training.py loaded, containing 54096 entries, class distribution: [27048 27048]
Steps: 162000, 54 steps in 3000 epochs
epoch 0, training accuracy 0.601375
epoch 10, training accuracy 0.825421
epoch 20, training accuracy 0.875333
epoch 30, training accuracy 0.896129
epoch 40, training accuracy 0.906481
epoch 50, training accuracy 0.913506
epoch 60, training accuracy 0.918293
epoch 70, training accuracy 0.922249
epoch 80, training accuracy 0.925096
epoch 90, training accuracy 0.927074
epoch 100, training accuracy 0.928571
epoch 110, training accuracy 0.929754
epoch 120, training accuracy 0.930993
epoch 130, training accuracy 0.931843
epoch 140, training accuracy 0.932472
epoch 150, training accuracy 0.933082
epoch 160, training accuracy 0.933655
epoch 170, training accuracy 0.934006
epoch 180, training accuracy 0.934857
epoch 190, training accuracy 0.935356
epoch 200, training accuracy 0.935873
epoch 210, training accuracy 0.936003
epoch 220, training accuracy 0.936151
epoch 230, training accuracy 0.936650
epoch 240, training accuracy 0.936742
epoch 250, training accuracy 0.936982
epoch 260, training accuracy 0.937167
epoch 270, training accuracy 0.937352
epoch 280, training accuracy 0.937518
epoch 290, training accuracy 0.937722
epoch 300, training accuracy 0.937870
epoch 310, training accuracy 0.938018
epoch 320, training accuracy 0.938129
epoch 330, training accuracy 0.938313
epoch 340, training accuracy 0.938498
epoch 350, training accuracy 0.938628
epoch 360, training accuracy 0.938812
epoch 370, training accuracy 0.938905
epoch 380, training accuracy 0.939071
epoch 390, training accuracy 0.939256
epoch 400, training accuracy 0.939312
epoch 410, training accuracy 0.939127
epoch 420, training accuracy 0.939127
epoch 430, training accuracy 0.939127
epoch 440, training accuracy 0.939219
epoch 450, training accuracy 0.939422
epoch 460, training accuracy 0.939422
epoch 470, training accuracy 0.939219
epoch 480, training accuracy 0.939238
epoch 490, training accuracy 0.939219
epoch 500, training accuracy 0.939496
epoch 510, training accuracy 0.939460
epoch 520, training accuracy 0.939422
epoch 530, training accuracy 0.939460
epoch 540, training accuracy 0.939460
epoch 550, training accuracy 0.939496
epoch 560, training accuracy 0.939552
epoch 570, training accuracy 0.939496
epoch 580, training accuracy 0.939386
epoch 590, training accuracy 0.939460
epoch 600, training accuracy 0.939404
epoch 610, training accuracy 0.939552
epoch 620, training accuracy 0.939644
epoch 630, training accuracy 0.939460
epoch 640, training accuracy 0.939404
epoch 650, training accuracy 0.939422
epoch 660, training accuracy 0.939349
epoch 670, training accuracy 0.939663
epoch 680, training accuracy 0.939552
epoch 690, training accuracy 0.939496
epoch 700, training accuracy 0.939460
epoch 710, training accuracy 0.939422
epoch 720, training accuracy 0.939589
epoch 730, training accuracy 0.939570
epoch 740, training accuracy 0.939570
epoch 750, training accuracy 0.939478
epoch 760, training accuracy 0.939478
epoch 770, training accuracy 0.939589
epoch 780, training accuracy 0.939626
epoch 790, training accuracy 0.939552
epoch 800, training accuracy 0.939533
epoch 810, training accuracy 0.939570
epoch 820, training accuracy 0.939552
epoch 830, training accuracy 0.939644
epoch 840, training accuracy 0.939681
epoch 850, training accuracy 0.939552
epoch 860, training accuracy 0.939570
epoch 870, training accuracy 0.939589
epoch 880, training accuracy 0.939626
epoch 890, training accuracy 0.939644
epoch 900, training accuracy 0.939663
epoch 910, training accuracy 0.939644
epoch 920, training accuracy 0.939644
epoch 930, training accuracy 0.939663
epoch 940, training accuracy 0.939681
epoch 950, training accuracy 0.939663
epoch 960, training accuracy 0.939737
epoch 970, training accuracy 0.939718
epoch 980, training accuracy 0.939681
epoch 990, training accuracy 0.939737
epoch 1000, training accuracy 0.939755
epoch 1010, training accuracy 0.939774
epoch 1020, training accuracy 0.939644
epoch 1030, training accuracy 0.939718
epoch 1040, training accuracy 0.939718
epoch 1050, training accuracy 0.939829
epoch 1060, training accuracy 0.939755
epoch 1070, training accuracy 0.939718
epoch 1080, training accuracy 0.939644
epoch 1090, training accuracy 0.939811
epoch 1100, training accuracy 0.939700
epoch 1110, training accuracy 0.939829
epoch 1120, training accuracy 0.939737
epoch 1130, training accuracy 0.939700
epoch 1140, training accuracy 0.939774
epoch 1150, training accuracy 0.939718
epoch 1160, training accuracy 0.939792
epoch 1170, training accuracy 0.939792
epoch 1180, training accuracy 0.939737
epoch 1190, training accuracy 0.939737
epoch 1200, training accuracy 0.939792
epoch 1210, training accuracy 0.939700
epoch 1220, training accuracy 0.939848
epoch 1230, training accuracy 0.939737
epoch 1240, training accuracy 0.939718
epoch 1250, training accuracy 0.939792
epoch 1260, training accuracy 0.939774
epoch 1270, training accuracy 0.939829
epoch 1280, training accuracy 0.939866
epoch 1290, training accuracy 0.939737
epoch 1300, training accuracy 0.939829
epoch 1310, training accuracy 0.939829
epoch 1320, training accuracy 0.939755
epoch 1330, training accuracy 0.939866
epoch 1340, training accuracy 0.939829
epoch 1350, training accuracy 0.939792
epoch 1360, training accuracy 0.939792
epoch 1370, training accuracy 0.939774
epoch 1380, training accuracy 0.939811
epoch 1390, training accuracy 0.939885
epoch 1400, training accuracy 0.939774
epoch 1410, training accuracy 0.939829
epoch 1420, training accuracy 0.939829
epoch 1430, training accuracy 0.939755
epoch 1440, training accuracy 0.939922
epoch 1450, training accuracy 0.939866
epoch 1460, training accuracy 0.939811
epoch 1470, training accuracy 0.939811
epoch 1480, training accuracy 0.939792
epoch 1490, training accuracy 0.939903
epoch 1500, training accuracy 0.939977
epoch 1510, training accuracy 0.939811
epoch 1520, training accuracy 0.939829
epoch 1530, training accuracy 0.939829
epoch 1540, training accuracy 0.939774
epoch 1550, training accuracy 0.939977
epoch 1560, training accuracy 0.939977
epoch 1570, training accuracy 0.939774
epoch 1580, training accuracy 0.939811
epoch 1590, training accuracy 0.939774
epoch 1600, training accuracy 0.939996
epoch 1610, training accuracy 0.939977
epoch 1620, training accuracy 0.939829
epoch 1630, training accuracy 0.939792
epoch 1640, training accuracy 0.939811
epoch 1650, training accuracy 0.939774
epoch 1660, training accuracy 0.939959
epoch 1670, training accuracy 0.940014
epoch 1680, training accuracy 0.939774
epoch 1690, training accuracy 0.939811
epoch 1700, training accuracy 0.939811
epoch 1710, training accuracy 0.939977
epoch 1720, training accuracy 0.939977
epoch 1730, training accuracy 0.939829
epoch 1740, training accuracy 0.939811
epoch 1750, training accuracy 0.939792
epoch 1760, training accuracy 0.939792
epoch 1770, training accuracy 0.939959
epoch 1780, training accuracy 0.940014
epoch 1790, training accuracy 0.939792
epoch 1800, training accuracy 0.939792
epoch 1810, training accuracy 0.939811
epoch 1820, training accuracy 0.939959
epoch 1830, training accuracy 0.939959
epoch 1840, training accuracy 0.939848
epoch 1850, training accuracy 0.939829
epoch 1860, training accuracy 0.939811
epoch 1870, training accuracy 0.939792
epoch 1880, training accuracy 0.939977
epoch 1890, training accuracy 0.939977
epoch 1900, training accuracy 0.939811
epoch 1910, training accuracy 0.939792
epoch 1920, training accuracy 0.939811
epoch 1930, training accuracy 0.939940
epoch 1940, training accuracy 0.939959
epoch 1950, training accuracy 0.939885
epoch 1960, training accuracy 0.939811
epoch 1970, training accuracy 0.939829
epoch 1980, training accuracy 0.939848
epoch 1990, training accuracy 0.939977
epoch 2000, training accuracy 0.939959
epoch 2010, training accuracy 0.939829
epoch 2020, training accuracy 0.939866
epoch 2030, training accuracy 0.939848
epoch 2040, training accuracy 0.939940
epoch 2050, training accuracy 0.939959
epoch 2060, training accuracy 0.939885
epoch 2070, training accuracy 0.939829
epoch 2080, training accuracy 0.939848
epoch 2090, training accuracy 0.939922
epoch 2100, training accuracy 0.939977
epoch 2110, training accuracy 0.939922
epoch 2120, training accuracy 0.939866
epoch 2130, training accuracy 0.939829
epoch 2140, training accuracy 0.939866
epoch 2150, training accuracy 0.939940
epoch 2160, training accuracy 0.939959
epoch 2170, training accuracy 0.939903
epoch 2180, training accuracy 0.939866
epoch 2190, training accuracy 0.939829
epoch 2200, training accuracy 0.939922
epoch 2210, training accuracy 0.939977
epoch 2220, training accuracy 0.939903
epoch 2230, training accuracy 0.939885
epoch 2240, training accuracy 0.939811
epoch 2250, training accuracy 0.939866
epoch 2260, training accuracy 0.939922
epoch 2270, training accuracy 0.939940
epoch 2280, training accuracy 0.939903
epoch 2290, training accuracy 0.939848
epoch 2300, training accuracy 0.939792
epoch 2310, training accuracy 0.939866
epoch 2320, training accuracy 0.939959
epoch 2330, training accuracy 0.939922
epoch 2340, training accuracy 0.939848
epoch 2350, training accuracy 0.939792
epoch 2360, training accuracy 0.939848
epoch 2370, training accuracy 0.939922
epoch 2380, training accuracy 0.939922
epoch 2390, training accuracy 0.939922
epoch 2400, training accuracy 0.939829
epoch 2410, training accuracy 0.939792
epoch 2420, training accuracy 0.939866
epoch 2430, training accuracy 0.939940
epoch 2440, training accuracy 0.939903
epoch 2450, training accuracy 0.939848
epoch 2460, training accuracy 0.939774
epoch 2470, training accuracy 0.939811
epoch 2480, training accuracy 0.939922
epoch 2490, training accuracy 0.939922
epoch 2500, training accuracy 0.939922
epoch 2510, training accuracy 0.939829
epoch 2520, training accuracy 0.939792
epoch 2530, training accuracy 0.939848
epoch 2540, training accuracy 0.939940
epoch 2550, training accuracy 0.939940
epoch 2560, training accuracy 0.939848
epoch 2570, training accuracy 0.939792
epoch 2580, training accuracy 0.939811
epoch 2590, training accuracy 0.939922
epoch 2600, training accuracy 0.939903
epoch 2610, training accuracy 0.939903
epoch 2620, training accuracy 0.939792
epoch 2630, training accuracy 0.939774
epoch 2640, training accuracy 0.939811
epoch 2650, training accuracy 0.939959
epoch 2660, training accuracy 0.939922
epoch 2670, training accuracy 0.939811
epoch 2680, training accuracy 0.939792
epoch 2690, training accuracy 0.939792
epoch 2700, training accuracy 0.939940
epoch 2710, training accuracy 0.939959
epoch 2720, training accuracy 0.939903
epoch 2730, training accuracy 0.939774
epoch 2740, training accuracy 0.939774
epoch 2750, training accuracy 0.939811
epoch 2760, training accuracy 0.939996
epoch 2770, training accuracy 0.939940
epoch 2780, training accuracy 0.939829
epoch 2790, training accuracy 0.939792
epoch 2800, training accuracy 0.939755
epoch 2810, training accuracy 0.939940
epoch 2820, training accuracy 0.939977
epoch 2830, training accuracy 0.939903
epoch 2840, training accuracy 0.939792
epoch 2850, training accuracy 0.939774
epoch 2860, training accuracy 0.939774
epoch 2870, training accuracy 0.939996
epoch 2880, training accuracy 0.939940
epoch 2890, training accuracy 0.939811
epoch 2900, training accuracy 0.939774
epoch 2910, training accuracy 0.939774
epoch 2920, training accuracy 0.939959
epoch 2930, training accuracy 0.939977
epoch 2940, training accuracy 0.939903
epoch 2950, training accuracy 0.939792
epoch 2960, training accuracy 0.939792
epoch 2970, training accuracy 0.939774
epoch 2980, training accuracy 0.940014
epoch 2990, training accuracy 0.939959
epoch 3000, training accuracy 0.939811
/tmp/und_uns_validate.py loaded, containing 13488 entries, class distribution: [6744 6744]
correct: [6044, 5874]
incorrect: [179, 301]
accuracy: [0.9712357383898441, 0.951255060728745]
unclassified: [521, 569]
total accuracy: [0.8962040332147093, 0.8709964412811388]
Fri Oct 20 22:58:39 CEST 2017 finished, res_training/deu/und_uns
