Sun Oct 22 23:33:03 CEST 2017 create_training_files
/tmp/sat_set
12312 lines
1067 sat
11249 set
/tmp/sat_set_training
9850 lines
863 sat
8990 set
/tmp/sat_set_validate
2462 lines
204 sat
2259 set
generate /tmp/sat_set_training.py, /tmp/sat_set_validate.py
:compileJava UP-TO-DATE
:processResources UP-TO-DATE
:classes UP-TO-DATE
:createNGramDatabase
Reading /tmp/sat_set_training
Tokenizing
undersampling to 861
/tmp/sat_set_training.pycreated
Reading /tmp/sat_set_validate
Tokenizing
undersampling to 206
/tmp/sat_set_validate.pycreated

BUILD SUCCESSFUL

Total time: 7.186 secs

This build could be faster, please consider using the Gradle Daemon: https://docs.gradle.org/2.10/userguide/gradle_daemon.html
Sun Oct 22 23:33:14 CEST 2017 create_classifier
{'embedding_path': 'res_training/eng/embedding/final_embeddings.txt', 'epochs': 3000, 'dictionary_path': 'res_training/eng/embedding/dictionary.txt', 'training_data_file': '/tmp/sat_set_training.py', 'use_flex_hidden_layer': False, 'num_outputs': 2, 'self': <__main__.NeuralNetwork object at 0x2ba5a4532a58>, 'batch_size': 1000, 'num_inputs': 4}
embedding shape (42122, 64)
/tmp/sat_set_training.py loaded, containing 1722 entries, class distribution: [861 861]
Steps: 3000, 1 steps in 3000 epochs
epoch 0, training accuracy 0.415215
epoch 10, training accuracy 0.409988
epoch 20, training accuracy 0.401858
epoch 30, training accuracy 0.403020
epoch 40, training accuracy 0.400116
epoch 50, training accuracy 0.403020
epoch 60, training accuracy 0.405923
epoch 70, training accuracy 0.420441
epoch 80, training accuracy 0.432636
epoch 90, training accuracy 0.448897
epoch 100, training accuracy 0.458188
epoch 110, training accuracy 0.469803
epoch 120, training accuracy 0.482578
epoch 130, training accuracy 0.495935
epoch 140, training accuracy 0.511034
epoch 150, training accuracy 0.521487
epoch 160, training accuracy 0.525552
epoch 170, training accuracy 0.534843
epoch 180, training accuracy 0.546458
epoch 190, training accuracy 0.556911
epoch 200, training accuracy 0.562718
epoch 210, training accuracy 0.572009
epoch 220, training accuracy 0.584204
epoch 230, training accuracy 0.595238
epoch 240, training accuracy 0.608014
epoch 250, training accuracy 0.619048
epoch 260, training accuracy 0.628339
epoch 270, training accuracy 0.637050
epoch 280, training accuracy 0.647503
epoch 290, training accuracy 0.658537
epoch 300, training accuracy 0.668409
epoch 310, training accuracy 0.677120
epoch 320, training accuracy 0.684088
epoch 330, training accuracy 0.694541
epoch 340, training accuracy 0.705575
epoch 350, training accuracy 0.711963
epoch 360, training accuracy 0.720093
epoch 370, training accuracy 0.727062
epoch 380, training accuracy 0.729965
epoch 390, training accuracy 0.736934
epoch 400, training accuracy 0.741580
epoch 410, training accuracy 0.748548
epoch 420, training accuracy 0.755517
epoch 430, training accuracy 0.761905
epoch 440, training accuracy 0.765970
epoch 450, training accuracy 0.768873
epoch 460, training accuracy 0.772938
epoch 470, training accuracy 0.778746
epoch 480, training accuracy 0.783972
epoch 490, training accuracy 0.786876
epoch 500, training accuracy 0.789199
epoch 510, training accuracy 0.792683
epoch 520, training accuracy 0.796167
epoch 530, training accuracy 0.799071
epoch 540, training accuracy 0.800232
epoch 550, training accuracy 0.802555
epoch 560, training accuracy 0.805459
epoch 570, training accuracy 0.807201
epoch 580, training accuracy 0.808362
epoch 590, training accuracy 0.811847
epoch 600, training accuracy 0.813589
epoch 610, training accuracy 0.814170
epoch 620, training accuracy 0.817073
epoch 630, training accuracy 0.820557
epoch 640, training accuracy 0.822300
epoch 650, training accuracy 0.825203
epoch 660, training accuracy 0.826365
epoch 670, training accuracy 0.828688
epoch 680, training accuracy 0.829849
epoch 690, training accuracy 0.829268
epoch 700, training accuracy 0.831010
epoch 710, training accuracy 0.832753
epoch 720, training accuracy 0.835656
epoch 730, training accuracy 0.836818
epoch 740, training accuracy 0.837979
epoch 750, training accuracy 0.840883
epoch 760, training accuracy 0.842625
epoch 770, training accuracy 0.841463
epoch 780, training accuracy 0.843206
epoch 790, training accuracy 0.845528
epoch 800, training accuracy 0.848432
epoch 810, training accuracy 0.850174
epoch 820, training accuracy 0.850174
epoch 830, training accuracy 0.850755
epoch 840, training accuracy 0.851336
epoch 850, training accuracy 0.853659
epoch 860, training accuracy 0.853659
epoch 870, training accuracy 0.853659
epoch 880, training accuracy 0.854820
epoch 890, training accuracy 0.855981
epoch 900, training accuracy 0.856562
epoch 910, training accuracy 0.856562
epoch 920, training accuracy 0.860046
epoch 930, training accuracy 0.860627
epoch 940, training accuracy 0.861789
epoch 950, training accuracy 0.862950
epoch 960, training accuracy 0.864111
epoch 970, training accuracy 0.863531
epoch 980, training accuracy 0.864692
epoch 990, training accuracy 0.864111
epoch 1000, training accuracy 0.866434
epoch 1010, training accuracy 0.867015
epoch 1020, training accuracy 0.867015
epoch 1030, training accuracy 0.867015
epoch 1040, training accuracy 0.867015
epoch 1050, training accuracy 0.867596
epoch 1060, training accuracy 0.868177
epoch 1070, training accuracy 0.868177
epoch 1080, training accuracy 0.868177
epoch 1090, training accuracy 0.868757
epoch 1100, training accuracy 0.868177
epoch 1110, training accuracy 0.868177
epoch 1120, training accuracy 0.869338
epoch 1130, training accuracy 0.870499
epoch 1140, training accuracy 0.871080
epoch 1150, training accuracy 0.871661
epoch 1160, training accuracy 0.871661
epoch 1170, training accuracy 0.872822
epoch 1180, training accuracy 0.873984
epoch 1190, training accuracy 0.874564
epoch 1200, training accuracy 0.875726
epoch 1210, training accuracy 0.876307
epoch 1220, training accuracy 0.877468
epoch 1230, training accuracy 0.878049
epoch 1240, training accuracy 0.878630
epoch 1250, training accuracy 0.879210
epoch 1260, training accuracy 0.879210
epoch 1270, training accuracy 0.879210
epoch 1280, training accuracy 0.879791
epoch 1290, training accuracy 0.880952
epoch 1300, training accuracy 0.882114
epoch 1310, training accuracy 0.882114
epoch 1320, training accuracy 0.883275
epoch 1330, training accuracy 0.883856
epoch 1340, training accuracy 0.884437
epoch 1350, training accuracy 0.884437
epoch 1360, training accuracy 0.884437
epoch 1370, training accuracy 0.885598
epoch 1380, training accuracy 0.885598
epoch 1390, training accuracy 0.885598
epoch 1400, training accuracy 0.886179
epoch 1410, training accuracy 0.886179
epoch 1420, training accuracy 0.886760
epoch 1430, training accuracy 0.886179
epoch 1440, training accuracy 0.886760
epoch 1450, training accuracy 0.886760
epoch 1460, training accuracy 0.886760
epoch 1470, training accuracy 0.887340
epoch 1480, training accuracy 0.887340
epoch 1490, training accuracy 0.889082
epoch 1500, training accuracy 0.889082
epoch 1510, training accuracy 0.889082
epoch 1520, training accuracy 0.889082
epoch 1530, training accuracy 0.889663
epoch 1540, training accuracy 0.889663
epoch 1550, training accuracy 0.889663
epoch 1560, training accuracy 0.890244
epoch 1570, training accuracy 0.890825
epoch 1580, training accuracy 0.891405
epoch 1590, training accuracy 0.891986
epoch 1600, training accuracy 0.892567
epoch 1610, training accuracy 0.892567
epoch 1620, training accuracy 0.893728
epoch 1630, training accuracy 0.895470
epoch 1640, training accuracy 0.894890
epoch 1650, training accuracy 0.895470
epoch 1660, training accuracy 0.897213
epoch 1670, training accuracy 0.897793
epoch 1680, training accuracy 0.898374
epoch 1690, training accuracy 0.898374
epoch 1700, training accuracy 0.898374
epoch 1710, training accuracy 0.898374
epoch 1720, training accuracy 0.898374
epoch 1730, training accuracy 0.897793
epoch 1740, training accuracy 0.898374
epoch 1750, training accuracy 0.898374
epoch 1760, training accuracy 0.898374
epoch 1770, training accuracy 0.898955
epoch 1780, training accuracy 0.898955
epoch 1790, training accuracy 0.899535
epoch 1800, training accuracy 0.899535
epoch 1810, training accuracy 0.900116
epoch 1820, training accuracy 0.900697
epoch 1830, training accuracy 0.900697
epoch 1840, training accuracy 0.900697
epoch 1850, training accuracy 0.900697
epoch 1860, training accuracy 0.901278
epoch 1870, training accuracy 0.901858
epoch 1880, training accuracy 0.902439
epoch 1890, training accuracy 0.902439
epoch 1900, training accuracy 0.902439
epoch 1910, training accuracy 0.902439
epoch 1920, training accuracy 0.904181
epoch 1930, training accuracy 0.904762
epoch 1940, training accuracy 0.904762
epoch 1950, training accuracy 0.904762
epoch 1960, training accuracy 0.905343
epoch 1970, training accuracy 0.904762
epoch 1980, training accuracy 0.905343
epoch 1990, training accuracy 0.905923
epoch 2000, training accuracy 0.905923
epoch 2010, training accuracy 0.905923
epoch 2020, training accuracy 0.905923
epoch 2030, training accuracy 0.905923
epoch 2040, training accuracy 0.906504
epoch 2050, training accuracy 0.906504
epoch 2060, training accuracy 0.907085
epoch 2070, training accuracy 0.907665
epoch 2080, training accuracy 0.908827
epoch 2090, training accuracy 0.909988
epoch 2100, training accuracy 0.909988
epoch 2110, training accuracy 0.910569
epoch 2120, training accuracy 0.910569
epoch 2130, training accuracy 0.910569
epoch 2140, training accuracy 0.910569
epoch 2150, training accuracy 0.911150
epoch 2160, training accuracy 0.913473
epoch 2170, training accuracy 0.914053
epoch 2180, training accuracy 0.914634
epoch 2190, training accuracy 0.914634
epoch 2200, training accuracy 0.914634
epoch 2210, training accuracy 0.915215
epoch 2220, training accuracy 0.915796
epoch 2230, training accuracy 0.916376
epoch 2240, training accuracy 0.916376
epoch 2250, training accuracy 0.916957
epoch 2260, training accuracy 0.916957
epoch 2270, training accuracy 0.916957
epoch 2280, training accuracy 0.917538
epoch 2290, training accuracy 0.916957
epoch 2300, training accuracy 0.916957
epoch 2310, training accuracy 0.917538
epoch 2320, training accuracy 0.917538
epoch 2330, training accuracy 0.917538
epoch 2340, training accuracy 0.917538
epoch 2350, training accuracy 0.918118
epoch 2360, training accuracy 0.918118
epoch 2370, training accuracy 0.918118
epoch 2380, training accuracy 0.918118
epoch 2390, training accuracy 0.918118
epoch 2400, training accuracy 0.918699
epoch 2410, training accuracy 0.918118
epoch 2420, training accuracy 0.917538
epoch 2430, training accuracy 0.918699
epoch 2440, training accuracy 0.918699
epoch 2450, training accuracy 0.918699
epoch 2460, training accuracy 0.918699
epoch 2470, training accuracy 0.918699
epoch 2480, training accuracy 0.919280
epoch 2490, training accuracy 0.919861
epoch 2500, training accuracy 0.920441
epoch 2510, training accuracy 0.921022
epoch 2520, training accuracy 0.921022
epoch 2530, training accuracy 0.921022
epoch 2540, training accuracy 0.921022
epoch 2550, training accuracy 0.921022
epoch 2560, training accuracy 0.921022
epoch 2570, training accuracy 0.921022
epoch 2580, training accuracy 0.921603
epoch 2590, training accuracy 0.922184
epoch 2600, training accuracy 0.922184
epoch 2610, training accuracy 0.922764
epoch 2620, training accuracy 0.922764
epoch 2630, training accuracy 0.922764
epoch 2640, training accuracy 0.922764
epoch 2650, training accuracy 0.923345
epoch 2660, training accuracy 0.923345
epoch 2670, training accuracy 0.923345
epoch 2680, training accuracy 0.923345
epoch 2690, training accuracy 0.923926
epoch 2700, training accuracy 0.923926
epoch 2710, training accuracy 0.923926
epoch 2720, training accuracy 0.925087
epoch 2730, training accuracy 0.925087
epoch 2740, training accuracy 0.925087
epoch 2750, training accuracy 0.925087
epoch 2760, training accuracy 0.925087
epoch 2770, training accuracy 0.924506
epoch 2780, training accuracy 0.924506
epoch 2790, training accuracy 0.925087
epoch 2800, training accuracy 0.925087
epoch 2810, training accuracy 0.925087
epoch 2820, training accuracy 0.925087
epoch 2830, training accuracy 0.924506
epoch 2840, training accuracy 0.924506
epoch 2850, training accuracy 0.924506
epoch 2860, training accuracy 0.924506
epoch 2870, training accuracy 0.924506
epoch 2880, training accuracy 0.924506
epoch 2890, training accuracy 0.924506
epoch 2900, training accuracy 0.924506
epoch 2910, training accuracy 0.925087
epoch 2920, training accuracy 0.925668
epoch 2930, training accuracy 0.925668
epoch 2940, training accuracy 0.925668
epoch 2950, training accuracy 0.925668
epoch 2960, training accuracy 0.925668
epoch 2970, training accuracy 0.925668
epoch 2980, training accuracy 0.925668
epoch 2990, training accuracy 0.925668
epoch 3000, training accuracy 0.925668
/tmp/sat_set_validate.py loaded, containing 412 entries, class distribution: [206 206]
correct: [136, 134]
incorrect: [3, 9]
accuracy: [0.9784172661870504, 0.9370629370629371]
unclassified: [67, 63]
total accuracy: [0.6601941747572816, 0.6504854368932039]
Sun Oct 22 23:33:35 CEST 2017 finished, res_training/eng/sat_set
