Sun Oct 22 20:33:10 CEST 2017 create_training_files
/tmp/hear_heart
6082 lines
2554 hear
3536 heart
/tmp/hear_heart_training
4866 lines
2028 hear
2844 heart
/tmp/hear_heart_validate
1216 lines
526 hear
692 heart
generate /tmp/hear_heart_training.py, /tmp/hear_heart_validate.py
:compileJava UP-TO-DATE
:processResources UP-TO-DATE
:classes UP-TO-DATE
:createNGramDatabase
Reading /tmp/hear_heart_training
Tokenizing
undersampling to 2050
/tmp/hear_heart_training.pycreated
Reading /tmp/hear_heart_validate
Tokenizing
undersampling to 534
/tmp/hear_heart_validate.pycreated

BUILD SUCCESSFUL

Total time: 5.499 secs

This build could be faster, please consider using the Gradle Daemon: https://docs.gradle.org/2.10/userguide/gradle_daemon.html
Sun Oct 22 20:33:21 CEST 2017 create_classifier
{'training_data_file': '/tmp/hear_heart_training.py', 'use_flex_hidden_layer': False, 'num_outputs': 2, 'epochs': 3000, 'num_inputs': 4, 'batch_size': 1000, 'dictionary_path': 'res_training/eng/embedding/dictionary.txt', 'embedding_path': 'res_training/eng/embedding/final_embeddings.txt', 'self': <__main__.NeuralNetwork object at 0x2b118ababa58>}
embedding shape (42122, 64)
/tmp/hear_heart_training.py loaded, containing 4100 entries, class distribution: [2050 2050]
Steps: 12000, 4 steps in 3000 epochs
epoch 0, training accuracy 0.380244
epoch 10, training accuracy 0.444878
epoch 20, training accuracy 0.523659
epoch 30, training accuracy 0.575854
epoch 40, training accuracy 0.640976
epoch 50, training accuracy 0.689756
epoch 60, training accuracy 0.742195
epoch 70, training accuracy 0.779024
epoch 80, training accuracy 0.809512
epoch 90, training accuracy 0.833171
epoch 100, training accuracy 0.850000
epoch 110, training accuracy 0.866829
epoch 120, training accuracy 0.881220
epoch 130, training accuracy 0.891219
epoch 140, training accuracy 0.900244
epoch 150, training accuracy 0.909268
epoch 160, training accuracy 0.915610
epoch 170, training accuracy 0.922439
epoch 180, training accuracy 0.929512
epoch 190, training accuracy 0.934146
epoch 200, training accuracy 0.938049
epoch 210, training accuracy 0.941463
epoch 220, training accuracy 0.944390
epoch 230, training accuracy 0.946829
epoch 240, training accuracy 0.950488
epoch 250, training accuracy 0.952683
epoch 260, training accuracy 0.954634
epoch 270, training accuracy 0.956098
epoch 280, training accuracy 0.957073
epoch 290, training accuracy 0.957805
epoch 300, training accuracy 0.959512
epoch 310, training accuracy 0.960732
epoch 320, training accuracy 0.961707
epoch 330, training accuracy 0.963171
epoch 340, training accuracy 0.963659
epoch 350, training accuracy 0.964390
epoch 360, training accuracy 0.965366
epoch 370, training accuracy 0.966098
epoch 380, training accuracy 0.966341
epoch 390, training accuracy 0.967561
epoch 400, training accuracy 0.967805
epoch 410, training accuracy 0.968293
epoch 420, training accuracy 0.969268
epoch 430, training accuracy 0.970000
epoch 440, training accuracy 0.970488
epoch 450, training accuracy 0.971463
epoch 460, training accuracy 0.972439
epoch 470, training accuracy 0.973171
epoch 480, training accuracy 0.973902
epoch 490, training accuracy 0.974390
epoch 500, training accuracy 0.974634
epoch 510, training accuracy 0.975122
epoch 520, training accuracy 0.975122
epoch 530, training accuracy 0.975854
epoch 540, training accuracy 0.976098
epoch 550, training accuracy 0.976829
epoch 560, training accuracy 0.977073
epoch 570, training accuracy 0.977317
epoch 580, training accuracy 0.977561
epoch 590, training accuracy 0.978049
epoch 600, training accuracy 0.979268
epoch 610, training accuracy 0.979512
epoch 620, training accuracy 0.980000
epoch 630, training accuracy 0.980732
epoch 640, training accuracy 0.980732
epoch 650, training accuracy 0.980732
epoch 660, training accuracy 0.980976
epoch 670, training accuracy 0.981220
epoch 680, training accuracy 0.981707
epoch 690, training accuracy 0.981707
epoch 700, training accuracy 0.981951
epoch 710, training accuracy 0.981951
epoch 720, training accuracy 0.981707
epoch 730, training accuracy 0.981707
epoch 740, training accuracy 0.981707
epoch 750, training accuracy 0.981707
epoch 760, training accuracy 0.981707
epoch 770, training accuracy 0.982195
epoch 780, training accuracy 0.982195
epoch 790, training accuracy 0.982439
epoch 800, training accuracy 0.982439
epoch 810, training accuracy 0.982927
epoch 820, training accuracy 0.982927
epoch 830, training accuracy 0.982927
epoch 840, training accuracy 0.982927
epoch 850, training accuracy 0.982927
epoch 860, training accuracy 0.982927
epoch 870, training accuracy 0.982927
epoch 880, training accuracy 0.982927
epoch 890, training accuracy 0.982927
epoch 900, training accuracy 0.983415
epoch 910, training accuracy 0.983171
epoch 920, training accuracy 0.983171
epoch 930, training accuracy 0.983415
epoch 940, training accuracy 0.983415
epoch 950, training accuracy 0.983415
epoch 960, training accuracy 0.983415
epoch 970, training accuracy 0.983415
epoch 980, training accuracy 0.983659
epoch 990, training accuracy 0.983659
epoch 1000, training accuracy 0.983902
epoch 1010, training accuracy 0.983902
epoch 1020, training accuracy 0.983902
epoch 1030, training accuracy 0.983902
epoch 1040, training accuracy 0.983902
epoch 1050, training accuracy 0.983902
epoch 1060, training accuracy 0.984390
epoch 1070, training accuracy 0.984390
epoch 1080, training accuracy 0.984390
epoch 1090, training accuracy 0.984390
epoch 1100, training accuracy 0.984634
epoch 1110, training accuracy 0.984878
epoch 1120, training accuracy 0.984878
epoch 1130, training accuracy 0.985122
epoch 1140, training accuracy 0.985122
epoch 1150, training accuracy 0.985122
epoch 1160, training accuracy 0.985122
epoch 1170, training accuracy 0.984878
epoch 1180, training accuracy 0.984878
epoch 1190, training accuracy 0.984878
epoch 1200, training accuracy 0.984878
epoch 1210, training accuracy 0.985122
epoch 1220, training accuracy 0.985122
epoch 1230, training accuracy 0.985122
epoch 1240, training accuracy 0.985122
epoch 1250, training accuracy 0.985122
epoch 1260, training accuracy 0.985366
epoch 1270, training accuracy 0.985366
epoch 1280, training accuracy 0.985366
epoch 1290, training accuracy 0.985854
epoch 1300, training accuracy 0.986098
epoch 1310, training accuracy 0.986098
epoch 1320, training accuracy 0.986098
epoch 1330, training accuracy 0.986098
epoch 1340, training accuracy 0.986098
epoch 1350, training accuracy 0.986098
epoch 1360, training accuracy 0.986098
epoch 1370, training accuracy 0.986341
epoch 1380, training accuracy 0.986341
epoch 1390, training accuracy 0.986341
epoch 1400, training accuracy 0.986341
epoch 1410, training accuracy 0.986341
epoch 1420, training accuracy 0.986341
epoch 1430, training accuracy 0.986341
epoch 1440, training accuracy 0.986341
epoch 1450, training accuracy 0.986341
epoch 1460, training accuracy 0.986341
epoch 1470, training accuracy 0.986341
epoch 1480, training accuracy 0.986341
epoch 1490, training accuracy 0.986341
epoch 1500, training accuracy 0.986585
epoch 1510, training accuracy 0.986829
epoch 1520, training accuracy 0.986829
epoch 1530, training accuracy 0.987073
epoch 1540, training accuracy 0.987073
epoch 1550, training accuracy 0.987317
epoch 1560, training accuracy 0.987317
epoch 1570, training accuracy 0.987317
epoch 1580, training accuracy 0.987561
epoch 1590, training accuracy 0.987561
epoch 1600, training accuracy 0.987561
epoch 1610, training accuracy 0.987561
epoch 1620, training accuracy 0.987561
epoch 1630, training accuracy 0.987805
epoch 1640, training accuracy 0.987805
epoch 1650, training accuracy 0.987805
epoch 1660, training accuracy 0.987805
epoch 1670, training accuracy 0.987805
epoch 1680, training accuracy 0.987805
epoch 1690, training accuracy 0.988049
epoch 1700, training accuracy 0.988293
epoch 1710, training accuracy 0.988537
epoch 1720, training accuracy 0.988537
epoch 1730, training accuracy 0.988537
epoch 1740, training accuracy 0.988537
epoch 1750, training accuracy 0.988537
epoch 1760, training accuracy 0.988780
epoch 1770, training accuracy 0.988780
epoch 1780, training accuracy 0.988780
epoch 1790, training accuracy 0.988780
epoch 1800, training accuracy 0.988780
epoch 1810, training accuracy 0.989268
epoch 1820, training accuracy 0.989268
epoch 1830, training accuracy 0.989268
epoch 1840, training accuracy 0.989268
epoch 1850, training accuracy 0.989268
epoch 1860, training accuracy 0.989268
epoch 1870, training accuracy 0.989268
epoch 1880, training accuracy 0.989268
epoch 1890, training accuracy 0.989268
epoch 1900, training accuracy 0.989756
epoch 1910, training accuracy 0.989756
epoch 1920, training accuracy 0.989756
epoch 1930, training accuracy 0.989756
epoch 1940, training accuracy 0.989756
epoch 1950, training accuracy 0.989756
epoch 1960, training accuracy 0.989756
epoch 1970, training accuracy 0.989756
epoch 1980, training accuracy 0.989756
epoch 1990, training accuracy 0.989756
epoch 2000, training accuracy 0.990000
epoch 2010, training accuracy 0.990244
epoch 2020, training accuracy 0.990244
epoch 2030, training accuracy 0.990244
epoch 2040, training accuracy 0.990244
epoch 2050, training accuracy 0.990732
epoch 2060, training accuracy 0.990732
epoch 2070, training accuracy 0.990732
epoch 2080, training accuracy 0.990732
epoch 2090, training accuracy 0.990732
epoch 2100, training accuracy 0.990732
epoch 2110, training accuracy 0.990732
epoch 2120, training accuracy 0.990732
epoch 2130, training accuracy 0.990732
epoch 2140, training accuracy 0.990732
epoch 2150, training accuracy 0.990976
epoch 2160, training accuracy 0.990976
epoch 2170, training accuracy 0.990976
epoch 2180, training accuracy 0.990976
epoch 2190, training accuracy 0.990976
epoch 2200, training accuracy 0.990976
epoch 2210, training accuracy 0.990976
epoch 2220, training accuracy 0.991220
epoch 2230, training accuracy 0.991220
epoch 2240, training accuracy 0.991220
epoch 2250, training accuracy 0.991220
epoch 2260, training accuracy 0.991463
epoch 2270, training accuracy 0.991463
epoch 2280, training accuracy 0.991707
epoch 2290, training accuracy 0.991707
epoch 2300, training accuracy 0.991707
epoch 2310, training accuracy 0.991951
epoch 2320, training accuracy 0.991951
epoch 2330, training accuracy 0.991951
epoch 2340, training accuracy 0.991951
epoch 2350, training accuracy 0.991951
epoch 2360, training accuracy 0.991951
epoch 2370, training accuracy 0.991951
epoch 2380, training accuracy 0.991951
epoch 2390, training accuracy 0.991951
epoch 2400, training accuracy 0.991951
epoch 2410, training accuracy 0.992195
epoch 2420, training accuracy 0.992195
epoch 2430, training accuracy 0.992195
epoch 2440, training accuracy 0.992195
epoch 2450, training accuracy 0.992439
epoch 2460, training accuracy 0.992439
epoch 2470, training accuracy 0.992439
epoch 2480, training accuracy 0.992439
epoch 2490, training accuracy 0.992683
epoch 2500, training accuracy 0.992683
epoch 2510, training accuracy 0.992683
epoch 2520, training accuracy 0.992927
epoch 2530, training accuracy 0.992927
epoch 2540, training accuracy 0.992927
epoch 2550, training accuracy 0.992927
epoch 2560, training accuracy 0.992927
epoch 2570, training accuracy 0.992927
epoch 2580, training accuracy 0.993171
epoch 2590, training accuracy 0.993171
epoch 2600, training accuracy 0.993171
epoch 2610, training accuracy 0.993171
epoch 2620, training accuracy 0.993171
epoch 2630, training accuracy 0.993171
epoch 2640, training accuracy 0.993171
epoch 2650, training accuracy 0.993171
epoch 2660, training accuracy 0.993171
epoch 2670, training accuracy 0.993171
epoch 2680, training accuracy 0.993171
epoch 2690, training accuracy 0.993171
epoch 2700, training accuracy 0.993171
epoch 2710, training accuracy 0.993415
epoch 2720, training accuracy 0.993415
epoch 2730, training accuracy 0.993415
epoch 2740, training accuracy 0.993415
epoch 2750, training accuracy 0.993415
epoch 2760, training accuracy 0.993415
epoch 2770, training accuracy 0.993415
epoch 2780, training accuracy 0.993415
epoch 2790, training accuracy 0.993659
epoch 2800, training accuracy 0.993902
epoch 2810, training accuracy 0.993902
epoch 2820, training accuracy 0.993902
epoch 2830, training accuracy 0.993902
epoch 2840, training accuracy 0.993902
epoch 2850, training accuracy 0.993902
epoch 2860, training accuracy 0.993902
epoch 2870, training accuracy 0.993902
epoch 2880, training accuracy 0.993902
epoch 2890, training accuracy 0.994146
epoch 2900, training accuracy 0.994146
epoch 2910, training accuracy 0.994146
epoch 2920, training accuracy 0.994146
epoch 2930, training accuracy 0.994146
epoch 2940, training accuracy 0.994146
epoch 2950, training accuracy 0.994146
epoch 2960, training accuracy 0.994146
epoch 2970, training accuracy 0.994146
epoch 2980, training accuracy 0.994146
epoch 2990, training accuracy 0.994146
epoch 3000, training accuracy 0.994146
/tmp/hear_heart_validate.py loaded, containing 1068 entries, class distribution: [534 534]
correct: [515, 518]
incorrect: [3, 8]
accuracy: [0.9942084942084942, 0.9847908745247148]
unclassified: [16, 8]
total accuracy: [0.9644194756554307, 0.9700374531835206]
Sun Oct 22 20:34:10 CEST 2017 finished, res_training/eng/hear_heart
