Mon Oct 23 00:52:40 CEST 2017 create_training_files
/tmp/aus_auf
356706 lines
168277 aus
208472 auf
/tmp/aus_auf_training
285365 lines
134464 aus
166961 auf
/tmp/aus_auf_validate
71341 lines
33813 aus
41511 auf
generate /tmp/aus_auf_training.py, /tmp/aus_auf_validate.py
:compileJava UP-TO-DATE
:processResources UP-TO-DATE
:classes UP-TO-DATE
:createNGramDatabase
Reading /tmp/aus_auf_training
Tokenizing
undersampling to 135438
/tmp/aus_auf_training.pycreated
Reading /tmp/aus_auf_validate
Tokenizing
undersampling to 33959
/tmp/aus_auf_validate.pycreated

BUILD SUCCESSFUL

Total time: 43.402 secs

This build could be faster, please consider using the Gradle Daemon: https://docs.gradle.org/2.10/userguide/gradle_daemon.html
Mon Oct 23 00:53:44 CEST 2017 create_classifier
{'num_outputs': 2, 'self': <__main__.NeuralNetwork object at 0x2b7e9e9b4a58>, 'training_data_file': '/tmp/aus_auf_training.py', 'embedding_path': 'res_training/deu/embedding/final_embeddings.txt', 'num_inputs': 4, 'batch_size': 1000, 'use_flex_hidden_layer': False, 'epochs': 3000, 'dictionary_path': 'res_training/deu/embedding/dictionary.txt'}
embedding shape (52520, 64)
/tmp/aus_auf_training.py loaded, containing 270876 entries, class distribution: [135438 135438]
Steps: 810000, 270 steps in 3000 epochs
epoch 0, training accuracy 0.628280
epoch 10, training accuracy 0.805516
epoch 20, training accuracy 0.816484
epoch 30, training accuracy 0.819607
epoch 40, training accuracy 0.821612
epoch 50, training accuracy 0.822343
epoch 60, training accuracy 0.822576
epoch 70, training accuracy 0.822701
epoch 80, training accuracy 0.822816
epoch 90, training accuracy 0.822963
epoch 100, training accuracy 0.823111
epoch 110, training accuracy 0.823240
epoch 120, training accuracy 0.823277
epoch 130, training accuracy 0.823229
epoch 140, training accuracy 0.823166
epoch 150, training accuracy 0.823137
epoch 160, training accuracy 0.823092
epoch 170, training accuracy 0.823277
epoch 180, training accuracy 0.823240
epoch 190, training accuracy 0.823318
epoch 200, training accuracy 0.823340
epoch 210, training accuracy 0.823318
epoch 220, training accuracy 0.823355
epoch 230, training accuracy 0.823443
epoch 240, training accuracy 0.823484
epoch 250, training accuracy 0.823391
epoch 260, training accuracy 0.823524
epoch 270, training accuracy 0.823528
epoch 280, training accuracy 0.823506
epoch 290, training accuracy 0.823447
epoch 300, training accuracy 0.823465
epoch 310, training accuracy 0.823513
epoch 320, training accuracy 0.823447
epoch 330, training accuracy 0.823436
epoch 340, training accuracy 0.823495
epoch 350, training accuracy 0.823510
epoch 360, training accuracy 0.823488
epoch 370, training accuracy 0.823462
epoch 380, training accuracy 0.823572
epoch 390, training accuracy 0.823554
epoch 400, training accuracy 0.823484
epoch 410, training accuracy 0.823347
epoch 420, training accuracy 0.823236
epoch 430, training accuracy 0.823336
epoch 440, training accuracy 0.823329
epoch 450, training accuracy 0.823321
epoch 460, training accuracy 0.823336
epoch 470, training accuracy 0.823366
epoch 480, training accuracy 0.823288
epoch 490, training accuracy 0.823281
epoch 500, training accuracy 0.823384
epoch 510, training accuracy 0.823425
epoch 520, training accuracy 0.823344
epoch 530, training accuracy 0.823451
epoch 540, training accuracy 0.823380
epoch 550, training accuracy 0.823380
epoch 560, training accuracy 0.823406
epoch 570, training accuracy 0.823491
epoch 580, training accuracy 0.823480
epoch 590, training accuracy 0.823473
epoch 600, training accuracy 0.823380
epoch 610, training accuracy 0.823462
epoch 620, training accuracy 0.823510
epoch 630, training accuracy 0.823462
epoch 640, training accuracy 0.823458
epoch 650, training accuracy 0.823587
epoch 660, training accuracy 0.823572
epoch 670, training accuracy 0.823502
epoch 680, training accuracy 0.823303
epoch 690, training accuracy 0.823188
epoch 700, training accuracy 0.823255
epoch 710, training accuracy 0.823310
epoch 720, training accuracy 0.823347
epoch 730, training accuracy 0.823380
epoch 740, training accuracy 0.823369
epoch 750, training accuracy 0.823310
epoch 760, training accuracy 0.823299
epoch 770, training accuracy 0.823403
epoch 780, training accuracy 0.823458
epoch 790, training accuracy 0.823299
epoch 800, training accuracy 0.823473
epoch 810, training accuracy 0.823414
epoch 820, training accuracy 0.823395
epoch 830, training accuracy 0.823417
epoch 840, training accuracy 0.823480
epoch 850, training accuracy 0.823499
epoch 860, training accuracy 0.823502
epoch 870, training accuracy 0.823366
epoch 880, training accuracy 0.823451
epoch 890, training accuracy 0.823510
epoch 900, training accuracy 0.823451
epoch 910, training accuracy 0.823425
epoch 920, training accuracy 0.823572
epoch 930, training accuracy 0.823569
epoch 940, training accuracy 0.823447
epoch 950, training accuracy 0.823403
epoch 960, training accuracy 0.823266
epoch 970, training accuracy 0.823236
epoch 980, training accuracy 0.823281
epoch 990, training accuracy 0.823332
epoch 1000, training accuracy 0.823380
epoch 1010, training accuracy 0.823366
epoch 1020, training accuracy 0.823284
epoch 1030, training accuracy 0.823303
epoch 1040, training accuracy 0.823417
epoch 1050, training accuracy 0.823399
epoch 1060, training accuracy 0.823281
epoch 1070, training accuracy 0.823491
epoch 1080, training accuracy 0.823436
epoch 1090, training accuracy 0.823391
epoch 1100, training accuracy 0.823439
epoch 1110, training accuracy 0.823513
epoch 1120, training accuracy 0.823513
epoch 1130, training accuracy 0.823528
epoch 1140, training accuracy 0.823399
epoch 1150, training accuracy 0.823428
epoch 1160, training accuracy 0.823506
epoch 1170, training accuracy 0.823454
epoch 1180, training accuracy 0.823465
epoch 1190, training accuracy 0.823583
epoch 1200, training accuracy 0.823580
epoch 1210, training accuracy 0.823491
epoch 1220, training accuracy 0.823406
epoch 1230, training accuracy 0.823292
epoch 1240, training accuracy 0.823211
epoch 1250, training accuracy 0.823340
epoch 1260, training accuracy 0.823362
epoch 1270, training accuracy 0.823399
epoch 1280, training accuracy 0.823399
epoch 1290, training accuracy 0.823296
epoch 1300, training accuracy 0.823296
epoch 1310, training accuracy 0.823406
epoch 1320, training accuracy 0.823425
epoch 1330, training accuracy 0.823262
epoch 1340, training accuracy 0.823454
epoch 1350, training accuracy 0.823517
epoch 1360, training accuracy 0.823428
epoch 1370, training accuracy 0.823458
epoch 1380, training accuracy 0.823488
epoch 1390, training accuracy 0.823473
epoch 1400, training accuracy 0.823510
epoch 1410, training accuracy 0.823425
epoch 1420, training accuracy 0.823428
epoch 1430, training accuracy 0.823513
epoch 1440, training accuracy 0.823406
epoch 1450, training accuracy 0.823469
epoch 1460, training accuracy 0.823583
epoch 1470, training accuracy 0.823558
epoch 1480, training accuracy 0.823547
epoch 1490, training accuracy 0.823454
epoch 1500, training accuracy 0.823340
epoch 1510, training accuracy 0.823211
epoch 1520, training accuracy 0.823355
epoch 1530, training accuracy 0.823347
epoch 1540, training accuracy 0.823391
epoch 1550, training accuracy 0.823406
epoch 1560, training accuracy 0.823307
epoch 1570, training accuracy 0.823314
epoch 1580, training accuracy 0.823421
epoch 1590, training accuracy 0.823428
epoch 1600, training accuracy 0.823303
epoch 1610, training accuracy 0.823458
epoch 1620, training accuracy 0.823543
epoch 1630, training accuracy 0.823410
epoch 1640, training accuracy 0.823499
epoch 1650, training accuracy 0.823521
epoch 1660, training accuracy 0.823469
epoch 1670, training accuracy 0.823502
epoch 1680, training accuracy 0.823473
epoch 1690, training accuracy 0.823476
epoch 1700, training accuracy 0.823532
epoch 1710, training accuracy 0.823384
epoch 1720, training accuracy 0.823495
epoch 1730, training accuracy 0.823554
epoch 1740, training accuracy 0.823576
epoch 1750, training accuracy 0.823499
epoch 1760, training accuracy 0.823451
epoch 1770, training accuracy 0.823318
epoch 1780, training accuracy 0.823211
epoch 1790, training accuracy 0.823366
epoch 1800, training accuracy 0.823369
epoch 1810, training accuracy 0.823380
epoch 1820, training accuracy 0.823417
epoch 1830, training accuracy 0.823273
epoch 1840, training accuracy 0.823321
epoch 1850, training accuracy 0.823421
epoch 1860, training accuracy 0.823458
epoch 1870, training accuracy 0.823347
epoch 1880, training accuracy 0.823451
epoch 1890, training accuracy 0.823565
epoch 1900, training accuracy 0.823428
epoch 1910, training accuracy 0.823476
epoch 1920, training accuracy 0.823532
epoch 1930, training accuracy 0.823480
epoch 1940, training accuracy 0.823484
epoch 1950, training accuracy 0.823480
epoch 1960, training accuracy 0.823469
epoch 1970, training accuracy 0.823536
epoch 1980, training accuracy 0.823436
epoch 1990, training accuracy 0.823488
epoch 2000, training accuracy 0.823524
epoch 2010, training accuracy 0.823539
epoch 2020, training accuracy 0.823513
epoch 2030, training accuracy 0.823465
epoch 2040, training accuracy 0.823332
epoch 2050, training accuracy 0.823229
epoch 2060, training accuracy 0.823425
epoch 2070, training accuracy 0.823377
epoch 2080, training accuracy 0.823373
epoch 2090, training accuracy 0.823421
epoch 2100, training accuracy 0.823329
epoch 2110, training accuracy 0.823336
epoch 2120, training accuracy 0.823436
epoch 2130, training accuracy 0.823491
epoch 2140, training accuracy 0.823369
epoch 2150, training accuracy 0.823443
epoch 2160, training accuracy 0.823554
epoch 2170, training accuracy 0.823428
epoch 2180, training accuracy 0.823473
epoch 2190, training accuracy 0.823536
epoch 2200, training accuracy 0.823495
epoch 2210, training accuracy 0.823491
epoch 2220, training accuracy 0.823473
epoch 2230, training accuracy 0.823462
epoch 2240, training accuracy 0.823543
epoch 2250, training accuracy 0.823473
epoch 2260, training accuracy 0.823480
epoch 2270, training accuracy 0.823510
epoch 2280, training accuracy 0.823561
epoch 2290, training accuracy 0.823528
epoch 2300, training accuracy 0.823499
epoch 2310, training accuracy 0.823344
epoch 2320, training accuracy 0.823222
epoch 2330, training accuracy 0.823369
epoch 2340, training accuracy 0.823406
epoch 2350, training accuracy 0.823399
epoch 2360, training accuracy 0.823443
epoch 2370, training accuracy 0.823410
epoch 2380, training accuracy 0.823332
epoch 2390, training accuracy 0.823439
epoch 2400, training accuracy 0.823462
epoch 2410, training accuracy 0.823395
epoch 2420, training accuracy 0.823377
epoch 2430, training accuracy 0.823547
epoch 2440, training accuracy 0.823521
epoch 2450, training accuracy 0.823495
epoch 2460, training accuracy 0.823532
epoch 2470, training accuracy 0.823506
epoch 2480, training accuracy 0.823506
epoch 2490, training accuracy 0.823499
epoch 2500, training accuracy 0.823462
epoch 2510, training accuracy 0.823528
epoch 2520, training accuracy 0.823517
epoch 2530, training accuracy 0.823499
epoch 2540, training accuracy 0.823458
epoch 2550, training accuracy 0.823554
epoch 2560, training accuracy 0.823539
epoch 2570, training accuracy 0.823532
epoch 2580, training accuracy 0.823325
epoch 2590, training accuracy 0.823233
epoch 2600, training accuracy 0.823406
epoch 2610, training accuracy 0.823395
epoch 2620, training accuracy 0.823391
epoch 2630, training accuracy 0.823399
epoch 2640, training accuracy 0.823447
epoch 2650, training accuracy 0.823314
epoch 2660, training accuracy 0.823403
epoch 2670, training accuracy 0.823462
epoch 2680, training accuracy 0.823388
epoch 2690, training accuracy 0.823391
epoch 2700, training accuracy 0.823539
epoch 2710, training accuracy 0.823524
epoch 2720, training accuracy 0.823488
epoch 2730, training accuracy 0.823488
epoch 2740, training accuracy 0.823528
epoch 2750, training accuracy 0.823510
epoch 2760, training accuracy 0.823473
epoch 2770, training accuracy 0.823491
epoch 2780, training accuracy 0.823521
epoch 2790, training accuracy 0.823524
epoch 2800, training accuracy 0.823491
epoch 2810, training accuracy 0.823495
epoch 2820, training accuracy 0.823598
epoch 2830, training accuracy 0.823539
epoch 2840, training accuracy 0.823539
epoch 2850, training accuracy 0.823399
epoch 2860, training accuracy 0.823229
epoch 2870, training accuracy 0.823325
epoch 2880, training accuracy 0.823414
epoch 2890, training accuracy 0.823391
epoch 2900, training accuracy 0.823358
epoch 2910, training accuracy 0.823414
epoch 2920, training accuracy 0.823281
epoch 2930, training accuracy 0.823296
epoch 2940, training accuracy 0.823436
epoch 2950, training accuracy 0.823436
epoch 2960, training accuracy 0.823425
epoch 2970, training accuracy 0.823528
epoch 2980, training accuracy 0.823510
epoch 2990, training accuracy 0.823484
epoch 3000, training accuracy 0.823532
/tmp/aus_auf_validate.py loaded, containing 67918 entries, class distribution: [33959 33959]
correct: [18795, 20003]
incorrect: [1180, 2148]
accuracy: [0.9409261576971214, 0.9030292086136066]
unclassified: [13984, 11808]
total accuracy: [0.5534615271356635, 0.5890338349185783]
Mon Oct 23 01:47:52 CEST 2017 finished, res_training/deu/aus_auf
