Sun Oct 22 22:30:08 CEST 2017 create_training_files
/tmp/on_one
252375 lines
200940 on
65467 one
/tmp/on_one_training
201900 lines
160685 on
52435 one
/tmp/on_one_validate
50475 lines
40255 on
13032 one
generate /tmp/on_one_training.py, /tmp/on_one_validate.py
:compileJava UP-TO-DATE
:processResources UP-TO-DATE
:classes UP-TO-DATE
:createNGramDatabase
Reading /tmp/on_one_training
Tokenizing
undersampling to 45365
/tmp/on_one_training.pycreated
Reading /tmp/on_one_validate
Tokenizing
undersampling to 11184
/tmp/on_one_validate.pycreated

BUILD SUCCESSFUL

Total time: 29.075 secs

This build could be faster, please consider using the Gradle Daemon: https://docs.gradle.org/2.10/userguide/gradle_daemon.html
Sun Oct 22 22:30:58 CEST 2017 create_classifier
{'self': <__main__.NeuralNetwork object at 0x2b58aa664a58>, 'num_outputs': 2, 'batch_size': 1000, 'training_data_file': '/tmp/on_one_training.py', 'num_inputs': 4, 'use_flex_hidden_layer': False, 'dictionary_path': 'res_training/eng/embedding/dictionary.txt', 'embedding_path': 'res_training/eng/embedding/final_embeddings.txt', 'epochs': 3000}
embedding shape (42122, 64)
/tmp/on_one_training.py loaded, containing 90730 entries, class distribution: [45365 45365]
Steps: 270000, 90 steps in 3000 epochs
epoch 0, training accuracy 0.641144
epoch 10, training accuracy 0.889728
epoch 20, training accuracy 0.920820
epoch 30, training accuracy 0.933297
epoch 40, training accuracy 0.939921
epoch 50, training accuracy 0.943966
epoch 60, training accuracy 0.946446
epoch 70, training accuracy 0.949091
epoch 80, training accuracy 0.950413
epoch 90, training accuracy 0.951262
epoch 100, training accuracy 0.951835
epoch 110, training accuracy 0.952397
epoch 120, training accuracy 0.952860
epoch 130, training accuracy 0.953378
epoch 140, training accuracy 0.953819
epoch 150, training accuracy 0.954216
epoch 160, training accuracy 0.954238
epoch 170, training accuracy 0.954447
epoch 180, training accuracy 0.954513
epoch 190, training accuracy 0.954723
epoch 200, training accuracy 0.954734
epoch 210, training accuracy 0.954756
epoch 220, training accuracy 0.954811
epoch 230, training accuracy 0.954866
epoch 240, training accuracy 0.954910
epoch 250, training accuracy 0.954877
epoch 260, training accuracy 0.954910
epoch 270, training accuracy 0.954932
epoch 280, training accuracy 0.955031
epoch 290, training accuracy 0.954987
epoch 300, training accuracy 0.955020
epoch 310, training accuracy 0.955064
epoch 320, training accuracy 0.955120
epoch 330, training accuracy 0.955197
epoch 340, training accuracy 0.955153
epoch 350, training accuracy 0.955053
epoch 360, training accuracy 0.955153
epoch 370, training accuracy 0.955131
epoch 380, training accuracy 0.955197
epoch 390, training accuracy 0.955175
epoch 400, training accuracy 0.955186
epoch 410, training accuracy 0.955197
epoch 420, training accuracy 0.955153
epoch 430, training accuracy 0.955153
epoch 440, training accuracy 0.955263
epoch 450, training accuracy 0.955263
epoch 460, training accuracy 0.955241
epoch 470, training accuracy 0.955208
epoch 480, training accuracy 0.955164
epoch 490, training accuracy 0.955131
epoch 500, training accuracy 0.955164
epoch 510, training accuracy 0.955153
epoch 520, training accuracy 0.955197
epoch 530, training accuracy 0.955164
epoch 540, training accuracy 0.955164
epoch 550, training accuracy 0.955175
epoch 560, training accuracy 0.955120
epoch 570, training accuracy 0.955109
epoch 580, training accuracy 0.955120
epoch 590, training accuracy 0.955131
epoch 600, training accuracy 0.955164
epoch 610, training accuracy 0.955252
epoch 620, training accuracy 0.955109
epoch 630, training accuracy 0.955131
epoch 640, training accuracy 0.955164
epoch 650, training accuracy 0.955098
epoch 660, training accuracy 0.955087
epoch 670, training accuracy 0.955098
epoch 680, training accuracy 0.955076
epoch 690, training accuracy 0.955230
epoch 700, training accuracy 0.955296
epoch 710, training accuracy 0.955142
epoch 720, training accuracy 0.955109
epoch 730, training accuracy 0.955197
epoch 740, training accuracy 0.955076
epoch 750, training accuracy 0.955053
epoch 760, training accuracy 0.955087
epoch 770, training accuracy 0.955031
epoch 780, training accuracy 0.955197
epoch 790, training accuracy 0.955252
epoch 800, training accuracy 0.955153
epoch 810, training accuracy 0.955087
epoch 820, training accuracy 0.955186
epoch 830, training accuracy 0.955053
epoch 840, training accuracy 0.955009
epoch 850, training accuracy 0.955064
epoch 860, training accuracy 0.955031
epoch 870, training accuracy 0.955208
epoch 880, training accuracy 0.955296
epoch 890, training accuracy 0.955186
epoch 900, training accuracy 0.955153
epoch 910, training accuracy 0.955164
epoch 920, training accuracy 0.955153
epoch 930, training accuracy 0.955120
epoch 940, training accuracy 0.955098
epoch 950, training accuracy 0.955109
epoch 960, training accuracy 0.955197
epoch 970, training accuracy 0.955307
epoch 980, training accuracy 0.955208
epoch 990, training accuracy 0.955208
epoch 1000, training accuracy 0.955230
epoch 1010, training accuracy 0.955219
epoch 1020, training accuracy 0.955186
epoch 1030, training accuracy 0.955197
epoch 1040, training accuracy 0.955186
epoch 1050, training accuracy 0.955208
epoch 1060, training accuracy 0.955285
epoch 1070, training accuracy 0.955219
epoch 1080, training accuracy 0.955274
epoch 1090, training accuracy 0.955296
epoch 1100, training accuracy 0.955296
epoch 1110, training accuracy 0.955252
epoch 1120, training accuracy 0.955230
epoch 1130, training accuracy 0.955197
epoch 1140, training accuracy 0.955285
epoch 1150, training accuracy 0.955296
epoch 1160, training accuracy 0.955307
epoch 1170, training accuracy 0.955263
epoch 1180, training accuracy 0.955307
epoch 1190, training accuracy 0.955340
epoch 1200, training accuracy 0.955285
epoch 1210, training accuracy 0.955274
epoch 1220, training accuracy 0.955252
epoch 1230, training accuracy 0.955219
epoch 1240, training accuracy 0.955318
epoch 1250, training accuracy 0.955340
epoch 1260, training accuracy 0.955296
epoch 1270, training accuracy 0.955318
epoch 1280, training accuracy 0.955373
epoch 1290, training accuracy 0.955263
epoch 1300, training accuracy 0.955263
epoch 1310, training accuracy 0.955252
epoch 1320, training accuracy 0.955230
epoch 1330, training accuracy 0.955373
epoch 1340, training accuracy 0.955384
epoch 1350, training accuracy 0.955329
epoch 1360, training accuracy 0.955285
epoch 1370, training accuracy 0.955362
epoch 1380, training accuracy 0.955274
epoch 1390, training accuracy 0.955263
epoch 1400, training accuracy 0.955252
epoch 1410, training accuracy 0.955208
epoch 1420, training accuracy 0.955417
epoch 1430, training accuracy 0.955406
epoch 1440, training accuracy 0.955340
epoch 1450, training accuracy 0.955307
epoch 1460, training accuracy 0.955373
epoch 1470, training accuracy 0.955307
epoch 1480, training accuracy 0.955285
epoch 1490, training accuracy 0.955263
epoch 1500, training accuracy 0.955285
epoch 1510, training accuracy 0.955428
epoch 1520, training accuracy 0.955439
epoch 1530, training accuracy 0.955285
epoch 1540, training accuracy 0.955362
epoch 1550, training accuracy 0.955395
epoch 1560, training accuracy 0.955318
epoch 1570, training accuracy 0.955296
epoch 1580, training accuracy 0.955252
epoch 1590, training accuracy 0.955252
epoch 1600, training accuracy 0.955406
epoch 1610, training accuracy 0.955472
epoch 1620, training accuracy 0.955318
epoch 1630, training accuracy 0.955384
epoch 1640, training accuracy 0.955417
epoch 1650, training accuracy 0.955395
epoch 1660, training accuracy 0.955318
epoch 1670, training accuracy 0.955285
epoch 1680, training accuracy 0.955329
epoch 1690, training accuracy 0.955395
epoch 1700, training accuracy 0.955472
epoch 1710, training accuracy 0.955340
epoch 1720, training accuracy 0.955329
epoch 1730, training accuracy 0.955406
epoch 1740, training accuracy 0.955340
epoch 1750, training accuracy 0.955362
epoch 1760, training accuracy 0.955340
epoch 1770, training accuracy 0.955373
epoch 1780, training accuracy 0.955395
epoch 1790, training accuracy 0.955472
epoch 1800, training accuracy 0.955373
epoch 1810, training accuracy 0.955351
epoch 1820, training accuracy 0.955439
epoch 1830, training accuracy 0.955395
epoch 1840, training accuracy 0.955395
epoch 1850, training accuracy 0.955384
epoch 1860, training accuracy 0.955384
epoch 1870, training accuracy 0.955395
epoch 1880, training accuracy 0.955439
epoch 1890, training accuracy 0.955373
epoch 1900, training accuracy 0.955406
epoch 1910, training accuracy 0.955439
epoch 1920, training accuracy 0.955428
epoch 1930, training accuracy 0.955406
epoch 1940, training accuracy 0.955428
epoch 1950, training accuracy 0.955417
epoch 1960, training accuracy 0.955439
epoch 1970, training accuracy 0.955417
epoch 1980, training accuracy 0.955384
epoch 1990, training accuracy 0.955450
epoch 2000, training accuracy 0.955483
epoch 2010, training accuracy 0.955472
epoch 2020, training accuracy 0.955417
epoch 2030, training accuracy 0.955472
epoch 2040, training accuracy 0.955450
epoch 2050, training accuracy 0.955461
epoch 2060, training accuracy 0.955395
epoch 2070, training accuracy 0.955384
epoch 2080, training accuracy 0.955472
epoch 2090, training accuracy 0.955527
epoch 2100, training accuracy 0.955505
epoch 2110, training accuracy 0.955494
epoch 2120, training accuracy 0.955461
epoch 2130, training accuracy 0.955494
epoch 2140, training accuracy 0.955439
epoch 2150, training accuracy 0.955417
epoch 2160, training accuracy 0.955373
epoch 2170, training accuracy 0.955461
epoch 2180, training accuracy 0.955472
epoch 2190, training accuracy 0.955461
epoch 2200, training accuracy 0.955472
epoch 2210, training accuracy 0.955516
epoch 2220, training accuracy 0.955538
epoch 2230, training accuracy 0.955483
epoch 2240, training accuracy 0.955417
epoch 2250, training accuracy 0.955417
epoch 2260, training accuracy 0.955450
epoch 2270, training accuracy 0.955439
epoch 2280, training accuracy 0.955483
epoch 2290, training accuracy 0.955516
epoch 2300, training accuracy 0.955505
epoch 2310, training accuracy 0.955527
epoch 2320, training accuracy 0.955494
epoch 2330, training accuracy 0.955428
epoch 2340, training accuracy 0.955417
epoch 2350, training accuracy 0.955450
epoch 2360, training accuracy 0.955472
epoch 2370, training accuracy 0.955483
epoch 2380, training accuracy 0.955527
epoch 2390, training accuracy 0.955527
epoch 2400, training accuracy 0.955505
epoch 2410, training accuracy 0.955516
epoch 2420, training accuracy 0.955439
epoch 2430, training accuracy 0.955428
epoch 2440, training accuracy 0.955461
epoch 2450, training accuracy 0.955472
epoch 2460, training accuracy 0.955494
epoch 2470, training accuracy 0.955538
epoch 2480, training accuracy 0.955527
epoch 2490, training accuracy 0.955527
epoch 2500, training accuracy 0.955527
epoch 2510, training accuracy 0.955461
epoch 2520, training accuracy 0.955428
epoch 2530, training accuracy 0.955450
epoch 2540, training accuracy 0.955483
epoch 2550, training accuracy 0.955505
epoch 2560, training accuracy 0.955516
epoch 2570, training accuracy 0.955527
epoch 2580, training accuracy 0.955538
epoch 2590, training accuracy 0.955527
epoch 2600, training accuracy 0.955450
epoch 2610, training accuracy 0.955428
epoch 2620, training accuracy 0.955461
epoch 2630, training accuracy 0.955505
epoch 2640, training accuracy 0.955538
epoch 2650, training accuracy 0.955538
epoch 2660, training accuracy 0.955571
epoch 2670, training accuracy 0.955527
epoch 2680, training accuracy 0.955538
epoch 2690, training accuracy 0.955461
epoch 2700, training accuracy 0.955461
epoch 2710, training accuracy 0.955483
epoch 2720, training accuracy 0.955494
epoch 2730, training accuracy 0.955527
epoch 2740, training accuracy 0.955527
epoch 2750, training accuracy 0.955594
epoch 2760, training accuracy 0.955571
epoch 2770, training accuracy 0.955582
epoch 2780, training accuracy 0.955505
epoch 2790, training accuracy 0.955472
epoch 2800, training accuracy 0.955428
epoch 2810, training accuracy 0.955516
epoch 2820, training accuracy 0.955549
epoch 2830, training accuracy 0.955527
epoch 2840, training accuracy 0.955560
epoch 2850, training accuracy 0.955605
epoch 2860, training accuracy 0.955571
epoch 2870, training accuracy 0.955527
epoch 2880, training accuracy 0.955527
epoch 2890, training accuracy 0.955428
epoch 2900, training accuracy 0.955527
epoch 2910, training accuracy 0.955571
epoch 2920, training accuracy 0.955538
epoch 2930, training accuracy 0.955582
epoch 2940, training accuracy 0.955605
epoch 2950, training accuracy 0.955560
epoch 2960, training accuracy 0.955549
epoch 2970, training accuracy 0.955560
epoch 2980, training accuracy 0.955494
epoch 2990, training accuracy 0.955538
epoch 3000, training accuracy 0.955549
/tmp/on_one_validate.py loaded, containing 22368 entries, class distribution: [11184 11184]
correct: [10216, 10170]
incorrect: [316, 268]
accuracy: [0.9699962020508925, 0.9743245832534968]
unclassified: [652, 746]
total accuracy: [0.913447782546495, 0.9093347639484979]
Sun Oct 22 22:47:53 CEST 2017 finished, res_training/eng/on_one
