Sun Oct 22 19:26:24 CEST 2017 create_training_files
/tmp/caught_court
11772 lines
2466 caught
9317 court
/tmp/caught_court_training
9418 lines
1952 caught
7475 court
/tmp/caught_court_validate
2354 lines
514 caught
1842 court
generate /tmp/caught_court_training.py, /tmp/caught_court_validate.py
:compileJava UP-TO-DATE
:processResources UP-TO-DATE
:classes UP-TO-DATE
:createNGramDatabase
Reading /tmp/caught_court_training
Tokenizing
undersampling to 1975
/tmp/caught_court_training.pycreated
Reading /tmp/caught_court_validate
Tokenizing
undersampling to 521
/tmp/caught_court_validate.pycreated

BUILD SUCCESSFUL

Total time: 6.109 secs

This build could be faster, please consider using the Gradle Daemon: https://docs.gradle.org/2.10/userguide/gradle_daemon.html
Sun Oct 22 19:26:35 CEST 2017 create_classifier
{'epochs': 3000, 'batch_size': 1000, 'self': <__main__.NeuralNetwork object at 0x2b5fa4540a58>, 'embedding_path': 'res_training/eng/embedding/final_embeddings.txt', 'dictionary_path': 'res_training/eng/embedding/dictionary.txt', 'num_inputs': 4, 'num_outputs': 2, 'training_data_file': '/tmp/caught_court_training.py', 'use_flex_hidden_layer': False}
embedding shape (42122, 64)
/tmp/caught_court_training.py loaded, containing 3950 entries, class distribution: [1975 1975]
Steps: 9000, 3 steps in 3000 epochs
epoch 0, training accuracy 0.522785
epoch 10, training accuracy 0.570380
epoch 20, training accuracy 0.615949
epoch 30, training accuracy 0.653165
epoch 40, training accuracy 0.685316
epoch 50, training accuracy 0.719747
epoch 60, training accuracy 0.747595
epoch 70, training accuracy 0.768354
epoch 80, training accuracy 0.788861
epoch 90, training accuracy 0.806835
epoch 100, training accuracy 0.822278
epoch 110, training accuracy 0.835696
epoch 120, training accuracy 0.847342
epoch 130, training accuracy 0.858228
epoch 140, training accuracy 0.866329
epoch 150, training accuracy 0.873418
epoch 160, training accuracy 0.880000
epoch 170, training accuracy 0.883797
epoch 180, training accuracy 0.887342
epoch 190, training accuracy 0.891392
epoch 200, training accuracy 0.893418
epoch 210, training accuracy 0.897722
epoch 220, training accuracy 0.902785
epoch 230, training accuracy 0.908354
epoch 240, training accuracy 0.911139
epoch 250, training accuracy 0.915190
epoch 260, training accuracy 0.918987
epoch 270, training accuracy 0.922278
epoch 280, training accuracy 0.924051
epoch 290, training accuracy 0.926329
epoch 300, training accuracy 0.929873
epoch 310, training accuracy 0.930380
epoch 320, training accuracy 0.932658
epoch 330, training accuracy 0.935190
epoch 340, training accuracy 0.936709
epoch 350, training accuracy 0.937975
epoch 360, training accuracy 0.939747
epoch 370, training accuracy 0.941266
epoch 380, training accuracy 0.941266
epoch 390, training accuracy 0.942785
epoch 400, training accuracy 0.943797
epoch 410, training accuracy 0.945570
epoch 420, training accuracy 0.947342
epoch 430, training accuracy 0.948101
epoch 440, training accuracy 0.948608
epoch 450, training accuracy 0.949367
epoch 460, training accuracy 0.950633
epoch 470, training accuracy 0.951139
epoch 480, training accuracy 0.951646
epoch 490, training accuracy 0.951899
epoch 500, training accuracy 0.952658
epoch 510, training accuracy 0.952911
epoch 520, training accuracy 0.953924
epoch 530, training accuracy 0.954684
epoch 540, training accuracy 0.955696
epoch 550, training accuracy 0.956203
epoch 560, training accuracy 0.956709
epoch 570, training accuracy 0.957215
epoch 580, training accuracy 0.957468
epoch 590, training accuracy 0.957722
epoch 600, training accuracy 0.957975
epoch 610, training accuracy 0.958987
epoch 620, training accuracy 0.959240
epoch 630, training accuracy 0.959240
epoch 640, training accuracy 0.959494
epoch 650, training accuracy 0.960000
epoch 660, training accuracy 0.960506
epoch 670, training accuracy 0.960760
epoch 680, training accuracy 0.960760
epoch 690, training accuracy 0.961013
epoch 700, training accuracy 0.961519
epoch 710, training accuracy 0.961519
epoch 720, training accuracy 0.961772
epoch 730, training accuracy 0.962025
epoch 740, training accuracy 0.962532
epoch 750, training accuracy 0.962785
epoch 760, training accuracy 0.963038
epoch 770, training accuracy 0.963291
epoch 780, training accuracy 0.963291
epoch 790, training accuracy 0.964051
epoch 800, training accuracy 0.964051
epoch 810, training accuracy 0.964304
epoch 820, training accuracy 0.964304
epoch 830, training accuracy 0.964304
epoch 840, training accuracy 0.964810
epoch 850, training accuracy 0.965316
epoch 860, training accuracy 0.965570
epoch 870, training accuracy 0.965823
epoch 880, training accuracy 0.965823
epoch 890, training accuracy 0.966329
epoch 900, training accuracy 0.966835
epoch 910, training accuracy 0.967089
epoch 920, training accuracy 0.967342
epoch 930, training accuracy 0.967595
epoch 940, training accuracy 0.967848
epoch 950, training accuracy 0.968354
epoch 960, training accuracy 0.968608
epoch 970, training accuracy 0.968608
epoch 980, training accuracy 0.968861
epoch 990, training accuracy 0.969114
epoch 1000, training accuracy 0.970127
epoch 1010, training accuracy 0.970127
epoch 1020, training accuracy 0.970127
epoch 1030, training accuracy 0.970380
epoch 1040, training accuracy 0.970633
epoch 1050, training accuracy 0.970886
epoch 1060, training accuracy 0.971139
epoch 1070, training accuracy 0.971139
epoch 1080, training accuracy 0.971392
epoch 1090, training accuracy 0.971392
epoch 1100, training accuracy 0.971899
epoch 1110, training accuracy 0.971899
epoch 1120, training accuracy 0.972152
epoch 1130, training accuracy 0.972152
epoch 1140, training accuracy 0.972405
epoch 1150, training accuracy 0.972658
epoch 1160, training accuracy 0.972911
epoch 1170, training accuracy 0.973165
epoch 1180, training accuracy 0.973418
epoch 1190, training accuracy 0.973418
epoch 1200, training accuracy 0.973671
epoch 1210, training accuracy 0.974177
epoch 1220, training accuracy 0.974430
epoch 1230, training accuracy 0.974684
epoch 1240, training accuracy 0.974937
epoch 1250, training accuracy 0.975190
epoch 1260, training accuracy 0.975696
epoch 1270, training accuracy 0.975696
epoch 1280, training accuracy 0.975949
epoch 1290, training accuracy 0.976203
epoch 1300, training accuracy 0.976456
epoch 1310, training accuracy 0.976456
epoch 1320, training accuracy 0.976456
epoch 1330, training accuracy 0.976456
epoch 1340, training accuracy 0.976456
epoch 1350, training accuracy 0.976456
epoch 1360, training accuracy 0.976456
epoch 1370, training accuracy 0.976456
epoch 1380, training accuracy 0.976456
epoch 1390, training accuracy 0.976709
epoch 1400, training accuracy 0.976709
epoch 1410, training accuracy 0.976962
epoch 1420, training accuracy 0.976962
epoch 1430, training accuracy 0.976962
epoch 1440, training accuracy 0.977468
epoch 1450, training accuracy 0.977722
epoch 1460, training accuracy 0.977722
epoch 1470, training accuracy 0.977722
epoch 1480, training accuracy 0.977975
epoch 1490, training accuracy 0.977975
epoch 1500, training accuracy 0.977975
epoch 1510, training accuracy 0.977975
epoch 1520, training accuracy 0.977975
epoch 1530, training accuracy 0.977975
epoch 1540, training accuracy 0.977975
epoch 1550, training accuracy 0.978734
epoch 1560, training accuracy 0.978481
epoch 1570, training accuracy 0.978481
epoch 1580, training accuracy 0.978481
epoch 1590, training accuracy 0.978734
epoch 1600, training accuracy 0.979240
epoch 1610, training accuracy 0.979747
epoch 1620, training accuracy 0.979747
epoch 1630, training accuracy 0.979747
epoch 1640, training accuracy 0.979747
epoch 1650, training accuracy 0.979747
epoch 1660, training accuracy 0.979494
epoch 1670, training accuracy 0.979494
epoch 1680, training accuracy 0.979494
epoch 1690, training accuracy 0.979747
epoch 1700, training accuracy 0.980253
epoch 1710, training accuracy 0.980760
epoch 1720, training accuracy 0.980760
epoch 1730, training accuracy 0.981013
epoch 1740, training accuracy 0.981013
epoch 1750, training accuracy 0.981013
epoch 1760, training accuracy 0.981013
epoch 1770, training accuracy 0.981013
epoch 1780, training accuracy 0.981266
epoch 1790, training accuracy 0.981266
epoch 1800, training accuracy 0.981266
epoch 1810, training accuracy 0.981266
epoch 1820, training accuracy 0.981519
epoch 1830, training accuracy 0.981519
epoch 1840, training accuracy 0.981519
epoch 1850, training accuracy 0.981519
epoch 1860, training accuracy 0.981519
epoch 1870, training accuracy 0.981519
epoch 1880, training accuracy 0.982025
epoch 1890, training accuracy 0.982025
epoch 1900, training accuracy 0.982025
epoch 1910, training accuracy 0.982278
epoch 1920, training accuracy 0.982278
epoch 1930, training accuracy 0.982532
epoch 1940, training accuracy 0.982532
epoch 1950, training accuracy 0.982532
epoch 1960, training accuracy 0.982532
epoch 1970, training accuracy 0.982532
epoch 1980, training accuracy 0.982785
epoch 1990, training accuracy 0.982785
epoch 2000, training accuracy 0.982785
epoch 2010, training accuracy 0.983038
epoch 2020, training accuracy 0.983544
epoch 2030, training accuracy 0.983544
epoch 2040, training accuracy 0.983544
epoch 2050, training accuracy 0.983797
epoch 2060, training accuracy 0.983797
epoch 2070, training accuracy 0.983797
epoch 2080, training accuracy 0.983544
epoch 2090, training accuracy 0.983797
epoch 2100, training accuracy 0.983797
epoch 2110, training accuracy 0.983797
epoch 2120, training accuracy 0.983797
epoch 2130, training accuracy 0.983797
epoch 2140, training accuracy 0.983797
epoch 2150, training accuracy 0.984051
epoch 2160, training accuracy 0.984051
epoch 2170, training accuracy 0.984051
epoch 2180, training accuracy 0.984051
epoch 2190, training accuracy 0.984051
epoch 2200, training accuracy 0.984051
epoch 2210, training accuracy 0.984051
epoch 2220, training accuracy 0.984304
epoch 2230, training accuracy 0.984304
epoch 2240, training accuracy 0.984304
epoch 2250, training accuracy 0.984304
epoch 2260, training accuracy 0.984557
epoch 2270, training accuracy 0.984557
epoch 2280, training accuracy 0.984557
epoch 2290, training accuracy 0.984557
epoch 2300, training accuracy 0.984304
epoch 2310, training accuracy 0.984304
epoch 2320, training accuracy 0.984304
epoch 2330, training accuracy 0.984557
epoch 2340, training accuracy 0.984810
epoch 2350, training accuracy 0.984810
epoch 2360, training accuracy 0.984810
epoch 2370, training accuracy 0.984810
epoch 2380, training accuracy 0.984810
epoch 2390, training accuracy 0.984810
epoch 2400, training accuracy 0.984810
epoch 2410, training accuracy 0.984810
epoch 2420, training accuracy 0.984810
epoch 2430, training accuracy 0.984810
epoch 2440, training accuracy 0.984810
epoch 2450, training accuracy 0.984810
epoch 2460, training accuracy 0.984810
epoch 2470, training accuracy 0.985063
epoch 2480, training accuracy 0.985063
epoch 2490, training accuracy 0.985063
epoch 2500, training accuracy 0.985316
epoch 2510, training accuracy 0.985316
epoch 2520, training accuracy 0.985316
epoch 2530, training accuracy 0.985570
epoch 2540, training accuracy 0.985570
epoch 2550, training accuracy 0.985570
epoch 2560, training accuracy 0.985823
epoch 2570, training accuracy 0.985823
epoch 2580, training accuracy 0.986076
epoch 2590, training accuracy 0.986329
epoch 2600, training accuracy 0.986076
epoch 2610, training accuracy 0.986329
epoch 2620, training accuracy 0.986329
epoch 2630, training accuracy 0.986582
epoch 2640, training accuracy 0.986835
epoch 2650, training accuracy 0.986835
epoch 2660, training accuracy 0.986835
epoch 2670, training accuracy 0.986835
epoch 2680, training accuracy 0.986835
epoch 2690, training accuracy 0.986835
epoch 2700, training accuracy 0.987089
epoch 2710, training accuracy 0.987089
epoch 2720, training accuracy 0.987089
epoch 2730, training accuracy 0.987089
epoch 2740, training accuracy 0.987089
epoch 2750, training accuracy 0.987089
epoch 2760, training accuracy 0.987089
epoch 2770, training accuracy 0.987089
epoch 2780, training accuracy 0.987089
epoch 2790, training accuracy 0.987089
epoch 2800, training accuracy 0.987848
epoch 2810, training accuracy 0.987848
epoch 2820, training accuracy 0.987848
epoch 2830, training accuracy 0.987848
epoch 2840, training accuracy 0.987848
epoch 2850, training accuracy 0.988101
epoch 2860, training accuracy 0.988101
epoch 2870, training accuracy 0.988101
epoch 2880, training accuracy 0.988101
epoch 2890, training accuracy 0.988101
epoch 2900, training accuracy 0.988354
epoch 2910, training accuracy 0.988354
epoch 2920, training accuracy 0.988354
epoch 2930, training accuracy 0.988354
epoch 2940, training accuracy 0.988354
epoch 2950, training accuracy 0.988354
epoch 2960, training accuracy 0.988354
epoch 2970, training accuracy 0.988354
epoch 2980, training accuracy 0.988354
epoch 2990, training accuracy 0.988354
epoch 3000, training accuracy 0.988354
/tmp/caught_court_validate.py loaded, containing 1042 entries, class distribution: [521 521]
correct: [492, 500]
incorrect: [7, 5]
accuracy: [0.9859719438877755, 0.9900990099009901]
unclassified: [22, 16]
total accuracy: [0.944337811900192, 0.9596928982725528]
Sun Oct 22 19:27:21 CEST 2017 finished, res_training/eng/caught_court
