Sun Oct 22 23:51:25 CEST 2017 create_training_files
/tmp/war_was
153989 lines
110845 war
45553 was
/tmp/war_was_training
123192 lines
88742 war
36362 was
/tmp/war_was_validate
30797 lines
22103 war
9191 was
generate /tmp/war_was_training.py, /tmp/war_was_validate.py
:compileJava UP-TO-DATE
:processResources UP-TO-DATE
:classes UP-TO-DATE
:createNGramDatabase
Reading /tmp/war_was_training
Tokenizing
undersampling to 37374
/tmp/war_was_training.pycreated
Reading /tmp/war_was_validate
Tokenizing
undersampling to 9468
/tmp/war_was_validate.pycreated

BUILD SUCCESSFUL

Total time: 17.441 secs

This build could be faster, please consider using the Gradle Daemon: https://docs.gradle.org/2.10/userguide/gradle_daemon.html
Sun Oct 22 23:51:53 CEST 2017 create_classifier
{'embedding_path': 'res_training/deu/embedding/final_embeddings.txt', 'use_flex_hidden_layer': False, 'epochs': 3000, 'self': <__main__.NeuralNetwork object at 0x2b737b970a58>, 'num_outputs': 2, 'num_inputs': 4, 'training_data_file': '/tmp/war_was_training.py', 'batch_size': 1000, 'dictionary_path': 'res_training/deu/embedding/dictionary.txt'}
embedding shape (52520, 64)
/tmp/war_was_training.py loaded, containing 74748 entries, class distribution: [37374 37374]
Steps: 222000, 74 steps in 3000 epochs
epoch 0, training accuracy 0.483852
epoch 10, training accuracy 0.855581
epoch 20, training accuracy 0.894873
epoch 30, training accuracy 0.906807
epoch 40, training accuracy 0.913282
epoch 50, training accuracy 0.917402
epoch 60, training accuracy 0.921724
epoch 70, training accuracy 0.924734
epoch 80, training accuracy 0.926781
epoch 90, training accuracy 0.928747
epoch 100, training accuracy 0.930139
epoch 110, training accuracy 0.931182
epoch 120, training accuracy 0.932199
epoch 130, training accuracy 0.933082
epoch 140, training accuracy 0.933751
epoch 150, training accuracy 0.934045
epoch 160, training accuracy 0.934540
epoch 170, training accuracy 0.934861
epoch 180, training accuracy 0.935209
epoch 190, training accuracy 0.935383
epoch 200, training accuracy 0.935570
epoch 210, training accuracy 0.935731
epoch 220, training accuracy 0.935677
epoch 230, training accuracy 0.935838
epoch 240, training accuracy 0.935865
epoch 250, training accuracy 0.935998
epoch 260, training accuracy 0.936038
epoch 270, training accuracy 0.936092
epoch 280, training accuracy 0.936052
epoch 290, training accuracy 0.936172
epoch 300, training accuracy 0.936199
epoch 310, training accuracy 0.936413
epoch 320, training accuracy 0.936467
epoch 330, training accuracy 0.936453
epoch 340, training accuracy 0.936520
epoch 350, training accuracy 0.936533
epoch 360, training accuracy 0.936547
epoch 370, training accuracy 0.936694
epoch 380, training accuracy 0.936788
epoch 390, training accuracy 0.936868
epoch 400, training accuracy 0.936895
epoch 410, training accuracy 0.936962
epoch 420, training accuracy 0.936988
epoch 430, training accuracy 0.936788
epoch 440, training accuracy 0.936948
epoch 450, training accuracy 0.937055
epoch 460, training accuracy 0.937149
epoch 470, training accuracy 0.937229
epoch 480, training accuracy 0.937229
epoch 490, training accuracy 0.937135
epoch 500, training accuracy 0.937002
epoch 510, training accuracy 0.937015
epoch 520, training accuracy 0.937002
epoch 530, training accuracy 0.937202
epoch 540, training accuracy 0.937256
epoch 550, training accuracy 0.937323
epoch 560, training accuracy 0.937309
epoch 570, training accuracy 0.937336
epoch 580, training accuracy 0.937283
epoch 590, training accuracy 0.937269
epoch 600, training accuracy 0.937336
epoch 610, training accuracy 0.937363
epoch 620, training accuracy 0.937430
epoch 630, training accuracy 0.937430
epoch 640, training accuracy 0.937443
epoch 650, training accuracy 0.937470
epoch 660, training accuracy 0.937483
epoch 670, training accuracy 0.937443
epoch 680, training accuracy 0.937564
epoch 690, training accuracy 0.937564
epoch 700, training accuracy 0.937550
epoch 710, training accuracy 0.937604
epoch 720, training accuracy 0.937657
epoch 730, training accuracy 0.937510
epoch 740, training accuracy 0.937604
epoch 750, training accuracy 0.937671
epoch 760, training accuracy 0.937604
epoch 770, training accuracy 0.937590
epoch 780, training accuracy 0.937577
epoch 790, training accuracy 0.937671
epoch 800, training accuracy 0.937630
epoch 810, training accuracy 0.937657
epoch 820, training accuracy 0.937630
epoch 830, training accuracy 0.937564
epoch 840, training accuracy 0.937577
epoch 850, training accuracy 0.937630
epoch 860, training accuracy 0.937604
epoch 870, training accuracy 0.937630
epoch 880, training accuracy 0.937590
epoch 890, training accuracy 0.937604
epoch 900, training accuracy 0.937564
epoch 910, training accuracy 0.937550
epoch 920, training accuracy 0.937577
epoch 930, training accuracy 0.937644
epoch 940, training accuracy 0.937644
epoch 950, training accuracy 0.937604
epoch 960, training accuracy 0.937604
epoch 970, training accuracy 0.937604
epoch 980, training accuracy 0.937617
epoch 990, training accuracy 0.937577
epoch 1000, training accuracy 0.937630
epoch 1010, training accuracy 0.937590
epoch 1020, training accuracy 0.937737
epoch 1030, training accuracy 0.937550
epoch 1040, training accuracy 0.937537
epoch 1050, training accuracy 0.937671
epoch 1060, training accuracy 0.937617
epoch 1070, training accuracy 0.937590
epoch 1080, training accuracy 0.937617
epoch 1090, training accuracy 0.937711
epoch 1100, training accuracy 0.937617
epoch 1110, training accuracy 0.937604
epoch 1120, training accuracy 0.937564
epoch 1130, training accuracy 0.937604
epoch 1140, training accuracy 0.937617
epoch 1150, training accuracy 0.937617
epoch 1160, training accuracy 0.937604
epoch 1170, training accuracy 0.937657
epoch 1180, training accuracy 0.937617
epoch 1190, training accuracy 0.937537
epoch 1200, training accuracy 0.937630
epoch 1210, training accuracy 0.937577
epoch 1220, training accuracy 0.937617
epoch 1230, training accuracy 0.937604
epoch 1240, training accuracy 0.937644
epoch 1250, training accuracy 0.937671
epoch 1260, training accuracy 0.937657
epoch 1270, training accuracy 0.937564
epoch 1280, training accuracy 0.937617
epoch 1290, training accuracy 0.937644
epoch 1300, training accuracy 0.937657
epoch 1310, training accuracy 0.937590
epoch 1320, training accuracy 0.937644
epoch 1330, training accuracy 0.937617
epoch 1340, training accuracy 0.937617
epoch 1350, training accuracy 0.937577
epoch 1360, training accuracy 0.937604
epoch 1370, training accuracy 0.937604
epoch 1380, training accuracy 0.937644
epoch 1390, training accuracy 0.937604
epoch 1400, training accuracy 0.937657
epoch 1410, training accuracy 0.937644
epoch 1420, training accuracy 0.937564
epoch 1430, training accuracy 0.937577
epoch 1440, training accuracy 0.937617
epoch 1450, training accuracy 0.937564
epoch 1460, training accuracy 0.937604
epoch 1470, training accuracy 0.937617
epoch 1480, training accuracy 0.937617
epoch 1490, training accuracy 0.937630
epoch 1500, training accuracy 0.937604
epoch 1510, training accuracy 0.937550
epoch 1520, training accuracy 0.937510
epoch 1530, training accuracy 0.937550
epoch 1540, training accuracy 0.937564
epoch 1550, training accuracy 0.937711
epoch 1560, training accuracy 0.937697
epoch 1570, training accuracy 0.937630
epoch 1580, training accuracy 0.937537
epoch 1590, training accuracy 0.937577
epoch 1600, training accuracy 0.937537
epoch 1610, training accuracy 0.937564
epoch 1620, training accuracy 0.937590
epoch 1630, training accuracy 0.937657
epoch 1640, training accuracy 0.937684
epoch 1650, training accuracy 0.937577
epoch 1660, training accuracy 0.937537
epoch 1670, training accuracy 0.937483
epoch 1680, training accuracy 0.937550
epoch 1690, training accuracy 0.937523
epoch 1700, training accuracy 0.937697
epoch 1710, training accuracy 0.937684
epoch 1720, training accuracy 0.937604
epoch 1730, training accuracy 0.937537
epoch 1740, training accuracy 0.937564
epoch 1750, training accuracy 0.937523
epoch 1760, training accuracy 0.937550
epoch 1770, training accuracy 0.937577
epoch 1780, training accuracy 0.937697
epoch 1790, training accuracy 0.937604
epoch 1800, training accuracy 0.937577
epoch 1810, training accuracy 0.937523
epoch 1820, training accuracy 0.937537
epoch 1830, training accuracy 0.937550
epoch 1840, training accuracy 0.937590
epoch 1850, training accuracy 0.937657
epoch 1860, training accuracy 0.937657
epoch 1870, training accuracy 0.937564
epoch 1880, training accuracy 0.937523
epoch 1890, training accuracy 0.937537
epoch 1900, training accuracy 0.937523
epoch 1910, training accuracy 0.937577
epoch 1920, training accuracy 0.937564
epoch 1930, training accuracy 0.937657
epoch 1940, training accuracy 0.937617
epoch 1950, training accuracy 0.937577
epoch 1960, training accuracy 0.937537
epoch 1970, training accuracy 0.937523
epoch 1980, training accuracy 0.937564
epoch 1990, training accuracy 0.937577
epoch 2000, training accuracy 0.937657
epoch 2010, training accuracy 0.937657
epoch 2020, training accuracy 0.937564
epoch 2030, training accuracy 0.937537
epoch 2040, training accuracy 0.937510
epoch 2050, training accuracy 0.937564
epoch 2060, training accuracy 0.937577
epoch 2070, training accuracy 0.937564
epoch 2080, training accuracy 0.937630
epoch 2090, training accuracy 0.937630
epoch 2100, training accuracy 0.937617
epoch 2110, training accuracy 0.937550
epoch 2120, training accuracy 0.937537
epoch 2130, training accuracy 0.937577
epoch 2140, training accuracy 0.937617
epoch 2150, training accuracy 0.937657
epoch 2160, training accuracy 0.937644
epoch 2170, training accuracy 0.937577
epoch 2180, training accuracy 0.937523
epoch 2190, training accuracy 0.937523
epoch 2200, training accuracy 0.937564
epoch 2210, training accuracy 0.937590
epoch 2220, training accuracy 0.937590
epoch 2230, training accuracy 0.937630
epoch 2240, training accuracy 0.937630
epoch 2250, training accuracy 0.937577
epoch 2260, training accuracy 0.937577
epoch 2270, training accuracy 0.937510
epoch 2280, training accuracy 0.937564
epoch 2290, training accuracy 0.937630
epoch 2300, training accuracy 0.937657
epoch 2310, training accuracy 0.937671
epoch 2320, training accuracy 0.937590
epoch 2330, training accuracy 0.937564
epoch 2340, training accuracy 0.937577
epoch 2350, training accuracy 0.937510
epoch 2360, training accuracy 0.937604
epoch 2370, training accuracy 0.937577
epoch 2380, training accuracy 0.937644
epoch 2390, training accuracy 0.937604
epoch 2400, training accuracy 0.937590
epoch 2410, training accuracy 0.937590
epoch 2420, training accuracy 0.937523
epoch 2430, training accuracy 0.937510
epoch 2440, training accuracy 0.937644
epoch 2450, training accuracy 0.937630
epoch 2460, training accuracy 0.937617
epoch 2470, training accuracy 0.937630
epoch 2480, training accuracy 0.937564
epoch 2490, training accuracy 0.937590
epoch 2500, training accuracy 0.937523
epoch 2510, training accuracy 0.937590
epoch 2520, training accuracy 0.937604
epoch 2530, training accuracy 0.937630
epoch 2540, training accuracy 0.937564
epoch 2550, training accuracy 0.937630
epoch 2560, training accuracy 0.937590
epoch 2570, training accuracy 0.937550
epoch 2580, training accuracy 0.937510
epoch 2590, training accuracy 0.937644
epoch 2600, training accuracy 0.937604
epoch 2610, training accuracy 0.937617
epoch 2620, training accuracy 0.937644
epoch 2630, training accuracy 0.937604
epoch 2640, training accuracy 0.937577
epoch 2650, training accuracy 0.937537
epoch 2660, training accuracy 0.937577
epoch 2670, training accuracy 0.937590
epoch 2680, training accuracy 0.937644
epoch 2690, training accuracy 0.937604
epoch 2700, training accuracy 0.937590
epoch 2710, training accuracy 0.937590
epoch 2720, training accuracy 0.937564
epoch 2730, training accuracy 0.937510
epoch 2740, training accuracy 0.937644
epoch 2750, training accuracy 0.937604
epoch 2760, training accuracy 0.937644
epoch 2770, training accuracy 0.937644
epoch 2780, training accuracy 0.937577
epoch 2790, training accuracy 0.937617
epoch 2800, training accuracy 0.937523
epoch 2810, training accuracy 0.937590
epoch 2820, training accuracy 0.937590
epoch 2830, training accuracy 0.937657
epoch 2840, training accuracy 0.937630
epoch 2850, training accuracy 0.937590
epoch 2860, training accuracy 0.937604
epoch 2870, training accuracy 0.937564
epoch 2880, training accuracy 0.937564
epoch 2890, training accuracy 0.937590
epoch 2900, training accuracy 0.937604
epoch 2910, training accuracy 0.937644
epoch 2920, training accuracy 0.937617
epoch 2930, training accuracy 0.937577
epoch 2940, training accuracy 0.937644
epoch 2950, training accuracy 0.937537
epoch 2960, training accuracy 0.937590
epoch 2970, training accuracy 0.937604
epoch 2980, training accuracy 0.937657
epoch 2990, training accuracy 0.937644
epoch 3000, training accuracy 0.937590
/tmp/war_was_validate.py loaded, containing 18936 entries, class distribution: [9468 9468]
correct: [8377, 8356]
incorrect: [396, 267]
accuracy: [0.9548615068961587, 0.9690362982720631]
unclassified: [695, 845]
total accuracy: [0.8847697507393325, 0.8825517532741868]
Mon Oct 23 00:06:23 CEST 2017 finished, res_training/deu/war_was
