Sun Oct 22 18:37:55 CEST 2017 create_training_files
/tmp/bad_bed
5611 lines
4441 bad
1173 bed
/tmp/bad_bed_training
4489 lines
3542 bad
948 bed
/tmp/bad_bed_validate
1122 lines
899 bad
225 bed
generate /tmp/bad_bed_training.py, /tmp/bad_bed_validate.py
:compileJava UP-TO-DATE
:processResources UP-TO-DATE
:classes UP-TO-DATE
:createNGramDatabase
Reading /tmp/bad_bed_training
Tokenizing
undersampling to 913
/tmp/bad_bed_training.pycreated
Reading /tmp/bad_bed_validate
Tokenizing
undersampling to 219
/tmp/bad_bed_validate.pycreated

BUILD SUCCESSFUL

Total time: 5.493 secs

This build could be faster, please consider using the Gradle Daemon: https://docs.gradle.org/2.10/userguide/gradle_daemon.html
Sun Oct 22 18:38:06 CEST 2017 create_classifier
{'use_flex_hidden_layer': False, 'epochs': 3000, 'embedding_path': 'res_training/eng/embedding/final_embeddings.txt', 'self': <__main__.NeuralNetwork object at 0x2afaef8aca58>, 'num_outputs': 2, 'batch_size': 1000, 'training_data_file': '/tmp/bad_bed_training.py', 'num_inputs': 4, 'dictionary_path': 'res_training/eng/embedding/dictionary.txt'}
embedding shape (42122, 64)
/tmp/bad_bed_training.py loaded, containing 1826 entries, class distribution: [913 913]
Steps: 3000, 1 steps in 3000 epochs
epoch 0, training accuracy 0.559693
epoch 10, training accuracy 0.569551
epoch 20, training accuracy 0.576123
epoch 30, training accuracy 0.591457
epoch 40, training accuracy 0.602957
epoch 50, training accuracy 0.612267
epoch 60, training accuracy 0.623768
epoch 70, training accuracy 0.635268
epoch 80, training accuracy 0.642388
epoch 90, training accuracy 0.652245
epoch 100, training accuracy 0.658817
epoch 110, training accuracy 0.668127
epoch 120, training accuracy 0.680175
epoch 130, training accuracy 0.689485
epoch 140, training accuracy 0.697152
epoch 150, training accuracy 0.702081
epoch 160, training accuracy 0.709748
epoch 170, training accuracy 0.716867
epoch 180, training accuracy 0.723439
epoch 190, training accuracy 0.732202
epoch 200, training accuracy 0.739321
epoch 210, training accuracy 0.743702
epoch 220, training accuracy 0.750821
epoch 230, training accuracy 0.754655
epoch 240, training accuracy 0.760131
epoch 250, training accuracy 0.765608
epoch 260, training accuracy 0.767798
epoch 270, training accuracy 0.771632
epoch 280, training accuracy 0.776013
epoch 290, training accuracy 0.780942
epoch 300, training accuracy 0.785323
epoch 310, training accuracy 0.786966
epoch 320, training accuracy 0.790252
epoch 330, training accuracy 0.791347
epoch 340, training accuracy 0.794633
epoch 350, training accuracy 0.797371
epoch 360, training accuracy 0.801205
epoch 370, training accuracy 0.804491
epoch 380, training accuracy 0.807229
epoch 390, training accuracy 0.811062
epoch 400, training accuracy 0.811610
epoch 410, training accuracy 0.813253
epoch 420, training accuracy 0.815444
epoch 430, training accuracy 0.819277
epoch 440, training accuracy 0.822563
epoch 450, training accuracy 0.824206
epoch 460, training accuracy 0.824754
epoch 470, training accuracy 0.827492
epoch 480, training accuracy 0.829682
epoch 490, training accuracy 0.832968
epoch 500, training accuracy 0.836254
epoch 510, training accuracy 0.839540
epoch 520, training accuracy 0.840635
epoch 530, training accuracy 0.842826
epoch 540, training accuracy 0.843373
epoch 550, training accuracy 0.845016
epoch 560, training accuracy 0.846659
epoch 570, training accuracy 0.847207
epoch 580, training accuracy 0.851041
epoch 590, training accuracy 0.853231
epoch 600, training accuracy 0.852683
epoch 610, training accuracy 0.854874
epoch 620, training accuracy 0.857065
epoch 630, training accuracy 0.858160
epoch 640, training accuracy 0.858160
epoch 650, training accuracy 0.858708
epoch 660, training accuracy 0.859803
epoch 670, training accuracy 0.861446
epoch 680, training accuracy 0.862541
epoch 690, training accuracy 0.863089
epoch 700, training accuracy 0.864732
epoch 710, training accuracy 0.865279
epoch 720, training accuracy 0.866375
epoch 730, training accuracy 0.869113
epoch 740, training accuracy 0.870208
epoch 750, training accuracy 0.871303
epoch 760, training accuracy 0.872946
epoch 770, training accuracy 0.875137
epoch 780, training accuracy 0.875137
epoch 790, training accuracy 0.875137
epoch 800, training accuracy 0.874589
epoch 810, training accuracy 0.875685
epoch 820, training accuracy 0.876232
epoch 830, training accuracy 0.876232
epoch 840, training accuracy 0.876232
epoch 850, training accuracy 0.877875
epoch 860, training accuracy 0.877875
epoch 870, training accuracy 0.880066
epoch 880, training accuracy 0.881709
epoch 890, training accuracy 0.883352
epoch 900, training accuracy 0.883352
epoch 910, training accuracy 0.883899
epoch 920, training accuracy 0.883352
epoch 930, training accuracy 0.884995
epoch 940, training accuracy 0.885542
epoch 950, training accuracy 0.886637
epoch 960, training accuracy 0.888280
epoch 970, training accuracy 0.888280
epoch 980, training accuracy 0.889376
epoch 990, training accuracy 0.889923
epoch 1000, training accuracy 0.889923
epoch 1010, training accuracy 0.890471
epoch 1020, training accuracy 0.890471
epoch 1030, training accuracy 0.890471
epoch 1040, training accuracy 0.890471
epoch 1050, training accuracy 0.891019
epoch 1060, training accuracy 0.892114
epoch 1070, training accuracy 0.892114
epoch 1080, training accuracy 0.893209
epoch 1090, training accuracy 0.893209
epoch 1100, training accuracy 0.893757
epoch 1110, training accuracy 0.893757
epoch 1120, training accuracy 0.894852
epoch 1130, training accuracy 0.894852
epoch 1140, training accuracy 0.894852
epoch 1150, training accuracy 0.895947
epoch 1160, training accuracy 0.897043
epoch 1170, training accuracy 0.897590
epoch 1180, training accuracy 0.898138
epoch 1190, training accuracy 0.898138
epoch 1200, training accuracy 0.898138
epoch 1210, training accuracy 0.898138
epoch 1220, training accuracy 0.898686
epoch 1230, training accuracy 0.899233
epoch 1240, training accuracy 0.899781
epoch 1250, training accuracy 0.901972
epoch 1260, training accuracy 0.902519
epoch 1270, training accuracy 0.903067
epoch 1280, training accuracy 0.903614
epoch 1290, training accuracy 0.903614
epoch 1300, training accuracy 0.904162
epoch 1310, training accuracy 0.904710
epoch 1320, training accuracy 0.904710
epoch 1330, training accuracy 0.905257
epoch 1340, training accuracy 0.905805
epoch 1350, training accuracy 0.905805
epoch 1360, training accuracy 0.906353
epoch 1370, training accuracy 0.906900
epoch 1380, training accuracy 0.906900
epoch 1390, training accuracy 0.907448
epoch 1400, training accuracy 0.907448
epoch 1410, training accuracy 0.907448
epoch 1420, training accuracy 0.909091
epoch 1430, training accuracy 0.908543
epoch 1440, training accuracy 0.909639
epoch 1450, training accuracy 0.910734
epoch 1460, training accuracy 0.910734
epoch 1470, training accuracy 0.910734
epoch 1480, training accuracy 0.910734
epoch 1490, training accuracy 0.911829
epoch 1500, training accuracy 0.912377
epoch 1510, training accuracy 0.912377
epoch 1520, training accuracy 0.912924
epoch 1530, training accuracy 0.912924
epoch 1540, training accuracy 0.913472
epoch 1550, training accuracy 0.913472
epoch 1560, training accuracy 0.914020
epoch 1570, training accuracy 0.914020
epoch 1580, training accuracy 0.914567
epoch 1590, training accuracy 0.914567
epoch 1600, training accuracy 0.915663
epoch 1610, training accuracy 0.915663
epoch 1620, training accuracy 0.916210
epoch 1630, training accuracy 0.916210
epoch 1640, training accuracy 0.916758
epoch 1650, training accuracy 0.916758
epoch 1660, training accuracy 0.916758
epoch 1670, training accuracy 0.916758
epoch 1680, training accuracy 0.917853
epoch 1690, training accuracy 0.918401
epoch 1700, training accuracy 0.918401
epoch 1710, training accuracy 0.918949
epoch 1720, training accuracy 0.918949
epoch 1730, training accuracy 0.918949
epoch 1740, training accuracy 0.918949
epoch 1750, training accuracy 0.918949
epoch 1760, training accuracy 0.918949
epoch 1770, training accuracy 0.918949
epoch 1780, training accuracy 0.919496
epoch 1790, training accuracy 0.920591
epoch 1800, training accuracy 0.920591
epoch 1810, training accuracy 0.920591
epoch 1820, training accuracy 0.921139
epoch 1830, training accuracy 0.921139
epoch 1840, training accuracy 0.921139
epoch 1850, training accuracy 0.921687
epoch 1860, training accuracy 0.921687
epoch 1870, training accuracy 0.921687
epoch 1880, training accuracy 0.922782
epoch 1890, training accuracy 0.922782
epoch 1900, training accuracy 0.923330
epoch 1910, training accuracy 0.923877
epoch 1920, training accuracy 0.923877
epoch 1930, training accuracy 0.923877
epoch 1940, training accuracy 0.924425
epoch 1950, training accuracy 0.924425
epoch 1960, training accuracy 0.924425
epoch 1970, training accuracy 0.924973
epoch 1980, training accuracy 0.924973
epoch 1990, training accuracy 0.925520
epoch 2000, training accuracy 0.925520
epoch 2010, training accuracy 0.926068
epoch 2020, training accuracy 0.926068
epoch 2030, training accuracy 0.926068
epoch 2040, training accuracy 0.926068
epoch 2050, training accuracy 0.926616
epoch 2060, training accuracy 0.926616
epoch 2070, training accuracy 0.926616
epoch 2080, training accuracy 0.926616
epoch 2090, training accuracy 0.926616
epoch 2100, training accuracy 0.926616
epoch 2110, training accuracy 0.926616
epoch 2120, training accuracy 0.927163
epoch 2130, training accuracy 0.927163
epoch 2140, training accuracy 0.927163
epoch 2150, training accuracy 0.928258
epoch 2160, training accuracy 0.928258
epoch 2170, training accuracy 0.928806
epoch 2180, training accuracy 0.928806
epoch 2190, training accuracy 0.928806
epoch 2200, training accuracy 0.928806
epoch 2210, training accuracy 0.928806
epoch 2220, training accuracy 0.928806
epoch 2230, training accuracy 0.928806
epoch 2240, training accuracy 0.928806
epoch 2250, training accuracy 0.928806
epoch 2260, training accuracy 0.928806
epoch 2270, training accuracy 0.928806
epoch 2280, training accuracy 0.929354
epoch 2290, training accuracy 0.929354
epoch 2300, training accuracy 0.930997
epoch 2310, training accuracy 0.932640
epoch 2320, training accuracy 0.932640
epoch 2330, training accuracy 0.932640
epoch 2340, training accuracy 0.932640
epoch 2350, training accuracy 0.932640
epoch 2360, training accuracy 0.932640
epoch 2370, training accuracy 0.932640
epoch 2380, training accuracy 0.933187
epoch 2390, training accuracy 0.933187
epoch 2400, training accuracy 0.933187
epoch 2410, training accuracy 0.933187
epoch 2420, training accuracy 0.933187
epoch 2430, training accuracy 0.933187
epoch 2440, training accuracy 0.933187
epoch 2450, training accuracy 0.933187
epoch 2460, training accuracy 0.933187
epoch 2470, training accuracy 0.933735
epoch 2480, training accuracy 0.933735
epoch 2490, training accuracy 0.933735
epoch 2500, training accuracy 0.934283
epoch 2510, training accuracy 0.934283
epoch 2520, training accuracy 0.934830
epoch 2530, training accuracy 0.934830
epoch 2540, training accuracy 0.936473
epoch 2550, training accuracy 0.936473
epoch 2560, training accuracy 0.937021
epoch 2570, training accuracy 0.937568
epoch 2580, training accuracy 0.937568
epoch 2590, training accuracy 0.937568
epoch 2600, training accuracy 0.937568
epoch 2610, training accuracy 0.937568
epoch 2620, training accuracy 0.937568
epoch 2630, training accuracy 0.937568
epoch 2640, training accuracy 0.937568
epoch 2650, training accuracy 0.937568
epoch 2660, training accuracy 0.937568
epoch 2670, training accuracy 0.937568
epoch 2680, training accuracy 0.937568
epoch 2690, training accuracy 0.937568
epoch 2700, training accuracy 0.937568
epoch 2710, training accuracy 0.938116
epoch 2720, training accuracy 0.938116
epoch 2730, training accuracy 0.938116
epoch 2740, training accuracy 0.938664
epoch 2750, training accuracy 0.938664
epoch 2760, training accuracy 0.938664
epoch 2770, training accuracy 0.938664
epoch 2780, training accuracy 0.938664
epoch 2790, training accuracy 0.939211
epoch 2800, training accuracy 0.940307
epoch 2810, training accuracy 0.940307
epoch 2820, training accuracy 0.940307
epoch 2830, training accuracy 0.940854
epoch 2840, training accuracy 0.941402
epoch 2850, training accuracy 0.941402
epoch 2860, training accuracy 0.941402
epoch 2870, training accuracy 0.941402
epoch 2880, training accuracy 0.941402
epoch 2890, training accuracy 0.941402
epoch 2900, training accuracy 0.941402
epoch 2910, training accuracy 0.941402
epoch 2920, training accuracy 0.941402
epoch 2930, training accuracy 0.941950
epoch 2940, training accuracy 0.941950
epoch 2950, training accuracy 0.942497
epoch 2960, training accuracy 0.942497
epoch 2970, training accuracy 0.942497
epoch 2980, training accuracy 0.942497
epoch 2990, training accuracy 0.942497
epoch 3000, training accuracy 0.942497
/tmp/bad_bed_validate.py loaded, containing 438 entries, class distribution: [219 219]
correct: [172, 168]
incorrect: [6, 3]
accuracy: [0.9662921348314607, 0.9824561403508771]
unclassified: [41, 48]
total accuracy: [0.7853881278538812, 0.7671232876712328]
Sun Oct 22 18:38:27 CEST 2017 finished, res_training/eng/bad_bed
