Sun Oct 22 21:21:35 CEST 2017 create_training_files
/tmp/is_us
210745 lines
200136 is
13097 us
/tmp/is_us_training
168596 lines
160083 is
10538 us
/tmp/is_us_validate
42149 lines
40053 is
2559 us
generate /tmp/is_us_training.py, /tmp/is_us_validate.py
:compileJava UP-TO-DATE
:processResources UP-TO-DATE
:classes UP-TO-DATE
:createNGramDatabase
Reading /tmp/is_us_training
Tokenizing
undersampling to 10901
/tmp/is_us_training.pycreated
Reading /tmp/is_us_validate
Tokenizing
undersampling to 2658
/tmp/is_us_validate.pycreated

BUILD SUCCESSFUL

Total time: 21.397 secs

This build could be faster, please consider using the Gradle Daemon: https://docs.gradle.org/2.10/userguide/gradle_daemon.html
Sun Oct 22 21:22:16 CEST 2017 create_classifier
{'num_inputs': 4, 'use_flex_hidden_layer': False, 'epochs': 3000, 'dictionary_path': 'res_training/eng/embedding/dictionary.txt', 'num_outputs': 2, 'training_data_file': '/tmp/is_us_training.py', 'batch_size': 1000, 'self': <__main__.NeuralNetwork object at 0x2b6504b5da58>, 'embedding_path': 'res_training/eng/embedding/final_embeddings.txt'}
embedding shape (42122, 64)
/tmp/is_us_training.py loaded, containing 21802 entries, class distribution: [10901 10901]
Steps: 63000, 21 steps in 3000 epochs
epoch 0, training accuracy 0.578754
epoch 10, training accuracy 0.806073
epoch 20, training accuracy 0.893037
epoch 30, training accuracy 0.919778
epoch 40, training accuracy 0.931933
epoch 50, training accuracy 0.939960
epoch 60, training accuracy 0.944684
epoch 70, training accuracy 0.947665
epoch 80, training accuracy 0.950784
epoch 90, training accuracy 0.953169
epoch 100, training accuracy 0.955692
epoch 110, training accuracy 0.957986
epoch 120, training accuracy 0.959086
epoch 130, training accuracy 0.960508
epoch 140, training accuracy 0.961517
epoch 150, training accuracy 0.962572
epoch 160, training accuracy 0.963398
epoch 170, training accuracy 0.965141
epoch 180, training accuracy 0.965416
epoch 190, training accuracy 0.966517
epoch 200, training accuracy 0.967205
epoch 210, training accuracy 0.967985
epoch 220, training accuracy 0.968627
epoch 230, training accuracy 0.969040
epoch 240, training accuracy 0.969682
epoch 250, training accuracy 0.970370
epoch 260, training accuracy 0.971241
epoch 270, training accuracy 0.971792
epoch 280, training accuracy 0.972342
epoch 290, training accuracy 0.972296
epoch 300, training accuracy 0.972709
epoch 310, training accuracy 0.973076
epoch 320, training accuracy 0.973489
epoch 330, training accuracy 0.973947
epoch 340, training accuracy 0.974177
epoch 350, training accuracy 0.974360
epoch 360, training accuracy 0.974544
epoch 370, training accuracy 0.974681
epoch 380, training accuracy 0.974589
epoch 390, training accuracy 0.974727
epoch 400, training accuracy 0.974773
epoch 410, training accuracy 0.975094
epoch 420, training accuracy 0.975140
epoch 430, training accuracy 0.975232
epoch 440, training accuracy 0.975415
epoch 450, training accuracy 0.975553
epoch 460, training accuracy 0.975644
epoch 470, training accuracy 0.975920
epoch 480, training accuracy 0.976057
epoch 490, training accuracy 0.976103
epoch 500, training accuracy 0.976241
epoch 510, training accuracy 0.976287
epoch 520, training accuracy 0.976287
epoch 530, training accuracy 0.976654
epoch 540, training accuracy 0.976654
epoch 550, training accuracy 0.976791
epoch 560, training accuracy 0.976975
epoch 570, training accuracy 0.977112
epoch 580, training accuracy 0.977158
epoch 590, training accuracy 0.977158
epoch 600, training accuracy 0.977296
epoch 610, training accuracy 0.977342
epoch 620, training accuracy 0.977296
epoch 630, training accuracy 0.977387
epoch 640, training accuracy 0.977342
epoch 650, training accuracy 0.977525
epoch 660, training accuracy 0.977571
epoch 670, training accuracy 0.977663
epoch 680, training accuracy 0.977617
epoch 690, training accuracy 0.977663
epoch 700, training accuracy 0.977754
epoch 710, training accuracy 0.977708
epoch 720, training accuracy 0.977800
epoch 730, training accuracy 0.977892
epoch 740, training accuracy 0.977846
epoch 750, training accuracy 0.977846
epoch 760, training accuracy 0.977846
epoch 770, training accuracy 0.977846
epoch 780, training accuracy 0.977892
epoch 790, training accuracy 0.977984
epoch 800, training accuracy 0.978121
epoch 810, training accuracy 0.978213
epoch 820, training accuracy 0.978075
epoch 830, training accuracy 0.978030
epoch 840, training accuracy 0.978030
epoch 850, training accuracy 0.978030
epoch 860, training accuracy 0.978121
epoch 870, training accuracy 0.978213
epoch 880, training accuracy 0.978167
epoch 890, training accuracy 0.978213
epoch 900, training accuracy 0.978121
epoch 910, training accuracy 0.978121
epoch 920, training accuracy 0.978213
epoch 930, training accuracy 0.978167
epoch 940, training accuracy 0.978167
epoch 950, training accuracy 0.978213
epoch 960, training accuracy 0.978213
epoch 970, training accuracy 0.978305
epoch 980, training accuracy 0.978351
epoch 990, training accuracy 0.978396
epoch 1000, training accuracy 0.978351
epoch 1010, training accuracy 0.978396
epoch 1020, training accuracy 0.978396
epoch 1030, training accuracy 0.978396
epoch 1040, training accuracy 0.978442
epoch 1050, training accuracy 0.978442
epoch 1060, training accuracy 0.978396
epoch 1070, training accuracy 0.978396
epoch 1080, training accuracy 0.978396
epoch 1090, training accuracy 0.978396
epoch 1100, training accuracy 0.978351
epoch 1110, training accuracy 0.978488
epoch 1120, training accuracy 0.978396
epoch 1130, training accuracy 0.978396
epoch 1140, training accuracy 0.978396
epoch 1150, training accuracy 0.978488
epoch 1160, training accuracy 0.978580
epoch 1170, training accuracy 0.978626
epoch 1180, training accuracy 0.978580
epoch 1190, training accuracy 0.978672
epoch 1200, training accuracy 0.978626
epoch 1210, training accuracy 0.978534
epoch 1220, training accuracy 0.978488
epoch 1230, training accuracy 0.978488
epoch 1240, training accuracy 0.978626
epoch 1250, training accuracy 0.978718
epoch 1260, training accuracy 0.978718
epoch 1270, training accuracy 0.978763
epoch 1280, training accuracy 0.978809
epoch 1290, training accuracy 0.978809
epoch 1300, training accuracy 0.978763
epoch 1310, training accuracy 0.978718
epoch 1320, training accuracy 0.978626
epoch 1330, training accuracy 0.978672
epoch 1340, training accuracy 0.978626
epoch 1350, training accuracy 0.978718
epoch 1360, training accuracy 0.978672
epoch 1370, training accuracy 0.978672
epoch 1380, training accuracy 0.978672
epoch 1390, training accuracy 0.978672
epoch 1400, training accuracy 0.978672
epoch 1410, training accuracy 0.978626
epoch 1420, training accuracy 0.978672
epoch 1430, training accuracy 0.978626
epoch 1440, training accuracy 0.978672
epoch 1450, training accuracy 0.978626
epoch 1460, training accuracy 0.978672
epoch 1470, training accuracy 0.978718
epoch 1480, training accuracy 0.978672
epoch 1490, training accuracy 0.978718
epoch 1500, training accuracy 0.978763
epoch 1510, training accuracy 0.978809
epoch 1520, training accuracy 0.978809
epoch 1530, training accuracy 0.978718
epoch 1540, training accuracy 0.978718
epoch 1550, training accuracy 0.978718
epoch 1560, training accuracy 0.978718
epoch 1570, training accuracy 0.978672
epoch 1580, training accuracy 0.978672
epoch 1590, training accuracy 0.978718
epoch 1600, training accuracy 0.978718
epoch 1610, training accuracy 0.978718
epoch 1620, training accuracy 0.978672
epoch 1630, training accuracy 0.978672
epoch 1640, training accuracy 0.978672
epoch 1650, training accuracy 0.978626
epoch 1660, training accuracy 0.978672
epoch 1670, training accuracy 0.978626
epoch 1680, training accuracy 0.978672
epoch 1690, training accuracy 0.978626
epoch 1700, training accuracy 0.978626
epoch 1710, training accuracy 0.978626
epoch 1720, training accuracy 0.978672
epoch 1730, training accuracy 0.978672
epoch 1740, training accuracy 0.978718
epoch 1750, training accuracy 0.978718
epoch 1760, training accuracy 0.978809
epoch 1770, training accuracy 0.978672
epoch 1780, training accuracy 0.978809
epoch 1790, training accuracy 0.978718
epoch 1800, training accuracy 0.978763
epoch 1810, training accuracy 0.978763
epoch 1820, training accuracy 0.978809
epoch 1830, training accuracy 0.978809
epoch 1840, training accuracy 0.978809
epoch 1850, training accuracy 0.978809
epoch 1860, training accuracy 0.978809
epoch 1870, training accuracy 0.978809
epoch 1880, training accuracy 0.978809
epoch 1890, training accuracy 0.978809
epoch 1900, training accuracy 0.978855
epoch 1910, training accuracy 0.978763
epoch 1920, training accuracy 0.978901
epoch 1930, training accuracy 0.978763
epoch 1940, training accuracy 0.978855
epoch 1950, training accuracy 0.978855
epoch 1960, training accuracy 0.978855
epoch 1970, training accuracy 0.978855
epoch 1980, training accuracy 0.978855
epoch 1990, training accuracy 0.978855
epoch 2000, training accuracy 0.978901
epoch 2010, training accuracy 0.978855
epoch 2020, training accuracy 0.978901
epoch 2030, training accuracy 0.978901
epoch 2040, training accuracy 0.978901
epoch 2050, training accuracy 0.978901
epoch 2060, training accuracy 0.978901
epoch 2070, training accuracy 0.978901
epoch 2080, training accuracy 0.978901
epoch 2090, training accuracy 0.978901
epoch 2100, training accuracy 0.978901
epoch 2110, training accuracy 0.978901
epoch 2120, training accuracy 0.978901
epoch 2130, training accuracy 0.978947
epoch 2140, training accuracy 0.978901
epoch 2150, training accuracy 0.978947
epoch 2160, training accuracy 0.978947
epoch 2170, training accuracy 0.978947
epoch 2180, training accuracy 0.978993
epoch 2190, training accuracy 0.978947
epoch 2200, training accuracy 0.978947
epoch 2210, training accuracy 0.978947
epoch 2220, training accuracy 0.978947
epoch 2230, training accuracy 0.978901
epoch 2240, training accuracy 0.978947
epoch 2250, training accuracy 0.978901
epoch 2260, training accuracy 0.978947
epoch 2270, training accuracy 0.978901
epoch 2280, training accuracy 0.978901
epoch 2290, training accuracy 0.978901
epoch 2300, training accuracy 0.978901
epoch 2310, training accuracy 0.978901
epoch 2320, training accuracy 0.978901
epoch 2330, training accuracy 0.978901
epoch 2340, training accuracy 0.978947
epoch 2350, training accuracy 0.978901
epoch 2360, training accuracy 0.978947
epoch 2370, training accuracy 0.978901
epoch 2380, training accuracy 0.978901
epoch 2390, training accuracy 0.978901
epoch 2400, training accuracy 0.978855
epoch 2410, training accuracy 0.978947
epoch 2420, training accuracy 0.978855
epoch 2430, training accuracy 0.978947
epoch 2440, training accuracy 0.978855
epoch 2450, training accuracy 0.978901
epoch 2460, training accuracy 0.978855
epoch 2470, training accuracy 0.978901
epoch 2480, training accuracy 0.978855
epoch 2490, training accuracy 0.978855
epoch 2500, training accuracy 0.978855
epoch 2510, training accuracy 0.978855
epoch 2520, training accuracy 0.978901
epoch 2530, training accuracy 0.978855
epoch 2540, training accuracy 0.978947
epoch 2550, training accuracy 0.978901
epoch 2560, training accuracy 0.978947
epoch 2570, training accuracy 0.978901
epoch 2580, training accuracy 0.978947
epoch 2590, training accuracy 0.978901
epoch 2600, training accuracy 0.978901
epoch 2610, training accuracy 0.978947
epoch 2620, training accuracy 0.978901
epoch 2630, training accuracy 0.978993
epoch 2640, training accuracy 0.978901
epoch 2650, training accuracy 0.978993
epoch 2660, training accuracy 0.978947
epoch 2670, training accuracy 0.978947
epoch 2680, training accuracy 0.978947
epoch 2690, training accuracy 0.978947
epoch 2700, training accuracy 0.978947
epoch 2710, training accuracy 0.978947
epoch 2720, training accuracy 0.978947
epoch 2730, training accuracy 0.978947
epoch 2740, training accuracy 0.978947
epoch 2750, training accuracy 0.978901
epoch 2760, training accuracy 0.978947
epoch 2770, training accuracy 0.978901
epoch 2780, training accuracy 0.978993
epoch 2790, training accuracy 0.978947
epoch 2800, training accuracy 0.978993
epoch 2810, training accuracy 0.978855
epoch 2820, training accuracy 0.978901
epoch 2830, training accuracy 0.978809
epoch 2840, training accuracy 0.978855
epoch 2850, training accuracy 0.978855
epoch 2860, training accuracy 0.978855
epoch 2870, training accuracy 0.978855
epoch 2880, training accuracy 0.978809
epoch 2890, training accuracy 0.978855
epoch 2900, training accuracy 0.978809
epoch 2910, training accuracy 0.978809
epoch 2920, training accuracy 0.978763
epoch 2930, training accuracy 0.978763
epoch 2940, training accuracy 0.978763
epoch 2950, training accuracy 0.978809
epoch 2960, training accuracy 0.978763
epoch 2970, training accuracy 0.978809
epoch 2980, training accuracy 0.978763
epoch 2990, training accuracy 0.978809
epoch 3000, training accuracy 0.978763
/tmp/is_us_validate.py loaded, containing 5316 entries, class distribution: [2658 2658]
correct: [2545, 2556]
incorrect: [32, 30]
accuracy: [0.9875824602250679, 0.988399071925754]
unclassified: [81, 72]
total accuracy: [0.9574868322046651, 0.9616252821670429]
Sun Oct 22 21:26:24 CEST 2017 finished, res_training/eng/is_us
