Sun Oct 22 22:05:27 CEST 2017 create_training_files
/tmp/massa_missa
1605 lines
711 massa
895 missa
/tmp/massa_missa_training
1284 lines
558 massa
727 missa
/tmp/massa_missa_validate
321 lines
153 massa
168 missa
generate /tmp/massa_missa_training.py, /tmp/massa_missa_validate.py
:compileJava UP-TO-DATE
:processResources UP-TO-DATE
:classes UP-TO-DATE
:createNGramDatabase
Reading /tmp/massa_missa_training
Tokenizing
undersampling to 568
/tmp/massa_missa_training.pycreated
Reading /tmp/massa_missa_validate
Tokenizing
undersampling to 155
/tmp/massa_missa_validate.pycreated

BUILD SUCCESSFUL

Total time: 4.786 secs

This build could be faster, please consider using the Gradle Daemon: https://docs.gradle.org/2.10/userguide/gradle_daemon.html
Sun Oct 22 22:05:38 CEST 2017 create_classifier
{'embedding_path': 'res_training/por/embedding/final_embeddings.txt', 'epochs': 3000, 'batch_size': 1000, 'use_flex_hidden_layer': False, 'training_data_file': '/tmp/massa_missa_training.py', 'num_outputs': 2, 'self': <__main__.NeuralNetwork object at 0x2adfbf082a58>, 'dictionary_path': 'res_training/por/embedding/dictionary.txt', 'num_inputs': 4}
embedding shape (44676, 64)
/tmp/massa_missa_training.py loaded, containing 1136 entries, class distribution: [568 568]
Steps: 3000, 1 steps in 3000 epochs
epoch 0, training accuracy 0.499120
epoch 10, training accuracy 0.515845
epoch 20, training accuracy 0.524648
epoch 30, training accuracy 0.538732
epoch 40, training accuracy 0.547535
epoch 50, training accuracy 0.560739
epoch 60, training accuracy 0.573944
epoch 70, training accuracy 0.584507
epoch 80, training accuracy 0.590669
epoch 90, training accuracy 0.604753
epoch 100, training accuracy 0.618838
epoch 110, training accuracy 0.631162
epoch 120, training accuracy 0.644366
epoch 130, training accuracy 0.657570
epoch 140, training accuracy 0.674296
epoch 150, training accuracy 0.683979
epoch 160, training accuracy 0.693662
epoch 170, training accuracy 0.699824
epoch 180, training accuracy 0.706866
epoch 190, training accuracy 0.713908
epoch 200, training accuracy 0.718310
epoch 210, training accuracy 0.722711
epoch 220, training accuracy 0.724472
epoch 230, training accuracy 0.735035
epoch 240, training accuracy 0.745599
epoch 250, training accuracy 0.749120
epoch 260, training accuracy 0.760563
epoch 270, training accuracy 0.766725
epoch 280, training accuracy 0.773768
epoch 290, training accuracy 0.780810
epoch 300, training accuracy 0.786972
epoch 310, training accuracy 0.790493
epoch 320, training accuracy 0.794014
epoch 330, training accuracy 0.801056
epoch 340, training accuracy 0.807218
epoch 350, training accuracy 0.812500
epoch 360, training accuracy 0.818662
epoch 370, training accuracy 0.823063
epoch 380, training accuracy 0.826585
epoch 390, training accuracy 0.830986
epoch 400, training accuracy 0.832747
epoch 410, training accuracy 0.836268
epoch 420, training accuracy 0.837148
epoch 430, training accuracy 0.839789
epoch 440, training accuracy 0.843310
epoch 450, training accuracy 0.845951
epoch 460, training accuracy 0.849472
epoch 470, training accuracy 0.852993
epoch 480, training accuracy 0.855634
epoch 490, training accuracy 0.858275
epoch 500, training accuracy 0.860915
epoch 510, training accuracy 0.863556
epoch 520, training accuracy 0.863556
epoch 530, training accuracy 0.865317
epoch 540, training accuracy 0.869718
epoch 550, training accuracy 0.869718
epoch 560, training accuracy 0.872359
epoch 570, training accuracy 0.872359
epoch 580, training accuracy 0.873239
epoch 590, training accuracy 0.875000
epoch 600, training accuracy 0.874120
epoch 610, training accuracy 0.874120
epoch 620, training accuracy 0.875880
epoch 630, training accuracy 0.875880
epoch 640, training accuracy 0.875880
epoch 650, training accuracy 0.878521
epoch 660, training accuracy 0.882042
epoch 670, training accuracy 0.882042
epoch 680, training accuracy 0.882042
epoch 690, training accuracy 0.882923
epoch 700, training accuracy 0.882923
epoch 710, training accuracy 0.883803
epoch 720, training accuracy 0.886444
epoch 730, training accuracy 0.888204
epoch 740, training accuracy 0.887324
epoch 750, training accuracy 0.887324
epoch 760, training accuracy 0.887324
epoch 770, training accuracy 0.887324
epoch 780, training accuracy 0.888204
epoch 790, training accuracy 0.889965
epoch 800, training accuracy 0.889965
epoch 810, training accuracy 0.890845
epoch 820, training accuracy 0.891725
epoch 830, training accuracy 0.893486
epoch 840, training accuracy 0.896127
epoch 850, training accuracy 0.897887
epoch 860, training accuracy 0.897887
epoch 870, training accuracy 0.898768
epoch 880, training accuracy 0.900528
epoch 890, training accuracy 0.902289
epoch 900, training accuracy 0.903169
epoch 910, training accuracy 0.903169
epoch 920, training accuracy 0.904049
epoch 930, training accuracy 0.904049
epoch 940, training accuracy 0.904930
epoch 950, training accuracy 0.904930
epoch 960, training accuracy 0.904930
epoch 970, training accuracy 0.906690
epoch 980, training accuracy 0.905810
epoch 990, training accuracy 0.907570
epoch 1000, training accuracy 0.908451
epoch 1010, training accuracy 0.910211
epoch 1020, training accuracy 0.910211
epoch 1030, training accuracy 0.911972
epoch 1040, training accuracy 0.912852
epoch 1050, training accuracy 0.912852
epoch 1060, training accuracy 0.913732
epoch 1070, training accuracy 0.913732
epoch 1080, training accuracy 0.914613
epoch 1090, training accuracy 0.914613
epoch 1100, training accuracy 0.914613
epoch 1110, training accuracy 0.914613
epoch 1120, training accuracy 0.914613
epoch 1130, training accuracy 0.915493
epoch 1140, training accuracy 0.915493
epoch 1150, training accuracy 0.914613
epoch 1160, training accuracy 0.915493
epoch 1170, training accuracy 0.915493
epoch 1180, training accuracy 0.915493
epoch 1190, training accuracy 0.915493
epoch 1200, training accuracy 0.915493
epoch 1210, training accuracy 0.915493
epoch 1220, training accuracy 0.915493
epoch 1230, training accuracy 0.915493
epoch 1240, training accuracy 0.915493
epoch 1250, training accuracy 0.915493
epoch 1260, training accuracy 0.915493
epoch 1270, training accuracy 0.915493
epoch 1280, training accuracy 0.915493
epoch 1290, training accuracy 0.915493
epoch 1300, training accuracy 0.915493
epoch 1310, training accuracy 0.916373
epoch 1320, training accuracy 0.919014
epoch 1330, training accuracy 0.920775
epoch 1340, training accuracy 0.920775
epoch 1350, training accuracy 0.920775
epoch 1360, training accuracy 0.920775
epoch 1370, training accuracy 0.920775
epoch 1380, training accuracy 0.920775
epoch 1390, training accuracy 0.920775
epoch 1400, training accuracy 0.919894
epoch 1410, training accuracy 0.919014
epoch 1420, training accuracy 0.919894
epoch 1430, training accuracy 0.919014
epoch 1440, training accuracy 0.919014
epoch 1450, training accuracy 0.919014
epoch 1460, training accuracy 0.919014
epoch 1470, training accuracy 0.921655
epoch 1480, training accuracy 0.921655
epoch 1490, training accuracy 0.921655
epoch 1500, training accuracy 0.921655
epoch 1510, training accuracy 0.921655
epoch 1520, training accuracy 0.921655
epoch 1530, training accuracy 0.921655
epoch 1540, training accuracy 0.922535
epoch 1550, training accuracy 0.923415
epoch 1560, training accuracy 0.924296
epoch 1570, training accuracy 0.924296
epoch 1580, training accuracy 0.924296
epoch 1590, training accuracy 0.924296
epoch 1600, training accuracy 0.924296
epoch 1610, training accuracy 0.924296
epoch 1620, training accuracy 0.924296
epoch 1630, training accuracy 0.924296
epoch 1640, training accuracy 0.925176
epoch 1650, training accuracy 0.925176
epoch 1660, training accuracy 0.925176
epoch 1670, training accuracy 0.925176
epoch 1680, training accuracy 0.924296
epoch 1690, training accuracy 0.924296
epoch 1700, training accuracy 0.924296
epoch 1710, training accuracy 0.924296
epoch 1720, training accuracy 0.924296
epoch 1730, training accuracy 0.925176
epoch 1740, training accuracy 0.924296
epoch 1750, training accuracy 0.924296
epoch 1760, training accuracy 0.924296
epoch 1770, training accuracy 0.924296
epoch 1780, training accuracy 0.924296
epoch 1790, training accuracy 0.923415
epoch 1800, training accuracy 0.924296
epoch 1810, training accuracy 0.924296
epoch 1820, training accuracy 0.924296
epoch 1830, training accuracy 0.924296
epoch 1840, training accuracy 0.924296
epoch 1850, training accuracy 0.924296
epoch 1860, training accuracy 0.925176
epoch 1870, training accuracy 0.926937
epoch 1880, training accuracy 0.926937
epoch 1890, training accuracy 0.926056
epoch 1900, training accuracy 0.926056
epoch 1910, training accuracy 0.926937
epoch 1920, training accuracy 0.926937
epoch 1930, training accuracy 0.927817
epoch 1940, training accuracy 0.927817
epoch 1950, training accuracy 0.927817
epoch 1960, training accuracy 0.927817
epoch 1970, training accuracy 0.927817
epoch 1980, training accuracy 0.927817
epoch 1990, training accuracy 0.927817
epoch 2000, training accuracy 0.927817
epoch 2010, training accuracy 0.927817
epoch 2020, training accuracy 0.928697
epoch 2030, training accuracy 0.928697
epoch 2040, training accuracy 0.928697
epoch 2050, training accuracy 0.928697
epoch 2060, training accuracy 0.929577
epoch 2070, training accuracy 0.928697
epoch 2080, training accuracy 0.928697
epoch 2090, training accuracy 0.928697
epoch 2100, training accuracy 0.928697
epoch 2110, training accuracy 0.928697
epoch 2120, training accuracy 0.928697
epoch 2130, training accuracy 0.928697
epoch 2140, training accuracy 0.928697
epoch 2150, training accuracy 0.928697
epoch 2160, training accuracy 0.928697
epoch 2170, training accuracy 0.928697
epoch 2180, training accuracy 0.928697
epoch 2190, training accuracy 0.928697
epoch 2200, training accuracy 0.928697
epoch 2210, training accuracy 0.928697
epoch 2220, training accuracy 0.928697
epoch 2230, training accuracy 0.928697
epoch 2240, training accuracy 0.928697
epoch 2250, training accuracy 0.928697
epoch 2260, training accuracy 0.928697
epoch 2270, training accuracy 0.928697
epoch 2280, training accuracy 0.929577
epoch 2290, training accuracy 0.929577
epoch 2300, training accuracy 0.929577
epoch 2310, training accuracy 0.929577
epoch 2320, training accuracy 0.930458
epoch 2330, training accuracy 0.930458
epoch 2340, training accuracy 0.930458
epoch 2350, training accuracy 0.930458
epoch 2360, training accuracy 0.931338
epoch 2370, training accuracy 0.931338
epoch 2380, training accuracy 0.932218
epoch 2390, training accuracy 0.932218
epoch 2400, training accuracy 0.932218
epoch 2410, training accuracy 0.932218
epoch 2420, training accuracy 0.933099
epoch 2430, training accuracy 0.933099
epoch 2440, training accuracy 0.933099
epoch 2450, training accuracy 0.933099
epoch 2460, training accuracy 0.933099
epoch 2470, training accuracy 0.933099
epoch 2480, training accuracy 0.933099
epoch 2490, training accuracy 0.933099
epoch 2500, training accuracy 0.933099
epoch 2510, training accuracy 0.933099
epoch 2520, training accuracy 0.933099
epoch 2530, training accuracy 0.933099
epoch 2540, training accuracy 0.933099
epoch 2550, training accuracy 0.933099
epoch 2560, training accuracy 0.933099
epoch 2570, training accuracy 0.933979
epoch 2580, training accuracy 0.933979
epoch 2590, training accuracy 0.933979
epoch 2600, training accuracy 0.933979
epoch 2610, training accuracy 0.933979
epoch 2620, training accuracy 0.933979
epoch 2630, training accuracy 0.933979
epoch 2640, training accuracy 0.934859
epoch 2650, training accuracy 0.934859
epoch 2660, training accuracy 0.934859
epoch 2670, training accuracy 0.934859
epoch 2680, training accuracy 0.934859
epoch 2690, training accuracy 0.934859
epoch 2700, training accuracy 0.934859
epoch 2710, training accuracy 0.934859
epoch 2720, training accuracy 0.934859
epoch 2730, training accuracy 0.934859
epoch 2740, training accuracy 0.935739
epoch 2750, training accuracy 0.935739
epoch 2760, training accuracy 0.935739
epoch 2770, training accuracy 0.935739
epoch 2780, training accuracy 0.935739
epoch 2790, training accuracy 0.935739
epoch 2800, training accuracy 0.935739
epoch 2810, training accuracy 0.936620
epoch 2820, training accuracy 0.936620
epoch 2830, training accuracy 0.936620
epoch 2840, training accuracy 0.936620
epoch 2850, training accuracy 0.936620
epoch 2860, training accuracy 0.936620
epoch 2870, training accuracy 0.936620
epoch 2880, training accuracy 0.936620
epoch 2890, training accuracy 0.937500
epoch 2900, training accuracy 0.937500
epoch 2910, training accuracy 0.937500
epoch 2920, training accuracy 0.937500
epoch 2930, training accuracy 0.937500
epoch 2940, training accuracy 0.937500
epoch 2950, training accuracy 0.937500
epoch 2960, training accuracy 0.937500
epoch 2970, training accuracy 0.937500
epoch 2980, training accuracy 0.937500
epoch 2990, training accuracy 0.937500
epoch 3000, training accuracy 0.937500
/tmp/massa_missa_validate.py loaded, containing 310 entries, class distribution: [155 155]
correct: [112, 103]
incorrect: [2, 3]
accuracy: [0.9824561403508771, 0.9716981132075472]
unclassified: [41, 49]
total accuracy: [0.7225806451612903, 0.6645161290322581]
Sun Oct 22 22:05:56 CEST 2017 finished, res_training/por/massa_missa
