Mon Oct 23 03:37:24 CEST 2017 create_training_files
/tmp/as_is
297914 lines
117487 as
201125 is
/tmp/as_is_training
238332 lines
94035 as
161005 is
/tmp/as_is_validate
59582 lines
23452 as
40120 is
generate /tmp/as_is_training.py, /tmp/as_is_validate.py
:compileJava UP-TO-DATE
:processResources UP-TO-DATE
:classes UP-TO-DATE
:createNGramDatabase
Reading /tmp/as_is_training
Tokenizing
undersampling to 110273
/tmp/as_is_training.pycreated
Reading /tmp/as_is_validate
Tokenizing
undersampling to 27473
/tmp/as_is_validate.pycreated

BUILD SUCCESSFUL

Total time: 34.564 secs

This build could be faster, please consider using the Gradle Daemon: https://docs.gradle.org/2.10/userguide/gradle_daemon.html
Mon Oct 23 03:38:24 CEST 2017 create_classifier
{'self': <__main__.NeuralNetwork object at 0x2ba95e58da58>, 'batch_size': 1000, 'epochs': 3000, 'num_outputs': 2, 'use_flex_hidden_layer': False, 'num_inputs': 4, 'training_data_file': '/tmp/as_is_training.py', 'embedding_path': 'res_training/eng/embedding/final_embeddings.txt', 'dictionary_path': 'res_training/eng/embedding/dictionary.txt'}
embedding shape (42122, 64)
/tmp/as_is_training.py loaded, containing 220546 entries, class distribution: [110273 110273]
Steps: 660000, 220 steps in 3000 epochs
epoch 0, training accuracy 0.650422
epoch 10, training accuracy 0.866123
epoch 20, training accuracy 0.883589
epoch 30, training accuracy 0.889393
epoch 40, training accuracy 0.891950
epoch 50, training accuracy 0.893070
epoch 60, training accuracy 0.893632
epoch 70, training accuracy 0.893691
epoch 80, training accuracy 0.893764
epoch 90, training accuracy 0.893886
epoch 100, training accuracy 0.894081
epoch 110, training accuracy 0.894063
epoch 120, training accuracy 0.894190
epoch 130, training accuracy 0.894199
epoch 140, training accuracy 0.894176
epoch 150, training accuracy 0.894190
epoch 160, training accuracy 0.894067
epoch 170, training accuracy 0.894077
epoch 180, training accuracy 0.894077
epoch 190, training accuracy 0.894049
epoch 200, training accuracy 0.894122
epoch 210, training accuracy 0.894018
epoch 220, training accuracy 0.893963
epoch 230, training accuracy 0.894104
epoch 240, training accuracy 0.894027
epoch 250, training accuracy 0.893999
epoch 260, training accuracy 0.893854
epoch 270, training accuracy 0.893886
epoch 280, training accuracy 0.893968
epoch 290, training accuracy 0.893927
epoch 300, training accuracy 0.893922
epoch 310, training accuracy 0.893999
epoch 320, training accuracy 0.894117
epoch 330, training accuracy 0.894181
epoch 340, training accuracy 0.894267
epoch 350, training accuracy 0.894217
epoch 360, training accuracy 0.894208
epoch 370, training accuracy 0.894199
epoch 380, training accuracy 0.894099
epoch 390, training accuracy 0.894054
epoch 400, training accuracy 0.894009
epoch 410, training accuracy 0.894045
epoch 420, training accuracy 0.894072
epoch 430, training accuracy 0.893990
epoch 440, training accuracy 0.893959
epoch 450, training accuracy 0.894113
epoch 460, training accuracy 0.894022
epoch 470, training accuracy 0.893986
epoch 480, training accuracy 0.893877
epoch 490, training accuracy 0.893877
epoch 500, training accuracy 0.893941
epoch 510, training accuracy 0.893918
epoch 520, training accuracy 0.893918
epoch 530, training accuracy 0.894004
epoch 540, training accuracy 0.894090
epoch 550, training accuracy 0.894140
epoch 560, training accuracy 0.894258
epoch 570, training accuracy 0.894235
epoch 580, training accuracy 0.894253
epoch 590, training accuracy 0.894271
epoch 600, training accuracy 0.894086
epoch 610, training accuracy 0.894040
epoch 620, training accuracy 0.894036
epoch 630, training accuracy 0.894040
epoch 640, training accuracy 0.894067
epoch 650, training accuracy 0.894013
epoch 660, training accuracy 0.893945
epoch 670, training accuracy 0.894095
epoch 680, training accuracy 0.894067
epoch 690, training accuracy 0.893986
epoch 700, training accuracy 0.893863
epoch 710, training accuracy 0.893868
epoch 720, training accuracy 0.893927
epoch 730, training accuracy 0.893931
epoch 740, training accuracy 0.893909
epoch 750, training accuracy 0.894040
epoch 760, training accuracy 0.894058
epoch 770, training accuracy 0.894145
epoch 780, training accuracy 0.894231
epoch 790, training accuracy 0.894235
epoch 800, training accuracy 0.894235
epoch 810, training accuracy 0.894267
epoch 820, training accuracy 0.894095
epoch 830, training accuracy 0.894081
epoch 840, training accuracy 0.894031
epoch 850, training accuracy 0.894045
epoch 860, training accuracy 0.894031
epoch 870, training accuracy 0.894004
epoch 880, training accuracy 0.893981
epoch 890, training accuracy 0.894090
epoch 900, training accuracy 0.894067
epoch 910, training accuracy 0.894004
epoch 920, training accuracy 0.893841
epoch 930, training accuracy 0.893859
epoch 940, training accuracy 0.893922
epoch 950, training accuracy 0.893922
epoch 960, training accuracy 0.893891
epoch 970, training accuracy 0.893990
epoch 980, training accuracy 0.893990
epoch 990, training accuracy 0.894135
epoch 1000, training accuracy 0.894217
epoch 1010, training accuracy 0.894271
epoch 1020, training accuracy 0.894240
epoch 1030, training accuracy 0.894262
epoch 1040, training accuracy 0.894104
epoch 1050, training accuracy 0.894099
epoch 1060, training accuracy 0.894027
epoch 1070, training accuracy 0.894040
epoch 1080, training accuracy 0.894009
epoch 1090, training accuracy 0.894031
epoch 1100, training accuracy 0.894004
epoch 1110, training accuracy 0.894081
epoch 1120, training accuracy 0.894054
epoch 1130, training accuracy 0.894004
epoch 1140, training accuracy 0.893836
epoch 1150, training accuracy 0.893863
epoch 1160, training accuracy 0.893941
epoch 1170, training accuracy 0.893918
epoch 1180, training accuracy 0.893922
epoch 1190, training accuracy 0.893968
epoch 1200, training accuracy 0.894036
epoch 1210, training accuracy 0.894126
epoch 1220, training accuracy 0.894226
epoch 1230, training accuracy 0.894253
epoch 1240, training accuracy 0.894231
epoch 1250, training accuracy 0.894258
epoch 1260, training accuracy 0.894135
epoch 1270, training accuracy 0.894095
epoch 1280, training accuracy 0.894031
epoch 1290, training accuracy 0.894049
epoch 1300, training accuracy 0.893990
epoch 1310, training accuracy 0.894054
epoch 1320, training accuracy 0.894027
epoch 1330, training accuracy 0.894049
epoch 1340, training accuracy 0.894058
epoch 1350, training accuracy 0.893981
epoch 1360, training accuracy 0.893891
epoch 1370, training accuracy 0.893863
epoch 1380, training accuracy 0.893990
epoch 1390, training accuracy 0.893954
epoch 1400, training accuracy 0.893904
epoch 1410, training accuracy 0.893954
epoch 1420, training accuracy 0.893999
epoch 1430, training accuracy 0.894131
epoch 1440, training accuracy 0.894208
epoch 1450, training accuracy 0.894240
epoch 1460, training accuracy 0.894226
epoch 1470, training accuracy 0.894240
epoch 1480, training accuracy 0.894185
epoch 1490, training accuracy 0.894063
epoch 1500, training accuracy 0.894027
epoch 1510, training accuracy 0.894036
epoch 1520, training accuracy 0.893995
epoch 1530, training accuracy 0.894054
epoch 1540, training accuracy 0.894054
epoch 1550, training accuracy 0.894027
epoch 1560, training accuracy 0.894036
epoch 1570, training accuracy 0.893972
epoch 1580, training accuracy 0.893891
epoch 1590, training accuracy 0.893832
epoch 1600, training accuracy 0.893972
epoch 1610, training accuracy 0.893941
epoch 1620, training accuracy 0.893904
epoch 1630, training accuracy 0.893950
epoch 1640, training accuracy 0.893986
epoch 1650, training accuracy 0.894117
epoch 1660, training accuracy 0.894231
epoch 1670, training accuracy 0.894222
epoch 1680, training accuracy 0.894226
epoch 1690, training accuracy 0.894249
epoch 1700, training accuracy 0.894176
epoch 1710, training accuracy 0.894081
epoch 1720, training accuracy 0.894022
epoch 1730, training accuracy 0.894040
epoch 1740, training accuracy 0.893990
epoch 1750, training accuracy 0.894054
epoch 1760, training accuracy 0.894067
epoch 1770, training accuracy 0.893981
epoch 1780, training accuracy 0.894072
epoch 1790, training accuracy 0.893999
epoch 1800, training accuracy 0.893927
epoch 1810, training accuracy 0.893836
epoch 1820, training accuracy 0.893963
epoch 1830, training accuracy 0.893972
epoch 1840, training accuracy 0.893918
epoch 1850, training accuracy 0.893963
epoch 1860, training accuracy 0.893981
epoch 1870, training accuracy 0.894126
epoch 1880, training accuracy 0.894249
epoch 1890, training accuracy 0.894208
epoch 1900, training accuracy 0.894226
epoch 1910, training accuracy 0.894253
epoch 1920, training accuracy 0.894194
epoch 1930, training accuracy 0.894090
epoch 1940, training accuracy 0.894049
epoch 1950, training accuracy 0.894054
epoch 1960, training accuracy 0.894004
epoch 1970, training accuracy 0.894072
epoch 1980, training accuracy 0.894049
epoch 1990, training accuracy 0.894004
epoch 2000, training accuracy 0.894063
epoch 2010, training accuracy 0.893990
epoch 2020, training accuracy 0.893931
epoch 2030, training accuracy 0.893841
epoch 2040, training accuracy 0.893950
epoch 2050, training accuracy 0.893945
epoch 2060, training accuracy 0.893931
epoch 2070, training accuracy 0.893968
epoch 2080, training accuracy 0.893972
epoch 2090, training accuracy 0.894117
epoch 2100, training accuracy 0.894262
epoch 2110, training accuracy 0.894181
epoch 2120, training accuracy 0.894226
epoch 2130, training accuracy 0.894235
epoch 2140, training accuracy 0.894167
epoch 2150, training accuracy 0.894067
epoch 2160, training accuracy 0.894081
epoch 2170, training accuracy 0.894036
epoch 2180, training accuracy 0.893990
epoch 2190, training accuracy 0.894077
epoch 2200, training accuracy 0.894027
epoch 2210, training accuracy 0.894031
epoch 2220, training accuracy 0.894063
epoch 2230, training accuracy 0.894022
epoch 2240, training accuracy 0.893990
epoch 2250, training accuracy 0.893841
epoch 2260, training accuracy 0.893904
epoch 2270, training accuracy 0.893959
epoch 2280, training accuracy 0.893941
epoch 2290, training accuracy 0.893990
epoch 2300, training accuracy 0.893972
epoch 2310, training accuracy 0.894149
epoch 2320, training accuracy 0.894244
epoch 2330, training accuracy 0.894199
epoch 2340, training accuracy 0.894235
epoch 2350, training accuracy 0.894217
epoch 2360, training accuracy 0.894226
epoch 2370, training accuracy 0.894086
epoch 2380, training accuracy 0.894086
epoch 2390, training accuracy 0.894054
epoch 2400, training accuracy 0.894013
epoch 2410, training accuracy 0.894081
epoch 2420, training accuracy 0.894027
epoch 2430, training accuracy 0.894045
epoch 2440, training accuracy 0.894072
epoch 2450, training accuracy 0.894054
epoch 2460, training accuracy 0.894018
epoch 2470, training accuracy 0.893841
epoch 2480, training accuracy 0.893868
epoch 2490, training accuracy 0.893959
epoch 2500, training accuracy 0.893941
epoch 2510, training accuracy 0.893990
epoch 2520, training accuracy 0.893990
epoch 2530, training accuracy 0.894090
epoch 2540, training accuracy 0.894208
epoch 2550, training accuracy 0.894199
epoch 2560, training accuracy 0.894222
epoch 2570, training accuracy 0.894194
epoch 2580, training accuracy 0.894231
epoch 2590, training accuracy 0.894113
epoch 2600, training accuracy 0.894081
epoch 2610, training accuracy 0.894054
epoch 2620, training accuracy 0.894045
epoch 2630, training accuracy 0.894072
epoch 2640, training accuracy 0.894013
epoch 2650, training accuracy 0.894018
epoch 2660, training accuracy 0.894067
epoch 2670, training accuracy 0.894036
epoch 2680, training accuracy 0.894036
epoch 2690, training accuracy 0.893841
epoch 2700, training accuracy 0.893868
epoch 2710, training accuracy 0.893972
epoch 2720, training accuracy 0.893959
epoch 2730, training accuracy 0.893977
epoch 2740, training accuracy 0.894004
epoch 2750, training accuracy 0.894077
epoch 2760, training accuracy 0.894176
epoch 2770, training accuracy 0.894235
epoch 2780, training accuracy 0.894222
epoch 2790, training accuracy 0.894217
epoch 2800, training accuracy 0.894244
epoch 2810, training accuracy 0.894086
epoch 2820, training accuracy 0.894086
epoch 2830, training accuracy 0.894036
epoch 2840, training accuracy 0.894045
epoch 2850, training accuracy 0.894072
epoch 2860, training accuracy 0.893995
epoch 2870, training accuracy 0.894013
epoch 2880, training accuracy 0.894040
epoch 2890, training accuracy 0.894054
epoch 2900, training accuracy 0.894022
epoch 2910, training accuracy 0.893845
epoch 2920, training accuracy 0.893854
epoch 2930, training accuracy 0.893972
epoch 2940, training accuracy 0.893954
epoch 2950, training accuracy 0.893977
epoch 2960, training accuracy 0.893981
epoch 2970, training accuracy 0.894072
epoch 2980, training accuracy 0.894149
epoch 2990, training accuracy 0.894222
epoch 3000, training accuracy 0.894240
/tmp/as_is_validate.py loaded, containing 54946 entries, class distribution: [27473 27473]
correct: [21699, 21631]
incorrect: [1133, 1216]
accuracy: [0.9503766643307638, 0.9467763820195212]
unclassified: [4641, 4626]
total accuracy: [0.7898300149237433, 0.7873548574964511]
Mon Oct 23 04:18:40 CEST 2017 finished, res_training/eng/as_is
