Sun Oct 22 22:56:51 CEST 2017 create_training_files
/tmp/own_won
24696 lines
13500 own
11290 won
/tmp/own_won_training
19757 lines
10817 own
9011 won
/tmp/own_won_validate
4939 lines
2683 own
2279 won
generate /tmp/own_won_training.py, /tmp/own_won_validate.py
:compileJava UP-TO-DATE
:processResources UP-TO-DATE
:classes UP-TO-DATE
:createNGramDatabase
Reading /tmp/own_won_training
Tokenizing
undersampling to 9204
/tmp/own_won_training.pycreated
Reading /tmp/own_won_validate
Tokenizing
undersampling to 2309
/tmp/own_won_validate.pycreated

BUILD SUCCESSFUL

Total time: 6.827 secs

This build could be faster, please consider using the Gradle Daemon: https://docs.gradle.org/2.10/userguide/gradle_daemon.html
Sun Oct 22 22:57:04 CEST 2017 create_classifier
{'use_flex_hidden_layer': False, 'dictionary_path': 'res_training/eng/embedding/dictionary.txt', 'self': <__main__.NeuralNetwork object at 0x2adff6c35a58>, 'training_data_file': '/tmp/own_won_training.py', 'epochs': 3000, 'num_outputs': 2, 'num_inputs': 4, 'batch_size': 1000, 'embedding_path': 'res_training/eng/embedding/final_embeddings.txt'}
embedding shape (42122, 64)
/tmp/own_won_training.py loaded, containing 18408 entries, class distribution: [9204 9204]
Steps: 54000, 18 steps in 3000 epochs
epoch 0, training accuracy 0.448827
epoch 10, training accuracy 0.783518
epoch 20, training accuracy 0.892221
epoch 30, training accuracy 0.923674
epoch 40, training accuracy 0.938125
epoch 50, training accuracy 0.946165
epoch 60, training accuracy 0.952575
epoch 70, training accuracy 0.957084
epoch 80, training accuracy 0.959474
epoch 90, training accuracy 0.962788
epoch 100, training accuracy 0.965287
epoch 110, training accuracy 0.966591
epoch 120, training accuracy 0.967786
epoch 130, training accuracy 0.969090
epoch 140, training accuracy 0.970556
epoch 150, training accuracy 0.971425
epoch 160, training accuracy 0.972458
epoch 170, training accuracy 0.973761
epoch 180, training accuracy 0.974902
epoch 190, training accuracy 0.975771
epoch 200, training accuracy 0.976043
epoch 210, training accuracy 0.976641
epoch 220, training accuracy 0.977184
epoch 230, training accuracy 0.977618
epoch 240, training accuracy 0.978542
epoch 250, training accuracy 0.979140
epoch 260, training accuracy 0.979683
epoch 270, training accuracy 0.980172
epoch 280, training accuracy 0.980335
epoch 290, training accuracy 0.980932
epoch 300, training accuracy 0.981367
epoch 310, training accuracy 0.981421
epoch 320, training accuracy 0.981747
epoch 330, training accuracy 0.981964
epoch 340, training accuracy 0.982236
epoch 350, training accuracy 0.982671
epoch 360, training accuracy 0.983051
epoch 370, training accuracy 0.983431
epoch 380, training accuracy 0.983757
epoch 390, training accuracy 0.984029
epoch 400, training accuracy 0.984300
epoch 410, training accuracy 0.984572
epoch 420, training accuracy 0.984952
epoch 430, training accuracy 0.985115
epoch 440, training accuracy 0.985713
epoch 450, training accuracy 0.985876
epoch 460, training accuracy 0.986093
epoch 470, training accuracy 0.986147
epoch 480, training accuracy 0.986147
epoch 490, training accuracy 0.986419
epoch 500, training accuracy 0.986528
epoch 510, training accuracy 0.986582
epoch 520, training accuracy 0.987016
epoch 530, training accuracy 0.987125
epoch 540, training accuracy 0.987179
epoch 550, training accuracy 0.987397
epoch 560, training accuracy 0.987505
epoch 570, training accuracy 0.987560
epoch 580, training accuracy 0.987723
epoch 590, training accuracy 0.987831
epoch 600, training accuracy 0.987886
epoch 610, training accuracy 0.988049
epoch 620, training accuracy 0.988049
epoch 630, training accuracy 0.988103
epoch 640, training accuracy 0.988103
epoch 650, training accuracy 0.988157
epoch 660, training accuracy 0.988157
epoch 670, training accuracy 0.988266
epoch 680, training accuracy 0.988320
epoch 690, training accuracy 0.988320
epoch 700, training accuracy 0.988266
epoch 710, training accuracy 0.988375
epoch 720, training accuracy 0.988538
epoch 730, training accuracy 0.988538
epoch 740, training accuracy 0.988592
epoch 750, training accuracy 0.988646
epoch 760, training accuracy 0.988701
epoch 770, training accuracy 0.988701
epoch 780, training accuracy 0.988864
epoch 790, training accuracy 0.989026
epoch 800, training accuracy 0.989026
epoch 810, training accuracy 0.989081
epoch 820, training accuracy 0.989135
epoch 830, training accuracy 0.989135
epoch 840, training accuracy 0.989190
epoch 850, training accuracy 0.989352
epoch 860, training accuracy 0.989407
epoch 870, training accuracy 0.989461
epoch 880, training accuracy 0.989515
epoch 890, training accuracy 0.989515
epoch 900, training accuracy 0.989624
epoch 910, training accuracy 0.989624
epoch 920, training accuracy 0.989570
epoch 930, training accuracy 0.989624
epoch 940, training accuracy 0.989678
epoch 950, training accuracy 0.989733
epoch 960, training accuracy 0.989733
epoch 970, training accuracy 0.989787
epoch 980, training accuracy 0.989733
epoch 990, training accuracy 0.989733
epoch 1000, training accuracy 0.989733
epoch 1010, training accuracy 0.989733
epoch 1020, training accuracy 0.989733
epoch 1030, training accuracy 0.989841
epoch 1040, training accuracy 0.989841
epoch 1050, training accuracy 0.989896
epoch 1060, training accuracy 0.989896
epoch 1070, training accuracy 0.989950
epoch 1080, training accuracy 0.990004
epoch 1090, training accuracy 0.990059
epoch 1100, training accuracy 0.990059
epoch 1110, training accuracy 0.990059
epoch 1120, training accuracy 0.990059
epoch 1130, training accuracy 0.990113
epoch 1140, training accuracy 0.990113
epoch 1150, training accuracy 0.990113
epoch 1160, training accuracy 0.990167
epoch 1170, training accuracy 0.990222
epoch 1180, training accuracy 0.990222
epoch 1190, training accuracy 0.990222
epoch 1200, training accuracy 0.990222
epoch 1210, training accuracy 0.990113
epoch 1220, training accuracy 0.990167
epoch 1230, training accuracy 0.990222
epoch 1240, training accuracy 0.990222
epoch 1250, training accuracy 0.990222
epoch 1260, training accuracy 0.990222
epoch 1270, training accuracy 0.990222
epoch 1280, training accuracy 0.990222
epoch 1290, training accuracy 0.990167
epoch 1300, training accuracy 0.990167
epoch 1310, training accuracy 0.990276
epoch 1320, training accuracy 0.990276
epoch 1330, training accuracy 0.990276
epoch 1340, training accuracy 0.990330
epoch 1350, training accuracy 0.990385
epoch 1360, training accuracy 0.990439
epoch 1370, training accuracy 0.990439
epoch 1380, training accuracy 0.990493
epoch 1390, training accuracy 0.990548
epoch 1400, training accuracy 0.990548
epoch 1410, training accuracy 0.990548
epoch 1420, training accuracy 0.990548
epoch 1430, training accuracy 0.990602
epoch 1440, training accuracy 0.990548
epoch 1450, training accuracy 0.990548
epoch 1460, training accuracy 0.990548
epoch 1470, training accuracy 0.990548
epoch 1480, training accuracy 0.990602
epoch 1490, training accuracy 0.990602
epoch 1500, training accuracy 0.990656
epoch 1510, training accuracy 0.990656
epoch 1520, training accuracy 0.990656
epoch 1530, training accuracy 0.990711
epoch 1540, training accuracy 0.990711
epoch 1550, training accuracy 0.990656
epoch 1560, training accuracy 0.990711
epoch 1570, training accuracy 0.990656
epoch 1580, training accuracy 0.990656
epoch 1590, training accuracy 0.990656
epoch 1600, training accuracy 0.990602
epoch 1610, training accuracy 0.990602
epoch 1620, training accuracy 0.990602
epoch 1630, training accuracy 0.990602
epoch 1640, training accuracy 0.990602
epoch 1650, training accuracy 0.990602
epoch 1660, training accuracy 0.990602
epoch 1670, training accuracy 0.990602
epoch 1680, training accuracy 0.990602
epoch 1690, training accuracy 0.990656
epoch 1700, training accuracy 0.990656
epoch 1710, training accuracy 0.990765
epoch 1720, training accuracy 0.990711
epoch 1730, training accuracy 0.990765
epoch 1740, training accuracy 0.990765
epoch 1750, training accuracy 0.990819
epoch 1760, training accuracy 0.990819
epoch 1770, training accuracy 0.990819
epoch 1780, training accuracy 0.990819
epoch 1790, training accuracy 0.990819
epoch 1800, training accuracy 0.990819
epoch 1810, training accuracy 0.990819
epoch 1820, training accuracy 0.990819
epoch 1830, training accuracy 0.990819
epoch 1840, training accuracy 0.990819
epoch 1850, training accuracy 0.990874
epoch 1860, training accuracy 0.990874
epoch 1870, training accuracy 0.990874
epoch 1880, training accuracy 0.990874
epoch 1890, training accuracy 0.990928
epoch 1900, training accuracy 0.990928
epoch 1910, training accuracy 0.990928
epoch 1920, training accuracy 0.990928
epoch 1930, training accuracy 0.990928
epoch 1940, training accuracy 0.990928
epoch 1950, training accuracy 0.990928
epoch 1960, training accuracy 0.990928
epoch 1970, training accuracy 0.990928
epoch 1980, training accuracy 0.990928
epoch 1990, training accuracy 0.990982
epoch 2000, training accuracy 0.990982
epoch 2010, training accuracy 0.990928
epoch 2020, training accuracy 0.990928
epoch 2030, training accuracy 0.990928
epoch 2040, training accuracy 0.990928
epoch 2050, training accuracy 0.990928
epoch 2060, training accuracy 0.990928
epoch 2070, training accuracy 0.990928
epoch 2080, training accuracy 0.990928
epoch 2090, training accuracy 0.990982
epoch 2100, training accuracy 0.990928
epoch 2110, training accuracy 0.990982
epoch 2120, training accuracy 0.990928
epoch 2130, training accuracy 0.990982
epoch 2140, training accuracy 0.990982
epoch 2150, training accuracy 0.990982
epoch 2160, training accuracy 0.990982
epoch 2170, training accuracy 0.990982
epoch 2180, training accuracy 0.990982
epoch 2190, training accuracy 0.990982
epoch 2200, training accuracy 0.990982
epoch 2210, training accuracy 0.990982
epoch 2220, training accuracy 0.990982
epoch 2230, training accuracy 0.990982
epoch 2240, training accuracy 0.990982
epoch 2250, training accuracy 0.990982
epoch 2260, training accuracy 0.990982
epoch 2270, training accuracy 0.990928
epoch 2280, training accuracy 0.990928
epoch 2290, training accuracy 0.990928
epoch 2300, training accuracy 0.990982
epoch 2310, training accuracy 0.990982
epoch 2320, training accuracy 0.990982
epoch 2330, training accuracy 0.990982
epoch 2340, training accuracy 0.990982
epoch 2350, training accuracy 0.990982
epoch 2360, training accuracy 0.990982
epoch 2370, training accuracy 0.990982
epoch 2380, training accuracy 0.990982
epoch 2390, training accuracy 0.990982
epoch 2400, training accuracy 0.990982
epoch 2410, training accuracy 0.990982
epoch 2420, training accuracy 0.990982
epoch 2430, training accuracy 0.990982
epoch 2440, training accuracy 0.990982
epoch 2450, training accuracy 0.990982
epoch 2460, training accuracy 0.990982
epoch 2470, training accuracy 0.990982
epoch 2480, training accuracy 0.990982
epoch 2490, training accuracy 0.990982
epoch 2500, training accuracy 0.990982
epoch 2510, training accuracy 0.990982
epoch 2520, training accuracy 0.990982
epoch 2530, training accuracy 0.990982
epoch 2540, training accuracy 0.990982
epoch 2550, training accuracy 0.991037
epoch 2560, training accuracy 0.991037
epoch 2570, training accuracy 0.991037
epoch 2580, training accuracy 0.991037
epoch 2590, training accuracy 0.991037
epoch 2600, training accuracy 0.991037
epoch 2610, training accuracy 0.991037
epoch 2620, training accuracy 0.991037
epoch 2630, training accuracy 0.990982
epoch 2640, training accuracy 0.990982
epoch 2650, training accuracy 0.990982
epoch 2660, training accuracy 0.990982
epoch 2670, training accuracy 0.990982
epoch 2680, training accuracy 0.990982
epoch 2690, training accuracy 0.990982
epoch 2700, training accuracy 0.990982
epoch 2710, training accuracy 0.990982
epoch 2720, training accuracy 0.990982
epoch 2730, training accuracy 0.990982
epoch 2740, training accuracy 0.990982
epoch 2750, training accuracy 0.990982
epoch 2760, training accuracy 0.990982
epoch 2770, training accuracy 0.990982
epoch 2780, training accuracy 0.990982
epoch 2790, training accuracy 0.990928
epoch 2800, training accuracy 0.990874
epoch 2810, training accuracy 0.990874
epoch 2820, training accuracy 0.990874
epoch 2830, training accuracy 0.990874
epoch 2840, training accuracy 0.990928
epoch 2850, training accuracy 0.990928
epoch 2860, training accuracy 0.990928
epoch 2870, training accuracy 0.990928
epoch 2880, training accuracy 0.990928
epoch 2890, training accuracy 0.990928
epoch 2900, training accuracy 0.990928
epoch 2910, training accuracy 0.990928
epoch 2920, training accuracy 0.990928
epoch 2930, training accuracy 0.990928
epoch 2940, training accuracy 0.990928
epoch 2950, training accuracy 0.990874
epoch 2960, training accuracy 0.990874
epoch 2970, training accuracy 0.990874
epoch 2980, training accuracy 0.990874
epoch 2990, training accuracy 0.990874
epoch 3000, training accuracy 0.990874
/tmp/own_won_validate.py loaded, containing 4618 entries, class distribution: [2309 2309]
correct: [2241, 2261]
incorrect: [36, 14]
accuracy: [0.9841897233201581, 0.9938461538461538]
unclassified: [32, 34]
total accuracy: [0.9705500216543959, 0.9792117799913382]
Sun Oct 22 23:00:24 CEST 2017 finished, res_training/eng/own_won
