Sun Oct 22 19:28:53 CEST 2017 create_training_files
/tmp/crise_frase
10722 lines
10112 crise
614 frase
/tmp/crise_frase_training
8578 lines
8079 crise
502 frase
/tmp/crise_frase_validate
2144 lines
2033 crise
112 frase
generate /tmp/crise_frase_training.py, /tmp/crise_frase_validate.py
:compileJava UP-TO-DATE
:processResources UP-TO-DATE
:classes UP-TO-DATE
:createNGramDatabase
Reading /tmp/crise_frase_training
Tokenizing
undersampling to 508
/tmp/crise_frase_training.pycreated
Reading /tmp/crise_frase_validate
Tokenizing
undersampling to 115
/tmp/crise_frase_validate.pycreated

BUILD SUCCESSFUL

Total time: 5.604 secs

This build could be faster, please consider using the Gradle Daemon: https://docs.gradle.org/2.10/userguide/gradle_daemon.html
Sun Oct 22 19:29:04 CEST 2017 create_classifier
{'dictionary_path': 'res_training/por/embedding/dictionary.txt', 'num_inputs': 4, 'training_data_file': '/tmp/crise_frase_training.py', 'batch_size': 1000, 'embedding_path': 'res_training/por/embedding/final_embeddings.txt', 'use_flex_hidden_layer': False, 'epochs': 3000, 'self': <__main__.NeuralNetwork object at 0x2b90dbbbca58>, 'num_outputs': 2}
embedding shape (44676, 64)
/tmp/crise_frase_training.py loaded, containing 1016 entries, class distribution: [508 508]
Steps: 3000, 1 steps in 3000 epochs
epoch 0, training accuracy 0.498031
epoch 10, training accuracy 0.496063
epoch 20, training accuracy 0.499016
epoch 30, training accuracy 0.499016
epoch 40, training accuracy 0.500984
epoch 50, training accuracy 0.497047
epoch 60, training accuracy 0.496063
epoch 70, training accuracy 0.491142
epoch 80, training accuracy 0.500000
epoch 90, training accuracy 0.521654
epoch 100, training accuracy 0.538386
epoch 110, training accuracy 0.550197
epoch 120, training accuracy 0.560039
epoch 130, training accuracy 0.568898
epoch 140, training accuracy 0.582677
epoch 150, training accuracy 0.589567
epoch 160, training accuracy 0.593504
epoch 170, training accuracy 0.596457
epoch 180, training accuracy 0.600394
epoch 190, training accuracy 0.603346
epoch 200, training accuracy 0.609252
epoch 210, training accuracy 0.612205
epoch 220, training accuracy 0.614173
epoch 230, training accuracy 0.620079
epoch 240, training accuracy 0.622047
epoch 250, training accuracy 0.628937
epoch 260, training accuracy 0.631890
epoch 270, training accuracy 0.634843
epoch 280, training accuracy 0.639764
epoch 290, training accuracy 0.643701
epoch 300, training accuracy 0.651575
epoch 310, training accuracy 0.658465
epoch 320, training accuracy 0.663386
epoch 330, training accuracy 0.670276
epoch 340, training accuracy 0.682087
epoch 350, training accuracy 0.686024
epoch 360, training accuracy 0.689961
epoch 370, training accuracy 0.691929
epoch 380, training accuracy 0.695866
epoch 390, training accuracy 0.697835
epoch 400, training accuracy 0.700787
epoch 410, training accuracy 0.702756
epoch 420, training accuracy 0.704724
epoch 430, training accuracy 0.706693
epoch 440, training accuracy 0.710630
epoch 450, training accuracy 0.710630
epoch 460, training accuracy 0.717520
epoch 470, training accuracy 0.719488
epoch 480, training accuracy 0.721457
epoch 490, training accuracy 0.727362
epoch 500, training accuracy 0.729331
epoch 510, training accuracy 0.729331
epoch 520, training accuracy 0.727362
epoch 530, training accuracy 0.728346
epoch 540, training accuracy 0.733268
epoch 550, training accuracy 0.733268
epoch 560, training accuracy 0.736220
epoch 570, training accuracy 0.735236
epoch 580, training accuracy 0.735236
epoch 590, training accuracy 0.735236
epoch 600, training accuracy 0.736220
epoch 610, training accuracy 0.736220
epoch 620, training accuracy 0.738189
epoch 630, training accuracy 0.743110
epoch 640, training accuracy 0.745079
epoch 650, training accuracy 0.749016
epoch 660, training accuracy 0.752953
epoch 670, training accuracy 0.753937
epoch 680, training accuracy 0.757874
epoch 690, training accuracy 0.759843
epoch 700, training accuracy 0.760827
epoch 710, training accuracy 0.761811
epoch 720, training accuracy 0.764764
epoch 730, training accuracy 0.763780
epoch 740, training accuracy 0.763780
epoch 750, training accuracy 0.762795
epoch 760, training accuracy 0.762795
epoch 770, training accuracy 0.762795
epoch 780, training accuracy 0.764764
epoch 790, training accuracy 0.764764
epoch 800, training accuracy 0.764764
epoch 810, training accuracy 0.765748
epoch 820, training accuracy 0.765748
epoch 830, training accuracy 0.767717
epoch 840, training accuracy 0.766732
epoch 850, training accuracy 0.766732
epoch 860, training accuracy 0.768701
epoch 870, training accuracy 0.767717
epoch 880, training accuracy 0.767717
epoch 890, training accuracy 0.769685
epoch 900, training accuracy 0.770669
epoch 910, training accuracy 0.771654
epoch 920, training accuracy 0.771654
epoch 930, training accuracy 0.772638
epoch 940, training accuracy 0.773622
epoch 950, training accuracy 0.774606
epoch 960, training accuracy 0.777559
epoch 970, training accuracy 0.779528
epoch 980, training accuracy 0.781496
epoch 990, training accuracy 0.781496
epoch 1000, training accuracy 0.782480
epoch 1010, training accuracy 0.782480
epoch 1020, training accuracy 0.782480
epoch 1030, training accuracy 0.783465
epoch 1040, training accuracy 0.786417
epoch 1050, training accuracy 0.787402
epoch 1060, training accuracy 0.788386
epoch 1070, training accuracy 0.788386
epoch 1080, training accuracy 0.788386
epoch 1090, training accuracy 0.788386
epoch 1100, training accuracy 0.788386
epoch 1110, training accuracy 0.791339
epoch 1120, training accuracy 0.791339
epoch 1130, training accuracy 0.792323
epoch 1140, training accuracy 0.794291
epoch 1150, training accuracy 0.795276
epoch 1160, training accuracy 0.795276
epoch 1170, training accuracy 0.796260
epoch 1180, training accuracy 0.798228
epoch 1190, training accuracy 0.798228
epoch 1200, training accuracy 0.798228
epoch 1210, training accuracy 0.798228
epoch 1220, training accuracy 0.799213
epoch 1230, training accuracy 0.802165
epoch 1240, training accuracy 0.805118
epoch 1250, training accuracy 0.805118
epoch 1260, training accuracy 0.805118
epoch 1270, training accuracy 0.806102
epoch 1280, training accuracy 0.806102
epoch 1290, training accuracy 0.806102
epoch 1300, training accuracy 0.806102
epoch 1310, training accuracy 0.809055
epoch 1320, training accuracy 0.809055
epoch 1330, training accuracy 0.809055
epoch 1340, training accuracy 0.811024
epoch 1350, training accuracy 0.812008
epoch 1360, training accuracy 0.812992
epoch 1370, training accuracy 0.813976
epoch 1380, training accuracy 0.814961
epoch 1390, training accuracy 0.815945
epoch 1400, training accuracy 0.815945
epoch 1410, training accuracy 0.815945
epoch 1420, training accuracy 0.815945
epoch 1430, training accuracy 0.815945
epoch 1440, training accuracy 0.816929
epoch 1450, training accuracy 0.816929
epoch 1460, training accuracy 0.816929
epoch 1470, training accuracy 0.815945
epoch 1480, training accuracy 0.816929
epoch 1490, training accuracy 0.816929
epoch 1500, training accuracy 0.816929
epoch 1510, training accuracy 0.815945
epoch 1520, training accuracy 0.815945
epoch 1530, training accuracy 0.817913
epoch 1540, training accuracy 0.817913
epoch 1550, training accuracy 0.818898
epoch 1560, training accuracy 0.818898
epoch 1570, training accuracy 0.818898
epoch 1580, training accuracy 0.818898
epoch 1590, training accuracy 0.818898
epoch 1600, training accuracy 0.818898
epoch 1610, training accuracy 0.817913
epoch 1620, training accuracy 0.817913
epoch 1630, training accuracy 0.817913
epoch 1640, training accuracy 0.817913
epoch 1650, training accuracy 0.817913
epoch 1660, training accuracy 0.818898
epoch 1670, training accuracy 0.818898
epoch 1680, training accuracy 0.818898
epoch 1690, training accuracy 0.819882
epoch 1700, training accuracy 0.819882
epoch 1710, training accuracy 0.818898
epoch 1720, training accuracy 0.819882
epoch 1730, training accuracy 0.818898
epoch 1740, training accuracy 0.818898
epoch 1750, training accuracy 0.818898
epoch 1760, training accuracy 0.817913
epoch 1770, training accuracy 0.818898
epoch 1780, training accuracy 0.818898
epoch 1790, training accuracy 0.820866
epoch 1800, training accuracy 0.820866
epoch 1810, training accuracy 0.820866
epoch 1820, training accuracy 0.820866
epoch 1830, training accuracy 0.820866
epoch 1840, training accuracy 0.821850
epoch 1850, training accuracy 0.822835
epoch 1860, training accuracy 0.823819
epoch 1870, training accuracy 0.824803
epoch 1880, training accuracy 0.826772
epoch 1890, training accuracy 0.827756
epoch 1900, training accuracy 0.828740
epoch 1910, training accuracy 0.829724
epoch 1920, training accuracy 0.829724
epoch 1930, training accuracy 0.829724
epoch 1940, training accuracy 0.830709
epoch 1950, training accuracy 0.831693
epoch 1960, training accuracy 0.832677
epoch 1970, training accuracy 0.832677
epoch 1980, training accuracy 0.832677
epoch 1990, training accuracy 0.833661
epoch 2000, training accuracy 0.834646
epoch 2010, training accuracy 0.835630
epoch 2020, training accuracy 0.835630
epoch 2030, training accuracy 0.835630
epoch 2040, training accuracy 0.835630
epoch 2050, training accuracy 0.836614
epoch 2060, training accuracy 0.836614
epoch 2070, training accuracy 0.836614
epoch 2080, training accuracy 0.836614
epoch 2090, training accuracy 0.836614
epoch 2100, training accuracy 0.836614
epoch 2110, training accuracy 0.836614
epoch 2120, training accuracy 0.838583
epoch 2130, training accuracy 0.838583
epoch 2140, training accuracy 0.838583
epoch 2150, training accuracy 0.838583
epoch 2160, training accuracy 0.838583
epoch 2170, training accuracy 0.838583
epoch 2180, training accuracy 0.838583
epoch 2190, training accuracy 0.838583
epoch 2200, training accuracy 0.838583
epoch 2210, training accuracy 0.838583
epoch 2220, training accuracy 0.840551
epoch 2230, training accuracy 0.840551
epoch 2240, training accuracy 0.840551
epoch 2250, training accuracy 0.840551
epoch 2260, training accuracy 0.841535
epoch 2270, training accuracy 0.841535
epoch 2280, training accuracy 0.841535
epoch 2290, training accuracy 0.841535
epoch 2300, training accuracy 0.841535
epoch 2310, training accuracy 0.841535
epoch 2320, training accuracy 0.841535
epoch 2330, training accuracy 0.841535
epoch 2340, training accuracy 0.842520
epoch 2350, training accuracy 0.842520
epoch 2360, training accuracy 0.842520
epoch 2370, training accuracy 0.842520
epoch 2380, training accuracy 0.842520
epoch 2390, training accuracy 0.842520
epoch 2400, training accuracy 0.842520
epoch 2410, training accuracy 0.842520
epoch 2420, training accuracy 0.842520
epoch 2430, training accuracy 0.842520
epoch 2440, training accuracy 0.843504
epoch 2450, training accuracy 0.843504
epoch 2460, training accuracy 0.843504
epoch 2470, training accuracy 0.845472
epoch 2480, training accuracy 0.845472
epoch 2490, training accuracy 0.845472
epoch 2500, training accuracy 0.846457
epoch 2510, training accuracy 0.847441
epoch 2520, training accuracy 0.847441
epoch 2530, training accuracy 0.848425
epoch 2540, training accuracy 0.848425
epoch 2550, training accuracy 0.848425
epoch 2560, training accuracy 0.849409
epoch 2570, training accuracy 0.849409
epoch 2580, training accuracy 0.850394
epoch 2590, training accuracy 0.851378
epoch 2600, training accuracy 0.851378
epoch 2610, training accuracy 0.852362
epoch 2620, training accuracy 0.852362
epoch 2630, training accuracy 0.852362
epoch 2640, training accuracy 0.852362
epoch 2650, training accuracy 0.852362
epoch 2660, training accuracy 0.852362
epoch 2670, training accuracy 0.852362
epoch 2680, training accuracy 0.852362
epoch 2690, training accuracy 0.854331
epoch 2700, training accuracy 0.854331
epoch 2710, training accuracy 0.855315
epoch 2720, training accuracy 0.856299
epoch 2730, training accuracy 0.856299
epoch 2740, training accuracy 0.856299
epoch 2750, training accuracy 0.857283
epoch 2760, training accuracy 0.857283
epoch 2770, training accuracy 0.857283
epoch 2780, training accuracy 0.857283
epoch 2790, training accuracy 0.858268
epoch 2800, training accuracy 0.858268
epoch 2810, training accuracy 0.858268
epoch 2820, training accuracy 0.861220
epoch 2830, training accuracy 0.862205
epoch 2840, training accuracy 0.863189
epoch 2850, training accuracy 0.862205
epoch 2860, training accuracy 0.862205
epoch 2870, training accuracy 0.862205
epoch 2880, training accuracy 0.862205
epoch 2890, training accuracy 0.863189
epoch 2900, training accuracy 0.864173
epoch 2910, training accuracy 0.864173
epoch 2920, training accuracy 0.864173
epoch 2930, training accuracy 0.864173
epoch 2940, training accuracy 0.864173
epoch 2950, training accuracy 0.864173
epoch 2960, training accuracy 0.864173
epoch 2970, training accuracy 0.865157
epoch 2980, training accuracy 0.865157
epoch 2990, training accuracy 0.865157
epoch 3000, training accuracy 0.865157
/tmp/crise_frase_validate.py loaded, containing 230 entries, class distribution: [115 115]
correct: [65, 75]
incorrect: [12, 3]
accuracy: [0.8441558441558441, 0.9615384615384616]
unclassified: [38, 37]
total accuracy: [0.5652173913043478, 0.6521739130434783]
Sun Oct 22 19:29:21 CEST 2017 finished, res_training/por/crise_frase
