Sun Oct 22 23:15:47 CEST 2017 create_training_files
/tmp/quiet_quite
4194 lines
838 quiet
3360 quite
/tmp/quiet_quite_training
3356 lines
664 quiet
2696 quite
/tmp/quiet_quite_validate
838 lines
174 quiet
664 quite
generate /tmp/quiet_quite_training.py, /tmp/quiet_quite_validate.py
:compileJava UP-TO-DATE
:processResources UP-TO-DATE
:classes UP-TO-DATE
:createNGramDatabase
Reading /tmp/quiet_quite_training
Tokenizing
undersampling to 666
/tmp/quiet_quite_training.pycreated
Reading /tmp/quiet_quite_validate
Tokenizing
undersampling to 174
/tmp/quiet_quite_validate.pycreated

BUILD SUCCESSFUL

Total time: 4.815 secs

This build could be faster, please consider using the Gradle Daemon: https://docs.gradle.org/2.10/userguide/gradle_daemon.html
Sun Oct 22 23:15:58 CEST 2017 create_classifier
{'num_outputs': 2, 'training_data_file': '/tmp/quiet_quite_training.py', 'num_inputs': 4, 'use_flex_hidden_layer': False, 'epochs': 3000, 'batch_size': 1000, 'self': <__main__.NeuralNetwork object at 0x2b564579ea58>, 'embedding_path': 'res_training/eng/embedding/final_embeddings.txt', 'dictionary_path': 'res_training/eng/embedding/dictionary.txt'}
embedding shape (42122, 64)
/tmp/quiet_quite_training.py loaded, containing 1332 entries, class distribution: [666 666]
Steps: 3000, 1 steps in 3000 epochs
epoch 0, training accuracy 0.475225
epoch 10, training accuracy 0.481231
epoch 20, training accuracy 0.486486
epoch 30, training accuracy 0.497748
epoch 40, training accuracy 0.502252
epoch 50, training accuracy 0.514264
epoch 60, training accuracy 0.523273
epoch 70, training accuracy 0.534535
epoch 80, training accuracy 0.545045
epoch 90, training accuracy 0.559309
epoch 100, training accuracy 0.564565
epoch 110, training accuracy 0.573574
epoch 120, training accuracy 0.590841
epoch 130, training accuracy 0.599850
epoch 140, training accuracy 0.608859
epoch 150, training accuracy 0.617868
epoch 160, training accuracy 0.626877
epoch 170, training accuracy 0.641141
epoch 180, training accuracy 0.647147
epoch 190, training accuracy 0.657658
epoch 200, training accuracy 0.668919
epoch 210, training accuracy 0.675676
epoch 220, training accuracy 0.683183
epoch 230, training accuracy 0.689189
epoch 240, training accuracy 0.694444
epoch 250, training accuracy 0.701201
epoch 260, training accuracy 0.707958
epoch 270, training accuracy 0.714715
epoch 280, training accuracy 0.720721
epoch 290, training accuracy 0.725225
epoch 300, training accuracy 0.733483
epoch 310, training accuracy 0.739489
epoch 320, training accuracy 0.746997
epoch 330, training accuracy 0.754505
epoch 340, training accuracy 0.760511
epoch 350, training accuracy 0.766517
epoch 360, training accuracy 0.771772
epoch 370, training accuracy 0.775526
epoch 380, training accuracy 0.779279
epoch 390, training accuracy 0.786787
epoch 400, training accuracy 0.791291
epoch 410, training accuracy 0.791291
epoch 420, training accuracy 0.798048
epoch 430, training accuracy 0.801051
epoch 440, training accuracy 0.807057
epoch 450, training accuracy 0.810811
epoch 460, training accuracy 0.813063
epoch 470, training accuracy 0.813814
epoch 480, training accuracy 0.816817
epoch 490, training accuracy 0.819069
epoch 500, training accuracy 0.825075
epoch 510, training accuracy 0.830330
epoch 520, training accuracy 0.831832
epoch 530, training accuracy 0.831832
epoch 540, training accuracy 0.833333
epoch 550, training accuracy 0.834084
epoch 560, training accuracy 0.834084
epoch 570, training accuracy 0.840090
epoch 580, training accuracy 0.843844
epoch 590, training accuracy 0.848348
epoch 600, training accuracy 0.849850
epoch 610, training accuracy 0.852102
epoch 620, training accuracy 0.855856
epoch 630, training accuracy 0.858108
epoch 640, training accuracy 0.858859
epoch 650, training accuracy 0.859610
epoch 660, training accuracy 0.861111
epoch 670, training accuracy 0.862613
epoch 680, training accuracy 0.862613
epoch 690, training accuracy 0.863363
epoch 700, training accuracy 0.864114
epoch 710, training accuracy 0.865616
epoch 720, training accuracy 0.866366
epoch 730, training accuracy 0.866366
epoch 740, training accuracy 0.867117
epoch 750, training accuracy 0.868619
epoch 760, training accuracy 0.868619
epoch 770, training accuracy 0.868619
epoch 780, training accuracy 0.867868
epoch 790, training accuracy 0.869369
epoch 800, training accuracy 0.870871
epoch 810, training accuracy 0.872372
epoch 820, training accuracy 0.872372
epoch 830, training accuracy 0.873123
epoch 840, training accuracy 0.873874
epoch 850, training accuracy 0.877628
epoch 860, training accuracy 0.877628
epoch 870, training accuracy 0.878378
epoch 880, training accuracy 0.879880
epoch 890, training accuracy 0.880631
epoch 900, training accuracy 0.881381
epoch 910, training accuracy 0.882132
epoch 920, training accuracy 0.881381
epoch 930, training accuracy 0.881381
epoch 940, training accuracy 0.881381
epoch 950, training accuracy 0.882132
epoch 960, training accuracy 0.882132
epoch 970, training accuracy 0.882132
epoch 980, training accuracy 0.882883
epoch 990, training accuracy 0.883634
epoch 1000, training accuracy 0.885135
epoch 1010, training accuracy 0.885135
epoch 1020, training accuracy 0.886637
epoch 1030, training accuracy 0.887387
epoch 1040, training accuracy 0.888138
epoch 1050, training accuracy 0.889640
epoch 1060, training accuracy 0.890390
epoch 1070, training accuracy 0.891141
epoch 1080, training accuracy 0.891892
epoch 1090, training accuracy 0.892643
epoch 1100, training accuracy 0.894144
epoch 1110, training accuracy 0.896396
epoch 1120, training accuracy 0.896396
epoch 1130, training accuracy 0.897147
epoch 1140, training accuracy 0.897898
epoch 1150, training accuracy 0.897898
epoch 1160, training accuracy 0.899399
epoch 1170, training accuracy 0.900150
epoch 1180, training accuracy 0.900150
epoch 1190, training accuracy 0.900901
epoch 1200, training accuracy 0.900901
epoch 1210, training accuracy 0.900901
epoch 1220, training accuracy 0.901652
epoch 1230, training accuracy 0.902402
epoch 1240, training accuracy 0.903904
epoch 1250, training accuracy 0.903904
epoch 1260, training accuracy 0.903904
epoch 1270, training accuracy 0.903904
epoch 1280, training accuracy 0.903904
epoch 1290, training accuracy 0.903904
epoch 1300, training accuracy 0.903904
epoch 1310, training accuracy 0.903904
epoch 1320, training accuracy 0.903153
epoch 1330, training accuracy 0.904655
epoch 1340, training accuracy 0.904655
epoch 1350, training accuracy 0.904655
epoch 1360, training accuracy 0.904655
epoch 1370, training accuracy 0.905405
epoch 1380, training accuracy 0.905405
epoch 1390, training accuracy 0.905405
epoch 1400, training accuracy 0.907658
epoch 1410, training accuracy 0.907658
epoch 1420, training accuracy 0.907658
epoch 1430, training accuracy 0.909159
epoch 1440, training accuracy 0.909159
epoch 1450, training accuracy 0.909910
epoch 1460, training accuracy 0.909910
epoch 1470, training accuracy 0.909910
epoch 1480, training accuracy 0.909910
epoch 1490, training accuracy 0.910661
epoch 1500, training accuracy 0.912162
epoch 1510, training accuracy 0.912162
epoch 1520, training accuracy 0.912162
epoch 1530, training accuracy 0.911411
epoch 1540, training accuracy 0.912162
epoch 1550, training accuracy 0.912913
epoch 1560, training accuracy 0.912913
epoch 1570, training accuracy 0.913664
epoch 1580, training accuracy 0.913664
epoch 1590, training accuracy 0.913664
epoch 1600, training accuracy 0.914414
epoch 1610, training accuracy 0.915165
epoch 1620, training accuracy 0.915165
epoch 1630, training accuracy 0.915916
epoch 1640, training accuracy 0.915916
epoch 1650, training accuracy 0.915916
epoch 1660, training accuracy 0.916667
epoch 1670, training accuracy 0.918168
epoch 1680, training accuracy 0.918168
epoch 1690, training accuracy 0.918168
epoch 1700, training accuracy 0.918168
epoch 1710, training accuracy 0.918168
epoch 1720, training accuracy 0.918919
epoch 1730, training accuracy 0.919670
epoch 1740, training accuracy 0.919670
epoch 1750, training accuracy 0.919670
epoch 1760, training accuracy 0.920420
epoch 1770, training accuracy 0.920420
epoch 1780, training accuracy 0.921171
epoch 1790, training accuracy 0.921171
epoch 1800, training accuracy 0.921171
epoch 1810, training accuracy 0.921171
epoch 1820, training accuracy 0.922673
epoch 1830, training accuracy 0.922673
epoch 1840, training accuracy 0.923423
epoch 1850, training accuracy 0.923423
epoch 1860, training accuracy 0.922673
epoch 1870, training accuracy 0.922673
epoch 1880, training accuracy 0.924174
epoch 1890, training accuracy 0.924174
epoch 1900, training accuracy 0.924174
epoch 1910, training accuracy 0.924174
epoch 1920, training accuracy 0.924174
epoch 1930, training accuracy 0.924174
epoch 1940, training accuracy 0.924174
epoch 1950, training accuracy 0.924925
epoch 1960, training accuracy 0.924925
epoch 1970, training accuracy 0.925676
epoch 1980, training accuracy 0.925676
epoch 1990, training accuracy 0.925676
epoch 2000, training accuracy 0.926426
epoch 2010, training accuracy 0.926426
epoch 2020, training accuracy 0.926426
epoch 2030, training accuracy 0.926426
epoch 2040, training accuracy 0.926426
epoch 2050, training accuracy 0.927177
epoch 2060, training accuracy 0.927177
epoch 2070, training accuracy 0.927928
epoch 2080, training accuracy 0.927928
epoch 2090, training accuracy 0.927928
epoch 2100, training accuracy 0.927928
epoch 2110, training accuracy 0.927928
epoch 2120, training accuracy 0.927928
epoch 2130, training accuracy 0.927928
epoch 2140, training accuracy 0.929429
epoch 2150, training accuracy 0.929429
epoch 2160, training accuracy 0.929429
epoch 2170, training accuracy 0.928679
epoch 2180, training accuracy 0.929429
epoch 2190, training accuracy 0.929429
epoch 2200, training accuracy 0.929429
epoch 2210, training accuracy 0.930180
epoch 2220, training accuracy 0.930931
epoch 2230, training accuracy 0.931682
epoch 2240, training accuracy 0.931682
epoch 2250, training accuracy 0.932432
epoch 2260, training accuracy 0.932432
epoch 2270, training accuracy 0.933183
epoch 2280, training accuracy 0.933183
epoch 2290, training accuracy 0.933183
epoch 2300, training accuracy 0.933183
epoch 2310, training accuracy 0.933934
epoch 2320, training accuracy 0.933934
epoch 2330, training accuracy 0.933934
epoch 2340, training accuracy 0.933934
epoch 2350, training accuracy 0.933934
epoch 2360, training accuracy 0.933934
epoch 2370, training accuracy 0.933934
epoch 2380, training accuracy 0.933934
epoch 2390, training accuracy 0.933934
epoch 2400, training accuracy 0.933934
epoch 2410, training accuracy 0.933934
epoch 2420, training accuracy 0.934685
epoch 2430, training accuracy 0.933934
epoch 2440, training accuracy 0.933934
epoch 2450, training accuracy 0.933934
epoch 2460, training accuracy 0.934685
epoch 2470, training accuracy 0.934685
epoch 2480, training accuracy 0.935435
epoch 2490, training accuracy 0.935435
epoch 2500, training accuracy 0.935435
epoch 2510, training accuracy 0.935435
epoch 2520, training accuracy 0.935435
epoch 2530, training accuracy 0.936186
epoch 2540, training accuracy 0.936937
epoch 2550, training accuracy 0.936937
epoch 2560, training accuracy 0.936937
epoch 2570, training accuracy 0.936937
epoch 2580, training accuracy 0.936937
epoch 2590, training accuracy 0.936937
epoch 2600, training accuracy 0.936937
epoch 2610, training accuracy 0.936937
epoch 2620, training accuracy 0.936937
epoch 2630, training accuracy 0.936937
epoch 2640, training accuracy 0.936937
epoch 2650, training accuracy 0.937688
epoch 2660, training accuracy 0.938438
epoch 2670, training accuracy 0.938438
epoch 2680, training accuracy 0.938438
epoch 2690, training accuracy 0.938438
epoch 2700, training accuracy 0.938438
epoch 2710, training accuracy 0.938438
epoch 2720, training accuracy 0.939189
epoch 2730, training accuracy 0.939189
epoch 2740, training accuracy 0.939189
epoch 2750, training accuracy 0.939189
epoch 2760, training accuracy 0.939189
epoch 2770, training accuracy 0.939189
epoch 2780, training accuracy 0.939189
epoch 2790, training accuracy 0.939189
epoch 2800, training accuracy 0.939189
epoch 2810, training accuracy 0.939189
epoch 2820, training accuracy 0.939189
epoch 2830, training accuracy 0.939940
epoch 2840, training accuracy 0.939940
epoch 2850, training accuracy 0.939189
epoch 2860, training accuracy 0.939189
epoch 2870, training accuracy 0.939940
epoch 2880, training accuracy 0.939940
epoch 2890, training accuracy 0.940691
epoch 2900, training accuracy 0.940691
epoch 2910, training accuracy 0.940691
epoch 2920, training accuracy 0.940691
epoch 2930, training accuracy 0.941441
epoch 2940, training accuracy 0.941441
epoch 2950, training accuracy 0.941441
epoch 2960, training accuracy 0.941441
epoch 2970, training accuracy 0.941441
epoch 2980, training accuracy 0.941441
epoch 2990, training accuracy 0.941441
epoch 3000, training accuracy 0.941441
/tmp/quiet_quite_validate.py loaded, containing 348 entries, class distribution: [174 174]
correct: [122, 144]
incorrect: [8, 1]
accuracy: [0.9384615384615385, 0.993103448275862]
unclassified: [44, 29]
total accuracy: [0.7011494252873564, 0.8275862068965517]
Sun Oct 22 23:16:16 CEST 2017 finished, res_training/eng/quiet_quite
