Sun Oct 22 21:31:53 CEST 2017 create_training_files
/tmp/know_no
44969 lines
17224 know
28109 no
/tmp/know_no_training
35976 lines
13801 know
22458 no
/tmp/know_no_validate
8993 lines
3423 know
5651 no
generate /tmp/know_no_training.py, /tmp/know_no_validate.py
:compileJava UP-TO-DATE
:processResources UP-TO-DATE
:classes UP-TO-DATE
:createNGramDatabase
Reading /tmp/know_no_training
Tokenizing
undersampling to 14268
/tmp/know_no_training.pycreated
Reading /tmp/know_no_validate
Tokenizing
undersampling to 3519
/tmp/know_no_validate.pycreated

BUILD SUCCESSFUL

Total time: 9.769 secs

This build could be faster, please consider using the Gradle Daemon: https://docs.gradle.org/2.10/userguide/gradle_daemon.html
Sun Oct 22 21:32:10 CEST 2017 create_classifier
{'num_outputs': 2, 'dictionary_path': 'res_training/eng/embedding/dictionary.txt', 'training_data_file': '/tmp/know_no_training.py', 'self': <__main__.NeuralNetwork object at 0x2b1482f28a58>, 'epochs': 3000, 'batch_size': 1000, 'use_flex_hidden_layer': False, 'num_inputs': 4, 'embedding_path': 'res_training/eng/embedding/final_embeddings.txt'}
embedding shape (42122, 64)
/tmp/know_no_training.py loaded, containing 28536 entries, class distribution: [14268 14268]
Steps: 84000, 28 steps in 3000 epochs
epoch 0, training accuracy 0.493167
epoch 10, training accuracy 0.825799
epoch 20, training accuracy 0.907380
epoch 30, training accuracy 0.939725
epoch 40, training accuracy 0.955845
epoch 50, training accuracy 0.964466
epoch 60, training accuracy 0.969407
epoch 70, training accuracy 0.972806
epoch 80, training accuracy 0.975224
epoch 90, training accuracy 0.976626
epoch 100, training accuracy 0.978133
epoch 110, training accuracy 0.979359
epoch 120, training accuracy 0.980306
epoch 130, training accuracy 0.981182
epoch 140, training accuracy 0.982303
epoch 150, training accuracy 0.983039
epoch 160, training accuracy 0.983845
epoch 170, training accuracy 0.984371
epoch 180, training accuracy 0.984966
epoch 190, training accuracy 0.985527
epoch 200, training accuracy 0.986158
epoch 210, training accuracy 0.986508
epoch 220, training accuracy 0.986859
epoch 230, training accuracy 0.987034
epoch 240, training accuracy 0.987454
epoch 250, training accuracy 0.987840
epoch 260, training accuracy 0.988225
epoch 270, training accuracy 0.988471
epoch 280, training accuracy 0.988786
epoch 290, training accuracy 0.989101
epoch 300, training accuracy 0.989347
epoch 310, training accuracy 0.989487
epoch 320, training accuracy 0.989732
epoch 330, training accuracy 0.989943
epoch 340, training accuracy 0.990048
epoch 350, training accuracy 0.990293
epoch 360, training accuracy 0.990468
epoch 370, training accuracy 0.990643
epoch 380, training accuracy 0.990819
epoch 390, training accuracy 0.990924
epoch 400, training accuracy 0.991099
epoch 410, training accuracy 0.991274
epoch 420, training accuracy 0.991344
epoch 430, training accuracy 0.991414
epoch 440, training accuracy 0.991695
epoch 450, training accuracy 0.991660
epoch 460, training accuracy 0.991870
epoch 470, training accuracy 0.991940
epoch 480, training accuracy 0.992045
epoch 490, training accuracy 0.992010
epoch 500, training accuracy 0.992080
epoch 510, training accuracy 0.992080
epoch 520, training accuracy 0.992045
epoch 530, training accuracy 0.992115
epoch 540, training accuracy 0.992150
epoch 550, training accuracy 0.992185
epoch 560, training accuracy 0.992220
epoch 570, training accuracy 0.992255
epoch 580, training accuracy 0.992220
epoch 590, training accuracy 0.992220
epoch 600, training accuracy 0.992255
epoch 610, training accuracy 0.992185
epoch 620, training accuracy 0.992185
epoch 630, training accuracy 0.992220
epoch 640, training accuracy 0.992325
epoch 650, training accuracy 0.992361
epoch 660, training accuracy 0.992361
epoch 670, training accuracy 0.992466
epoch 680, training accuracy 0.992466
epoch 690, training accuracy 0.992501
epoch 700, training accuracy 0.992501
epoch 710, training accuracy 0.992571
epoch 720, training accuracy 0.992606
epoch 730, training accuracy 0.992641
epoch 740, training accuracy 0.992641
epoch 750, training accuracy 0.992676
epoch 760, training accuracy 0.992781
epoch 770, training accuracy 0.992816
epoch 780, training accuracy 0.992851
epoch 790, training accuracy 0.992886
epoch 800, training accuracy 0.992921
epoch 810, training accuracy 0.992921
epoch 820, training accuracy 0.992956
epoch 830, training accuracy 0.993026
epoch 840, training accuracy 0.993061
epoch 850, training accuracy 0.993061
epoch 860, training accuracy 0.993061
epoch 870, training accuracy 0.993026
epoch 880, training accuracy 0.993026
epoch 890, training accuracy 0.993026
epoch 900, training accuracy 0.993026
epoch 910, training accuracy 0.993061
epoch 920, training accuracy 0.993061
epoch 930, training accuracy 0.993026
epoch 940, training accuracy 0.993096
epoch 950, training accuracy 0.993096
epoch 960, training accuracy 0.993061
epoch 970, training accuracy 0.993096
epoch 980, training accuracy 0.993061
epoch 990, training accuracy 0.993026
epoch 1000, training accuracy 0.993026
epoch 1010, training accuracy 0.992991
epoch 1020, training accuracy 0.993026
epoch 1030, training accuracy 0.993026
epoch 1040, training accuracy 0.992991
epoch 1050, training accuracy 0.992956
epoch 1060, training accuracy 0.993096
epoch 1070, training accuracy 0.992991
epoch 1080, training accuracy 0.993026
epoch 1090, training accuracy 0.993061
epoch 1100, training accuracy 0.993131
epoch 1110, training accuracy 0.993096
epoch 1120, training accuracy 0.993167
epoch 1130, training accuracy 0.993096
epoch 1140, training accuracy 0.993096
epoch 1150, training accuracy 0.993202
epoch 1160, training accuracy 0.993131
epoch 1170, training accuracy 0.993096
epoch 1180, training accuracy 0.993167
epoch 1190, training accuracy 0.993167
epoch 1200, training accuracy 0.993167
epoch 1210, training accuracy 0.993202
epoch 1220, training accuracy 0.993167
epoch 1230, training accuracy 0.993167
epoch 1240, training accuracy 0.993167
epoch 1250, training accuracy 0.993202
epoch 1260, training accuracy 0.993202
epoch 1270, training accuracy 0.993202
epoch 1280, training accuracy 0.993202
epoch 1290, training accuracy 0.993202
epoch 1300, training accuracy 0.993202
epoch 1310, training accuracy 0.993202
epoch 1320, training accuracy 0.993202
epoch 1330, training accuracy 0.993202
epoch 1340, training accuracy 0.993202
epoch 1350, training accuracy 0.993237
epoch 1360, training accuracy 0.993202
epoch 1370, training accuracy 0.993202
epoch 1380, training accuracy 0.993342
epoch 1390, training accuracy 0.993237
epoch 1400, training accuracy 0.993237
epoch 1410, training accuracy 0.993342
epoch 1420, training accuracy 0.993307
epoch 1430, training accuracy 0.993272
epoch 1440, training accuracy 0.993447
epoch 1450, training accuracy 0.993342
epoch 1460, training accuracy 0.993342
epoch 1470, training accuracy 0.993482
epoch 1480, training accuracy 0.993482
epoch 1490, training accuracy 0.993447
epoch 1500, training accuracy 0.993482
epoch 1510, training accuracy 0.993447
epoch 1520, training accuracy 0.993447
epoch 1530, training accuracy 0.993447
epoch 1540, training accuracy 0.993447
epoch 1550, training accuracy 0.993482
epoch 1560, training accuracy 0.993482
epoch 1570, training accuracy 0.993482
epoch 1580, training accuracy 0.993482
epoch 1590, training accuracy 0.993482
epoch 1600, training accuracy 0.993482
epoch 1610, training accuracy 0.993482
epoch 1620, training accuracy 0.993482
epoch 1630, training accuracy 0.993482
epoch 1640, training accuracy 0.993447
epoch 1650, training accuracy 0.993482
epoch 1660, training accuracy 0.993482
epoch 1670, training accuracy 0.993482
epoch 1680, training accuracy 0.993482
epoch 1690, training accuracy 0.993447
epoch 1700, training accuracy 0.993482
epoch 1710, training accuracy 0.993482
epoch 1720, training accuracy 0.993447
epoch 1730, training accuracy 0.993482
epoch 1740, training accuracy 0.993447
epoch 1750, training accuracy 0.993447
epoch 1760, training accuracy 0.993482
epoch 1770, training accuracy 0.993482
epoch 1780, training accuracy 0.993482
epoch 1790, training accuracy 0.993447
epoch 1800, training accuracy 0.993482
epoch 1810, training accuracy 0.993482
epoch 1820, training accuracy 0.993482
epoch 1830, training accuracy 0.993482
epoch 1840, training accuracy 0.993482
epoch 1850, training accuracy 0.993447
epoch 1860, training accuracy 0.993482
epoch 1870, training accuracy 0.993447
epoch 1880, training accuracy 0.993447
epoch 1890, training accuracy 0.993482
epoch 1900, training accuracy 0.993482
epoch 1910, training accuracy 0.993482
epoch 1920, training accuracy 0.993447
epoch 1930, training accuracy 0.993482
epoch 1940, training accuracy 0.993482
epoch 1950, training accuracy 0.993447
epoch 1960, training accuracy 0.993517
epoch 1970, training accuracy 0.993482
epoch 1980, training accuracy 0.993482
epoch 1990, training accuracy 0.993517
epoch 2000, training accuracy 0.993517
epoch 2010, training accuracy 0.993482
epoch 2020, training accuracy 0.993517
epoch 2030, training accuracy 0.993517
epoch 2040, training accuracy 0.993517
epoch 2050, training accuracy 0.993517
epoch 2060, training accuracy 0.993517
epoch 2070, training accuracy 0.993517
epoch 2080, training accuracy 0.993552
epoch 2090, training accuracy 0.993517
epoch 2100, training accuracy 0.993552
epoch 2110, training accuracy 0.993552
epoch 2120, training accuracy 0.993552
epoch 2130, training accuracy 0.993552
epoch 2140, training accuracy 0.993552
epoch 2150, training accuracy 0.993587
epoch 2160, training accuracy 0.993587
epoch 2170, training accuracy 0.993587
epoch 2180, training accuracy 0.993587
epoch 2190, training accuracy 0.993552
epoch 2200, training accuracy 0.993587
epoch 2210, training accuracy 0.993587
epoch 2220, training accuracy 0.993552
epoch 2230, training accuracy 0.993587
epoch 2240, training accuracy 0.993587
epoch 2250, training accuracy 0.993517
epoch 2260, training accuracy 0.993587
epoch 2270, training accuracy 0.993587
epoch 2280, training accuracy 0.993552
epoch 2290, training accuracy 0.993587
epoch 2300, training accuracy 0.993552
epoch 2310, training accuracy 0.993552
epoch 2320, training accuracy 0.993517
epoch 2330, training accuracy 0.993552
epoch 2340, training accuracy 0.993552
epoch 2350, training accuracy 0.993482
epoch 2360, training accuracy 0.993482
epoch 2370, training accuracy 0.993482
epoch 2380, training accuracy 0.993482
epoch 2390, training accuracy 0.993482
epoch 2400, training accuracy 0.993482
epoch 2410, training accuracy 0.993482
epoch 2420, training accuracy 0.993482
epoch 2430, training accuracy 0.993482
epoch 2440, training accuracy 0.993447
epoch 2450, training accuracy 0.993482
epoch 2460, training accuracy 0.993482
epoch 2470, training accuracy 0.993447
epoch 2480, training accuracy 0.993447
epoch 2490, training accuracy 0.993447
epoch 2500, training accuracy 0.993482
epoch 2510, training accuracy 0.993447
epoch 2520, training accuracy 0.993482
epoch 2530, training accuracy 0.993517
epoch 2540, training accuracy 0.993517
epoch 2550, training accuracy 0.993482
epoch 2560, training accuracy 0.993482
epoch 2570, training accuracy 0.993517
epoch 2580, training accuracy 0.993482
epoch 2590, training accuracy 0.993482
epoch 2600, training accuracy 0.993517
epoch 2610, training accuracy 0.993482
epoch 2620, training accuracy 0.993482
epoch 2630, training accuracy 0.993517
epoch 2640, training accuracy 0.993517
epoch 2650, training accuracy 0.993517
epoch 2660, training accuracy 0.993517
epoch 2670, training accuracy 0.993517
epoch 2680, training accuracy 0.993517
epoch 2690, training accuracy 0.993517
epoch 2700, training accuracy 0.993517
epoch 2710, training accuracy 0.993517
epoch 2720, training accuracy 0.993517
epoch 2730, training accuracy 0.993517
epoch 2740, training accuracy 0.993517
epoch 2750, training accuracy 0.993517
epoch 2760, training accuracy 0.993517
epoch 2770, training accuracy 0.993482
epoch 2780, training accuracy 0.993517
epoch 2790, training accuracy 0.993517
epoch 2800, training accuracy 0.993447
epoch 2810, training accuracy 0.993517
epoch 2820, training accuracy 0.993517
epoch 2830, training accuracy 0.993517
epoch 2840, training accuracy 0.993482
epoch 2850, training accuracy 0.993517
epoch 2860, training accuracy 0.993482
epoch 2870, training accuracy 0.993447
epoch 2880, training accuracy 0.993517
epoch 2890, training accuracy 0.993447
epoch 2900, training accuracy 0.993447
epoch 2910, training accuracy 0.993447
epoch 2920, training accuracy 0.993447
epoch 2930, training accuracy 0.993447
epoch 2940, training accuracy 0.993447
epoch 2950, training accuracy 0.993447
epoch 2960, training accuracy 0.993447
epoch 2970, training accuracy 0.993412
epoch 2980, training accuracy 0.993447
epoch 2990, training accuracy 0.993412
epoch 3000, training accuracy 0.993377
/tmp/know_no_validate.py loaded, containing 7038 entries, class distribution: [3519 3519]
correct: [3462, 3469]
incorrect: [29, 15]
accuracy: [0.9916929246634202, 0.9956946039035591]
unclassified: [28, 35]
total accuracy: [0.9838022165387894, 0.985791418016482]
Sun Oct 22 21:37:19 CEST 2017 finished, res_training/eng/know_no
Mon Oct 23 08:09:38 CEST 2017 create_training_files
/tmp/know_no
44969 lines
17224 know
28109 no
/tmp/know_no_training
35976 lines
13731 know
22545 no
/tmp/know_no_validate
8993 lines
3493 know
5564 no
generate /tmp/know_no_training.py, /tmp/know_no_validate.py
:compileJava UP-TO-DATE
:processResources UP-TO-DATE
:classes UP-TO-DATE
:createNGramDatabase
Reading /tmp/know_no_training
Tokenizing
undersampling to 14184
/tmp/know_no_training.pycreated
Reading /tmp/know_no_validate
Tokenizing
undersampling to 3603
/tmp/know_no_validate.pycreated

BUILD SUCCESSFUL

Total time: 8.169 secs

This build could be faster, please consider using the Gradle Daemon: https://docs.gradle.org/2.10/userguide/gradle_daemon.html
Mon Oct 23 08:09:55 CEST 2017 create_classifier
{'num_inputs': 4, 'epochs': 3000, 'training_data_file': '/tmp/know_no_training.py', 'num_outputs': 2, 'embedding_path': 'res_training/eng/embedding/final_embeddings.txt', 'batch_size': 1000, 'use_flex_hidden_layer': False, 'self': <__main__.NeuralNetwork object at 0x2aabe63f1a58>, 'dictionary_path': 'res_training/eng/embedding/dictionary.txt'}
embedding shape (42122, 64)
/tmp/know_no_training.py loaded, containing 28368 entries, class distribution: [14184 14184]
Steps: 84000, 28 steps in 3000 epochs
epoch 0, training accuracy 0.547166
epoch 10, training accuracy 0.852298
epoch 20, training accuracy 0.922131
epoch 30, training accuracy 0.946277
epoch 40, training accuracy 0.957840
epoch 50, training accuracy 0.964150
epoch 60, training accuracy 0.968274
epoch 70, training accuracy 0.971729
epoch 80, training accuracy 0.974373
epoch 90, training accuracy 0.976347
epoch 100, training accuracy 0.977686
epoch 110, training accuracy 0.978920
epoch 120, training accuracy 0.980612
epoch 130, training accuracy 0.981352
epoch 140, training accuracy 0.981881
epoch 150, training accuracy 0.982798
epoch 160, training accuracy 0.983644
epoch 170, training accuracy 0.984842
epoch 180, training accuracy 0.985618
epoch 190, training accuracy 0.986217
epoch 200, training accuracy 0.986499
epoch 210, training accuracy 0.987028
epoch 220, training accuracy 0.987415
epoch 230, training accuracy 0.987803
epoch 240, training accuracy 0.987979
epoch 250, training accuracy 0.988226
epoch 260, training accuracy 0.988720
epoch 270, training accuracy 0.988966
epoch 280, training accuracy 0.989248
epoch 290, training accuracy 0.989636
epoch 300, training accuracy 0.989848
epoch 310, training accuracy 0.990024
epoch 320, training accuracy 0.990024
epoch 330, training accuracy 0.990130
epoch 340, training accuracy 0.990235
epoch 350, training accuracy 0.990412
epoch 360, training accuracy 0.990553
epoch 370, training accuracy 0.990623
epoch 380, training accuracy 0.990799
epoch 390, training accuracy 0.990905
epoch 400, training accuracy 0.990905
epoch 410, training accuracy 0.990870
epoch 420, training accuracy 0.990870
epoch 430, training accuracy 0.990941
epoch 440, training accuracy 0.990976
epoch 450, training accuracy 0.990976
epoch 460, training accuracy 0.991152
epoch 470, training accuracy 0.991223
epoch 480, training accuracy 0.991258
epoch 490, training accuracy 0.991434
epoch 500, training accuracy 0.991434
epoch 510, training accuracy 0.991469
epoch 520, training accuracy 0.991504
epoch 530, training accuracy 0.991575
epoch 540, training accuracy 0.991575
epoch 550, training accuracy 0.991646
epoch 560, training accuracy 0.991681
epoch 570, training accuracy 0.991716
epoch 580, training accuracy 0.991751
epoch 590, training accuracy 0.991787
epoch 600, training accuracy 0.991822
epoch 610, training accuracy 0.991892
epoch 620, training accuracy 0.991928
epoch 630, training accuracy 0.991928
epoch 640, training accuracy 0.992033
epoch 650, training accuracy 0.992033
epoch 660, training accuracy 0.992104
epoch 670, training accuracy 0.992069
epoch 680, training accuracy 0.992104
epoch 690, training accuracy 0.992139
epoch 700, training accuracy 0.992174
epoch 710, training accuracy 0.992174
epoch 720, training accuracy 0.992174
epoch 730, training accuracy 0.992245
epoch 740, training accuracy 0.992245
epoch 750, training accuracy 0.992280
epoch 760, training accuracy 0.992280
epoch 770, training accuracy 0.992245
epoch 780, training accuracy 0.992280
epoch 790, training accuracy 0.992315
epoch 800, training accuracy 0.992386
epoch 810, training accuracy 0.992421
epoch 820, training accuracy 0.992456
epoch 830, training accuracy 0.992456
epoch 840, training accuracy 0.992492
epoch 850, training accuracy 0.992492
epoch 860, training accuracy 0.992492
epoch 870, training accuracy 0.992492
epoch 880, training accuracy 0.992527
epoch 890, training accuracy 0.992492
epoch 900, training accuracy 0.992527
epoch 910, training accuracy 0.992492
epoch 920, training accuracy 0.992492
epoch 930, training accuracy 0.992492
epoch 940, training accuracy 0.992492
epoch 950, training accuracy 0.992492
epoch 960, training accuracy 0.992527
epoch 970, training accuracy 0.992562
epoch 980, training accuracy 0.992562
epoch 990, training accuracy 0.992527
epoch 1000, training accuracy 0.992527
epoch 1010, training accuracy 0.992527
epoch 1020, training accuracy 0.992527
epoch 1030, training accuracy 0.992562
epoch 1040, training accuracy 0.992562
epoch 1050, training accuracy 0.992562
epoch 1060, training accuracy 0.992562
epoch 1070, training accuracy 0.992562
epoch 1080, training accuracy 0.992562
epoch 1090, training accuracy 0.992527
epoch 1100, training accuracy 0.992668
epoch 1110, training accuracy 0.992633
epoch 1120, training accuracy 0.992597
epoch 1130, training accuracy 0.992703
epoch 1140, training accuracy 0.992668
epoch 1150, training accuracy 0.992703
epoch 1160, training accuracy 0.992703
epoch 1170, training accuracy 0.992668
epoch 1180, training accuracy 0.992668
epoch 1190, training accuracy 0.992703
epoch 1200, training accuracy 0.992703
epoch 1210, training accuracy 0.992703
epoch 1220, training accuracy 0.992668
epoch 1230, training accuracy 0.992668
epoch 1240, training accuracy 0.992668
epoch 1250, training accuracy 0.992633
epoch 1260, training accuracy 0.992668
epoch 1270, training accuracy 0.992668
epoch 1280, training accuracy 0.992668
epoch 1290, training accuracy 0.992668
epoch 1300, training accuracy 0.992703
epoch 1310, training accuracy 0.992703
epoch 1320, training accuracy 0.992703
epoch 1330, training accuracy 0.992668
epoch 1340, training accuracy 0.992738
epoch 1350, training accuracy 0.992703
epoch 1360, training accuracy 0.992738
epoch 1370, training accuracy 0.992738
epoch 1380, training accuracy 0.992738
epoch 1390, training accuracy 0.992738
epoch 1400, training accuracy 0.992738
epoch 1410, training accuracy 0.992703
epoch 1420, training accuracy 0.992738
epoch 1430, training accuracy 0.992703
epoch 1440, training accuracy 0.992703
epoch 1450, training accuracy 0.992703
epoch 1460, training accuracy 0.992703
epoch 1470, training accuracy 0.992703
epoch 1480, training accuracy 0.992703
epoch 1490, training accuracy 0.992703
epoch 1500, training accuracy 0.992703
epoch 1510, training accuracy 0.992668
epoch 1520, training accuracy 0.992668
epoch 1530, training accuracy 0.992633
epoch 1540, training accuracy 0.992633
epoch 1550, training accuracy 0.992633
epoch 1560, training accuracy 0.992633
epoch 1570, training accuracy 0.992633
epoch 1580, training accuracy 0.992597
epoch 1590, training accuracy 0.992633
epoch 1600, training accuracy 0.992633
epoch 1610, training accuracy 0.992668
epoch 1620, training accuracy 0.992668
epoch 1630, training accuracy 0.992668
epoch 1640, training accuracy 0.992668
epoch 1650, training accuracy 0.992633
epoch 1660, training accuracy 0.992633
epoch 1670, training accuracy 0.992738
epoch 1680, training accuracy 0.992703
epoch 1690, training accuracy 0.992703
epoch 1700, training accuracy 0.992738
epoch 1710, training accuracy 0.992703
epoch 1720, training accuracy 0.992703
epoch 1730, training accuracy 0.992738
epoch 1740, training accuracy 0.992703
epoch 1750, training accuracy 0.992703
epoch 1760, training accuracy 0.992703
epoch 1770, training accuracy 0.992703
epoch 1780, training accuracy 0.992703
epoch 1790, training accuracy 0.992703
epoch 1800, training accuracy 0.992703
epoch 1810, training accuracy 0.992703
epoch 1820, training accuracy 0.992703
epoch 1830, training accuracy 0.992738
epoch 1840, training accuracy 0.992774
epoch 1850, training accuracy 0.992774
epoch 1860, training accuracy 0.992774
epoch 1870, training accuracy 0.992774
epoch 1880, training accuracy 0.992774
epoch 1890, training accuracy 0.992774
epoch 1900, training accuracy 0.992809
epoch 1910, training accuracy 0.992809
epoch 1920, training accuracy 0.992809
epoch 1930, training accuracy 0.992844
epoch 1940, training accuracy 0.992774
epoch 1950, training accuracy 0.992809
epoch 1960, training accuracy 0.992809
epoch 1970, training accuracy 0.992809
epoch 1980, training accuracy 0.992844
epoch 1990, training accuracy 0.992844
epoch 2000, training accuracy 0.992844
epoch 2010, training accuracy 0.992844
epoch 2020, training accuracy 0.992844
epoch 2030, training accuracy 0.992844
epoch 2040, training accuracy 0.992844
epoch 2050, training accuracy 0.992844
epoch 2060, training accuracy 0.992844
epoch 2070, training accuracy 0.992844
epoch 2080, training accuracy 0.992844
epoch 2090, training accuracy 0.992844
epoch 2100, training accuracy 0.992879
epoch 2110, training accuracy 0.992879
epoch 2120, training accuracy 0.992844
epoch 2130, training accuracy 0.992879
epoch 2140, training accuracy 0.992879
epoch 2150, training accuracy 0.992879
epoch 2160, training accuracy 0.992879
epoch 2170, training accuracy 0.992844
epoch 2180, training accuracy 0.992879
epoch 2190, training accuracy 0.992844
epoch 2200, training accuracy 0.992844
epoch 2210, training accuracy 0.992879
epoch 2220, training accuracy 0.992879
epoch 2230, training accuracy 0.992915
epoch 2240, training accuracy 0.992950
epoch 2250, training accuracy 0.992950
epoch 2260, training accuracy 0.992950
epoch 2270, training accuracy 0.992950
epoch 2280, training accuracy 0.992950
epoch 2290, training accuracy 0.992950
epoch 2300, training accuracy 0.992950
epoch 2310, training accuracy 0.992950
epoch 2320, training accuracy 0.992950
epoch 2330, training accuracy 0.992950
epoch 2340, training accuracy 0.992985
epoch 2350, training accuracy 0.992950
epoch 2360, training accuracy 0.992985
epoch 2370, training accuracy 0.992985
epoch 2380, training accuracy 0.993020
epoch 2390, training accuracy 0.992985
epoch 2400, training accuracy 0.992985
epoch 2410, training accuracy 0.993020
epoch 2420, training accuracy 0.993020
epoch 2430, training accuracy 0.993020
epoch 2440, training accuracy 0.993020
epoch 2450, training accuracy 0.993020
epoch 2460, training accuracy 0.993020
epoch 2470, training accuracy 0.993020
epoch 2480, training accuracy 0.993020
epoch 2490, training accuracy 0.993020
epoch 2500, training accuracy 0.993020
epoch 2510, training accuracy 0.993020
epoch 2520, training accuracy 0.993020
epoch 2530, training accuracy 0.993020
epoch 2540, training accuracy 0.993020
epoch 2550, training accuracy 0.993020
epoch 2560, training accuracy 0.993020
epoch 2570, training accuracy 0.993020
epoch 2580, training accuracy 0.993020
epoch 2590, training accuracy 0.993020
epoch 2600, training accuracy 0.993020
epoch 2610, training accuracy 0.993056
epoch 2620, training accuracy 0.993056
epoch 2630, training accuracy 0.993056
epoch 2640, training accuracy 0.993091
epoch 2650, training accuracy 0.993091
epoch 2660, training accuracy 0.993056
epoch 2670, training accuracy 0.993091
epoch 2680, training accuracy 0.993091
epoch 2690, training accuracy 0.993056
epoch 2700, training accuracy 0.993091
epoch 2710, training accuracy 0.993056
epoch 2720, training accuracy 0.993056
epoch 2730, training accuracy 0.993091
epoch 2740, training accuracy 0.993056
epoch 2750, training accuracy 0.993091
epoch 2760, training accuracy 0.993091
epoch 2770, training accuracy 0.993091
epoch 2780, training accuracy 0.993091
epoch 2790, training accuracy 0.993091
epoch 2800, training accuracy 0.993091
epoch 2810, training accuracy 0.993126
epoch 2820, training accuracy 0.993126
epoch 2830, training accuracy 0.993126
epoch 2840, training accuracy 0.993091
epoch 2850, training accuracy 0.993091
epoch 2860, training accuracy 0.993126
epoch 2870, training accuracy 0.993056
epoch 2880, training accuracy 0.993056
epoch 2890, training accuracy 0.993091
epoch 2900, training accuracy 0.993056
epoch 2910, training accuracy 0.993056
epoch 2920, training accuracy 0.993056
epoch 2930, training accuracy 0.993056
epoch 2940, training accuracy 0.993056
epoch 2950, training accuracy 0.993020
epoch 2960, training accuracy 0.993020
epoch 2970, training accuracy 0.993020
epoch 2980, training accuracy 0.993020
epoch 2990, training accuracy 0.993020
epoch 3000, training accuracy 0.993020
/tmp/know_no_validate.py loaded, containing 7206 entries, class distribution: [3603 3603]
correct: [3541, 3547]
incorrect: [22, 16]
accuracy: [0.9938254280101039, 0.9955094021891664]
unclassified: [40, 40]
total accuracy: [0.9827921176797113, 0.9844573966139328]
Mon Oct 23 08:15:26 CEST 2017 finished, res_training/eng/know_no
