Sun Oct 22 20:10:06 CEST 2017 create_training_files
/tmp/field_filled
5751 lines
4457 field
1305 filled
/tmp/field_filled_training
4601 lines
3556 field
1055 filled
/tmp/field_filled_validate
1150 lines
901 field
250 filled
generate /tmp/field_filled_training.py, /tmp/field_filled_validate.py
:compileJava UP-TO-DATE
:processResources UP-TO-DATE
:classes UP-TO-DATE
:createNGramDatabase
Reading /tmp/field_filled_training
Tokenizing
undersampling to 1062
/tmp/field_filled_training.pycreated
Reading /tmp/field_filled_validate
Tokenizing
undersampling to 252
/tmp/field_filled_validate.pycreated

BUILD SUCCESSFUL

Total time: 5.335 secs

This build could be faster, please consider using the Gradle Daemon: https://docs.gradle.org/2.10/userguide/gradle_daemon.html
Sun Oct 22 20:10:17 CEST 2017 create_classifier
{'num_inputs': 4, 'use_flex_hidden_layer': False, 'num_outputs': 2, 'self': <__main__.NeuralNetwork object at 0x2b2256d48a58>, 'dictionary_path': 'res_training/eng/embedding/dictionary.txt', 'epochs': 3000, 'training_data_file': '/tmp/field_filled_training.py', 'batch_size': 1000, 'embedding_path': 'res_training/eng/embedding/final_embeddings.txt'}
embedding shape (42122, 64)
/tmp/field_filled_training.py loaded, containing 2124 entries, class distribution: [1062 1062]
Steps: 6000, 2 steps in 3000 epochs
epoch 0, training accuracy 0.514124
epoch 10, training accuracy 0.533898
epoch 20, training accuracy 0.549435
epoch 30, training accuracy 0.572034
epoch 40, training accuracy 0.604049
epoch 50, training accuracy 0.626648
epoch 60, training accuracy 0.652072
epoch 70, training accuracy 0.667138
epoch 80, training accuracy 0.684557
epoch 90, training accuracy 0.708569
epoch 100, training accuracy 0.720810
epoch 110, training accuracy 0.738230
epoch 120, training accuracy 0.756121
epoch 130, training accuracy 0.766008
epoch 140, training accuracy 0.782957
epoch 150, training accuracy 0.791431
epoch 160, training accuracy 0.801789
epoch 170, training accuracy 0.821563
epoch 180, training accuracy 0.828625
epoch 190, training accuracy 0.837100
epoch 200, training accuracy 0.846045
epoch 210, training accuracy 0.851695
epoch 220, training accuracy 0.858757
epoch 230, training accuracy 0.865348
epoch 240, training accuracy 0.868644
epoch 250, training accuracy 0.872411
epoch 260, training accuracy 0.879473
epoch 270, training accuracy 0.882768
epoch 280, training accuracy 0.885122
epoch 290, training accuracy 0.887947
epoch 300, training accuracy 0.892185
epoch 310, training accuracy 0.894068
epoch 320, training accuracy 0.897363
epoch 330, training accuracy 0.896422
epoch 340, training accuracy 0.898776
epoch 350, training accuracy 0.901601
epoch 360, training accuracy 0.903013
epoch 370, training accuracy 0.904896
epoch 380, training accuracy 0.905367
epoch 390, training accuracy 0.906780
epoch 400, training accuracy 0.908192
epoch 410, training accuracy 0.908192
epoch 420, training accuracy 0.907721
epoch 430, training accuracy 0.909134
epoch 440, training accuracy 0.909605
epoch 450, training accuracy 0.911488
epoch 460, training accuracy 0.911488
epoch 470, training accuracy 0.912429
epoch 480, training accuracy 0.913842
epoch 490, training accuracy 0.914783
epoch 500, training accuracy 0.914783
epoch 510, training accuracy 0.915254
epoch 520, training accuracy 0.915254
epoch 530, training accuracy 0.915254
epoch 540, training accuracy 0.916667
epoch 550, training accuracy 0.916196
epoch 560, training accuracy 0.915725
epoch 570, training accuracy 0.918079
epoch 580, training accuracy 0.919021
epoch 590, training accuracy 0.919962
epoch 600, training accuracy 0.920904
epoch 610, training accuracy 0.921375
epoch 620, training accuracy 0.921375
epoch 630, training accuracy 0.921846
epoch 640, training accuracy 0.922316
epoch 650, training accuracy 0.922316
epoch 660, training accuracy 0.922787
epoch 670, training accuracy 0.922787
epoch 680, training accuracy 0.922316
epoch 690, training accuracy 0.923258
epoch 700, training accuracy 0.923729
epoch 710, training accuracy 0.923258
epoch 720, training accuracy 0.923729
epoch 730, training accuracy 0.924670
epoch 740, training accuracy 0.925141
epoch 750, training accuracy 0.924670
epoch 760, training accuracy 0.925612
epoch 770, training accuracy 0.926554
epoch 780, training accuracy 0.926554
epoch 790, training accuracy 0.927966
epoch 800, training accuracy 0.927966
epoch 810, training accuracy 0.928908
epoch 820, training accuracy 0.929379
epoch 830, training accuracy 0.929379
epoch 840, training accuracy 0.929379
epoch 850, training accuracy 0.929849
epoch 860, training accuracy 0.930791
epoch 870, training accuracy 0.931262
epoch 880, training accuracy 0.931733
epoch 890, training accuracy 0.931733
epoch 900, training accuracy 0.931733
epoch 910, training accuracy 0.932203
epoch 920, training accuracy 0.932674
epoch 930, training accuracy 0.932674
epoch 940, training accuracy 0.933145
epoch 950, training accuracy 0.933145
epoch 960, training accuracy 0.933145
epoch 970, training accuracy 0.933145
epoch 980, training accuracy 0.933145
epoch 990, training accuracy 0.933145
epoch 1000, training accuracy 0.934087
epoch 1010, training accuracy 0.934087
epoch 1020, training accuracy 0.934087
epoch 1030, training accuracy 0.934557
epoch 1040, training accuracy 0.934557
epoch 1050, training accuracy 0.934557
epoch 1060, training accuracy 0.934557
epoch 1070, training accuracy 0.935028
epoch 1080, training accuracy 0.935028
epoch 1090, training accuracy 0.935028
epoch 1100, training accuracy 0.935970
epoch 1110, training accuracy 0.936441
epoch 1120, training accuracy 0.937382
epoch 1130, training accuracy 0.937382
epoch 1140, training accuracy 0.937382
epoch 1150, training accuracy 0.937853
epoch 1160, training accuracy 0.938324
epoch 1170, training accuracy 0.938324
epoch 1180, training accuracy 0.938795
epoch 1190, training accuracy 0.939266
epoch 1200, training accuracy 0.939736
epoch 1210, training accuracy 0.940207
epoch 1220, training accuracy 0.940678
epoch 1230, training accuracy 0.940678
epoch 1240, training accuracy 0.942090
epoch 1250, training accuracy 0.942561
epoch 1260, training accuracy 0.942561
epoch 1270, training accuracy 0.943032
epoch 1280, training accuracy 0.943503
epoch 1290, training accuracy 0.943974
epoch 1300, training accuracy 0.944444
epoch 1310, training accuracy 0.944444
epoch 1320, training accuracy 0.944444
epoch 1330, training accuracy 0.944915
epoch 1340, training accuracy 0.945386
epoch 1350, training accuracy 0.945857
epoch 1360, training accuracy 0.946799
epoch 1370, training accuracy 0.947269
epoch 1380, training accuracy 0.947269
epoch 1390, training accuracy 0.948211
epoch 1400, training accuracy 0.948211
epoch 1410, training accuracy 0.948682
epoch 1420, training accuracy 0.949153
epoch 1430, training accuracy 0.949153
epoch 1440, training accuracy 0.949623
epoch 1450, training accuracy 0.950094
epoch 1460, training accuracy 0.950094
epoch 1470, training accuracy 0.950094
epoch 1480, training accuracy 0.950094
epoch 1490, training accuracy 0.950094
epoch 1500, training accuracy 0.950094
epoch 1510, training accuracy 0.950094
epoch 1520, training accuracy 0.950565
epoch 1530, training accuracy 0.951507
epoch 1540, training accuracy 0.951507
epoch 1550, training accuracy 0.951977
epoch 1560, training accuracy 0.951977
epoch 1570, training accuracy 0.951977
epoch 1580, training accuracy 0.952448
epoch 1590, training accuracy 0.952448
epoch 1600, training accuracy 0.953390
epoch 1610, training accuracy 0.953390
epoch 1620, training accuracy 0.953861
epoch 1630, training accuracy 0.954331
epoch 1640, training accuracy 0.954802
epoch 1650, training accuracy 0.954802
epoch 1660, training accuracy 0.955273
epoch 1670, training accuracy 0.955273
epoch 1680, training accuracy 0.955273
epoch 1690, training accuracy 0.955273
epoch 1700, training accuracy 0.955744
epoch 1710, training accuracy 0.956215
epoch 1720, training accuracy 0.956685
epoch 1730, training accuracy 0.956685
epoch 1740, training accuracy 0.956685
epoch 1750, training accuracy 0.957156
epoch 1760, training accuracy 0.957156
epoch 1770, training accuracy 0.957156
epoch 1780, training accuracy 0.957156
epoch 1790, training accuracy 0.957156
epoch 1800, training accuracy 0.957156
epoch 1810, training accuracy 0.957156
epoch 1820, training accuracy 0.957156
epoch 1830, training accuracy 0.957627
epoch 1840, training accuracy 0.957627
epoch 1850, training accuracy 0.957627
epoch 1860, training accuracy 0.957627
epoch 1870, training accuracy 0.958098
epoch 1880, training accuracy 0.958098
epoch 1890, training accuracy 0.957627
epoch 1900, training accuracy 0.957627
epoch 1910, training accuracy 0.957627
epoch 1920, training accuracy 0.958098
epoch 1930, training accuracy 0.958098
epoch 1940, training accuracy 0.958098
epoch 1950, training accuracy 0.958098
epoch 1960, training accuracy 0.958569
epoch 1970, training accuracy 0.959040
epoch 1980, training accuracy 0.959040
epoch 1990, training accuracy 0.959040
epoch 2000, training accuracy 0.959040
epoch 2010, training accuracy 0.959510
epoch 2020, training accuracy 0.959510
epoch 2030, training accuracy 0.959510
epoch 2040, training accuracy 0.959510
epoch 2050, training accuracy 0.959981
epoch 2060, training accuracy 0.959981
epoch 2070, training accuracy 0.959981
epoch 2080, training accuracy 0.959981
epoch 2090, training accuracy 0.959981
epoch 2100, training accuracy 0.959981
epoch 2110, training accuracy 0.959510
epoch 2120, training accuracy 0.959510
epoch 2130, training accuracy 0.959510
epoch 2140, training accuracy 0.959510
epoch 2150, training accuracy 0.959510
epoch 2160, training accuracy 0.959981
epoch 2170, training accuracy 0.959981
epoch 2180, training accuracy 0.960452
epoch 2190, training accuracy 0.960452
epoch 2200, training accuracy 0.960452
epoch 2210, training accuracy 0.960923
epoch 2220, training accuracy 0.960923
epoch 2230, training accuracy 0.960923
epoch 2240, training accuracy 0.960923
epoch 2250, training accuracy 0.962335
epoch 2260, training accuracy 0.962335
epoch 2270, training accuracy 0.962335
epoch 2280, training accuracy 0.962335
epoch 2290, training accuracy 0.962806
epoch 2300, training accuracy 0.962806
epoch 2310, training accuracy 0.962806
epoch 2320, training accuracy 0.962806
epoch 2330, training accuracy 0.962806
epoch 2340, training accuracy 0.962806
epoch 2350, training accuracy 0.962806
epoch 2360, training accuracy 0.962806
epoch 2370, training accuracy 0.962806
epoch 2380, training accuracy 0.962806
epoch 2390, training accuracy 0.962806
epoch 2400, training accuracy 0.962806
epoch 2410, training accuracy 0.962806
epoch 2420, training accuracy 0.962806
epoch 2430, training accuracy 0.962806
epoch 2440, training accuracy 0.962806
epoch 2450, training accuracy 0.962806
epoch 2460, training accuracy 0.962806
epoch 2470, training accuracy 0.963277
epoch 2480, training accuracy 0.963277
epoch 2490, training accuracy 0.963277
epoch 2500, training accuracy 0.963277
epoch 2510, training accuracy 0.963277
epoch 2520, training accuracy 0.963277
epoch 2530, training accuracy 0.962806
epoch 2540, training accuracy 0.962806
epoch 2550, training accuracy 0.962806
epoch 2560, training accuracy 0.962806
epoch 2570, training accuracy 0.962806
epoch 2580, training accuracy 0.962806
epoch 2590, training accuracy 0.962806
epoch 2600, training accuracy 0.963277
epoch 2610, training accuracy 0.963277
epoch 2620, training accuracy 0.963277
epoch 2630, training accuracy 0.963277
epoch 2640, training accuracy 0.963277
epoch 2650, training accuracy 0.963277
epoch 2660, training accuracy 0.963277
epoch 2670, training accuracy 0.962806
epoch 2680, training accuracy 0.962806
epoch 2690, training accuracy 0.962806
epoch 2700, training accuracy 0.962806
epoch 2710, training accuracy 0.963277
epoch 2720, training accuracy 0.963277
epoch 2730, training accuracy 0.963277
epoch 2740, training accuracy 0.963277
epoch 2750, training accuracy 0.963277
epoch 2760, training accuracy 0.963277
epoch 2770, training accuracy 0.963277
epoch 2780, training accuracy 0.963277
epoch 2790, training accuracy 0.963277
epoch 2800, training accuracy 0.963748
epoch 2810, training accuracy 0.963748
epoch 2820, training accuracy 0.963748
epoch 2830, training accuracy 0.963748
epoch 2840, training accuracy 0.963748
epoch 2850, training accuracy 0.963748
epoch 2860, training accuracy 0.964218
epoch 2870, training accuracy 0.964218
epoch 2880, training accuracy 0.964218
epoch 2890, training accuracy 0.964218
epoch 2900, training accuracy 0.963748
epoch 2910, training accuracy 0.963748
epoch 2920, training accuracy 0.963748
epoch 2930, training accuracy 0.963748
epoch 2940, training accuracy 0.963748
epoch 2950, training accuracy 0.963748
epoch 2960, training accuracy 0.964218
epoch 2970, training accuracy 0.964218
epoch 2980, training accuracy 0.964218
epoch 2990, training accuracy 0.964218
epoch 3000, training accuracy 0.964689
/tmp/field_filled_validate.py loaded, containing 504 entries, class distribution: [252 252]
correct: [221, 231]
incorrect: [5, 3]
accuracy: [0.9778761061946902, 0.9871794871794872]
unclassified: [26, 18]
total accuracy: [0.876984126984127, 0.9166666666666666]
Sun Oct 22 20:10:46 CEST 2017 finished, res_training/eng/field_filled
