Sat Oct 14 13:18:39 CEST 2017 create_training_files
/tmp/tatoeba_german.csv_small
300000 lines
499 seid
1001 seit
/tmp/seid_seit
1943 lines
641 seid
1303 seit
/tmp/seid_seit_training
1555 lines
514 seid
1042 seit
/tmp/seid_seit_validate
388 lines
127 seid
261 seit
generate /tmp/seid_seit_training.py, /tmp/seid_seit_validate.py
Sat Oct 14 13:18:44 CEST 2017 create_classifier
{'num_inputs': 4, 'embedding_path': 'res_training/deu/embedding/final_embeddings.txt', 'dictionary_path': 'res_training/deu/embedding/dictionary.txt', 'use_flex_hidden_layer': False, 'epochs': 3000, 'self': <__main__.NeuralNetwork object at 0x2b93a4218a90>, 'batch_size': 1000, 'training_data_file': '/tmp/seid_seit_training.py', 'num_outputs': 2}
embedding shape (52520, 64)
/tmp/seid_seit_training.py loaded, containing 1044 entries, class distribution: [522 522]
Steps: 3000, 1 steps in 3000 epochs
epoch 0, training accuracy 0.630268
epoch 10, training accuracy 0.656130
epoch 20, training accuracy 0.681035
epoch 30, training accuracy 0.698276
epoch 40, training accuracy 0.717433
epoch 50, training accuracy 0.740421
epoch 60, training accuracy 0.761494
epoch 70, training accuracy 0.782567
epoch 80, training accuracy 0.794061
epoch 90, training accuracy 0.805556
epoch 100, training accuracy 0.816092
epoch 110, training accuracy 0.825670
epoch 120, training accuracy 0.837165
epoch 130, training accuracy 0.843870
epoch 140, training accuracy 0.848659
epoch 150, training accuracy 0.857280
epoch 160, training accuracy 0.859195
epoch 170, training accuracy 0.862069
epoch 180, training accuracy 0.864943
epoch 190, training accuracy 0.868774
epoch 200, training accuracy 0.875479
epoch 210, training accuracy 0.877395
epoch 220, training accuracy 0.886015
epoch 230, training accuracy 0.889847
epoch 240, training accuracy 0.898467
epoch 250, training accuracy 0.900383
epoch 260, training accuracy 0.901341
epoch 270, training accuracy 0.904215
epoch 280, training accuracy 0.906130
epoch 290, training accuracy 0.908046
epoch 300, training accuracy 0.909004
epoch 310, training accuracy 0.913793
epoch 320, training accuracy 0.915709
epoch 330, training accuracy 0.920498
epoch 340, training accuracy 0.921456
epoch 350, training accuracy 0.923372
epoch 360, training accuracy 0.924330
epoch 370, training accuracy 0.925287
epoch 380, training accuracy 0.925287
epoch 390, training accuracy 0.926245
epoch 400, training accuracy 0.928161
epoch 410, training accuracy 0.928161
epoch 420, training accuracy 0.928161
epoch 430, training accuracy 0.928161
epoch 440, training accuracy 0.928161
epoch 450, training accuracy 0.930077
epoch 460, training accuracy 0.930077
epoch 470, training accuracy 0.931035
epoch 480, training accuracy 0.931992
epoch 490, training accuracy 0.932950
epoch 500, training accuracy 0.932950
epoch 510, training accuracy 0.932950
epoch 520, training accuracy 0.936782
epoch 530, training accuracy 0.936782
epoch 540, training accuracy 0.936782
epoch 550, training accuracy 0.936782
epoch 560, training accuracy 0.936782
epoch 570, training accuracy 0.941571
epoch 580, training accuracy 0.941571
epoch 590, training accuracy 0.942529
epoch 600, training accuracy 0.943487
epoch 610, training accuracy 0.944444
epoch 620, training accuracy 0.945402
epoch 630, training accuracy 0.946360
epoch 640, training accuracy 0.947318
epoch 650, training accuracy 0.948276
epoch 660, training accuracy 0.950192
epoch 670, training accuracy 0.953065
epoch 680, training accuracy 0.953065
epoch 690, training accuracy 0.954023
epoch 700, training accuracy 0.954023
epoch 710, training accuracy 0.954981
epoch 720, training accuracy 0.954981
epoch 730, training accuracy 0.956897
epoch 740, training accuracy 0.956897
epoch 750, training accuracy 0.958812
epoch 760, training accuracy 0.959770
epoch 770, training accuracy 0.962644
epoch 780, training accuracy 0.962644
epoch 790, training accuracy 0.963602
epoch 800, training accuracy 0.963602
epoch 810, training accuracy 0.963602
epoch 820, training accuracy 0.964559
epoch 830, training accuracy 0.964559
epoch 840, training accuracy 0.964559
epoch 850, training accuracy 0.964559
epoch 860, training accuracy 0.964559
epoch 870, training accuracy 0.964559
epoch 880, training accuracy 0.964559
epoch 890, training accuracy 0.964559
epoch 900, training accuracy 0.964559
epoch 910, training accuracy 0.964559
epoch 920, training accuracy 0.965517
epoch 930, training accuracy 0.965517
epoch 940, training accuracy 0.965517
epoch 950, training accuracy 0.965517
epoch 960, training accuracy 0.965517
epoch 970, training accuracy 0.965517
epoch 980, training accuracy 0.965517
epoch 990, training accuracy 0.965517
epoch 1000, training accuracy 0.965517
epoch 1010, training accuracy 0.966475
epoch 1020, training accuracy 0.966475
epoch 1030, training accuracy 0.966475
epoch 1040, training accuracy 0.966475
epoch 1050, training accuracy 0.966475
epoch 1060, training accuracy 0.966475
epoch 1070, training accuracy 0.966475
epoch 1080, training accuracy 0.967433
epoch 1090, training accuracy 0.968391
epoch 1100, training accuracy 0.968391
epoch 1110, training accuracy 0.968391
epoch 1120, training accuracy 0.968391
epoch 1130, training accuracy 0.968391
epoch 1140, training accuracy 0.969349
epoch 1150, training accuracy 0.970307
epoch 1160, training accuracy 0.970307
epoch 1170, training accuracy 0.971264
epoch 1180, training accuracy 0.971264
epoch 1190, training accuracy 0.971264
epoch 1200, training accuracy 0.971264
epoch 1210, training accuracy 0.971264
epoch 1220, training accuracy 0.971264
epoch 1230, training accuracy 0.971264
epoch 1240, training accuracy 0.970307
epoch 1250, training accuracy 0.970307
epoch 1260, training accuracy 0.970307
epoch 1270, training accuracy 0.970307
epoch 1280, training accuracy 0.970307
epoch 1290, training accuracy 0.970307
epoch 1300, training accuracy 0.970307
epoch 1310, training accuracy 0.970307
epoch 1320, training accuracy 0.970307
epoch 1330, training accuracy 0.971264
epoch 1340, training accuracy 0.971264
epoch 1350, training accuracy 0.971264
epoch 1360, training accuracy 0.972222
epoch 1370, training accuracy 0.972222
epoch 1380, training accuracy 0.974138
epoch 1390, training accuracy 0.974138
epoch 1400, training accuracy 0.974138
epoch 1410, training accuracy 0.974138
epoch 1420, training accuracy 0.974138
epoch 1430, training accuracy 0.974138
epoch 1440, training accuracy 0.974138
epoch 1450, training accuracy 0.974138
epoch 1460, training accuracy 0.974138
epoch 1470, training accuracy 0.975096
epoch 1480, training accuracy 0.975096
epoch 1490, training accuracy 0.975096
epoch 1500, training accuracy 0.975096
epoch 1510, training accuracy 0.975096
epoch 1520, training accuracy 0.975096
epoch 1530, training accuracy 0.975096
epoch 1540, training accuracy 0.975096
epoch 1550, training accuracy 0.976054
epoch 1560, training accuracy 0.976054
epoch 1570, training accuracy 0.976054
epoch 1580, training accuracy 0.976054
epoch 1590, training accuracy 0.976054
epoch 1600, training accuracy 0.976054
epoch 1610, training accuracy 0.976054
epoch 1620, training accuracy 0.976054
epoch 1630, training accuracy 0.976054
epoch 1640, training accuracy 0.976054
epoch 1650, training accuracy 0.976054
epoch 1660, training accuracy 0.976054
epoch 1670, training accuracy 0.977012
epoch 1680, training accuracy 0.977012
epoch 1690, training accuracy 0.977012
epoch 1700, training accuracy 0.977012
epoch 1710, training accuracy 0.977012
epoch 1720, training accuracy 0.977012
epoch 1730, training accuracy 0.977012
epoch 1740, training accuracy 0.977969
epoch 1750, training accuracy 0.977969
epoch 1760, training accuracy 0.977969
epoch 1770, training accuracy 0.978927
epoch 1780, training accuracy 0.978927
epoch 1790, training accuracy 0.978927
epoch 1800, training accuracy 0.979885
epoch 1810, training accuracy 0.979885
epoch 1820, training accuracy 0.979885
epoch 1830, training accuracy 0.979885
epoch 1840, training accuracy 0.979885
epoch 1850, training accuracy 0.979885
epoch 1860, training accuracy 0.979885
epoch 1870, training accuracy 0.979885
epoch 1880, training accuracy 0.979885
epoch 1890, training accuracy 0.979885
epoch 1900, training accuracy 0.979885
epoch 1910, training accuracy 0.979885
epoch 1920, training accuracy 0.979885
epoch 1930, training accuracy 0.979885
epoch 1940, training accuracy 0.979885
epoch 1950, training accuracy 0.979885
epoch 1960, training accuracy 0.979885
epoch 1970, training accuracy 0.979885
epoch 1980, training accuracy 0.979885
epoch 1990, training accuracy 0.979885
epoch 2000, training accuracy 0.980843
epoch 2010, training accuracy 0.980843
epoch 2020, training accuracy 0.980843
epoch 2030, training accuracy 0.980843
epoch 2040, training accuracy 0.981801
epoch 2050, training accuracy 0.981801
epoch 2060, training accuracy 0.981801
epoch 2070, training accuracy 0.981801
epoch 2080, training accuracy 0.981801
epoch 2090, training accuracy 0.981801
epoch 2100, training accuracy 0.981801
epoch 2110, training accuracy 0.981801
epoch 2120, training accuracy 0.981801
epoch 2130, training accuracy 0.981801
epoch 2140, training accuracy 0.981801
epoch 2150, training accuracy 0.981801
epoch 2160, training accuracy 0.981801
epoch 2170, training accuracy 0.982759
epoch 2180, training accuracy 0.982759
epoch 2190, training accuracy 0.982759
epoch 2200, training accuracy 0.982759
epoch 2210, training accuracy 0.982759
epoch 2220, training accuracy 0.982759
epoch 2230, training accuracy 0.982759
epoch 2240, training accuracy 0.982759
epoch 2250, training accuracy 0.982759
epoch 2260, training accuracy 0.982759
epoch 2270, training accuracy 0.982759
epoch 2280, training accuracy 0.982759
epoch 2290, training accuracy 0.982759
epoch 2300, training accuracy 0.982759
epoch 2310, training accuracy 0.982759
epoch 2320, training accuracy 0.982759
epoch 2330, training accuracy 0.982759
epoch 2340, training accuracy 0.982759
epoch 2350, training accuracy 0.983716
epoch 2360, training accuracy 0.983716
epoch 2370, training accuracy 0.983716
epoch 2380, training accuracy 0.983716
epoch 2390, training accuracy 0.983716
epoch 2400, training accuracy 0.983716
epoch 2410, training accuracy 0.983716
epoch 2420, training accuracy 0.983716
epoch 2430, training accuracy 0.983716
epoch 2440, training accuracy 0.983716
epoch 2450, training accuracy 0.983716
epoch 2460, training accuracy 0.983716
epoch 2470, training accuracy 0.983716
epoch 2480, training accuracy 0.983716
epoch 2490, training accuracy 0.983716
epoch 2500, training accuracy 0.983716
epoch 2510, training accuracy 0.983716
epoch 2520, training accuracy 0.983716
epoch 2530, training accuracy 0.983716
epoch 2540, training accuracy 0.983716
epoch 2550, training accuracy 0.983716
epoch 2560, training accuracy 0.983716
epoch 2570, training accuracy 0.983716
epoch 2580, training accuracy 0.983716
epoch 2590, training accuracy 0.983716
epoch 2600, training accuracy 0.983716
epoch 2610, training accuracy 0.983716
epoch 2620, training accuracy 0.983716
epoch 2630, training accuracy 0.983716
epoch 2640, training accuracy 0.983716
epoch 2650, training accuracy 0.983716
epoch 2660, training accuracy 0.984674
epoch 2670, training accuracy 0.984674
epoch 2680, training accuracy 0.984674
epoch 2690, training accuracy 0.985632
epoch 2700, training accuracy 0.985632
epoch 2710, training accuracy 0.985632
epoch 2720, training accuracy 0.985632
epoch 2730, training accuracy 0.985632
epoch 2740, training accuracy 0.985632
epoch 2750, training accuracy 0.985632
epoch 2760, training accuracy 0.985632
epoch 2770, training accuracy 0.985632
epoch 2780, training accuracy 0.985632
epoch 2790, training accuracy 0.985632
epoch 2800, training accuracy 0.986590
epoch 2810, training accuracy 0.986590
epoch 2820, training accuracy 0.986590
epoch 2830, training accuracy 0.986590
epoch 2840, training accuracy 0.986590
epoch 2850, training accuracy 0.986590
epoch 2860, training accuracy 0.986590
epoch 2870, training accuracy 0.986590
epoch 2880, training accuracy 0.986590
epoch 2890, training accuracy 0.986590
epoch 2900, training accuracy 0.987548
epoch 2910, training accuracy 0.987548
epoch 2920, training accuracy 0.987548
epoch 2930, training accuracy 0.987548
epoch 2940, training accuracy 0.987548
epoch 2950, training accuracy 0.988506
epoch 2960, training accuracy 0.988506
epoch 2970, training accuracy 0.988506
epoch 2980, training accuracy 0.988506
epoch 2990, training accuracy 0.988506
epoch 3000, training accuracy 0.988506
/tmp/seid_seit_validate.py loaded, containing 254 entries, class distribution: [127 127]
correct: [113, 119]
incorrect: [3, 0]
accuracy: [0.9741379310344828, 1.0]
unclassified: [11, 8]
total accuracy: [0.889763779527559, 0.937007874015748]
Sat Oct 14 13:19:03 CEST 2017 finished, res_training/deu/seid_seit
