Sun Oct 22 20:11:28 CEST 2017 create_training_files
/tmp/find_fine
10612 lines
8583 find
2040 fine
/tmp/find_fine_training
8490 lines
6895 find
1604 fine
/tmp/find_fine_validate
2122 lines
1688 find
436 fine
generate /tmp/find_fine_training.py, /tmp/find_fine_validate.py
:compileJava UP-TO-DATE
:processResources UP-TO-DATE
:classes UP-TO-DATE
:createNGramDatabase
Reading /tmp/find_fine_training
Tokenizing
undersampling to 1629
/tmp/find_fine_training.pycreated
Reading /tmp/find_fine_validate
Tokenizing
undersampling to 444
/tmp/find_fine_validate.pycreated

BUILD SUCCESSFUL

Total time: 5.922 secs

This build could be faster, please consider using the Gradle Daemon: https://docs.gradle.org/2.10/userguide/gradle_daemon.html
Sun Oct 22 20:11:39 CEST 2017 create_classifier
{'batch_size': 1000, 'num_inputs': 4, 'self': <__main__.NeuralNetwork object at 0x2adcbfda4a58>, 'embedding_path': 'res_training/eng/embedding/final_embeddings.txt', 'num_outputs': 2, 'epochs': 3000, 'use_flex_hidden_layer': False, 'training_data_file': '/tmp/find_fine_training.py', 'dictionary_path': 'res_training/eng/embedding/dictionary.txt'}
embedding shape (42122, 64)
/tmp/find_fine_training.py loaded, containing 3258 entries, class distribution: [1629 1629]
Steps: 9000, 3 steps in 3000 epochs
epoch 0, training accuracy 0.506139
epoch 10, training accuracy 0.546961
epoch 20, training accuracy 0.583794
epoch 30, training accuracy 0.610804
epoch 40, training accuracy 0.635359
epoch 50, training accuracy 0.664211
epoch 60, training accuracy 0.689687
epoch 70, training accuracy 0.711173
epoch 80, training accuracy 0.736034
epoch 90, training accuracy 0.758134
epoch 100, training accuracy 0.775629
epoch 110, training accuracy 0.791897
epoch 120, training accuracy 0.810927
epoch 130, training accuracy 0.822591
epoch 140, training accuracy 0.834254
epoch 150, training accuracy 0.844076
epoch 160, training accuracy 0.852977
epoch 170, training accuracy 0.861878
epoch 180, training accuracy 0.867096
epoch 190, training accuracy 0.872621
epoch 200, training accuracy 0.879681
epoch 210, training accuracy 0.884592
epoch 220, training accuracy 0.890117
epoch 230, training accuracy 0.894414
epoch 240, training accuracy 0.895948
epoch 250, training accuracy 0.902087
epoch 260, training accuracy 0.904850
epoch 270, training accuracy 0.907612
epoch 280, training accuracy 0.909454
epoch 290, training accuracy 0.912216
epoch 300, training accuracy 0.915285
epoch 310, training accuracy 0.917127
epoch 320, training accuracy 0.920196
epoch 330, training accuracy 0.922345
epoch 340, training accuracy 0.923573
epoch 350, training accuracy 0.925721
epoch 360, training accuracy 0.927870
epoch 370, training accuracy 0.930325
epoch 380, training accuracy 0.930939
epoch 390, training accuracy 0.931553
epoch 400, training accuracy 0.933395
epoch 410, training accuracy 0.934929
epoch 420, training accuracy 0.935850
epoch 430, training accuracy 0.936464
epoch 440, training accuracy 0.937078
epoch 450, training accuracy 0.937385
epoch 460, training accuracy 0.937999
epoch 470, training accuracy 0.938920
epoch 480, training accuracy 0.939840
epoch 490, training accuracy 0.941068
epoch 500, training accuracy 0.941068
epoch 510, training accuracy 0.941989
epoch 520, training accuracy 0.942603
epoch 530, training accuracy 0.943831
epoch 540, training accuracy 0.944444
epoch 550, training accuracy 0.944751
epoch 560, training accuracy 0.944751
epoch 570, training accuracy 0.945672
epoch 580, training accuracy 0.945979
epoch 590, training accuracy 0.945979
epoch 600, training accuracy 0.946286
epoch 610, training accuracy 0.947207
epoch 620, training accuracy 0.947207
epoch 630, training accuracy 0.947514
epoch 640, training accuracy 0.947514
epoch 650, training accuracy 0.947514
epoch 660, training accuracy 0.948128
epoch 670, training accuracy 0.948435
epoch 680, training accuracy 0.948435
epoch 690, training accuracy 0.949662
epoch 700, training accuracy 0.950276
epoch 710, training accuracy 0.950276
epoch 720, training accuracy 0.950276
epoch 730, training accuracy 0.950583
epoch 740, training accuracy 0.952118
epoch 750, training accuracy 0.952732
epoch 760, training accuracy 0.952732
epoch 770, training accuracy 0.952732
epoch 780, training accuracy 0.952425
epoch 790, training accuracy 0.952732
epoch 800, training accuracy 0.953039
epoch 810, training accuracy 0.953653
epoch 820, training accuracy 0.953959
epoch 830, training accuracy 0.954573
epoch 840, training accuracy 0.954573
epoch 850, training accuracy 0.954573
epoch 860, training accuracy 0.954880
epoch 870, training accuracy 0.955187
epoch 880, training accuracy 0.955801
epoch 890, training accuracy 0.956415
epoch 900, training accuracy 0.957643
epoch 910, training accuracy 0.957643
epoch 920, training accuracy 0.957643
epoch 930, training accuracy 0.957643
epoch 940, training accuracy 0.957950
epoch 950, training accuracy 0.957950
epoch 960, training accuracy 0.957950
epoch 970, training accuracy 0.957950
epoch 980, training accuracy 0.958257
epoch 990, training accuracy 0.957950
epoch 1000, training accuracy 0.957950
epoch 1010, training accuracy 0.957950
epoch 1020, training accuracy 0.957950
epoch 1030, training accuracy 0.957950
epoch 1040, training accuracy 0.957950
epoch 1050, training accuracy 0.957950
epoch 1060, training accuracy 0.958870
epoch 1070, training accuracy 0.958870
epoch 1080, training accuracy 0.959484
epoch 1090, training accuracy 0.959791
epoch 1100, training accuracy 0.959791
epoch 1110, training accuracy 0.959791
epoch 1120, training accuracy 0.959791
epoch 1130, training accuracy 0.959791
epoch 1140, training accuracy 0.960098
epoch 1150, training accuracy 0.960712
epoch 1160, training accuracy 0.960712
epoch 1170, training accuracy 0.960712
epoch 1180, training accuracy 0.961019
epoch 1190, training accuracy 0.961326
epoch 1200, training accuracy 0.961633
epoch 1210, training accuracy 0.961633
epoch 1220, training accuracy 0.961940
epoch 1230, training accuracy 0.962554
epoch 1240, training accuracy 0.962554
epoch 1250, training accuracy 0.962554
epoch 1260, training accuracy 0.962554
epoch 1270, training accuracy 0.963168
epoch 1280, training accuracy 0.963168
epoch 1290, training accuracy 0.962861
epoch 1300, training accuracy 0.962861
epoch 1310, training accuracy 0.962861
epoch 1320, training accuracy 0.962861
epoch 1330, training accuracy 0.962554
epoch 1340, training accuracy 0.962554
epoch 1350, training accuracy 0.962861
epoch 1360, training accuracy 0.963168
epoch 1370, training accuracy 0.963781
epoch 1380, training accuracy 0.963781
epoch 1390, training accuracy 0.963781
epoch 1400, training accuracy 0.963781
epoch 1410, training accuracy 0.963781
epoch 1420, training accuracy 0.964088
epoch 1430, training accuracy 0.964088
epoch 1440, training accuracy 0.964088
epoch 1450, training accuracy 0.964088
epoch 1460, training accuracy 0.964395
epoch 1470, training accuracy 0.965009
epoch 1480, training accuracy 0.965623
epoch 1490, training accuracy 0.965623
epoch 1500, training accuracy 0.965623
epoch 1510, training accuracy 0.965623
epoch 1520, training accuracy 0.965623
epoch 1530, training accuracy 0.965930
epoch 1540, training accuracy 0.965930
epoch 1550, training accuracy 0.966237
epoch 1560, training accuracy 0.966237
epoch 1570, training accuracy 0.966237
epoch 1580, training accuracy 0.966237
epoch 1590, training accuracy 0.965930
epoch 1600, training accuracy 0.965930
epoch 1610, training accuracy 0.966237
epoch 1620, training accuracy 0.966237
epoch 1630, training accuracy 0.966237
epoch 1640, training accuracy 0.966237
epoch 1650, training accuracy 0.966237
epoch 1660, training accuracy 0.966544
epoch 1670, training accuracy 0.966544
epoch 1680, training accuracy 0.966544
epoch 1690, training accuracy 0.966851
epoch 1700, training accuracy 0.966851
epoch 1710, training accuracy 0.966851
epoch 1720, training accuracy 0.967158
epoch 1730, training accuracy 0.966851
epoch 1740, training accuracy 0.966851
epoch 1750, training accuracy 0.966851
epoch 1760, training accuracy 0.966851
epoch 1770, training accuracy 0.966851
epoch 1780, training accuracy 0.966851
epoch 1790, training accuracy 0.966851
epoch 1800, training accuracy 0.967158
epoch 1810, training accuracy 0.967158
epoch 1820, training accuracy 0.967158
epoch 1830, training accuracy 0.967158
epoch 1840, training accuracy 0.967158
epoch 1850, training accuracy 0.967158
epoch 1860, training accuracy 0.967465
epoch 1870, training accuracy 0.967465
epoch 1880, training accuracy 0.967772
epoch 1890, training accuracy 0.967772
epoch 1900, training accuracy 0.968079
epoch 1910, training accuracy 0.968079
epoch 1920, training accuracy 0.968079
epoch 1930, training accuracy 0.968386
epoch 1940, training accuracy 0.968386
epoch 1950, training accuracy 0.968692
epoch 1960, training accuracy 0.968999
epoch 1970, training accuracy 0.968999
epoch 1980, training accuracy 0.969306
epoch 1990, training accuracy 0.969306
epoch 2000, training accuracy 0.969306
epoch 2010, training accuracy 0.969306
epoch 2020, training accuracy 0.969306
epoch 2030, training accuracy 0.969306
epoch 2040, training accuracy 0.969306
epoch 2050, training accuracy 0.969306
epoch 2060, training accuracy 0.969306
epoch 2070, training accuracy 0.969306
epoch 2080, training accuracy 0.969306
epoch 2090, training accuracy 0.969613
epoch 2100, training accuracy 0.969613
epoch 2110, training accuracy 0.969613
epoch 2120, training accuracy 0.969613
epoch 2130, training accuracy 0.969613
epoch 2140, training accuracy 0.969613
epoch 2150, training accuracy 0.969613
epoch 2160, training accuracy 0.969613
epoch 2170, training accuracy 0.969613
epoch 2180, training accuracy 0.969613
epoch 2190, training accuracy 0.969920
epoch 2200, training accuracy 0.969920
epoch 2210, training accuracy 0.969920
epoch 2220, training accuracy 0.969920
epoch 2230, training accuracy 0.970534
epoch 2240, training accuracy 0.970534
epoch 2250, training accuracy 0.970534
epoch 2260, training accuracy 0.970534
epoch 2270, training accuracy 0.970534
epoch 2280, training accuracy 0.970534
epoch 2290, training accuracy 0.970841
epoch 2300, training accuracy 0.970841
epoch 2310, training accuracy 0.970841
epoch 2320, training accuracy 0.971148
epoch 2330, training accuracy 0.971148
epoch 2340, training accuracy 0.971148
epoch 2350, training accuracy 0.971148
epoch 2360, training accuracy 0.971148
epoch 2370, training accuracy 0.971455
epoch 2380, training accuracy 0.971455
epoch 2390, training accuracy 0.971455
epoch 2400, training accuracy 0.971455
epoch 2410, training accuracy 0.971455
epoch 2420, training accuracy 0.971455
epoch 2430, training accuracy 0.971455
epoch 2440, training accuracy 0.971455
epoch 2450, training accuracy 0.971455
epoch 2460, training accuracy 0.971455
epoch 2470, training accuracy 0.971762
epoch 2480, training accuracy 0.971762
epoch 2490, training accuracy 0.971762
epoch 2500, training accuracy 0.971762
epoch 2510, training accuracy 0.971762
epoch 2520, training accuracy 0.971762
epoch 2530, training accuracy 0.971762
epoch 2540, training accuracy 0.971455
epoch 2550, training accuracy 0.971455
epoch 2560, training accuracy 0.971455
epoch 2570, training accuracy 0.971455
epoch 2580, training accuracy 0.971762
epoch 2590, training accuracy 0.971455
epoch 2600, training accuracy 0.971455
epoch 2610, training accuracy 0.971455
epoch 2620, training accuracy 0.971455
epoch 2630, training accuracy 0.971762
epoch 2640, training accuracy 0.971762
epoch 2650, training accuracy 0.971762
epoch 2660, training accuracy 0.971762
epoch 2670, training accuracy 0.971762
epoch 2680, training accuracy 0.971762
epoch 2690, training accuracy 0.971762
epoch 2700, training accuracy 0.971762
epoch 2710, training accuracy 0.971762
epoch 2720, training accuracy 0.971762
epoch 2730, training accuracy 0.972069
epoch 2740, training accuracy 0.972376
epoch 2750, training accuracy 0.972683
epoch 2760, training accuracy 0.972683
epoch 2770, training accuracy 0.972683
epoch 2780, training accuracy 0.972683
epoch 2790, training accuracy 0.973297
epoch 2800, training accuracy 0.973297
epoch 2810, training accuracy 0.973297
epoch 2820, training accuracy 0.973297
epoch 2830, training accuracy 0.973297
epoch 2840, training accuracy 0.973297
epoch 2850, training accuracy 0.973297
epoch 2860, training accuracy 0.973297
epoch 2870, training accuracy 0.973297
epoch 2880, training accuracy 0.973603
epoch 2890, training accuracy 0.973603
epoch 2900, training accuracy 0.973603
epoch 2910, training accuracy 0.973603
epoch 2920, training accuracy 0.973603
epoch 2930, training accuracy 0.973603
epoch 2940, training accuracy 0.973910
epoch 2950, training accuracy 0.973910
epoch 2960, training accuracy 0.973910
epoch 2970, training accuracy 0.973910
epoch 2980, training accuracy 0.973910
epoch 2990, training accuracy 0.973910
epoch 3000, training accuracy 0.973910
/tmp/find_fine_validate.py loaded, containing 888 entries, class distribution: [444 444]
correct: [411, 418]
incorrect: [6, 8]
accuracy: [0.9856115107913669, 0.9812206572769953]
unclassified: [27, 18]
total accuracy: [0.9256756756756757, 0.9414414414414415]
Sun Oct 22 20:12:18 CEST 2017 finished, res_training/eng/find_fine
