Mon Oct 23 02:14:20 CEST 2017 create_training_files
/tmp/thing_think
28732 lines
6328 thing
22906 think
/tmp/thing_think_training
22986 lines
5062 thing
18331 think
/tmp/thing_think_validate
5746 lines
1266 thing
4575 think
generate /tmp/thing_think_training.py, /tmp/thing_think_validate.py
:compileJava UP-TO-DATE
:processResources UP-TO-DATE
:classes UP-TO-DATE
:createNGramDatabase
Reading /tmp/thing_think_training
Tokenizing
undersampling to 5158
/tmp/thing_think_training.pycreated
Reading /tmp/thing_think_validate
Tokenizing
undersampling to 1287
/tmp/thing_think_validate.pycreated

BUILD SUCCESSFUL

Total time: 7.399 secs

This build could be faster, please consider using the Gradle Daemon: https://docs.gradle.org/2.10/userguide/gradle_daemon.html
Mon Oct 23 02:14:32 CEST 2017 create_classifier
{'self': <__main__.NeuralNetwork object at 0x2ac62230ea58>, 'training_data_file': '/tmp/thing_think_training.py', 'num_inputs': 4, 'embedding_path': 'res_training/eng/embedding/final_embeddings.txt', 'dictionary_path': 'res_training/eng/embedding/dictionary.txt', 'batch_size': 1000, 'num_outputs': 2, 'epochs': 3000, 'use_flex_hidden_layer': False}
embedding shape (42122, 64)
/tmp/thing_think_training.py loaded, containing 10316 entries, class distribution: [5158 5158]
Steps: 30000, 10 steps in 3000 epochs
epoch 0, training accuracy 0.444455
epoch 10, training accuracy 0.645405
epoch 20, training accuracy 0.778403
epoch 30, training accuracy 0.853432
epoch 40, training accuracy 0.885518
epoch 50, training accuracy 0.908104
epoch 60, training accuracy 0.922160
epoch 70, training accuracy 0.931563
epoch 80, training accuracy 0.939221
epoch 90, training accuracy 0.944940
epoch 100, training accuracy 0.948623
epoch 110, training accuracy 0.951532
epoch 120, training accuracy 0.955118
epoch 130, training accuracy 0.958511
epoch 140, training accuracy 0.959674
epoch 150, training accuracy 0.961225
epoch 160, training accuracy 0.962873
epoch 170, training accuracy 0.964133
epoch 180, training accuracy 0.965684
epoch 190, training accuracy 0.966557
epoch 200, training accuracy 0.967526
epoch 210, training accuracy 0.968980
epoch 220, training accuracy 0.970047
epoch 230, training accuracy 0.970628
epoch 240, training accuracy 0.971501
epoch 250, training accuracy 0.972567
epoch 260, training accuracy 0.973536
epoch 270, training accuracy 0.974118
epoch 280, training accuracy 0.974796
epoch 290, training accuracy 0.975960
epoch 300, training accuracy 0.976832
epoch 310, training accuracy 0.977608
epoch 320, training accuracy 0.977995
epoch 330, training accuracy 0.978965
epoch 340, training accuracy 0.979740
epoch 350, training accuracy 0.980225
epoch 360, training accuracy 0.980613
epoch 370, training accuracy 0.981291
epoch 380, training accuracy 0.981970
epoch 390, training accuracy 0.982067
epoch 400, training accuracy 0.982551
epoch 410, training accuracy 0.983133
epoch 420, training accuracy 0.983618
epoch 430, training accuracy 0.983812
epoch 440, training accuracy 0.984102
epoch 450, training accuracy 0.984684
epoch 460, training accuracy 0.984684
epoch 470, training accuracy 0.985169
epoch 480, training accuracy 0.985556
epoch 490, training accuracy 0.986235
epoch 500, training accuracy 0.986526
epoch 510, training accuracy 0.986817
epoch 520, training accuracy 0.987010
epoch 530, training accuracy 0.987204
epoch 540, training accuracy 0.987301
epoch 550, training accuracy 0.987689
epoch 560, training accuracy 0.987980
epoch 570, training accuracy 0.988368
epoch 580, training accuracy 0.988755
epoch 590, training accuracy 0.988949
epoch 600, training accuracy 0.989531
epoch 610, training accuracy 0.989822
epoch 620, training accuracy 0.989822
epoch 630, training accuracy 0.989822
epoch 640, training accuracy 0.989822
epoch 650, training accuracy 0.990209
epoch 660, training accuracy 0.990694
epoch 670, training accuracy 0.990985
epoch 680, training accuracy 0.991082
epoch 690, training accuracy 0.991179
epoch 700, training accuracy 0.991276
epoch 710, training accuracy 0.991373
epoch 720, training accuracy 0.991566
epoch 730, training accuracy 0.991566
epoch 740, training accuracy 0.991857
epoch 750, training accuracy 0.991954
epoch 760, training accuracy 0.992148
epoch 770, training accuracy 0.992439
epoch 780, training accuracy 0.992536
epoch 790, training accuracy 0.992633
epoch 800, training accuracy 0.992827
epoch 810, training accuracy 0.992827
epoch 820, training accuracy 0.992827
epoch 830, training accuracy 0.993021
epoch 840, training accuracy 0.993021
epoch 850, training accuracy 0.993214
epoch 860, training accuracy 0.993118
epoch 870, training accuracy 0.993311
epoch 880, training accuracy 0.993311
epoch 890, training accuracy 0.993505
epoch 900, training accuracy 0.993602
epoch 910, training accuracy 0.993699
epoch 920, training accuracy 0.993796
epoch 930, training accuracy 0.993893
epoch 940, training accuracy 0.993893
epoch 950, training accuracy 0.993990
epoch 960, training accuracy 0.993990
epoch 970, training accuracy 0.993990
epoch 980, training accuracy 0.993990
epoch 990, training accuracy 0.993990
epoch 1000, training accuracy 0.994087
epoch 1010, training accuracy 0.994184
epoch 1020, training accuracy 0.994184
epoch 1030, training accuracy 0.994378
epoch 1040, training accuracy 0.994378
epoch 1050, training accuracy 0.994765
epoch 1060, training accuracy 0.994959
epoch 1070, training accuracy 0.994959
epoch 1080, training accuracy 0.994959
epoch 1090, training accuracy 0.995056
epoch 1100, training accuracy 0.995056
epoch 1110, training accuracy 0.995153
epoch 1120, training accuracy 0.995153
epoch 1130, training accuracy 0.995347
epoch 1140, training accuracy 0.995541
epoch 1150, training accuracy 0.995541
epoch 1160, training accuracy 0.995735
epoch 1170, training accuracy 0.995735
epoch 1180, training accuracy 0.995735
epoch 1190, training accuracy 0.995735
epoch 1200, training accuracy 0.995735
epoch 1210, training accuracy 0.995735
epoch 1220, training accuracy 0.995735
epoch 1230, training accuracy 0.995735
epoch 1240, training accuracy 0.995735
epoch 1250, training accuracy 0.995735
epoch 1260, training accuracy 0.995735
epoch 1270, training accuracy 0.995735
epoch 1280, training accuracy 0.995735
epoch 1290, training accuracy 0.995832
epoch 1300, training accuracy 0.995832
epoch 1310, training accuracy 0.995929
epoch 1320, training accuracy 0.995929
epoch 1330, training accuracy 0.996123
epoch 1340, training accuracy 0.996316
epoch 1350, training accuracy 0.996413
epoch 1360, training accuracy 0.996413
epoch 1370, training accuracy 0.996510
epoch 1380, training accuracy 0.996510
epoch 1390, training accuracy 0.996510
epoch 1400, training accuracy 0.996510
epoch 1410, training accuracy 0.996510
epoch 1420, training accuracy 0.996510
epoch 1430, training accuracy 0.996607
epoch 1440, training accuracy 0.996704
epoch 1450, training accuracy 0.996704
epoch 1460, training accuracy 0.996704
epoch 1470, training accuracy 0.996704
epoch 1480, training accuracy 0.996801
epoch 1490, training accuracy 0.996801
epoch 1500, training accuracy 0.996801
epoch 1510, training accuracy 0.996801
epoch 1520, training accuracy 0.996898
epoch 1530, training accuracy 0.996898
epoch 1540, training accuracy 0.996898
epoch 1550, training accuracy 0.996995
epoch 1560, training accuracy 0.996995
epoch 1570, training accuracy 0.996995
epoch 1580, training accuracy 0.996995
epoch 1590, training accuracy 0.996995
epoch 1600, training accuracy 0.996995
epoch 1610, training accuracy 0.997092
epoch 1620, training accuracy 0.997092
epoch 1630, training accuracy 0.997092
epoch 1640, training accuracy 0.997189
epoch 1650, training accuracy 0.997286
epoch 1660, training accuracy 0.997383
epoch 1670, training accuracy 0.997480
epoch 1680, training accuracy 0.997480
epoch 1690, training accuracy 0.997577
epoch 1700, training accuracy 0.997577
epoch 1710, training accuracy 0.997577
epoch 1720, training accuracy 0.997577
epoch 1730, training accuracy 0.997577
epoch 1740, training accuracy 0.997480
epoch 1750, training accuracy 0.997480
epoch 1760, training accuracy 0.997480
epoch 1770, training accuracy 0.997480
epoch 1780, training accuracy 0.997480
epoch 1790, training accuracy 0.997577
epoch 1800, training accuracy 0.997674
epoch 1810, training accuracy 0.997674
epoch 1820, training accuracy 0.997674
epoch 1830, training accuracy 0.997770
epoch 1840, training accuracy 0.997770
epoch 1850, training accuracy 0.997770
epoch 1860, training accuracy 0.997770
epoch 1870, training accuracy 0.997770
epoch 1880, training accuracy 0.997867
epoch 1890, training accuracy 0.997867
epoch 1900, training accuracy 0.997867
epoch 1910, training accuracy 0.997867
epoch 1920, training accuracy 0.997867
epoch 1930, training accuracy 0.997867
epoch 1940, training accuracy 0.997867
epoch 1950, training accuracy 0.997867
epoch 1960, training accuracy 0.997867
epoch 1970, training accuracy 0.997867
epoch 1980, training accuracy 0.997867
epoch 1990, training accuracy 0.997867
epoch 2000, training accuracy 0.997867
epoch 2010, training accuracy 0.997867
epoch 2020, training accuracy 0.997867
epoch 2030, training accuracy 0.997867
epoch 2040, training accuracy 0.997867
epoch 2050, training accuracy 0.997867
epoch 2060, training accuracy 0.997867
epoch 2070, training accuracy 0.997867
epoch 2080, training accuracy 0.997964
epoch 2090, training accuracy 0.997964
epoch 2100, training accuracy 0.997964
epoch 2110, training accuracy 0.997964
epoch 2120, training accuracy 0.997964
epoch 2130, training accuracy 0.997964
epoch 2140, training accuracy 0.997964
epoch 2150, training accuracy 0.997964
epoch 2160, training accuracy 0.997964
epoch 2170, training accuracy 0.998061
epoch 2180, training accuracy 0.998158
epoch 2190, training accuracy 0.998158
epoch 2200, training accuracy 0.998158
epoch 2210, training accuracy 0.998158
epoch 2220, training accuracy 0.998158
epoch 2230, training accuracy 0.998158
epoch 2240, training accuracy 0.998158
epoch 2250, training accuracy 0.998158
epoch 2260, training accuracy 0.998158
epoch 2270, training accuracy 0.998158
epoch 2280, training accuracy 0.998158
epoch 2290, training accuracy 0.998158
epoch 2300, training accuracy 0.998255
epoch 2310, training accuracy 0.998255
epoch 2320, training accuracy 0.998255
epoch 2330, training accuracy 0.998255
epoch 2340, training accuracy 0.998255
epoch 2350, training accuracy 0.998255
epoch 2360, training accuracy 0.998255
epoch 2370, training accuracy 0.998255
epoch 2380, training accuracy 0.998255
epoch 2390, training accuracy 0.998255
epoch 2400, training accuracy 0.998255
epoch 2410, training accuracy 0.998255
epoch 2420, training accuracy 0.998255
epoch 2430, training accuracy 0.998255
epoch 2440, training accuracy 0.998255
epoch 2450, training accuracy 0.998255
epoch 2460, training accuracy 0.998255
epoch 2470, training accuracy 0.998255
epoch 2480, training accuracy 0.998255
epoch 2490, training accuracy 0.998255
epoch 2500, training accuracy 0.998255
epoch 2510, training accuracy 0.998255
epoch 2520, training accuracy 0.998352
epoch 2530, training accuracy 0.998352
epoch 2540, training accuracy 0.998255
epoch 2550, training accuracy 0.998255
epoch 2560, training accuracy 0.998255
epoch 2570, training accuracy 0.998352
epoch 2580, training accuracy 0.998352
epoch 2590, training accuracy 0.998352
epoch 2600, training accuracy 0.998352
epoch 2610, training accuracy 0.998352
epoch 2620, training accuracy 0.998352
epoch 2630, training accuracy 0.998352
epoch 2640, training accuracy 0.998352
epoch 2650, training accuracy 0.998352
epoch 2660, training accuracy 0.998352
epoch 2670, training accuracy 0.998352
epoch 2680, training accuracy 0.998352
epoch 2690, training accuracy 0.998352
epoch 2700, training accuracy 0.998449
epoch 2710, training accuracy 0.998449
epoch 2720, training accuracy 0.998449
epoch 2730, training accuracy 0.998449
epoch 2740, training accuracy 0.998449
epoch 2750, training accuracy 0.998449
epoch 2760, training accuracy 0.998449
epoch 2770, training accuracy 0.998449
epoch 2780, training accuracy 0.998449
epoch 2790, training accuracy 0.998449
epoch 2800, training accuracy 0.998449
epoch 2810, training accuracy 0.998449
epoch 2820, training accuracy 0.998449
epoch 2830, training accuracy 0.998449
epoch 2840, training accuracy 0.998449
epoch 2850, training accuracy 0.998449
epoch 2860, training accuracy 0.998449
epoch 2870, training accuracy 0.998449
epoch 2880, training accuracy 0.998449
epoch 2890, training accuracy 0.998449
epoch 2900, training accuracy 0.998449
epoch 2910, training accuracy 0.998449
epoch 2920, training accuracy 0.998449
epoch 2930, training accuracy 0.998449
epoch 2940, training accuracy 0.998449
epoch 2950, training accuracy 0.998449
epoch 2960, training accuracy 0.998449
epoch 2970, training accuracy 0.998449
epoch 2980, training accuracy 0.998449
epoch 2990, training accuracy 0.998449
epoch 3000, training accuracy 0.998449
/tmp/thing_think_validate.py loaded, containing 2574 entries, class distribution: [1287 1287]
correct: [1279, 1264]
incorrect: [2, 10]
accuracy: [0.9984387197501952, 0.9921507064364207]
unclassified: [6, 13]
total accuracy: [0.9937839937839937, 0.9821289821289821]
Mon Oct 23 02:16:26 CEST 2017 finished, res_training/eng/thing_think
