Sun Oct 22 22:07:34 CEST 2017 create_training_files
/tmp/new_news
40738 lines
32208 new
8773 news
/tmp/new_news_training
32591 lines
25759 new
7030 news
/tmp/new_news_validate
8147 lines
6449 new
1743 news
generate /tmp/new_news_training.py, /tmp/new_news_validate.py
:compileJava UP-TO-DATE
:processResources UP-TO-DATE
:classes UP-TO-DATE
:createNGramDatabase
Reading /tmp/new_news_training
Tokenizing
undersampling to 7195
/tmp/new_news_training.pycreated
Reading /tmp/new_news_validate
Tokenizing
undersampling to 1778
/tmp/new_news_validate.pycreated

BUILD SUCCESSFUL

Total time: 8.582 secs

This build could be faster, please consider using the Gradle Daemon: https://docs.gradle.org/2.10/userguide/gradle_daemon.html
Sun Oct 22 22:07:47 CEST 2017 create_classifier
{'num_outputs': 2, 'num_inputs': 4, 'embedding_path': 'res_training/eng/embedding/final_embeddings.txt', 'self': <__main__.NeuralNetwork object at 0x2abc30ee9a58>, 'training_data_file': '/tmp/new_news_training.py', 'dictionary_path': 'res_training/eng/embedding/dictionary.txt', 'batch_size': 1000, 'epochs': 3000, 'use_flex_hidden_layer': False}
embedding shape (42122, 64)
/tmp/new_news_training.py loaded, containing 14390 entries, class distribution: [7195 7195]
Steps: 42000, 14 steps in 3000 epochs
epoch 0, training accuracy 0.598332
epoch 10, training accuracy 0.706115
epoch 20, training accuracy 0.785685
epoch 30, training accuracy 0.828284
epoch 40, training accuracy 0.855733
epoch 50, training accuracy 0.870188
epoch 60, training accuracy 0.879500
epoch 70, training accuracy 0.885962
epoch 80, training accuracy 0.890966
epoch 90, training accuracy 0.895622
epoch 100, training accuracy 0.899444
epoch 110, training accuracy 0.903336
epoch 120, training accuracy 0.905976
epoch 130, training accuracy 0.908617
epoch 140, training accuracy 0.911536
epoch 150, training accuracy 0.914524
epoch 160, training accuracy 0.916539
epoch 170, training accuracy 0.917651
epoch 180, training accuracy 0.918763
epoch 190, training accuracy 0.920987
epoch 200, training accuracy 0.922099
epoch 210, training accuracy 0.923350
epoch 220, training accuracy 0.923905
epoch 230, training accuracy 0.924948
epoch 240, training accuracy 0.926407
epoch 250, training accuracy 0.927380
epoch 260, training accuracy 0.927728
epoch 270, training accuracy 0.928284
epoch 280, training accuracy 0.929048
epoch 290, training accuracy 0.929743
epoch 300, training accuracy 0.930646
epoch 310, training accuracy 0.931480
epoch 320, training accuracy 0.931689
epoch 330, training accuracy 0.932523
epoch 340, training accuracy 0.933148
epoch 350, training accuracy 0.933426
epoch 360, training accuracy 0.933565
epoch 370, training accuracy 0.934260
epoch 380, training accuracy 0.934677
epoch 390, training accuracy 0.935024
epoch 400, training accuracy 0.935372
epoch 410, training accuracy 0.936067
epoch 420, training accuracy 0.936553
epoch 430, training accuracy 0.937109
epoch 440, training accuracy 0.937387
epoch 450, training accuracy 0.937943
epoch 460, training accuracy 0.938082
epoch 470, training accuracy 0.938012
epoch 480, training accuracy 0.938846
epoch 490, training accuracy 0.939541
epoch 500, training accuracy 0.939819
epoch 510, training accuracy 0.940028
epoch 520, training accuracy 0.940097
epoch 530, training accuracy 0.940584
epoch 540, training accuracy 0.940862
epoch 550, training accuracy 0.941070
epoch 560, training accuracy 0.941557
epoch 570, training accuracy 0.941557
epoch 580, training accuracy 0.941696
epoch 590, training accuracy 0.941835
epoch 600, training accuracy 0.942182
epoch 610, training accuracy 0.942321
epoch 620, training accuracy 0.942321
epoch 630, training accuracy 0.942460
epoch 640, training accuracy 0.942877
epoch 650, training accuracy 0.943155
epoch 660, training accuracy 0.943363
epoch 670, training accuracy 0.943433
epoch 680, training accuracy 0.943780
epoch 690, training accuracy 0.943919
epoch 700, training accuracy 0.944128
epoch 710, training accuracy 0.944545
epoch 720, training accuracy 0.944475
epoch 730, training accuracy 0.944475
epoch 740, training accuracy 0.944823
epoch 750, training accuracy 0.945101
epoch 760, training accuracy 0.944962
epoch 770, training accuracy 0.945170
epoch 780, training accuracy 0.945101
epoch 790, training accuracy 0.945309
epoch 800, training accuracy 0.945309
epoch 810, training accuracy 0.945518
epoch 820, training accuracy 0.945587
epoch 830, training accuracy 0.945865
epoch 840, training accuracy 0.946143
epoch 850, training accuracy 0.946352
epoch 860, training accuracy 0.946630
epoch 870, training accuracy 0.946630
epoch 880, training accuracy 0.946769
epoch 890, training accuracy 0.946838
epoch 900, training accuracy 0.946838
epoch 910, training accuracy 0.947325
epoch 920, training accuracy 0.947464
epoch 930, training accuracy 0.947186
epoch 940, training accuracy 0.947186
epoch 950, training accuracy 0.947186
epoch 960, training accuracy 0.946908
epoch 970, training accuracy 0.946977
epoch 980, training accuracy 0.946908
epoch 990, training accuracy 0.947255
epoch 1000, training accuracy 0.947255
epoch 1010, training accuracy 0.947325
epoch 1020, training accuracy 0.947255
epoch 1030, training accuracy 0.947325
epoch 1040, training accuracy 0.947186
epoch 1050, training accuracy 0.947255
epoch 1060, training accuracy 0.947464
epoch 1070, training accuracy 0.947394
epoch 1080, training accuracy 0.947464
epoch 1090, training accuracy 0.947603
epoch 1100, training accuracy 0.947672
epoch 1110, training accuracy 0.947742
epoch 1120, training accuracy 0.947742
epoch 1130, training accuracy 0.947811
epoch 1140, training accuracy 0.947880
epoch 1150, training accuracy 0.947880
epoch 1160, training accuracy 0.947950
epoch 1170, training accuracy 0.947950
epoch 1180, training accuracy 0.947880
epoch 1190, training accuracy 0.947880
epoch 1200, training accuracy 0.947950
epoch 1210, training accuracy 0.947880
epoch 1220, training accuracy 0.947880
epoch 1230, training accuracy 0.947950
epoch 1240, training accuracy 0.947880
epoch 1250, training accuracy 0.947880
epoch 1260, training accuracy 0.948019
epoch 1270, training accuracy 0.948019
epoch 1280, training accuracy 0.948089
epoch 1290, training accuracy 0.948158
epoch 1300, training accuracy 0.948089
epoch 1310, training accuracy 0.948436
epoch 1320, training accuracy 0.948436
epoch 1330, training accuracy 0.948436
epoch 1340, training accuracy 0.948367
epoch 1350, training accuracy 0.948436
epoch 1360, training accuracy 0.948297
epoch 1370, training accuracy 0.948367
epoch 1380, training accuracy 0.948575
epoch 1390, training accuracy 0.948436
epoch 1400, training accuracy 0.948436
epoch 1410, training accuracy 0.948575
epoch 1420, training accuracy 0.948575
epoch 1430, training accuracy 0.948575
epoch 1440, training accuracy 0.948575
epoch 1450, training accuracy 0.948575
epoch 1460, training accuracy 0.948575
epoch 1470, training accuracy 0.948784
epoch 1480, training accuracy 0.948575
epoch 1490, training accuracy 0.948645
epoch 1500, training accuracy 0.948784
epoch 1510, training accuracy 0.948714
epoch 1520, training accuracy 0.948575
epoch 1530, training accuracy 0.948645
epoch 1540, training accuracy 0.948575
epoch 1550, training accuracy 0.948645
epoch 1560, training accuracy 0.948714
epoch 1570, training accuracy 0.948575
epoch 1580, training accuracy 0.948714
epoch 1590, training accuracy 0.948784
epoch 1600, training accuracy 0.948714
epoch 1610, training accuracy 0.948784
epoch 1620, training accuracy 0.948784
epoch 1630, training accuracy 0.948714
epoch 1640, training accuracy 0.948714
epoch 1650, training accuracy 0.948714
epoch 1660, training accuracy 0.948784
epoch 1670, training accuracy 0.948784
epoch 1680, training accuracy 0.948853
epoch 1690, training accuracy 0.948714
epoch 1700, training accuracy 0.948714
epoch 1710, training accuracy 0.948784
epoch 1720, training accuracy 0.948714
epoch 1730, training accuracy 0.948853
epoch 1740, training accuracy 0.948853
epoch 1750, training accuracy 0.948853
epoch 1760, training accuracy 0.948853
epoch 1770, training accuracy 0.948853
epoch 1780, training accuracy 0.948853
epoch 1790, training accuracy 0.948853
epoch 1800, training accuracy 0.948853
epoch 1810, training accuracy 0.948853
epoch 1820, training accuracy 0.948784
epoch 1830, training accuracy 0.948923
epoch 1840, training accuracy 0.949062
epoch 1850, training accuracy 0.949062
epoch 1860, training accuracy 0.949062
epoch 1870, training accuracy 0.949062
epoch 1880, training accuracy 0.949131
epoch 1890, training accuracy 0.949131
epoch 1900, training accuracy 0.949062
epoch 1910, training accuracy 0.949062
epoch 1920, training accuracy 0.949131
epoch 1930, training accuracy 0.949131
epoch 1940, training accuracy 0.949131
epoch 1950, training accuracy 0.949131
epoch 1960, training accuracy 0.948992
epoch 1970, training accuracy 0.948992
epoch 1980, training accuracy 0.949131
epoch 1990, training accuracy 0.949062
epoch 2000, training accuracy 0.949131
epoch 2010, training accuracy 0.949131
epoch 2020, training accuracy 0.949062
epoch 2030, training accuracy 0.949062
epoch 2040, training accuracy 0.949131
epoch 2050, training accuracy 0.949062
epoch 2060, training accuracy 0.949131
epoch 2070, training accuracy 0.949131
epoch 2080, training accuracy 0.949131
epoch 2090, training accuracy 0.949201
epoch 2100, training accuracy 0.949201
epoch 2110, training accuracy 0.949201
epoch 2120, training accuracy 0.949201
epoch 2130, training accuracy 0.949340
epoch 2140, training accuracy 0.949270
epoch 2150, training accuracy 0.949340
epoch 2160, training accuracy 0.949409
epoch 2170, training accuracy 0.949340
epoch 2180, training accuracy 0.949340
epoch 2190, training accuracy 0.949270
epoch 2200, training accuracy 0.949340
epoch 2210, training accuracy 0.949340
epoch 2220, training accuracy 0.949201
epoch 2230, training accuracy 0.949479
epoch 2240, training accuracy 0.949340
epoch 2250, training accuracy 0.949270
epoch 2260, training accuracy 0.949340
epoch 2270, training accuracy 0.949340
epoch 2280, training accuracy 0.949409
epoch 2290, training accuracy 0.949201
epoch 2300, training accuracy 0.949340
epoch 2310, training accuracy 0.949409
epoch 2320, training accuracy 0.949201
epoch 2330, training accuracy 0.949270
epoch 2340, training accuracy 0.949409
epoch 2350, training accuracy 0.949270
epoch 2360, training accuracy 0.949340
epoch 2370, training accuracy 0.949409
epoch 2380, training accuracy 0.949340
epoch 2390, training accuracy 0.949479
epoch 2400, training accuracy 0.949618
epoch 2410, training accuracy 0.949618
epoch 2420, training accuracy 0.949618
epoch 2430, training accuracy 0.949618
epoch 2440, training accuracy 0.949757
epoch 2450, training accuracy 0.949826
epoch 2460, training accuracy 0.949757
epoch 2470, training accuracy 0.949757
epoch 2480, training accuracy 0.949826
epoch 2490, training accuracy 0.949757
epoch 2500, training accuracy 0.949757
epoch 2510, training accuracy 0.949826
epoch 2520, training accuracy 0.949826
epoch 2530, training accuracy 0.949757
epoch 2540, training accuracy 0.949826
epoch 2550, training accuracy 0.949826
epoch 2560, training accuracy 0.949826
epoch 2570, training accuracy 0.949826
epoch 2580, training accuracy 0.949826
epoch 2590, training accuracy 0.949826
epoch 2600, training accuracy 0.949826
epoch 2610, training accuracy 0.949826
epoch 2620, training accuracy 0.949826
epoch 2630, training accuracy 0.949757
epoch 2640, training accuracy 0.949757
epoch 2650, training accuracy 0.949757
epoch 2660, training accuracy 0.949757
epoch 2670, training accuracy 0.949826
epoch 2680, training accuracy 0.949757
epoch 2690, training accuracy 0.949826
epoch 2700, training accuracy 0.949826
epoch 2710, training accuracy 0.949826
epoch 2720, training accuracy 0.949896
epoch 2730, training accuracy 0.949896
epoch 2740, training accuracy 0.949896
epoch 2750, training accuracy 0.949896
epoch 2760, training accuracy 0.950174
epoch 2770, training accuracy 0.949896
epoch 2780, training accuracy 0.950174
epoch 2790, training accuracy 0.950174
epoch 2800, training accuracy 0.950174
epoch 2810, training accuracy 0.950174
epoch 2820, training accuracy 0.950174
epoch 2830, training accuracy 0.950174
epoch 2840, training accuracy 0.950174
epoch 2850, training accuracy 0.950243
epoch 2860, training accuracy 0.950174
epoch 2870, training accuracy 0.950243
epoch 2880, training accuracy 0.950243
epoch 2890, training accuracy 0.950243
epoch 2900, training accuracy 0.950243
epoch 2910, training accuracy 0.950243
epoch 2920, training accuracy 0.950243
epoch 2930, training accuracy 0.950243
epoch 2940, training accuracy 0.950243
epoch 2950, training accuracy 0.950243
epoch 2960, training accuracy 0.950243
epoch 2970, training accuracy 0.950174
epoch 2980, training accuracy 0.950243
epoch 2990, training accuracy 0.950174
epoch 3000, training accuracy 0.950174
/tmp/new_news_validate.py loaded, containing 3556 entries, class distribution: [1778 1778]
correct: [1518, 1567]
incorrect: [38, 35]
accuracy: [0.9755784061696658, 0.9781523096129837]
unclassified: [222, 176]
total accuracy: [0.8537682789651294, 0.8813273340832396]
Sun Oct 22 22:10:29 CEST 2017 finished, res_training/eng/new_news
