Sun Oct 22 22:40:23 CEST 2017 create_training_files
/tmp/noite_norte
12566 lines
6192 noite
6428 norte
/tmp/noite_norte_training
10053 lines
4934 noite
5164 norte
/tmp/noite_norte_validate
2513 lines
1258 noite
1264 norte
generate /tmp/noite_norte_training.py, /tmp/noite_norte_validate.py
:compileJava UP-TO-DATE
:processResources UP-TO-DATE
:classes UP-TO-DATE
:createNGramDatabase
Reading /tmp/noite_norte_training
Tokenizing
undersampling to 5024
/tmp/noite_norte_training.pycreated
Reading /tmp/noite_norte_validate
Tokenizing
undersampling to 1279
/tmp/noite_norte_validate.pycreated

BUILD SUCCESSFUL

Total time: 6.37 secs

This build could be faster, please consider using the Gradle Daemon: https://docs.gradle.org/2.10/userguide/gradle_daemon.html
Sun Oct 22 22:40:34 CEST 2017 create_classifier
{'embedding_path': 'res_training/por/embedding/final_embeddings.txt', 'batch_size': 1000, 'training_data_file': '/tmp/noite_norte_training.py', 'self': <__main__.NeuralNetwork object at 0x2b3c91118a58>, 'num_outputs': 2, 'epochs': 3000, 'use_flex_hidden_layer': False, 'dictionary_path': 'res_training/por/embedding/dictionary.txt', 'num_inputs': 4}
embedding shape (44676, 64)
/tmp/noite_norte_training.py loaded, containing 10048 entries, class distribution: [5024 5024]
Steps: 30000, 10 steps in 3000 epochs
epoch 0, training accuracy 0.543591
epoch 10, training accuracy 0.784833
epoch 20, training accuracy 0.868432
epoch 30, training accuracy 0.897791
epoch 40, training accuracy 0.910032
epoch 50, training accuracy 0.920084
epoch 60, training accuracy 0.926652
epoch 70, training accuracy 0.933619
epoch 80, training accuracy 0.938993
epoch 90, training accuracy 0.942974
epoch 100, training accuracy 0.946855
epoch 110, training accuracy 0.949642
epoch 120, training accuracy 0.952428
epoch 130, training accuracy 0.954518
epoch 140, training accuracy 0.956708
epoch 150, training accuracy 0.958997
epoch 160, training accuracy 0.960689
epoch 170, training accuracy 0.961286
epoch 180, training accuracy 0.962878
epoch 190, training accuracy 0.964471
epoch 200, training accuracy 0.965963
epoch 210, training accuracy 0.967357
epoch 220, training accuracy 0.968650
epoch 230, training accuracy 0.969845
epoch 240, training accuracy 0.970740
epoch 250, training accuracy 0.971537
epoch 260, training accuracy 0.972432
epoch 270, training accuracy 0.973428
epoch 280, training accuracy 0.974522
epoch 290, training accuracy 0.975717
epoch 300, training accuracy 0.976214
epoch 310, training accuracy 0.976612
epoch 320, training accuracy 0.977508
epoch 330, training accuracy 0.978205
epoch 340, training accuracy 0.978603
epoch 350, training accuracy 0.978901
epoch 360, training accuracy 0.979598
epoch 370, training accuracy 0.979797
epoch 380, training accuracy 0.980394
epoch 390, training accuracy 0.980991
epoch 400, training accuracy 0.981588
epoch 410, training accuracy 0.981986
epoch 420, training accuracy 0.982385
epoch 430, training accuracy 0.982683
epoch 440, training accuracy 0.982683
epoch 450, training accuracy 0.983181
epoch 460, training accuracy 0.983280
epoch 470, training accuracy 0.983380
epoch 480, training accuracy 0.983579
epoch 490, training accuracy 0.984176
epoch 500, training accuracy 0.984275
epoch 510, training accuracy 0.984574
epoch 520, training accuracy 0.984972
epoch 530, training accuracy 0.985271
epoch 540, training accuracy 0.985868
epoch 550, training accuracy 0.985967
epoch 560, training accuracy 0.986166
epoch 570, training accuracy 0.986365
epoch 580, training accuracy 0.986565
epoch 590, training accuracy 0.986863
epoch 600, training accuracy 0.987062
epoch 610, training accuracy 0.987162
epoch 620, training accuracy 0.987261
epoch 630, training accuracy 0.987560
epoch 640, training accuracy 0.987659
epoch 650, training accuracy 0.987560
epoch 660, training accuracy 0.987858
epoch 670, training accuracy 0.988057
epoch 680, training accuracy 0.988157
epoch 690, training accuracy 0.988356
epoch 700, training accuracy 0.988654
epoch 710, training accuracy 0.988953
epoch 720, training accuracy 0.988953
epoch 730, training accuracy 0.988953
epoch 740, training accuracy 0.989053
epoch 750, training accuracy 0.989351
epoch 760, training accuracy 0.989849
epoch 770, training accuracy 0.989948
epoch 780, training accuracy 0.990147
epoch 790, training accuracy 0.990147
epoch 800, training accuracy 0.990147
epoch 810, training accuracy 0.990247
epoch 820, training accuracy 0.990247
epoch 830, training accuracy 0.990346
epoch 840, training accuracy 0.990247
epoch 850, training accuracy 0.990346
epoch 860, training accuracy 0.990545
epoch 870, training accuracy 0.990545
epoch 880, training accuracy 0.990645
epoch 890, training accuracy 0.990744
epoch 900, training accuracy 0.990744
epoch 910, training accuracy 0.990744
epoch 920, training accuracy 0.990844
epoch 930, training accuracy 0.990943
epoch 940, training accuracy 0.990844
epoch 950, training accuracy 0.990844
epoch 960, training accuracy 0.990844
epoch 970, training accuracy 0.990844
epoch 980, training accuracy 0.990844
epoch 990, training accuracy 0.990943
epoch 1000, training accuracy 0.990943
epoch 1010, training accuracy 0.991242
epoch 1020, training accuracy 0.991242
epoch 1030, training accuracy 0.991242
epoch 1040, training accuracy 0.991242
epoch 1050, training accuracy 0.991342
epoch 1060, training accuracy 0.991342
epoch 1070, training accuracy 0.991342
epoch 1080, training accuracy 0.991342
epoch 1090, training accuracy 0.991441
epoch 1100, training accuracy 0.991541
epoch 1110, training accuracy 0.991441
epoch 1120, training accuracy 0.991441
epoch 1130, training accuracy 0.991441
epoch 1140, training accuracy 0.991441
epoch 1150, training accuracy 0.991541
epoch 1160, training accuracy 0.991640
epoch 1170, training accuracy 0.991640
epoch 1180, training accuracy 0.991640
epoch 1190, training accuracy 0.992237
epoch 1200, training accuracy 0.992237
epoch 1210, training accuracy 0.992337
epoch 1220, training accuracy 0.992337
epoch 1230, training accuracy 0.992536
epoch 1240, training accuracy 0.992536
epoch 1250, training accuracy 0.992536
epoch 1260, training accuracy 0.992635
epoch 1270, training accuracy 0.992635
epoch 1280, training accuracy 0.992934
epoch 1290, training accuracy 0.992934
epoch 1300, training accuracy 0.993133
epoch 1310, training accuracy 0.993232
epoch 1320, training accuracy 0.993332
epoch 1330, training accuracy 0.993332
epoch 1340, training accuracy 0.993332
epoch 1350, training accuracy 0.993531
epoch 1360, training accuracy 0.993631
epoch 1370, training accuracy 0.993631
epoch 1380, training accuracy 0.993730
epoch 1390, training accuracy 0.993730
epoch 1400, training accuracy 0.993730
epoch 1410, training accuracy 0.993830
epoch 1420, training accuracy 0.993830
epoch 1430, training accuracy 0.993929
epoch 1440, training accuracy 0.993929
epoch 1450, training accuracy 0.993929
epoch 1460, training accuracy 0.993929
epoch 1470, training accuracy 0.993929
epoch 1480, training accuracy 0.993929
epoch 1490, training accuracy 0.994128
epoch 1500, training accuracy 0.994128
epoch 1510, training accuracy 0.994228
epoch 1520, training accuracy 0.994327
epoch 1530, training accuracy 0.994327
epoch 1540, training accuracy 0.994327
epoch 1550, training accuracy 0.994327
epoch 1560, training accuracy 0.994327
epoch 1570, training accuracy 0.994327
epoch 1580, training accuracy 0.994327
epoch 1590, training accuracy 0.994427
epoch 1600, training accuracy 0.994626
epoch 1610, training accuracy 0.994626
epoch 1620, training accuracy 0.994626
epoch 1630, training accuracy 0.994626
epoch 1640, training accuracy 0.994626
epoch 1650, training accuracy 0.994626
epoch 1660, training accuracy 0.994626
epoch 1670, training accuracy 0.994626
epoch 1680, training accuracy 0.994626
epoch 1690, training accuracy 0.994626
epoch 1700, training accuracy 0.994626
epoch 1710, training accuracy 0.994626
epoch 1720, training accuracy 0.994825
epoch 1730, training accuracy 0.994825
epoch 1740, training accuracy 0.994825
epoch 1750, training accuracy 0.994825
epoch 1760, training accuracy 0.994825
epoch 1770, training accuracy 0.994825
epoch 1780, training accuracy 0.995024
epoch 1790, training accuracy 0.995024
epoch 1800, training accuracy 0.995123
epoch 1810, training accuracy 0.995123
epoch 1820, training accuracy 0.995123
epoch 1830, training accuracy 0.995123
epoch 1840, training accuracy 0.995123
epoch 1850, training accuracy 0.995123
epoch 1860, training accuracy 0.995123
epoch 1870, training accuracy 0.995123
epoch 1880, training accuracy 0.995123
epoch 1890, training accuracy 0.995123
epoch 1900, training accuracy 0.995123
epoch 1910, training accuracy 0.995223
epoch 1920, training accuracy 0.995223
epoch 1930, training accuracy 0.995223
epoch 1940, training accuracy 0.995223
epoch 1950, training accuracy 0.995223
epoch 1960, training accuracy 0.995223
epoch 1970, training accuracy 0.995223
epoch 1980, training accuracy 0.995223
epoch 1990, training accuracy 0.995322
epoch 2000, training accuracy 0.995322
epoch 2010, training accuracy 0.995322
epoch 2020, training accuracy 0.995322
epoch 2030, training accuracy 0.995322
epoch 2040, training accuracy 0.995322
epoch 2050, training accuracy 0.995422
epoch 2060, training accuracy 0.995422
epoch 2070, training accuracy 0.995422
epoch 2080, training accuracy 0.995422
epoch 2090, training accuracy 0.995422
epoch 2100, training accuracy 0.995521
epoch 2110, training accuracy 0.995521
epoch 2120, training accuracy 0.995621
epoch 2130, training accuracy 0.995621
epoch 2140, training accuracy 0.995721
epoch 2150, training accuracy 0.995721
epoch 2160, training accuracy 0.995920
epoch 2170, training accuracy 0.995920
epoch 2180, training accuracy 0.995920
epoch 2190, training accuracy 0.995920
epoch 2200, training accuracy 0.995920
epoch 2210, training accuracy 0.995920
epoch 2220, training accuracy 0.995920
epoch 2230, training accuracy 0.995920
epoch 2240, training accuracy 0.995920
epoch 2250, training accuracy 0.995920
epoch 2260, training accuracy 0.996019
epoch 2270, training accuracy 0.996019
epoch 2280, training accuracy 0.996019
epoch 2290, training accuracy 0.996019
epoch 2300, training accuracy 0.996019
epoch 2310, training accuracy 0.996019
epoch 2320, training accuracy 0.996019
epoch 2330, training accuracy 0.996019
epoch 2340, training accuracy 0.996019
epoch 2350, training accuracy 0.996019
epoch 2360, training accuracy 0.996019
epoch 2370, training accuracy 0.996019
epoch 2380, training accuracy 0.996019
epoch 2390, training accuracy 0.996019
epoch 2400, training accuracy 0.996119
epoch 2410, training accuracy 0.996119
epoch 2420, training accuracy 0.996218
epoch 2430, training accuracy 0.996218
epoch 2440, training accuracy 0.996218
epoch 2450, training accuracy 0.996318
epoch 2460, training accuracy 0.996417
epoch 2470, training accuracy 0.996417
epoch 2480, training accuracy 0.996417
epoch 2490, training accuracy 0.996417
epoch 2500, training accuracy 0.996417
epoch 2510, training accuracy 0.996517
epoch 2520, training accuracy 0.996517
epoch 2530, training accuracy 0.996517
epoch 2540, training accuracy 0.996517
epoch 2550, training accuracy 0.996517
epoch 2560, training accuracy 0.996517
epoch 2570, training accuracy 0.996517
epoch 2580, training accuracy 0.996517
epoch 2590, training accuracy 0.996517
epoch 2600, training accuracy 0.996517
epoch 2610, training accuracy 0.996517
epoch 2620, training accuracy 0.996517
epoch 2630, training accuracy 0.996517
epoch 2640, training accuracy 0.996517
epoch 2650, training accuracy 0.996517
epoch 2660, training accuracy 0.996517
epoch 2670, training accuracy 0.996517
epoch 2680, training accuracy 0.996517
epoch 2690, training accuracy 0.996517
epoch 2700, training accuracy 0.996517
epoch 2710, training accuracy 0.996517
epoch 2720, training accuracy 0.996517
epoch 2730, training accuracy 0.996417
epoch 2740, training accuracy 0.996417
epoch 2750, training accuracy 0.996517
epoch 2760, training accuracy 0.996517
epoch 2770, training accuracy 0.996517
epoch 2780, training accuracy 0.996517
epoch 2790, training accuracy 0.996517
epoch 2800, training accuracy 0.996517
epoch 2810, training accuracy 0.996517
epoch 2820, training accuracy 0.996517
epoch 2830, training accuracy 0.996517
epoch 2840, training accuracy 0.996517
epoch 2850, training accuracy 0.996517
epoch 2860, training accuracy 0.996517
epoch 2870, training accuracy 0.996517
epoch 2880, training accuracy 0.996517
epoch 2890, training accuracy 0.996517
epoch 2900, training accuracy 0.996517
epoch 2910, training accuracy 0.996517
epoch 2920, training accuracy 0.996517
epoch 2930, training accuracy 0.996517
epoch 2940, training accuracy 0.996517
epoch 2950, training accuracy 0.996517
epoch 2960, training accuracy 0.996517
epoch 2970, training accuracy 0.996517
epoch 2980, training accuracy 0.996417
epoch 2990, training accuracy 0.996417
epoch 3000, training accuracy 0.996417
/tmp/noite_norte_validate.py loaded, containing 2558 entries, class distribution: [1279 1279]
correct: [1252, 1249]
incorrect: [6, 8]
accuracy: [0.9952305246422893, 0.9936356404136834]
unclassified: [21, 22]
total accuracy: [0.9788897576231431, 0.9765441751368257]
Sun Oct 22 22:42:29 CEST 2017 finished, res_training/por/noite_norte
