Sun Oct 22 20:28:18 CEST 2017 create_training_files
/tmp/had_hat
68603 lines
63613 had
5109 hat
/tmp/had_hat_training
54883 lines
50914 had
4073 hat
/tmp/had_hat_validate
13720 lines
12699 had
1036 hat
generate /tmp/had_hat_training.py, /tmp/had_hat_validate.py
:compileJava UP-TO-DATE
:processResources UP-TO-DATE
:classes UP-TO-DATE
:createNGramDatabase
Reading /tmp/had_hat_training
Tokenizing
undersampling to 516
/tmp/had_hat_training.pycreated
Reading /tmp/had_hat_validate
Tokenizing
undersampling to 103
/tmp/had_hat_validate.pycreated

BUILD SUCCESSFUL

Total time: 11.09 secs

This build could be faster, please consider using the Gradle Daemon: https://docs.gradle.org/2.10/userguide/gradle_daemon.html
Sun Oct 22 20:28:37 CEST 2017 create_classifier
{'use_flex_hidden_layer': False, 'epochs': 3000, 'batch_size': 1000, 'self': <__main__.NeuralNetwork object at 0x2b9b5aad2a58>, 'embedding_path': 'res_training/eng/embedding/final_embeddings.txt', 'num_outputs': 2, 'training_data_file': '/tmp/had_hat_training.py', 'num_inputs': 4, 'dictionary_path': 'res_training/eng/embedding/dictionary.txt'}
embedding shape (42122, 64)
/tmp/had_hat_training.py loaded, containing 1032 entries, class distribution: [516 516]
Steps: 3000, 1 steps in 3000 epochs
epoch 0, training accuracy 0.482558
epoch 10, training accuracy 0.483527
epoch 20, training accuracy 0.486434
epoch 30, training accuracy 0.495155
epoch 40, training accuracy 0.523256
epoch 50, training accuracy 0.538760
epoch 60, training accuracy 0.551357
epoch 70, training accuracy 0.564922
epoch 80, training accuracy 0.583333
epoch 90, training accuracy 0.597868
epoch 100, training accuracy 0.615310
epoch 110, training accuracy 0.627907
epoch 120, training accuracy 0.644380
epoch 130, training accuracy 0.659884
epoch 140, training accuracy 0.670543
epoch 150, training accuracy 0.684109
epoch 160, training accuracy 0.694767
epoch 170, training accuracy 0.707364
epoch 180, training accuracy 0.716085
epoch 190, training accuracy 0.720930
epoch 200, training accuracy 0.725775
epoch 210, training accuracy 0.733527
epoch 220, training accuracy 0.737403
epoch 230, training accuracy 0.743217
epoch 240, training accuracy 0.749031
epoch 250, training accuracy 0.753876
epoch 260, training accuracy 0.756783
epoch 270, training accuracy 0.762597
epoch 280, training accuracy 0.768411
epoch 290, training accuracy 0.772287
epoch 300, training accuracy 0.773256
epoch 310, training accuracy 0.779070
epoch 320, training accuracy 0.785853
epoch 330, training accuracy 0.789729
epoch 340, training accuracy 0.790698
epoch 350, training accuracy 0.797481
epoch 360, training accuracy 0.799419
epoch 370, training accuracy 0.801357
epoch 380, training accuracy 0.802326
epoch 390, training accuracy 0.807171
epoch 400, training accuracy 0.808140
epoch 410, training accuracy 0.811047
epoch 420, training accuracy 0.812984
epoch 430, training accuracy 0.814922
epoch 440, training accuracy 0.820736
epoch 450, training accuracy 0.822674
epoch 460, training accuracy 0.823643
epoch 470, training accuracy 0.825581
epoch 480, training accuracy 0.826550
epoch 490, training accuracy 0.826550
epoch 500, training accuracy 0.830426
epoch 510, training accuracy 0.830426
epoch 520, training accuracy 0.828488
epoch 530, training accuracy 0.833333
epoch 540, training accuracy 0.833333
epoch 550, training accuracy 0.836240
epoch 560, training accuracy 0.837209
epoch 570, training accuracy 0.839147
epoch 580, training accuracy 0.839147
epoch 590, training accuracy 0.839147
epoch 600, training accuracy 0.841085
epoch 610, training accuracy 0.843992
epoch 620, training accuracy 0.844961
epoch 630, training accuracy 0.846899
epoch 640, training accuracy 0.851744
epoch 650, training accuracy 0.855620
epoch 660, training accuracy 0.855620
epoch 670, training accuracy 0.857558
epoch 680, training accuracy 0.861434
epoch 690, training accuracy 0.861434
epoch 700, training accuracy 0.861434
epoch 710, training accuracy 0.862403
epoch 720, training accuracy 0.863372
epoch 730, training accuracy 0.863372
epoch 740, training accuracy 0.866279
epoch 750, training accuracy 0.868217
epoch 760, training accuracy 0.869186
epoch 770, training accuracy 0.870155
epoch 780, training accuracy 0.872093
epoch 790, training accuracy 0.873062
epoch 800, training accuracy 0.873062
epoch 810, training accuracy 0.875000
epoch 820, training accuracy 0.876938
epoch 830, training accuracy 0.878876
epoch 840, training accuracy 0.879845
epoch 850, training accuracy 0.880814
epoch 860, training accuracy 0.881783
epoch 870, training accuracy 0.881783
epoch 880, training accuracy 0.883721
epoch 890, training accuracy 0.886628
epoch 900, training accuracy 0.887597
epoch 910, training accuracy 0.888566
epoch 920, training accuracy 0.890504
epoch 930, training accuracy 0.890504
epoch 940, training accuracy 0.890504
epoch 950, training accuracy 0.890504
epoch 960, training accuracy 0.890504
epoch 970, training accuracy 0.891473
epoch 980, training accuracy 0.892442
epoch 990, training accuracy 0.892442
epoch 1000, training accuracy 0.893411
epoch 1010, training accuracy 0.894380
epoch 1020, training accuracy 0.895349
epoch 1030, training accuracy 0.895349
epoch 1040, training accuracy 0.896318
epoch 1050, training accuracy 0.899225
epoch 1060, training accuracy 0.899225
epoch 1070, training accuracy 0.900194
epoch 1080, training accuracy 0.900194
epoch 1090, training accuracy 0.901163
epoch 1100, training accuracy 0.901163
epoch 1110, training accuracy 0.901163
epoch 1120, training accuracy 0.901163
epoch 1130, training accuracy 0.901163
epoch 1140, training accuracy 0.901163
epoch 1150, training accuracy 0.901163
epoch 1160, training accuracy 0.901163
epoch 1170, training accuracy 0.901163
epoch 1180, training accuracy 0.902132
epoch 1190, training accuracy 0.902132
epoch 1200, training accuracy 0.903101
epoch 1210, training accuracy 0.905039
epoch 1220, training accuracy 0.905039
epoch 1230, training accuracy 0.906008
epoch 1240, training accuracy 0.906008
epoch 1250, training accuracy 0.906977
epoch 1260, training accuracy 0.907946
epoch 1270, training accuracy 0.908915
epoch 1280, training accuracy 0.908915
epoch 1290, training accuracy 0.909884
epoch 1300, training accuracy 0.910853
epoch 1310, training accuracy 0.910853
epoch 1320, training accuracy 0.910853
epoch 1330, training accuracy 0.910853
epoch 1340, training accuracy 0.910853
epoch 1350, training accuracy 0.911822
epoch 1360, training accuracy 0.911822
epoch 1370, training accuracy 0.912791
epoch 1380, training accuracy 0.912791
epoch 1390, training accuracy 0.912791
epoch 1400, training accuracy 0.912791
epoch 1410, training accuracy 0.912791
epoch 1420, training accuracy 0.913760
epoch 1430, training accuracy 0.913760
epoch 1440, training accuracy 0.914729
epoch 1450, training accuracy 0.915698
epoch 1460, training accuracy 0.918605
epoch 1470, training accuracy 0.921512
epoch 1480, training accuracy 0.921512
epoch 1490, training accuracy 0.921512
epoch 1500, training accuracy 0.922481
epoch 1510, training accuracy 0.923450
epoch 1520, training accuracy 0.923450
epoch 1530, training accuracy 0.924419
epoch 1540, training accuracy 0.924419
epoch 1550, training accuracy 0.924419
epoch 1560, training accuracy 0.923450
epoch 1570, training accuracy 0.923450
epoch 1580, training accuracy 0.923450
epoch 1590, training accuracy 0.924419
epoch 1600, training accuracy 0.924419
epoch 1610, training accuracy 0.924419
epoch 1620, training accuracy 0.925388
epoch 1630, training accuracy 0.925388
epoch 1640, training accuracy 0.926357
epoch 1650, training accuracy 0.926357
epoch 1660, training accuracy 0.926357
epoch 1670, training accuracy 0.926357
epoch 1680, training accuracy 0.926357
epoch 1690, training accuracy 0.925388
epoch 1700, training accuracy 0.925388
epoch 1710, training accuracy 0.925388
epoch 1720, training accuracy 0.925388
epoch 1730, training accuracy 0.925388
epoch 1740, training accuracy 0.925388
epoch 1750, training accuracy 0.925388
epoch 1760, training accuracy 0.925388
epoch 1770, training accuracy 0.925388
epoch 1780, training accuracy 0.926357
epoch 1790, training accuracy 0.926357
epoch 1800, training accuracy 0.928295
epoch 1810, training accuracy 0.928295
epoch 1820, training accuracy 0.929264
epoch 1830, training accuracy 0.929264
epoch 1840, training accuracy 0.930233
epoch 1850, training accuracy 0.930233
epoch 1860, training accuracy 0.931202
epoch 1870, training accuracy 0.931202
epoch 1880, training accuracy 0.932171
epoch 1890, training accuracy 0.932171
epoch 1900, training accuracy 0.932171
epoch 1910, training accuracy 0.932171
epoch 1920, training accuracy 0.932171
epoch 1930, training accuracy 0.933140
epoch 1940, training accuracy 0.933140
epoch 1950, training accuracy 0.934109
epoch 1960, training accuracy 0.934109
epoch 1970, training accuracy 0.934109
epoch 1980, training accuracy 0.934109
epoch 1990, training accuracy 0.934109
epoch 2000, training accuracy 0.934109
epoch 2010, training accuracy 0.934109
epoch 2020, training accuracy 0.935078
epoch 2030, training accuracy 0.936047
epoch 2040, training accuracy 0.936047
epoch 2050, training accuracy 0.936047
epoch 2060, training accuracy 0.937016
epoch 2070, training accuracy 0.937016
epoch 2080, training accuracy 0.937984
epoch 2090, training accuracy 0.937984
epoch 2100, training accuracy 0.937984
epoch 2110, training accuracy 0.937984
epoch 2120, training accuracy 0.937984
epoch 2130, training accuracy 0.937984
epoch 2140, training accuracy 0.937984
epoch 2150, training accuracy 0.937984
epoch 2160, training accuracy 0.938953
epoch 2170, training accuracy 0.938953
epoch 2180, training accuracy 0.938953
epoch 2190, training accuracy 0.939922
epoch 2200, training accuracy 0.940891
epoch 2210, training accuracy 0.940891
epoch 2220, training accuracy 0.940891
epoch 2230, training accuracy 0.940891
epoch 2240, training accuracy 0.940891
epoch 2250, training accuracy 0.940891
epoch 2260, training accuracy 0.940891
epoch 2270, training accuracy 0.940891
epoch 2280, training accuracy 0.941860
epoch 2290, training accuracy 0.941860
epoch 2300, training accuracy 0.941860
epoch 2310, training accuracy 0.942829
epoch 2320, training accuracy 0.942829
epoch 2330, training accuracy 0.942829
epoch 2340, training accuracy 0.942829
epoch 2350, training accuracy 0.942829
epoch 2360, training accuracy 0.942829
epoch 2370, training accuracy 0.942829
epoch 2380, training accuracy 0.942829
epoch 2390, training accuracy 0.942829
epoch 2400, training accuracy 0.942829
epoch 2410, training accuracy 0.942829
epoch 2420, training accuracy 0.942829
epoch 2430, training accuracy 0.942829
epoch 2440, training accuracy 0.942829
epoch 2450, training accuracy 0.942829
epoch 2460, training accuracy 0.942829
epoch 2470, training accuracy 0.942829
epoch 2480, training accuracy 0.942829
epoch 2490, training accuracy 0.943798
epoch 2500, training accuracy 0.943798
epoch 2510, training accuracy 0.943798
epoch 2520, training accuracy 0.943798
epoch 2530, training accuracy 0.944767
epoch 2540, training accuracy 0.944767
epoch 2550, training accuracy 0.944767
epoch 2560, training accuracy 0.945736
epoch 2570, training accuracy 0.945736
epoch 2580, training accuracy 0.945736
epoch 2590, training accuracy 0.945736
epoch 2600, training accuracy 0.946705
epoch 2610, training accuracy 0.947674
epoch 2620, training accuracy 0.947674
epoch 2630, training accuracy 0.947674
epoch 2640, training accuracy 0.947674
epoch 2650, training accuracy 0.947674
epoch 2660, training accuracy 0.949612
epoch 2670, training accuracy 0.949612
epoch 2680, training accuracy 0.949612
epoch 2690, training accuracy 0.949612
epoch 2700, training accuracy 0.949612
epoch 2710, training accuracy 0.950581
epoch 2720, training accuracy 0.951550
epoch 2730, training accuracy 0.951550
epoch 2740, training accuracy 0.951550
epoch 2750, training accuracy 0.951550
epoch 2760, training accuracy 0.951550
epoch 2770, training accuracy 0.951550
epoch 2780, training accuracy 0.951550
epoch 2790, training accuracy 0.951550
epoch 2800, training accuracy 0.952519
epoch 2810, training accuracy 0.952519
epoch 2820, training accuracy 0.952519
epoch 2830, training accuracy 0.952519
epoch 2840, training accuracy 0.952519
epoch 2850, training accuracy 0.952519
epoch 2860, training accuracy 0.952519
epoch 2870, training accuracy 0.952519
epoch 2880, training accuracy 0.952519
epoch 2890, training accuracy 0.952519
epoch 2900, training accuracy 0.952519
epoch 2910, training accuracy 0.952519
epoch 2920, training accuracy 0.953488
epoch 2930, training accuracy 0.953488
epoch 2940, training accuracy 0.955426
epoch 2950, training accuracy 0.955426
epoch 2960, training accuracy 0.955426
epoch 2970, training accuracy 0.955426
epoch 2980, training accuracy 0.955426
epoch 2990, training accuracy 0.955426
epoch 3000, training accuracy 0.955426
/tmp/had_hat_validate.py loaded, containing 206 entries, class distribution: [103 103]
correct: [90, 82]
incorrect: [0, 3]
accuracy: [1.0, 0.9647058823529412]
unclassified: [13, 18]
total accuracy: [0.8737864077669902, 0.7961165048543689]
Sun Oct 22 20:28:56 CEST 2017 finished, res_training/eng/had_hat
