Mon Oct 23 02:42:20 CEST 2017 create_training_files
/tmp/were_where
78403 lines
57409 were
22806 where
/tmp/were_where_training
62723 lines
45921 were
18265 where
/tmp/were_where_validate
15680 lines
11488 were
4541 where
generate /tmp/were_where_training.py, /tmp/were_where_validate.py
:compileJava UP-TO-DATE
:processResources UP-TO-DATE
:classes UP-TO-DATE
:createNGramDatabase
Reading /tmp/were_where_training
Tokenizing
undersampling to 18687
/tmp/were_where_training.pycreated
Reading /tmp/were_where_validate
Tokenizing
undersampling to 4659
/tmp/were_where_validate.pycreated

BUILD SUCCESSFUL

Total time: 12.031 secs

This build could be faster, please consider using the Gradle Daemon: https://docs.gradle.org/2.10/userguide/gradle_daemon.html
Mon Oct 23 02:42:36 CEST 2017 create_classifier
{'use_flex_hidden_layer': False, 'training_data_file': '/tmp/were_where_training.py', 'num_inputs': 4, 'dictionary_path': 'res_training/eng/embedding/dictionary.txt', 'embedding_path': 'res_training/eng/embedding/final_embeddings.txt', 'self': <__main__.NeuralNetwork object at 0x2baa1ada3a58>, 'batch_size': 1000, 'num_outputs': 2, 'epochs': 3000}
embedding shape (42122, 64)
/tmp/were_where_training.py loaded, containing 37374 entries, class distribution: [18687 18687]
Steps: 111000, 37 steps in 3000 epochs
epoch 0, training accuracy 0.528817
epoch 10, training accuracy 0.820196
epoch 20, training accuracy 0.890673
epoch 30, training accuracy 0.913737
epoch 40, training accuracy 0.926018
epoch 50, training accuracy 0.933323
epoch 60, training accuracy 0.938273
epoch 70, training accuracy 0.942447
epoch 80, training accuracy 0.945336
epoch 90, training accuracy 0.947611
epoch 100, training accuracy 0.950420
epoch 110, training accuracy 0.952400
epoch 120, training accuracy 0.953577
epoch 130, training accuracy 0.954728
epoch 140, training accuracy 0.955557
epoch 150, training accuracy 0.956574
epoch 160, training accuracy 0.957243
epoch 170, training accuracy 0.958126
epoch 180, training accuracy 0.958608
epoch 190, training accuracy 0.959196
epoch 200, training accuracy 0.959999
epoch 210, training accuracy 0.960400
epoch 220, training accuracy 0.960802
epoch 230, training accuracy 0.961363
epoch 240, training accuracy 0.961711
epoch 250, training accuracy 0.961899
epoch 260, training accuracy 0.962086
epoch 270, training accuracy 0.962139
epoch 280, training accuracy 0.962327
epoch 290, training accuracy 0.962514
epoch 300, training accuracy 0.962568
epoch 310, training accuracy 0.962862
epoch 320, training accuracy 0.962889
epoch 330, training accuracy 0.962782
epoch 340, training accuracy 0.962996
epoch 350, training accuracy 0.963049
epoch 360, training accuracy 0.963076
epoch 370, training accuracy 0.963156
epoch 380, training accuracy 0.963129
epoch 390, training accuracy 0.963156
epoch 400, training accuracy 0.963210
epoch 410, training accuracy 0.963263
epoch 420, training accuracy 0.963236
epoch 430, training accuracy 0.963210
epoch 440, training accuracy 0.963236
epoch 450, training accuracy 0.963210
epoch 460, training accuracy 0.963370
epoch 470, training accuracy 0.963558
epoch 480, training accuracy 0.963477
epoch 490, training accuracy 0.963638
epoch 500, training accuracy 0.963584
epoch 510, training accuracy 0.963611
epoch 520, training accuracy 0.963611
epoch 530, training accuracy 0.963745
epoch 540, training accuracy 0.963665
epoch 550, training accuracy 0.963798
epoch 560, training accuracy 0.963798
epoch 570, training accuracy 0.963879
epoch 580, training accuracy 0.963879
epoch 590, training accuracy 0.963879
epoch 600, training accuracy 0.963905
epoch 610, training accuracy 0.963959
epoch 620, training accuracy 0.963959
epoch 630, training accuracy 0.963959
epoch 640, training accuracy 0.963986
epoch 650, training accuracy 0.963986
epoch 660, training accuracy 0.963932
epoch 670, training accuracy 0.963932
epoch 680, training accuracy 0.963905
epoch 690, training accuracy 0.963905
epoch 700, training accuracy 0.963852
epoch 710, training accuracy 0.963879
epoch 720, training accuracy 0.963959
epoch 730, training accuracy 0.963986
epoch 740, training accuracy 0.964012
epoch 750, training accuracy 0.964119
epoch 760, training accuracy 0.964146
epoch 770, training accuracy 0.964066
epoch 780, training accuracy 0.964119
epoch 790, training accuracy 0.964146
epoch 800, training accuracy 0.964253
epoch 810, training accuracy 0.964226
epoch 820, training accuracy 0.964119
epoch 830, training accuracy 0.964253
epoch 840, training accuracy 0.964253
epoch 850, training accuracy 0.964307
epoch 860, training accuracy 0.964307
epoch 870, training accuracy 0.964280
epoch 880, training accuracy 0.964307
epoch 890, training accuracy 0.964360
epoch 900, training accuracy 0.964333
epoch 910, training accuracy 0.964387
epoch 920, training accuracy 0.964333
epoch 930, training accuracy 0.964441
epoch 940, training accuracy 0.964414
epoch 950, training accuracy 0.964360
epoch 960, training accuracy 0.964441
epoch 970, training accuracy 0.964387
epoch 980, training accuracy 0.964467
epoch 990, training accuracy 0.964387
epoch 1000, training accuracy 0.964387
epoch 1010, training accuracy 0.964387
epoch 1020, training accuracy 0.964387
epoch 1030, training accuracy 0.964333
epoch 1040, training accuracy 0.964387
epoch 1050, training accuracy 0.964387
epoch 1060, training accuracy 0.964333
epoch 1070, training accuracy 0.964307
epoch 1080, training accuracy 0.964360
epoch 1090, training accuracy 0.964280
epoch 1100, training accuracy 0.964280
epoch 1110, training accuracy 0.964333
epoch 1120, training accuracy 0.964333
epoch 1130, training accuracy 0.964333
epoch 1140, training accuracy 0.964253
epoch 1150, training accuracy 0.964333
epoch 1160, training accuracy 0.964307
epoch 1170, training accuracy 0.964307
epoch 1180, training accuracy 0.964253
epoch 1190, training accuracy 0.964307
epoch 1200, training accuracy 0.964253
epoch 1210, training accuracy 0.964280
epoch 1220, training accuracy 0.964307
epoch 1230, training accuracy 0.964280
epoch 1240, training accuracy 0.964280
epoch 1250, training accuracy 0.964333
epoch 1260, training accuracy 0.964360
epoch 1270, training accuracy 0.964280
epoch 1280, training accuracy 0.964253
epoch 1290, training accuracy 0.964387
epoch 1300, training accuracy 0.964333
epoch 1310, training accuracy 0.964333
epoch 1320, training accuracy 0.964360
epoch 1330, training accuracy 0.964307
epoch 1340, training accuracy 0.964360
epoch 1350, training accuracy 0.964307
epoch 1360, training accuracy 0.964253
epoch 1370, training accuracy 0.964307
epoch 1380, training accuracy 0.964360
epoch 1390, training accuracy 0.964253
epoch 1400, training accuracy 0.964253
epoch 1410, training accuracy 0.964333
epoch 1420, training accuracy 0.964307
epoch 1430, training accuracy 0.964173
epoch 1440, training accuracy 0.964307
epoch 1450, training accuracy 0.964307
epoch 1460, training accuracy 0.964280
epoch 1470, training accuracy 0.964226
epoch 1480, training accuracy 0.964307
epoch 1490, training accuracy 0.964333
epoch 1500, training accuracy 0.964307
epoch 1510, training accuracy 0.964253
epoch 1520, training accuracy 0.964307
epoch 1530, training accuracy 0.964253
epoch 1540, training accuracy 0.964226
epoch 1550, training accuracy 0.964253
epoch 1560, training accuracy 0.964333
epoch 1570, training accuracy 0.964253
epoch 1580, training accuracy 0.964226
epoch 1590, training accuracy 0.964280
epoch 1600, training accuracy 0.964360
epoch 1610, training accuracy 0.964226
epoch 1620, training accuracy 0.964226
epoch 1630, training accuracy 0.964333
epoch 1640, training accuracy 0.964333
epoch 1650, training accuracy 0.964226
epoch 1660, training accuracy 0.964226
epoch 1670, training accuracy 0.964360
epoch 1680, training accuracy 0.964307
epoch 1690, training accuracy 0.964226
epoch 1700, training accuracy 0.964226
epoch 1710, training accuracy 0.964360
epoch 1720, training accuracy 0.964280
epoch 1730, training accuracy 0.964226
epoch 1740, training accuracy 0.964253
epoch 1750, training accuracy 0.964360
epoch 1760, training accuracy 0.964226
epoch 1770, training accuracy 0.964226
epoch 1780, training accuracy 0.964280
epoch 1790, training accuracy 0.964333
epoch 1800, training accuracy 0.964226
epoch 1810, training accuracy 0.964173
epoch 1820, training accuracy 0.964280
epoch 1830, training accuracy 0.964307
epoch 1840, training accuracy 0.964226
epoch 1850, training accuracy 0.964173
epoch 1860, training accuracy 0.964333
epoch 1870, training accuracy 0.964280
epoch 1880, training accuracy 0.964200
epoch 1890, training accuracy 0.964200
epoch 1900, training accuracy 0.964387
epoch 1910, training accuracy 0.964226
epoch 1920, training accuracy 0.964173
epoch 1930, training accuracy 0.964226
epoch 1940, training accuracy 0.964360
epoch 1950, training accuracy 0.964200
epoch 1960, training accuracy 0.964173
epoch 1970, training accuracy 0.964307
epoch 1980, training accuracy 0.964360
epoch 1990, training accuracy 0.964173
epoch 2000, training accuracy 0.964146
epoch 2010, training accuracy 0.964307
epoch 2020, training accuracy 0.964333
epoch 2030, training accuracy 0.964173
epoch 2040, training accuracy 0.964173
epoch 2050, training accuracy 0.964360
epoch 2060, training accuracy 0.964333
epoch 2070, training accuracy 0.964173
epoch 2080, training accuracy 0.964173
epoch 2090, training accuracy 0.964333
epoch 2100, training accuracy 0.964200
epoch 2110, training accuracy 0.964200
epoch 2120, training accuracy 0.964173
epoch 2130, training accuracy 0.964360
epoch 2140, training accuracy 0.964173
epoch 2150, training accuracy 0.964200
epoch 2160, training accuracy 0.964253
epoch 2170, training accuracy 0.964360
epoch 2180, training accuracy 0.964173
epoch 2190, training accuracy 0.964173
epoch 2200, training accuracy 0.964280
epoch 2210, training accuracy 0.964307
epoch 2220, training accuracy 0.964200
epoch 2230, training accuracy 0.964226
epoch 2240, training accuracy 0.964333
epoch 2250, training accuracy 0.964280
epoch 2260, training accuracy 0.964200
epoch 2270, training accuracy 0.964200
epoch 2280, training accuracy 0.964307
epoch 2290, training accuracy 0.964226
epoch 2300, training accuracy 0.964253
epoch 2310, training accuracy 0.964200
epoch 2320, training accuracy 0.964307
epoch 2330, training accuracy 0.964226
epoch 2340, training accuracy 0.964253
epoch 2350, training accuracy 0.964280
epoch 2360, training accuracy 0.964307
epoch 2370, training accuracy 0.964253
epoch 2380, training accuracy 0.964253
epoch 2390, training accuracy 0.964280
epoch 2400, training accuracy 0.964280
epoch 2410, training accuracy 0.964253
epoch 2420, training accuracy 0.964280
epoch 2430, training accuracy 0.964307
epoch 2440, training accuracy 0.964280
epoch 2450, training accuracy 0.964253
epoch 2460, training accuracy 0.964253
epoch 2470, training accuracy 0.964333
epoch 2480, training accuracy 0.964307
epoch 2490, training accuracy 0.964253
epoch 2500, training accuracy 0.964226
epoch 2510, training accuracy 0.964333
epoch 2520, training accuracy 0.964280
epoch 2530, training accuracy 0.964253
epoch 2540, training accuracy 0.964307
epoch 2550, training accuracy 0.964333
epoch 2560, training accuracy 0.964253
epoch 2570, training accuracy 0.964280
epoch 2580, training accuracy 0.964333
epoch 2590, training accuracy 0.964333
epoch 2600, training accuracy 0.964253
epoch 2610, training accuracy 0.964280
epoch 2620, training accuracy 0.964307
epoch 2630, training accuracy 0.964360
epoch 2640, training accuracy 0.964253
epoch 2650, training accuracy 0.964280
epoch 2660, training accuracy 0.964333
epoch 2670, training accuracy 0.964333
epoch 2680, training accuracy 0.964280
epoch 2690, training accuracy 0.964307
epoch 2700, training accuracy 0.964333
epoch 2710, training accuracy 0.964307
epoch 2720, training accuracy 0.964280
epoch 2730, training accuracy 0.964333
epoch 2740, training accuracy 0.964360
epoch 2750, training accuracy 0.964280
epoch 2760, training accuracy 0.964280
epoch 2770, training accuracy 0.964360
epoch 2780, training accuracy 0.964360
epoch 2790, training accuracy 0.964307
epoch 2800, training accuracy 0.964307
epoch 2810, training accuracy 0.964333
epoch 2820, training accuracy 0.964360
epoch 2830, training accuracy 0.964307
epoch 2840, training accuracy 0.964333
epoch 2850, training accuracy 0.964333
epoch 2860, training accuracy 0.964333
epoch 2870, training accuracy 0.964307
epoch 2880, training accuracy 0.964360
epoch 2890, training accuracy 0.964333
epoch 2900, training accuracy 0.964307
epoch 2910, training accuracy 0.964307
epoch 2920, training accuracy 0.964360
epoch 2930, training accuracy 0.964333
epoch 2940, training accuracy 0.964333
epoch 2950, training accuracy 0.964307
epoch 2960, training accuracy 0.964360
epoch 2970, training accuracy 0.964387
epoch 2980, training accuracy 0.964333
epoch 2990, training accuracy 0.964307
epoch 3000, training accuracy 0.964333
/tmp/were_where_validate.py loaded, containing 9318 entries, class distribution: [4659 4659]
correct: [4341, 4307]
incorrect: [82, 70]
accuracy: [0.9814605471399502, 0.9840073109435686]
unclassified: [236, 282]
total accuracy: [0.9317450096587251, 0.9244473062889031]
Mon Oct 23 02:49:40 CEST 2017 finished, res_training/eng/were_where
