Sun Oct 22 23:07:55 CEST 2017 create_training_files
/tmp/plans_plants
7050 lines
6075 plans
987 plants
/tmp/plans_plants_training
5640 lines
4872 plans
779 plants
/tmp/plans_plants_validate
1410 lines
1203 plans
208 plants
generate /tmp/plans_plants_training.py, /tmp/plans_plants_validate.py
:compileJava UP-TO-DATE
:processResources UP-TO-DATE
:classes UP-TO-DATE
:createNGramDatabase
Reading /tmp/plans_plants_training
Tokenizing
undersampling to 807
/tmp/plans_plants_training.pycreated
Reading /tmp/plans_plants_validate
Tokenizing
undersampling to 218
/tmp/plans_plants_validate.pycreated

BUILD SUCCESSFUL

Total time: 5.315 secs

This build could be faster, please consider using the Gradle Daemon: https://docs.gradle.org/2.10/userguide/gradle_daemon.html
Sun Oct 22 23:08:06 CEST 2017 create_classifier
{'num_inputs': 4, 'num_outputs': 2, 'embedding_path': 'res_training/eng/embedding/final_embeddings.txt', 'dictionary_path': 'res_training/eng/embedding/dictionary.txt', 'epochs': 3000, 'use_flex_hidden_layer': False, 'self': <__main__.NeuralNetwork object at 0x2aaeef974a58>, 'batch_size': 1000, 'training_data_file': '/tmp/plans_plants_training.py'}
embedding shape (42122, 64)
/tmp/plans_plants_training.py loaded, containing 1614 entries, class distribution: [807 807]
Steps: 3000, 1 steps in 3000 epochs
epoch 0, training accuracy 0.459108
epoch 10, training accuracy 0.463445
epoch 20, training accuracy 0.474597
epoch 30, training accuracy 0.480173
epoch 40, training accuracy 0.478934
epoch 50, training accuracy 0.480793
epoch 60, training accuracy 0.485130
epoch 70, training accuracy 0.500620
epoch 80, training accuracy 0.511152
epoch 90, training accuracy 0.525403
epoch 100, training accuracy 0.535316
epoch 110, training accuracy 0.548947
epoch 120, training accuracy 0.562577
epoch 130, training accuracy 0.573730
epoch 140, training accuracy 0.584263
epoch 150, training accuracy 0.594796
epoch 160, training accuracy 0.601611
epoch 170, training accuracy 0.610285
epoch 180, training accuracy 0.622677
epoch 190, training accuracy 0.635068
epoch 200, training accuracy 0.648079
epoch 210, training accuracy 0.656134
epoch 220, training accuracy 0.667906
epoch 230, training accuracy 0.678439
epoch 240, training accuracy 0.686493
epoch 250, training accuracy 0.697026
epoch 260, training accuracy 0.705700
epoch 270, training accuracy 0.710037
epoch 280, training accuracy 0.714374
epoch 290, training accuracy 0.718092
epoch 300, training accuracy 0.719950
epoch 310, training accuracy 0.726766
epoch 320, training accuracy 0.732962
epoch 330, training accuracy 0.737918
epoch 340, training accuracy 0.743494
epoch 350, training accuracy 0.744114
epoch 360, training accuracy 0.746592
epoch 370, training accuracy 0.750929
epoch 380, training accuracy 0.752169
epoch 390, training accuracy 0.755886
epoch 400, training accuracy 0.759603
epoch 410, training accuracy 0.762701
epoch 420, training accuracy 0.764560
epoch 430, training accuracy 0.766419
epoch 440, training accuracy 0.770136
epoch 450, training accuracy 0.771375
epoch 460, training accuracy 0.772615
epoch 470, training accuracy 0.772615
epoch 480, training accuracy 0.776952
epoch 490, training accuracy 0.778810
epoch 500, training accuracy 0.779430
epoch 510, training accuracy 0.783767
epoch 520, training accuracy 0.786865
epoch 530, training accuracy 0.788104
epoch 540, training accuracy 0.790582
epoch 550, training accuracy 0.792441
epoch 560, training accuracy 0.795539
epoch 570, training accuracy 0.796159
epoch 580, training accuracy 0.799257
epoch 590, training accuracy 0.800496
epoch 600, training accuracy 0.802354
epoch 610, training accuracy 0.802354
epoch 620, training accuracy 0.802354
epoch 630, training accuracy 0.802974
epoch 640, training accuracy 0.804213
epoch 650, training accuracy 0.807311
epoch 660, training accuracy 0.808550
epoch 670, training accuracy 0.807931
epoch 680, training accuracy 0.808550
epoch 690, training accuracy 0.809170
epoch 700, training accuracy 0.811028
epoch 710, training accuracy 0.813507
epoch 720, training accuracy 0.814126
epoch 730, training accuracy 0.815985
epoch 740, training accuracy 0.815985
epoch 750, training accuracy 0.816605
epoch 760, training accuracy 0.819083
epoch 770, training accuracy 0.821561
epoch 780, training accuracy 0.822801
epoch 790, training accuracy 0.823420
epoch 800, training accuracy 0.823420
epoch 810, training accuracy 0.824040
epoch 820, training accuracy 0.824040
epoch 830, training accuracy 0.824659
epoch 840, training accuracy 0.825898
epoch 850, training accuracy 0.827138
epoch 860, training accuracy 0.826518
epoch 870, training accuracy 0.827757
epoch 880, training accuracy 0.828377
epoch 890, training accuracy 0.829616
epoch 900, training accuracy 0.830235
epoch 910, training accuracy 0.830235
epoch 920, training accuracy 0.830235
epoch 930, training accuracy 0.830855
epoch 940, training accuracy 0.832094
epoch 950, training accuracy 0.834572
epoch 960, training accuracy 0.835192
epoch 970, training accuracy 0.835812
epoch 980, training accuracy 0.836431
epoch 990, training accuracy 0.837051
epoch 1000, training accuracy 0.838910
epoch 1010, training accuracy 0.839529
epoch 1020, training accuracy 0.839529
epoch 1030, training accuracy 0.840149
epoch 1040, training accuracy 0.840768
epoch 1050, training accuracy 0.841388
epoch 1060, training accuracy 0.840768
epoch 1070, training accuracy 0.841388
epoch 1080, training accuracy 0.842007
epoch 1090, training accuracy 0.843247
epoch 1100, training accuracy 0.843866
epoch 1110, training accuracy 0.844486
epoch 1120, training accuracy 0.844486
epoch 1130, training accuracy 0.845725
epoch 1140, training accuracy 0.846964
epoch 1150, training accuracy 0.848823
epoch 1160, training accuracy 0.848823
epoch 1170, training accuracy 0.848823
epoch 1180, training accuracy 0.848823
epoch 1190, training accuracy 0.851301
epoch 1200, training accuracy 0.851921
epoch 1210, training accuracy 0.850682
epoch 1220, training accuracy 0.851921
epoch 1230, training accuracy 0.852540
epoch 1240, training accuracy 0.851921
epoch 1250, training accuracy 0.852540
epoch 1260, training accuracy 0.851921
epoch 1270, training accuracy 0.853779
epoch 1280, training accuracy 0.854399
epoch 1290, training accuracy 0.854399
epoch 1300, training accuracy 0.855019
epoch 1310, training accuracy 0.855019
epoch 1320, training accuracy 0.855019
epoch 1330, training accuracy 0.855638
epoch 1340, training accuracy 0.855638
epoch 1350, training accuracy 0.855638
epoch 1360, training accuracy 0.856258
epoch 1370, training accuracy 0.856258
epoch 1380, training accuracy 0.856877
epoch 1390, training accuracy 0.856877
epoch 1400, training accuracy 0.857497
epoch 1410, training accuracy 0.857497
epoch 1420, training accuracy 0.858117
epoch 1430, training accuracy 0.858736
epoch 1440, training accuracy 0.859356
epoch 1450, training accuracy 0.859356
epoch 1460, training accuracy 0.859356
epoch 1470, training accuracy 0.859975
epoch 1480, training accuracy 0.861834
epoch 1490, training accuracy 0.862454
epoch 1500, training accuracy 0.862454
epoch 1510, training accuracy 0.863073
epoch 1520, training accuracy 0.864312
epoch 1530, training accuracy 0.864932
epoch 1540, training accuracy 0.865551
epoch 1550, training accuracy 0.866171
epoch 1560, training accuracy 0.866791
epoch 1570, training accuracy 0.867410
epoch 1580, training accuracy 0.867410
epoch 1590, training accuracy 0.868030
epoch 1600, training accuracy 0.868649
epoch 1610, training accuracy 0.868649
epoch 1620, training accuracy 0.869888
epoch 1630, training accuracy 0.869269
epoch 1640, training accuracy 0.869269
epoch 1650, training accuracy 0.869269
epoch 1660, training accuracy 0.870508
epoch 1670, training accuracy 0.871128
epoch 1680, training accuracy 0.871128
epoch 1690, training accuracy 0.871128
epoch 1700, training accuracy 0.869888
epoch 1710, training accuracy 0.869888
epoch 1720, training accuracy 0.869888
epoch 1730, training accuracy 0.869888
epoch 1740, training accuracy 0.869888
epoch 1750, training accuracy 0.869269
epoch 1760, training accuracy 0.869888
epoch 1770, training accuracy 0.869888
epoch 1780, training accuracy 0.869888
epoch 1790, training accuracy 0.869888
epoch 1800, training accuracy 0.869888
epoch 1810, training accuracy 0.869888
epoch 1820, training accuracy 0.870508
epoch 1830, training accuracy 0.872367
epoch 1840, training accuracy 0.872986
epoch 1850, training accuracy 0.874225
epoch 1860, training accuracy 0.874225
epoch 1870, training accuracy 0.874225
epoch 1880, training accuracy 0.874225
epoch 1890, training accuracy 0.874225
epoch 1900, training accuracy 0.875465
epoch 1910, training accuracy 0.876084
epoch 1920, training accuracy 0.876084
epoch 1930, training accuracy 0.876084
epoch 1940, training accuracy 0.876084
epoch 1950, training accuracy 0.876084
epoch 1960, training accuracy 0.875465
epoch 1970, training accuracy 0.876084
epoch 1980, training accuracy 0.876084
epoch 1990, training accuracy 0.876084
epoch 2000, training accuracy 0.876084
epoch 2010, training accuracy 0.875465
epoch 2020, training accuracy 0.875465
epoch 2030, training accuracy 0.876084
epoch 2040, training accuracy 0.876084
epoch 2050, training accuracy 0.876084
epoch 2060, training accuracy 0.876704
epoch 2070, training accuracy 0.876704
epoch 2080, training accuracy 0.876704
epoch 2090, training accuracy 0.876704
epoch 2100, training accuracy 0.876704
epoch 2110, training accuracy 0.876704
epoch 2120, training accuracy 0.876704
epoch 2130, training accuracy 0.876704
epoch 2140, training accuracy 0.876704
epoch 2150, training accuracy 0.877323
epoch 2160, training accuracy 0.877323
epoch 2170, training accuracy 0.879182
epoch 2180, training accuracy 0.879182
epoch 2190, training accuracy 0.879182
epoch 2200, training accuracy 0.879182
epoch 2210, training accuracy 0.879182
epoch 2220, training accuracy 0.879182
epoch 2230, training accuracy 0.879182
epoch 2240, training accuracy 0.879182
epoch 2250, training accuracy 0.879182
epoch 2260, training accuracy 0.879182
epoch 2270, training accuracy 0.879802
epoch 2280, training accuracy 0.879802
epoch 2290, training accuracy 0.879802
epoch 2300, training accuracy 0.879802
epoch 2310, training accuracy 0.879802
epoch 2320, training accuracy 0.880421
epoch 2330, training accuracy 0.880421
epoch 2340, training accuracy 0.881041
epoch 2350, training accuracy 0.882900
epoch 2360, training accuracy 0.882900
epoch 2370, training accuracy 0.882900
epoch 2380, training accuracy 0.882900
epoch 2390, training accuracy 0.882900
epoch 2400, training accuracy 0.882900
epoch 2410, training accuracy 0.883519
epoch 2420, training accuracy 0.884139
epoch 2430, training accuracy 0.884758
epoch 2440, training accuracy 0.884758
epoch 2450, training accuracy 0.885378
epoch 2460, training accuracy 0.885378
epoch 2470, training accuracy 0.885378
epoch 2480, training accuracy 0.885378
epoch 2490, training accuracy 0.885378
epoch 2500, training accuracy 0.885998
epoch 2510, training accuracy 0.885378
epoch 2520, training accuracy 0.885378
epoch 2530, training accuracy 0.885998
epoch 2540, training accuracy 0.886617
epoch 2550, training accuracy 0.886617
epoch 2560, training accuracy 0.886617
epoch 2570, training accuracy 0.886617
epoch 2580, training accuracy 0.885998
epoch 2590, training accuracy 0.885378
epoch 2600, training accuracy 0.885998
epoch 2610, training accuracy 0.885998
epoch 2620, training accuracy 0.885998
epoch 2630, training accuracy 0.885998
epoch 2640, training accuracy 0.885998
epoch 2650, training accuracy 0.885998
epoch 2660, training accuracy 0.884758
epoch 2670, training accuracy 0.885378
epoch 2680, training accuracy 0.885378
epoch 2690, training accuracy 0.885378
epoch 2700, training accuracy 0.885998
epoch 2710, training accuracy 0.886617
epoch 2720, training accuracy 0.886617
epoch 2730, training accuracy 0.886617
epoch 2740, training accuracy 0.887237
epoch 2750, training accuracy 0.887237
epoch 2760, training accuracy 0.887237
epoch 2770, training accuracy 0.887237
epoch 2780, training accuracy 0.887237
epoch 2790, training accuracy 0.887856
epoch 2800, training accuracy 0.889095
epoch 2810, training accuracy 0.889095
epoch 2820, training accuracy 0.889095
epoch 2830, training accuracy 0.889095
epoch 2840, training accuracy 0.889095
epoch 2850, training accuracy 0.889095
epoch 2860, training accuracy 0.889095
epoch 2870, training accuracy 0.889095
epoch 2880, training accuracy 0.889095
epoch 2890, training accuracy 0.889095
epoch 2900, training accuracy 0.889095
epoch 2910, training accuracy 0.889095
epoch 2920, training accuracy 0.889095
epoch 2930, training accuracy 0.889715
epoch 2940, training accuracy 0.890954
epoch 2950, training accuracy 0.891574
epoch 2960, training accuracy 0.891574
epoch 2970, training accuracy 0.892193
epoch 2980, training accuracy 0.892193
epoch 2990, training accuracy 0.892813
epoch 3000, training accuracy 0.892813
/tmp/plans_plants_validate.py loaded, containing 436 entries, class distribution: [218 218]
correct: [146, 120]
incorrect: [4, 9]
accuracy: [0.9733333333333334, 0.9302325581395349]
unclassified: [68, 89]
total accuracy: [0.6697247706422018, 0.5504587155963303]
Sun Oct 22 23:08:25 CEST 2017 finished, res_training/eng/plans_plants
