Sun Oct 22 17:42:42 CEST 2017 create_training_files
/tmp/adds_ads
2375 lines
1380 adds
999 ads
/tmp/adds_ads_training
1900 lines
1109 adds
793 ads
/tmp/adds_ads_validate
475 lines
271 adds
206 ads
generate /tmp/adds_ads_training.py, /tmp/adds_ads_validate.py
:compileJava UP-TO-DATE
:processResources UP-TO-DATE
:classes UP-TO-DATE
:createNGramDatabase
Reading /tmp/adds_ads_training
Tokenizing
undersampling to 685
/tmp/adds_ads_training.pycreated
Reading /tmp/adds_ads_validate
Tokenizing
undersampling to 170
/tmp/adds_ads_validate.pycreated

BUILD SUCCESSFUL

Total time: 4.974 secs

This build could be faster, please consider using the Gradle Daemon: https://docs.gradle.org/2.10/userguide/gradle_daemon.html
Sun Oct 22 17:42:54 CEST 2017 create_classifier
{'epochs': 3000, 'batch_size': 1000, 'dictionary_path': 'res_training/eng/embedding/dictionary.txt', 'num_outputs': 2, 'num_inputs': 4, 'training_data_file': '/tmp/adds_ads_training.py', 'use_flex_hidden_layer': False, 'self': <__main__.NeuralNetwork object at 0x2b1f05ef7a58>, 'embedding_path': 'res_training/eng/embedding/final_embeddings.txt'}
embedding shape (42122, 64)
/tmp/adds_ads_training.py loaded, containing 1370 entries, class distribution: [685 685]
Steps: 3000, 1 steps in 3000 epochs
epoch 0, training accuracy 0.514599
epoch 10, training accuracy 0.525547
epoch 20, training accuracy 0.541606
epoch 30, training accuracy 0.556934
epoch 40, training accuracy 0.570803
epoch 50, training accuracy 0.598540
epoch 60, training accuracy 0.614599
epoch 70, training accuracy 0.631387
epoch 80, training accuracy 0.645985
epoch 90, training accuracy 0.663504
epoch 100, training accuracy 0.679562
epoch 110, training accuracy 0.697080
epoch 120, training accuracy 0.705109
epoch 130, training accuracy 0.713139
epoch 140, training accuracy 0.721168
epoch 150, training accuracy 0.727737
epoch 160, training accuracy 0.735766
epoch 170, training accuracy 0.743066
epoch 180, training accuracy 0.748905
epoch 190, training accuracy 0.754745
epoch 200, training accuracy 0.759854
epoch 210, training accuracy 0.764964
epoch 220, training accuracy 0.776642
epoch 230, training accuracy 0.781752
epoch 240, training accuracy 0.786861
epoch 250, training accuracy 0.791241
epoch 260, training accuracy 0.796350
epoch 270, training accuracy 0.802920
epoch 280, training accuracy 0.805110
epoch 290, training accuracy 0.807299
epoch 300, training accuracy 0.810949
epoch 310, training accuracy 0.815328
epoch 320, training accuracy 0.818978
epoch 330, training accuracy 0.825547
epoch 340, training accuracy 0.825547
epoch 350, training accuracy 0.828467
epoch 360, training accuracy 0.832117
epoch 370, training accuracy 0.834307
epoch 380, training accuracy 0.840146
epoch 390, training accuracy 0.844526
epoch 400, training accuracy 0.846715
epoch 410, training accuracy 0.847445
epoch 420, training accuracy 0.848175
epoch 430, training accuracy 0.851095
epoch 440, training accuracy 0.854745
epoch 450, training accuracy 0.856934
epoch 460, training accuracy 0.861314
epoch 470, training accuracy 0.864234
epoch 480, training accuracy 0.864964
epoch 490, training accuracy 0.865693
epoch 500, training accuracy 0.867153
epoch 510, training accuracy 0.870073
epoch 520, training accuracy 0.870803
epoch 530, training accuracy 0.876642
epoch 540, training accuracy 0.879562
epoch 550, training accuracy 0.881022
epoch 560, training accuracy 0.882482
epoch 570, training accuracy 0.883942
epoch 580, training accuracy 0.883942
epoch 590, training accuracy 0.883942
epoch 600, training accuracy 0.886131
epoch 610, training accuracy 0.887591
epoch 620, training accuracy 0.887591
epoch 630, training accuracy 0.888321
epoch 640, training accuracy 0.890511
epoch 650, training accuracy 0.892701
epoch 660, training accuracy 0.893431
epoch 670, training accuracy 0.893431
epoch 680, training accuracy 0.894890
epoch 690, training accuracy 0.895620
epoch 700, training accuracy 0.897080
epoch 710, training accuracy 0.897810
epoch 720, training accuracy 0.900000
epoch 730, training accuracy 0.901460
epoch 740, training accuracy 0.902920
epoch 750, training accuracy 0.902920
epoch 760, training accuracy 0.903650
epoch 770, training accuracy 0.905839
epoch 780, training accuracy 0.906569
epoch 790, training accuracy 0.908759
epoch 800, training accuracy 0.910219
epoch 810, training accuracy 0.910949
epoch 820, training accuracy 0.910949
epoch 830, training accuracy 0.910949
epoch 840, training accuracy 0.910949
epoch 850, training accuracy 0.912409
epoch 860, training accuracy 0.913139
epoch 870, training accuracy 0.913139
epoch 880, training accuracy 0.913139
epoch 890, training accuracy 0.913139
epoch 900, training accuracy 0.913139
epoch 910, training accuracy 0.912409
epoch 920, training accuracy 0.913869
epoch 930, training accuracy 0.914599
epoch 940, training accuracy 0.917518
epoch 950, training accuracy 0.918248
epoch 960, training accuracy 0.918978
epoch 970, training accuracy 0.919708
epoch 980, training accuracy 0.920438
epoch 990, training accuracy 0.920438
epoch 1000, training accuracy 0.920438
epoch 1010, training accuracy 0.921898
epoch 1020, training accuracy 0.921898
epoch 1030, training accuracy 0.922628
epoch 1040, training accuracy 0.922628
epoch 1050, training accuracy 0.923358
epoch 1060, training accuracy 0.923358
epoch 1070, training accuracy 0.925547
epoch 1080, training accuracy 0.927737
epoch 1090, training accuracy 0.928467
epoch 1100, training accuracy 0.928467
epoch 1110, training accuracy 0.928467
epoch 1120, training accuracy 0.929197
epoch 1130, training accuracy 0.929197
epoch 1140, training accuracy 0.929927
epoch 1150, training accuracy 0.931387
epoch 1160, training accuracy 0.932117
epoch 1170, training accuracy 0.932117
epoch 1180, training accuracy 0.932117
epoch 1190, training accuracy 0.934307
epoch 1200, training accuracy 0.935036
epoch 1210, training accuracy 0.936496
epoch 1220, training accuracy 0.936496
epoch 1230, training accuracy 0.936496
epoch 1240, training accuracy 0.936496
epoch 1250, training accuracy 0.936496
epoch 1260, training accuracy 0.936496
epoch 1270, training accuracy 0.936496
epoch 1280, training accuracy 0.937956
epoch 1290, training accuracy 0.937956
epoch 1300, training accuracy 0.937956
epoch 1310, training accuracy 0.939416
epoch 1320, training accuracy 0.940146
epoch 1330, training accuracy 0.940876
epoch 1340, training accuracy 0.940876
epoch 1350, training accuracy 0.940876
epoch 1360, training accuracy 0.940876
epoch 1370, training accuracy 0.940876
epoch 1380, training accuracy 0.941606
epoch 1390, training accuracy 0.942336
epoch 1400, training accuracy 0.942336
epoch 1410, training accuracy 0.943066
epoch 1420, training accuracy 0.943066
epoch 1430, training accuracy 0.943066
epoch 1440, training accuracy 0.943066
epoch 1450, training accuracy 0.943066
epoch 1460, training accuracy 0.943066
epoch 1470, training accuracy 0.943066
epoch 1480, training accuracy 0.943066
epoch 1490, training accuracy 0.943796
epoch 1500, training accuracy 0.943066
epoch 1510, training accuracy 0.943066
epoch 1520, training accuracy 0.943066
epoch 1530, training accuracy 0.943066
epoch 1540, training accuracy 0.943066
epoch 1550, training accuracy 0.943796
epoch 1560, training accuracy 0.944526
epoch 1570, training accuracy 0.945985
epoch 1580, training accuracy 0.945985
epoch 1590, training accuracy 0.945985
epoch 1600, training accuracy 0.946715
epoch 1610, training accuracy 0.946715
epoch 1620, training accuracy 0.946715
epoch 1630, training accuracy 0.946715
epoch 1640, training accuracy 0.946715
epoch 1650, training accuracy 0.946715
epoch 1660, training accuracy 0.946715
epoch 1670, training accuracy 0.946715
epoch 1680, training accuracy 0.946715
epoch 1690, training accuracy 0.946715
epoch 1700, training accuracy 0.946715
epoch 1710, training accuracy 0.946715
epoch 1720, training accuracy 0.946715
epoch 1730, training accuracy 0.947445
epoch 1740, training accuracy 0.947445
epoch 1750, training accuracy 0.948175
epoch 1760, training accuracy 0.949635
epoch 1770, training accuracy 0.950365
epoch 1780, training accuracy 0.950365
epoch 1790, training accuracy 0.950365
epoch 1800, training accuracy 0.950365
epoch 1810, training accuracy 0.950365
epoch 1820, training accuracy 0.950365
epoch 1830, training accuracy 0.951095
epoch 1840, training accuracy 0.951095
epoch 1850, training accuracy 0.951095
epoch 1860, training accuracy 0.951095
epoch 1870, training accuracy 0.951095
epoch 1880, training accuracy 0.951825
epoch 1890, training accuracy 0.951825
epoch 1900, training accuracy 0.951825
epoch 1910, training accuracy 0.951095
epoch 1920, training accuracy 0.951095
epoch 1930, training accuracy 0.951095
epoch 1940, training accuracy 0.951095
epoch 1950, training accuracy 0.951095
epoch 1960, training accuracy 0.951095
epoch 1970, training accuracy 0.951095
epoch 1980, training accuracy 0.951095
epoch 1990, training accuracy 0.951825
epoch 2000, training accuracy 0.951825
epoch 2010, training accuracy 0.952555
epoch 2020, training accuracy 0.952555
epoch 2030, training accuracy 0.952555
epoch 2040, training accuracy 0.952555
epoch 2050, training accuracy 0.952555
epoch 2060, training accuracy 0.952555
epoch 2070, training accuracy 0.953285
epoch 2080, training accuracy 0.953285
epoch 2090, training accuracy 0.953285
epoch 2100, training accuracy 0.953285
epoch 2110, training accuracy 0.953285
epoch 2120, training accuracy 0.953285
epoch 2130, training accuracy 0.953285
epoch 2140, training accuracy 0.953285
epoch 2150, training accuracy 0.953285
epoch 2160, training accuracy 0.953285
epoch 2170, training accuracy 0.953285
epoch 2180, training accuracy 0.954015
epoch 2190, training accuracy 0.954015
epoch 2200, training accuracy 0.954015
epoch 2210, training accuracy 0.954015
epoch 2220, training accuracy 0.954015
epoch 2230, training accuracy 0.954015
epoch 2240, training accuracy 0.954015
epoch 2250, training accuracy 0.954015
epoch 2260, training accuracy 0.954015
epoch 2270, training accuracy 0.954015
epoch 2280, training accuracy 0.954015
epoch 2290, training accuracy 0.954745
epoch 2300, training accuracy 0.954745
epoch 2310, training accuracy 0.954745
epoch 2320, training accuracy 0.954745
epoch 2330, training accuracy 0.954745
epoch 2340, training accuracy 0.954745
epoch 2350, training accuracy 0.954745
epoch 2360, training accuracy 0.954015
epoch 2370, training accuracy 0.955474
epoch 2380, training accuracy 0.955474
epoch 2390, training accuracy 0.955474
epoch 2400, training accuracy 0.955474
epoch 2410, training accuracy 0.955474
epoch 2420, training accuracy 0.956204
epoch 2430, training accuracy 0.956204
epoch 2440, training accuracy 0.956204
epoch 2450, training accuracy 0.956204
epoch 2460, training accuracy 0.956204
epoch 2470, training accuracy 0.956204
epoch 2480, training accuracy 0.956204
epoch 2490, training accuracy 0.956204
epoch 2500, training accuracy 0.956204
epoch 2510, training accuracy 0.956204
epoch 2520, training accuracy 0.956204
epoch 2530, training accuracy 0.956204
epoch 2540, training accuracy 0.956204
epoch 2550, training accuracy 0.956204
epoch 2560, training accuracy 0.956934
epoch 2570, training accuracy 0.956934
epoch 2580, training accuracy 0.956934
epoch 2590, training accuracy 0.956934
epoch 2600, training accuracy 0.956934
epoch 2610, training accuracy 0.956934
epoch 2620, training accuracy 0.956934
epoch 2630, training accuracy 0.956934
epoch 2640, training accuracy 0.956934
epoch 2650, training accuracy 0.956934
epoch 2660, training accuracy 0.956934
epoch 2670, training accuracy 0.957664
epoch 2680, training accuracy 0.957664
epoch 2690, training accuracy 0.958394
epoch 2700, training accuracy 0.958394
epoch 2710, training accuracy 0.959124
epoch 2720, training accuracy 0.959124
epoch 2730, training accuracy 0.959124
epoch 2740, training accuracy 0.959124
epoch 2750, training accuracy 0.959124
epoch 2760, training accuracy 0.959124
epoch 2770, training accuracy 0.959124
epoch 2780, training accuracy 0.959854
epoch 2790, training accuracy 0.959854
epoch 2800, training accuracy 0.959854
epoch 2810, training accuracy 0.959854
epoch 2820, training accuracy 0.959854
epoch 2830, training accuracy 0.959854
epoch 2840, training accuracy 0.959854
epoch 2850, training accuracy 0.959854
epoch 2860, training accuracy 0.959854
epoch 2870, training accuracy 0.959854
epoch 2880, training accuracy 0.959854
epoch 2890, training accuracy 0.959854
epoch 2900, training accuracy 0.960584
epoch 2910, training accuracy 0.960584
epoch 2920, training accuracy 0.960584
epoch 2930, training accuracy 0.960584
epoch 2940, training accuracy 0.960584
epoch 2950, training accuracy 0.960584
epoch 2960, training accuracy 0.960584
epoch 2970, training accuracy 0.960584
epoch 2980, training accuracy 0.960584
epoch 2990, training accuracy 0.960584
epoch 3000, training accuracy 0.961314
/tmp/adds_ads_validate.py loaded, containing 340 entries, class distribution: [170 170]
correct: [140, 137]
incorrect: [10, 3]
accuracy: [0.9333333333333333, 0.9785714285714285]
unclassified: [20, 30]
total accuracy: [0.8235294117647058, 0.8058823529411765]
Sun Oct 22 17:43:13 CEST 2017 finished, res_training/eng/adds_ads
Mon Oct 23 06:46:54 CEST 2017 create_training_files
/tmp/adds_ads
2375 lines
1380 adds
999 ads
/tmp/adds_ads_training
1900 lines
1107 adds
796 ads
/tmp/adds_ads_validate
475 lines
273 adds
203 ads
generate /tmp/adds_ads_training.py, /tmp/adds_ads_validate.py
:compileJava UP-TO-DATE
:processResources UP-TO-DATE
:classes UP-TO-DATE
:createNGramDatabase
Reading /tmp/adds_ads_training
Tokenizing
undersampling to 678
/tmp/adds_ads_training.pycreated
Reading /tmp/adds_ads_validate
Tokenizing
undersampling to 177
/tmp/adds_ads_validate.pycreated

BUILD SUCCESSFUL

Total time: 4.934 secs

This build could be faster, please consider using the Gradle Daemon: https://docs.gradle.org/2.10/userguide/gradle_daemon.html
Mon Oct 23 06:47:05 CEST 2017 create_classifier
{'self': <__main__.NeuralNetwork object at 0x2b70da6f1a58>, 'use_flex_hidden_layer': False, 'embedding_path': 'res_training/eng/embedding/final_embeddings.txt', 'training_data_file': '/tmp/adds_ads_training.py', 'batch_size': 1000, 'num_outputs': 2, 'num_inputs': 4, 'dictionary_path': 'res_training/eng/embedding/dictionary.txt', 'epochs': 3000}
embedding shape (42122, 64)
/tmp/adds_ads_training.py loaded, containing 1356 entries, class distribution: [678 678]
Steps: 3000, 1 steps in 3000 epochs
epoch 0, training accuracy 0.455752
epoch 10, training accuracy 0.472714
epoch 20, training accuracy 0.485251
epoch 30, training accuracy 0.497050
epoch 40, training accuracy 0.505900
epoch 50, training accuracy 0.517699
epoch 60, training accuracy 0.530236
epoch 70, training accuracy 0.548673
epoch 80, training accuracy 0.563422
epoch 90, training accuracy 0.582596
epoch 100, training accuracy 0.601770
epoch 110, training accuracy 0.618732
epoch 120, training accuracy 0.628319
epoch 130, training accuracy 0.652655
epoch 140, training accuracy 0.665192
epoch 150, training accuracy 0.677729
epoch 160, training accuracy 0.692478
epoch 170, training accuracy 0.703540
epoch 180, training accuracy 0.721239
epoch 190, training accuracy 0.730826
epoch 200, training accuracy 0.743363
epoch 210, training accuracy 0.747788
epoch 220, training accuracy 0.754425
epoch 230, training accuracy 0.761062
epoch 240, training accuracy 0.767699
epoch 250, training accuracy 0.772124
epoch 260, training accuracy 0.776549
epoch 270, training accuracy 0.780973
epoch 280, training accuracy 0.786136
epoch 290, training accuracy 0.792773
epoch 300, training accuracy 0.797198
epoch 310, training accuracy 0.800147
epoch 320, training accuracy 0.806047
epoch 330, training accuracy 0.810472
epoch 340, training accuracy 0.815634
epoch 350, training accuracy 0.819322
epoch 360, training accuracy 0.822271
epoch 370, training accuracy 0.828909
epoch 380, training accuracy 0.834808
epoch 390, training accuracy 0.837021
epoch 400, training accuracy 0.839233
epoch 410, training accuracy 0.841445
epoch 420, training accuracy 0.842920
epoch 430, training accuracy 0.842183
epoch 440, training accuracy 0.842183
epoch 450, training accuracy 0.845133
epoch 460, training accuracy 0.845133
epoch 470, training accuracy 0.845870
epoch 480, training accuracy 0.847345
epoch 490, training accuracy 0.849558
epoch 500, training accuracy 0.852507
epoch 510, training accuracy 0.854720
epoch 520, training accuracy 0.857670
epoch 530, training accuracy 0.858407
epoch 540, training accuracy 0.863569
epoch 550, training accuracy 0.865044
epoch 560, training accuracy 0.866519
epoch 570, training accuracy 0.866519
epoch 580, training accuracy 0.867257
epoch 590, training accuracy 0.867994
epoch 600, training accuracy 0.867994
epoch 610, training accuracy 0.869469
epoch 620, training accuracy 0.870206
epoch 630, training accuracy 0.870206
epoch 640, training accuracy 0.871681
epoch 650, training accuracy 0.871681
epoch 660, training accuracy 0.871681
epoch 670, training accuracy 0.873894
epoch 680, training accuracy 0.874631
epoch 690, training accuracy 0.876106
epoch 700, training accuracy 0.877581
epoch 710, training accuracy 0.879056
epoch 720, training accuracy 0.879056
epoch 730, training accuracy 0.880531
epoch 740, training accuracy 0.882743
epoch 750, training accuracy 0.885693
epoch 760, training accuracy 0.886431
epoch 770, training accuracy 0.886431
epoch 780, training accuracy 0.886431
epoch 790, training accuracy 0.887906
epoch 800, training accuracy 0.890855
epoch 810, training accuracy 0.892330
epoch 820, training accuracy 0.892330
epoch 830, training accuracy 0.892330
epoch 840, training accuracy 0.892330
epoch 850, training accuracy 0.893068
epoch 860, training accuracy 0.894543
epoch 870, training accuracy 0.895280
epoch 880, training accuracy 0.896018
epoch 890, training accuracy 0.896018
epoch 900, training accuracy 0.896018
epoch 910, training accuracy 0.896755
epoch 920, training accuracy 0.896755
epoch 930, training accuracy 0.896755
epoch 940, training accuracy 0.898230
epoch 950, training accuracy 0.900442
epoch 960, training accuracy 0.901180
epoch 970, training accuracy 0.901917
epoch 980, training accuracy 0.901917
epoch 990, training accuracy 0.901917
epoch 1000, training accuracy 0.902655
epoch 1010, training accuracy 0.903392
epoch 1020, training accuracy 0.903392
epoch 1030, training accuracy 0.903392
epoch 1040, training accuracy 0.903392
epoch 1050, training accuracy 0.904867
epoch 1060, training accuracy 0.904867
epoch 1070, training accuracy 0.905605
epoch 1080, training accuracy 0.905605
epoch 1090, training accuracy 0.905605
epoch 1100, training accuracy 0.907080
epoch 1110, training accuracy 0.908555
epoch 1120, training accuracy 0.910767
epoch 1130, training accuracy 0.911504
epoch 1140, training accuracy 0.911504
epoch 1150, training accuracy 0.911504
epoch 1160, training accuracy 0.912242
epoch 1170, training accuracy 0.913717
epoch 1180, training accuracy 0.915192
epoch 1190, training accuracy 0.915929
epoch 1200, training accuracy 0.916667
epoch 1210, training accuracy 0.917404
epoch 1220, training accuracy 0.916667
epoch 1230, training accuracy 0.916667
epoch 1240, training accuracy 0.916667
epoch 1250, training accuracy 0.916667
epoch 1260, training accuracy 0.916667
epoch 1270, training accuracy 0.917404
epoch 1280, training accuracy 0.919617
epoch 1290, training accuracy 0.920354
epoch 1300, training accuracy 0.920354
epoch 1310, training accuracy 0.920354
epoch 1320, training accuracy 0.920354
epoch 1330, training accuracy 0.921091
epoch 1340, training accuracy 0.921091
epoch 1350, training accuracy 0.921829
epoch 1360, training accuracy 0.921829
epoch 1370, training accuracy 0.921829
epoch 1380, training accuracy 0.923304
epoch 1390, training accuracy 0.923304
epoch 1400, training accuracy 0.923304
epoch 1410, training accuracy 0.923304
epoch 1420, training accuracy 0.923304
epoch 1430, training accuracy 0.922566
epoch 1440, training accuracy 0.922566
epoch 1450, training accuracy 0.922566
epoch 1460, training accuracy 0.922566
epoch 1470, training accuracy 0.922566
epoch 1480, training accuracy 0.922566
epoch 1490, training accuracy 0.921829
epoch 1500, training accuracy 0.922566
epoch 1510, training accuracy 0.922566
epoch 1520, training accuracy 0.922566
epoch 1530, training accuracy 0.922566
epoch 1540, training accuracy 0.922566
epoch 1550, training accuracy 0.922566
epoch 1560, training accuracy 0.923304
epoch 1570, training accuracy 0.923304
epoch 1580, training accuracy 0.924041
epoch 1590, training accuracy 0.924041
epoch 1600, training accuracy 0.924779
epoch 1610, training accuracy 0.924779
epoch 1620, training accuracy 0.925516
epoch 1630, training accuracy 0.925516
epoch 1640, training accuracy 0.925516
epoch 1650, training accuracy 0.925516
epoch 1660, training accuracy 0.925516
epoch 1670, training accuracy 0.926254
epoch 1680, training accuracy 0.926254
epoch 1690, training accuracy 0.926254
epoch 1700, training accuracy 0.926254
epoch 1710, training accuracy 0.926254
epoch 1720, training accuracy 0.926254
epoch 1730, training accuracy 0.926991
epoch 1740, training accuracy 0.928466
epoch 1750, training accuracy 0.928466
epoch 1760, training accuracy 0.929204
epoch 1770, training accuracy 0.929204
epoch 1780, training accuracy 0.929204
epoch 1790, training accuracy 0.929204
epoch 1800, training accuracy 0.929204
epoch 1810, training accuracy 0.929204
epoch 1820, training accuracy 0.929204
epoch 1830, training accuracy 0.929941
epoch 1840, training accuracy 0.929941
epoch 1850, training accuracy 0.929941
epoch 1860, training accuracy 0.930678
epoch 1870, training accuracy 0.930678
epoch 1880, training accuracy 0.930678
epoch 1890, training accuracy 0.931416
epoch 1900, training accuracy 0.931416
epoch 1910, training accuracy 0.931416
epoch 1920, training accuracy 0.931416
epoch 1930, training accuracy 0.931416
epoch 1940, training accuracy 0.931416
epoch 1950, training accuracy 0.931416
epoch 1960, training accuracy 0.932153
epoch 1970, training accuracy 0.932153
epoch 1980, training accuracy 0.932153
epoch 1990, training accuracy 0.932891
epoch 2000, training accuracy 0.932891
epoch 2010, training accuracy 0.932891
epoch 2020, training accuracy 0.932891
epoch 2030, training accuracy 0.932891
epoch 2040, training accuracy 0.932891
epoch 2050, training accuracy 0.933628
epoch 2060, training accuracy 0.933628
epoch 2070, training accuracy 0.933628
epoch 2080, training accuracy 0.935103
epoch 2090, training accuracy 0.935103
epoch 2100, training accuracy 0.935103
epoch 2110, training accuracy 0.935103
epoch 2120, training accuracy 0.935103
epoch 2130, training accuracy 0.935103
epoch 2140, training accuracy 0.935103
epoch 2150, training accuracy 0.935103
epoch 2160, training accuracy 0.935103
epoch 2170, training accuracy 0.935103
epoch 2180, training accuracy 0.935103
epoch 2190, training accuracy 0.935103
epoch 2200, training accuracy 0.935841
epoch 2210, training accuracy 0.936578
epoch 2220, training accuracy 0.937316
epoch 2230, training accuracy 0.937316
epoch 2240, training accuracy 0.937316
epoch 2250, training accuracy 0.938053
epoch 2260, training accuracy 0.938053
epoch 2270, training accuracy 0.938053
epoch 2280, training accuracy 0.938053
epoch 2290, training accuracy 0.938053
epoch 2300, training accuracy 0.938791
epoch 2310, training accuracy 0.938791
epoch 2320, training accuracy 0.939528
epoch 2330, training accuracy 0.939528
epoch 2340, training accuracy 0.939528
epoch 2350, training accuracy 0.939528
epoch 2360, training accuracy 0.939528
epoch 2370, training accuracy 0.940265
epoch 2380, training accuracy 0.940265
epoch 2390, training accuracy 0.940265
epoch 2400, training accuracy 0.940265
epoch 2410, training accuracy 0.940265
epoch 2420, training accuracy 0.940265
epoch 2430, training accuracy 0.940265
epoch 2440, training accuracy 0.941003
epoch 2450, training accuracy 0.941003
epoch 2460, training accuracy 0.941740
epoch 2470, training accuracy 0.941740
epoch 2480, training accuracy 0.941740
epoch 2490, training accuracy 0.941740
epoch 2500, training accuracy 0.941740
epoch 2510, training accuracy 0.941740
epoch 2520, training accuracy 0.941740
epoch 2530, training accuracy 0.941740
epoch 2540, training accuracy 0.941740
epoch 2550, training accuracy 0.942478
epoch 2560, training accuracy 0.942478
epoch 2570, training accuracy 0.943215
epoch 2580, training accuracy 0.944690
epoch 2590, training accuracy 0.944690
epoch 2600, training accuracy 0.944690
epoch 2610, training accuracy 0.945428
epoch 2620, training accuracy 0.946165
epoch 2630, training accuracy 0.946165
epoch 2640, training accuracy 0.946165
epoch 2650, training accuracy 0.946165
epoch 2660, training accuracy 0.946903
epoch 2670, training accuracy 0.946903
epoch 2680, training accuracy 0.946903
epoch 2690, training accuracy 0.946903
epoch 2700, training accuracy 0.947640
epoch 2710, training accuracy 0.947640
epoch 2720, training accuracy 0.947640
epoch 2730, training accuracy 0.947640
epoch 2740, training accuracy 0.947640
epoch 2750, training accuracy 0.947640
epoch 2760, training accuracy 0.947640
epoch 2770, training accuracy 0.947640
epoch 2780, training accuracy 0.947640
epoch 2790, training accuracy 0.947640
epoch 2800, training accuracy 0.947640
epoch 2810, training accuracy 0.947640
epoch 2820, training accuracy 0.947640
epoch 2830, training accuracy 0.947640
epoch 2840, training accuracy 0.948378
epoch 2850, training accuracy 0.949115
epoch 2860, training accuracy 0.949115
epoch 2870, training accuracy 0.949115
epoch 2880, training accuracy 0.949115
epoch 2890, training accuracy 0.949115
epoch 2900, training accuracy 0.949115
epoch 2910, training accuracy 0.949853
epoch 2920, training accuracy 0.950590
epoch 2930, training accuracy 0.950590
epoch 2940, training accuracy 0.950590
epoch 2950, training accuracy 0.950590
epoch 2960, training accuracy 0.950590
epoch 2970, training accuracy 0.950590
epoch 2980, training accuracy 0.951327
epoch 2990, training accuracy 0.952065
epoch 3000, training accuracy 0.952065
/tmp/adds_ads_validate.py loaded, containing 354 entries, class distribution: [177 177]
correct: [145, 144]
incorrect: [2, 4]
accuracy: [0.9863945578231292, 0.972972972972973]
unclassified: [30, 29]
total accuracy: [0.8192090395480226, 0.8135593220338984]
Mon Oct 23 06:47:24 CEST 2017 finished, res_training/eng/adds_ads
