Sun Oct 22 17:21:05 CEST 2017 create_training_files
/tmp/carga_cargo
3462 lines
825 carga
2637 cargo
/tmp/carga_cargo_training
2770 lines
648 carga
2122 cargo
/tmp/carga_cargo_validate
692 lines
177 carga
515 cargo
generate /tmp/carga_cargo_training.py, /tmp/carga_cargo_validate.py
:compileJava UP-TO-DATE
:processResources UP-TO-DATE
:classes UP-TO-DATE
:createNGramDatabase
Reading /tmp/carga_cargo_training
Tokenizing
undersampling to 663
/tmp/carga_cargo_training.pycreated
Reading /tmp/carga_cargo_validate
Tokenizing
undersampling to 180
/tmp/carga_cargo_validate.pycreated

BUILD SUCCESSFUL

Total time: 4.924 secs

This build could be faster, please consider using the Gradle Daemon: https://docs.gradle.org/2.10/userguide/gradle_daemon.html
Sun Oct 22 17:21:15 CEST 2017 create_classifier
{'num_inputs': 4, 'num_outputs': 2, 'self': <__main__.NeuralNetwork object at 0x2abac2317a58>, 'training_data_file': '/tmp/carga_cargo_training.py', 'embedding_path': 'res_training/por/embedding/final_embeddings.txt', 'use_flex_hidden_layer': False, 'batch_size': 1000, 'epochs': 3000, 'dictionary_path': 'res_training/por/embedding/dictionary.txt'}
embedding shape (44676, 64)
/tmp/carga_cargo_training.py loaded, containing 1326 entries, class distribution: [663 663]
Steps: 3000, 1 steps in 3000 epochs
epoch 0, training accuracy 0.453243
epoch 10, training accuracy 0.460030
epoch 20, training accuracy 0.471342
epoch 30, training accuracy 0.477376
epoch 40, training accuracy 0.486425
epoch 50, training accuracy 0.487179
epoch 60, training accuracy 0.496229
epoch 70, training accuracy 0.504525
epoch 80, training accuracy 0.513575
epoch 90, training accuracy 0.521870
epoch 100, training accuracy 0.535445
epoch 110, training accuracy 0.545249
epoch 120, training accuracy 0.559578
epoch 130, training accuracy 0.571644
epoch 140, training accuracy 0.582202
epoch 150, training accuracy 0.595023
epoch 160, training accuracy 0.607089
epoch 170, training accuracy 0.624434
epoch 180, training accuracy 0.635747
epoch 190, training accuracy 0.653092
epoch 200, training accuracy 0.665913
epoch 210, training accuracy 0.678733
epoch 220, training accuracy 0.697587
epoch 230, training accuracy 0.714932
epoch 240, training accuracy 0.735294
epoch 250, training accuracy 0.748115
epoch 260, training accuracy 0.754148
epoch 270, training accuracy 0.766214
epoch 280, training accuracy 0.775264
epoch 290, training accuracy 0.787330
epoch 300, training accuracy 0.791855
epoch 310, training accuracy 0.798643
epoch 320, training accuracy 0.807692
epoch 330, training accuracy 0.812971
epoch 340, training accuracy 0.815988
epoch 350, training accuracy 0.821267
epoch 360, training accuracy 0.831071
epoch 370, training accuracy 0.836350
epoch 380, training accuracy 0.842383
epoch 390, training accuracy 0.849925
epoch 400, training accuracy 0.857466
epoch 410, training accuracy 0.861237
epoch 420, training accuracy 0.868024
epoch 430, training accuracy 0.869532
epoch 440, training accuracy 0.873303
epoch 450, training accuracy 0.877828
epoch 460, training accuracy 0.880090
epoch 470, training accuracy 0.885370
epoch 480, training accuracy 0.886878
epoch 490, training accuracy 0.891403
epoch 500, training accuracy 0.893665
epoch 510, training accuracy 0.897436
epoch 520, training accuracy 0.898944
epoch 530, training accuracy 0.901207
epoch 540, training accuracy 0.902715
epoch 550, training accuracy 0.904977
epoch 560, training accuracy 0.906486
epoch 570, training accuracy 0.911011
epoch 580, training accuracy 0.912519
epoch 590, training accuracy 0.912519
epoch 600, training accuracy 0.912519
epoch 610, training accuracy 0.914781
epoch 620, training accuracy 0.915535
epoch 630, training accuracy 0.917044
epoch 640, training accuracy 0.917798
epoch 650, training accuracy 0.917798
epoch 660, training accuracy 0.918552
epoch 670, training accuracy 0.919306
epoch 680, training accuracy 0.920060
epoch 690, training accuracy 0.920060
epoch 700, training accuracy 0.920814
epoch 710, training accuracy 0.921569
epoch 720, training accuracy 0.921569
epoch 730, training accuracy 0.921569
epoch 740, training accuracy 0.923077
epoch 750, training accuracy 0.923831
epoch 760, training accuracy 0.925339
epoch 770, training accuracy 0.927602
epoch 780, training accuracy 0.927602
epoch 790, training accuracy 0.928356
epoch 800, training accuracy 0.929110
epoch 810, training accuracy 0.929864
epoch 820, training accuracy 0.932127
epoch 830, training accuracy 0.932127
epoch 840, training accuracy 0.932127
epoch 850, training accuracy 0.933635
epoch 860, training accuracy 0.935143
epoch 870, training accuracy 0.935897
epoch 880, training accuracy 0.935897
epoch 890, training accuracy 0.935897
epoch 900, training accuracy 0.936652
epoch 910, training accuracy 0.937406
epoch 920, training accuracy 0.938160
epoch 930, training accuracy 0.938914
epoch 940, training accuracy 0.938914
epoch 950, training accuracy 0.941176
epoch 960, training accuracy 0.941931
epoch 970, training accuracy 0.941931
epoch 980, training accuracy 0.941931
epoch 990, training accuracy 0.942685
epoch 1000, training accuracy 0.942685
epoch 1010, training accuracy 0.943439
epoch 1020, training accuracy 0.944193
epoch 1030, training accuracy 0.945701
epoch 1040, training accuracy 0.947210
epoch 1050, training accuracy 0.947210
epoch 1060, training accuracy 0.947210
epoch 1070, training accuracy 0.947210
epoch 1080, training accuracy 0.947210
epoch 1090, training accuracy 0.949472
epoch 1100, training accuracy 0.950226
epoch 1110, training accuracy 0.950226
epoch 1120, training accuracy 0.950226
epoch 1130, training accuracy 0.951735
epoch 1140, training accuracy 0.951735
epoch 1150, training accuracy 0.953997
epoch 1160, training accuracy 0.953997
epoch 1170, training accuracy 0.953997
epoch 1180, training accuracy 0.954751
epoch 1190, training accuracy 0.955505
epoch 1200, training accuracy 0.956259
epoch 1210, training accuracy 0.956259
epoch 1220, training accuracy 0.956259
epoch 1230, training accuracy 0.957014
epoch 1240, training accuracy 0.957768
epoch 1250, training accuracy 0.957768
epoch 1260, training accuracy 0.957768
epoch 1270, training accuracy 0.958522
epoch 1280, training accuracy 0.958522
epoch 1290, training accuracy 0.959276
epoch 1300, training accuracy 0.960030
epoch 1310, training accuracy 0.960030
epoch 1320, training accuracy 0.960030
epoch 1330, training accuracy 0.960030
epoch 1340, training accuracy 0.960030
epoch 1350, training accuracy 0.960030
epoch 1360, training accuracy 0.960784
epoch 1370, training accuracy 0.960784
epoch 1380, training accuracy 0.960784
epoch 1390, training accuracy 0.960784
epoch 1400, training accuracy 0.960784
epoch 1410, training accuracy 0.960784
epoch 1420, training accuracy 0.960030
epoch 1430, training accuracy 0.960784
epoch 1440, training accuracy 0.960784
epoch 1450, training accuracy 0.960784
epoch 1460, training accuracy 0.961538
epoch 1470, training accuracy 0.961538
epoch 1480, training accuracy 0.961538
epoch 1490, training accuracy 0.961538
epoch 1500, training accuracy 0.961538
epoch 1510, training accuracy 0.961538
epoch 1520, training accuracy 0.961538
epoch 1530, training accuracy 0.961538
epoch 1540, training accuracy 0.961538
epoch 1550, training accuracy 0.961538
epoch 1560, training accuracy 0.961538
epoch 1570, training accuracy 0.961538
epoch 1580, training accuracy 0.961538
epoch 1590, training accuracy 0.961538
epoch 1600, training accuracy 0.961538
epoch 1610, training accuracy 0.961538
epoch 1620, training accuracy 0.961538
epoch 1630, training accuracy 0.961538
epoch 1640, training accuracy 0.961538
epoch 1650, training accuracy 0.961538
epoch 1660, training accuracy 0.961538
epoch 1670, training accuracy 0.961538
epoch 1680, training accuracy 0.961538
epoch 1690, training accuracy 0.961538
epoch 1700, training accuracy 0.962293
epoch 1710, training accuracy 0.962293
epoch 1720, training accuracy 0.963047
epoch 1730, training accuracy 0.963047
epoch 1740, training accuracy 0.963047
epoch 1750, training accuracy 0.963047
epoch 1760, training accuracy 0.963047
epoch 1770, training accuracy 0.963047
epoch 1780, training accuracy 0.963047
epoch 1790, training accuracy 0.963047
epoch 1800, training accuracy 0.963047
epoch 1810, training accuracy 0.963047
epoch 1820, training accuracy 0.963801
epoch 1830, training accuracy 0.964555
epoch 1840, training accuracy 0.964555
epoch 1850, training accuracy 0.964555
epoch 1860, training accuracy 0.965309
epoch 1870, training accuracy 0.966063
epoch 1880, training accuracy 0.966063
epoch 1890, training accuracy 0.966063
epoch 1900, training accuracy 0.966817
epoch 1910, training accuracy 0.966817
epoch 1920, training accuracy 0.966817
epoch 1930, training accuracy 0.966817
epoch 1940, training accuracy 0.966817
epoch 1950, training accuracy 0.966817
epoch 1960, training accuracy 0.966817
epoch 1970, training accuracy 0.966817
epoch 1980, training accuracy 0.966817
epoch 1990, training accuracy 0.966817
epoch 2000, training accuracy 0.966817
epoch 2010, training accuracy 0.966817
epoch 2020, training accuracy 0.966817
epoch 2030, training accuracy 0.966817
epoch 2040, training accuracy 0.967572
epoch 2050, training accuracy 0.967572
epoch 2060, training accuracy 0.967572
epoch 2070, training accuracy 0.968326
epoch 2080, training accuracy 0.968326
epoch 2090, training accuracy 0.968326
epoch 2100, training accuracy 0.968326
epoch 2110, training accuracy 0.969080
epoch 2120, training accuracy 0.969080
epoch 2130, training accuracy 0.969080
epoch 2140, training accuracy 0.969080
epoch 2150, training accuracy 0.969080
epoch 2160, training accuracy 0.969080
epoch 2170, training accuracy 0.969080
epoch 2180, training accuracy 0.969080
epoch 2190, training accuracy 0.969080
epoch 2200, training accuracy 0.969080
epoch 2210, training accuracy 0.969080
epoch 2220, training accuracy 0.969834
epoch 2230, training accuracy 0.969834
epoch 2240, training accuracy 0.969834
epoch 2250, training accuracy 0.969834
epoch 2260, training accuracy 0.969834
epoch 2270, training accuracy 0.970588
epoch 2280, training accuracy 0.970588
epoch 2290, training accuracy 0.970588
epoch 2300, training accuracy 0.970588
epoch 2310, training accuracy 0.970588
epoch 2320, training accuracy 0.970588
epoch 2330, training accuracy 0.970588
epoch 2340, training accuracy 0.970588
epoch 2350, training accuracy 0.971342
epoch 2360, training accuracy 0.971342
epoch 2370, training accuracy 0.971342
epoch 2380, training accuracy 0.971342
epoch 2390, training accuracy 0.971342
epoch 2400, training accuracy 0.972097
epoch 2410, training accuracy 0.972097
epoch 2420, training accuracy 0.972097
epoch 2430, training accuracy 0.972097
epoch 2440, training accuracy 0.972097
epoch 2450, training accuracy 0.972097
epoch 2460, training accuracy 0.972851
epoch 2470, training accuracy 0.973605
epoch 2480, training accuracy 0.973605
epoch 2490, training accuracy 0.973605
epoch 2500, training accuracy 0.973605
epoch 2510, training accuracy 0.973605
epoch 2520, training accuracy 0.973605
epoch 2530, training accuracy 0.973605
epoch 2540, training accuracy 0.973605
epoch 2550, training accuracy 0.973605
epoch 2560, training accuracy 0.973605
epoch 2570, training accuracy 0.974359
epoch 2580, training accuracy 0.974359
epoch 2590, training accuracy 0.974359
epoch 2600, training accuracy 0.974359
epoch 2610, training accuracy 0.974359
epoch 2620, training accuracy 0.974359
epoch 2630, training accuracy 0.973605
epoch 2640, training accuracy 0.973605
epoch 2650, training accuracy 0.973605
epoch 2660, training accuracy 0.973605
epoch 2670, training accuracy 0.973605
epoch 2680, training accuracy 0.973605
epoch 2690, training accuracy 0.973605
epoch 2700, training accuracy 0.973605
epoch 2710, training accuracy 0.973605
epoch 2720, training accuracy 0.973605
epoch 2730, training accuracy 0.973605
epoch 2740, training accuracy 0.973605
epoch 2750, training accuracy 0.973605
epoch 2760, training accuracy 0.973605
epoch 2770, training accuracy 0.973605
epoch 2780, training accuracy 0.973605
epoch 2790, training accuracy 0.973605
epoch 2800, training accuracy 0.973605
epoch 2810, training accuracy 0.973605
epoch 2820, training accuracy 0.973605
epoch 2830, training accuracy 0.973605
epoch 2840, training accuracy 0.973605
epoch 2850, training accuracy 0.973605
epoch 2860, training accuracy 0.973605
epoch 2870, training accuracy 0.973605
epoch 2880, training accuracy 0.973605
epoch 2890, training accuracy 0.974359
epoch 2900, training accuracy 0.974359
epoch 2910, training accuracy 0.974359
epoch 2920, training accuracy 0.973605
epoch 2930, training accuracy 0.973605
epoch 2940, training accuracy 0.973605
epoch 2950, training accuracy 0.973605
epoch 2960, training accuracy 0.973605
epoch 2970, training accuracy 0.973605
epoch 2980, training accuracy 0.973605
epoch 2990, training accuracy 0.973605
epoch 3000, training accuracy 0.973605
/tmp/carga_cargo_validate.py loaded, containing 360 entries, class distribution: [180 180]
correct: [160, 155]
incorrect: [1, 6]
accuracy: [0.9937888198757764, 0.9627329192546584]
unclassified: [19, 19]
total accuracy: [0.8888888888888888, 0.8611111111111112]
Sun Oct 22 17:21:35 CEST 2017 finished, res_training/por/carga_cargo
