Mon Oct 23 02:54:54 CEST 2017 create_training_files
/tmp/de_die
213221 lines
14203 de
203726 die
/tmp/de_die_training
170577 lines
11344 de
162986 die
/tmp/de_die_validate
42644 lines
2859 de
40740 die
generate /tmp/de_die_training.py, /tmp/de_die_validate.py
:compileJava UP-TO-DATE
:processResources UP-TO-DATE
:classes UP-TO-DATE
:createNGramDatabase
Reading /tmp/de_die_training
Tokenizing
undersampling to 10437
/tmp/de_die_training.pycreated
Reading /tmp/de_die_validate
Tokenizing
undersampling to 2643
/tmp/de_die_validate.pycreated

BUILD SUCCESSFUL

Total time: 22.603 secs

This build could be faster, please consider using the Gradle Daemon: https://docs.gradle.org/2.10/userguide/gradle_daemon.html
Mon Oct 23 02:55:58 CEST 2017 create_classifier
{'dictionary_path': 'res_training/deu/embedding/dictionary.txt', 'self': <__main__.NeuralNetwork object at 0x2aca70b5da58>, 'num_inputs': 4, 'training_data_file': '/tmp/de_die_training.py', 'num_outputs': 2, 'epochs': 3000, 'embedding_path': 'res_training/deu/embedding/final_embeddings.txt', 'use_flex_hidden_layer': False, 'batch_size': 1000}
embedding shape (52520, 64)
/tmp/de_die_training.py loaded, containing 20874 entries, class distribution: [10437 10437]
Steps: 60000, 20 steps in 3000 epochs
epoch 0, training accuracy 0.535978
epoch 10, training accuracy 0.772444
epoch 20, training accuracy 0.865191
epoch 30, training accuracy 0.906007
epoch 40, training accuracy 0.924068
epoch 50, training accuracy 0.935087
epoch 60, training accuracy 0.941075
epoch 70, training accuracy 0.946297
epoch 80, training accuracy 0.950273
epoch 90, training accuracy 0.953147
epoch 100, training accuracy 0.955974
epoch 110, training accuracy 0.958130
epoch 120, training accuracy 0.959375
epoch 130, training accuracy 0.961148
epoch 140, training accuracy 0.962489
epoch 150, training accuracy 0.963783
epoch 160, training accuracy 0.964645
epoch 170, training accuracy 0.965172
epoch 180, training accuracy 0.966226
epoch 190, training accuracy 0.967424
epoch 200, training accuracy 0.968286
epoch 210, training accuracy 0.968765
epoch 220, training accuracy 0.969388
epoch 230, training accuracy 0.969915
epoch 240, training accuracy 0.970346
epoch 250, training accuracy 0.970585
epoch 260, training accuracy 0.970777
epoch 270, training accuracy 0.971448
epoch 280, training accuracy 0.971496
epoch 290, training accuracy 0.971735
epoch 300, training accuracy 0.971975
epoch 310, training accuracy 0.972262
epoch 320, training accuracy 0.972789
epoch 330, training accuracy 0.973172
epoch 340, training accuracy 0.973364
epoch 350, training accuracy 0.973508
epoch 360, training accuracy 0.973795
epoch 370, training accuracy 0.973987
epoch 380, training accuracy 0.974178
epoch 390, training accuracy 0.974226
epoch 400, training accuracy 0.974274
epoch 410, training accuracy 0.974466
epoch 420, training accuracy 0.974657
epoch 430, training accuracy 0.974657
epoch 440, training accuracy 0.974705
epoch 450, training accuracy 0.974801
epoch 460, training accuracy 0.974657
epoch 470, training accuracy 0.974705
epoch 480, training accuracy 0.974705
epoch 490, training accuracy 0.974753
epoch 500, training accuracy 0.974849
epoch 510, training accuracy 0.975041
epoch 520, training accuracy 0.975184
epoch 530, training accuracy 0.975232
epoch 540, training accuracy 0.975232
epoch 550, training accuracy 0.975472
epoch 560, training accuracy 0.975568
epoch 570, training accuracy 0.975616
epoch 580, training accuracy 0.975520
epoch 590, training accuracy 0.975616
epoch 600, training accuracy 0.975568
epoch 610, training accuracy 0.975663
epoch 620, training accuracy 0.975759
epoch 630, training accuracy 0.975807
epoch 640, training accuracy 0.975951
epoch 650, training accuracy 0.975903
epoch 660, training accuracy 0.975951
epoch 670, training accuracy 0.975999
epoch 680, training accuracy 0.976047
epoch 690, training accuracy 0.976143
epoch 700, training accuracy 0.976190
epoch 710, training accuracy 0.976286
epoch 720, training accuracy 0.976478
epoch 730, training accuracy 0.976622
epoch 740, training accuracy 0.976574
epoch 750, training accuracy 0.976574
epoch 760, training accuracy 0.976574
epoch 770, training accuracy 0.976574
epoch 780, training accuracy 0.976574
epoch 790, training accuracy 0.976574
epoch 800, training accuracy 0.976574
epoch 810, training accuracy 0.976717
epoch 820, training accuracy 0.976670
epoch 830, training accuracy 0.976670
epoch 840, training accuracy 0.976622
epoch 850, training accuracy 0.976622
epoch 860, training accuracy 0.976670
epoch 870, training accuracy 0.976765
epoch 880, training accuracy 0.976717
epoch 890, training accuracy 0.976957
epoch 900, training accuracy 0.976909
epoch 910, training accuracy 0.976909
epoch 920, training accuracy 0.976909
epoch 930, training accuracy 0.976909
epoch 940, training accuracy 0.976957
epoch 950, training accuracy 0.976861
epoch 960, training accuracy 0.976861
epoch 970, training accuracy 0.976861
epoch 980, training accuracy 0.976957
epoch 990, training accuracy 0.976957
epoch 1000, training accuracy 0.977005
epoch 1010, training accuracy 0.976957
epoch 1020, training accuracy 0.977053
epoch 1030, training accuracy 0.977053
epoch 1040, training accuracy 0.977101
epoch 1050, training accuracy 0.977053
epoch 1060, training accuracy 0.977053
epoch 1070, training accuracy 0.977053
epoch 1080, training accuracy 0.977053
epoch 1090, training accuracy 0.977053
epoch 1100, training accuracy 0.977053
epoch 1110, training accuracy 0.977053
epoch 1120, training accuracy 0.977053
epoch 1130, training accuracy 0.977101
epoch 1140, training accuracy 0.977053
epoch 1150, training accuracy 0.977053
epoch 1160, training accuracy 0.977101
epoch 1170, training accuracy 0.977101
epoch 1180, training accuracy 0.977197
epoch 1190, training accuracy 0.977197
epoch 1200, training accuracy 0.977149
epoch 1210, training accuracy 0.977149
epoch 1220, training accuracy 0.977101
epoch 1230, training accuracy 0.977149
epoch 1240, training accuracy 0.977149
epoch 1250, training accuracy 0.977197
epoch 1260, training accuracy 0.977197
epoch 1270, training accuracy 0.977244
epoch 1280, training accuracy 0.977244
epoch 1290, training accuracy 0.977244
epoch 1300, training accuracy 0.977197
epoch 1310, training accuracy 0.977197
epoch 1320, training accuracy 0.977197
epoch 1330, training accuracy 0.977197
epoch 1340, training accuracy 0.977197
epoch 1350, training accuracy 0.977197
epoch 1360, training accuracy 0.977149
epoch 1370, training accuracy 0.977149
epoch 1380, training accuracy 0.977149
epoch 1390, training accuracy 0.977149
epoch 1400, training accuracy 0.977101
epoch 1410, training accuracy 0.977101
epoch 1420, training accuracy 0.977149
epoch 1430, training accuracy 0.977149
epoch 1440, training accuracy 0.977149
epoch 1450, training accuracy 0.977149
epoch 1460, training accuracy 0.977149
epoch 1470, training accuracy 0.977149
epoch 1480, training accuracy 0.977197
epoch 1490, training accuracy 0.977197
epoch 1500, training accuracy 0.977244
epoch 1510, training accuracy 0.977244
epoch 1520, training accuracy 0.977244
epoch 1530, training accuracy 0.977197
epoch 1540, training accuracy 0.977292
epoch 1550, training accuracy 0.977292
epoch 1560, training accuracy 0.977292
epoch 1570, training accuracy 0.977292
epoch 1580, training accuracy 0.977340
epoch 1590, training accuracy 0.977340
epoch 1600, training accuracy 0.977340
epoch 1610, training accuracy 0.977340
epoch 1620, training accuracy 0.977292
epoch 1630, training accuracy 0.977292
epoch 1640, training accuracy 0.977292
epoch 1650, training accuracy 0.977292
epoch 1660, training accuracy 0.977292
epoch 1670, training accuracy 0.977292
epoch 1680, training accuracy 0.977244
epoch 1690, training accuracy 0.977292
epoch 1700, training accuracy 0.977244
epoch 1710, training accuracy 0.977292
epoch 1720, training accuracy 0.977292
epoch 1730, training accuracy 0.977340
epoch 1740, training accuracy 0.977340
epoch 1750, training accuracy 0.977340
epoch 1760, training accuracy 0.977340
epoch 1770, training accuracy 0.977340
epoch 1780, training accuracy 0.977340
epoch 1790, training accuracy 0.977340
epoch 1800, training accuracy 0.977340
epoch 1810, training accuracy 0.977340
epoch 1820, training accuracy 0.977340
epoch 1830, training accuracy 0.977340
epoch 1840, training accuracy 0.977388
epoch 1850, training accuracy 0.977340
epoch 1860, training accuracy 0.977436
epoch 1870, training accuracy 0.977388
epoch 1880, training accuracy 0.977436
epoch 1890, training accuracy 0.977436
epoch 1900, training accuracy 0.977436
epoch 1910, training accuracy 0.977436
epoch 1920, training accuracy 0.977436
epoch 1930, training accuracy 0.977436
epoch 1940, training accuracy 0.977436
epoch 1950, training accuracy 0.977436
epoch 1960, training accuracy 0.977436
epoch 1970, training accuracy 0.977388
epoch 1980, training accuracy 0.977388
epoch 1990, training accuracy 0.977388
epoch 2000, training accuracy 0.977388
epoch 2010, training accuracy 0.977436
epoch 2020, training accuracy 0.977436
epoch 2030, training accuracy 0.977436
epoch 2040, training accuracy 0.977436
epoch 2050, training accuracy 0.977484
epoch 2060, training accuracy 0.977484
epoch 2070, training accuracy 0.977532
epoch 2080, training accuracy 0.977580
epoch 2090, training accuracy 0.977532
epoch 2100, training accuracy 0.977628
epoch 2110, training accuracy 0.977676
epoch 2120, training accuracy 0.977628
epoch 2130, training accuracy 0.977723
epoch 2140, training accuracy 0.977628
epoch 2150, training accuracy 0.977676
epoch 2160, training accuracy 0.977676
epoch 2170, training accuracy 0.977676
epoch 2180, training accuracy 0.977723
epoch 2190, training accuracy 0.977676
epoch 2200, training accuracy 0.977676
epoch 2210, training accuracy 0.977676
epoch 2220, training accuracy 0.977676
epoch 2230, training accuracy 0.977771
epoch 2240, training accuracy 0.977676
epoch 2250, training accuracy 0.977723
epoch 2260, training accuracy 0.977676
epoch 2270, training accuracy 0.977723
epoch 2280, training accuracy 0.977723
epoch 2290, training accuracy 0.977723
epoch 2300, training accuracy 0.977771
epoch 2310, training accuracy 0.977723
epoch 2320, training accuracy 0.977723
epoch 2330, training accuracy 0.977819
epoch 2340, training accuracy 0.977723
epoch 2350, training accuracy 0.977819
epoch 2360, training accuracy 0.977771
epoch 2370, training accuracy 0.977819
epoch 2380, training accuracy 0.977771
epoch 2390, training accuracy 0.977867
epoch 2400, training accuracy 0.977819
epoch 2410, training accuracy 0.977819
epoch 2420, training accuracy 0.977819
epoch 2430, training accuracy 0.977819
epoch 2440, training accuracy 0.977819
epoch 2450, training accuracy 0.977819
epoch 2460, training accuracy 0.977819
epoch 2470, training accuracy 0.977819
epoch 2480, training accuracy 0.977819
epoch 2490, training accuracy 0.977819
epoch 2500, training accuracy 0.977819
epoch 2510, training accuracy 0.977819
epoch 2520, training accuracy 0.977819
epoch 2530, training accuracy 0.977819
epoch 2540, training accuracy 0.977819
epoch 2550, training accuracy 0.977819
epoch 2560, training accuracy 0.977819
epoch 2570, training accuracy 0.977819
epoch 2580, training accuracy 0.977819
epoch 2590, training accuracy 0.977771
epoch 2600, training accuracy 0.977819
epoch 2610, training accuracy 0.977771
epoch 2620, training accuracy 0.977819
epoch 2630, training accuracy 0.977819
epoch 2640, training accuracy 0.977819
epoch 2650, training accuracy 0.977819
epoch 2660, training accuracy 0.977819
epoch 2670, training accuracy 0.977819
epoch 2680, training accuracy 0.977819
epoch 2690, training accuracy 0.977819
epoch 2700, training accuracy 0.977819
epoch 2710, training accuracy 0.977819
epoch 2720, training accuracy 0.977819
epoch 2730, training accuracy 0.977819
epoch 2740, training accuracy 0.977819
epoch 2750, training accuracy 0.977819
epoch 2760, training accuracy 0.977819
epoch 2770, training accuracy 0.977819
epoch 2780, training accuracy 0.977819
epoch 2790, training accuracy 0.977771
epoch 2800, training accuracy 0.977819
epoch 2810, training accuracy 0.977771
epoch 2820, training accuracy 0.977771
epoch 2830, training accuracy 0.977771
epoch 2840, training accuracy 0.977771
epoch 2850, training accuracy 0.977771
epoch 2860, training accuracy 0.977771
epoch 2870, training accuracy 0.977819
epoch 2880, training accuracy 0.977771
epoch 2890, training accuracy 0.977819
epoch 2900, training accuracy 0.977819
epoch 2910, training accuracy 0.977819
epoch 2920, training accuracy 0.977867
epoch 2930, training accuracy 0.977819
epoch 2940, training accuracy 0.977819
epoch 2950, training accuracy 0.977867
epoch 2960, training accuracy 0.977771
epoch 2970, training accuracy 0.977867
epoch 2980, training accuracy 0.977771
epoch 2990, training accuracy 0.977819
epoch 3000, training accuracy 0.977771
/tmp/de_die_validate.py loaded, containing 5286 entries, class distribution: [2643 2643]
correct: [2499, 2487]
incorrect: [47, 29]
accuracy: [0.9815396700706991, 0.9884737678855325]
unclassified: [97, 127]
total accuracy: [0.945516458569807, 0.9409761634506243]
Mon Oct 23 03:00:02 CEST 2017 finished, res_training/deu/de_die
