Sun Oct 22 21:59:11 CEST 2017 create_training_files
/tmp/man_men
20287 lines
13244 man
7207 men
/tmp/man_men_training
16230 lines
10588 man
5768 men
/tmp/man_men_validate
4057 lines
2656 man
1439 men
generate /tmp/man_men_training.py, /tmp/man_men_validate.py
:compileJava UP-TO-DATE
:processResources UP-TO-DATE
:classes UP-TO-DATE
:createNGramDatabase
Reading /tmp/man_men_training
Tokenizing
undersampling to 5954
/tmp/man_men_training.pycreated
Reading /tmp/man_men_validate
Tokenizing
undersampling to 1477
/tmp/man_men_validate.pycreated

BUILD SUCCESSFUL

Total time: 7.876 secs

This build could be faster, please consider using the Gradle Daemon: https://docs.gradle.org/2.10/userguide/gradle_daemon.html
Sun Oct 22 21:59:27 CEST 2017 create_classifier
{'num_outputs': 2, 'embedding_path': 'res_training/eng/embedding/final_embeddings.txt', 'self': <__main__.NeuralNetwork object at 0x2ae34730fa58>, 'training_data_file': '/tmp/man_men_training.py', 'use_flex_hidden_layer': False, 'epochs': 3000, 'num_inputs': 4, 'batch_size': 1000, 'dictionary_path': 'res_training/eng/embedding/dictionary.txt'}
embedding shape (42122, 64)
/tmp/man_men_training.py loaded, containing 11908 entries, class distribution: [5954 5954]
Steps: 33000, 11 steps in 3000 epochs
epoch 0, training accuracy 0.446423
epoch 10, training accuracy 0.489167
epoch 20, training accuracy 0.576587
epoch 30, training accuracy 0.662160
epoch 40, training accuracy 0.718593
epoch 50, training accuracy 0.760413
epoch 60, training accuracy 0.785606
epoch 70, training accuracy 0.800050
epoch 80, training accuracy 0.812227
epoch 90, training accuracy 0.821716
epoch 100, training accuracy 0.827427
epoch 110, training accuracy 0.832550
epoch 120, training accuracy 0.838092
epoch 130, training accuracy 0.842711
epoch 140, training accuracy 0.846070
epoch 150, training accuracy 0.848925
epoch 160, training accuracy 0.851276
epoch 170, training accuracy 0.852620
epoch 180, training accuracy 0.855055
epoch 190, training accuracy 0.856903
epoch 200, training accuracy 0.858163
epoch 210, training accuracy 0.859590
epoch 220, training accuracy 0.861186
epoch 230, training accuracy 0.862529
epoch 240, training accuracy 0.863621
epoch 250, training accuracy 0.864881
epoch 260, training accuracy 0.865972
epoch 270, training accuracy 0.866896
epoch 280, training accuracy 0.868576
epoch 290, training accuracy 0.869583
epoch 300, training accuracy 0.870339
epoch 310, training accuracy 0.871263
epoch 320, training accuracy 0.872859
epoch 330, training accuracy 0.872859
epoch 340, training accuracy 0.873530
epoch 350, training accuracy 0.873782
epoch 360, training accuracy 0.873950
epoch 370, training accuracy 0.874622
epoch 380, training accuracy 0.874958
epoch 390, training accuracy 0.875126
epoch 400, training accuracy 0.875882
epoch 410, training accuracy 0.876638
epoch 420, training accuracy 0.877393
epoch 430, training accuracy 0.877813
epoch 440, training accuracy 0.877981
epoch 450, training accuracy 0.878233
epoch 460, training accuracy 0.877477
epoch 470, training accuracy 0.878149
epoch 480, training accuracy 0.878737
epoch 490, training accuracy 0.879325
epoch 500, training accuracy 0.879325
epoch 510, training accuracy 0.879745
epoch 520, training accuracy 0.879997
epoch 530, training accuracy 0.880500
epoch 540, training accuracy 0.880752
epoch 550, training accuracy 0.881088
epoch 560, training accuracy 0.881424
epoch 570, training accuracy 0.881340
epoch 580, training accuracy 0.881340
epoch 590, training accuracy 0.881676
epoch 600, training accuracy 0.882432
epoch 610, training accuracy 0.882264
epoch 620, training accuracy 0.882516
epoch 630, training accuracy 0.882768
epoch 640, training accuracy 0.883104
epoch 650, training accuracy 0.883020
epoch 660, training accuracy 0.883104
epoch 670, training accuracy 0.882852
epoch 680, training accuracy 0.883020
epoch 690, training accuracy 0.882936
epoch 700, training accuracy 0.882936
epoch 710, training accuracy 0.883356
epoch 720, training accuracy 0.884112
epoch 730, training accuracy 0.883608
epoch 740, training accuracy 0.883776
epoch 750, training accuracy 0.883944
epoch 760, training accuracy 0.883860
epoch 770, training accuracy 0.884028
epoch 780, training accuracy 0.884028
epoch 790, training accuracy 0.884279
epoch 800, training accuracy 0.884196
epoch 810, training accuracy 0.884196
epoch 820, training accuracy 0.884363
epoch 830, training accuracy 0.884531
epoch 840, training accuracy 0.884531
epoch 850, training accuracy 0.884531
epoch 860, training accuracy 0.884615
epoch 870, training accuracy 0.884699
epoch 880, training accuracy 0.884867
epoch 890, training accuracy 0.885203
epoch 900, training accuracy 0.885371
epoch 910, training accuracy 0.885707
epoch 920, training accuracy 0.885455
epoch 930, training accuracy 0.885875
epoch 940, training accuracy 0.885791
epoch 950, training accuracy 0.885791
epoch 960, training accuracy 0.885707
epoch 970, training accuracy 0.885623
epoch 980, training accuracy 0.885959
epoch 990, training accuracy 0.885875
epoch 1000, training accuracy 0.885791
epoch 1010, training accuracy 0.885791
epoch 1020, training accuracy 0.885959
epoch 1030, training accuracy 0.885791
epoch 1040, training accuracy 0.885791
epoch 1050, training accuracy 0.885707
epoch 1060, training accuracy 0.885791
epoch 1070, training accuracy 0.885707
epoch 1080, training accuracy 0.885875
epoch 1090, training accuracy 0.885623
epoch 1100, training accuracy 0.885623
epoch 1110, training accuracy 0.885875
epoch 1120, training accuracy 0.886211
epoch 1130, training accuracy 0.886211
epoch 1140, training accuracy 0.886043
epoch 1150, training accuracy 0.886211
epoch 1160, training accuracy 0.886127
epoch 1170, training accuracy 0.886211
epoch 1180, training accuracy 0.886295
epoch 1190, training accuracy 0.886211
epoch 1200, training accuracy 0.886379
epoch 1210, training accuracy 0.886295
epoch 1220, training accuracy 0.886547
epoch 1230, training accuracy 0.886631
epoch 1240, training accuracy 0.886547
epoch 1250, training accuracy 0.886631
epoch 1260, training accuracy 0.886631
epoch 1270, training accuracy 0.886463
epoch 1280, training accuracy 0.886631
epoch 1290, training accuracy 0.886715
epoch 1300, training accuracy 0.886631
epoch 1310, training accuracy 0.886631
epoch 1320, training accuracy 0.886799
epoch 1330, training accuracy 0.886799
epoch 1340, training accuracy 0.886799
epoch 1350, training accuracy 0.886799
epoch 1360, training accuracy 0.886883
epoch 1370, training accuracy 0.886715
epoch 1380, training accuracy 0.886631
epoch 1390, training accuracy 0.886631
epoch 1400, training accuracy 0.886631
epoch 1410, training accuracy 0.886631
epoch 1420, training accuracy 0.886547
epoch 1430, training accuracy 0.886631
epoch 1440, training accuracy 0.886547
epoch 1450, training accuracy 0.886547
epoch 1460, training accuracy 0.886715
epoch 1470, training accuracy 0.886883
epoch 1480, training accuracy 0.886883
epoch 1490, training accuracy 0.886883
epoch 1500, training accuracy 0.886967
epoch 1510, training accuracy 0.886967
epoch 1520, training accuracy 0.886967
epoch 1530, training accuracy 0.887051
epoch 1540, training accuracy 0.887135
epoch 1550, training accuracy 0.887219
epoch 1560, training accuracy 0.887219
epoch 1570, training accuracy 0.887219
epoch 1580, training accuracy 0.887219
epoch 1590, training accuracy 0.887219
epoch 1600, training accuracy 0.887303
epoch 1610, training accuracy 0.887303
epoch 1620, training accuracy 0.887303
epoch 1630, training accuracy 0.887387
epoch 1640, training accuracy 0.887387
epoch 1650, training accuracy 0.887471
epoch 1660, training accuracy 0.887471
epoch 1670, training accuracy 0.887387
epoch 1680, training accuracy 0.887387
epoch 1690, training accuracy 0.887387
epoch 1700, training accuracy 0.887303
epoch 1710, training accuracy 0.887387
epoch 1720, training accuracy 0.887387
epoch 1730, training accuracy 0.887387
epoch 1740, training accuracy 0.887387
epoch 1750, training accuracy 0.887303
epoch 1760, training accuracy 0.887387
epoch 1770, training accuracy 0.887471
epoch 1780, training accuracy 0.887471
epoch 1790, training accuracy 0.887639
epoch 1800, training accuracy 0.887639
epoch 1810, training accuracy 0.887555
epoch 1820, training accuracy 0.887555
epoch 1830, training accuracy 0.887639
epoch 1840, training accuracy 0.887555
epoch 1850, training accuracy 0.887555
epoch 1860, training accuracy 0.887555
epoch 1870, training accuracy 0.887555
epoch 1880, training accuracy 0.887723
epoch 1890, training accuracy 0.887807
epoch 1900, training accuracy 0.887723
epoch 1910, training accuracy 0.887807
epoch 1920, training accuracy 0.888058
epoch 1930, training accuracy 0.888058
epoch 1940, training accuracy 0.888142
epoch 1950, training accuracy 0.888142
epoch 1960, training accuracy 0.888142
epoch 1970, training accuracy 0.888142
epoch 1980, training accuracy 0.888058
epoch 1990, training accuracy 0.887891
epoch 2000, training accuracy 0.888058
epoch 2010, training accuracy 0.888058
epoch 2020, training accuracy 0.888142
epoch 2030, training accuracy 0.888142
epoch 2040, training accuracy 0.888142
epoch 2050, training accuracy 0.887975
epoch 2060, training accuracy 0.887975
epoch 2070, training accuracy 0.887975
epoch 2080, training accuracy 0.888058
epoch 2090, training accuracy 0.888058
epoch 2100, training accuracy 0.887891
epoch 2110, training accuracy 0.887891
epoch 2120, training accuracy 0.887891
epoch 2130, training accuracy 0.887891
epoch 2140, training accuracy 0.887891
epoch 2150, training accuracy 0.887891
epoch 2160, training accuracy 0.887891
epoch 2170, training accuracy 0.887891
epoch 2180, training accuracy 0.887891
epoch 2190, training accuracy 0.887807
epoch 2200, training accuracy 0.887891
epoch 2210, training accuracy 0.887807
epoch 2220, training accuracy 0.887807
epoch 2230, training accuracy 0.887807
epoch 2240, training accuracy 0.887639
epoch 2250, training accuracy 0.887555
epoch 2260, training accuracy 0.887471
epoch 2270, training accuracy 0.887387
epoch 2280, training accuracy 0.887387
epoch 2290, training accuracy 0.887387
epoch 2300, training accuracy 0.887387
epoch 2310, training accuracy 0.887387
epoch 2320, training accuracy 0.887471
epoch 2330, training accuracy 0.887555
epoch 2340, training accuracy 0.887471
epoch 2350, training accuracy 0.887555
epoch 2360, training accuracy 0.887471
epoch 2370, training accuracy 0.887555
epoch 2380, training accuracy 0.887471
epoch 2390, training accuracy 0.887471
epoch 2400, training accuracy 0.887555
epoch 2410, training accuracy 0.887555
epoch 2420, training accuracy 0.887555
epoch 2430, training accuracy 0.887555
epoch 2440, training accuracy 0.887639
epoch 2450, training accuracy 0.887639
epoch 2460, training accuracy 0.887639
epoch 2470, training accuracy 0.887471
epoch 2480, training accuracy 0.887555
epoch 2490, training accuracy 0.887555
epoch 2500, training accuracy 0.887723
epoch 2510, training accuracy 0.887639
epoch 2520, training accuracy 0.887639
epoch 2530, training accuracy 0.887555
epoch 2540, training accuracy 0.887555
epoch 2550, training accuracy 0.887471
epoch 2560, training accuracy 0.887471
epoch 2570, training accuracy 0.887471
epoch 2580, training accuracy 0.887555
epoch 2590, training accuracy 0.887639
epoch 2600, training accuracy 0.887639
epoch 2610, training accuracy 0.887639
epoch 2620, training accuracy 0.887723
epoch 2630, training accuracy 0.887723
epoch 2640, training accuracy 0.887723
epoch 2650, training accuracy 0.887639
epoch 2660, training accuracy 0.887639
epoch 2670, training accuracy 0.887639
epoch 2680, training accuracy 0.887639
epoch 2690, training accuracy 0.887639
epoch 2700, training accuracy 0.887639
epoch 2710, training accuracy 0.887723
epoch 2720, training accuracy 0.887639
epoch 2730, training accuracy 0.887639
epoch 2740, training accuracy 0.887555
epoch 2750, training accuracy 0.887639
epoch 2760, training accuracy 0.887639
epoch 2770, training accuracy 0.887639
epoch 2780, training accuracy 0.887723
epoch 2790, training accuracy 0.887723
epoch 2800, training accuracy 0.887723
epoch 2810, training accuracy 0.887807
epoch 2820, training accuracy 0.887807
epoch 2830, training accuracy 0.887891
epoch 2840, training accuracy 0.887807
epoch 2850, training accuracy 0.887807
epoch 2860, training accuracy 0.887807
epoch 2870, training accuracy 0.887891
epoch 2880, training accuracy 0.887807
epoch 2890, training accuracy 0.887891
epoch 2900, training accuracy 0.887807
epoch 2910, training accuracy 0.887807
epoch 2920, training accuracy 0.887723
epoch 2930, training accuracy 0.887723
epoch 2940, training accuracy 0.887723
epoch 2950, training accuracy 0.887723
epoch 2960, training accuracy 0.887639
epoch 2970, training accuracy 0.887639
epoch 2980, training accuracy 0.887639
epoch 2990, training accuracy 0.887639
epoch 3000, training accuracy 0.887639
/tmp/man_men_validate.py loaded, containing 2954 entries, class distribution: [1477 1477]
correct: [1174, 1155]
incorrect: [85, 82]
accuracy: [0.9324861000794281, 0.9337105901374293]
unclassified: [218, 240]
total accuracy: [0.7948544346648612, 0.7819905213270142]
Sun Oct 22 22:01:37 CEST 2017 finished, res_training/eng/man_men
