Sun Oct 22 19:47:32 CEST 2017 create_training_files
/tmp/dialogue_discuss
2572 lines
760 dialogue
1817 discuss
/tmp/dialogue_discuss_training
2058 lines
609 dialogue
1453 discuss
/tmp/dialogue_discuss_validate
514 lines
151 dialogue
364 discuss
generate /tmp/dialogue_discuss_training.py, /tmp/dialogue_discuss_validate.py
:compileJava UP-TO-DATE
:processResources UP-TO-DATE
:classes UP-TO-DATE
:createNGramDatabase
Reading /tmp/dialogue_discuss_training
Tokenizing
undersampling to 612
/tmp/dialogue_discuss_training.pycreated
Reading /tmp/dialogue_discuss_validate
Tokenizing
undersampling to 151
/tmp/dialogue_discuss_validate.pycreated

BUILD SUCCESSFUL

Total time: 4.965 secs

This build could be faster, please consider using the Gradle Daemon: https://docs.gradle.org/2.10/userguide/gradle_daemon.html
Sun Oct 22 19:47:43 CEST 2017 create_classifier
{'num_outputs': 2, 'batch_size': 1000, 'embedding_path': 'res_training/eng/embedding/final_embeddings.txt', 'epochs': 3000, 'self': <__main__.NeuralNetwork object at 0x2ac62cadea58>, 'num_inputs': 4, 'dictionary_path': 'res_training/eng/embedding/dictionary.txt', 'training_data_file': '/tmp/dialogue_discuss_training.py', 'use_flex_hidden_layer': False}
embedding shape (42122, 64)
/tmp/dialogue_discuss_training.py loaded, containing 1224 entries, class distribution: [612 612]
Steps: 3000, 1 steps in 3000 epochs
epoch 0, training accuracy 0.457516
epoch 10, training accuracy 0.481209
epoch 20, training accuracy 0.497549
epoch 30, training accuracy 0.514706
epoch 40, training accuracy 0.550654
epoch 50, training accuracy 0.571078
epoch 60, training accuracy 0.594771
epoch 70, training accuracy 0.611111
epoch 80, training accuracy 0.628268
epoch 90, training accuracy 0.643791
epoch 100, training accuracy 0.665033
epoch 110, training accuracy 0.678105
epoch 120, training accuracy 0.690359
epoch 130, training accuracy 0.705065
epoch 140, training accuracy 0.721405
epoch 150, training accuracy 0.731209
epoch 160, training accuracy 0.741830
epoch 170, training accuracy 0.750817
epoch 180, training accuracy 0.759804
epoch 190, training accuracy 0.763889
epoch 200, training accuracy 0.772059
epoch 210, training accuracy 0.785131
epoch 220, training accuracy 0.790850
epoch 230, training accuracy 0.800654
epoch 240, training accuracy 0.808824
epoch 250, training accuracy 0.816176
epoch 260, training accuracy 0.822712
epoch 270, training accuracy 0.829248
epoch 280, training accuracy 0.837418
epoch 290, training accuracy 0.843954
epoch 300, training accuracy 0.849673
epoch 310, training accuracy 0.853758
epoch 320, training accuracy 0.857843
epoch 330, training accuracy 0.859477
epoch 340, training accuracy 0.864379
epoch 350, training accuracy 0.870915
epoch 360, training accuracy 0.876634
epoch 370, training accuracy 0.880719
epoch 380, training accuracy 0.883170
epoch 390, training accuracy 0.884804
epoch 400, training accuracy 0.888889
epoch 410, training accuracy 0.893791
epoch 420, training accuracy 0.897059
epoch 430, training accuracy 0.898693
epoch 440, training accuracy 0.899510
epoch 450, training accuracy 0.904412
epoch 460, training accuracy 0.906863
epoch 470, training accuracy 0.909314
epoch 480, training accuracy 0.917484
epoch 490, training accuracy 0.920752
epoch 500, training accuracy 0.920752
epoch 510, training accuracy 0.923203
epoch 520, training accuracy 0.925654
epoch 530, training accuracy 0.928105
epoch 540, training accuracy 0.928922
epoch 550, training accuracy 0.931373
epoch 560, training accuracy 0.931373
epoch 570, training accuracy 0.931373
epoch 580, training accuracy 0.933007
epoch 590, training accuracy 0.935458
epoch 600, training accuracy 0.935458
epoch 610, training accuracy 0.937092
epoch 620, training accuracy 0.940359
epoch 630, training accuracy 0.941993
epoch 640, training accuracy 0.943627
epoch 650, training accuracy 0.944444
epoch 660, training accuracy 0.945261
epoch 670, training accuracy 0.946078
epoch 680, training accuracy 0.945261
epoch 690, training accuracy 0.945261
epoch 700, training accuracy 0.946078
epoch 710, training accuracy 0.946078
epoch 720, training accuracy 0.946078
epoch 730, training accuracy 0.947712
epoch 740, training accuracy 0.948529
epoch 750, training accuracy 0.948529
epoch 760, training accuracy 0.948529
epoch 770, training accuracy 0.948529
epoch 780, training accuracy 0.949346
epoch 790, training accuracy 0.950163
epoch 800, training accuracy 0.949346
epoch 810, training accuracy 0.950163
epoch 820, training accuracy 0.950163
epoch 830, training accuracy 0.950163
epoch 840, training accuracy 0.950163
epoch 850, training accuracy 0.950980
epoch 860, training accuracy 0.951797
epoch 870, training accuracy 0.953431
epoch 880, training accuracy 0.955065
epoch 890, training accuracy 0.955065
epoch 900, training accuracy 0.955065
epoch 910, training accuracy 0.955065
epoch 920, training accuracy 0.955065
epoch 930, training accuracy 0.955882
epoch 940, training accuracy 0.956699
epoch 950, training accuracy 0.956699
epoch 960, training accuracy 0.958333
epoch 970, training accuracy 0.958333
epoch 980, training accuracy 0.958333
epoch 990, training accuracy 0.959150
epoch 1000, training accuracy 0.959150
epoch 1010, training accuracy 0.959150
epoch 1020, training accuracy 0.959150
epoch 1030, training accuracy 0.959150
epoch 1040, training accuracy 0.961601
epoch 1050, training accuracy 0.961601
epoch 1060, training accuracy 0.961601
epoch 1070, training accuracy 0.961601
epoch 1080, training accuracy 0.962418
epoch 1090, training accuracy 0.961601
epoch 1100, training accuracy 0.961601
epoch 1110, training accuracy 0.962418
epoch 1120, training accuracy 0.962418
epoch 1130, training accuracy 0.962418
epoch 1140, training accuracy 0.964052
epoch 1150, training accuracy 0.964052
epoch 1160, training accuracy 0.964052
epoch 1170, training accuracy 0.964869
epoch 1180, training accuracy 0.964869
epoch 1190, training accuracy 0.964869
epoch 1200, training accuracy 0.964869
epoch 1210, training accuracy 0.964869
epoch 1220, training accuracy 0.965686
epoch 1230, training accuracy 0.965686
epoch 1240, training accuracy 0.965686
epoch 1250, training accuracy 0.965686
epoch 1260, training accuracy 0.965686
epoch 1270, training accuracy 0.965686
epoch 1280, training accuracy 0.965686
epoch 1290, training accuracy 0.965686
epoch 1300, training accuracy 0.966503
epoch 1310, training accuracy 0.966503
epoch 1320, training accuracy 0.966503
epoch 1330, training accuracy 0.966503
epoch 1340, training accuracy 0.966503
epoch 1350, training accuracy 0.966503
epoch 1360, training accuracy 0.966503
epoch 1370, training accuracy 0.966503
epoch 1380, training accuracy 0.966503
epoch 1390, training accuracy 0.967320
epoch 1400, training accuracy 0.967320
epoch 1410, training accuracy 0.967320
epoch 1420, training accuracy 0.967320
epoch 1430, training accuracy 0.967320
epoch 1440, training accuracy 0.967320
epoch 1450, training accuracy 0.967320
epoch 1460, training accuracy 0.968137
epoch 1470, training accuracy 0.968137
epoch 1480, training accuracy 0.968137
epoch 1490, training accuracy 0.968137
epoch 1500, training accuracy 0.968137
epoch 1510, training accuracy 0.968137
epoch 1520, training accuracy 0.968137
epoch 1530, training accuracy 0.968137
epoch 1540, training accuracy 0.968137
epoch 1550, training accuracy 0.968137
epoch 1560, training accuracy 0.968137
epoch 1570, training accuracy 0.968137
epoch 1580, training accuracy 0.968137
epoch 1590, training accuracy 0.968954
epoch 1600, training accuracy 0.968954
epoch 1610, training accuracy 0.968954
epoch 1620, training accuracy 0.968954
epoch 1630, training accuracy 0.968954
epoch 1640, training accuracy 0.968954
epoch 1650, training accuracy 0.968954
epoch 1660, training accuracy 0.968954
epoch 1670, training accuracy 0.968954
epoch 1680, training accuracy 0.968954
epoch 1690, training accuracy 0.968954
epoch 1700, training accuracy 0.968954
epoch 1710, training accuracy 0.968954
epoch 1720, training accuracy 0.968954
epoch 1730, training accuracy 0.968954
epoch 1740, training accuracy 0.968954
epoch 1750, training accuracy 0.968954
epoch 1760, training accuracy 0.968954
epoch 1770, training accuracy 0.968954
epoch 1780, training accuracy 0.968954
epoch 1790, training accuracy 0.969771
epoch 1800, training accuracy 0.969771
epoch 1810, training accuracy 0.969771
epoch 1820, training accuracy 0.969771
epoch 1830, training accuracy 0.969771
epoch 1840, training accuracy 0.969771
epoch 1850, training accuracy 0.969771
epoch 1860, training accuracy 0.969771
epoch 1870, training accuracy 0.970588
epoch 1880, training accuracy 0.970588
epoch 1890, training accuracy 0.970588
epoch 1900, training accuracy 0.970588
epoch 1910, training accuracy 0.970588
epoch 1920, training accuracy 0.971405
epoch 1930, training accuracy 0.971405
epoch 1940, training accuracy 0.971405
epoch 1950, training accuracy 0.971405
epoch 1960, training accuracy 0.971405
epoch 1970, training accuracy 0.971405
epoch 1980, training accuracy 0.971405
epoch 1990, training accuracy 0.971405
epoch 2000, training accuracy 0.971405
epoch 2010, training accuracy 0.971405
epoch 2020, training accuracy 0.972222
epoch 2030, training accuracy 0.972222
epoch 2040, training accuracy 0.972222
epoch 2050, training accuracy 0.972222
epoch 2060, training accuracy 0.972222
epoch 2070, training accuracy 0.972222
epoch 2080, training accuracy 0.972222
epoch 2090, training accuracy 0.972222
epoch 2100, training accuracy 0.972222
epoch 2110, training accuracy 0.972222
epoch 2120, training accuracy 0.972222
epoch 2130, training accuracy 0.972222
epoch 2140, training accuracy 0.972222
epoch 2150, training accuracy 0.972222
epoch 2160, training accuracy 0.972222
epoch 2170, training accuracy 0.972222
epoch 2180, training accuracy 0.972222
epoch 2190, training accuracy 0.972222
epoch 2200, training accuracy 0.972222
epoch 2210, training accuracy 0.973039
epoch 2220, training accuracy 0.973856
epoch 2230, training accuracy 0.973856
epoch 2240, training accuracy 0.973856
epoch 2250, training accuracy 0.974673
epoch 2260, training accuracy 0.974673
epoch 2270, training accuracy 0.974673
epoch 2280, training accuracy 0.974673
epoch 2290, training accuracy 0.974673
epoch 2300, training accuracy 0.974673
epoch 2310, training accuracy 0.974673
epoch 2320, training accuracy 0.974673
epoch 2330, training accuracy 0.974673
epoch 2340, training accuracy 0.974673
epoch 2350, training accuracy 0.974673
epoch 2360, training accuracy 0.974673
epoch 2370, training accuracy 0.974673
epoch 2380, training accuracy 0.974673
epoch 2390, training accuracy 0.974673
epoch 2400, training accuracy 0.974673
epoch 2410, training accuracy 0.975490
epoch 2420, training accuracy 0.975490
epoch 2430, training accuracy 0.975490
epoch 2440, training accuracy 0.975490
epoch 2450, training accuracy 0.975490
epoch 2460, training accuracy 0.975490
epoch 2470, training accuracy 0.975490
epoch 2480, training accuracy 0.975490
epoch 2490, training accuracy 0.976307
epoch 2500, training accuracy 0.976307
epoch 2510, training accuracy 0.976307
epoch 2520, training accuracy 0.976307
epoch 2530, training accuracy 0.976307
epoch 2540, training accuracy 0.976307
epoch 2550, training accuracy 0.976307
epoch 2560, training accuracy 0.976307
epoch 2570, training accuracy 0.976307
epoch 2580, training accuracy 0.976307
epoch 2590, training accuracy 0.976307
epoch 2600, training accuracy 0.976307
epoch 2610, training accuracy 0.976307
epoch 2620, training accuracy 0.976307
epoch 2630, training accuracy 0.976307
epoch 2640, training accuracy 0.976307
epoch 2650, training accuracy 0.976307
epoch 2660, training accuracy 0.976307
epoch 2670, training accuracy 0.976307
epoch 2680, training accuracy 0.976307
epoch 2690, training accuracy 0.976307
epoch 2700, training accuracy 0.976307
epoch 2710, training accuracy 0.976307
epoch 2720, training accuracy 0.977124
epoch 2730, training accuracy 0.977941
epoch 2740, training accuracy 0.977941
epoch 2750, training accuracy 0.977941
epoch 2760, training accuracy 0.977941
epoch 2770, training accuracy 0.977941
epoch 2780, training accuracy 0.977941
epoch 2790, training accuracy 0.977941
epoch 2800, training accuracy 0.977941
epoch 2810, training accuracy 0.977941
epoch 2820, training accuracy 0.977941
epoch 2830, training accuracy 0.977941
epoch 2840, training accuracy 0.977941
epoch 2850, training accuracy 0.977941
epoch 2860, training accuracy 0.977941
epoch 2870, training accuracy 0.978758
epoch 2880, training accuracy 0.978758
epoch 2890, training accuracy 0.978758
epoch 2900, training accuracy 0.978758
epoch 2910, training accuracy 0.978758
epoch 2920, training accuracy 0.978758
epoch 2930, training accuracy 0.979575
epoch 2940, training accuracy 0.979575
epoch 2950, training accuracy 0.979575
epoch 2960, training accuracy 0.979575
epoch 2970, training accuracy 0.979575
epoch 2980, training accuracy 0.979575
epoch 2990, training accuracy 0.979575
epoch 3000, training accuracy 0.979575
/tmp/dialogue_discuss_validate.py loaded, containing 302 entries, class distribution: [151 151]
correct: [134, 133]
incorrect: [1, 1]
accuracy: [0.9925925925925926, 0.9925373134328358]
unclassified: [16, 17]
total accuracy: [0.8874172185430463, 0.8807947019867549]
Sun Oct 22 19:48:02 CEST 2017 finished, res_training/eng/dialogue_discuss
