Sun Sep 24 13:22:27 CEST 2017 create_training_files
/tmp/deu_news_2015_3M-sentences-raw.txt_small
300000 lines
2026 ihm
33221 im
/tmp/ihm_im
58918 lines
19147 ihm
41610 im
/tmp/ihm_im_training
47135 lines
15266 ihm
33329 im
/tmp/ihm_im_validate
11783 lines
3881 ihm
8281 im
generate /tmp/ihm_im_training.py, /tmp/ihm_im_validate.py
Sun Sep 24 13:22:58 CEST 2017 create_classifier
{'self': <__main__.NeuralNetwork object at 0x2ace0d7f9a58>, 'batch_size': 1000, 'training_data_file': '/tmp/ihm_im_training.py', 'epochs': 3000, 'embedding_path': 'res_training/deu/embedding/final_embeddings.txt', 'num_inputs': 4, 'dictionary_path': 'res_training/deu/embedding/dictionary.txt', 'use_flex_hidden_layer': False, 'num_outputs': 2}
embedding shape (52520, 64)
/tmp/ihm_im_training.py loaded, containing 31178 entries, class distribution: [15589 15589]
Steps: 93000, 31 steps in 3000 epochs
epoch 0, training accuracy 0.441882
epoch 10, training accuracy 0.725768
epoch 20, training accuracy 0.845725
epoch 30, training accuracy 0.890885
epoch 40, training accuracy 0.912791
epoch 50, training accuracy 0.927224
epoch 60, training accuracy 0.937199
epoch 70, training accuracy 0.943903
epoch 80, training accuracy 0.949676
epoch 90, training accuracy 0.953236
epoch 100, training accuracy 0.956315
epoch 110, training accuracy 0.959234
epoch 120, training accuracy 0.961383
epoch 130, training accuracy 0.963372
epoch 140, training accuracy 0.965071
epoch 150, training accuracy 0.966739
epoch 160, training accuracy 0.968054
epoch 170, training accuracy 0.969337
epoch 180, training accuracy 0.970203
epoch 190, training accuracy 0.971262
epoch 200, training accuracy 0.972384
epoch 210, training accuracy 0.972801
epoch 220, training accuracy 0.973379
epoch 230, training accuracy 0.973731
epoch 240, training accuracy 0.974213
epoch 250, training accuracy 0.974726
epoch 260, training accuracy 0.975079
epoch 270, training accuracy 0.975303
epoch 280, training accuracy 0.975816
epoch 290, training accuracy 0.976233
epoch 300, training accuracy 0.976746
epoch 310, training accuracy 0.976971
epoch 320, training accuracy 0.977099
epoch 330, training accuracy 0.977131
epoch 340, training accuracy 0.977516
epoch 350, training accuracy 0.977773
epoch 360, training accuracy 0.977901
epoch 370, training accuracy 0.977837
epoch 380, training accuracy 0.978029
epoch 390, training accuracy 0.978126
epoch 400, training accuracy 0.978061
epoch 410, training accuracy 0.978094
epoch 420, training accuracy 0.978126
epoch 430, training accuracy 0.978222
epoch 440, training accuracy 0.978414
epoch 450, training accuracy 0.978510
epoch 460, training accuracy 0.978767
epoch 470, training accuracy 0.978895
epoch 480, training accuracy 0.979088
epoch 490, training accuracy 0.979056
epoch 500, training accuracy 0.979184
epoch 510, training accuracy 0.979280
epoch 520, training accuracy 0.979409
epoch 530, training accuracy 0.979409
epoch 540, training accuracy 0.979633
epoch 550, training accuracy 0.979761
epoch 560, training accuracy 0.979858
epoch 570, training accuracy 0.979954
epoch 580, training accuracy 0.979954
epoch 590, training accuracy 0.980114
epoch 600, training accuracy 0.980242
epoch 610, training accuracy 0.980242
epoch 620, training accuracy 0.980242
epoch 630, training accuracy 0.980403
epoch 640, training accuracy 0.980435
epoch 650, training accuracy 0.980403
epoch 660, training accuracy 0.980435
epoch 670, training accuracy 0.980371
epoch 680, training accuracy 0.980435
epoch 690, training accuracy 0.980435
epoch 700, training accuracy 0.980403
epoch 710, training accuracy 0.980435
epoch 720, training accuracy 0.980531
epoch 730, training accuracy 0.980563
epoch 740, training accuracy 0.980691
epoch 750, training accuracy 0.980724
epoch 760, training accuracy 0.980691
epoch 770, training accuracy 0.980788
epoch 780, training accuracy 0.980820
epoch 790, training accuracy 0.980948
epoch 800, training accuracy 0.980980
epoch 810, training accuracy 0.980980
epoch 820, training accuracy 0.980980
epoch 830, training accuracy 0.981012
epoch 840, training accuracy 0.981044
epoch 850, training accuracy 0.981108
epoch 860, training accuracy 0.981173
epoch 870, training accuracy 0.981397
epoch 880, training accuracy 0.981397
epoch 890, training accuracy 0.981397
epoch 900, training accuracy 0.981461
epoch 910, training accuracy 0.981493
epoch 920, training accuracy 0.981461
epoch 930, training accuracy 0.981493
epoch 940, training accuracy 0.981493
epoch 950, training accuracy 0.981461
epoch 960, training accuracy 0.981365
epoch 970, training accuracy 0.981397
epoch 980, training accuracy 0.981365
epoch 990, training accuracy 0.981397
epoch 1000, training accuracy 0.981429
epoch 1010, training accuracy 0.981461
epoch 1020, training accuracy 0.981429
epoch 1030, training accuracy 0.981461
epoch 1040, training accuracy 0.981429
epoch 1050, training accuracy 0.981493
epoch 1060, training accuracy 0.981461
epoch 1070, training accuracy 0.981397
epoch 1080, training accuracy 0.981397
epoch 1090, training accuracy 0.981461
epoch 1100, training accuracy 0.981461
epoch 1110, training accuracy 0.981493
epoch 1120, training accuracy 0.981525
epoch 1130, training accuracy 0.981493
epoch 1140, training accuracy 0.981461
epoch 1150, training accuracy 0.981461
epoch 1160, training accuracy 0.981429
epoch 1170, training accuracy 0.981461
epoch 1180, training accuracy 0.981461
epoch 1190, training accuracy 0.981493
epoch 1200, training accuracy 0.981525
epoch 1210, training accuracy 0.981493
epoch 1220, training accuracy 0.981557
epoch 1230, training accuracy 0.981557
epoch 1240, training accuracy 0.981493
epoch 1250, training accuracy 0.981525
epoch 1260, training accuracy 0.981557
epoch 1270, training accuracy 0.981557
epoch 1280, training accuracy 0.981557
epoch 1290, training accuracy 0.981557
epoch 1300, training accuracy 0.981557
epoch 1310, training accuracy 0.981525
epoch 1320, training accuracy 0.981493
epoch 1330, training accuracy 0.981525
epoch 1340, training accuracy 0.981493
epoch 1350, training accuracy 0.981525
epoch 1360, training accuracy 0.981493
epoch 1370, training accuracy 0.981429
epoch 1380, training accuracy 0.981461
epoch 1390, training accuracy 0.981493
epoch 1400, training accuracy 0.981429
epoch 1410, training accuracy 0.981461
epoch 1420, training accuracy 0.981461
epoch 1430, training accuracy 0.981461
epoch 1440, training accuracy 0.981461
epoch 1450, training accuracy 0.981365
epoch 1460, training accuracy 0.981397
epoch 1470, training accuracy 0.981365
epoch 1480, training accuracy 0.981333
epoch 1490, training accuracy 0.981397
epoch 1500, training accuracy 0.981333
epoch 1510, training accuracy 0.981333
epoch 1520, training accuracy 0.981365
epoch 1530, training accuracy 0.981301
epoch 1540, training accuracy 0.981333
epoch 1550, training accuracy 0.981365
epoch 1560, training accuracy 0.981333
epoch 1570, training accuracy 0.981333
epoch 1580, training accuracy 0.981269
epoch 1590, training accuracy 0.981333
epoch 1600, training accuracy 0.981333
epoch 1610, training accuracy 0.981269
epoch 1620, training accuracy 0.981365
epoch 1630, training accuracy 0.981301
epoch 1640, training accuracy 0.981301
epoch 1650, training accuracy 0.981365
epoch 1660, training accuracy 0.981333
epoch 1670, training accuracy 0.981365
epoch 1680, training accuracy 0.981397
epoch 1690, training accuracy 0.981365
epoch 1700, training accuracy 0.981429
epoch 1710, training accuracy 0.981429
epoch 1720, training accuracy 0.981397
epoch 1730, training accuracy 0.981429
epoch 1740, training accuracy 0.981429
epoch 1750, training accuracy 0.981429
epoch 1760, training accuracy 0.981397
epoch 1770, training accuracy 0.981365
epoch 1780, training accuracy 0.981461
epoch 1790, training accuracy 0.981397
epoch 1800, training accuracy 0.981365
epoch 1810, training accuracy 0.981461
epoch 1820, training accuracy 0.981397
epoch 1830, training accuracy 0.981429
epoch 1840, training accuracy 0.981461
epoch 1850, training accuracy 0.981429
epoch 1860, training accuracy 0.981429
epoch 1870, training accuracy 0.981461
epoch 1880, training accuracy 0.981429
epoch 1890, training accuracy 0.981429
epoch 1900, training accuracy 0.981429
epoch 1910, training accuracy 0.981429
epoch 1920, training accuracy 0.981461
epoch 1930, training accuracy 0.981461
epoch 1940, training accuracy 0.981461
epoch 1950, training accuracy 0.981461
epoch 1960, training accuracy 0.981461
epoch 1970, training accuracy 0.981461
epoch 1980, training accuracy 0.981461
epoch 1990, training accuracy 0.981493
epoch 2000, training accuracy 0.981429
epoch 2010, training accuracy 0.981429
epoch 2020, training accuracy 0.981493
epoch 2030, training accuracy 0.981461
epoch 2040, training accuracy 0.981429
epoch 2050, training accuracy 0.981461
epoch 2060, training accuracy 0.981525
epoch 2070, training accuracy 0.981557
epoch 2080, training accuracy 0.981590
epoch 2090, training accuracy 0.981557
epoch 2100, training accuracy 0.981590
epoch 2110, training accuracy 0.981557
epoch 2120, training accuracy 0.981557
epoch 2130, training accuracy 0.981622
epoch 2140, training accuracy 0.981590
epoch 2150, training accuracy 0.981590
epoch 2160, training accuracy 0.981622
epoch 2170, training accuracy 0.981622
epoch 2180, training accuracy 0.981622
epoch 2190, training accuracy 0.981622
epoch 2200, training accuracy 0.981622
epoch 2210, training accuracy 0.981654
epoch 2220, training accuracy 0.981654
epoch 2230, training accuracy 0.981654
epoch 2240, training accuracy 0.981654
epoch 2250, training accuracy 0.981654
epoch 2260, training accuracy 0.981654
epoch 2270, training accuracy 0.981654
epoch 2280, training accuracy 0.981654
epoch 2290, training accuracy 0.981654
epoch 2300, training accuracy 0.981622
epoch 2310, training accuracy 0.981654
epoch 2320, training accuracy 0.981654
epoch 2330, training accuracy 0.981622
epoch 2340, training accuracy 0.981654
epoch 2350, training accuracy 0.981686
epoch 2360, training accuracy 0.981654
epoch 2370, training accuracy 0.981654
epoch 2380, training accuracy 0.981654
epoch 2390, training accuracy 0.981686
epoch 2400, training accuracy 0.981654
epoch 2410, training accuracy 0.981622
epoch 2420, training accuracy 0.981654
epoch 2430, training accuracy 0.981654
epoch 2440, training accuracy 0.981622
epoch 2450, training accuracy 0.981622
epoch 2460, training accuracy 0.981654
epoch 2470, training accuracy 0.981654
epoch 2480, training accuracy 0.981622
epoch 2490, training accuracy 0.981654
epoch 2500, training accuracy 0.981654
epoch 2510, training accuracy 0.981654
epoch 2520, training accuracy 0.981590
epoch 2530, training accuracy 0.981590
epoch 2540, training accuracy 0.981622
epoch 2550, training accuracy 0.981590
epoch 2560, training accuracy 0.981590
epoch 2570, training accuracy 0.981622
epoch 2580, training accuracy 0.981590
epoch 2590, training accuracy 0.981622
epoch 2600, training accuracy 0.981686
epoch 2610, training accuracy 0.981622
epoch 2620, training accuracy 0.981654
epoch 2630, training accuracy 0.981686
epoch 2640, training accuracy 0.981622
epoch 2650, training accuracy 0.981654
epoch 2660, training accuracy 0.981654
epoch 2670, training accuracy 0.981622
epoch 2680, training accuracy 0.981622
epoch 2690, training accuracy 0.981622
epoch 2700, training accuracy 0.981622
epoch 2710, training accuracy 0.981622
epoch 2720, training accuracy 0.981622
epoch 2730, training accuracy 0.981622
epoch 2740, training accuracy 0.981622
epoch 2750, training accuracy 0.981622
epoch 2760, training accuracy 0.981654
epoch 2770, training accuracy 0.981622
epoch 2780, training accuracy 0.981622
epoch 2790, training accuracy 0.981622
epoch 2800, training accuracy 0.981590
epoch 2810, training accuracy 0.981622
epoch 2820, training accuracy 0.981622
epoch 2830, training accuracy 0.981590
epoch 2840, training accuracy 0.981590
epoch 2850, training accuracy 0.981590
epoch 2860, training accuracy 0.981590
epoch 2870, training accuracy 0.981590
epoch 2880, training accuracy 0.981590
epoch 2890, training accuracy 0.981590
epoch 2900, training accuracy 0.981590
epoch 2910, training accuracy 0.981590
epoch 2920, training accuracy 0.981590
epoch 2930, training accuracy 0.981622
epoch 2940, training accuracy 0.981590
epoch 2950, training accuracy 0.981557
epoch 2960, training accuracy 0.981622
epoch 2970, training accuracy 0.981590
epoch 2980, training accuracy 0.981590
epoch 2990, training accuracy 0.981622
epoch 3000, training accuracy 0.981590
/tmp/ihm_im_validate.py loaded, containing 7922 entries, class distribution: [3961 3961]
correct: [3762, 3824]
incorrect: [62, 33]
accuracy: [0.983786610878661, 0.99144412756028]
unclassified: [137, 104]
total accuracy: [0.9497601615753598, 0.9654127745518808]
Sun Sep 24 13:29:15 CEST 2017 finished, res_training/deu/ihm_im
