Mon Oct 23 00:06:37 CEST 2017 create_training_files
/tmp/waren_warnen
35686 lines
34652 waren
1037 warnen
/tmp/waren_warnen_training
28549 lines
27730 waren
821 warnen
/tmp/waren_warnen_validate
7137 lines
6922 waren
216 warnen
generate /tmp/waren_warnen_training.py, /tmp/waren_warnen_validate.py
:compileJava UP-TO-DATE
:processResources UP-TO-DATE
:classes UP-TO-DATE
:createNGramDatabase
Reading /tmp/waren_warnen_training
Tokenizing
undersampling to 840
/tmp/waren_warnen_training.pycreated
Reading /tmp/waren_warnen_validate
Tokenizing
undersampling to 219
/tmp/waren_warnen_validate.pycreated

BUILD SUCCESSFUL

Total time: 11.936 secs

This build could be faster, please consider using the Gradle Daemon: https://docs.gradle.org/2.10/userguide/gradle_daemon.html
Mon Oct 23 00:06:54 CEST 2017 create_classifier
{'self': <__main__.NeuralNetwork object at 0x2b18a804ca58>, 'dictionary_path': 'res_training/deu/embedding/dictionary.txt', 'embedding_path': 'res_training/deu/embedding/final_embeddings.txt', 'use_flex_hidden_layer': False, 'batch_size': 1000, 'num_outputs': 2, 'epochs': 3000, 'num_inputs': 4, 'training_data_file': '/tmp/waren_warnen_training.py'}
embedding shape (52520, 64)
/tmp/waren_warnen_training.py loaded, containing 1680 entries, class distribution: [840 840]
Steps: 3000, 1 steps in 3000 epochs
epoch 0, training accuracy 0.573214
epoch 10, training accuracy 0.583929
epoch 20, training accuracy 0.583929
epoch 30, training accuracy 0.598214
epoch 40, training accuracy 0.605952
epoch 50, training accuracy 0.614881
epoch 60, training accuracy 0.625595
epoch 70, training accuracy 0.638095
epoch 80, training accuracy 0.645833
epoch 90, training accuracy 0.652381
epoch 100, training accuracy 0.660119
epoch 110, training accuracy 0.667857
epoch 120, training accuracy 0.679762
epoch 130, training accuracy 0.685119
epoch 140, training accuracy 0.694048
epoch 150, training accuracy 0.703571
epoch 160, training accuracy 0.710119
epoch 170, training accuracy 0.717857
epoch 180, training accuracy 0.720238
epoch 190, training accuracy 0.725000
epoch 200, training accuracy 0.730952
epoch 210, training accuracy 0.735119
epoch 220, training accuracy 0.739286
epoch 230, training accuracy 0.742262
epoch 240, training accuracy 0.743452
epoch 250, training accuracy 0.747024
epoch 260, training accuracy 0.748810
epoch 270, training accuracy 0.755952
epoch 280, training accuracy 0.760119
epoch 290, training accuracy 0.764286
epoch 300, training accuracy 0.769643
epoch 310, training accuracy 0.770833
epoch 320, training accuracy 0.775000
epoch 330, training accuracy 0.776786
epoch 340, training accuracy 0.780357
epoch 350, training accuracy 0.782143
epoch 360, training accuracy 0.783333
epoch 370, training accuracy 0.785119
epoch 380, training accuracy 0.786905
epoch 390, training accuracy 0.789881
epoch 400, training accuracy 0.792857
epoch 410, training accuracy 0.793452
epoch 420, training accuracy 0.795833
epoch 430, training accuracy 0.797024
epoch 440, training accuracy 0.798810
epoch 450, training accuracy 0.800595
epoch 460, training accuracy 0.801190
epoch 470, training accuracy 0.802976
epoch 480, training accuracy 0.804167
epoch 490, training accuracy 0.804167
epoch 500, training accuracy 0.805357
epoch 510, training accuracy 0.807143
epoch 520, training accuracy 0.808929
epoch 530, training accuracy 0.813095
epoch 540, training accuracy 0.814881
epoch 550, training accuracy 0.816667
epoch 560, training accuracy 0.816667
epoch 570, training accuracy 0.816667
epoch 580, training accuracy 0.816667
epoch 590, training accuracy 0.816667
epoch 600, training accuracy 0.818452
epoch 610, training accuracy 0.821429
epoch 620, training accuracy 0.821429
epoch 630, training accuracy 0.823810
epoch 640, training accuracy 0.825595
epoch 650, training accuracy 0.826786
epoch 660, training accuracy 0.829167
epoch 670, training accuracy 0.829762
epoch 680, training accuracy 0.830952
epoch 690, training accuracy 0.832738
epoch 700, training accuracy 0.832738
epoch 710, training accuracy 0.834524
epoch 720, training accuracy 0.835714
epoch 730, training accuracy 0.835714
epoch 740, training accuracy 0.836310
epoch 750, training accuracy 0.836310
epoch 760, training accuracy 0.836310
epoch 770, training accuracy 0.836905
epoch 780, training accuracy 0.837500
epoch 790, training accuracy 0.837500
epoch 800, training accuracy 0.839286
epoch 810, training accuracy 0.840476
epoch 820, training accuracy 0.840476
epoch 830, training accuracy 0.841667
epoch 840, training accuracy 0.843452
epoch 850, training accuracy 0.842857
epoch 860, training accuracy 0.842857
epoch 870, training accuracy 0.842857
epoch 880, training accuracy 0.842857
epoch 890, training accuracy 0.842262
epoch 900, training accuracy 0.842262
epoch 910, training accuracy 0.843452
epoch 920, training accuracy 0.845833
epoch 930, training accuracy 0.848214
epoch 940, training accuracy 0.848214
epoch 950, training accuracy 0.848214
epoch 960, training accuracy 0.848214
epoch 970, training accuracy 0.849405
epoch 980, training accuracy 0.850595
epoch 990, training accuracy 0.851190
epoch 1000, training accuracy 0.852976
epoch 1010, training accuracy 0.852976
epoch 1020, training accuracy 0.854762
epoch 1030, training accuracy 0.855357
epoch 1040, training accuracy 0.855952
epoch 1050, training accuracy 0.856548
epoch 1060, training accuracy 0.857143
epoch 1070, training accuracy 0.856548
epoch 1080, training accuracy 0.856548
epoch 1090, training accuracy 0.856548
epoch 1100, training accuracy 0.856548
epoch 1110, training accuracy 0.857738
epoch 1120, training accuracy 0.857738
epoch 1130, training accuracy 0.858929
epoch 1140, training accuracy 0.858929
epoch 1150, training accuracy 0.858929
epoch 1160, training accuracy 0.860119
epoch 1170, training accuracy 0.860119
epoch 1180, training accuracy 0.860714
epoch 1190, training accuracy 0.860714
epoch 1200, training accuracy 0.861905
epoch 1210, training accuracy 0.862500
epoch 1220, training accuracy 0.862500
epoch 1230, training accuracy 0.863690
epoch 1240, training accuracy 0.864286
epoch 1250, training accuracy 0.864881
epoch 1260, training accuracy 0.864881
epoch 1270, training accuracy 0.865476
epoch 1280, training accuracy 0.866071
epoch 1290, training accuracy 0.866071
epoch 1300, training accuracy 0.866667
epoch 1310, training accuracy 0.866667
epoch 1320, training accuracy 0.867262
epoch 1330, training accuracy 0.867857
epoch 1340, training accuracy 0.867857
epoch 1350, training accuracy 0.869643
epoch 1360, training accuracy 0.869643
epoch 1370, training accuracy 0.869643
epoch 1380, training accuracy 0.869048
epoch 1390, training accuracy 0.869048
epoch 1400, training accuracy 0.870833
epoch 1410, training accuracy 0.871429
epoch 1420, training accuracy 0.871429
epoch 1430, training accuracy 0.873214
epoch 1440, training accuracy 0.873214
epoch 1450, training accuracy 0.873214
epoch 1460, training accuracy 0.873214
epoch 1470, training accuracy 0.873810
epoch 1480, training accuracy 0.873810
epoch 1490, training accuracy 0.873810
epoch 1500, training accuracy 0.873810
epoch 1510, training accuracy 0.874405
epoch 1520, training accuracy 0.876190
epoch 1530, training accuracy 0.876190
epoch 1540, training accuracy 0.876786
epoch 1550, training accuracy 0.877381
epoch 1560, training accuracy 0.877381
epoch 1570, training accuracy 0.877976
epoch 1580, training accuracy 0.877976
epoch 1590, training accuracy 0.879167
epoch 1600, training accuracy 0.879167
epoch 1610, training accuracy 0.879762
epoch 1620, training accuracy 0.879167
epoch 1630, training accuracy 0.879167
epoch 1640, training accuracy 0.879762
epoch 1650, training accuracy 0.880357
epoch 1660, training accuracy 0.880952
epoch 1670, training accuracy 0.881548
epoch 1680, training accuracy 0.881548
epoch 1690, training accuracy 0.882143
epoch 1700, training accuracy 0.882738
epoch 1710, training accuracy 0.882738
epoch 1720, training accuracy 0.882738
epoch 1730, training accuracy 0.884524
epoch 1740, training accuracy 0.884524
epoch 1750, training accuracy 0.884524
epoch 1760, training accuracy 0.885119
epoch 1770, training accuracy 0.885119
epoch 1780, training accuracy 0.886310
epoch 1790, training accuracy 0.885714
epoch 1800, training accuracy 0.885714
epoch 1810, training accuracy 0.886905
epoch 1820, training accuracy 0.886905
epoch 1830, training accuracy 0.886905
epoch 1840, training accuracy 0.886905
epoch 1850, training accuracy 0.887500
epoch 1860, training accuracy 0.888095
epoch 1870, training accuracy 0.887500
epoch 1880, training accuracy 0.888095
epoch 1890, training accuracy 0.889286
epoch 1900, training accuracy 0.889881
epoch 1910, training accuracy 0.889286
epoch 1920, training accuracy 0.889286
epoch 1930, training accuracy 0.889881
epoch 1940, training accuracy 0.889881
epoch 1950, training accuracy 0.889881
epoch 1960, training accuracy 0.889881
epoch 1970, training accuracy 0.889286
epoch 1980, training accuracy 0.889286
epoch 1990, training accuracy 0.889286
epoch 2000, training accuracy 0.889881
epoch 2010, training accuracy 0.890476
epoch 2020, training accuracy 0.890476
epoch 2030, training accuracy 0.890476
epoch 2040, training accuracy 0.889881
epoch 2050, training accuracy 0.889286
epoch 2060, training accuracy 0.889286
epoch 2070, training accuracy 0.889286
epoch 2080, training accuracy 0.889881
epoch 2090, training accuracy 0.890476
epoch 2100, training accuracy 0.890476
epoch 2110, training accuracy 0.891071
epoch 2120, training accuracy 0.891667
epoch 2130, training accuracy 0.891667
epoch 2140, training accuracy 0.892857
epoch 2150, training accuracy 0.892857
epoch 2160, training accuracy 0.892857
epoch 2170, training accuracy 0.893452
epoch 2180, training accuracy 0.893452
epoch 2190, training accuracy 0.893452
epoch 2200, training accuracy 0.894048
epoch 2210, training accuracy 0.894643
epoch 2220, training accuracy 0.894643
epoch 2230, training accuracy 0.894643
epoch 2240, training accuracy 0.894643
epoch 2250, training accuracy 0.894643
epoch 2260, training accuracy 0.895238
epoch 2270, training accuracy 0.895238
epoch 2280, training accuracy 0.895238
epoch 2290, training accuracy 0.895238
epoch 2300, training accuracy 0.895238
epoch 2310, training accuracy 0.895833
epoch 2320, training accuracy 0.895833
epoch 2330, training accuracy 0.895833
epoch 2340, training accuracy 0.896429
epoch 2350, training accuracy 0.896429
epoch 2360, training accuracy 0.897024
epoch 2370, training accuracy 0.897024
epoch 2380, training accuracy 0.897024
epoch 2390, training accuracy 0.897619
epoch 2400, training accuracy 0.897619
epoch 2410, training accuracy 0.897619
epoch 2420, training accuracy 0.897619
epoch 2430, training accuracy 0.898214
epoch 2440, training accuracy 0.898214
epoch 2450, training accuracy 0.898214
epoch 2460, training accuracy 0.898214
epoch 2470, training accuracy 0.898214
epoch 2480, training accuracy 0.898214
epoch 2490, training accuracy 0.898810
epoch 2500, training accuracy 0.899405
epoch 2510, training accuracy 0.899405
epoch 2520, training accuracy 0.898810
epoch 2530, training accuracy 0.898810
epoch 2540, training accuracy 0.898810
epoch 2550, training accuracy 0.898810
epoch 2560, training accuracy 0.898810
epoch 2570, training accuracy 0.899405
epoch 2580, training accuracy 0.900000
epoch 2590, training accuracy 0.900595
epoch 2600, training accuracy 0.900595
epoch 2610, training accuracy 0.901190
epoch 2620, training accuracy 0.901786
epoch 2630, training accuracy 0.901786
epoch 2640, training accuracy 0.901786
epoch 2650, training accuracy 0.902381
epoch 2660, training accuracy 0.902976
epoch 2670, training accuracy 0.903571
epoch 2680, training accuracy 0.904167
epoch 2690, training accuracy 0.904762
epoch 2700, training accuracy 0.904762
epoch 2710, training accuracy 0.904167
epoch 2720, training accuracy 0.904167
epoch 2730, training accuracy 0.904762
epoch 2740, training accuracy 0.905357
epoch 2750, training accuracy 0.905357
epoch 2760, training accuracy 0.905357
epoch 2770, training accuracy 0.905952
epoch 2780, training accuracy 0.906548
epoch 2790, training accuracy 0.906548
epoch 2800, training accuracy 0.907143
epoch 2810, training accuracy 0.907143
epoch 2820, training accuracy 0.907143
epoch 2830, training accuracy 0.907143
epoch 2840, training accuracy 0.907143
epoch 2850, training accuracy 0.907143
epoch 2860, training accuracy 0.907143
epoch 2870, training accuracy 0.907143
epoch 2880, training accuracy 0.907143
epoch 2890, training accuracy 0.907738
epoch 2900, training accuracy 0.907738
epoch 2910, training accuracy 0.907738
epoch 2920, training accuracy 0.907738
epoch 2930, training accuracy 0.907738
epoch 2940, training accuracy 0.907738
epoch 2950, training accuracy 0.908333
epoch 2960, training accuracy 0.908333
epoch 2970, training accuracy 0.908333
epoch 2980, training accuracy 0.908929
epoch 2990, training accuracy 0.909524
epoch 3000, training accuracy 0.909524
/tmp/waren_warnen_validate.py loaded, containing 438 entries, class distribution: [219 219]
correct: [154, 148]
incorrect: [3, 12]
accuracy: [0.9808917197452229, 0.925]
unclassified: [62, 59]
total accuracy: [0.7031963470319634, 0.6757990867579908]
Mon Oct 23 00:07:17 CEST 2017 finished, res_training/deu/waren_warnen
