Mon Oct 23 04:18:40 CEST 2017 create_training_files
/tmp/band_banned
2812 lines
1629 band
1184 banned
/tmp/band_banned_training
2250 lines
1294 band
957 banned
/tmp/band_banned_validate
562 lines
335 band
227 banned
generate /tmp/band_banned_training.py, /tmp/band_banned_validate.py
:compileJava UP-TO-DATE
:processResources UP-TO-DATE
:classes UP-TO-DATE
:createNGramDatabase
Reading /tmp/band_banned_training
Tokenizing
undersampling to 976
/tmp/band_banned_training.pycreated
Reading /tmp/band_banned_validate
Tokenizing
undersampling to 231
/tmp/band_banned_validate.pycreated

BUILD SUCCESSFUL

Total time: 4.979 secs

This build could be faster, please consider using the Gradle Daemon: https://docs.gradle.org/2.10/userguide/gradle_daemon.html
Mon Oct 23 04:18:52 CEST 2017 create_classifier
{'self': <__main__.NeuralNetwork object at 0x2b731c649a58>, 'embedding_path': 'res_training/eng/embedding/final_embeddings.txt', 'dictionary_path': 'res_training/eng/embedding/dictionary.txt', 'training_data_file': '/tmp/band_banned_training.py', 'num_outputs': 2, 'epochs': 3000, 'num_inputs': 4, 'batch_size': 1000, 'use_flex_hidden_layer': False}
embedding shape (42122, 64)
/tmp/band_banned_training.py loaded, containing 1952 entries, class distribution: [976 976]
Steps: 3000, 1 steps in 3000 epochs
epoch 0, training accuracy 0.537398
epoch 10, training accuracy 0.542520
epoch 20, training accuracy 0.543545
epoch 30, training accuracy 0.543033
epoch 40, training accuracy 0.554303
epoch 50, training accuracy 0.561988
epoch 60, training accuracy 0.575307
epoch 70, training accuracy 0.586066
epoch 80, training accuracy 0.599385
epoch 90, training accuracy 0.617316
epoch 100, training accuracy 0.630635
epoch 110, training accuracy 0.642418
epoch 120, training accuracy 0.656250
epoch 130, training accuracy 0.670082
epoch 140, training accuracy 0.685963
epoch 150, training accuracy 0.700820
epoch 160, training accuracy 0.713115
epoch 170, training accuracy 0.723361
epoch 180, training accuracy 0.733607
epoch 190, training accuracy 0.747439
epoch 200, training accuracy 0.760246
epoch 210, training accuracy 0.764857
epoch 220, training accuracy 0.772541
epoch 230, training accuracy 0.778176
epoch 240, training accuracy 0.788422
epoch 250, training accuracy 0.792008
epoch 260, training accuracy 0.796107
epoch 270, training accuracy 0.803791
epoch 280, training accuracy 0.808914
epoch 290, training accuracy 0.812500
epoch 300, training accuracy 0.819160
epoch 310, training accuracy 0.824283
epoch 320, training accuracy 0.829918
epoch 330, training accuracy 0.834529
epoch 340, training accuracy 0.838115
epoch 350, training accuracy 0.840164
epoch 360, training accuracy 0.841701
epoch 370, training accuracy 0.845287
epoch 380, training accuracy 0.851434
epoch 390, training accuracy 0.853484
epoch 400, training accuracy 0.855533
epoch 410, training accuracy 0.858094
epoch 420, training accuracy 0.857582
epoch 430, training accuracy 0.859631
epoch 440, training accuracy 0.862193
epoch 450, training accuracy 0.863217
epoch 460, training accuracy 0.862705
epoch 470, training accuracy 0.863730
epoch 480, training accuracy 0.864754
epoch 490, training accuracy 0.866803
epoch 500, training accuracy 0.866803
epoch 510, training accuracy 0.869365
epoch 520, training accuracy 0.870389
epoch 530, training accuracy 0.872951
epoch 540, training accuracy 0.873463
epoch 550, training accuracy 0.873975
epoch 560, training accuracy 0.875512
epoch 570, training accuracy 0.877049
epoch 580, training accuracy 0.878586
epoch 590, training accuracy 0.881148
epoch 600, training accuracy 0.883709
epoch 610, training accuracy 0.883709
epoch 620, training accuracy 0.887295
epoch 630, training accuracy 0.888320
epoch 640, training accuracy 0.889857
epoch 650, training accuracy 0.890369
epoch 660, training accuracy 0.890369
epoch 670, training accuracy 0.890369
epoch 680, training accuracy 0.891393
epoch 690, training accuracy 0.892930
epoch 700, training accuracy 0.895492
epoch 710, training accuracy 0.897541
epoch 720, training accuracy 0.899590
epoch 730, training accuracy 0.900615
epoch 740, training accuracy 0.901127
epoch 750, training accuracy 0.902152
epoch 760, training accuracy 0.904201
epoch 770, training accuracy 0.905225
epoch 780, training accuracy 0.906250
epoch 790, training accuracy 0.906762
epoch 800, training accuracy 0.905738
epoch 810, training accuracy 0.905738
epoch 820, training accuracy 0.906250
epoch 830, training accuracy 0.906250
epoch 840, training accuracy 0.906250
epoch 850, training accuracy 0.906762
epoch 860, training accuracy 0.906762
epoch 870, training accuracy 0.907787
epoch 880, training accuracy 0.908811
epoch 890, training accuracy 0.909324
epoch 900, training accuracy 0.909836
epoch 910, training accuracy 0.910861
epoch 920, training accuracy 0.911373
epoch 930, training accuracy 0.912398
epoch 940, training accuracy 0.913422
epoch 950, training accuracy 0.913422
epoch 960, training accuracy 0.914447
epoch 970, training accuracy 0.914447
epoch 980, training accuracy 0.914959
epoch 990, training accuracy 0.915471
epoch 1000, training accuracy 0.915984
epoch 1010, training accuracy 0.916496
epoch 1020, training accuracy 0.917520
epoch 1030, training accuracy 0.918545
epoch 1040, training accuracy 0.918545
epoch 1050, training accuracy 0.918545
epoch 1060, training accuracy 0.918033
epoch 1070, training accuracy 0.918545
epoch 1080, training accuracy 0.918033
epoch 1090, training accuracy 0.918033
epoch 1100, training accuracy 0.918033
epoch 1110, training accuracy 0.918545
epoch 1120, training accuracy 0.919057
epoch 1130, training accuracy 0.919057
epoch 1140, training accuracy 0.919057
epoch 1150, training accuracy 0.919057
epoch 1160, training accuracy 0.918545
epoch 1170, training accuracy 0.919570
epoch 1180, training accuracy 0.920082
epoch 1190, training accuracy 0.920082
epoch 1200, training accuracy 0.919570
epoch 1210, training accuracy 0.920082
epoch 1220, training accuracy 0.920082
epoch 1230, training accuracy 0.920082
epoch 1240, training accuracy 0.920082
epoch 1250, training accuracy 0.920594
epoch 1260, training accuracy 0.920594
epoch 1270, training accuracy 0.921619
epoch 1280, training accuracy 0.922131
epoch 1290, training accuracy 0.922643
epoch 1300, training accuracy 0.924180
epoch 1310, training accuracy 0.924693
epoch 1320, training accuracy 0.924693
epoch 1330, training accuracy 0.924693
epoch 1340, training accuracy 0.924693
epoch 1350, training accuracy 0.924693
epoch 1360, training accuracy 0.924693
epoch 1370, training accuracy 0.924693
epoch 1380, training accuracy 0.924693
epoch 1390, training accuracy 0.924693
epoch 1400, training accuracy 0.924693
epoch 1410, training accuracy 0.924693
epoch 1420, training accuracy 0.924693
epoch 1430, training accuracy 0.924693
epoch 1440, training accuracy 0.925205
epoch 1450, training accuracy 0.926742
epoch 1460, training accuracy 0.927766
epoch 1470, training accuracy 0.928279
epoch 1480, training accuracy 0.928791
epoch 1490, training accuracy 0.928791
epoch 1500, training accuracy 0.928791
epoch 1510, training accuracy 0.928791
epoch 1520, training accuracy 0.928791
epoch 1530, training accuracy 0.929303
epoch 1540, training accuracy 0.929303
epoch 1550, training accuracy 0.929303
epoch 1560, training accuracy 0.930328
epoch 1570, training accuracy 0.930840
epoch 1580, training accuracy 0.931352
epoch 1590, training accuracy 0.931865
epoch 1600, training accuracy 0.931865
epoch 1610, training accuracy 0.931865
epoch 1620, training accuracy 0.931865
epoch 1630, training accuracy 0.932377
epoch 1640, training accuracy 0.932377
epoch 1650, training accuracy 0.932889
epoch 1660, training accuracy 0.932889
epoch 1670, training accuracy 0.932889
epoch 1680, training accuracy 0.932889
epoch 1690, training accuracy 0.932377
epoch 1700, training accuracy 0.932377
epoch 1710, training accuracy 0.932377
epoch 1720, training accuracy 0.932377
epoch 1730, training accuracy 0.932377
epoch 1740, training accuracy 0.932377
epoch 1750, training accuracy 0.932377
epoch 1760, training accuracy 0.932377
epoch 1770, training accuracy 0.932377
epoch 1780, training accuracy 0.932889
epoch 1790, training accuracy 0.933402
epoch 1800, training accuracy 0.933402
epoch 1810, training accuracy 0.933402
epoch 1820, training accuracy 0.933914
epoch 1830, training accuracy 0.935451
epoch 1840, training accuracy 0.937500
epoch 1850, training accuracy 0.937500
epoch 1860, training accuracy 0.938525
epoch 1870, training accuracy 0.939549
epoch 1880, training accuracy 0.939549
epoch 1890, training accuracy 0.939549
epoch 1900, training accuracy 0.939549
epoch 1910, training accuracy 0.939549
epoch 1920, training accuracy 0.939549
epoch 1930, training accuracy 0.940061
epoch 1940, training accuracy 0.940061
epoch 1950, training accuracy 0.940061
epoch 1960, training accuracy 0.940574
epoch 1970, training accuracy 0.940574
epoch 1980, training accuracy 0.940574
epoch 1990, training accuracy 0.946209
epoch 2000, training accuracy 0.946209
epoch 2010, training accuracy 0.946209
epoch 2020, training accuracy 0.946721
epoch 2030, training accuracy 0.946721
epoch 2040, training accuracy 0.946721
epoch 2050, training accuracy 0.946721
epoch 2060, training accuracy 0.946721
epoch 2070, training accuracy 0.947234
epoch 2080, training accuracy 0.947234
epoch 2090, training accuracy 0.947234
epoch 2100, training accuracy 0.947234
epoch 2110, training accuracy 0.947234
epoch 2120, training accuracy 0.947746
epoch 2130, training accuracy 0.947746
epoch 2140, training accuracy 0.947746
epoch 2150, training accuracy 0.947234
epoch 2160, training accuracy 0.947746
epoch 2170, training accuracy 0.947746
epoch 2180, training accuracy 0.947234
epoch 2190, training accuracy 0.947234
epoch 2200, training accuracy 0.947234
epoch 2210, training accuracy 0.947746
epoch 2220, training accuracy 0.947746
epoch 2230, training accuracy 0.947746
epoch 2240, training accuracy 0.947746
epoch 2250, training accuracy 0.947746
epoch 2260, training accuracy 0.947746
epoch 2270, training accuracy 0.947746
epoch 2280, training accuracy 0.947746
epoch 2290, training accuracy 0.947746
epoch 2300, training accuracy 0.947746
epoch 2310, training accuracy 0.947746
epoch 2320, training accuracy 0.948770
epoch 2330, training accuracy 0.948770
epoch 2340, training accuracy 0.949795
epoch 2350, training accuracy 0.950307
epoch 2360, training accuracy 0.950820
epoch 2370, training accuracy 0.950820
epoch 2380, training accuracy 0.950820
epoch 2390, training accuracy 0.950820
epoch 2400, training accuracy 0.950820
epoch 2410, training accuracy 0.950820
epoch 2420, training accuracy 0.951332
epoch 2430, training accuracy 0.951332
epoch 2440, training accuracy 0.951332
epoch 2450, training accuracy 0.951332
epoch 2460, training accuracy 0.950820
epoch 2470, training accuracy 0.950820
epoch 2480, training accuracy 0.950820
epoch 2490, training accuracy 0.950820
epoch 2500, training accuracy 0.950820
epoch 2510, training accuracy 0.950820
epoch 2520, training accuracy 0.951332
epoch 2530, training accuracy 0.951332
epoch 2540, training accuracy 0.951332
epoch 2550, training accuracy 0.951844
epoch 2560, training accuracy 0.951844
epoch 2570, training accuracy 0.951844
epoch 2580, training accuracy 0.951844
epoch 2590, training accuracy 0.951844
epoch 2600, training accuracy 0.951844
epoch 2610, training accuracy 0.951844
epoch 2620, training accuracy 0.951844
epoch 2630, training accuracy 0.951844
epoch 2640, training accuracy 0.951844
epoch 2650, training accuracy 0.952869
epoch 2660, training accuracy 0.952869
epoch 2670, training accuracy 0.952869
epoch 2680, training accuracy 0.952869
epoch 2690, training accuracy 0.953381
epoch 2700, training accuracy 0.953381
epoch 2710, training accuracy 0.953381
epoch 2720, training accuracy 0.953381
epoch 2730, training accuracy 0.953381
epoch 2740, training accuracy 0.953381
epoch 2750, training accuracy 0.953381
epoch 2760, training accuracy 0.953381
epoch 2770, training accuracy 0.954406
epoch 2780, training accuracy 0.954406
epoch 2790, training accuracy 0.954406
epoch 2800, training accuracy 0.954406
epoch 2810, training accuracy 0.954406
epoch 2820, training accuracy 0.954406
epoch 2830, training accuracy 0.954406
epoch 2840, training accuracy 0.954918
epoch 2850, training accuracy 0.954918
epoch 2860, training accuracy 0.954918
epoch 2870, training accuracy 0.954918
epoch 2880, training accuracy 0.954918
epoch 2890, training accuracy 0.954918
epoch 2900, training accuracy 0.954918
epoch 2910, training accuracy 0.954918
epoch 2920, training accuracy 0.954918
epoch 2930, training accuracy 0.954918
epoch 2940, training accuracy 0.954918
epoch 2950, training accuracy 0.954918
epoch 2960, training accuracy 0.954918
epoch 2970, training accuracy 0.955430
epoch 2980, training accuracy 0.955430
epoch 2990, training accuracy 0.955430
epoch 3000, training accuracy 0.955430
/tmp/band_banned_validate.py loaded, containing 462 entries, class distribution: [231 231]
correct: [192, 188]
incorrect: [3, 4]
accuracy: [0.9846153846153847, 0.9791666666666666]
unclassified: [36, 39]
total accuracy: [0.8311688311688312, 0.8138528138528138]
Mon Oct 23 04:19:13 CEST 2017 finished, res_training/eng/band_banned
