Mon Oct 23 02:21:55 CEST 2017 create_training_files
/tmp/too_two
49466 lines
12236 too
37421 two
/tmp/too_two_training
39573 lines
9766 too
29960 two
/tmp/too_two_validate
9893 lines
2470 too
7461 two
generate /tmp/too_two_training.py, /tmp/too_two_validate.py
:compileJava UP-TO-DATE
:processResources UP-TO-DATE
:classes UP-TO-DATE
:createNGramDatabase
Reading /tmp/too_two_training
Tokenizing
undersampling to 10145
/tmp/too_two_training.pycreated
Reading /tmp/too_two_validate
Tokenizing
undersampling to 2577
/tmp/too_two_validate.pycreated

BUILD SUCCESSFUL

Total time: 9.571 secs

This build could be faster, please consider using the Gradle Daemon: https://docs.gradle.org/2.10/userguide/gradle_daemon.html
Mon Oct 23 02:22:08 CEST 2017 create_classifier
{'num_inputs': 4, 'training_data_file': '/tmp/too_two_training.py', 'self': <__main__.NeuralNetwork object at 0x2b6a6790ca58>, 'dictionary_path': 'res_training/eng/embedding/dictionary.txt', 'embedding_path': 'res_training/eng/embedding/final_embeddings.txt', 'num_outputs': 2, 'batch_size': 1000, 'epochs': 3000, 'use_flex_hidden_layer': False}
embedding shape (42122, 64)
/tmp/too_two_training.py loaded, containing 20290 entries, class distribution: [10145 10145]
Steps: 60000, 20 steps in 3000 epochs
epoch 0, training accuracy 0.437950
epoch 10, training accuracy 0.688221
epoch 20, training accuracy 0.807294
epoch 30, training accuracy 0.860079
epoch 40, training accuracy 0.891572
epoch 50, training accuracy 0.911927
epoch 60, training accuracy 0.923903
epoch 70, training accuracy 0.932824
epoch 80, training accuracy 0.938689
epoch 90, training accuracy 0.943470
epoch 100, training accuracy 0.947314
epoch 110, training accuracy 0.950912
epoch 120, training accuracy 0.953721
epoch 130, training accuracy 0.955397
epoch 140, training accuracy 0.956974
epoch 150, training accuracy 0.958157
epoch 160, training accuracy 0.960030
epoch 170, training accuracy 0.961212
epoch 180, training accuracy 0.962494
epoch 190, training accuracy 0.962888
epoch 200, training accuracy 0.964022
epoch 210, training accuracy 0.964909
epoch 220, training accuracy 0.965402
epoch 230, training accuracy 0.965895
epoch 240, training accuracy 0.966387
epoch 250, training accuracy 0.966732
epoch 260, training accuracy 0.967324
epoch 270, training accuracy 0.967620
epoch 280, training accuracy 0.968310
epoch 290, training accuracy 0.968901
epoch 300, training accuracy 0.969098
epoch 310, training accuracy 0.969443
epoch 320, training accuracy 0.969887
epoch 330, training accuracy 0.970281
epoch 340, training accuracy 0.970774
epoch 350, training accuracy 0.971217
epoch 360, training accuracy 0.971168
epoch 370, training accuracy 0.971217
epoch 380, training accuracy 0.971612
epoch 390, training accuracy 0.971957
epoch 400, training accuracy 0.972055
epoch 410, training accuracy 0.972006
epoch 420, training accuracy 0.972104
epoch 430, training accuracy 0.972203
epoch 440, training accuracy 0.972351
epoch 450, training accuracy 0.972351
epoch 460, training accuracy 0.972252
epoch 470, training accuracy 0.972449
epoch 480, training accuracy 0.972647
epoch 490, training accuracy 0.972647
epoch 500, training accuracy 0.972942
epoch 510, training accuracy 0.973139
epoch 520, training accuracy 0.973287
epoch 530, training accuracy 0.973337
epoch 540, training accuracy 0.973337
epoch 550, training accuracy 0.973386
epoch 560, training accuracy 0.973534
epoch 570, training accuracy 0.973484
epoch 580, training accuracy 0.973534
epoch 590, training accuracy 0.973632
epoch 600, training accuracy 0.973682
epoch 610, training accuracy 0.973632
epoch 620, training accuracy 0.973682
epoch 630, training accuracy 0.973632
epoch 640, training accuracy 0.973780
epoch 650, training accuracy 0.973780
epoch 660, training accuracy 0.973977
epoch 670, training accuracy 0.974027
epoch 680, training accuracy 0.973829
epoch 690, training accuracy 0.973879
epoch 700, training accuracy 0.973928
epoch 710, training accuracy 0.974027
epoch 720, training accuracy 0.973977
epoch 730, training accuracy 0.973879
epoch 740, training accuracy 0.973928
epoch 750, training accuracy 0.973829
epoch 760, training accuracy 0.973879
epoch 770, training accuracy 0.973879
epoch 780, training accuracy 0.973928
epoch 790, training accuracy 0.974076
epoch 800, training accuracy 0.974076
epoch 810, training accuracy 0.974125
epoch 820, training accuracy 0.974027
epoch 830, training accuracy 0.974076
epoch 840, training accuracy 0.974076
epoch 850, training accuracy 0.974125
epoch 860, training accuracy 0.974125
epoch 870, training accuracy 0.974076
epoch 880, training accuracy 0.974125
epoch 890, training accuracy 0.974125
epoch 900, training accuracy 0.974174
epoch 910, training accuracy 0.974125
epoch 920, training accuracy 0.974125
epoch 930, training accuracy 0.974125
epoch 940, training accuracy 0.974273
epoch 950, training accuracy 0.974174
epoch 960, training accuracy 0.974224
epoch 970, training accuracy 0.974224
epoch 980, training accuracy 0.974224
epoch 990, training accuracy 0.974322
epoch 1000, training accuracy 0.974322
epoch 1010, training accuracy 0.974470
epoch 1020, training accuracy 0.974470
epoch 1030, training accuracy 0.974519
epoch 1040, training accuracy 0.974421
epoch 1050, training accuracy 0.974470
epoch 1060, training accuracy 0.974519
epoch 1070, training accuracy 0.974519
epoch 1080, training accuracy 0.974618
epoch 1090, training accuracy 0.974569
epoch 1100, training accuracy 0.974519
epoch 1110, training accuracy 0.974519
epoch 1120, training accuracy 0.974618
epoch 1130, training accuracy 0.974519
epoch 1140, training accuracy 0.974519
epoch 1150, training accuracy 0.974569
epoch 1160, training accuracy 0.974569
epoch 1170, training accuracy 0.974569
epoch 1180, training accuracy 0.974569
epoch 1190, training accuracy 0.974618
epoch 1200, training accuracy 0.974667
epoch 1210, training accuracy 0.974667
epoch 1220, training accuracy 0.974717
epoch 1230, training accuracy 0.974569
epoch 1240, training accuracy 0.974667
epoch 1250, training accuracy 0.974569
epoch 1260, training accuracy 0.974618
epoch 1270, training accuracy 0.974667
epoch 1280, training accuracy 0.974667
epoch 1290, training accuracy 0.974667
epoch 1300, training accuracy 0.974569
epoch 1310, training accuracy 0.974618
epoch 1320, training accuracy 0.974569
epoch 1330, training accuracy 0.974667
epoch 1340, training accuracy 0.974717
epoch 1350, training accuracy 0.974766
epoch 1360, training accuracy 0.974667
epoch 1370, training accuracy 0.974717
epoch 1380, training accuracy 0.974717
epoch 1390, training accuracy 0.974717
epoch 1400, training accuracy 0.974717
epoch 1410, training accuracy 0.974717
epoch 1420, training accuracy 0.974717
epoch 1430, training accuracy 0.974717
epoch 1440, training accuracy 0.974717
epoch 1450, training accuracy 0.974717
epoch 1460, training accuracy 0.974815
epoch 1470, training accuracy 0.974766
epoch 1480, training accuracy 0.974815
epoch 1490, training accuracy 0.974864
epoch 1500, training accuracy 0.974815
epoch 1510, training accuracy 0.974864
epoch 1520, training accuracy 0.974864
epoch 1530, training accuracy 0.974864
epoch 1540, training accuracy 0.974963
epoch 1550, training accuracy 0.974914
epoch 1560, training accuracy 0.974963
epoch 1570, training accuracy 0.975012
epoch 1580, training accuracy 0.974963
epoch 1590, training accuracy 0.975062
epoch 1600, training accuracy 0.975062
epoch 1610, training accuracy 0.975062
epoch 1620, training accuracy 0.975111
epoch 1630, training accuracy 0.975111
epoch 1640, training accuracy 0.975111
epoch 1650, training accuracy 0.975111
epoch 1660, training accuracy 0.975111
epoch 1670, training accuracy 0.975111
epoch 1680, training accuracy 0.975012
epoch 1690, training accuracy 0.975160
epoch 1700, training accuracy 0.975111
epoch 1710, training accuracy 0.975209
epoch 1720, training accuracy 0.975062
epoch 1730, training accuracy 0.975160
epoch 1740, training accuracy 0.975111
epoch 1750, training accuracy 0.975160
epoch 1760, training accuracy 0.975111
epoch 1770, training accuracy 0.975111
epoch 1780, training accuracy 0.975111
epoch 1790, training accuracy 0.975160
epoch 1800, training accuracy 0.975160
epoch 1810, training accuracy 0.975160
epoch 1820, training accuracy 0.975160
epoch 1830, training accuracy 0.975209
epoch 1840, training accuracy 0.975209
epoch 1850, training accuracy 0.975259
epoch 1860, training accuracy 0.975209
epoch 1870, training accuracy 0.975259
epoch 1880, training accuracy 0.975259
epoch 1890, training accuracy 0.975259
epoch 1900, training accuracy 0.975259
epoch 1910, training accuracy 0.975259
epoch 1920, training accuracy 0.975308
epoch 1930, training accuracy 0.975259
epoch 1940, training accuracy 0.975308
epoch 1950, training accuracy 0.975308
epoch 1960, training accuracy 0.975357
epoch 1970, training accuracy 0.975308
epoch 1980, training accuracy 0.975357
epoch 1990, training accuracy 0.975357
epoch 2000, training accuracy 0.975357
epoch 2010, training accuracy 0.975357
epoch 2020, training accuracy 0.975357
epoch 2030, training accuracy 0.975357
epoch 2040, training accuracy 0.975357
epoch 2050, training accuracy 0.975456
epoch 2060, training accuracy 0.975505
epoch 2070, training accuracy 0.975407
epoch 2080, training accuracy 0.975505
epoch 2090, training accuracy 0.975456
epoch 2100, training accuracy 0.975456
epoch 2110, training accuracy 0.975456
epoch 2120, training accuracy 0.975456
epoch 2130, training accuracy 0.975456
epoch 2140, training accuracy 0.975456
epoch 2150, training accuracy 0.975456
epoch 2160, training accuracy 0.975456
epoch 2170, training accuracy 0.975456
epoch 2180, training accuracy 0.975456
epoch 2190, training accuracy 0.975456
epoch 2200, training accuracy 0.975456
epoch 2210, training accuracy 0.975456
epoch 2220, training accuracy 0.975456
epoch 2230, training accuracy 0.975407
epoch 2240, training accuracy 0.975407
epoch 2250, training accuracy 0.975456
epoch 2260, training accuracy 0.975505
epoch 2270, training accuracy 0.975554
epoch 2280, training accuracy 0.975505
epoch 2290, training accuracy 0.975554
epoch 2300, training accuracy 0.975604
epoch 2310, training accuracy 0.975604
epoch 2320, training accuracy 0.975604
epoch 2330, training accuracy 0.975604
epoch 2340, training accuracy 0.975604
epoch 2350, training accuracy 0.975554
epoch 2360, training accuracy 0.975554
epoch 2370, training accuracy 0.975554
epoch 2380, training accuracy 0.975554
epoch 2390, training accuracy 0.975554
epoch 2400, training accuracy 0.975604
epoch 2410, training accuracy 0.975554
epoch 2420, training accuracy 0.975604
epoch 2430, training accuracy 0.975604
epoch 2440, training accuracy 0.975653
epoch 2450, training accuracy 0.975653
epoch 2460, training accuracy 0.975653
epoch 2470, training accuracy 0.975702
epoch 2480, training accuracy 0.975752
epoch 2490, training accuracy 0.975702
epoch 2500, training accuracy 0.975604
epoch 2510, training accuracy 0.975752
epoch 2520, training accuracy 0.975653
epoch 2530, training accuracy 0.975752
epoch 2540, training accuracy 0.975653
epoch 2550, training accuracy 0.975801
epoch 2560, training accuracy 0.975653
epoch 2570, training accuracy 0.975801
epoch 2580, training accuracy 0.975653
epoch 2590, training accuracy 0.975801
epoch 2600, training accuracy 0.975653
epoch 2610, training accuracy 0.975801
epoch 2620, training accuracy 0.975653
epoch 2630, training accuracy 0.975653
epoch 2640, training accuracy 0.975653
epoch 2650, training accuracy 0.975653
epoch 2660, training accuracy 0.975653
epoch 2670, training accuracy 0.975653
epoch 2680, training accuracy 0.975653
epoch 2690, training accuracy 0.975653
epoch 2700, training accuracy 0.975604
epoch 2710, training accuracy 0.975653
epoch 2720, training accuracy 0.975554
epoch 2730, training accuracy 0.975653
epoch 2740, training accuracy 0.975554
epoch 2750, training accuracy 0.975604
epoch 2760, training accuracy 0.975554
epoch 2770, training accuracy 0.975554
epoch 2780, training accuracy 0.975554
epoch 2790, training accuracy 0.975554
epoch 2800, training accuracy 0.975604
epoch 2810, training accuracy 0.975554
epoch 2820, training accuracy 0.975554
epoch 2830, training accuracy 0.975554
epoch 2840, training accuracy 0.975554
epoch 2850, training accuracy 0.975554
epoch 2860, training accuracy 0.975554
epoch 2870, training accuracy 0.975554
epoch 2880, training accuracy 0.975554
epoch 2890, training accuracy 0.975604
epoch 2900, training accuracy 0.975554
epoch 2910, training accuracy 0.975604
epoch 2920, training accuracy 0.975604
epoch 2930, training accuracy 0.975604
epoch 2940, training accuracy 0.975604
epoch 2950, training accuracy 0.975554
epoch 2960, training accuracy 0.975604
epoch 2970, training accuracy 0.975604
epoch 2980, training accuracy 0.975604
epoch 2990, training accuracy 0.975604
epoch 3000, training accuracy 0.975604
/tmp/too_two_validate.py loaded, containing 5154 entries, class distribution: [2577 2577]
correct: [2445, 2448]
incorrect: [39, 44]
accuracy: [0.9842995169082126, 0.9823434991974318]
unclassified: [93, 85]
total accuracy: [0.9487776484284052, 0.9499417927823051]
Mon Oct 23 02:26:02 CEST 2017 finished, res_training/eng/too_two
