Sat Oct 21 16:43:31 CEST 2017 create_training_files
/tmp/das_dass
356429 lines
213349 das
171935 dass
/tmp/das_dass_training
285144 lines
170687 das
137508 dass
/tmp/das_dass_validate
71285 lines
42662 das
34427 dass
generate /tmp/das_dass_training.py, /tmp/das_dass_validate.py
:compileJava UP-TO-DATE
:processResources UP-TO-DATE
:classes UP-TO-DATE
:createNGramDatabase
Reading /tmp/das_dass_training
Tokenizing
undersampling to 142078
/tmp/das_dass_training.pycreated
Reading /tmp/das_dass_validate
Tokenizing
undersampling to 35528
/tmp/das_dass_validate.pycreated

BUILD SUCCESSFUL

Total time: 46.44 secs

This build could be faster, please consider using the Gradle Daemon: https://docs.gradle.org/2.10/userguide/gradle_daemon.html
Sat Oct 21 16:44:38 CEST 2017 create_classifier
{'num_outputs': 2, 'use_flex_hidden_layer': False, 'num_inputs': 4, 'epochs': 3000, 'embedding_path': 'res_training/deu/embedding/final_embeddings.txt', 'dictionary_path': 'res_training/deu/embedding/dictionary.txt', 'self': <__main__.NeuralNetwork object at 0x2ae0d1d82a58>, 'batch_size': 1000, 'training_data_file': '/tmp/das_dass_training.py'}
embedding shape (52520, 64)
/tmp/das_dass_training.py loaded, containing 284156 entries, class distribution: [142078 142078]
Steps: 852000, 284 steps in 3000 epochs
epoch 0, training accuracy 0.774934
epoch 10, training accuracy 0.937313
epoch 20, training accuracy 0.948986
epoch 30, training accuracy 0.953867
epoch 40, training accuracy 0.955890
epoch 50, training accuracy 0.956675
epoch 60, training accuracy 0.957126
epoch 70, training accuracy 0.957319
epoch 80, training accuracy 0.957566
epoch 90, training accuracy 0.957646
epoch 100, training accuracy 0.957650
epoch 110, training accuracy 0.957738
epoch 120, training accuracy 0.957685
epoch 130, training accuracy 0.957720
epoch 140, training accuracy 0.957787
epoch 150, training accuracy 0.957837
epoch 160, training accuracy 0.957844
epoch 170, training accuracy 0.957844
epoch 180, training accuracy 0.957851
epoch 190, training accuracy 0.957854
epoch 200, training accuracy 0.957907
epoch 210, training accuracy 0.957889
epoch 220, training accuracy 0.957918
epoch 230, training accuracy 0.957925
epoch 240, training accuracy 0.957914
epoch 250, training accuracy 0.957900
epoch 260, training accuracy 0.957886
epoch 270, training accuracy 0.957963
epoch 280, training accuracy 0.957960
epoch 290, training accuracy 0.957967
epoch 300, training accuracy 0.957949
epoch 310, training accuracy 0.957956
epoch 320, training accuracy 0.957963
epoch 330, training accuracy 0.957949
epoch 340, training accuracy 0.957970
epoch 350, training accuracy 0.957970
epoch 360, training accuracy 0.957991
epoch 370, training accuracy 0.957967
epoch 380, training accuracy 0.957967
epoch 390, training accuracy 0.957914
epoch 400, training accuracy 0.957991
epoch 410, training accuracy 0.957970
epoch 420, training accuracy 0.957960
epoch 430, training accuracy 0.957956
epoch 440, training accuracy 0.957974
epoch 450, training accuracy 0.957977
epoch 460, training accuracy 0.957991
epoch 470, training accuracy 0.957998
epoch 480, training accuracy 0.958030
epoch 490, training accuracy 0.958009
epoch 500, training accuracy 0.958027
epoch 510, training accuracy 0.957991
epoch 520, training accuracy 0.958016
epoch 530, training accuracy 0.958005
epoch 540, training accuracy 0.958002
epoch 550, training accuracy 0.958005
epoch 560, training accuracy 0.958013
epoch 570, training accuracy 0.958037
epoch 580, training accuracy 0.958020
epoch 590, training accuracy 0.958027
epoch 600, training accuracy 0.958016
epoch 610, training accuracy 0.957991
epoch 620, training accuracy 0.958027
epoch 630, training accuracy 0.958055
epoch 640, training accuracy 0.958005
epoch 650, training accuracy 0.958058
epoch 660, training accuracy 0.958055
epoch 670, training accuracy 0.958041
epoch 680, training accuracy 0.958072
epoch 690, training accuracy 0.958030
epoch 700, training accuracy 0.958009
epoch 710, training accuracy 0.958016
epoch 720, training accuracy 0.958023
epoch 730, training accuracy 0.958009
epoch 740, training accuracy 0.958023
epoch 750, training accuracy 0.958034
epoch 760, training accuracy 0.957998
epoch 770, training accuracy 0.958044
epoch 780, training accuracy 0.958058
epoch 790, training accuracy 0.958065
epoch 800, training accuracy 0.958013
epoch 810, training accuracy 0.958044
epoch 820, training accuracy 0.958013
epoch 830, training accuracy 0.958048
epoch 840, training accuracy 0.958013
epoch 850, training accuracy 0.958062
epoch 860, training accuracy 0.958030
epoch 870, training accuracy 0.958051
epoch 880, training accuracy 0.958058
epoch 890, training accuracy 0.958055
epoch 900, training accuracy 0.958023
epoch 910, training accuracy 0.958051
epoch 920, training accuracy 0.958048
epoch 930, training accuracy 0.958072
epoch 940, training accuracy 0.958037
epoch 950, training accuracy 0.958051
epoch 960, training accuracy 0.958048
epoch 970, training accuracy 0.958030
epoch 980, training accuracy 0.958055
epoch 990, training accuracy 0.958083
epoch 1000, training accuracy 0.958065
epoch 1010, training accuracy 0.958058
epoch 1020, training accuracy 0.958027
epoch 1030, training accuracy 0.958016
epoch 1040, training accuracy 0.958034
epoch 1050, training accuracy 0.958037
epoch 1060, training accuracy 0.958058
epoch 1070, training accuracy 0.958055
epoch 1080, training accuracy 0.958058
epoch 1090, training accuracy 0.958083
epoch 1100, training accuracy 0.958034
epoch 1110, training accuracy 0.958041
epoch 1120, training accuracy 0.958051
epoch 1130, training accuracy 0.958076
epoch 1140, training accuracy 0.958030
epoch 1150, training accuracy 0.958065
epoch 1160, training accuracy 0.958058
epoch 1170, training accuracy 0.958079
epoch 1180, training accuracy 0.958044
epoch 1190, training accuracy 0.958048
epoch 1200, training accuracy 0.958065
epoch 1210, training accuracy 0.958062
epoch 1220, training accuracy 0.958048
epoch 1230, training accuracy 0.958044
epoch 1240, training accuracy 0.958044
epoch 1250, training accuracy 0.958048
epoch 1260, training accuracy 0.958051
epoch 1270, training accuracy 0.958076
epoch 1280, training accuracy 0.958072
epoch 1290, training accuracy 0.958051
epoch 1300, training accuracy 0.958058
epoch 1310, training accuracy 0.958034
epoch 1320, training accuracy 0.958051
epoch 1330, training accuracy 0.958027
epoch 1340, training accuracy 0.958055
epoch 1350, training accuracy 0.958069
epoch 1360, training accuracy 0.958069
epoch 1370, training accuracy 0.958041
epoch 1380, training accuracy 0.958058
epoch 1390, training accuracy 0.958013
epoch 1400, training accuracy 0.958016
epoch 1410, training accuracy 0.958086
epoch 1420, training accuracy 0.958058
epoch 1430, training accuracy 0.958079
epoch 1440, training accuracy 0.958086
epoch 1450, training accuracy 0.958044
epoch 1460, training accuracy 0.958079
epoch 1470, training accuracy 0.958041
epoch 1480, training accuracy 0.958062
epoch 1490, training accuracy 0.958058
epoch 1500, training accuracy 0.958072
epoch 1510, training accuracy 0.958062
epoch 1520, training accuracy 0.958051
epoch 1530, training accuracy 0.958076
epoch 1540, training accuracy 0.958076
epoch 1550, training accuracy 0.958055
epoch 1560, training accuracy 0.958083
epoch 1570, training accuracy 0.958072
epoch 1580, training accuracy 0.958027
epoch 1590, training accuracy 0.958062
epoch 1600, training accuracy 0.958037
epoch 1610, training accuracy 0.958037
epoch 1620, training accuracy 0.958069
epoch 1630, training accuracy 0.958055
epoch 1640, training accuracy 0.958069
epoch 1650, training accuracy 0.958072
epoch 1660, training accuracy 0.958037
epoch 1670, training accuracy 0.957998
epoch 1680, training accuracy 0.958005
epoch 1690, training accuracy 0.957998
epoch 1700, training accuracy 0.958062
epoch 1710, training accuracy 0.958111
epoch 1720, training accuracy 0.958083
epoch 1730, training accuracy 0.958051
epoch 1740, training accuracy 0.958065
epoch 1750, training accuracy 0.958041
epoch 1760, training accuracy 0.958041
epoch 1770, training accuracy 0.958065
epoch 1780, training accuracy 0.958069
epoch 1790, training accuracy 0.958086
epoch 1800, training accuracy 0.958090
epoch 1810, training accuracy 0.958048
epoch 1820, training accuracy 0.958051
epoch 1830, training accuracy 0.958062
epoch 1840, training accuracy 0.958097
epoch 1850, training accuracy 0.958037
epoch 1860, training accuracy 0.958083
epoch 1870, training accuracy 0.958058
epoch 1880, training accuracy 0.958065
epoch 1890, training accuracy 0.958037
epoch 1900, training accuracy 0.958055
epoch 1910, training accuracy 0.958055
epoch 1920, training accuracy 0.958076
epoch 1930, training accuracy 0.958072
epoch 1940, training accuracy 0.958062
epoch 1950, training accuracy 0.958034
epoch 1960, training accuracy 0.958005
epoch 1970, training accuracy 0.958020
epoch 1980, training accuracy 0.958062
epoch 1990, training accuracy 0.958083
epoch 2000, training accuracy 0.958115
epoch 2010, training accuracy 0.958076
epoch 2020, training accuracy 0.958055
epoch 2030, training accuracy 0.958048
epoch 2040, training accuracy 0.958020
epoch 2050, training accuracy 0.958051
epoch 2060, training accuracy 0.958079
epoch 2070, training accuracy 0.958083
epoch 2080, training accuracy 0.958072
epoch 2090, training accuracy 0.958069
epoch 2100, training accuracy 0.958079
epoch 2110, training accuracy 0.958104
epoch 2120, training accuracy 0.958083
epoch 2130, training accuracy 0.958104
epoch 2140, training accuracy 0.958083
epoch 2150, training accuracy 0.958093
epoch 2160, training accuracy 0.958083
epoch 2170, training accuracy 0.958041
epoch 2180, training accuracy 0.958037
epoch 2190, training accuracy 0.958090
epoch 2200, training accuracy 0.958083
epoch 2210, training accuracy 0.958069
epoch 2220, training accuracy 0.958076
epoch 2230, training accuracy 0.958020
epoch 2240, training accuracy 0.958005
epoch 2250, training accuracy 0.958005
epoch 2260, training accuracy 0.958023
epoch 2270, training accuracy 0.958086
epoch 2280, training accuracy 0.958100
epoch 2290, training accuracy 0.958079
epoch 2300, training accuracy 0.958041
epoch 2310, training accuracy 0.958079
epoch 2320, training accuracy 0.958016
epoch 2330, training accuracy 0.958058
epoch 2340, training accuracy 0.958058
epoch 2350, training accuracy 0.958069
epoch 2360, training accuracy 0.958069
epoch 2370, training accuracy 0.958072
epoch 2380, training accuracy 0.958062
epoch 2390, training accuracy 0.958044
epoch 2400, training accuracy 0.958076
epoch 2410, training accuracy 0.958104
epoch 2420, training accuracy 0.958062
epoch 2430, training accuracy 0.958083
epoch 2440, training accuracy 0.958083
epoch 2450, training accuracy 0.958083
epoch 2460, training accuracy 0.958041
epoch 2470, training accuracy 0.958086
epoch 2480, training accuracy 0.958055
epoch 2490, training accuracy 0.958083
epoch 2500, training accuracy 0.958065
epoch 2510, training accuracy 0.958072
epoch 2520, training accuracy 0.958034
epoch 2530, training accuracy 0.958016
epoch 2540, training accuracy 0.958030
epoch 2550, training accuracy 0.958062
epoch 2560, training accuracy 0.958093
epoch 2570, training accuracy 0.958118
epoch 2580, training accuracy 0.958076
epoch 2590, training accuracy 0.958072
epoch 2600, training accuracy 0.958051
epoch 2610, training accuracy 0.958041
epoch 2620, training accuracy 0.958044
epoch 2630, training accuracy 0.958097
epoch 2640, training accuracy 0.958090
epoch 2650, training accuracy 0.958069
epoch 2660, training accuracy 0.958055
epoch 2670, training accuracy 0.958086
epoch 2680, training accuracy 0.958097
epoch 2690, training accuracy 0.958104
epoch 2700, training accuracy 0.958100
epoch 2710, training accuracy 0.958083
epoch 2720, training accuracy 0.958090
epoch 2730, training accuracy 0.958086
epoch 2740, training accuracy 0.958083
epoch 2750, training accuracy 0.958048
epoch 2760, training accuracy 0.958065
epoch 2770, training accuracy 0.958086
epoch 2780, training accuracy 0.958093
epoch 2790, training accuracy 0.958083
epoch 2800, training accuracy 0.958016
epoch 2810, training accuracy 0.958023
epoch 2820, training accuracy 0.958016
epoch 2830, training accuracy 0.958030
epoch 2840, training accuracy 0.958090
epoch 2850, training accuracy 0.958132
epoch 2860, training accuracy 0.958079
epoch 2870, training accuracy 0.958083
epoch 2880, training accuracy 0.958072
epoch 2890, training accuracy 0.958048
epoch 2900, training accuracy 0.958044
epoch 2910, training accuracy 0.958055
epoch 2920, training accuracy 0.958083
epoch 2930, training accuracy 0.958090
epoch 2940, training accuracy 0.958090
epoch 2950, training accuracy 0.958048
epoch 2960, training accuracy 0.958055
epoch 2970, training accuracy 0.958086
epoch 2980, training accuracy 0.958100
epoch 2990, training accuracy 0.958055
epoch 3000, training accuracy 0.958093
/tmp/das_dass_validate.py loaded, containing 71056 entries, class distribution: [35528 35528]
correct: [32502, 32897]
incorrect: [1076, 482]
accuracy: [0.9679552087676455, 0.9855597830971569]
unclassified: [1950, 2149]
total accuracy: [0.9148277414996623, 0.9259457329430308]
Sat Oct 21 17:38:24 CEST 2017 finished, res_training/deu/das_dass
