Sun Oct 22 15:54:32 CEST 2017 create_training_files
/tmp/banco_banda
5844 lines
4374 banco
1472 banda
/tmp/banco_banda_training
4676 lines
3518 banco
1160 banda
/tmp/banco_banda_validate
1168 lines
856 banco
312 banda
generate /tmp/banco_banda_training.py, /tmp/banco_banda_validate.py
:compileJava UP-TO-DATE
:processResources UP-TO-DATE
:classes UP-TO-DATE
:createNGramDatabase
Reading /tmp/banco_banda_training
Tokenizing
undersampling to 1189
/tmp/banco_banda_training.pycreated
Reading /tmp/banco_banda_validate
Tokenizing
undersampling to 319
/tmp/banco_banda_validate.pycreated

BUILD SUCCESSFUL

Total time: 5.213 secs

This build could be faster, please consider using the Gradle Daemon: https://docs.gradle.org/2.10/userguide/gradle_daemon.html
Sun Oct 22 15:54:42 CEST 2017 create_classifier
{'dictionary_path': 'res_training/por/embedding/dictionary.txt', 'num_outputs': 2, 'use_flex_hidden_layer': False, 'self': <__main__.NeuralNetwork object at 0x2af930678a58>, 'embedding_path': 'res_training/por/embedding/final_embeddings.txt', 'num_inputs': 4, 'training_data_file': '/tmp/banco_banda_training.py', 'epochs': 3000, 'batch_size': 1000}
embedding shape (44676, 64)
/tmp/banco_banda_training.py loaded, containing 2378 entries, class distribution: [1189 1189]
Steps: 6000, 2 steps in 3000 epochs
epoch 0, training accuracy 0.599664
epoch 10, training accuracy 0.629100
epoch 20, training accuracy 0.657696
epoch 30, training accuracy 0.683347
epoch 40, training accuracy 0.709420
epoch 50, training accuracy 0.729605
epoch 60, training accuracy 0.752733
epoch 70, training accuracy 0.773759
epoch 80, training accuracy 0.791001
epoch 90, training accuracy 0.807822
epoch 100, training accuracy 0.821699
epoch 110, training accuracy 0.832212
epoch 120, training accuracy 0.844828
epoch 130, training accuracy 0.853238
epoch 140, training accuracy 0.864172
epoch 150, training accuracy 0.870900
epoch 160, training accuracy 0.878469
epoch 170, training accuracy 0.882254
epoch 180, training accuracy 0.888982
epoch 190, training accuracy 0.894449
epoch 200, training accuracy 0.899075
epoch 210, training accuracy 0.908326
epoch 220, training accuracy 0.910429
epoch 230, training accuracy 0.917578
epoch 240, training accuracy 0.922204
epoch 250, training accuracy 0.927670
epoch 260, training accuracy 0.930193
epoch 270, training accuracy 0.931876
epoch 280, training accuracy 0.934819
epoch 290, training accuracy 0.939445
epoch 300, training accuracy 0.941127
epoch 310, training accuracy 0.942389
epoch 320, training accuracy 0.944071
epoch 330, training accuracy 0.949117
epoch 340, training accuracy 0.950378
epoch 350, training accuracy 0.953322
epoch 360, training accuracy 0.956266
epoch 370, training accuracy 0.957107
epoch 380, training accuracy 0.959209
epoch 390, training accuracy 0.960891
epoch 400, training accuracy 0.961312
epoch 410, training accuracy 0.962153
epoch 420, training accuracy 0.962994
epoch 430, training accuracy 0.964676
epoch 440, training accuracy 0.965097
epoch 450, training accuracy 0.965938
epoch 460, training accuracy 0.966779
epoch 470, training accuracy 0.967620
epoch 480, training accuracy 0.968461
epoch 490, training accuracy 0.969302
epoch 500, training accuracy 0.969302
epoch 510, training accuracy 0.970563
epoch 520, training accuracy 0.971405
epoch 530, training accuracy 0.972666
epoch 540, training accuracy 0.973928
epoch 550, training accuracy 0.974348
epoch 560, training accuracy 0.975189
epoch 570, training accuracy 0.976871
epoch 580, training accuracy 0.977292
epoch 590, training accuracy 0.978553
epoch 600, training accuracy 0.978974
epoch 610, training accuracy 0.978974
epoch 620, training accuracy 0.978974
epoch 630, training accuracy 0.979394
epoch 640, training accuracy 0.979815
epoch 650, training accuracy 0.981077
epoch 660, training accuracy 0.981497
epoch 670, training accuracy 0.981497
epoch 680, training accuracy 0.981918
epoch 690, training accuracy 0.981918
epoch 700, training accuracy 0.981918
epoch 710, training accuracy 0.982338
epoch 720, training accuracy 0.982338
epoch 730, training accuracy 0.982759
epoch 740, training accuracy 0.982759
epoch 750, training accuracy 0.982759
epoch 760, training accuracy 0.983179
epoch 770, training accuracy 0.983179
epoch 780, training accuracy 0.984861
epoch 790, training accuracy 0.984861
epoch 800, training accuracy 0.985282
epoch 810, training accuracy 0.985702
epoch 820, training accuracy 0.986123
epoch 830, training accuracy 0.986123
epoch 840, training accuracy 0.986123
epoch 850, training accuracy 0.986123
epoch 860, training accuracy 0.986123
epoch 870, training accuracy 0.986964
epoch 880, training accuracy 0.987384
epoch 890, training accuracy 0.987384
epoch 900, training accuracy 0.987805
epoch 910, training accuracy 0.987805
epoch 920, training accuracy 0.987805
epoch 930, training accuracy 0.988225
epoch 940, training accuracy 0.988225
epoch 950, training accuracy 0.988225
epoch 960, training accuracy 0.988646
epoch 970, training accuracy 0.988646
epoch 980, training accuracy 0.988225
epoch 990, training accuracy 0.988225
epoch 1000, training accuracy 0.988225
epoch 1010, training accuracy 0.988225
epoch 1020, training accuracy 0.988225
epoch 1030, training accuracy 0.988646
epoch 1040, training accuracy 0.988646
epoch 1050, training accuracy 0.989066
epoch 1060, training accuracy 0.989066
epoch 1070, training accuracy 0.989066
epoch 1080, training accuracy 0.989066
epoch 1090, training accuracy 0.989066
epoch 1100, training accuracy 0.989066
epoch 1110, training accuracy 0.989066
epoch 1120, training accuracy 0.989066
epoch 1130, training accuracy 0.989066
epoch 1140, training accuracy 0.989487
epoch 1150, training accuracy 0.989487
epoch 1160, training accuracy 0.989487
epoch 1170, training accuracy 0.989487
epoch 1180, training accuracy 0.989487
epoch 1190, training accuracy 0.989487
epoch 1200, training accuracy 0.989487
epoch 1210, training accuracy 0.989487
epoch 1220, training accuracy 0.989908
epoch 1230, training accuracy 0.990328
epoch 1240, training accuracy 0.990328
epoch 1250, training accuracy 0.990328
epoch 1260, training accuracy 0.990328
epoch 1270, training accuracy 0.990328
epoch 1280, training accuracy 0.990328
epoch 1290, training accuracy 0.990328
epoch 1300, training accuracy 0.990328
epoch 1310, training accuracy 0.990749
epoch 1320, training accuracy 0.990749
epoch 1330, training accuracy 0.990749
epoch 1340, training accuracy 0.991169
epoch 1350, training accuracy 0.991169
epoch 1360, training accuracy 0.991169
epoch 1370, training accuracy 0.991169
epoch 1380, training accuracy 0.991169
epoch 1390, training accuracy 0.991169
epoch 1400, training accuracy 0.991169
epoch 1410, training accuracy 0.991169
epoch 1420, training accuracy 0.991169
epoch 1430, training accuracy 0.991169
epoch 1440, training accuracy 0.991169
epoch 1450, training accuracy 0.991169
epoch 1460, training accuracy 0.991169
epoch 1470, training accuracy 0.991169
epoch 1480, training accuracy 0.991590
epoch 1490, training accuracy 0.991590
epoch 1500, training accuracy 0.991590
epoch 1510, training accuracy 0.991590
epoch 1520, training accuracy 0.991590
epoch 1530, training accuracy 0.991590
epoch 1540, training accuracy 0.991590
epoch 1550, training accuracy 0.991590
epoch 1560, training accuracy 0.991590
epoch 1570, training accuracy 0.991590
epoch 1580, training accuracy 0.991590
epoch 1590, training accuracy 0.991590
epoch 1600, training accuracy 0.992010
epoch 1610, training accuracy 0.992010
epoch 1620, training accuracy 0.992010
epoch 1630, training accuracy 0.992010
epoch 1640, training accuracy 0.992010
epoch 1650, training accuracy 0.992010
epoch 1660, training accuracy 0.992010
epoch 1670, training accuracy 0.992010
epoch 1680, training accuracy 0.992010
epoch 1690, training accuracy 0.992431
epoch 1700, training accuracy 0.992431
epoch 1710, training accuracy 0.992431
epoch 1720, training accuracy 0.992431
epoch 1730, training accuracy 0.992431
epoch 1740, training accuracy 0.992431
epoch 1750, training accuracy 0.992431
epoch 1760, training accuracy 0.992431
epoch 1770, training accuracy 0.992431
epoch 1780, training accuracy 0.992431
epoch 1790, training accuracy 0.992431
epoch 1800, training accuracy 0.992431
epoch 1810, training accuracy 0.992431
epoch 1820, training accuracy 0.992431
epoch 1830, training accuracy 0.992431
epoch 1840, training accuracy 0.992431
epoch 1850, training accuracy 0.992431
epoch 1860, training accuracy 0.992431
epoch 1870, training accuracy 0.992431
epoch 1880, training accuracy 0.992431
epoch 1890, training accuracy 0.992431
epoch 1900, training accuracy 0.992431
epoch 1910, training accuracy 0.992431
epoch 1920, training accuracy 0.992431
epoch 1930, training accuracy 0.992431
epoch 1940, training accuracy 0.992431
epoch 1950, training accuracy 0.992431
epoch 1960, training accuracy 0.992431
epoch 1970, training accuracy 0.992431
epoch 1980, training accuracy 0.992431
epoch 1990, training accuracy 0.992431
epoch 2000, training accuracy 0.992851
epoch 2010, training accuracy 0.992851
epoch 2020, training accuracy 0.992851
epoch 2030, training accuracy 0.992851
epoch 2040, training accuracy 0.992851
epoch 2050, training accuracy 0.992851
epoch 2060, training accuracy 0.992851
epoch 2070, training accuracy 0.992851
epoch 2080, training accuracy 0.992851
epoch 2090, training accuracy 0.992851
epoch 2100, training accuracy 0.992851
epoch 2110, training accuracy 0.992851
epoch 2120, training accuracy 0.992851
epoch 2130, training accuracy 0.992851
epoch 2140, training accuracy 0.992851
epoch 2150, training accuracy 0.992851
epoch 2160, training accuracy 0.992851
epoch 2170, training accuracy 0.992851
epoch 2180, training accuracy 0.992851
epoch 2190, training accuracy 0.992851
epoch 2200, training accuracy 0.992851
epoch 2210, training accuracy 0.992851
epoch 2220, training accuracy 0.992851
epoch 2230, training accuracy 0.992851
epoch 2240, training accuracy 0.992851
epoch 2250, training accuracy 0.992851
epoch 2260, training accuracy 0.992851
epoch 2270, training accuracy 0.992851
epoch 2280, training accuracy 0.992851
epoch 2290, training accuracy 0.992851
epoch 2300, training accuracy 0.992851
epoch 2310, training accuracy 0.992851
epoch 2320, training accuracy 0.992851
epoch 2330, training accuracy 0.993272
epoch 2340, training accuracy 0.993272
epoch 2350, training accuracy 0.993272
epoch 2360, training accuracy 0.993272
epoch 2370, training accuracy 0.993272
epoch 2380, training accuracy 0.993272
epoch 2390, training accuracy 0.993692
epoch 2400, training accuracy 0.993692
epoch 2410, training accuracy 0.993692
epoch 2420, training accuracy 0.993692
epoch 2430, training accuracy 0.993692
epoch 2440, training accuracy 0.993692
epoch 2450, training accuracy 0.993692
epoch 2460, training accuracy 0.993692
epoch 2470, training accuracy 0.993692
epoch 2480, training accuracy 0.993692
epoch 2490, training accuracy 0.993692
epoch 2500, training accuracy 0.993692
epoch 2510, training accuracy 0.993692
epoch 2520, training accuracy 0.993692
epoch 2530, training accuracy 0.993692
epoch 2540, training accuracy 0.993692
epoch 2550, training accuracy 0.993692
epoch 2560, training accuracy 0.994113
epoch 2570, training accuracy 0.994113
epoch 2580, training accuracy 0.994113
epoch 2590, training accuracy 0.994113
epoch 2600, training accuracy 0.994113
epoch 2610, training accuracy 0.994113
epoch 2620, training accuracy 0.994113
epoch 2630, training accuracy 0.994113
epoch 2640, training accuracy 0.994113
epoch 2650, training accuracy 0.994113
epoch 2660, training accuracy 0.994113
epoch 2670, training accuracy 0.994113
epoch 2680, training accuracy 0.994113
epoch 2690, training accuracy 0.994113
epoch 2700, training accuracy 0.994113
epoch 2710, training accuracy 0.994113
epoch 2720, training accuracy 0.994113
epoch 2730, training accuracy 0.994113
epoch 2740, training accuracy 0.994113
epoch 2750, training accuracy 0.994113
epoch 2760, training accuracy 0.994533
epoch 2770, training accuracy 0.994533
epoch 2780, training accuracy 0.994954
epoch 2790, training accuracy 0.994954
epoch 2800, training accuracy 0.994954
epoch 2810, training accuracy 0.994954
epoch 2820, training accuracy 0.994954
epoch 2830, training accuracy 0.994954
epoch 2840, training accuracy 0.994954
epoch 2850, training accuracy 0.994954
epoch 2860, training accuracy 0.994954
epoch 2870, training accuracy 0.994954
epoch 2880, training accuracy 0.994954
epoch 2890, training accuracy 0.995374
epoch 2900, training accuracy 0.995374
epoch 2910, training accuracy 0.995795
epoch 2920, training accuracy 0.995795
epoch 2930, training accuracy 0.995795
epoch 2940, training accuracy 0.995795
epoch 2950, training accuracy 0.995795
epoch 2960, training accuracy 0.996215
epoch 2970, training accuracy 0.996215
epoch 2980, training accuracy 0.996215
epoch 2990, training accuracy 0.996215
epoch 3000, training accuracy 0.996215
/tmp/banco_banda_validate.py loaded, containing 638 entries, class distribution: [319 319]
correct: [310, 317]
incorrect: [2, 0]
accuracy: [0.9935897435897436, 1.0]
unclassified: [7, 2]
total accuracy: [0.9717868338557993, 0.9937304075235109]
Sun Oct 22 15:55:13 CEST 2017 finished, res_training/por/banco_banda
Sun Oct 22 15:55:13 CEST 2017 create_training_files
/tmp/banco_banda
5844 lines
4374 banco
1472 banda
/tmp/banco_banda_training
4676 lines
3510 banco
1167 banda
/tmp/banco_banda_validate
1168 lines
864 banco
305 banda
generate /tmp/banco_banda_training.py, /tmp/banco_banda_validate.py
:compileJava UP-TO-DATE
:processResources UP-TO-DATE
:classes UP-TO-DATE
:createNGramDatabase
Reading /tmp/banco_banda_training
Tokenizing
undersampling to 1195
/tmp/banco_banda_training.pycreated
Reading /tmp/banco_banda_validate
Tokenizing
undersampling to 313
/tmp/banco_banda_validate.pycreated

BUILD SUCCESSFUL

Total time: 5.776 secs

This build could be faster, please consider using the Gradle Daemon: https://docs.gradle.org/2.10/userguide/gradle_daemon.html
Sun Oct 22 15:55:24 CEST 2017 create_classifier
{'epochs': 3000, 'embedding_path': 'res_training/por/embedding/final_embeddings.txt', 'self': <__main__.NeuralNetwork object at 0x2b13c574ca58>, 'num_outputs': 2, 'training_data_file': '/tmp/banco_banda_training.py', 'dictionary_path': 'res_training/por/embedding/dictionary.txt', 'batch_size': 1000, 'num_inputs': 4, 'use_flex_hidden_layer': False}
embedding shape (44676, 64)
/tmp/banco_banda_training.py loaded, containing 2390 entries, class distribution: [1195 1195]
Steps: 6000, 2 steps in 3000 epochs
epoch 0, training accuracy 0.483264
epoch 10, training accuracy 0.505858
epoch 20, training accuracy 0.522176
epoch 30, training accuracy 0.545188
epoch 40, training accuracy 0.567364
epoch 50, training accuracy 0.594142
epoch 60, training accuracy 0.620502
epoch 70, training accuracy 0.638494
epoch 80, training accuracy 0.658996
epoch 90, training accuracy 0.683264
epoch 100, training accuracy 0.703766
epoch 110, training accuracy 0.728870
epoch 120, training accuracy 0.746025
epoch 130, training accuracy 0.763180
epoch 140, training accuracy 0.782008
epoch 150, training accuracy 0.798326
epoch 160, training accuracy 0.808368
epoch 170, training accuracy 0.819665
epoch 180, training accuracy 0.831799
epoch 190, training accuracy 0.843096
epoch 200, training accuracy 0.849791
epoch 210, training accuracy 0.860251
epoch 220, training accuracy 0.869038
epoch 230, training accuracy 0.877824
epoch 240, training accuracy 0.885774
epoch 250, training accuracy 0.894142
epoch 260, training accuracy 0.899163
epoch 270, training accuracy 0.904184
epoch 280, training accuracy 0.909623
epoch 290, training accuracy 0.915900
epoch 300, training accuracy 0.920084
epoch 310, training accuracy 0.922594
epoch 320, training accuracy 0.926360
epoch 330, training accuracy 0.931381
epoch 340, training accuracy 0.933473
epoch 350, training accuracy 0.936820
epoch 360, training accuracy 0.940167
epoch 370, training accuracy 0.941841
epoch 380, training accuracy 0.945607
epoch 390, training accuracy 0.947280
epoch 400, training accuracy 0.947280
epoch 410, training accuracy 0.948954
epoch 420, training accuracy 0.951464
epoch 430, training accuracy 0.952301
epoch 440, training accuracy 0.953975
epoch 450, training accuracy 0.955649
epoch 460, training accuracy 0.956904
epoch 470, training accuracy 0.956904
epoch 480, training accuracy 0.958577
epoch 490, training accuracy 0.959414
epoch 500, training accuracy 0.959833
epoch 510, training accuracy 0.961506
epoch 520, training accuracy 0.962762
epoch 530, training accuracy 0.966109
epoch 540, training accuracy 0.966109
epoch 550, training accuracy 0.967364
epoch 560, training accuracy 0.967782
epoch 570, training accuracy 0.968201
epoch 580, training accuracy 0.968201
epoch 590, training accuracy 0.969456
epoch 600, training accuracy 0.970293
epoch 610, training accuracy 0.971548
epoch 620, training accuracy 0.971967
epoch 630, training accuracy 0.972385
epoch 640, training accuracy 0.972803
epoch 650, training accuracy 0.974477
epoch 660, training accuracy 0.974895
epoch 670, training accuracy 0.974895
epoch 680, training accuracy 0.975314
epoch 690, training accuracy 0.976151
epoch 700, training accuracy 0.976987
epoch 710, training accuracy 0.978243
epoch 720, training accuracy 0.978661
epoch 730, training accuracy 0.979498
epoch 740, training accuracy 0.979916
epoch 750, training accuracy 0.981172
epoch 760, training accuracy 0.981172
epoch 770, training accuracy 0.980753
epoch 780, training accuracy 0.981590
epoch 790, training accuracy 0.982008
epoch 800, training accuracy 0.982008
epoch 810, training accuracy 0.982008
epoch 820, training accuracy 0.982008
epoch 830, training accuracy 0.982427
epoch 840, training accuracy 0.982845
epoch 850, training accuracy 0.983264
epoch 860, training accuracy 0.983264
epoch 870, training accuracy 0.983264
epoch 880, training accuracy 0.983264
epoch 890, training accuracy 0.983264
epoch 900, training accuracy 0.983682
epoch 910, training accuracy 0.984100
epoch 920, training accuracy 0.984519
epoch 930, training accuracy 0.984519
epoch 940, training accuracy 0.984519
epoch 950, training accuracy 0.984937
epoch 960, training accuracy 0.984937
epoch 970, training accuracy 0.984937
epoch 980, training accuracy 0.984937
epoch 990, training accuracy 0.984519
epoch 1000, training accuracy 0.984519
epoch 1010, training accuracy 0.984519
epoch 1020, training accuracy 0.984519
epoch 1030, training accuracy 0.985356
epoch 1040, training accuracy 0.985356
epoch 1050, training accuracy 0.985356
epoch 1060, training accuracy 0.985356
epoch 1070, training accuracy 0.985774
epoch 1080, training accuracy 0.985774
epoch 1090, training accuracy 0.985774
epoch 1100, training accuracy 0.986192
epoch 1110, training accuracy 0.986192
epoch 1120, training accuracy 0.986192
epoch 1130, training accuracy 0.986192
epoch 1140, training accuracy 0.986192
epoch 1150, training accuracy 0.986611
epoch 1160, training accuracy 0.986611
epoch 1170, training accuracy 0.986611
epoch 1180, training accuracy 0.986611
epoch 1190, training accuracy 0.986611
epoch 1200, training accuracy 0.986611
epoch 1210, training accuracy 0.986611
epoch 1220, training accuracy 0.987029
epoch 1230, training accuracy 0.987448
epoch 1240, training accuracy 0.987448
epoch 1250, training accuracy 0.987448
epoch 1260, training accuracy 0.988285
epoch 1270, training accuracy 0.988703
epoch 1280, training accuracy 0.989121
epoch 1290, training accuracy 0.989121
epoch 1300, training accuracy 0.988703
epoch 1310, training accuracy 0.989121
epoch 1320, training accuracy 0.989121
epoch 1330, training accuracy 0.989121
epoch 1340, training accuracy 0.989121
epoch 1350, training accuracy 0.989121
epoch 1360, training accuracy 0.989540
epoch 1370, training accuracy 0.989540
epoch 1380, training accuracy 0.989540
epoch 1390, training accuracy 0.989540
epoch 1400, training accuracy 0.989540
epoch 1410, training accuracy 0.989540
epoch 1420, training accuracy 0.989540
epoch 1430, training accuracy 0.989540
epoch 1440, training accuracy 0.989540
epoch 1450, training accuracy 0.989958
epoch 1460, training accuracy 0.989958
epoch 1470, training accuracy 0.989958
epoch 1480, training accuracy 0.989958
epoch 1490, training accuracy 0.989958
epoch 1500, training accuracy 0.989958
epoch 1510, training accuracy 0.989958
epoch 1520, training accuracy 0.989958
epoch 1530, training accuracy 0.989958
epoch 1540, training accuracy 0.989958
epoch 1550, training accuracy 0.989958
epoch 1560, training accuracy 0.989958
epoch 1570, training accuracy 0.989958
epoch 1580, training accuracy 0.989958
epoch 1590, training accuracy 0.989958
epoch 1600, training accuracy 0.989958
epoch 1610, training accuracy 0.989958
epoch 1620, training accuracy 0.989958
epoch 1630, training accuracy 0.989958
epoch 1640, training accuracy 0.989958
epoch 1650, training accuracy 0.989958
epoch 1660, training accuracy 0.989958
epoch 1670, training accuracy 0.989958
epoch 1680, training accuracy 0.989958
epoch 1690, training accuracy 0.989958
epoch 1700, training accuracy 0.990795
epoch 1710, training accuracy 0.990795
epoch 1720, training accuracy 0.990795
epoch 1730, training accuracy 0.990795
epoch 1740, training accuracy 0.990795
epoch 1750, training accuracy 0.990795
epoch 1760, training accuracy 0.990795
epoch 1770, training accuracy 0.990795
epoch 1780, training accuracy 0.990795
epoch 1790, training accuracy 0.990795
epoch 1800, training accuracy 0.990795
epoch 1810, training accuracy 0.990795
epoch 1820, training accuracy 0.990377
epoch 1830, training accuracy 0.990377
epoch 1840, training accuracy 0.990377
epoch 1850, training accuracy 0.990795
epoch 1860, training accuracy 0.990795
epoch 1870, training accuracy 0.991213
epoch 1880, training accuracy 0.991213
epoch 1890, training accuracy 0.991213
epoch 1900, training accuracy 0.991213
epoch 1910, training accuracy 0.991213
epoch 1920, training accuracy 0.991632
epoch 1930, training accuracy 0.991632
epoch 1940, training accuracy 0.991632
epoch 1950, training accuracy 0.991632
epoch 1960, training accuracy 0.991632
epoch 1970, training accuracy 0.991632
epoch 1980, training accuracy 0.991632
epoch 1990, training accuracy 0.991632
epoch 2000, training accuracy 0.991632
epoch 2010, training accuracy 0.991632
epoch 2020, training accuracy 0.991632
epoch 2030, training accuracy 0.991632
epoch 2040, training accuracy 0.991632
epoch 2050, training accuracy 0.991632
epoch 2060, training accuracy 0.991632
epoch 2070, training accuracy 0.992050
epoch 2080, training accuracy 0.992050
epoch 2090, training accuracy 0.992050
epoch 2100, training accuracy 0.992050
epoch 2110, training accuracy 0.992050
epoch 2120, training accuracy 0.992050
epoch 2130, training accuracy 0.992050
epoch 2140, training accuracy 0.992050
epoch 2150, training accuracy 0.992050
epoch 2160, training accuracy 0.992050
epoch 2170, training accuracy 0.992050
epoch 2180, training accuracy 0.992050
epoch 2190, training accuracy 0.992050
epoch 2200, training accuracy 0.992050
epoch 2210, training accuracy 0.992050
epoch 2220, training accuracy 0.992050
epoch 2230, training accuracy 0.992050
epoch 2240, training accuracy 0.992050
epoch 2250, training accuracy 0.992469
epoch 2260, training accuracy 0.992469
epoch 2270, training accuracy 0.992469
epoch 2280, training accuracy 0.992469
epoch 2290, training accuracy 0.992469
epoch 2300, training accuracy 0.992469
epoch 2310, training accuracy 0.992469
epoch 2320, training accuracy 0.992469
epoch 2330, training accuracy 0.992469
epoch 2340, training accuracy 0.992469
epoch 2350, training accuracy 0.992469
epoch 2360, training accuracy 0.992469
epoch 2370, training accuracy 0.992469
epoch 2380, training accuracy 0.992469
epoch 2390, training accuracy 0.992469
epoch 2400, training accuracy 0.992469
epoch 2410, training accuracy 0.992469
epoch 2420, training accuracy 0.992469
epoch 2430, training accuracy 0.992469
epoch 2440, training accuracy 0.992050
epoch 2450, training accuracy 0.992050
epoch 2460, training accuracy 0.992050
epoch 2470, training accuracy 0.992050
epoch 2480, training accuracy 0.992050
epoch 2490, training accuracy 0.992050
epoch 2500, training accuracy 0.992050
epoch 2510, training accuracy 0.992469
epoch 2520, training accuracy 0.992469
epoch 2530, training accuracy 0.992469
epoch 2540, training accuracy 0.992469
epoch 2550, training accuracy 0.992469
epoch 2560, training accuracy 0.992469
epoch 2570, training accuracy 0.992469
epoch 2580, training accuracy 0.992469
epoch 2590, training accuracy 0.992469
epoch 2600, training accuracy 0.992469
epoch 2610, training accuracy 0.992469
epoch 2620, training accuracy 0.992469
epoch 2630, training accuracy 0.992469
epoch 2640, training accuracy 0.992469
epoch 2650, training accuracy 0.992469
epoch 2660, training accuracy 0.992469
epoch 2670, training accuracy 0.992469
epoch 2680, training accuracy 0.992469
epoch 2690, training accuracy 0.992469
epoch 2700, training accuracy 0.992469
epoch 2710, training accuracy 0.992469
epoch 2720, training accuracy 0.992469
epoch 2730, training accuracy 0.992469
epoch 2740, training accuracy 0.992469
epoch 2750, training accuracy 0.992469
epoch 2760, training accuracy 0.992469
epoch 2770, training accuracy 0.992469
epoch 2780, training accuracy 0.992469
epoch 2790, training accuracy 0.992469
epoch 2800, training accuracy 0.992469
epoch 2810, training accuracy 0.992469
epoch 2820, training accuracy 0.992469
epoch 2830, training accuracy 0.992469
epoch 2840, training accuracy 0.992469
epoch 2850, training accuracy 0.992469
epoch 2860, training accuracy 0.992469
epoch 2870, training accuracy 0.992469
epoch 2880, training accuracy 0.992469
epoch 2890, training accuracy 0.992469
epoch 2900, training accuracy 0.992469
epoch 2910, training accuracy 0.992469
epoch 2920, training accuracy 0.992469
epoch 2930, training accuracy 0.992469
epoch 2940, training accuracy 0.992469
epoch 2950, training accuracy 0.992469
epoch 2960, training accuracy 0.992469
epoch 2970, training accuracy 0.992469
epoch 2980, training accuracy 0.992469
epoch 2990, training accuracy 0.992469
epoch 3000, training accuracy 0.992469
/tmp/banco_banda_validate.py loaded, containing 626 entries, class distribution: [313 313]
correct: [300, 305]
incorrect: [1, 1]
accuracy: [0.9966777408637874, 0.9967320261437909]
unclassified: [12, 7]
total accuracy: [0.9584664536741214, 0.9744408945686901]
Sun Oct 22 15:55:55 CEST 2017 finished, res_training/por/banco_banda
