Mon Oct 23 06:25:20 CEST 2017 create_training_files
/tmp/raise_rise
5850 lines
2705 raise
3159 rise
/tmp/raise_rise_training
4680 lines
2179 raise
2510 rise
/tmp/raise_rise_validate
1170 lines
526 raise
649 rise
generate /tmp/raise_rise_training.py, /tmp/raise_rise_validate.py
:compileJava UP-TO-DATE
:processResources UP-TO-DATE
:classes UP-TO-DATE
:createNGramDatabase
Reading /tmp/raise_rise_training
Tokenizing
undersampling to 2186
/tmp/raise_rise_training.pycreated
Reading /tmp/raise_rise_validate
Tokenizing
undersampling to 527
/tmp/raise_rise_validate.pycreated

BUILD SUCCESSFUL

Total time: 5.198 secs

This build could be faster, please consider using the Gradle Daemon: https://docs.gradle.org/2.10/userguide/gradle_daemon.html
Mon Oct 23 06:25:31 CEST 2017 create_classifier
{'dictionary_path': 'res_training/eng/embedding/dictionary.txt', 'num_inputs': 4, 'use_flex_hidden_layer': False, 'epochs': 3000, 'batch_size': 1000, 'embedding_path': 'res_training/eng/embedding/final_embeddings.txt', 'num_outputs': 2, 'self': <__main__.NeuralNetwork object at 0x2b3dcf251a58>, 'training_data_file': '/tmp/raise_rise_training.py'}
embedding shape (42122, 64)
/tmp/raise_rise_training.py loaded, containing 4372 entries, class distribution: [2186 2186]
Steps: 12000, 4 steps in 3000 epochs
epoch 0, training accuracy 0.444876
epoch 10, training accuracy 0.494053
epoch 20, training accuracy 0.554209
epoch 30, training accuracy 0.622598
epoch 40, training accuracy 0.677036
epoch 50, training accuracy 0.718664
epoch 60, training accuracy 0.749771
epoch 70, training accuracy 0.776532
epoch 80, training accuracy 0.797118
epoch 90, training accuracy 0.813358
epoch 100, training accuracy 0.827539
epoch 110, training accuracy 0.837145
epoch 120, training accuracy 0.844465
epoch 130, training accuracy 0.850640
epoch 140, training accuracy 0.856359
epoch 150, training accuracy 0.860476
epoch 160, training accuracy 0.867109
epoch 170, training accuracy 0.871226
epoch 180, training accuracy 0.874657
epoch 190, training accuracy 0.876944
epoch 200, training accuracy 0.879460
epoch 210, training accuracy 0.883577
epoch 220, training accuracy 0.886779
epoch 230, training accuracy 0.890439
epoch 240, training accuracy 0.893413
epoch 250, training accuracy 0.895700
epoch 260, training accuracy 0.898216
epoch 270, training accuracy 0.901418
epoch 280, training accuracy 0.903705
epoch 290, training accuracy 0.905993
epoch 300, training accuracy 0.907365
epoch 310, training accuracy 0.910339
epoch 320, training accuracy 0.911253
epoch 330, training accuracy 0.912397
epoch 340, training accuracy 0.913083
epoch 350, training accuracy 0.914913
epoch 360, training accuracy 0.916972
epoch 370, training accuracy 0.918115
epoch 380, training accuracy 0.918344
epoch 390, training accuracy 0.919030
epoch 400, training accuracy 0.919716
epoch 410, training accuracy 0.921089
epoch 420, training accuracy 0.922461
epoch 430, training accuracy 0.922919
epoch 440, training accuracy 0.923605
epoch 450, training accuracy 0.924977
epoch 460, training accuracy 0.925435
epoch 470, training accuracy 0.924977
epoch 480, training accuracy 0.925435
epoch 490, training accuracy 0.925892
epoch 500, training accuracy 0.926121
epoch 510, training accuracy 0.926807
epoch 520, training accuracy 0.926578
epoch 530, training accuracy 0.926807
epoch 540, training accuracy 0.927264
epoch 550, training accuracy 0.927264
epoch 560, training accuracy 0.928179
epoch 570, training accuracy 0.928408
epoch 580, training accuracy 0.928865
epoch 590, training accuracy 0.929323
epoch 600, training accuracy 0.930009
epoch 610, training accuracy 0.930924
epoch 620, training accuracy 0.931610
epoch 630, training accuracy 0.932068
epoch 640, training accuracy 0.932068
epoch 650, training accuracy 0.932983
epoch 660, training accuracy 0.933211
epoch 670, training accuracy 0.934355
epoch 680, training accuracy 0.934584
epoch 690, training accuracy 0.934812
epoch 700, training accuracy 0.935270
epoch 710, training accuracy 0.935499
epoch 720, training accuracy 0.935041
epoch 730, training accuracy 0.935956
epoch 740, training accuracy 0.936185
epoch 750, training accuracy 0.936414
epoch 760, training accuracy 0.936185
epoch 770, training accuracy 0.937100
epoch 780, training accuracy 0.937328
epoch 790, training accuracy 0.937328
epoch 800, training accuracy 0.937100
epoch 810, training accuracy 0.937328
epoch 820, training accuracy 0.937557
epoch 830, training accuracy 0.937786
epoch 840, training accuracy 0.939158
epoch 850, training accuracy 0.940073
epoch 860, training accuracy 0.940073
epoch 870, training accuracy 0.940302
epoch 880, training accuracy 0.940302
epoch 890, training accuracy 0.940302
epoch 900, training accuracy 0.940302
epoch 910, training accuracy 0.940759
epoch 920, training accuracy 0.940988
epoch 930, training accuracy 0.941217
epoch 940, training accuracy 0.941446
epoch 950, training accuracy 0.941903
epoch 960, training accuracy 0.942360
epoch 970, training accuracy 0.943275
epoch 980, training accuracy 0.943275
epoch 990, training accuracy 0.943504
epoch 1000, training accuracy 0.943733
epoch 1010, training accuracy 0.944648
epoch 1020, training accuracy 0.945105
epoch 1030, training accuracy 0.945563
epoch 1040, training accuracy 0.945334
epoch 1050, training accuracy 0.945563
epoch 1060, training accuracy 0.946020
epoch 1070, training accuracy 0.946020
epoch 1080, training accuracy 0.946249
epoch 1090, training accuracy 0.946478
epoch 1100, training accuracy 0.946478
epoch 1110, training accuracy 0.946020
epoch 1120, training accuracy 0.946249
epoch 1130, training accuracy 0.946249
epoch 1140, training accuracy 0.946478
epoch 1150, training accuracy 0.946478
epoch 1160, training accuracy 0.946935
epoch 1170, training accuracy 0.946935
epoch 1180, training accuracy 0.947621
epoch 1190, training accuracy 0.947621
epoch 1200, training accuracy 0.947850
epoch 1210, training accuracy 0.947850
epoch 1220, training accuracy 0.948307
epoch 1230, training accuracy 0.948536
epoch 1240, training accuracy 0.948765
epoch 1250, training accuracy 0.948765
epoch 1260, training accuracy 0.948994
epoch 1270, training accuracy 0.948765
epoch 1280, training accuracy 0.948536
epoch 1290, training accuracy 0.948307
epoch 1300, training accuracy 0.948307
epoch 1310, training accuracy 0.948536
epoch 1320, training accuracy 0.948765
epoch 1330, training accuracy 0.948765
epoch 1340, training accuracy 0.948536
epoch 1350, training accuracy 0.949222
epoch 1360, training accuracy 0.949451
epoch 1370, training accuracy 0.949451
epoch 1380, training accuracy 0.949451
epoch 1390, training accuracy 0.949680
epoch 1400, training accuracy 0.949908
epoch 1410, training accuracy 0.949908
epoch 1420, training accuracy 0.949680
epoch 1430, training accuracy 0.949680
epoch 1440, training accuracy 0.949680
epoch 1450, training accuracy 0.949680
epoch 1460, training accuracy 0.949680
epoch 1470, training accuracy 0.949680
epoch 1480, training accuracy 0.949908
epoch 1490, training accuracy 0.949908
epoch 1500, training accuracy 0.950137
epoch 1510, training accuracy 0.950137
epoch 1520, training accuracy 0.950137
epoch 1530, training accuracy 0.950137
epoch 1540, training accuracy 0.950366
epoch 1550, training accuracy 0.950823
epoch 1560, training accuracy 0.951052
epoch 1570, training accuracy 0.951052
epoch 1580, training accuracy 0.951281
epoch 1590, training accuracy 0.951281
epoch 1600, training accuracy 0.951281
epoch 1610, training accuracy 0.951281
epoch 1620, training accuracy 0.951281
epoch 1630, training accuracy 0.951281
epoch 1640, training accuracy 0.951281
epoch 1650, training accuracy 0.951510
epoch 1660, training accuracy 0.951510
epoch 1670, training accuracy 0.951510
epoch 1680, training accuracy 0.951510
epoch 1690, training accuracy 0.951738
epoch 1700, training accuracy 0.951967
epoch 1710, training accuracy 0.951967
epoch 1720, training accuracy 0.951967
epoch 1730, training accuracy 0.951967
epoch 1740, training accuracy 0.951967
epoch 1750, training accuracy 0.951967
epoch 1760, training accuracy 0.951967
epoch 1770, training accuracy 0.951967
epoch 1780, training accuracy 0.952196
epoch 1790, training accuracy 0.952196
epoch 1800, training accuracy 0.952425
epoch 1810, training accuracy 0.952425
epoch 1820, training accuracy 0.952425
epoch 1830, training accuracy 0.952425
epoch 1840, training accuracy 0.952425
epoch 1850, training accuracy 0.953111
epoch 1860, training accuracy 0.953339
epoch 1870, training accuracy 0.953568
epoch 1880, training accuracy 0.953111
epoch 1890, training accuracy 0.952882
epoch 1900, training accuracy 0.952882
epoch 1910, training accuracy 0.953111
epoch 1920, training accuracy 0.953797
epoch 1930, training accuracy 0.954026
epoch 1940, training accuracy 0.954026
epoch 1950, training accuracy 0.954254
epoch 1960, training accuracy 0.954254
epoch 1970, training accuracy 0.954483
epoch 1980, training accuracy 0.954712
epoch 1990, training accuracy 0.954941
epoch 2000, training accuracy 0.955169
epoch 2010, training accuracy 0.955169
epoch 2020, training accuracy 0.955398
epoch 2030, training accuracy 0.955627
epoch 2040, training accuracy 0.955627
epoch 2050, training accuracy 0.955627
epoch 2060, training accuracy 0.955627
epoch 2070, training accuracy 0.955855
epoch 2080, training accuracy 0.955855
epoch 2090, training accuracy 0.956084
epoch 2100, training accuracy 0.956084
epoch 2110, training accuracy 0.956313
epoch 2120, training accuracy 0.956313
epoch 2130, training accuracy 0.956542
epoch 2140, training accuracy 0.956999
epoch 2150, training accuracy 0.956542
epoch 2160, training accuracy 0.956542
epoch 2170, training accuracy 0.956999
epoch 2180, training accuracy 0.957457
epoch 2190, training accuracy 0.957457
epoch 2200, training accuracy 0.957685
epoch 2210, training accuracy 0.957914
epoch 2220, training accuracy 0.957914
epoch 2230, training accuracy 0.957914
epoch 2240, training accuracy 0.957914
epoch 2250, training accuracy 0.958371
epoch 2260, training accuracy 0.958371
epoch 2270, training accuracy 0.958371
epoch 2280, training accuracy 0.958600
epoch 2290, training accuracy 0.958829
epoch 2300, training accuracy 0.958829
epoch 2310, training accuracy 0.958829
epoch 2320, training accuracy 0.958829
epoch 2330, training accuracy 0.958829
epoch 2340, training accuracy 0.958829
epoch 2350, training accuracy 0.958829
epoch 2360, training accuracy 0.958600
epoch 2370, training accuracy 0.958600
epoch 2380, training accuracy 0.958600
epoch 2390, training accuracy 0.958600
epoch 2400, training accuracy 0.958600
epoch 2410, training accuracy 0.958829
epoch 2420, training accuracy 0.958829
epoch 2430, training accuracy 0.958829
epoch 2440, training accuracy 0.958600
epoch 2450, training accuracy 0.958600
epoch 2460, training accuracy 0.958600
epoch 2470, training accuracy 0.958829
epoch 2480, training accuracy 0.958829
epoch 2490, training accuracy 0.958829
epoch 2500, training accuracy 0.958829
epoch 2510, training accuracy 0.958829
epoch 2520, training accuracy 0.958600
epoch 2530, training accuracy 0.958600
epoch 2540, training accuracy 0.958371
epoch 2550, training accuracy 0.958371
epoch 2560, training accuracy 0.958371
epoch 2570, training accuracy 0.958371
epoch 2580, training accuracy 0.958371
epoch 2590, training accuracy 0.958371
epoch 2600, training accuracy 0.958371
epoch 2610, training accuracy 0.958371
epoch 2620, training accuracy 0.958371
epoch 2630, training accuracy 0.958371
epoch 2640, training accuracy 0.958371
epoch 2650, training accuracy 0.958371
epoch 2660, training accuracy 0.958600
epoch 2670, training accuracy 0.958600
epoch 2680, training accuracy 0.958600
epoch 2690, training accuracy 0.958829
epoch 2700, training accuracy 0.958829
epoch 2710, training accuracy 0.958829
epoch 2720, training accuracy 0.958829
epoch 2730, training accuracy 0.959058
epoch 2740, training accuracy 0.959058
epoch 2750, training accuracy 0.959286
epoch 2760, training accuracy 0.959286
epoch 2770, training accuracy 0.959286
epoch 2780, training accuracy 0.959286
epoch 2790, training accuracy 0.959286
epoch 2800, training accuracy 0.959286
epoch 2810, training accuracy 0.959286
epoch 2820, training accuracy 0.959286
epoch 2830, training accuracy 0.959286
epoch 2840, training accuracy 0.959286
epoch 2850, training accuracy 0.959286
epoch 2860, training accuracy 0.959286
epoch 2870, training accuracy 0.959058
epoch 2880, training accuracy 0.959058
epoch 2890, training accuracy 0.959058
epoch 2900, training accuracy 0.959058
epoch 2910, training accuracy 0.959058
epoch 2920, training accuracy 0.958829
epoch 2930, training accuracy 0.959286
epoch 2940, training accuracy 0.959286
epoch 2950, training accuracy 0.959286
epoch 2960, training accuracy 0.959286
epoch 2970, training accuracy 0.959515
epoch 2980, training accuracy 0.959515
epoch 2990, training accuracy 0.959515
epoch 3000, training accuracy 0.959515
/tmp/raise_rise_validate.py loaded, containing 1054 entries, class distribution: [527 527]
correct: [465, 470]
incorrect: [26, 11]
accuracy: [0.9470468431771895, 0.9771309771309772]
unclassified: [36, 46]
total accuracy: [0.8823529411764706, 0.8918406072106262]
Mon Oct 23 06:26:21 CEST 2017 finished, res_training/eng/raise_rise
