Sun Oct 22 19:33:13 CEST 2017 create_training_files
/tmp/custa_festa
3828 lines
1296 custa
2533 festa
/tmp/custa_festa_training
3063 lines
1021 custa
2043 festa
/tmp/custa_festa_validate
765 lines
275 custa
490 festa
generate /tmp/custa_festa_training.py, /tmp/custa_festa_validate.py
:compileJava UP-TO-DATE
:processResources UP-TO-DATE
:classes UP-TO-DATE
:createNGramDatabase
Reading /tmp/custa_festa_training
Tokenizing
undersampling to 1045
/tmp/custa_festa_training.pycreated
Reading /tmp/custa_festa_validate
Tokenizing
undersampling to 280
/tmp/custa_festa_validate.pycreated

BUILD SUCCESSFUL

Total time: 5.426 secs

This build could be faster, please consider using the Gradle Daemon: https://docs.gradle.org/2.10/userguide/gradle_daemon.html
Sun Oct 22 19:33:23 CEST 2017 create_classifier
{'num_outputs': 2, 'dictionary_path': 'res_training/por/embedding/dictionary.txt', 'num_inputs': 4, 'training_data_file': '/tmp/custa_festa_training.py', 'self': <__main__.NeuralNetwork object at 0x2affb83d7a58>, 'use_flex_hidden_layer': False, 'embedding_path': 'res_training/por/embedding/final_embeddings.txt', 'batch_size': 1000, 'epochs': 3000}
embedding shape (44676, 64)
/tmp/custa_festa_training.py loaded, containing 2090 entries, class distribution: [1045 1045]
Steps: 6000, 2 steps in 3000 epochs
epoch 0, training accuracy 0.518660
epoch 10, training accuracy 0.524880
epoch 20, training accuracy 0.540670
epoch 30, training accuracy 0.555981
epoch 40, training accuracy 0.576077
epoch 50, training accuracy 0.607656
epoch 60, training accuracy 0.636364
epoch 70, training accuracy 0.665072
epoch 80, training accuracy 0.686124
epoch 90, training accuracy 0.710048
epoch 100, training accuracy 0.729187
epoch 110, training accuracy 0.750718
epoch 120, training accuracy 0.763636
epoch 130, training accuracy 0.777990
epoch 140, training accuracy 0.796172
epoch 150, training accuracy 0.805742
epoch 160, training accuracy 0.816268
epoch 170, training accuracy 0.825359
epoch 180, training accuracy 0.832536
epoch 190, training accuracy 0.840670
epoch 200, training accuracy 0.846411
epoch 210, training accuracy 0.851675
epoch 220, training accuracy 0.855024
epoch 230, training accuracy 0.862201
epoch 240, training accuracy 0.867943
epoch 250, training accuracy 0.870813
epoch 260, training accuracy 0.877990
epoch 270, training accuracy 0.880861
epoch 280, training accuracy 0.882297
epoch 290, training accuracy 0.883732
epoch 300, training accuracy 0.886124
epoch 310, training accuracy 0.888995
epoch 320, training accuracy 0.890431
epoch 330, training accuracy 0.892823
epoch 340, training accuracy 0.894737
epoch 350, training accuracy 0.895694
epoch 360, training accuracy 0.896651
epoch 370, training accuracy 0.900478
epoch 380, training accuracy 0.903349
epoch 390, training accuracy 0.906220
epoch 400, training accuracy 0.906699
epoch 410, training accuracy 0.907655
epoch 420, training accuracy 0.909091
epoch 430, training accuracy 0.911005
epoch 440, training accuracy 0.912919
epoch 450, training accuracy 0.913397
epoch 460, training accuracy 0.914833
epoch 470, training accuracy 0.916746
epoch 480, training accuracy 0.917225
epoch 490, training accuracy 0.918660
epoch 500, training accuracy 0.920096
epoch 510, training accuracy 0.920574
epoch 520, training accuracy 0.921531
epoch 530, training accuracy 0.922488
epoch 540, training accuracy 0.922966
epoch 550, training accuracy 0.924402
epoch 560, training accuracy 0.925359
epoch 570, training accuracy 0.925837
epoch 580, training accuracy 0.926794
epoch 590, training accuracy 0.926794
epoch 600, training accuracy 0.927273
epoch 610, training accuracy 0.929665
epoch 620, training accuracy 0.930144
epoch 630, training accuracy 0.930622
epoch 640, training accuracy 0.930622
epoch 650, training accuracy 0.930622
epoch 660, training accuracy 0.930622
epoch 670, training accuracy 0.931579
epoch 680, training accuracy 0.932536
epoch 690, training accuracy 0.933014
epoch 700, training accuracy 0.933971
epoch 710, training accuracy 0.934450
epoch 720, training accuracy 0.935407
epoch 730, training accuracy 0.936842
epoch 740, training accuracy 0.936842
epoch 750, training accuracy 0.936842
epoch 760, training accuracy 0.937799
epoch 770, training accuracy 0.937799
epoch 780, training accuracy 0.938277
epoch 790, training accuracy 0.938277
epoch 800, training accuracy 0.938277
epoch 810, training accuracy 0.940191
epoch 820, training accuracy 0.940670
epoch 830, training accuracy 0.940670
epoch 840, training accuracy 0.940670
epoch 850, training accuracy 0.941148
epoch 860, training accuracy 0.941627
epoch 870, training accuracy 0.942105
epoch 880, training accuracy 0.943541
epoch 890, training accuracy 0.943541
epoch 900, training accuracy 0.944019
epoch 910, training accuracy 0.944019
epoch 920, training accuracy 0.944976
epoch 930, training accuracy 0.945455
epoch 940, training accuracy 0.945455
epoch 950, training accuracy 0.945455
epoch 960, training accuracy 0.945455
epoch 970, training accuracy 0.945455
epoch 980, training accuracy 0.945933
epoch 990, training accuracy 0.945933
epoch 1000, training accuracy 0.946411
epoch 1010, training accuracy 0.946411
epoch 1020, training accuracy 0.947847
epoch 1030, training accuracy 0.947847
epoch 1040, training accuracy 0.948325
epoch 1050, training accuracy 0.948325
epoch 1060, training accuracy 0.948804
epoch 1070, training accuracy 0.950239
epoch 1080, training accuracy 0.951196
epoch 1090, training accuracy 0.951196
epoch 1100, training accuracy 0.951675
epoch 1110, training accuracy 0.951675
epoch 1120, training accuracy 0.952153
epoch 1130, training accuracy 0.953110
epoch 1140, training accuracy 0.953110
epoch 1150, training accuracy 0.953110
epoch 1160, training accuracy 0.953110
epoch 1170, training accuracy 0.953589
epoch 1180, training accuracy 0.953589
epoch 1190, training accuracy 0.953589
epoch 1200, training accuracy 0.953589
epoch 1210, training accuracy 0.954067
epoch 1220, training accuracy 0.954067
epoch 1230, training accuracy 0.954067
epoch 1240, training accuracy 0.954545
epoch 1250, training accuracy 0.954545
epoch 1260, training accuracy 0.954545
epoch 1270, training accuracy 0.954545
epoch 1280, training accuracy 0.955024
epoch 1290, training accuracy 0.955024
epoch 1300, training accuracy 0.955024
epoch 1310, training accuracy 0.955981
epoch 1320, training accuracy 0.955981
epoch 1330, training accuracy 0.955981
epoch 1340, training accuracy 0.956459
epoch 1350, training accuracy 0.956938
epoch 1360, training accuracy 0.957416
epoch 1370, training accuracy 0.957895
epoch 1380, training accuracy 0.958373
epoch 1390, training accuracy 0.958852
epoch 1400, training accuracy 0.958852
epoch 1410, training accuracy 0.958852
epoch 1420, training accuracy 0.958852
epoch 1430, training accuracy 0.958852
epoch 1440, training accuracy 0.958373
epoch 1450, training accuracy 0.958373
epoch 1460, training accuracy 0.959330
epoch 1470, training accuracy 0.959330
epoch 1480, training accuracy 0.959330
epoch 1490, training accuracy 0.959330
epoch 1500, training accuracy 0.959330
epoch 1510, training accuracy 0.959330
epoch 1520, training accuracy 0.959809
epoch 1530, training accuracy 0.959809
epoch 1540, training accuracy 0.959809
epoch 1550, training accuracy 0.961244
epoch 1560, training accuracy 0.961244
epoch 1570, training accuracy 0.961244
epoch 1580, training accuracy 0.961244
epoch 1590, training accuracy 0.961244
epoch 1600, training accuracy 0.961244
epoch 1610, training accuracy 0.961244
epoch 1620, training accuracy 0.961722
epoch 1630, training accuracy 0.961722
epoch 1640, training accuracy 0.961722
epoch 1650, training accuracy 0.961722
epoch 1660, training accuracy 0.962201
epoch 1670, training accuracy 0.962201
epoch 1680, training accuracy 0.962201
epoch 1690, training accuracy 0.962201
epoch 1700, training accuracy 0.962201
epoch 1710, training accuracy 0.962201
epoch 1720, training accuracy 0.962679
epoch 1730, training accuracy 0.963158
epoch 1740, training accuracy 0.963158
epoch 1750, training accuracy 0.963158
epoch 1760, training accuracy 0.963158
epoch 1770, training accuracy 0.963158
epoch 1780, training accuracy 0.963158
epoch 1790, training accuracy 0.963158
epoch 1800, training accuracy 0.963636
epoch 1810, training accuracy 0.963636
epoch 1820, training accuracy 0.963636
epoch 1830, training accuracy 0.964115
epoch 1840, training accuracy 0.964115
epoch 1850, training accuracy 0.964115
epoch 1860, training accuracy 0.964593
epoch 1870, training accuracy 0.964593
epoch 1880, training accuracy 0.964593
epoch 1890, training accuracy 0.965072
epoch 1900, training accuracy 0.966029
epoch 1910, training accuracy 0.966986
epoch 1920, training accuracy 0.966986
epoch 1930, training accuracy 0.966986
epoch 1940, training accuracy 0.966986
epoch 1950, training accuracy 0.966986
epoch 1960, training accuracy 0.966986
epoch 1970, training accuracy 0.966986
epoch 1980, training accuracy 0.966986
epoch 1990, training accuracy 0.966986
epoch 2000, training accuracy 0.967464
epoch 2010, training accuracy 0.967464
epoch 2020, training accuracy 0.967464
epoch 2030, training accuracy 0.967464
epoch 2040, training accuracy 0.966986
epoch 2050, training accuracy 0.966986
epoch 2060, training accuracy 0.966986
epoch 2070, training accuracy 0.966986
epoch 2080, training accuracy 0.966507
epoch 2090, training accuracy 0.966507
epoch 2100, training accuracy 0.966507
epoch 2110, training accuracy 0.966986
epoch 2120, training accuracy 0.966986
epoch 2130, training accuracy 0.966507
epoch 2140, training accuracy 0.966507
epoch 2150, training accuracy 0.966507
epoch 2160, training accuracy 0.966507
epoch 2170, training accuracy 0.966986
epoch 2180, training accuracy 0.966986
epoch 2190, training accuracy 0.966986
epoch 2200, training accuracy 0.966986
epoch 2210, training accuracy 0.966986
epoch 2220, training accuracy 0.966986
epoch 2230, training accuracy 0.966986
epoch 2240, training accuracy 0.966986
epoch 2250, training accuracy 0.966986
epoch 2260, training accuracy 0.967464
epoch 2270, training accuracy 0.967464
epoch 2280, training accuracy 0.967943
epoch 2290, training accuracy 0.967943
epoch 2300, training accuracy 0.967943
epoch 2310, training accuracy 0.968421
epoch 2320, training accuracy 0.968900
epoch 2330, training accuracy 0.968900
epoch 2340, training accuracy 0.968900
epoch 2350, training accuracy 0.968900
epoch 2360, training accuracy 0.968900
epoch 2370, training accuracy 0.968900
epoch 2380, training accuracy 0.968900
epoch 2390, training accuracy 0.968900
epoch 2400, training accuracy 0.969378
epoch 2410, training accuracy 0.969378
epoch 2420, training accuracy 0.969378
epoch 2430, training accuracy 0.968900
epoch 2440, training accuracy 0.968900
epoch 2450, training accuracy 0.968900
epoch 2460, training accuracy 0.969378
epoch 2470, training accuracy 0.969378
epoch 2480, training accuracy 0.969378
epoch 2490, training accuracy 0.969378
epoch 2500, training accuracy 0.969378
epoch 2510, training accuracy 0.969378
epoch 2520, training accuracy 0.969856
epoch 2530, training accuracy 0.970335
epoch 2540, training accuracy 0.970335
epoch 2550, training accuracy 0.970335
epoch 2560, training accuracy 0.970335
epoch 2570, training accuracy 0.970335
epoch 2580, training accuracy 0.970335
epoch 2590, training accuracy 0.970335
epoch 2600, training accuracy 0.970335
epoch 2610, training accuracy 0.970335
epoch 2620, training accuracy 0.970335
epoch 2630, training accuracy 0.970335
epoch 2640, training accuracy 0.970335
epoch 2650, training accuracy 0.970335
epoch 2660, training accuracy 0.970335
epoch 2670, training accuracy 0.970335
epoch 2680, training accuracy 0.970335
epoch 2690, training accuracy 0.970335
epoch 2700, training accuracy 0.970335
epoch 2710, training accuracy 0.970335
epoch 2720, training accuracy 0.970335
epoch 2730, training accuracy 0.970335
epoch 2740, training accuracy 0.970335
epoch 2750, training accuracy 0.970335
epoch 2760, training accuracy 0.969856
epoch 2770, training accuracy 0.969856
epoch 2780, training accuracy 0.969856
epoch 2790, training accuracy 0.969856
epoch 2800, training accuracy 0.969856
epoch 2810, training accuracy 0.969856
epoch 2820, training accuracy 0.969856
epoch 2830, training accuracy 0.969856
epoch 2840, training accuracy 0.969856
epoch 2850, training accuracy 0.969856
epoch 2860, training accuracy 0.969856
epoch 2870, training accuracy 0.969856
epoch 2880, training accuracy 0.969856
epoch 2890, training accuracy 0.970335
epoch 2900, training accuracy 0.970335
epoch 2910, training accuracy 0.970335
epoch 2920, training accuracy 0.970335
epoch 2930, training accuracy 0.970335
epoch 2940, training accuracy 0.970335
epoch 2950, training accuracy 0.970335
epoch 2960, training accuracy 0.970335
epoch 2970, training accuracy 0.970335
epoch 2980, training accuracy 0.970335
epoch 2990, training accuracy 0.970335
epoch 3000, training accuracy 0.970335
/tmp/custa_festa_validate.py loaded, containing 560 entries, class distribution: [280 280]
correct: [251, 249]
incorrect: [3, 7]
accuracy: [0.9881889763779528, 0.97265625]
unclassified: [26, 24]
total accuracy: [0.8964285714285715, 0.8892857142857142]
Sun Oct 22 19:33:52 CEST 2017 finished, res_training/por/custa_festa
