Sun Oct 22 19:33:52 CEST 2017 create_training_files
/tmp/custa_junta
2195 lines
1296 custa
899 junta
/tmp/custa_junta_training
1756 lines
1038 custa
718 junta
/tmp/custa_junta_validate
439 lines
258 custa
181 junta
generate /tmp/custa_junta_training.py, /tmp/custa_junta_validate.py
:compileJava UP-TO-DATE
:processResources UP-TO-DATE
:classes UP-TO-DATE
:createNGramDatabase
Reading /tmp/custa_junta_training
Tokenizing
undersampling to 726
/tmp/custa_junta_training.pycreated
Reading /tmp/custa_junta_validate
Tokenizing
undersampling to 181
/tmp/custa_junta_validate.pycreated

BUILD SUCCESSFUL

Total time: 4.985 secs

This build could be faster, please consider using the Gradle Daemon: https://docs.gradle.org/2.10/userguide/gradle_daemon.html
Sun Oct 22 19:34:03 CEST 2017 create_classifier
{'embedding_path': 'res_training/por/embedding/final_embeddings.txt', 'num_inputs': 4, 'epochs': 3000, 'num_outputs': 2, 'dictionary_path': 'res_training/por/embedding/dictionary.txt', 'self': <__main__.NeuralNetwork object at 0x2aef7e2b5a58>, 'use_flex_hidden_layer': False, 'batch_size': 1000, 'training_data_file': '/tmp/custa_junta_training.py'}
embedding shape (44676, 64)
/tmp/custa_junta_training.py loaded, containing 1452 entries, class distribution: [726 726]
Steps: 3000, 1 steps in 3000 epochs
epoch 0, training accuracy 0.506198
epoch 10, training accuracy 0.510331
epoch 20, training accuracy 0.517906
epoch 30, training accuracy 0.531680
epoch 40, training accuracy 0.542700
epoch 50, training accuracy 0.557851
epoch 60, training accuracy 0.567493
epoch 70, training accuracy 0.590909
epoch 80, training accuracy 0.603306
epoch 90, training accuracy 0.609504
epoch 100, training accuracy 0.624656
epoch 110, training accuracy 0.635675
epoch 120, training accuracy 0.644628
epoch 130, training accuracy 0.654270
epoch 140, training accuracy 0.659780
epoch 150, training accuracy 0.668044
epoch 160, training accuracy 0.678375
epoch 170, training accuracy 0.690083
epoch 180, training accuracy 0.699036
epoch 190, training accuracy 0.706612
epoch 200, training accuracy 0.714187
epoch 210, training accuracy 0.723140
epoch 220, training accuracy 0.730028
epoch 230, training accuracy 0.738981
epoch 240, training accuracy 0.745179
epoch 250, training accuracy 0.749311
epoch 260, training accuracy 0.756887
epoch 270, training accuracy 0.763085
epoch 280, training accuracy 0.768595
epoch 290, training accuracy 0.769972
epoch 300, training accuracy 0.777548
epoch 310, training accuracy 0.783747
epoch 320, training accuracy 0.786501
epoch 330, training accuracy 0.787190
epoch 340, training accuracy 0.792011
epoch 350, training accuracy 0.796832
epoch 360, training accuracy 0.801653
epoch 370, training accuracy 0.802342
epoch 380, training accuracy 0.802342
epoch 390, training accuracy 0.802342
epoch 400, training accuracy 0.807163
epoch 410, training accuracy 0.809229
epoch 420, training accuracy 0.811983
epoch 430, training accuracy 0.816116
epoch 440, training accuracy 0.818871
epoch 450, training accuracy 0.823003
epoch 460, training accuracy 0.826446
epoch 470, training accuracy 0.831267
epoch 480, training accuracy 0.833333
epoch 490, training accuracy 0.834022
epoch 500, training accuracy 0.838843
epoch 510, training accuracy 0.840909
epoch 520, training accuracy 0.842975
epoch 530, training accuracy 0.844353
epoch 540, training accuracy 0.846419
epoch 550, training accuracy 0.847796
epoch 560, training accuracy 0.849174
epoch 570, training accuracy 0.850551
epoch 580, training accuracy 0.854683
epoch 590, training accuracy 0.854683
epoch 600, training accuracy 0.856749
epoch 610, training accuracy 0.856749
epoch 620, training accuracy 0.857438
epoch 630, training accuracy 0.858127
epoch 640, training accuracy 0.858815
epoch 650, training accuracy 0.860193
epoch 660, training accuracy 0.860882
epoch 670, training accuracy 0.860193
epoch 680, training accuracy 0.862948
epoch 690, training accuracy 0.864325
epoch 700, training accuracy 0.865702
epoch 710, training accuracy 0.867080
epoch 720, training accuracy 0.867080
epoch 730, training accuracy 0.869835
epoch 740, training accuracy 0.869835
epoch 750, training accuracy 0.870523
epoch 760, training accuracy 0.871212
epoch 770, training accuracy 0.871212
epoch 780, training accuracy 0.871212
epoch 790, training accuracy 0.871901
epoch 800, training accuracy 0.873967
epoch 810, training accuracy 0.874656
epoch 820, training accuracy 0.875344
epoch 830, training accuracy 0.877410
epoch 840, training accuracy 0.879477
epoch 850, training accuracy 0.880165
epoch 860, training accuracy 0.880854
epoch 870, training accuracy 0.881543
epoch 880, training accuracy 0.881543
epoch 890, training accuracy 0.882231
epoch 900, training accuracy 0.882231
epoch 910, training accuracy 0.883609
epoch 920, training accuracy 0.884298
epoch 930, training accuracy 0.884986
epoch 940, training accuracy 0.886364
epoch 950, training accuracy 0.887052
epoch 960, training accuracy 0.886364
epoch 970, training accuracy 0.887052
epoch 980, training accuracy 0.888430
epoch 990, training accuracy 0.887741
epoch 1000, training accuracy 0.887741
epoch 1010, training accuracy 0.887741
epoch 1020, training accuracy 0.887741
epoch 1030, training accuracy 0.888430
epoch 1040, training accuracy 0.889807
epoch 1050, training accuracy 0.889118
epoch 1060, training accuracy 0.890496
epoch 1070, training accuracy 0.891185
epoch 1080, training accuracy 0.891185
epoch 1090, training accuracy 0.891185
epoch 1100, training accuracy 0.891185
epoch 1110, training accuracy 0.892562
epoch 1120, training accuracy 0.893939
epoch 1130, training accuracy 0.894628
epoch 1140, training accuracy 0.896006
epoch 1150, training accuracy 0.896006
epoch 1160, training accuracy 0.896006
epoch 1170, training accuracy 0.896694
epoch 1180, training accuracy 0.897383
epoch 1190, training accuracy 0.898072
epoch 1200, training accuracy 0.898760
epoch 1210, training accuracy 0.898760
epoch 1220, training accuracy 0.899449
epoch 1230, training accuracy 0.900138
epoch 1240, training accuracy 0.900826
epoch 1250, training accuracy 0.901515
epoch 1260, training accuracy 0.901515
epoch 1270, training accuracy 0.902893
epoch 1280, training accuracy 0.904270
epoch 1290, training accuracy 0.904270
epoch 1300, training accuracy 0.904959
epoch 1310, training accuracy 0.904959
epoch 1320, training accuracy 0.904270
epoch 1330, training accuracy 0.904270
epoch 1340, training accuracy 0.904959
epoch 1350, training accuracy 0.904959
epoch 1360, training accuracy 0.905647
epoch 1370, training accuracy 0.905647
epoch 1380, training accuracy 0.905647
epoch 1390, training accuracy 0.905647
epoch 1400, training accuracy 0.906336
epoch 1410, training accuracy 0.906336
epoch 1420, training accuracy 0.908402
epoch 1430, training accuracy 0.909091
epoch 1440, training accuracy 0.909091
epoch 1450, training accuracy 0.909091
epoch 1460, training accuracy 0.909780
epoch 1470, training accuracy 0.911846
epoch 1480, training accuracy 0.913223
epoch 1490, training accuracy 0.913223
epoch 1500, training accuracy 0.913223
epoch 1510, training accuracy 0.913223
epoch 1520, training accuracy 0.913223
epoch 1530, training accuracy 0.913223
epoch 1540, training accuracy 0.913912
epoch 1550, training accuracy 0.913912
epoch 1560, training accuracy 0.915289
epoch 1570, training accuracy 0.915289
epoch 1580, training accuracy 0.915289
epoch 1590, training accuracy 0.915289
epoch 1600, training accuracy 0.915289
epoch 1610, training accuracy 0.915289
epoch 1620, training accuracy 0.915289
epoch 1630, training accuracy 0.915289
epoch 1640, training accuracy 0.915289
epoch 1650, training accuracy 0.915289
epoch 1660, training accuracy 0.915289
epoch 1670, training accuracy 0.915289
epoch 1680, training accuracy 0.915289
epoch 1690, training accuracy 0.915978
epoch 1700, training accuracy 0.916667
epoch 1710, training accuracy 0.917355
epoch 1720, training accuracy 0.917355
epoch 1730, training accuracy 0.917355
epoch 1740, training accuracy 0.917355
epoch 1750, training accuracy 0.917355
epoch 1760, training accuracy 0.917355
epoch 1770, training accuracy 0.918733
epoch 1780, training accuracy 0.918733
epoch 1790, training accuracy 0.918733
epoch 1800, training accuracy 0.920110
epoch 1810, training accuracy 0.918733
epoch 1820, training accuracy 0.918733
epoch 1830, training accuracy 0.918044
epoch 1840, training accuracy 0.918733
epoch 1850, training accuracy 0.919421
epoch 1860, training accuracy 0.919421
epoch 1870, training accuracy 0.920110
epoch 1880, training accuracy 0.920799
epoch 1890, training accuracy 0.920799
epoch 1900, training accuracy 0.922176
epoch 1910, training accuracy 0.922865
epoch 1920, training accuracy 0.922865
epoch 1930, training accuracy 0.922865
epoch 1940, training accuracy 0.923554
epoch 1950, training accuracy 0.925620
epoch 1960, training accuracy 0.925620
epoch 1970, training accuracy 0.925620
epoch 1980, training accuracy 0.925620
epoch 1990, training accuracy 0.926997
epoch 2000, training accuracy 0.926997
epoch 2010, training accuracy 0.928375
epoch 2020, training accuracy 0.929063
epoch 2030, training accuracy 0.929063
epoch 2040, training accuracy 0.929063
epoch 2050, training accuracy 0.929752
epoch 2060, training accuracy 0.930441
epoch 2070, training accuracy 0.930441
epoch 2080, training accuracy 0.930441
epoch 2090, training accuracy 0.930441
epoch 2100, training accuracy 0.931129
epoch 2110, training accuracy 0.931129
epoch 2120, training accuracy 0.931818
epoch 2130, training accuracy 0.931818
epoch 2140, training accuracy 0.931129
epoch 2150, training accuracy 0.931129
epoch 2160, training accuracy 0.931129
epoch 2170, training accuracy 0.931818
epoch 2180, training accuracy 0.931818
epoch 2190, training accuracy 0.932507
epoch 2200, training accuracy 0.932507
epoch 2210, training accuracy 0.932507
epoch 2220, training accuracy 0.932507
epoch 2230, training accuracy 0.932507
epoch 2240, training accuracy 0.933196
epoch 2250, training accuracy 0.933196
epoch 2260, training accuracy 0.932507
epoch 2270, training accuracy 0.931818
epoch 2280, training accuracy 0.931818
epoch 2290, training accuracy 0.932507
epoch 2300, training accuracy 0.931818
epoch 2310, training accuracy 0.931818
epoch 2320, training accuracy 0.931818
epoch 2330, training accuracy 0.931818
epoch 2340, training accuracy 0.931818
epoch 2350, training accuracy 0.931818
epoch 2360, training accuracy 0.931818
epoch 2370, training accuracy 0.931818
epoch 2380, training accuracy 0.931818
epoch 2390, training accuracy 0.932507
epoch 2400, training accuracy 0.932507
epoch 2410, training accuracy 0.932507
epoch 2420, training accuracy 0.932507
epoch 2430, training accuracy 0.932507
epoch 2440, training accuracy 0.932507
epoch 2450, training accuracy 0.933196
epoch 2460, training accuracy 0.933196
epoch 2470, training accuracy 0.933196
epoch 2480, training accuracy 0.931818
epoch 2490, training accuracy 0.932507
epoch 2500, training accuracy 0.932507
epoch 2510, training accuracy 0.933196
epoch 2520, training accuracy 0.933196
epoch 2530, training accuracy 0.933196
epoch 2540, training accuracy 0.933196
epoch 2550, training accuracy 0.933196
epoch 2560, training accuracy 0.933196
epoch 2570, training accuracy 0.933196
epoch 2580, training accuracy 0.933196
epoch 2590, training accuracy 0.933196
epoch 2600, training accuracy 0.933196
epoch 2610, training accuracy 0.933196
epoch 2620, training accuracy 0.933196
epoch 2630, training accuracy 0.933196
epoch 2640, training accuracy 0.933196
epoch 2650, training accuracy 0.933196
epoch 2660, training accuracy 0.932507
epoch 2670, training accuracy 0.932507
epoch 2680, training accuracy 0.932507
epoch 2690, training accuracy 0.932507
epoch 2700, training accuracy 0.933196
epoch 2710, training accuracy 0.933196
epoch 2720, training accuracy 0.933196
epoch 2730, training accuracy 0.933196
epoch 2740, training accuracy 0.933884
epoch 2750, training accuracy 0.933884
epoch 2760, training accuracy 0.933884
epoch 2770, training accuracy 0.933884
epoch 2780, training accuracy 0.933884
epoch 2790, training accuracy 0.933884
epoch 2800, training accuracy 0.933884
epoch 2810, training accuracy 0.933884
epoch 2820, training accuracy 0.934573
epoch 2830, training accuracy 0.934573
epoch 2840, training accuracy 0.934573
epoch 2850, training accuracy 0.934573
epoch 2860, training accuracy 0.934573
epoch 2870, training accuracy 0.934573
epoch 2880, training accuracy 0.935262
epoch 2890, training accuracy 0.935950
epoch 2900, training accuracy 0.935950
epoch 2910, training accuracy 0.936639
epoch 2920, training accuracy 0.936639
epoch 2930, training accuracy 0.936639
epoch 2940, training accuracy 0.936639
epoch 2950, training accuracy 0.936639
epoch 2960, training accuracy 0.937328
epoch 2970, training accuracy 0.937328
epoch 2980, training accuracy 0.938017
epoch 2990, training accuracy 0.938017
epoch 3000, training accuracy 0.938017
/tmp/custa_junta_validate.py loaded, containing 362 entries, class distribution: [181 181]
correct: [140, 144]
incorrect: [3, 7]
accuracy: [0.9790209790209791, 0.9536423841059603]
unclassified: [38, 30]
total accuracy: [0.7734806629834254, 0.7955801104972375]
Sun Oct 22 19:34:22 CEST 2017 finished, res_training/por/custa_junta
