Sun Oct 22 21:27:32 CEST 2017 create_training_files
/tmp/knew_new
35669 lines
3503 knew
32208 new
/tmp/knew_new_training
28536 lines
2807 knew
25761 new
/tmp/knew_new_validate
7133 lines
696 knew
6447 new
generate /tmp/knew_new_training.py, /tmp/knew_new_validate.py
:compileJava UP-TO-DATE
:processResources UP-TO-DATE
:classes UP-TO-DATE
:createNGramDatabase
Reading /tmp/knew_new_training
Tokenizing
undersampling to 2863
/tmp/knew_new_training.pycreated
Reading /tmp/knew_new_validate
Tokenizing
undersampling to 711
/tmp/knew_new_validate.pycreated

BUILD SUCCESSFUL

Total time: 8.181 secs

This build could be faster, please consider using the Gradle Daemon: https://docs.gradle.org/2.10/userguide/gradle_daemon.html
Sun Oct 22 21:27:44 CEST 2017 create_classifier
{'embedding_path': 'res_training/eng/embedding/final_embeddings.txt', 'batch_size': 1000, 'dictionary_path': 'res_training/eng/embedding/dictionary.txt', 'use_flex_hidden_layer': False, 'training_data_file': '/tmp/knew_new_training.py', 'num_outputs': 2, 'epochs': 3000, 'self': <__main__.NeuralNetwork object at 0x2adb6463da58>, 'num_inputs': 4}
embedding shape (42122, 64)
/tmp/knew_new_training.py loaded, containing 5726 entries, class distribution: [2863 2863]
Steps: 15000, 5 steps in 3000 epochs
epoch 0, training accuracy 0.700664
epoch 10, training accuracy 0.764059
epoch 20, training accuracy 0.811387
epoch 30, training accuracy 0.845267
epoch 40, training accuracy 0.874956
epoch 50, training accuracy 0.898533
epoch 60, training accuracy 0.913727
epoch 70, training accuracy 0.926301
epoch 80, training accuracy 0.934160
epoch 90, training accuracy 0.939923
epoch 100, training accuracy 0.945686
epoch 110, training accuracy 0.951624
epoch 120, training accuracy 0.954069
epoch 130, training accuracy 0.957038
epoch 140, training accuracy 0.959308
epoch 150, training accuracy 0.960531
epoch 160, training accuracy 0.962277
epoch 170, training accuracy 0.964024
epoch 180, training accuracy 0.965246
epoch 190, training accuracy 0.967167
epoch 200, training accuracy 0.967691
epoch 210, training accuracy 0.967866
epoch 220, training accuracy 0.968739
epoch 230, training accuracy 0.970660
epoch 240, training accuracy 0.970835
epoch 250, training accuracy 0.971883
epoch 260, training accuracy 0.973804
epoch 270, training accuracy 0.974677
epoch 280, training accuracy 0.974328
epoch 290, training accuracy 0.975201
epoch 300, training accuracy 0.976074
epoch 310, training accuracy 0.976773
epoch 320, training accuracy 0.977297
epoch 330, training accuracy 0.977471
epoch 340, training accuracy 0.977646
epoch 350, training accuracy 0.977820
epoch 360, training accuracy 0.977820
epoch 370, training accuracy 0.978170
epoch 380, training accuracy 0.978170
epoch 390, training accuracy 0.978344
epoch 400, training accuracy 0.978694
epoch 410, training accuracy 0.979567
epoch 420, training accuracy 0.979742
epoch 430, training accuracy 0.979916
epoch 440, training accuracy 0.980091
epoch 450, training accuracy 0.980615
epoch 460, training accuracy 0.980789
epoch 470, training accuracy 0.981313
epoch 480, training accuracy 0.981313
epoch 490, training accuracy 0.981837
epoch 500, training accuracy 0.982186
epoch 510, training accuracy 0.982186
epoch 520, training accuracy 0.982885
epoch 530, training accuracy 0.983234
epoch 540, training accuracy 0.983409
epoch 550, training accuracy 0.983584
epoch 560, training accuracy 0.983584
epoch 570, training accuracy 0.983933
epoch 580, training accuracy 0.984108
epoch 590, training accuracy 0.984457
epoch 600, training accuracy 0.985155
epoch 610, training accuracy 0.985330
epoch 620, training accuracy 0.985505
epoch 630, training accuracy 0.985505
epoch 640, training accuracy 0.985679
epoch 650, training accuracy 0.985854
epoch 660, training accuracy 0.986029
epoch 670, training accuracy 0.986203
epoch 680, training accuracy 0.986378
epoch 690, training accuracy 0.986378
epoch 700, training accuracy 0.986553
epoch 710, training accuracy 0.986902
epoch 720, training accuracy 0.987077
epoch 730, training accuracy 0.987251
epoch 740, training accuracy 0.987775
epoch 750, training accuracy 0.987775
epoch 760, training accuracy 0.987950
epoch 770, training accuracy 0.988124
epoch 780, training accuracy 0.988124
epoch 790, training accuracy 0.988299
epoch 800, training accuracy 0.988823
epoch 810, training accuracy 0.988998
epoch 820, training accuracy 0.988998
epoch 830, training accuracy 0.988998
epoch 840, training accuracy 0.988998
epoch 850, training accuracy 0.988998
epoch 860, training accuracy 0.989172
epoch 870, training accuracy 0.989172
epoch 880, training accuracy 0.989347
epoch 890, training accuracy 0.989347
epoch 900, training accuracy 0.989347
epoch 910, training accuracy 0.989522
epoch 920, training accuracy 0.989871
epoch 930, training accuracy 0.990220
epoch 940, training accuracy 0.990220
epoch 950, training accuracy 0.990220
epoch 960, training accuracy 0.990220
epoch 970, training accuracy 0.990220
epoch 980, training accuracy 0.990395
epoch 990, training accuracy 0.990395
epoch 1000, training accuracy 0.990395
epoch 1010, training accuracy 0.990395
epoch 1020, training accuracy 0.990395
epoch 1030, training accuracy 0.990569
epoch 1040, training accuracy 0.990569
epoch 1050, training accuracy 0.990569
epoch 1060, training accuracy 0.990569
epoch 1070, training accuracy 0.990569
epoch 1080, training accuracy 0.990919
epoch 1090, training accuracy 0.991268
epoch 1100, training accuracy 0.991268
epoch 1110, training accuracy 0.991268
epoch 1120, training accuracy 0.991443
epoch 1130, training accuracy 0.991617
epoch 1140, training accuracy 0.991792
epoch 1150, training accuracy 0.992141
epoch 1160, training accuracy 0.992316
epoch 1170, training accuracy 0.992490
epoch 1180, training accuracy 0.992665
epoch 1190, training accuracy 0.992665
epoch 1200, training accuracy 0.992665
epoch 1210, training accuracy 0.992665
epoch 1220, training accuracy 0.993014
epoch 1230, training accuracy 0.993538
epoch 1240, training accuracy 0.993538
epoch 1250, training accuracy 0.993713
epoch 1260, training accuracy 0.993713
epoch 1270, training accuracy 0.993713
epoch 1280, training accuracy 0.993888
epoch 1290, training accuracy 0.993888
epoch 1300, training accuracy 0.993888
epoch 1310, training accuracy 0.993888
epoch 1320, training accuracy 0.993888
epoch 1330, training accuracy 0.993888
epoch 1340, training accuracy 0.994062
epoch 1350, training accuracy 0.994062
epoch 1360, training accuracy 0.994062
epoch 1370, training accuracy 0.994062
epoch 1380, training accuracy 0.994062
epoch 1390, training accuracy 0.994237
epoch 1400, training accuracy 0.994237
epoch 1410, training accuracy 0.994237
epoch 1420, training accuracy 0.994411
epoch 1430, training accuracy 0.994411
epoch 1440, training accuracy 0.994411
epoch 1450, training accuracy 0.994411
epoch 1460, training accuracy 0.994411
epoch 1470, training accuracy 0.994411
epoch 1480, training accuracy 0.994411
epoch 1490, training accuracy 0.994586
epoch 1500, training accuracy 0.994761
epoch 1510, training accuracy 0.994935
epoch 1520, training accuracy 0.994935
epoch 1530, training accuracy 0.994935
epoch 1540, training accuracy 0.995110
epoch 1550, training accuracy 0.995110
epoch 1560, training accuracy 0.995285
epoch 1570, training accuracy 0.995459
epoch 1580, training accuracy 0.995634
epoch 1590, training accuracy 0.995634
epoch 1600, training accuracy 0.995634
epoch 1610, training accuracy 0.995634
epoch 1620, training accuracy 0.995983
epoch 1630, training accuracy 0.995983
epoch 1640, training accuracy 0.996158
epoch 1650, training accuracy 0.996158
epoch 1660, training accuracy 0.996158
epoch 1670, training accuracy 0.996333
epoch 1680, training accuracy 0.996333
epoch 1690, training accuracy 0.996333
epoch 1700, training accuracy 0.996333
epoch 1710, training accuracy 0.996333
epoch 1720, training accuracy 0.996333
epoch 1730, training accuracy 0.996333
epoch 1740, training accuracy 0.996333
epoch 1750, training accuracy 0.996158
epoch 1760, training accuracy 0.996158
epoch 1770, training accuracy 0.996333
epoch 1780, training accuracy 0.996333
epoch 1790, training accuracy 0.996333
epoch 1800, training accuracy 0.996333
epoch 1810, training accuracy 0.996507
epoch 1820, training accuracy 0.996682
epoch 1830, training accuracy 0.996682
epoch 1840, training accuracy 0.996682
epoch 1850, training accuracy 0.996682
epoch 1860, training accuracy 0.996682
epoch 1870, training accuracy 0.996682
epoch 1880, training accuracy 0.996682
epoch 1890, training accuracy 0.996682
epoch 1900, training accuracy 0.996682
epoch 1910, training accuracy 0.996682
epoch 1920, training accuracy 0.996682
epoch 1930, training accuracy 0.996682
epoch 1940, training accuracy 0.996682
epoch 1950, training accuracy 0.996682
epoch 1960, training accuracy 0.996682
epoch 1970, training accuracy 0.996682
epoch 1980, training accuracy 0.996682
epoch 1990, training accuracy 0.996682
epoch 2000, training accuracy 0.996856
epoch 2010, training accuracy 0.996856
epoch 2020, training accuracy 0.996856
epoch 2030, training accuracy 0.997031
epoch 2040, training accuracy 0.997031
epoch 2050, training accuracy 0.996856
epoch 2060, training accuracy 0.996856
epoch 2070, training accuracy 0.997031
epoch 2080, training accuracy 0.997031
epoch 2090, training accuracy 0.997031
epoch 2100, training accuracy 0.997031
epoch 2110, training accuracy 0.997031
epoch 2120, training accuracy 0.997031
epoch 2130, training accuracy 0.997031
epoch 2140, training accuracy 0.997031
epoch 2150, training accuracy 0.997031
epoch 2160, training accuracy 0.997031
epoch 2170, training accuracy 0.997031
epoch 2180, training accuracy 0.997206
epoch 2190, training accuracy 0.997206
epoch 2200, training accuracy 0.997206
epoch 2210, training accuracy 0.997380
epoch 2220, training accuracy 0.997380
epoch 2230, training accuracy 0.997380
epoch 2240, training accuracy 0.997380
epoch 2250, training accuracy 0.997380
epoch 2260, training accuracy 0.997380
epoch 2270, training accuracy 0.997380
epoch 2280, training accuracy 0.997380
epoch 2290, training accuracy 0.997380
epoch 2300, training accuracy 0.997380
epoch 2310, training accuracy 0.997380
epoch 2320, training accuracy 0.997555
epoch 2330, training accuracy 0.997555
epoch 2340, training accuracy 0.997555
epoch 2350, training accuracy 0.997555
epoch 2360, training accuracy 0.997555
epoch 2370, training accuracy 0.997555
epoch 2380, training accuracy 0.997555
epoch 2390, training accuracy 0.997555
epoch 2400, training accuracy 0.997555
epoch 2410, training accuracy 0.997555
epoch 2420, training accuracy 0.997555
epoch 2430, training accuracy 0.997555
epoch 2440, training accuracy 0.997555
epoch 2450, training accuracy 0.997555
epoch 2460, training accuracy 0.997555
epoch 2470, training accuracy 0.997555
epoch 2480, training accuracy 0.997555
epoch 2490, training accuracy 0.997555
epoch 2500, training accuracy 0.997555
epoch 2510, training accuracy 0.997555
epoch 2520, training accuracy 0.997555
epoch 2530, training accuracy 0.997555
epoch 2540, training accuracy 0.997730
epoch 2550, training accuracy 0.997730
epoch 2560, training accuracy 0.997904
epoch 2570, training accuracy 0.997904
epoch 2580, training accuracy 0.997904
epoch 2590, training accuracy 0.997904
epoch 2600, training accuracy 0.997904
epoch 2610, training accuracy 0.997904
epoch 2620, training accuracy 0.997904
epoch 2630, training accuracy 0.997904
epoch 2640, training accuracy 0.998079
epoch 2650, training accuracy 0.998079
epoch 2660, training accuracy 0.998079
epoch 2670, training accuracy 0.998254
epoch 2680, training accuracy 0.998254
epoch 2690, training accuracy 0.998254
epoch 2700, training accuracy 0.998428
epoch 2710, training accuracy 0.998428
epoch 2720, training accuracy 0.998428
epoch 2730, training accuracy 0.998428
epoch 2740, training accuracy 0.998428
epoch 2750, training accuracy 0.998428
epoch 2760, training accuracy 0.998603
epoch 2770, training accuracy 0.998778
epoch 2780, training accuracy 0.998778
epoch 2790, training accuracy 0.998778
epoch 2800, training accuracy 0.998778
epoch 2810, training accuracy 0.998778
epoch 2820, training accuracy 0.998778
epoch 2830, training accuracy 0.998778
epoch 2840, training accuracy 0.998952
epoch 2850, training accuracy 0.998952
epoch 2860, training accuracy 0.998952
epoch 2870, training accuracy 0.998952
epoch 2880, training accuracy 0.998952
epoch 2890, training accuracy 0.998952
epoch 2900, training accuracy 0.999127
epoch 2910, training accuracy 0.999127
epoch 2920, training accuracy 0.999127
epoch 2930, training accuracy 0.999127
epoch 2940, training accuracy 0.999127
epoch 2950, training accuracy 0.999127
epoch 2960, training accuracy 0.999127
epoch 2970, training accuracy 0.999127
epoch 2980, training accuracy 0.999127
epoch 2990, training accuracy 0.999127
epoch 3000, training accuracy 0.999127
/tmp/knew_new_validate.py loaded, containing 1422 entries, class distribution: [711 711]
correct: [697, 700]
incorrect: [5, 4]
accuracy: [0.9928774928774928, 0.9943181818181818]
unclassified: [9, 7]
total accuracy: [0.980309423347398, 0.9845288326300985]
Sun Oct 22 21:28:48 CEST 2017 finished, res_training/eng/knew_new
