Sun Oct 22 20:07:05 CEST 2017 create_training_files
/tmp/fee_feel
8365 lines
874 fee
7493 feel
/tmp/fee_feel_training
6692 lines
709 fee
5985 feel
/tmp/fee_feel_validate
1673 lines
165 fee
1508 feel
generate /tmp/fee_feel_training.py, /tmp/fee_feel_validate.py
:compileJava UP-TO-DATE
:processResources UP-TO-DATE
:classes UP-TO-DATE
:createNGramDatabase
Reading /tmp/fee_feel_training
Tokenizing
undersampling to 709
/tmp/fee_feel_training.pycreated
Reading /tmp/fee_feel_validate
Tokenizing
undersampling to 166
/tmp/fee_feel_validate.pycreated

BUILD SUCCESSFUL

Total time: 5.954 secs

This build could be faster, please consider using the Gradle Daemon: https://docs.gradle.org/2.10/userguide/gradle_daemon.html
Sun Oct 22 20:07:17 CEST 2017 create_classifier
{'dictionary_path': 'res_training/eng/embedding/dictionary.txt', 'epochs': 3000, 'batch_size': 1000, 'training_data_file': '/tmp/fee_feel_training.py', 'self': <__main__.NeuralNetwork object at 0x2b25423b4a58>, 'num_inputs': 4, 'use_flex_hidden_layer': False, 'num_outputs': 2, 'embedding_path': 'res_training/eng/embedding/final_embeddings.txt'}
embedding shape (42122, 64)
/tmp/fee_feel_training.py loaded, containing 1418 entries, class distribution: [709 709]
Steps: 3000, 1 steps in 3000 epochs
epoch 0, training accuracy 0.532440
epoch 10, training accuracy 0.566291
epoch 20, training accuracy 0.579690
epoch 30, training accuracy 0.598731
epoch 40, training accuracy 0.614245
epoch 50, training accuracy 0.630465
epoch 60, training accuracy 0.645275
epoch 70, training accuracy 0.657264
epoch 80, training accuracy 0.669252
epoch 90, training accuracy 0.678420
epoch 100, training accuracy 0.692525
epoch 110, training accuracy 0.708745
epoch 120, training accuracy 0.718618
epoch 130, training accuracy 0.731312
epoch 140, training accuracy 0.736953
epoch 150, training accuracy 0.751763
epoch 160, training accuracy 0.765867
epoch 170, training accuracy 0.770804
epoch 180, training accuracy 0.775741
epoch 190, training accuracy 0.785614
epoch 200, training accuracy 0.793371
epoch 210, training accuracy 0.799718
epoch 220, training accuracy 0.806065
epoch 230, training accuracy 0.808886
epoch 240, training accuracy 0.819464
epoch 250, training accuracy 0.823695
epoch 260, training accuracy 0.827221
epoch 270, training accuracy 0.833568
epoch 280, training accuracy 0.839210
epoch 290, training accuracy 0.847673
epoch 300, training accuracy 0.854725
epoch 310, training accuracy 0.859662
epoch 320, training accuracy 0.864598
epoch 330, training accuracy 0.870240
epoch 340, training accuracy 0.873061
epoch 350, training accuracy 0.875882
epoch 360, training accuracy 0.876587
epoch 370, training accuracy 0.879408
epoch 380, training accuracy 0.881523
epoch 390, training accuracy 0.883639
epoch 400, training accuracy 0.887165
epoch 410, training accuracy 0.889281
epoch 420, training accuracy 0.893512
epoch 430, training accuracy 0.899859
epoch 440, training accuracy 0.901975
epoch 450, training accuracy 0.903385
epoch 460, training accuracy 0.904090
epoch 470, training accuracy 0.905501
epoch 480, training accuracy 0.909732
epoch 490, training accuracy 0.909732
epoch 500, training accuracy 0.912553
epoch 510, training accuracy 0.915374
epoch 520, training accuracy 0.916079
epoch 530, training accuracy 0.916079
epoch 540, training accuracy 0.917489
epoch 550, training accuracy 0.920310
epoch 560, training accuracy 0.921721
epoch 570, training accuracy 0.922426
epoch 580, training accuracy 0.923836
epoch 590, training accuracy 0.925247
epoch 600, training accuracy 0.925952
epoch 610, training accuracy 0.927363
epoch 620, training accuracy 0.926657
epoch 630, training accuracy 0.927363
epoch 640, training accuracy 0.930889
epoch 650, training accuracy 0.933004
epoch 660, training accuracy 0.933709
epoch 670, training accuracy 0.937941
epoch 680, training accuracy 0.939351
epoch 690, training accuracy 0.940056
epoch 700, training accuracy 0.940056
epoch 710, training accuracy 0.940056
epoch 720, training accuracy 0.940056
epoch 730, training accuracy 0.940762
epoch 740, training accuracy 0.941467
epoch 750, training accuracy 0.941467
epoch 760, training accuracy 0.942172
epoch 770, training accuracy 0.944288
epoch 780, training accuracy 0.943583
epoch 790, training accuracy 0.944993
epoch 800, training accuracy 0.944993
epoch 810, training accuracy 0.945698
epoch 820, training accuracy 0.947109
epoch 830, training accuracy 0.947814
epoch 840, training accuracy 0.948519
epoch 850, training accuracy 0.949224
epoch 860, training accuracy 0.949929
epoch 870, training accuracy 0.950635
epoch 880, training accuracy 0.949929
epoch 890, training accuracy 0.949929
epoch 900, training accuracy 0.950635
epoch 910, training accuracy 0.951340
epoch 920, training accuracy 0.951340
epoch 930, training accuracy 0.951340
epoch 940, training accuracy 0.952045
epoch 950, training accuracy 0.952045
epoch 960, training accuracy 0.953456
epoch 970, training accuracy 0.954866
epoch 980, training accuracy 0.955571
epoch 990, training accuracy 0.956276
epoch 1000, training accuracy 0.956982
epoch 1010, training accuracy 0.957687
epoch 1020, training accuracy 0.957687
epoch 1030, training accuracy 0.959097
epoch 1040, training accuracy 0.959803
epoch 1050, training accuracy 0.959803
epoch 1060, training accuracy 0.959803
epoch 1070, training accuracy 0.959803
epoch 1080, training accuracy 0.959803
epoch 1090, training accuracy 0.959803
epoch 1100, training accuracy 0.959803
epoch 1110, training accuracy 0.960508
epoch 1120, training accuracy 0.961213
epoch 1130, training accuracy 0.961918
epoch 1140, training accuracy 0.964034
epoch 1150, training accuracy 0.964034
epoch 1160, training accuracy 0.964034
epoch 1170, training accuracy 0.964034
epoch 1180, training accuracy 0.964034
epoch 1190, training accuracy 0.965444
epoch 1200, training accuracy 0.965444
epoch 1210, training accuracy 0.965444
epoch 1220, training accuracy 0.966150
epoch 1230, training accuracy 0.966855
epoch 1240, training accuracy 0.966855
epoch 1250, training accuracy 0.966855
epoch 1260, training accuracy 0.966855
epoch 1270, training accuracy 0.966855
epoch 1280, training accuracy 0.966855
epoch 1290, training accuracy 0.966855
epoch 1300, training accuracy 0.966855
epoch 1310, training accuracy 0.966855
epoch 1320, training accuracy 0.966855
epoch 1330, training accuracy 0.966855
epoch 1340, training accuracy 0.966855
epoch 1350, training accuracy 0.967560
epoch 1360, training accuracy 0.967560
epoch 1370, training accuracy 0.968970
epoch 1380, training accuracy 0.968970
epoch 1390, training accuracy 0.968970
epoch 1400, training accuracy 0.968970
epoch 1410, training accuracy 0.968970
epoch 1420, training accuracy 0.968970
epoch 1430, training accuracy 0.968970
epoch 1440, training accuracy 0.968970
epoch 1450, training accuracy 0.969676
epoch 1460, training accuracy 0.969676
epoch 1470, training accuracy 0.969676
epoch 1480, training accuracy 0.969676
epoch 1490, training accuracy 0.969676
epoch 1500, training accuracy 0.969676
epoch 1510, training accuracy 0.970381
epoch 1520, training accuracy 0.971791
epoch 1530, training accuracy 0.971791
epoch 1540, training accuracy 0.971791
epoch 1550, training accuracy 0.971791
epoch 1560, training accuracy 0.971791
epoch 1570, training accuracy 0.971791
epoch 1580, training accuracy 0.971791
epoch 1590, training accuracy 0.971791
epoch 1600, training accuracy 0.971791
epoch 1610, training accuracy 0.971791
epoch 1620, training accuracy 0.972496
epoch 1630, training accuracy 0.972496
epoch 1640, training accuracy 0.972496
epoch 1650, training accuracy 0.972496
epoch 1660, training accuracy 0.972496
epoch 1670, training accuracy 0.972496
epoch 1680, training accuracy 0.972496
epoch 1690, training accuracy 0.973202
epoch 1700, training accuracy 0.973202
epoch 1710, training accuracy 0.973202
epoch 1720, training accuracy 0.973907
epoch 1730, training accuracy 0.973907
epoch 1740, training accuracy 0.973907
epoch 1750, training accuracy 0.973907
epoch 1760, training accuracy 0.973907
epoch 1770, training accuracy 0.974612
epoch 1780, training accuracy 0.974612
epoch 1790, training accuracy 0.975317
epoch 1800, training accuracy 0.975317
epoch 1810, training accuracy 0.975317
epoch 1820, training accuracy 0.975317
epoch 1830, training accuracy 0.975317
epoch 1840, training accuracy 0.975317
epoch 1850, training accuracy 0.975317
epoch 1860, training accuracy 0.976023
epoch 1870, training accuracy 0.976023
epoch 1880, training accuracy 0.976023
epoch 1890, training accuracy 0.976023
epoch 1900, training accuracy 0.976023
epoch 1910, training accuracy 0.976728
epoch 1920, training accuracy 0.976728
epoch 1930, training accuracy 0.976728
epoch 1940, training accuracy 0.976728
epoch 1950, training accuracy 0.976728
epoch 1960, training accuracy 0.976728
epoch 1970, training accuracy 0.976728
epoch 1980, training accuracy 0.976728
epoch 1990, training accuracy 0.976728
epoch 2000, training accuracy 0.976728
epoch 2010, training accuracy 0.976728
epoch 2020, training accuracy 0.976728
epoch 2030, training accuracy 0.976728
epoch 2040, training accuracy 0.976728
epoch 2050, training accuracy 0.976728
epoch 2060, training accuracy 0.976728
epoch 2070, training accuracy 0.976728
epoch 2080, training accuracy 0.976728
epoch 2090, training accuracy 0.976728
epoch 2100, training accuracy 0.976728
epoch 2110, training accuracy 0.976728
epoch 2120, training accuracy 0.976728
epoch 2130, training accuracy 0.976728
epoch 2140, training accuracy 0.976728
epoch 2150, training accuracy 0.976728
epoch 2160, training accuracy 0.976728
epoch 2170, training accuracy 0.976728
epoch 2180, training accuracy 0.976728
epoch 2190, training accuracy 0.976728
epoch 2200, training accuracy 0.976728
epoch 2210, training accuracy 0.976728
epoch 2220, training accuracy 0.976728
epoch 2230, training accuracy 0.976728
epoch 2240, training accuracy 0.976728
epoch 2250, training accuracy 0.977433
epoch 2260, training accuracy 0.977433
epoch 2270, training accuracy 0.977433
epoch 2280, training accuracy 0.977433
epoch 2290, training accuracy 0.977433
epoch 2300, training accuracy 0.977433
epoch 2310, training accuracy 0.977433
epoch 2320, training accuracy 0.977433
epoch 2330, training accuracy 0.978138
epoch 2340, training accuracy 0.978843
epoch 2350, training accuracy 0.978843
epoch 2360, training accuracy 0.978843
epoch 2370, training accuracy 0.978843
epoch 2380, training accuracy 0.978843
epoch 2390, training accuracy 0.978843
epoch 2400, training accuracy 0.978843
epoch 2410, training accuracy 0.978843
epoch 2420, training accuracy 0.978843
epoch 2430, training accuracy 0.978843
epoch 2440, training accuracy 0.978843
epoch 2450, training accuracy 0.979549
epoch 2460, training accuracy 0.979549
epoch 2470, training accuracy 0.979549
epoch 2480, training accuracy 0.979549
epoch 2490, training accuracy 0.979549
epoch 2500, training accuracy 0.980254
epoch 2510, training accuracy 0.980254
epoch 2520, training accuracy 0.980254
epoch 2530, training accuracy 0.980254
epoch 2540, training accuracy 0.980254
epoch 2550, training accuracy 0.980254
epoch 2560, training accuracy 0.980254
epoch 2570, training accuracy 0.980254
epoch 2580, training accuracy 0.980254
epoch 2590, training accuracy 0.980254
epoch 2600, training accuracy 0.980254
epoch 2610, training accuracy 0.980254
epoch 2620, training accuracy 0.980254
epoch 2630, training accuracy 0.980959
epoch 2640, training accuracy 0.980959
epoch 2650, training accuracy 0.980959
epoch 2660, training accuracy 0.980959
epoch 2670, training accuracy 0.980959
epoch 2680, training accuracy 0.980959
epoch 2690, training accuracy 0.980959
epoch 2700, training accuracy 0.980959
epoch 2710, training accuracy 0.980959
epoch 2720, training accuracy 0.980959
epoch 2730, training accuracy 0.980959
epoch 2740, training accuracy 0.980959
epoch 2750, training accuracy 0.980959
epoch 2760, training accuracy 0.980959
epoch 2770, training accuracy 0.980959
epoch 2780, training accuracy 0.980959
epoch 2790, training accuracy 0.980959
epoch 2800, training accuracy 0.980959
epoch 2810, training accuracy 0.980959
epoch 2820, training accuracy 0.980959
epoch 2830, training accuracy 0.980959
epoch 2840, training accuracy 0.980959
epoch 2850, training accuracy 0.981664
epoch 2860, training accuracy 0.981664
epoch 2870, training accuracy 0.981664
epoch 2880, training accuracy 0.981664
epoch 2890, training accuracy 0.981664
epoch 2900, training accuracy 0.981664
epoch 2910, training accuracy 0.981664
epoch 2920, training accuracy 0.981664
epoch 2930, training accuracy 0.981664
epoch 2940, training accuracy 0.981664
epoch 2950, training accuracy 0.981664
epoch 2960, training accuracy 0.981664
epoch 2970, training accuracy 0.981664
epoch 2980, training accuracy 0.982370
epoch 2990, training accuracy 0.982370
epoch 3000, training accuracy 0.982370
/tmp/fee_feel_validate.py loaded, containing 332 entries, class distribution: [166 166]
correct: [149, 148]
incorrect: [2, 0]
accuracy: [0.9867549668874173, 1.0]
unclassified: [15, 18]
total accuracy: [0.8975903614457831, 0.891566265060241]
Sun Oct 22 20:07:37 CEST 2017 finished, res_training/eng/fee_feel
