Sun Oct 22 23:16:16 CEST 2017 create_training_files
/tmp/quit_quite
4038 lines
679 quit
3360 quite
/tmp/quit_quite_training
3231 lines
532 quit
2700 quite
/tmp/quit_quite_validate
807 lines
147 quit
660 quite
generate /tmp/quit_quite_training.py, /tmp/quit_quite_validate.py
:compileJava UP-TO-DATE
:processResources UP-TO-DATE
:classes UP-TO-DATE
:createNGramDatabase
Reading /tmp/quit_quite_training
Tokenizing
undersampling to 540
/tmp/quit_quite_training.pycreated
Reading /tmp/quit_quite_validate
Tokenizing
undersampling to 149
/tmp/quit_quite_validate.pycreated

BUILD SUCCESSFUL

Total time: 5.011 secs

This build could be faster, please consider using the Gradle Daemon: https://docs.gradle.org/2.10/userguide/gradle_daemon.html
Sun Oct 22 23:16:27 CEST 2017 create_classifier
{'epochs': 3000, 'num_outputs': 2, 'num_inputs': 4, 'dictionary_path': 'res_training/eng/embedding/dictionary.txt', 'embedding_path': 'res_training/eng/embedding/final_embeddings.txt', 'training_data_file': '/tmp/quit_quite_training.py', 'use_flex_hidden_layer': False, 'self': <__main__.NeuralNetwork object at 0x2b1e453d4a58>, 'batch_size': 1000}
embedding shape (42122, 64)
/tmp/quit_quite_training.py loaded, containing 1080 entries, class distribution: [540 540]
Steps: 3000, 1 steps in 3000 epochs
epoch 0, training accuracy 0.508333
epoch 10, training accuracy 0.516667
epoch 20, training accuracy 0.527778
epoch 30, training accuracy 0.550000
epoch 40, training accuracy 0.555556
epoch 50, training accuracy 0.573148
epoch 60, training accuracy 0.592593
epoch 70, training accuracy 0.601852
epoch 80, training accuracy 0.622222
epoch 90, training accuracy 0.635185
epoch 100, training accuracy 0.650926
epoch 110, training accuracy 0.664815
epoch 120, training accuracy 0.673148
epoch 130, training accuracy 0.684259
epoch 140, training accuracy 0.695370
epoch 150, training accuracy 0.706481
epoch 160, training accuracy 0.708333
epoch 170, training accuracy 0.713889
epoch 180, training accuracy 0.727778
epoch 190, training accuracy 0.735185
epoch 200, training accuracy 0.739815
epoch 210, training accuracy 0.746296
epoch 220, training accuracy 0.752778
epoch 230, training accuracy 0.755556
epoch 240, training accuracy 0.758333
epoch 250, training accuracy 0.768519
epoch 260, training accuracy 0.769444
epoch 270, training accuracy 0.774074
epoch 280, training accuracy 0.777778
epoch 290, training accuracy 0.782407
epoch 300, training accuracy 0.789815
epoch 310, training accuracy 0.793519
epoch 320, training accuracy 0.803704
epoch 330, training accuracy 0.808333
epoch 340, training accuracy 0.809259
epoch 350, training accuracy 0.812963
epoch 360, training accuracy 0.814815
epoch 370, training accuracy 0.817593
epoch 380, training accuracy 0.820370
epoch 390, training accuracy 0.826852
epoch 400, training accuracy 0.828704
epoch 410, training accuracy 0.829630
epoch 420, training accuracy 0.831481
epoch 430, training accuracy 0.837037
epoch 440, training accuracy 0.840741
epoch 450, training accuracy 0.842593
epoch 460, training accuracy 0.841667
epoch 470, training accuracy 0.841667
epoch 480, training accuracy 0.843518
epoch 490, training accuracy 0.845370
epoch 500, training accuracy 0.847222
epoch 510, training accuracy 0.849074
epoch 520, training accuracy 0.850926
epoch 530, training accuracy 0.852778
epoch 540, training accuracy 0.855556
epoch 550, training accuracy 0.856481
epoch 560, training accuracy 0.858333
epoch 570, training accuracy 0.862963
epoch 580, training accuracy 0.862963
epoch 590, training accuracy 0.863889
epoch 600, training accuracy 0.865741
epoch 610, training accuracy 0.868519
epoch 620, training accuracy 0.869444
epoch 630, training accuracy 0.870370
epoch 640, training accuracy 0.873148
epoch 650, training accuracy 0.874074
epoch 660, training accuracy 0.876852
epoch 670, training accuracy 0.876852
epoch 680, training accuracy 0.879630
epoch 690, training accuracy 0.882407
epoch 700, training accuracy 0.883333
epoch 710, training accuracy 0.885185
epoch 720, training accuracy 0.887037
epoch 730, training accuracy 0.887037
epoch 740, training accuracy 0.890741
epoch 750, training accuracy 0.891667
epoch 760, training accuracy 0.892593
epoch 770, training accuracy 0.894444
epoch 780, training accuracy 0.895370
epoch 790, training accuracy 0.899074
epoch 800, training accuracy 0.900000
epoch 810, training accuracy 0.900000
epoch 820, training accuracy 0.900000
epoch 830, training accuracy 0.900000
epoch 840, training accuracy 0.902778
epoch 850, training accuracy 0.905556
epoch 860, training accuracy 0.905556
epoch 870, training accuracy 0.905556
epoch 880, training accuracy 0.906482
epoch 890, training accuracy 0.907407
epoch 900, training accuracy 0.907407
epoch 910, training accuracy 0.908333
epoch 920, training accuracy 0.910185
epoch 930, training accuracy 0.911111
epoch 940, training accuracy 0.912037
epoch 950, training accuracy 0.912963
epoch 960, training accuracy 0.912963
epoch 970, training accuracy 0.913889
epoch 980, training accuracy 0.913889
epoch 990, training accuracy 0.913889
epoch 1000, training accuracy 0.913889
epoch 1010, training accuracy 0.913889
epoch 1020, training accuracy 0.915741
epoch 1030, training accuracy 0.915741
epoch 1040, training accuracy 0.916667
epoch 1050, training accuracy 0.916667
epoch 1060, training accuracy 0.916667
epoch 1070, training accuracy 0.916667
epoch 1080, training accuracy 0.916667
epoch 1090, training accuracy 0.916667
epoch 1100, training accuracy 0.916667
epoch 1110, training accuracy 0.917593
epoch 1120, training accuracy 0.917593
epoch 1130, training accuracy 0.918519
epoch 1140, training accuracy 0.918519
epoch 1150, training accuracy 0.918519
epoch 1160, training accuracy 0.919444
epoch 1170, training accuracy 0.918519
epoch 1180, training accuracy 0.918519
epoch 1190, training accuracy 0.918519
epoch 1200, training accuracy 0.918519
epoch 1210, training accuracy 0.919444
epoch 1220, training accuracy 0.919444
epoch 1230, training accuracy 0.919444
epoch 1240, training accuracy 0.919444
epoch 1250, training accuracy 0.919444
epoch 1260, training accuracy 0.919444
epoch 1270, training accuracy 0.920370
epoch 1280, training accuracy 0.920370
epoch 1290, training accuracy 0.921296
epoch 1300, training accuracy 0.921296
epoch 1310, training accuracy 0.921296
epoch 1320, training accuracy 0.922222
epoch 1330, training accuracy 0.922222
epoch 1340, training accuracy 0.922222
epoch 1350, training accuracy 0.921296
epoch 1360, training accuracy 0.922222
epoch 1370, training accuracy 0.922222
epoch 1380, training accuracy 0.923148
epoch 1390, training accuracy 0.923148
epoch 1400, training accuracy 0.923148
epoch 1410, training accuracy 0.923148
epoch 1420, training accuracy 0.923148
epoch 1430, training accuracy 0.923148
epoch 1440, training accuracy 0.923148
epoch 1450, training accuracy 0.923148
epoch 1460, training accuracy 0.924074
epoch 1470, training accuracy 0.924074
epoch 1480, training accuracy 0.924074
epoch 1490, training accuracy 0.925000
epoch 1500, training accuracy 0.925000
epoch 1510, training accuracy 0.925000
epoch 1520, training accuracy 0.925000
epoch 1530, training accuracy 0.925926
epoch 1540, training accuracy 0.925926
epoch 1550, training accuracy 0.926852
epoch 1560, training accuracy 0.926852
epoch 1570, training accuracy 0.926852
epoch 1580, training accuracy 0.927778
epoch 1590, training accuracy 0.927778
epoch 1600, training accuracy 0.927778
epoch 1610, training accuracy 0.927778
epoch 1620, training accuracy 0.927778
epoch 1630, training accuracy 0.928704
epoch 1640, training accuracy 0.928704
epoch 1650, training accuracy 0.928704
epoch 1660, training accuracy 0.928704
epoch 1670, training accuracy 0.928704
epoch 1680, training accuracy 0.928704
epoch 1690, training accuracy 0.928704
epoch 1700, training accuracy 0.928704
epoch 1710, training accuracy 0.928704
epoch 1720, training accuracy 0.929630
epoch 1730, training accuracy 0.930556
epoch 1740, training accuracy 0.930556
epoch 1750, training accuracy 0.930556
epoch 1760, training accuracy 0.930556
epoch 1770, training accuracy 0.930556
epoch 1780, training accuracy 0.930556
epoch 1790, training accuracy 0.930556
epoch 1800, training accuracy 0.930556
epoch 1810, training accuracy 0.930556
epoch 1820, training accuracy 0.930556
epoch 1830, training accuracy 0.930556
epoch 1840, training accuracy 0.929630
epoch 1850, training accuracy 0.929630
epoch 1860, training accuracy 0.928704
epoch 1870, training accuracy 0.929630
epoch 1880, training accuracy 0.930556
epoch 1890, training accuracy 0.930556
epoch 1900, training accuracy 0.930556
epoch 1910, training accuracy 0.930556
epoch 1920, training accuracy 0.930556
epoch 1930, training accuracy 0.930556
epoch 1940, training accuracy 0.930556
epoch 1950, training accuracy 0.931481
epoch 1960, training accuracy 0.931481
epoch 1970, training accuracy 0.931481
epoch 1980, training accuracy 0.932407
epoch 1990, training accuracy 0.932407
epoch 2000, training accuracy 0.932407
epoch 2010, training accuracy 0.932407
epoch 2020, training accuracy 0.933333
epoch 2030, training accuracy 0.933333
epoch 2040, training accuracy 0.933333
epoch 2050, training accuracy 0.933333
epoch 2060, training accuracy 0.933333
epoch 2070, training accuracy 0.933333
epoch 2080, training accuracy 0.933333
epoch 2090, training accuracy 0.933333
epoch 2100, training accuracy 0.933333
epoch 2110, training accuracy 0.933333
epoch 2120, training accuracy 0.933333
epoch 2130, training accuracy 0.933333
epoch 2140, training accuracy 0.933333
epoch 2150, training accuracy 0.934259
epoch 2160, training accuracy 0.934259
epoch 2170, training accuracy 0.934259
epoch 2180, training accuracy 0.934259
epoch 2190, training accuracy 0.934259
epoch 2200, training accuracy 0.934259
epoch 2210, training accuracy 0.934259
epoch 2220, training accuracy 0.934259
epoch 2230, training accuracy 0.935185
epoch 2240, training accuracy 0.935185
epoch 2250, training accuracy 0.935185
epoch 2260, training accuracy 0.935185
epoch 2270, training accuracy 0.935185
epoch 2280, training accuracy 0.936111
epoch 2290, training accuracy 0.937037
epoch 2300, training accuracy 0.937037
epoch 2310, training accuracy 0.937037
epoch 2320, training accuracy 0.937037
epoch 2330, training accuracy 0.937037
epoch 2340, training accuracy 0.937037
epoch 2350, training accuracy 0.937037
epoch 2360, training accuracy 0.937037
epoch 2370, training accuracy 0.937963
epoch 2380, training accuracy 0.937963
epoch 2390, training accuracy 0.937963
epoch 2400, training accuracy 0.937963
epoch 2410, training accuracy 0.937963
epoch 2420, training accuracy 0.938889
epoch 2430, training accuracy 0.939815
epoch 2440, training accuracy 0.939815
epoch 2450, training accuracy 0.939815
epoch 2460, training accuracy 0.939815
epoch 2470, training accuracy 0.939815
epoch 2480, training accuracy 0.939815
epoch 2490, training accuracy 0.940741
epoch 2500, training accuracy 0.940741
epoch 2510, training accuracy 0.940741
epoch 2520, training accuracy 0.940741
epoch 2530, training accuracy 0.941667
epoch 2540, training accuracy 0.941667
epoch 2550, training accuracy 0.941667
epoch 2560, training accuracy 0.940741
epoch 2570, training accuracy 0.940741
epoch 2580, training accuracy 0.940741
epoch 2590, training accuracy 0.940741
epoch 2600, training accuracy 0.940741
epoch 2610, training accuracy 0.940741
epoch 2620, training accuracy 0.940741
epoch 2630, training accuracy 0.940741
epoch 2640, training accuracy 0.940741
epoch 2650, training accuracy 0.940741
epoch 2660, training accuracy 0.940741
epoch 2670, training accuracy 0.940741
epoch 2680, training accuracy 0.940741
epoch 2690, training accuracy 0.941667
epoch 2700, training accuracy 0.941667
epoch 2710, training accuracy 0.941667
epoch 2720, training accuracy 0.941667
epoch 2730, training accuracy 0.941667
epoch 2740, training accuracy 0.941667
epoch 2750, training accuracy 0.943519
epoch 2760, training accuracy 0.943519
epoch 2770, training accuracy 0.943519
epoch 2780, training accuracy 0.943519
epoch 2790, training accuracy 0.943519
epoch 2800, training accuracy 0.943519
epoch 2810, training accuracy 0.943519
epoch 2820, training accuracy 0.942593
epoch 2830, training accuracy 0.942593
epoch 2840, training accuracy 0.942593
epoch 2850, training accuracy 0.942593
epoch 2860, training accuracy 0.942593
epoch 2870, training accuracy 0.942593
epoch 2880, training accuracy 0.942593
epoch 2890, training accuracy 0.942593
epoch 2900, training accuracy 0.942593
epoch 2910, training accuracy 0.942593
epoch 2920, training accuracy 0.942593
epoch 2930, training accuracy 0.942593
epoch 2940, training accuracy 0.942593
epoch 2950, training accuracy 0.942593
epoch 2960, training accuracy 0.942593
epoch 2970, training accuracy 0.942593
epoch 2980, training accuracy 0.943519
epoch 2990, training accuracy 0.944444
epoch 3000, training accuracy 0.944444
/tmp/quit_quite_validate.py loaded, containing 298 entries, class distribution: [149 149]
correct: [102, 120]
incorrect: [2, 1]
accuracy: [0.9807692307692307, 0.9917355371900827]
unclassified: [45, 28]
total accuracy: [0.6845637583892618, 0.8053691275167785]
Sun Oct 22 23:16:45 CEST 2017 finished, res_training/eng/quit_quite
