Mon Oct 23 03:52:20 CEST 2017 create_training_files
/tmp/wen_wenn
55624 lines
1039 wen
54620 wenn
/tmp/wen_wenn_training
44500 lines
812 wen
43719 wenn
/tmp/wen_wenn_validate
11124 lines
227 wen
10901 wenn
generate /tmp/wen_wenn_training.py, /tmp/wen_wenn_validate.py
:compileJava UP-TO-DATE
:processResources UP-TO-DATE
:classes UP-TO-DATE
:createNGramDatabase
Reading /tmp/wen_wenn_training
Tokenizing
undersampling to 692
/tmp/wen_wenn_training.pycreated
Reading /tmp/wen_wenn_validate
Tokenizing
undersampling to 197
/tmp/wen_wenn_validate.pycreated

BUILD SUCCESSFUL

Total time: 9.902 secs

This build could be faster, please consider using the Gradle Daemon: https://docs.gradle.org/2.10/userguide/gradle_daemon.html
Mon Oct 23 03:52:39 CEST 2017 create_classifier
{'embedding_path': 'res_training/deu/embedding/final_embeddings.txt', 'training_data_file': '/tmp/wen_wenn_training.py', 'use_flex_hidden_layer': False, 'batch_size': 1000, 'epochs': 3000, 'self': <__main__.NeuralNetwork object at 0x2b43e7488a58>, 'num_outputs': 2, 'dictionary_path': 'res_training/deu/embedding/dictionary.txt', 'num_inputs': 4}
embedding shape (52520, 64)
/tmp/wen_wenn_training.py loaded, containing 1384 entries, class distribution: [692 692]
Steps: 3000, 1 steps in 3000 epochs
epoch 0, training accuracy 0.471098
epoch 10, training accuracy 0.487717
epoch 20, training accuracy 0.500000
epoch 30, training accuracy 0.505058
epoch 40, training accuracy 0.515896
epoch 50, training accuracy 0.526012
epoch 60, training accuracy 0.540462
epoch 70, training accuracy 0.556358
epoch 80, training accuracy 0.564306
epoch 90, training accuracy 0.571532
epoch 100, training accuracy 0.578757
epoch 110, training accuracy 0.586705
epoch 120, training accuracy 0.596098
epoch 130, training accuracy 0.598988
epoch 140, training accuracy 0.601879
epoch 150, training accuracy 0.609827
epoch 160, training accuracy 0.613439
epoch 170, training accuracy 0.620665
epoch 180, training accuracy 0.627168
epoch 190, training accuracy 0.633671
epoch 200, training accuracy 0.643064
epoch 210, training accuracy 0.651012
epoch 220, training accuracy 0.656792
epoch 230, training accuracy 0.664740
epoch 240, training accuracy 0.669075
epoch 250, training accuracy 0.672688
epoch 260, training accuracy 0.675578
epoch 270, training accuracy 0.682803
epoch 280, training accuracy 0.687861
epoch 290, training accuracy 0.694364
epoch 300, training accuracy 0.699422
epoch 310, training accuracy 0.704480
epoch 320, training accuracy 0.708815
epoch 330, training accuracy 0.716763
epoch 340, training accuracy 0.720376
epoch 350, training accuracy 0.723988
epoch 360, training accuracy 0.730491
epoch 370, training accuracy 0.732659
epoch 380, training accuracy 0.737717
epoch 390, training accuracy 0.739162
epoch 400, training accuracy 0.741329
epoch 410, training accuracy 0.743497
epoch 420, training accuracy 0.750000
epoch 430, training accuracy 0.751445
epoch 440, training accuracy 0.754335
epoch 450, training accuracy 0.753613
epoch 460, training accuracy 0.757225
epoch 470, training accuracy 0.758671
epoch 480, training accuracy 0.763006
epoch 490, training accuracy 0.765896
epoch 500, training accuracy 0.766618
epoch 510, training accuracy 0.770231
epoch 520, training accuracy 0.772399
epoch 530, training accuracy 0.774566
epoch 540, training accuracy 0.775289
epoch 550, training accuracy 0.778179
epoch 560, training accuracy 0.781069
epoch 570, training accuracy 0.782514
epoch 580, training accuracy 0.784682
epoch 590, training accuracy 0.786127
epoch 600, training accuracy 0.788295
epoch 610, training accuracy 0.789017
epoch 620, training accuracy 0.789740
epoch 630, training accuracy 0.791185
epoch 640, training accuracy 0.793353
epoch 650, training accuracy 0.794075
epoch 660, training accuracy 0.796243
epoch 670, training accuracy 0.797688
epoch 680, training accuracy 0.798410
epoch 690, training accuracy 0.800578
epoch 700, training accuracy 0.804191
epoch 710, training accuracy 0.807081
epoch 720, training accuracy 0.807081
epoch 730, training accuracy 0.807081
epoch 740, training accuracy 0.807803
epoch 750, training accuracy 0.809249
epoch 760, training accuracy 0.809971
epoch 770, training accuracy 0.811416
epoch 780, training accuracy 0.813584
epoch 790, training accuracy 0.816474
epoch 800, training accuracy 0.818642
epoch 810, training accuracy 0.818642
epoch 820, training accuracy 0.818642
epoch 830, training accuracy 0.820809
epoch 840, training accuracy 0.821532
epoch 850, training accuracy 0.821532
epoch 860, training accuracy 0.822254
epoch 870, training accuracy 0.821532
epoch 880, training accuracy 0.822254
epoch 890, training accuracy 0.822977
epoch 900, training accuracy 0.825867
epoch 910, training accuracy 0.826590
epoch 920, training accuracy 0.828757
epoch 930, training accuracy 0.830202
epoch 940, training accuracy 0.830202
epoch 950, training accuracy 0.830925
epoch 960, training accuracy 0.830202
epoch 970, training accuracy 0.830202
epoch 980, training accuracy 0.831647
epoch 990, training accuracy 0.831647
epoch 1000, training accuracy 0.830925
epoch 1010, training accuracy 0.831647
epoch 1020, training accuracy 0.831647
epoch 1030, training accuracy 0.831647
epoch 1040, training accuracy 0.831647
epoch 1050, training accuracy 0.831647
epoch 1060, training accuracy 0.831647
epoch 1070, training accuracy 0.831647
epoch 1080, training accuracy 0.831647
epoch 1090, training accuracy 0.831647
epoch 1100, training accuracy 0.832370
epoch 1110, training accuracy 0.833815
epoch 1120, training accuracy 0.834538
epoch 1130, training accuracy 0.834538
epoch 1140, training accuracy 0.834538
epoch 1150, training accuracy 0.835260
epoch 1160, training accuracy 0.835983
epoch 1170, training accuracy 0.835983
epoch 1180, training accuracy 0.836705
epoch 1190, training accuracy 0.838873
epoch 1200, training accuracy 0.838873
epoch 1210, training accuracy 0.838873
epoch 1220, training accuracy 0.839595
epoch 1230, training accuracy 0.839595
epoch 1240, training accuracy 0.839595
epoch 1250, training accuracy 0.840318
epoch 1260, training accuracy 0.841040
epoch 1270, training accuracy 0.841040
epoch 1280, training accuracy 0.841040
epoch 1290, training accuracy 0.841763
epoch 1300, training accuracy 0.842486
epoch 1310, training accuracy 0.843931
epoch 1320, training accuracy 0.844653
epoch 1330, training accuracy 0.844653
epoch 1340, training accuracy 0.844653
epoch 1350, training accuracy 0.844653
epoch 1360, training accuracy 0.845376
epoch 1370, training accuracy 0.845376
epoch 1380, training accuracy 0.846821
epoch 1390, training accuracy 0.846821
epoch 1400, training accuracy 0.846821
epoch 1410, training accuracy 0.847543
epoch 1420, training accuracy 0.848266
epoch 1430, training accuracy 0.848266
epoch 1440, training accuracy 0.848266
epoch 1450, training accuracy 0.848988
epoch 1460, training accuracy 0.849711
epoch 1470, training accuracy 0.850434
epoch 1480, training accuracy 0.850434
epoch 1490, training accuracy 0.851156
epoch 1500, training accuracy 0.852601
epoch 1510, training accuracy 0.852601
epoch 1520, training accuracy 0.852601
epoch 1530, training accuracy 0.853324
epoch 1540, training accuracy 0.854046
epoch 1550, training accuracy 0.854046
epoch 1560, training accuracy 0.854046
epoch 1570, training accuracy 0.854046
epoch 1580, training accuracy 0.854046
epoch 1590, training accuracy 0.854046
epoch 1600, training accuracy 0.856214
epoch 1610, training accuracy 0.856214
epoch 1620, training accuracy 0.856214
epoch 1630, training accuracy 0.856214
epoch 1640, training accuracy 0.856936
epoch 1650, training accuracy 0.858382
epoch 1660, training accuracy 0.858382
epoch 1670, training accuracy 0.858382
epoch 1680, training accuracy 0.858382
epoch 1690, training accuracy 0.859104
epoch 1700, training accuracy 0.859104
epoch 1710, training accuracy 0.859104
epoch 1720, training accuracy 0.859104
epoch 1730, training accuracy 0.859104
epoch 1740, training accuracy 0.859104
epoch 1750, training accuracy 0.859827
epoch 1760, training accuracy 0.859827
epoch 1770, training accuracy 0.859827
epoch 1780, training accuracy 0.859827
epoch 1790, training accuracy 0.859827
epoch 1800, training accuracy 0.861272
epoch 1810, training accuracy 0.861272
epoch 1820, training accuracy 0.861272
epoch 1830, training accuracy 0.861272
epoch 1840, training accuracy 0.861272
epoch 1850, training accuracy 0.860549
epoch 1860, training accuracy 0.863439
epoch 1870, training accuracy 0.863439
epoch 1880, training accuracy 0.864162
epoch 1890, training accuracy 0.864162
epoch 1900, training accuracy 0.864162
epoch 1910, training accuracy 0.864884
epoch 1920, training accuracy 0.864884
epoch 1930, training accuracy 0.865607
epoch 1940, training accuracy 0.866329
epoch 1950, training accuracy 0.867775
epoch 1960, training accuracy 0.868497
epoch 1970, training accuracy 0.869942
epoch 1980, training accuracy 0.870665
epoch 1990, training accuracy 0.870665
epoch 2000, training accuracy 0.872110
epoch 2010, training accuracy 0.871387
epoch 2020, training accuracy 0.871387
epoch 2030, training accuracy 0.872110
epoch 2040, training accuracy 0.872110
epoch 2050, training accuracy 0.872110
epoch 2060, training accuracy 0.872110
epoch 2070, training accuracy 0.873555
epoch 2080, training accuracy 0.874277
epoch 2090, training accuracy 0.874277
epoch 2100, training accuracy 0.874277
epoch 2110, training accuracy 0.874277
epoch 2120, training accuracy 0.875000
epoch 2130, training accuracy 0.875000
epoch 2140, training accuracy 0.875000
epoch 2150, training accuracy 0.875723
epoch 2160, training accuracy 0.875723
epoch 2170, training accuracy 0.875723
epoch 2180, training accuracy 0.876445
epoch 2190, training accuracy 0.876445
epoch 2200, training accuracy 0.876445
epoch 2210, training accuracy 0.876445
epoch 2220, training accuracy 0.876445
epoch 2230, training accuracy 0.876445
epoch 2240, training accuracy 0.877168
epoch 2250, training accuracy 0.877168
epoch 2260, training accuracy 0.877168
epoch 2270, training accuracy 0.877168
epoch 2280, training accuracy 0.877168
epoch 2290, training accuracy 0.877890
epoch 2300, training accuracy 0.877890
epoch 2310, training accuracy 0.878613
epoch 2320, training accuracy 0.878613
epoch 2330, training accuracy 0.878613
epoch 2340, training accuracy 0.878613
epoch 2350, training accuracy 0.880058
epoch 2360, training accuracy 0.880058
epoch 2370, training accuracy 0.880058
epoch 2380, training accuracy 0.880780
epoch 2390, training accuracy 0.881503
epoch 2400, training accuracy 0.881503
epoch 2410, training accuracy 0.881503
epoch 2420, training accuracy 0.880780
epoch 2430, training accuracy 0.880780
epoch 2440, training accuracy 0.881503
epoch 2450, training accuracy 0.882225
epoch 2460, training accuracy 0.882225
epoch 2470, training accuracy 0.882225
epoch 2480, training accuracy 0.882948
epoch 2490, training accuracy 0.882948
epoch 2500, training accuracy 0.883671
epoch 2510, training accuracy 0.884393
epoch 2520, training accuracy 0.884393
epoch 2530, training accuracy 0.884393
epoch 2540, training accuracy 0.885116
epoch 2550, training accuracy 0.885116
epoch 2560, training accuracy 0.885116
epoch 2570, training accuracy 0.885116
epoch 2580, training accuracy 0.885116
epoch 2590, training accuracy 0.885116
epoch 2600, training accuracy 0.885116
epoch 2610, training accuracy 0.885116
epoch 2620, training accuracy 0.885116
epoch 2630, training accuracy 0.885116
epoch 2640, training accuracy 0.885838
epoch 2650, training accuracy 0.885116
epoch 2660, training accuracy 0.885116
epoch 2670, training accuracy 0.885116
epoch 2680, training accuracy 0.885116
epoch 2690, training accuracy 0.885116
epoch 2700, training accuracy 0.885116
epoch 2710, training accuracy 0.885838
epoch 2720, training accuracy 0.885838
epoch 2730, training accuracy 0.886561
epoch 2740, training accuracy 0.886561
epoch 2750, training accuracy 0.886561
epoch 2760, training accuracy 0.886561
epoch 2770, training accuracy 0.885838
epoch 2780, training accuracy 0.886561
epoch 2790, training accuracy 0.886561
epoch 2800, training accuracy 0.886561
epoch 2810, training accuracy 0.886561
epoch 2820, training accuracy 0.887283
epoch 2830, training accuracy 0.888006
epoch 2840, training accuracy 0.888006
epoch 2850, training accuracy 0.887283
epoch 2860, training accuracy 0.887283
epoch 2870, training accuracy 0.887283
epoch 2880, training accuracy 0.887283
epoch 2890, training accuracy 0.887283
epoch 2900, training accuracy 0.886561
epoch 2910, training accuracy 0.886561
epoch 2920, training accuracy 0.887283
epoch 2930, training accuracy 0.888006
epoch 2940, training accuracy 0.888006
epoch 2950, training accuracy 0.888006
epoch 2960, training accuracy 0.888006
epoch 2970, training accuracy 0.888006
epoch 2980, training accuracy 0.888006
epoch 2990, training accuracy 0.887283
epoch 3000, training accuracy 0.887283
/tmp/wen_wenn_validate.py loaded, containing 394 entries, class distribution: [197 197]
correct: [137, 123]
incorrect: [8, 9]
accuracy: [0.9448275862068966, 0.9318181818181818]
unclassified: [52, 65]
total accuracy: [0.6954314720812182, 0.6243654822335025]
Mon Oct 23 03:52:59 CEST 2017 finished, res_training/deu/wen_wenn
