Sun Oct 22 21:54:00 CEST 2017 create_training_files
/tmp/live_love
12057 lines
6343 live
5767 love
/tmp/live_love_training
9646 lines
5073 live
4611 love
/tmp/live_love_validate
2411 lines
1270 live
1156 love
generate /tmp/live_love_training.py, /tmp/live_love_validate.py
:compileJava UP-TO-DATE
:processResources UP-TO-DATE
:classes UP-TO-DATE
:createNGramDatabase
Reading /tmp/live_love_training
Tokenizing
undersampling to 4809
/tmp/live_love_training.pycreated
Reading /tmp/live_love_validate
Tokenizing
undersampling to 1213
/tmp/live_love_validate.pycreated

BUILD SUCCESSFUL

Total time: 5.87 secs

This build could be faster, please consider using the Gradle Daemon: https://docs.gradle.org/2.10/userguide/gradle_daemon.html
Sun Oct 22 21:54:11 CEST 2017 create_classifier
{'self': <__main__.NeuralNetwork object at 0x2b1ae62cea58>, 'epochs': 3000, 'num_inputs': 4, 'batch_size': 1000, 'use_flex_hidden_layer': False, 'num_outputs': 2, 'dictionary_path': 'res_training/eng/embedding/dictionary.txt', 'embedding_path': 'res_training/eng/embedding/final_embeddings.txt', 'training_data_file': '/tmp/live_love_training.py'}
embedding shape (42122, 64)
/tmp/live_love_training.py loaded, containing 9618 entries, class distribution: [4809 4809]
Steps: 27000, 9 steps in 3000 epochs
epoch 0, training accuracy 0.526929
epoch 10, training accuracy 0.608339
epoch 20, training accuracy 0.660324
epoch 30, training accuracy 0.695051
epoch 40, training accuracy 0.717925
epoch 50, training accuracy 0.738407
epoch 60, training accuracy 0.754003
epoch 70, training accuracy 0.767831
epoch 80, training accuracy 0.779476
epoch 90, training accuracy 0.789873
epoch 100, training accuracy 0.797983
epoch 110, training accuracy 0.804845
epoch 120, training accuracy 0.808588
epoch 130, training accuracy 0.814722
epoch 140, training accuracy 0.817946
epoch 150, training accuracy 0.821169
epoch 160, training accuracy 0.823040
epoch 170, training accuracy 0.826055
epoch 180, training accuracy 0.829071
epoch 190, training accuracy 0.831046
epoch 200, training accuracy 0.833333
epoch 210, training accuracy 0.835205
epoch 220, training accuracy 0.837180
epoch 230, training accuracy 0.839156
epoch 240, training accuracy 0.840819
epoch 250, training accuracy 0.842899
epoch 260, training accuracy 0.844042
epoch 270, training accuracy 0.845498
epoch 280, training accuracy 0.846954
epoch 290, training accuracy 0.847889
epoch 300, training accuracy 0.849449
epoch 310, training accuracy 0.850905
epoch 320, training accuracy 0.851009
epoch 330, training accuracy 0.852568
epoch 340, training accuracy 0.853504
epoch 350, training accuracy 0.854544
epoch 360, training accuracy 0.855479
epoch 370, training accuracy 0.856727
epoch 380, training accuracy 0.857559
epoch 390, training accuracy 0.858598
epoch 400, training accuracy 0.859222
epoch 410, training accuracy 0.859430
epoch 420, training accuracy 0.859950
epoch 430, training accuracy 0.860678
epoch 440, training accuracy 0.861198
epoch 450, training accuracy 0.862030
epoch 460, training accuracy 0.863069
epoch 470, training accuracy 0.863901
epoch 480, training accuracy 0.864421
epoch 490, training accuracy 0.865253
epoch 500, training accuracy 0.865669
epoch 510, training accuracy 0.865669
epoch 520, training accuracy 0.865876
epoch 530, training accuracy 0.865980
epoch 540, training accuracy 0.866292
epoch 550, training accuracy 0.866604
epoch 560, training accuracy 0.866916
epoch 570, training accuracy 0.867228
epoch 580, training accuracy 0.867332
epoch 590, training accuracy 0.867956
epoch 600, training accuracy 0.868684
epoch 610, training accuracy 0.869100
epoch 620, training accuracy 0.869827
epoch 630, training accuracy 0.869827
epoch 640, training accuracy 0.870035
epoch 650, training accuracy 0.870243
epoch 660, training accuracy 0.870659
epoch 670, training accuracy 0.871075
epoch 680, training accuracy 0.871179
epoch 690, training accuracy 0.871491
epoch 700, training accuracy 0.871699
epoch 710, training accuracy 0.871491
epoch 720, training accuracy 0.871283
epoch 730, training accuracy 0.871595
epoch 740, training accuracy 0.871595
epoch 750, training accuracy 0.872115
epoch 760, training accuracy 0.872843
epoch 770, training accuracy 0.873051
epoch 780, training accuracy 0.872947
epoch 790, training accuracy 0.873362
epoch 800, training accuracy 0.873570
epoch 810, training accuracy 0.873882
epoch 820, training accuracy 0.873778
epoch 830, training accuracy 0.874194
epoch 840, training accuracy 0.874298
epoch 850, training accuracy 0.874402
epoch 860, training accuracy 0.874298
epoch 870, training accuracy 0.874922
epoch 880, training accuracy 0.875130
epoch 890, training accuracy 0.875026
epoch 900, training accuracy 0.875026
epoch 910, training accuracy 0.875546
epoch 920, training accuracy 0.875754
epoch 930, training accuracy 0.875858
epoch 940, training accuracy 0.875858
epoch 950, training accuracy 0.875858
epoch 960, training accuracy 0.875962
epoch 970, training accuracy 0.876170
epoch 980, training accuracy 0.876482
epoch 990, training accuracy 0.876482
epoch 1000, training accuracy 0.876794
epoch 1010, training accuracy 0.876794
epoch 1020, training accuracy 0.876690
epoch 1030, training accuracy 0.876794
epoch 1040, training accuracy 0.877001
epoch 1050, training accuracy 0.877001
epoch 1060, training accuracy 0.877417
epoch 1070, training accuracy 0.877833
epoch 1080, training accuracy 0.878041
epoch 1090, training accuracy 0.878145
epoch 1100, training accuracy 0.878041
epoch 1110, training accuracy 0.878145
epoch 1120, training accuracy 0.877833
epoch 1130, training accuracy 0.877729
epoch 1140, training accuracy 0.878041
epoch 1150, training accuracy 0.878145
epoch 1160, training accuracy 0.878353
epoch 1170, training accuracy 0.878665
epoch 1180, training accuracy 0.878977
epoch 1190, training accuracy 0.878977
epoch 1200, training accuracy 0.879081
epoch 1210, training accuracy 0.879393
epoch 1220, training accuracy 0.879705
epoch 1230, training accuracy 0.879601
epoch 1240, training accuracy 0.879705
epoch 1250, training accuracy 0.879809
epoch 1260, training accuracy 0.879913
epoch 1270, training accuracy 0.879601
epoch 1280, training accuracy 0.879393
epoch 1290, training accuracy 0.879185
epoch 1300, training accuracy 0.879393
epoch 1310, training accuracy 0.879497
epoch 1320, training accuracy 0.879497
epoch 1330, training accuracy 0.879705
epoch 1340, training accuracy 0.879289
epoch 1350, training accuracy 0.879289
epoch 1360, training accuracy 0.879393
epoch 1370, training accuracy 0.879393
epoch 1380, training accuracy 0.879601
epoch 1390, training accuracy 0.879809
epoch 1400, training accuracy 0.879913
epoch 1410, training accuracy 0.880121
epoch 1420, training accuracy 0.880433
epoch 1430, training accuracy 0.880329
epoch 1440, training accuracy 0.880225
epoch 1450, training accuracy 0.880121
epoch 1460, training accuracy 0.880017
epoch 1470, training accuracy 0.880121
epoch 1480, training accuracy 0.880225
epoch 1490, training accuracy 0.880329
epoch 1500, training accuracy 0.880329
epoch 1510, training accuracy 0.880225
epoch 1520, training accuracy 0.880225
epoch 1530, training accuracy 0.880329
epoch 1540, training accuracy 0.880433
epoch 1550, training accuracy 0.880329
epoch 1560, training accuracy 0.880329
epoch 1570, training accuracy 0.880329
epoch 1580, training accuracy 0.880225
epoch 1590, training accuracy 0.880121
epoch 1600, training accuracy 0.880225
epoch 1610, training accuracy 0.880329
epoch 1620, training accuracy 0.880329
epoch 1630, training accuracy 0.880536
epoch 1640, training accuracy 0.880536
epoch 1650, training accuracy 0.880536
epoch 1660, training accuracy 0.880848
epoch 1670, training accuracy 0.880952
epoch 1680, training accuracy 0.881056
epoch 1690, training accuracy 0.881056
epoch 1700, training accuracy 0.881160
epoch 1710, training accuracy 0.881264
epoch 1720, training accuracy 0.881264
epoch 1730, training accuracy 0.881576
epoch 1740, training accuracy 0.881576
epoch 1750, training accuracy 0.881680
epoch 1760, training accuracy 0.881576
epoch 1770, training accuracy 0.881264
epoch 1780, training accuracy 0.881264
epoch 1790, training accuracy 0.881368
epoch 1800, training accuracy 0.881472
epoch 1810, training accuracy 0.881472
epoch 1820, training accuracy 0.881472
epoch 1830, training accuracy 0.881472
epoch 1840, training accuracy 0.881472
epoch 1850, training accuracy 0.881472
epoch 1860, training accuracy 0.881680
epoch 1870, training accuracy 0.881888
epoch 1880, training accuracy 0.881888
epoch 1890, training accuracy 0.881992
epoch 1900, training accuracy 0.882096
epoch 1910, training accuracy 0.881992
epoch 1920, training accuracy 0.882096
epoch 1930, training accuracy 0.882304
epoch 1940, training accuracy 0.882304
epoch 1950, training accuracy 0.882200
epoch 1960, training accuracy 0.882200
epoch 1970, training accuracy 0.882304
epoch 1980, training accuracy 0.882304
epoch 1990, training accuracy 0.882304
epoch 2000, training accuracy 0.882304
epoch 2010, training accuracy 0.882096
epoch 2020, training accuracy 0.881992
epoch 2030, training accuracy 0.881992
epoch 2040, training accuracy 0.881888
epoch 2050, training accuracy 0.881992
epoch 2060, training accuracy 0.882200
epoch 2070, training accuracy 0.882200
epoch 2080, training accuracy 0.882096
epoch 2090, training accuracy 0.881992
epoch 2100, training accuracy 0.881992
epoch 2110, training accuracy 0.881992
epoch 2120, training accuracy 0.881992
epoch 2130, training accuracy 0.881992
epoch 2140, training accuracy 0.881992
epoch 2150, training accuracy 0.881992
epoch 2160, training accuracy 0.881992
epoch 2170, training accuracy 0.881992
epoch 2180, training accuracy 0.881992
epoch 2190, training accuracy 0.881992
epoch 2200, training accuracy 0.882096
epoch 2210, training accuracy 0.882200
epoch 2220, training accuracy 0.882200
epoch 2230, training accuracy 0.882096
epoch 2240, training accuracy 0.882096
epoch 2250, training accuracy 0.882096
epoch 2260, training accuracy 0.882096
epoch 2270, training accuracy 0.882096
epoch 2280, training accuracy 0.882200
epoch 2290, training accuracy 0.882408
epoch 2300, training accuracy 0.882512
epoch 2310, training accuracy 0.882408
epoch 2320, training accuracy 0.882512
epoch 2330, training accuracy 0.882616
epoch 2340, training accuracy 0.882616
epoch 2350, training accuracy 0.882616
epoch 2360, training accuracy 0.882512
epoch 2370, training accuracy 0.882512
epoch 2380, training accuracy 0.882408
epoch 2390, training accuracy 0.882616
epoch 2400, training accuracy 0.882512
epoch 2410, training accuracy 0.882408
epoch 2420, training accuracy 0.882304
epoch 2430, training accuracy 0.882304
epoch 2440, training accuracy 0.882304
epoch 2450, training accuracy 0.882408
epoch 2460, training accuracy 0.882408
epoch 2470, training accuracy 0.882408
epoch 2480, training accuracy 0.882408
epoch 2490, training accuracy 0.882512
epoch 2500, training accuracy 0.882512
epoch 2510, training accuracy 0.882512
epoch 2520, training accuracy 0.882616
epoch 2530, training accuracy 0.882616
epoch 2540, training accuracy 0.882824
epoch 2550, training accuracy 0.882824
epoch 2560, training accuracy 0.882824
epoch 2570, training accuracy 0.882824
epoch 2580, training accuracy 0.882824
epoch 2590, training accuracy 0.882824
epoch 2600, training accuracy 0.882928
epoch 2610, training accuracy 0.882824
epoch 2620, training accuracy 0.882824
epoch 2630, training accuracy 0.882720
epoch 2640, training accuracy 0.882720
epoch 2650, training accuracy 0.882720
epoch 2660, training accuracy 0.882616
epoch 2670, training accuracy 0.882616
epoch 2680, training accuracy 0.882616
epoch 2690, training accuracy 0.882616
epoch 2700, training accuracy 0.882720
epoch 2710, training accuracy 0.882616
epoch 2720, training accuracy 0.882616
epoch 2730, training accuracy 0.882616
epoch 2740, training accuracy 0.882616
epoch 2750, training accuracy 0.882616
epoch 2760, training accuracy 0.882616
epoch 2770, training accuracy 0.882720
epoch 2780, training accuracy 0.882720
epoch 2790, training accuracy 0.882720
epoch 2800, training accuracy 0.882720
epoch 2810, training accuracy 0.882824
epoch 2820, training accuracy 0.882824
epoch 2830, training accuracy 0.882720
epoch 2840, training accuracy 0.882720
epoch 2850, training accuracy 0.882720
epoch 2860, training accuracy 0.882720
epoch 2870, training accuracy 0.882824
epoch 2880, training accuracy 0.882824
epoch 2890, training accuracy 0.882824
epoch 2900, training accuracy 0.882824
epoch 2910, training accuracy 0.882824
epoch 2920, training accuracy 0.882928
epoch 2930, training accuracy 0.882928
epoch 2940, training accuracy 0.882928
epoch 2950, training accuracy 0.883032
epoch 2960, training accuracy 0.883032
epoch 2970, training accuracy 0.883032
epoch 2980, training accuracy 0.883136
epoch 2990, training accuracy 0.883136
epoch 3000, training accuracy 0.882824
/tmp/live_love_validate.py loaded, containing 2426 entries, class distribution: [1213 1213]
correct: [937, 929]
incorrect: [70, 78]
accuracy: [0.9304865938430983, 0.9225422045680238]
unclassified: [206, 206]
total accuracy: [0.7724649629018961, 0.7658697444352844]
Sun Oct 22 21:55:58 CEST 2017 finished, res_training/eng/live_love
