Sun Oct 22 15:45:37 CEST 2017 create_training_files
/tmp/avião_união
1917 lines
1067 avião
850 união
/tmp/avião_união_training
1534 lines
859 avião
675 união
/tmp/avião_união_validate
383 lines
208 avião
175 união
generate /tmp/avião_união_training.py, /tmp/avião_união_validate.py
:compileJava UP-TO-DATE
:processResources UP-TO-DATE
:classes UP-TO-DATE
:createNGramDatabase
Reading /tmp/avião_união_training
Tokenizing
undersampling to 695
/tmp/avião_união_training.pycreated
Reading /tmp/avião_união_validate
Tokenizing
undersampling to 180
/tmp/avião_união_validate.pycreated

BUILD SUCCESSFUL

Total time: 5.105 secs

This build could be faster, please consider using the Gradle Daemon: https://docs.gradle.org/2.10/userguide/gradle_daemon.html
Sun Oct 22 15:45:48 CEST 2017 create_classifier
{'num_outputs': 2, 'dictionary_path': 'res_training/por/embedding/dictionary.txt', 'self': <__main__.NeuralNetwork object at 0x2b2ddb75aa58>, 'epochs': 3000, 'embedding_path': 'res_training/por/embedding/final_embeddings.txt', 'num_inputs': 4, 'use_flex_hidden_layer': False, 'training_data_file': '/tmp/avião_união_training.py', 'batch_size': 1000}
embedding shape (44676, 64)
/tmp/avião_união_training.py loaded, containing 1390 entries, class distribution: [695 695]
Steps: 3000, 1 steps in 3000 epochs
epoch 0, training accuracy 0.566187
epoch 10, training accuracy 0.576259
epoch 20, training accuracy 0.585612
epoch 30, training accuracy 0.594245
epoch 40, training accuracy 0.603597
epoch 50, training accuracy 0.612950
epoch 60, training accuracy 0.625180
epoch 70, training accuracy 0.638129
epoch 80, training accuracy 0.651799
epoch 90, training accuracy 0.661151
epoch 100, training accuracy 0.668345
epoch 110, training accuracy 0.678417
epoch 120, training accuracy 0.684173
epoch 130, training accuracy 0.694245
epoch 140, training accuracy 0.702158
epoch 150, training accuracy 0.710072
epoch 160, training accuracy 0.720863
epoch 170, training accuracy 0.727338
epoch 180, training accuracy 0.734532
epoch 190, training accuracy 0.741007
epoch 200, training accuracy 0.752518
epoch 210, training accuracy 0.755396
epoch 220, training accuracy 0.764029
epoch 230, training accuracy 0.766906
epoch 240, training accuracy 0.773381
epoch 250, training accuracy 0.779856
epoch 260, training accuracy 0.784173
epoch 270, training accuracy 0.788489
epoch 280, training accuracy 0.790648
epoch 290, training accuracy 0.796403
epoch 300, training accuracy 0.802878
epoch 310, training accuracy 0.805755
epoch 320, training accuracy 0.810791
epoch 330, training accuracy 0.820863
epoch 340, training accuracy 0.826619
epoch 350, training accuracy 0.832374
epoch 360, training accuracy 0.835971
epoch 370, training accuracy 0.838130
epoch 380, training accuracy 0.842446
epoch 390, training accuracy 0.846043
epoch 400, training accuracy 0.849640
epoch 410, training accuracy 0.853237
epoch 420, training accuracy 0.856835
epoch 430, training accuracy 0.858993
epoch 440, training accuracy 0.864029
epoch 450, training accuracy 0.869784
epoch 460, training accuracy 0.876978
epoch 470, training accuracy 0.879856
epoch 480, training accuracy 0.883453
epoch 490, training accuracy 0.884892
epoch 500, training accuracy 0.887050
epoch 510, training accuracy 0.891367
epoch 520, training accuracy 0.892806
epoch 530, training accuracy 0.893525
epoch 540, training accuracy 0.895683
epoch 550, training accuracy 0.897842
epoch 560, training accuracy 0.899281
epoch 570, training accuracy 0.901439
epoch 580, training accuracy 0.902878
epoch 590, training accuracy 0.909353
epoch 600, training accuracy 0.911511
epoch 610, training accuracy 0.914388
epoch 620, training accuracy 0.914388
epoch 630, training accuracy 0.914388
epoch 640, training accuracy 0.914388
epoch 650, training accuracy 0.914388
epoch 660, training accuracy 0.915827
epoch 670, training accuracy 0.917266
epoch 680, training accuracy 0.918705
epoch 690, training accuracy 0.920144
epoch 700, training accuracy 0.920863
epoch 710, training accuracy 0.921583
epoch 720, training accuracy 0.922302
epoch 730, training accuracy 0.922302
epoch 740, training accuracy 0.924460
epoch 750, training accuracy 0.924460
epoch 760, training accuracy 0.924460
epoch 770, training accuracy 0.925180
epoch 780, training accuracy 0.925180
epoch 790, training accuracy 0.925899
epoch 800, training accuracy 0.928058
epoch 810, training accuracy 0.928777
epoch 820, training accuracy 0.930216
epoch 830, training accuracy 0.930935
epoch 840, training accuracy 0.931655
epoch 850, training accuracy 0.932374
epoch 860, training accuracy 0.933813
epoch 870, training accuracy 0.934532
epoch 880, training accuracy 0.935971
epoch 890, training accuracy 0.937410
epoch 900, training accuracy 0.938129
epoch 910, training accuracy 0.938129
epoch 920, training accuracy 0.938129
epoch 930, training accuracy 0.938849
epoch 940, training accuracy 0.938849
epoch 950, training accuracy 0.941007
epoch 960, training accuracy 0.941007
epoch 970, training accuracy 0.941727
epoch 980, training accuracy 0.942446
epoch 990, training accuracy 0.942446
epoch 1000, training accuracy 0.943165
epoch 1010, training accuracy 0.944604
epoch 1020, training accuracy 0.944604
epoch 1030, training accuracy 0.946043
epoch 1040, training accuracy 0.946043
epoch 1050, training accuracy 0.946763
epoch 1060, training accuracy 0.946763
epoch 1070, training accuracy 0.946763
epoch 1080, training accuracy 0.946763
epoch 1090, training accuracy 0.951079
epoch 1100, training accuracy 0.951079
epoch 1110, training accuracy 0.951079
epoch 1120, training accuracy 0.951799
epoch 1130, training accuracy 0.952518
epoch 1140, training accuracy 0.952518
epoch 1150, training accuracy 0.953957
epoch 1160, training accuracy 0.953957
epoch 1170, training accuracy 0.953957
epoch 1180, training accuracy 0.954676
epoch 1190, training accuracy 0.955396
epoch 1200, training accuracy 0.955396
epoch 1210, training accuracy 0.956835
epoch 1220, training accuracy 0.956835
epoch 1230, training accuracy 0.957554
epoch 1240, training accuracy 0.958273
epoch 1250, training accuracy 0.958273
epoch 1260, training accuracy 0.958273
epoch 1270, training accuracy 0.958993
epoch 1280, training accuracy 0.960432
epoch 1290, training accuracy 0.960432
epoch 1300, training accuracy 0.960432
epoch 1310, training accuracy 0.961870
epoch 1320, training accuracy 0.963309
epoch 1330, training accuracy 0.963309
epoch 1340, training accuracy 0.963309
epoch 1350, training accuracy 0.963309
epoch 1360, training accuracy 0.964748
epoch 1370, training accuracy 0.964748
epoch 1380, training accuracy 0.964748
epoch 1390, training accuracy 0.964748
epoch 1400, training accuracy 0.964748
epoch 1410, training accuracy 0.964748
epoch 1420, training accuracy 0.964748
epoch 1430, training accuracy 0.965468
epoch 1440, training accuracy 0.965468
epoch 1450, training accuracy 0.966187
epoch 1460, training accuracy 0.966906
epoch 1470, training accuracy 0.966906
epoch 1480, training accuracy 0.966906
epoch 1490, training accuracy 0.966906
epoch 1500, training accuracy 0.966906
epoch 1510, training accuracy 0.967626
epoch 1520, training accuracy 0.967626
epoch 1530, training accuracy 0.967626
epoch 1540, training accuracy 0.968345
epoch 1550, training accuracy 0.968345
epoch 1560, training accuracy 0.966906
epoch 1570, training accuracy 0.966906
epoch 1580, training accuracy 0.966906
epoch 1590, training accuracy 0.966906
epoch 1600, training accuracy 0.967626
epoch 1610, training accuracy 0.967626
epoch 1620, training accuracy 0.967626
epoch 1630, training accuracy 0.967626
epoch 1640, training accuracy 0.968345
epoch 1650, training accuracy 0.968345
epoch 1660, training accuracy 0.968345
epoch 1670, training accuracy 0.968345
epoch 1680, training accuracy 0.968345
epoch 1690, training accuracy 0.968345
epoch 1700, training accuracy 0.968345
epoch 1710, training accuracy 0.968345
epoch 1720, training accuracy 0.968345
epoch 1730, training accuracy 0.968345
epoch 1740, training accuracy 0.968345
epoch 1750, training accuracy 0.968345
epoch 1760, training accuracy 0.968345
epoch 1770, training accuracy 0.969065
epoch 1780, training accuracy 0.969065
epoch 1790, training accuracy 0.969065
epoch 1800, training accuracy 0.969065
epoch 1810, training accuracy 0.969065
epoch 1820, training accuracy 0.969065
epoch 1830, training accuracy 0.969065
epoch 1840, training accuracy 0.969065
epoch 1850, training accuracy 0.969065
epoch 1860, training accuracy 0.969065
epoch 1870, training accuracy 0.969784
epoch 1880, training accuracy 0.969784
epoch 1890, training accuracy 0.970504
epoch 1900, training accuracy 0.970504
epoch 1910, training accuracy 0.970504
epoch 1920, training accuracy 0.970504
epoch 1930, training accuracy 0.971223
epoch 1940, training accuracy 0.971223
epoch 1950, training accuracy 0.971223
epoch 1960, training accuracy 0.971223
epoch 1970, training accuracy 0.971942
epoch 1980, training accuracy 0.971942
epoch 1990, training accuracy 0.971942
epoch 2000, training accuracy 0.971942
epoch 2010, training accuracy 0.971942
epoch 2020, training accuracy 0.971942
epoch 2030, training accuracy 0.971942
epoch 2040, training accuracy 0.971942
epoch 2050, training accuracy 0.971942
epoch 2060, training accuracy 0.971942
epoch 2070, training accuracy 0.971942
epoch 2080, training accuracy 0.971942
epoch 2090, training accuracy 0.971942
epoch 2100, training accuracy 0.971942
epoch 2110, training accuracy 0.971942
epoch 2120, training accuracy 0.971942
epoch 2130, training accuracy 0.971942
epoch 2140, training accuracy 0.971942
epoch 2150, training accuracy 0.971942
epoch 2160, training accuracy 0.971942
epoch 2170, training accuracy 0.971942
epoch 2180, training accuracy 0.971942
epoch 2190, training accuracy 0.972662
epoch 2200, training accuracy 0.972662
epoch 2210, training accuracy 0.972662
epoch 2220, training accuracy 0.972662
epoch 2230, training accuracy 0.972662
epoch 2240, training accuracy 0.972662
epoch 2250, training accuracy 0.972662
epoch 2260, training accuracy 0.972662
epoch 2270, training accuracy 0.972662
epoch 2280, training accuracy 0.972662
epoch 2290, training accuracy 0.972662
epoch 2300, training accuracy 0.973381
epoch 2310, training accuracy 0.973381
epoch 2320, training accuracy 0.973381
epoch 2330, training accuracy 0.973381
epoch 2340, training accuracy 0.974101
epoch 2350, training accuracy 0.974101
epoch 2360, training accuracy 0.974820
epoch 2370, training accuracy 0.975540
epoch 2380, training accuracy 0.976259
epoch 2390, training accuracy 0.976259
epoch 2400, training accuracy 0.976978
epoch 2410, training accuracy 0.976978
epoch 2420, training accuracy 0.976978
epoch 2430, training accuracy 0.977698
epoch 2440, training accuracy 0.977698
epoch 2450, training accuracy 0.977698
epoch 2460, training accuracy 0.977698
epoch 2470, training accuracy 0.977698
epoch 2480, training accuracy 0.977698
epoch 2490, training accuracy 0.978417
epoch 2500, training accuracy 0.978417
epoch 2510, training accuracy 0.979137
epoch 2520, training accuracy 0.979137
epoch 2530, training accuracy 0.979137
epoch 2540, training accuracy 0.979137
epoch 2550, training accuracy 0.979137
epoch 2560, training accuracy 0.979137
epoch 2570, training accuracy 0.979137
epoch 2580, training accuracy 0.979137
epoch 2590, training accuracy 0.979856
epoch 2600, training accuracy 0.979856
epoch 2610, training accuracy 0.979856
epoch 2620, training accuracy 0.979856
epoch 2630, training accuracy 0.979856
epoch 2640, training accuracy 0.979856
epoch 2650, training accuracy 0.979856
epoch 2660, training accuracy 0.979856
epoch 2670, training accuracy 0.979856
epoch 2680, training accuracy 0.979856
epoch 2690, training accuracy 0.979856
epoch 2700, training accuracy 0.979856
epoch 2710, training accuracy 0.979856
epoch 2720, training accuracy 0.979856
epoch 2730, training accuracy 0.980576
epoch 2740, training accuracy 0.980576
epoch 2750, training accuracy 0.980576
epoch 2760, training accuracy 0.980576
epoch 2770, training accuracy 0.980576
epoch 2780, training accuracy 0.980576
epoch 2790, training accuracy 0.980576
epoch 2800, training accuracy 0.980576
epoch 2810, training accuracy 0.980576
epoch 2820, training accuracy 0.980576
epoch 2830, training accuracy 0.981295
epoch 2840, training accuracy 0.981295
epoch 2850, training accuracy 0.981295
epoch 2860, training accuracy 0.981295
epoch 2870, training accuracy 0.981295
epoch 2880, training accuracy 0.981295
epoch 2890, training accuracy 0.981295
epoch 2900, training accuracy 0.981295
epoch 2910, training accuracy 0.981295
epoch 2920, training accuracy 0.981295
epoch 2930, training accuracy 0.981295
epoch 2940, training accuracy 0.981295
epoch 2950, training accuracy 0.981295
epoch 2960, training accuracy 0.981295
epoch 2970, training accuracy 0.981295
epoch 2980, training accuracy 0.981295
epoch 2990, training accuracy 0.981295
epoch 3000, training accuracy 0.981295
/tmp/avião_união_validate.py loaded, containing 360 entries, class distribution: [180 180]
correct: [152, 154]
incorrect: [0, 2]
accuracy: [1.0, 0.9871794871794872]
unclassified: [28, 24]
total accuracy: [0.8444444444444444, 0.8555555555555555]
Sun Oct 22 15:46:08 CEST 2017 finished, res_training/por/avião_união
