Sun Oct 22 21:46:39 CEST 2017 create_training_files
/tmp/leave_live
10877 lines
4554 leave
6343 live
/tmp/leave_live_training
8702 lines
3659 leave
5058 live
/tmp/leave_live_validate
2175 lines
895 leave
1285 live
generate /tmp/leave_live_training.py, /tmp/leave_live_validate.py
:compileJava UP-TO-DATE
:processResources UP-TO-DATE
:classes UP-TO-DATE
:createNGramDatabase
Reading /tmp/leave_live_training
Tokenizing
undersampling to 3727
/tmp/leave_live_training.pycreated
Reading /tmp/leave_live_validate
Tokenizing
undersampling to 911
/tmp/leave_live_validate.pycreated

BUILD SUCCESSFUL

Total time: 5.666 secs

This build could be faster, please consider using the Gradle Daemon: https://docs.gradle.org/2.10/userguide/gradle_daemon.html
Sun Oct 22 21:46:52 CEST 2017 create_classifier
{'epochs': 3000, 'self': <__main__.NeuralNetwork object at 0x2acdb1041a58>, 'dictionary_path': 'res_training/eng/embedding/dictionary.txt', 'batch_size': 1000, 'num_outputs': 2, 'use_flex_hidden_layer': False, 'num_inputs': 4, 'training_data_file': '/tmp/leave_live_training.py', 'embedding_path': 'res_training/eng/embedding/final_embeddings.txt'}
embedding shape (42122, 64)
/tmp/leave_live_training.py loaded, containing 7454 entries, class distribution: [3727 3727]
Steps: 21000, 7 steps in 3000 epochs
epoch 0, training accuracy 0.503891
epoch 10, training accuracy 0.522941
epoch 20, training accuracy 0.561175
epoch 30, training accuracy 0.599678
epoch 40, training accuracy 0.634693
epoch 50, training accuracy 0.665951
epoch 60, training accuracy 0.688892
epoch 70, training accuracy 0.708479
epoch 80, training accuracy 0.726053
epoch 90, training accuracy 0.738798
epoch 100, training accuracy 0.750335
epoch 110, training accuracy 0.758921
epoch 120, training accuracy 0.767239
epoch 130, training accuracy 0.775691
epoch 140, training accuracy 0.781996
epoch 150, training accuracy 0.787765
epoch 160, training accuracy 0.792192
epoch 170, training accuracy 0.796217
epoch 180, training accuracy 0.799839
epoch 190, training accuracy 0.804400
epoch 200, training accuracy 0.808023
epoch 210, training accuracy 0.811913
epoch 220, training accuracy 0.815267
epoch 230, training accuracy 0.819292
epoch 240, training accuracy 0.821841
epoch 250, training accuracy 0.825060
epoch 260, training accuracy 0.826670
epoch 270, training accuracy 0.827743
epoch 280, training accuracy 0.829353
epoch 290, training accuracy 0.830024
epoch 300, training accuracy 0.830427
epoch 310, training accuracy 0.832171
epoch 320, training accuracy 0.833646
epoch 330, training accuracy 0.834988
epoch 340, training accuracy 0.836061
epoch 350, training accuracy 0.838208
epoch 360, training accuracy 0.840891
epoch 370, training accuracy 0.842232
epoch 380, training accuracy 0.842635
epoch 390, training accuracy 0.843708
epoch 400, training accuracy 0.844245
epoch 410, training accuracy 0.844916
epoch 420, training accuracy 0.846257
epoch 430, training accuracy 0.846525
epoch 440, training accuracy 0.847733
epoch 450, training accuracy 0.850013
epoch 460, training accuracy 0.849879
epoch 470, training accuracy 0.850953
epoch 480, training accuracy 0.852697
epoch 490, training accuracy 0.854038
epoch 500, training accuracy 0.854441
epoch 510, training accuracy 0.855782
epoch 520, training accuracy 0.855916
epoch 530, training accuracy 0.855916
epoch 540, training accuracy 0.856721
epoch 550, training accuracy 0.856721
epoch 560, training accuracy 0.857258
epoch 570, training accuracy 0.858599
epoch 580, training accuracy 0.859136
epoch 590, training accuracy 0.859270
epoch 600, training accuracy 0.859270
epoch 610, training accuracy 0.859538
epoch 620, training accuracy 0.859673
epoch 630, training accuracy 0.860343
epoch 640, training accuracy 0.860209
epoch 650, training accuracy 0.860478
epoch 660, training accuracy 0.861283
epoch 670, training accuracy 0.861685
epoch 680, training accuracy 0.862087
epoch 690, training accuracy 0.862758
epoch 700, training accuracy 0.863295
epoch 710, training accuracy 0.863295
epoch 720, training accuracy 0.863429
epoch 730, training accuracy 0.863832
epoch 740, training accuracy 0.864368
epoch 750, training accuracy 0.864368
epoch 760, training accuracy 0.865039
epoch 770, training accuracy 0.865173
epoch 780, training accuracy 0.865307
epoch 790, training accuracy 0.865576
epoch 800, training accuracy 0.865978
epoch 810, training accuracy 0.866246
epoch 820, training accuracy 0.866783
epoch 830, training accuracy 0.867051
epoch 840, training accuracy 0.867051
epoch 850, training accuracy 0.867588
epoch 860, training accuracy 0.868124
epoch 870, training accuracy 0.868527
epoch 880, training accuracy 0.868929
epoch 890, training accuracy 0.868929
epoch 900, training accuracy 0.869064
epoch 910, training accuracy 0.869734
epoch 920, training accuracy 0.870271
epoch 930, training accuracy 0.870539
epoch 940, training accuracy 0.870271
epoch 950, training accuracy 0.870942
epoch 960, training accuracy 0.871210
epoch 970, training accuracy 0.872149
epoch 980, training accuracy 0.872283
epoch 990, training accuracy 0.872283
epoch 1000, training accuracy 0.872015
epoch 1010, training accuracy 0.872552
epoch 1020, training accuracy 0.872820
epoch 1030, training accuracy 0.872954
epoch 1040, training accuracy 0.873088
epoch 1050, training accuracy 0.872954
epoch 1060, training accuracy 0.873088
epoch 1070, training accuracy 0.873222
epoch 1080, training accuracy 0.873759
epoch 1090, training accuracy 0.873893
epoch 1100, training accuracy 0.873625
epoch 1110, training accuracy 0.873893
epoch 1120, training accuracy 0.873893
epoch 1130, training accuracy 0.874162
epoch 1140, training accuracy 0.874296
epoch 1150, training accuracy 0.874430
epoch 1160, training accuracy 0.874430
epoch 1170, training accuracy 0.874564
epoch 1180, training accuracy 0.874832
epoch 1190, training accuracy 0.875101
epoch 1200, training accuracy 0.875101
epoch 1210, training accuracy 0.875369
epoch 1220, training accuracy 0.875637
epoch 1230, training accuracy 0.875637
epoch 1240, training accuracy 0.875369
epoch 1250, training accuracy 0.875101
epoch 1260, training accuracy 0.875235
epoch 1270, training accuracy 0.875101
epoch 1280, training accuracy 0.875101
epoch 1290, training accuracy 0.875235
epoch 1300, training accuracy 0.875369
epoch 1310, training accuracy 0.875503
epoch 1320, training accuracy 0.875369
epoch 1330, training accuracy 0.875771
epoch 1340, training accuracy 0.875503
epoch 1350, training accuracy 0.875369
epoch 1360, training accuracy 0.875771
epoch 1370, training accuracy 0.876174
epoch 1380, training accuracy 0.876174
epoch 1390, training accuracy 0.876174
epoch 1400, training accuracy 0.877515
epoch 1410, training accuracy 0.877515
epoch 1420, training accuracy 0.877381
epoch 1430, training accuracy 0.877515
epoch 1440, training accuracy 0.877650
epoch 1450, training accuracy 0.877784
epoch 1460, training accuracy 0.877784
epoch 1470, training accuracy 0.877784
epoch 1480, training accuracy 0.877381
epoch 1490, training accuracy 0.877247
epoch 1500, training accuracy 0.877515
epoch 1510, training accuracy 0.877247
epoch 1520, training accuracy 0.876845
epoch 1530, training accuracy 0.876710
epoch 1540, training accuracy 0.876979
epoch 1550, training accuracy 0.876979
epoch 1560, training accuracy 0.876845
epoch 1570, training accuracy 0.877113
epoch 1580, training accuracy 0.877381
epoch 1590, training accuracy 0.877515
epoch 1600, training accuracy 0.877650
epoch 1610, training accuracy 0.877650
epoch 1620, training accuracy 0.877381
epoch 1630, training accuracy 0.877515
epoch 1640, training accuracy 0.877515
epoch 1650, training accuracy 0.877515
epoch 1660, training accuracy 0.877515
epoch 1670, training accuracy 0.877515
epoch 1680, training accuracy 0.877381
epoch 1690, training accuracy 0.877515
epoch 1700, training accuracy 0.877247
epoch 1710, training accuracy 0.877381
epoch 1720, training accuracy 0.877515
epoch 1730, training accuracy 0.877247
epoch 1740, training accuracy 0.877515
epoch 1750, training accuracy 0.877515
epoch 1760, training accuracy 0.877515
epoch 1770, training accuracy 0.877515
epoch 1780, training accuracy 0.877381
epoch 1790, training accuracy 0.877113
epoch 1800, training accuracy 0.876979
epoch 1810, training accuracy 0.876845
epoch 1820, training accuracy 0.876845
epoch 1830, training accuracy 0.876710
epoch 1840, training accuracy 0.876576
epoch 1850, training accuracy 0.876442
epoch 1860, training accuracy 0.876442
epoch 1870, training accuracy 0.876442
epoch 1880, training accuracy 0.876576
epoch 1890, training accuracy 0.876979
epoch 1900, training accuracy 0.876979
epoch 1910, training accuracy 0.877113
epoch 1920, training accuracy 0.877113
epoch 1930, training accuracy 0.876979
epoch 1940, training accuracy 0.876979
epoch 1950, training accuracy 0.876979
epoch 1960, training accuracy 0.877113
epoch 1970, training accuracy 0.877113
epoch 1980, training accuracy 0.877247
epoch 1990, training accuracy 0.877113
epoch 2000, training accuracy 0.876979
epoch 2010, training accuracy 0.876979
epoch 2020, training accuracy 0.877247
epoch 2030, training accuracy 0.877113
epoch 2040, training accuracy 0.877381
epoch 2050, training accuracy 0.877515
epoch 2060, training accuracy 0.877515
epoch 2070, training accuracy 0.877515
epoch 2080, training accuracy 0.877650
epoch 2090, training accuracy 0.877650
epoch 2100, training accuracy 0.877784
epoch 2110, training accuracy 0.877918
epoch 2120, training accuracy 0.877918
epoch 2130, training accuracy 0.878186
epoch 2140, training accuracy 0.878186
epoch 2150, training accuracy 0.878052
epoch 2160, training accuracy 0.878052
epoch 2170, training accuracy 0.878052
epoch 2180, training accuracy 0.878052
epoch 2190, training accuracy 0.878052
epoch 2200, training accuracy 0.878052
epoch 2210, training accuracy 0.878186
epoch 2220, training accuracy 0.878052
epoch 2230, training accuracy 0.878052
epoch 2240, training accuracy 0.878186
epoch 2250, training accuracy 0.878186
epoch 2260, training accuracy 0.878186
epoch 2270, training accuracy 0.878186
epoch 2280, training accuracy 0.878052
epoch 2290, training accuracy 0.878052
epoch 2300, training accuracy 0.878052
epoch 2310, training accuracy 0.878052
epoch 2320, training accuracy 0.878186
epoch 2330, training accuracy 0.878186
epoch 2340, training accuracy 0.878186
epoch 2350, training accuracy 0.878052
epoch 2360, training accuracy 0.878052
epoch 2370, training accuracy 0.878052
epoch 2380, training accuracy 0.878052
epoch 2390, training accuracy 0.878186
epoch 2400, training accuracy 0.878186
epoch 2410, training accuracy 0.878186
epoch 2420, training accuracy 0.878320
epoch 2430, training accuracy 0.878052
epoch 2440, training accuracy 0.878186
epoch 2450, training accuracy 0.878186
epoch 2460, training accuracy 0.878186
epoch 2470, training accuracy 0.878186
epoch 2480, training accuracy 0.878320
epoch 2490, training accuracy 0.878320
epoch 2500, training accuracy 0.878052
epoch 2510, training accuracy 0.878186
epoch 2520, training accuracy 0.878186
epoch 2530, training accuracy 0.878052
epoch 2540, training accuracy 0.878052
epoch 2550, training accuracy 0.878052
epoch 2560, training accuracy 0.878052
epoch 2570, training accuracy 0.878052
epoch 2580, training accuracy 0.878052
epoch 2590, training accuracy 0.877918
epoch 2600, training accuracy 0.877784
epoch 2610, training accuracy 0.877784
epoch 2620, training accuracy 0.877918
epoch 2630, training accuracy 0.877918
epoch 2640, training accuracy 0.878052
epoch 2650, training accuracy 0.878052
epoch 2660, training accuracy 0.878052
epoch 2670, training accuracy 0.878052
epoch 2680, training accuracy 0.878052
epoch 2690, training accuracy 0.878052
epoch 2700, training accuracy 0.877918
epoch 2710, training accuracy 0.877918
epoch 2720, training accuracy 0.877918
epoch 2730, training accuracy 0.877918
epoch 2740, training accuracy 0.877918
epoch 2750, training accuracy 0.878052
epoch 2760, training accuracy 0.878186
epoch 2770, training accuracy 0.878186
epoch 2780, training accuracy 0.878186
epoch 2790, training accuracy 0.878186
epoch 2800, training accuracy 0.878186
epoch 2810, training accuracy 0.878186
epoch 2820, training accuracy 0.878320
epoch 2830, training accuracy 0.878320
epoch 2840, training accuracy 0.878320
epoch 2850, training accuracy 0.878320
epoch 2860, training accuracy 0.878455
epoch 2870, training accuracy 0.878455
epoch 2880, training accuracy 0.878589
epoch 2890, training accuracy 0.878589
epoch 2900, training accuracy 0.878589
epoch 2910, training accuracy 0.878589
epoch 2920, training accuracy 0.878723
epoch 2930, training accuracy 0.878723
epoch 2940, training accuracy 0.878723
epoch 2950, training accuracy 0.878723
epoch 2960, training accuracy 0.878723
epoch 2970, training accuracy 0.878723
epoch 2980, training accuracy 0.878723
epoch 2990, training accuracy 0.878723
epoch 3000, training accuracy 0.878723
/tmp/leave_live_validate.py loaded, containing 1822 entries, class distribution: [911 911]
correct: [678, 701]
incorrect: [56, 51]
accuracy: [0.9237057220708447, 0.9321808510638298]
unclassified: [177, 159]
total accuracy: [0.7442371020856202, 0.7694840834248079]
Sun Oct 22 21:48:16 CEST 2017 finished, res_training/eng/leave_live
