Sun Oct 22 19:13:20 CEST 2017 create_training_files
/tmp/by_my
127951 lines
100956 by
28288 my
/tmp/by_my_training
102361 lines
80727 by
22666 my
/tmp/by_my_validate
25590 lines
20229 by
5622 my
generate /tmp/by_my_training.py, /tmp/by_my_validate.py
:compileJava UP-TO-DATE
:processResources UP-TO-DATE
:classes UP-TO-DATE
:createNGramDatabase
Reading /tmp/by_my_training
Tokenizing
undersampling to 25421
/tmp/by_my_training.pycreated
Reading /tmp/by_my_validate
Tokenizing
undersampling to 6278
/tmp/by_my_validate.pycreated

BUILD SUCCESSFUL

Total time: 16.063 secs

This build could be faster, please consider using the Gradle Daemon: https://docs.gradle.org/2.10/userguide/gradle_daemon.html
Sun Oct 22 19:13:42 CEST 2017 create_classifier
{'self': <__main__.NeuralNetwork object at 0x2b0d21a3da58>, 'num_inputs': 4, 'num_outputs': 2, 'embedding_path': 'res_training/eng/embedding/final_embeddings.txt', 'training_data_file': '/tmp/by_my_training.py', 'dictionary_path': 'res_training/eng/embedding/dictionary.txt', 'use_flex_hidden_layer': False, 'epochs': 3000, 'batch_size': 1000}
embedding shape (42122, 64)
/tmp/by_my_training.py loaded, containing 50842 entries, class distribution: [25421 25421]
Steps: 150000, 50 steps in 3000 epochs
epoch 0, training accuracy 0.541973
epoch 10, training accuracy 0.848019
epoch 20, training accuracy 0.903918
epoch 30, training accuracy 0.924531
epoch 40, training accuracy 0.935939
epoch 50, training accuracy 0.943275
epoch 60, training accuracy 0.948369
epoch 70, training accuracy 0.952067
epoch 80, training accuracy 0.954998
epoch 90, training accuracy 0.957496
epoch 100, training accuracy 0.959404
epoch 110, training accuracy 0.960761
epoch 120, training accuracy 0.961764
epoch 130, training accuracy 0.963141
epoch 140, training accuracy 0.964104
epoch 150, training accuracy 0.964852
epoch 160, training accuracy 0.965265
epoch 170, training accuracy 0.965816
epoch 180, training accuracy 0.966091
epoch 190, training accuracy 0.966504
epoch 200, training accuracy 0.966897
epoch 210, training accuracy 0.967133
epoch 220, training accuracy 0.967330
epoch 230, training accuracy 0.967586
epoch 240, training accuracy 0.967724
epoch 250, training accuracy 0.967861
epoch 260, training accuracy 0.968058
epoch 270, training accuracy 0.968255
epoch 280, training accuracy 0.968294
epoch 290, training accuracy 0.968510
epoch 300, training accuracy 0.968628
epoch 310, training accuracy 0.968589
epoch 320, training accuracy 0.968569
epoch 330, training accuracy 0.968687
epoch 340, training accuracy 0.968746
epoch 350, training accuracy 0.968766
epoch 360, training accuracy 0.968845
epoch 370, training accuracy 0.968884
epoch 380, training accuracy 0.968982
epoch 390, training accuracy 0.969022
epoch 400, training accuracy 0.968923
epoch 410, training accuracy 0.968943
epoch 420, training accuracy 0.968982
epoch 430, training accuracy 0.969081
epoch 440, training accuracy 0.969061
epoch 450, training accuracy 0.969061
epoch 460, training accuracy 0.969120
epoch 470, training accuracy 0.969140
epoch 480, training accuracy 0.969199
epoch 490, training accuracy 0.969179
epoch 500, training accuracy 0.969317
epoch 510, training accuracy 0.969376
epoch 520, training accuracy 0.969336
epoch 530, training accuracy 0.969277
epoch 540, training accuracy 0.969218
epoch 550, training accuracy 0.969317
epoch 560, training accuracy 0.969297
epoch 570, training accuracy 0.969238
epoch 580, training accuracy 0.969258
epoch 590, training accuracy 0.969356
epoch 600, training accuracy 0.969356
epoch 610, training accuracy 0.969395
epoch 620, training accuracy 0.969336
epoch 630, training accuracy 0.969258
epoch 640, training accuracy 0.969277
epoch 650, training accuracy 0.969317
epoch 660, training accuracy 0.969297
epoch 670, training accuracy 0.969277
epoch 680, training accuracy 0.969297
epoch 690, training accuracy 0.969336
epoch 700, training accuracy 0.969317
epoch 710, training accuracy 0.969336
epoch 720, training accuracy 0.969336
epoch 730, training accuracy 0.969356
epoch 740, training accuracy 0.969317
epoch 750, training accuracy 0.969356
epoch 760, training accuracy 0.969297
epoch 770, training accuracy 0.969356
epoch 780, training accuracy 0.969277
epoch 790, training accuracy 0.969258
epoch 800, training accuracy 0.969218
epoch 810, training accuracy 0.969218
epoch 820, training accuracy 0.969199
epoch 830, training accuracy 0.969336
epoch 840, training accuracy 0.969336
epoch 850, training accuracy 0.969238
epoch 860, training accuracy 0.969218
epoch 870, training accuracy 0.969238
epoch 880, training accuracy 0.969297
epoch 890, training accuracy 0.969277
epoch 900, training accuracy 0.969277
epoch 910, training accuracy 0.969218
epoch 920, training accuracy 0.969277
epoch 930, training accuracy 0.969277
epoch 940, training accuracy 0.969218
epoch 950, training accuracy 0.969258
epoch 960, training accuracy 0.969199
epoch 970, training accuracy 0.969238
epoch 980, training accuracy 0.969199
epoch 990, training accuracy 0.969199
epoch 1000, training accuracy 0.969159
epoch 1010, training accuracy 0.969238
epoch 1020, training accuracy 0.969140
epoch 1030, training accuracy 0.969140
epoch 1040, training accuracy 0.969199
epoch 1050, training accuracy 0.969159
epoch 1060, training accuracy 0.969179
epoch 1070, training accuracy 0.969179
epoch 1080, training accuracy 0.969140
epoch 1090, training accuracy 0.969179
epoch 1100, training accuracy 0.969159
epoch 1110, training accuracy 0.969159
epoch 1120, training accuracy 0.969159
epoch 1130, training accuracy 0.969140
epoch 1140, training accuracy 0.969238
epoch 1150, training accuracy 0.969199
epoch 1160, training accuracy 0.969199
epoch 1170, training accuracy 0.969199
epoch 1180, training accuracy 0.969218
epoch 1190, training accuracy 0.969258
epoch 1200, training accuracy 0.969258
epoch 1210, training accuracy 0.969199
epoch 1220, training accuracy 0.969199
epoch 1230, training accuracy 0.969199
epoch 1240, training accuracy 0.969336
epoch 1250, training accuracy 0.969336
epoch 1260, training accuracy 0.969218
epoch 1270, training accuracy 0.969238
epoch 1280, training accuracy 0.969297
epoch 1290, training accuracy 0.969317
epoch 1300, training accuracy 0.969277
epoch 1310, training accuracy 0.969258
epoch 1320, training accuracy 0.969258
epoch 1330, training accuracy 0.969297
epoch 1340, training accuracy 0.969297
epoch 1350, training accuracy 0.969297
epoch 1360, training accuracy 0.969277
epoch 1370, training accuracy 0.969277
epoch 1380, training accuracy 0.969297
epoch 1390, training accuracy 0.969297
epoch 1400, training accuracy 0.969317
epoch 1410, training accuracy 0.969336
epoch 1420, training accuracy 0.969297
epoch 1430, training accuracy 0.969297
epoch 1440, training accuracy 0.969336
epoch 1450, training accuracy 0.969356
epoch 1460, training accuracy 0.969317
epoch 1470, training accuracy 0.969277
epoch 1480, training accuracy 0.969297
epoch 1490, training accuracy 0.969336
epoch 1500, training accuracy 0.969356
epoch 1510, training accuracy 0.969336
epoch 1520, training accuracy 0.969258
epoch 1530, training accuracy 0.969317
epoch 1540, training accuracy 0.969356
epoch 1550, training accuracy 0.969317
epoch 1560, training accuracy 0.969356
epoch 1570, training accuracy 0.969317
epoch 1580, training accuracy 0.969336
epoch 1590, training accuracy 0.969356
epoch 1600, training accuracy 0.969317
epoch 1610, training accuracy 0.969356
epoch 1620, training accuracy 0.969317
epoch 1630, training accuracy 0.969336
epoch 1640, training accuracy 0.969336
epoch 1650, training accuracy 0.969336
epoch 1660, training accuracy 0.969336
epoch 1670, training accuracy 0.969336
epoch 1680, training accuracy 0.969336
epoch 1690, training accuracy 0.969336
epoch 1700, training accuracy 0.969317
epoch 1710, training accuracy 0.969297
epoch 1720, training accuracy 0.969336
epoch 1730, training accuracy 0.969336
epoch 1740, training accuracy 0.969336
epoch 1750, training accuracy 0.969317
epoch 1760, training accuracy 0.969277
epoch 1770, training accuracy 0.969336
epoch 1780, training accuracy 0.969317
epoch 1790, training accuracy 0.969317
epoch 1800, training accuracy 0.969297
epoch 1810, training accuracy 0.969277
epoch 1820, training accuracy 0.969317
epoch 1830, training accuracy 0.969297
epoch 1840, training accuracy 0.969297
epoch 1850, training accuracy 0.969297
epoch 1860, training accuracy 0.969277
epoch 1870, training accuracy 0.969317
epoch 1880, training accuracy 0.969297
epoch 1890, training accuracy 0.969317
epoch 1900, training accuracy 0.969297
epoch 1910, training accuracy 0.969277
epoch 1920, training accuracy 0.969317
epoch 1930, training accuracy 0.969297
epoch 1940, training accuracy 0.969317
epoch 1950, training accuracy 0.969317
epoch 1960, training accuracy 0.969297
epoch 1970, training accuracy 0.969297
epoch 1980, training accuracy 0.969297
epoch 1990, training accuracy 0.969317
epoch 2000, training accuracy 0.969317
epoch 2010, training accuracy 0.969297
epoch 2020, training accuracy 0.969297
epoch 2030, training accuracy 0.969297
epoch 2040, training accuracy 0.969317
epoch 2050, training accuracy 0.969317
epoch 2060, training accuracy 0.969297
epoch 2070, training accuracy 0.969317
epoch 2080, training accuracy 0.969297
epoch 2090, training accuracy 0.969297
epoch 2100, training accuracy 0.969317
epoch 2110, training accuracy 0.969317
epoch 2120, training accuracy 0.969317
epoch 2130, training accuracy 0.969297
epoch 2140, training accuracy 0.969297
epoch 2150, training accuracy 0.969297
epoch 2160, training accuracy 0.969317
epoch 2170, training accuracy 0.969317
epoch 2180, training accuracy 0.969297
epoch 2190, training accuracy 0.969297
epoch 2200, training accuracy 0.969297
epoch 2210, training accuracy 0.969317
epoch 2220, training accuracy 0.969317
epoch 2230, training accuracy 0.969317
epoch 2240, training accuracy 0.969297
epoch 2250, training accuracy 0.969317
epoch 2260, training accuracy 0.969297
epoch 2270, training accuracy 0.969336
epoch 2280, training accuracy 0.969317
epoch 2290, training accuracy 0.969297
epoch 2300, training accuracy 0.969336
epoch 2310, training accuracy 0.969317
epoch 2320, training accuracy 0.969336
epoch 2330, training accuracy 0.969336
epoch 2340, training accuracy 0.969277
epoch 2350, training accuracy 0.969317
epoch 2360, training accuracy 0.969317
epoch 2370, training accuracy 0.969336
epoch 2380, training accuracy 0.969356
epoch 2390, training accuracy 0.969297
epoch 2400, training accuracy 0.969356
epoch 2410, training accuracy 0.969336
epoch 2420, training accuracy 0.969317
epoch 2430, training accuracy 0.969356
epoch 2440, training accuracy 0.969317
epoch 2450, training accuracy 0.969356
epoch 2460, training accuracy 0.969356
epoch 2470, training accuracy 0.969317
epoch 2480, training accuracy 0.969356
epoch 2490, training accuracy 0.969336
epoch 2500, training accuracy 0.969317
epoch 2510, training accuracy 0.969356
epoch 2520, training accuracy 0.969258
epoch 2530, training accuracy 0.969356
epoch 2540, training accuracy 0.969356
epoch 2550, training accuracy 0.969336
epoch 2560, training accuracy 0.969356
epoch 2570, training accuracy 0.969258
epoch 2580, training accuracy 0.969356
epoch 2590, training accuracy 0.969336
epoch 2600, training accuracy 0.969336
epoch 2610, training accuracy 0.969336
epoch 2620, training accuracy 0.969258
epoch 2630, training accuracy 0.969356
epoch 2640, training accuracy 0.969376
epoch 2650, training accuracy 0.969336
epoch 2660, training accuracy 0.969356
epoch 2670, training accuracy 0.969297
epoch 2680, training accuracy 0.969336
epoch 2690, training accuracy 0.969376
epoch 2700, training accuracy 0.969356
epoch 2710, training accuracy 0.969356
epoch 2720, training accuracy 0.969297
epoch 2730, training accuracy 0.969336
epoch 2740, training accuracy 0.969356
epoch 2750, training accuracy 0.969356
epoch 2760, training accuracy 0.969356
epoch 2770, training accuracy 0.969317
epoch 2780, training accuracy 0.969356
epoch 2790, training accuracy 0.969356
epoch 2800, training accuracy 0.969356
epoch 2810, training accuracy 0.969356
epoch 2820, training accuracy 0.969317
epoch 2830, training accuracy 0.969297
epoch 2840, training accuracy 0.969356
epoch 2850, training accuracy 0.969356
epoch 2860, training accuracy 0.969356
epoch 2870, training accuracy 0.969297
epoch 2880, training accuracy 0.969297
epoch 2890, training accuracy 0.969336
epoch 2900, training accuracy 0.969356
epoch 2910, training accuracy 0.969336
epoch 2920, training accuracy 0.969336
epoch 2930, training accuracy 0.969297
epoch 2940, training accuracy 0.969317
epoch 2950, training accuracy 0.969376
epoch 2960, training accuracy 0.969336
epoch 2970, training accuracy 0.969356
epoch 2980, training accuracy 0.969297
epoch 2990, training accuracy 0.969317
epoch 3000, training accuracy 0.969395
/tmp/by_my_validate.py loaded, containing 12556 entries, class distribution: [6278 6278]
correct: [5895, 5885]
incorrect: [124, 92]
accuracy: [0.9793985711912278, 0.9846076627070437]
unclassified: [259, 301]
total accuracy: [0.9389933099713285, 0.9374004460019114]
Sun Oct 22 19:22:43 CEST 2017 finished, res_training/eng/by_my
