Mon Oct 23 07:15:36 CEST 2017 create_training_files
/tmp/chance_change
13921 lines
4270 chance
9715 change
/tmp/chance_change_training
11137 lines
3439 chance
7747 change
/tmp/chance_change_validate
2784 lines
831 chance
1968 change
generate /tmp/chance_change_training.py, /tmp/chance_change_validate.py
:compileJava UP-TO-DATE
:processResources UP-TO-DATE
:classes UP-TO-DATE
:createNGramDatabase
Reading /tmp/chance_change_training
Tokenizing
undersampling to 3495
/tmp/chance_change_training.pycreated
Reading /tmp/chance_change_validate
Tokenizing
undersampling to 839
/tmp/chance_change_validate.pycreated

BUILD SUCCESSFUL

Total time: 6.065 secs

This build could be faster, please consider using the Gradle Daemon: https://docs.gradle.org/2.10/userguide/gradle_daemon.html
Mon Oct 23 07:15:47 CEST 2017 create_classifier
{'self': <__main__.NeuralNetwork object at 0x2abf57a9ba58>, 'training_data_file': '/tmp/chance_change_training.py', 'batch_size': 1000, 'dictionary_path': 'res_training/eng/embedding/dictionary.txt', 'embedding_path': 'res_training/eng/embedding/final_embeddings.txt', 'use_flex_hidden_layer': False, 'epochs': 3000, 'num_inputs': 4, 'num_outputs': 2}
embedding shape (42122, 64)
/tmp/chance_change_training.py loaded, containing 6990 entries, class distribution: [3495 3495]
Steps: 18000, 6 steps in 3000 epochs
epoch 0, training accuracy 0.347639
epoch 10, training accuracy 0.387411
epoch 20, training accuracy 0.468956
epoch 30, training accuracy 0.579685
epoch 40, training accuracy 0.678684
epoch 50, training accuracy 0.754793
epoch 60, training accuracy 0.790129
epoch 70, training accuracy 0.811874
epoch 80, training accuracy 0.826896
epoch 90, training accuracy 0.837482
epoch 100, training accuracy 0.849213
epoch 110, training accuracy 0.856080
epoch 120, training accuracy 0.861230
epoch 130, training accuracy 0.866094
epoch 140, training accuracy 0.868526
epoch 150, training accuracy 0.872818
epoch 160, training accuracy 0.876681
epoch 170, training accuracy 0.880544
epoch 180, training accuracy 0.883262
epoch 190, training accuracy 0.886266
epoch 200, training accuracy 0.888555
epoch 210, training accuracy 0.889843
epoch 220, training accuracy 0.891273
epoch 230, training accuracy 0.894421
epoch 240, training accuracy 0.895851
epoch 250, training accuracy 0.897854
epoch 260, training accuracy 0.899428
epoch 270, training accuracy 0.901001
epoch 280, training accuracy 0.902003
epoch 290, training accuracy 0.903720
epoch 300, training accuracy 0.905722
epoch 310, training accuracy 0.907296
epoch 320, training accuracy 0.908441
epoch 330, training accuracy 0.908584
epoch 340, training accuracy 0.909156
epoch 350, training accuracy 0.910443
epoch 360, training accuracy 0.911302
epoch 370, training accuracy 0.912160
epoch 380, training accuracy 0.912732
epoch 390, training accuracy 0.913591
epoch 400, training accuracy 0.914306
epoch 410, training accuracy 0.914878
epoch 420, training accuracy 0.915594
epoch 430, training accuracy 0.916309
epoch 440, training accuracy 0.916595
epoch 450, training accuracy 0.916738
epoch 460, training accuracy 0.917740
epoch 470, training accuracy 0.918884
epoch 480, training accuracy 0.919742
epoch 490, training accuracy 0.920315
epoch 500, training accuracy 0.921030
epoch 510, training accuracy 0.922461
epoch 520, training accuracy 0.922461
epoch 530, training accuracy 0.922604
epoch 540, training accuracy 0.923176
epoch 550, training accuracy 0.923748
epoch 560, training accuracy 0.923605
epoch 570, training accuracy 0.923891
epoch 580, training accuracy 0.924893
epoch 590, training accuracy 0.924893
epoch 600, training accuracy 0.925608
epoch 610, training accuracy 0.925894
epoch 620, training accuracy 0.926753
epoch 630, training accuracy 0.926753
epoch 640, training accuracy 0.926753
epoch 650, training accuracy 0.927182
epoch 660, training accuracy 0.927611
epoch 670, training accuracy 0.927611
epoch 680, training accuracy 0.927754
epoch 690, training accuracy 0.927754
epoch 700, training accuracy 0.928326
epoch 710, training accuracy 0.928469
epoch 720, training accuracy 0.928612
epoch 730, training accuracy 0.929042
epoch 740, training accuracy 0.929328
epoch 750, training accuracy 0.929614
epoch 760, training accuracy 0.930329
epoch 770, training accuracy 0.930329
epoch 780, training accuracy 0.930472
epoch 790, training accuracy 0.930758
epoch 800, training accuracy 0.930901
epoch 810, training accuracy 0.931903
epoch 820, training accuracy 0.932046
epoch 830, training accuracy 0.932046
epoch 840, training accuracy 0.932332
epoch 850, training accuracy 0.932189
epoch 860, training accuracy 0.932761
epoch 870, training accuracy 0.932618
epoch 880, training accuracy 0.933047
epoch 890, training accuracy 0.933476
epoch 900, training accuracy 0.933619
epoch 910, training accuracy 0.934049
epoch 920, training accuracy 0.934192
epoch 930, training accuracy 0.934621
epoch 940, training accuracy 0.935050
epoch 950, training accuracy 0.935479
epoch 960, training accuracy 0.935479
epoch 970, training accuracy 0.935479
epoch 980, training accuracy 0.935479
epoch 990, training accuracy 0.935622
epoch 1000, training accuracy 0.936338
epoch 1010, training accuracy 0.936767
epoch 1020, training accuracy 0.937196
epoch 1030, training accuracy 0.937339
epoch 1040, training accuracy 0.937768
epoch 1050, training accuracy 0.938054
epoch 1060, training accuracy 0.938340
epoch 1070, training accuracy 0.938627
epoch 1080, training accuracy 0.938770
epoch 1090, training accuracy 0.938913
epoch 1100, training accuracy 0.939199
epoch 1110, training accuracy 0.939199
epoch 1120, training accuracy 0.938627
epoch 1130, training accuracy 0.938770
epoch 1140, training accuracy 0.938913
epoch 1150, training accuracy 0.938913
epoch 1160, training accuracy 0.938770
epoch 1170, training accuracy 0.938770
epoch 1180, training accuracy 0.938770
epoch 1190, training accuracy 0.938770
epoch 1200, training accuracy 0.939342
epoch 1210, training accuracy 0.939199
epoch 1220, training accuracy 0.939342
epoch 1230, training accuracy 0.939199
epoch 1240, training accuracy 0.939056
epoch 1250, training accuracy 0.938913
epoch 1260, training accuracy 0.939485
epoch 1270, training accuracy 0.939485
epoch 1280, training accuracy 0.939628
epoch 1290, training accuracy 0.940200
epoch 1300, training accuracy 0.940486
epoch 1310, training accuracy 0.940486
epoch 1320, training accuracy 0.940629
epoch 1330, training accuracy 0.940773
epoch 1340, training accuracy 0.940629
epoch 1350, training accuracy 0.940629
epoch 1360, training accuracy 0.940773
epoch 1370, training accuracy 0.940916
epoch 1380, training accuracy 0.941202
epoch 1390, training accuracy 0.941202
epoch 1400, training accuracy 0.941488
epoch 1410, training accuracy 0.941774
epoch 1420, training accuracy 0.941774
epoch 1430, training accuracy 0.941774
epoch 1440, training accuracy 0.941917
epoch 1450, training accuracy 0.942203
epoch 1460, training accuracy 0.942203
epoch 1470, training accuracy 0.942060
epoch 1480, training accuracy 0.942060
epoch 1490, training accuracy 0.942203
epoch 1500, training accuracy 0.942346
epoch 1510, training accuracy 0.942346
epoch 1520, training accuracy 0.942060
epoch 1530, training accuracy 0.942346
epoch 1540, training accuracy 0.942489
epoch 1550, training accuracy 0.942632
epoch 1560, training accuracy 0.942632
epoch 1570, training accuracy 0.942632
epoch 1580, training accuracy 0.942775
epoch 1590, training accuracy 0.942632
epoch 1600, training accuracy 0.943205
epoch 1610, training accuracy 0.943205
epoch 1620, training accuracy 0.943348
epoch 1630, training accuracy 0.943348
epoch 1640, training accuracy 0.943348
epoch 1650, training accuracy 0.943491
epoch 1660, training accuracy 0.943634
epoch 1670, training accuracy 0.943777
epoch 1680, training accuracy 0.943777
epoch 1690, training accuracy 0.944063
epoch 1700, training accuracy 0.944206
epoch 1710, training accuracy 0.944206
epoch 1720, training accuracy 0.944063
epoch 1730, training accuracy 0.943920
epoch 1740, training accuracy 0.944063
epoch 1750, training accuracy 0.944063
epoch 1760, training accuracy 0.943920
epoch 1770, training accuracy 0.943777
epoch 1780, training accuracy 0.943777
epoch 1790, training accuracy 0.943777
epoch 1800, training accuracy 0.943777
epoch 1810, training accuracy 0.943777
epoch 1820, training accuracy 0.943777
epoch 1830, training accuracy 0.943920
epoch 1840, training accuracy 0.944063
epoch 1850, training accuracy 0.944063
epoch 1860, training accuracy 0.944206
epoch 1870, training accuracy 0.944206
epoch 1880, training accuracy 0.944206
epoch 1890, training accuracy 0.944349
epoch 1900, training accuracy 0.944349
epoch 1910, training accuracy 0.944206
epoch 1920, training accuracy 0.944206
epoch 1930, training accuracy 0.944206
epoch 1940, training accuracy 0.944206
epoch 1950, training accuracy 0.944349
epoch 1960, training accuracy 0.944492
epoch 1970, training accuracy 0.944635
epoch 1980, training accuracy 0.944778
epoch 1990, training accuracy 0.944778
epoch 2000, training accuracy 0.944778
epoch 2010, training accuracy 0.944778
epoch 2020, training accuracy 0.944778
epoch 2030, training accuracy 0.944921
epoch 2040, training accuracy 0.945064
epoch 2050, training accuracy 0.945351
epoch 2060, training accuracy 0.945351
epoch 2070, training accuracy 0.945351
epoch 2080, training accuracy 0.945351
epoch 2090, training accuracy 0.945494
epoch 2100, training accuracy 0.945637
epoch 2110, training accuracy 0.945637
epoch 2120, training accuracy 0.945637
epoch 2130, training accuracy 0.945637
epoch 2140, training accuracy 0.945637
epoch 2150, training accuracy 0.945494
epoch 2160, training accuracy 0.945637
epoch 2170, training accuracy 0.945494
epoch 2180, training accuracy 0.945494
epoch 2190, training accuracy 0.945637
epoch 2200, training accuracy 0.945637
epoch 2210, training accuracy 0.945637
epoch 2220, training accuracy 0.945780
epoch 2230, training accuracy 0.946066
epoch 2240, training accuracy 0.946066
epoch 2250, training accuracy 0.946066
epoch 2260, training accuracy 0.946066
epoch 2270, training accuracy 0.946066
epoch 2280, training accuracy 0.946066
epoch 2290, training accuracy 0.946066
epoch 2300, training accuracy 0.945923
epoch 2310, training accuracy 0.945923
epoch 2320, training accuracy 0.946066
epoch 2330, training accuracy 0.946066
epoch 2340, training accuracy 0.946066
epoch 2350, training accuracy 0.945923
epoch 2360, training accuracy 0.945923
epoch 2370, training accuracy 0.945780
epoch 2380, training accuracy 0.945923
epoch 2390, training accuracy 0.945923
epoch 2400, training accuracy 0.945923
epoch 2410, training accuracy 0.945923
epoch 2420, training accuracy 0.945923
epoch 2430, training accuracy 0.945780
epoch 2440, training accuracy 0.945780
epoch 2450, training accuracy 0.945780
epoch 2460, training accuracy 0.945923
epoch 2470, training accuracy 0.946066
epoch 2480, training accuracy 0.946066
epoch 2490, training accuracy 0.946066
epoch 2500, training accuracy 0.946066
epoch 2510, training accuracy 0.945923
epoch 2520, training accuracy 0.945923
epoch 2530, training accuracy 0.945923
epoch 2540, training accuracy 0.945923
epoch 2550, training accuracy 0.945923
epoch 2560, training accuracy 0.945923
epoch 2570, training accuracy 0.945923
epoch 2580, training accuracy 0.945923
epoch 2590, training accuracy 0.946066
epoch 2600, training accuracy 0.946066
epoch 2610, training accuracy 0.946066
epoch 2620, training accuracy 0.946066
epoch 2630, training accuracy 0.946066
epoch 2640, training accuracy 0.946066
epoch 2650, training accuracy 0.946066
epoch 2660, training accuracy 0.946209
epoch 2670, training accuracy 0.946209
epoch 2680, training accuracy 0.946209
epoch 2690, training accuracy 0.946209
epoch 2700, training accuracy 0.946209
epoch 2710, training accuracy 0.946352
epoch 2720, training accuracy 0.946352
epoch 2730, training accuracy 0.946352
epoch 2740, training accuracy 0.946352
epoch 2750, training accuracy 0.946352
epoch 2760, training accuracy 0.946209
epoch 2770, training accuracy 0.946209
epoch 2780, training accuracy 0.946209
epoch 2790, training accuracy 0.946352
epoch 2800, training accuracy 0.946352
epoch 2810, training accuracy 0.946352
epoch 2820, training accuracy 0.946352
epoch 2830, training accuracy 0.946352
epoch 2840, training accuracy 0.946352
epoch 2850, training accuracy 0.946352
epoch 2860, training accuracy 0.946352
epoch 2870, training accuracy 0.946352
epoch 2880, training accuracy 0.946352
epoch 2890, training accuracy 0.946352
epoch 2900, training accuracy 0.946352
epoch 2910, training accuracy 0.946352
epoch 2920, training accuracy 0.946352
epoch 2930, training accuracy 0.946495
epoch 2940, training accuracy 0.946638
epoch 2950, training accuracy 0.946638
epoch 2960, training accuracy 0.946638
epoch 2970, training accuracy 0.946495
epoch 2980, training accuracy 0.946495
epoch 2990, training accuracy 0.946495
epoch 3000, training accuracy 0.946495
/tmp/chance_change_validate.py loaded, containing 1678 entries, class distribution: [839 839]
correct: [758, 732]
incorrect: [15, 29]
accuracy: [0.9805950840879689, 0.961892247043364]
unclassified: [66, 78]
total accuracy: [0.9034564958283671, 0.8724672228843862]
Mon Oct 23 07:17:05 CEST 2017 finished, res_training/eng/chance_change
