Mon Oct 23 00:55:19 CEST 2017 create_training_files
/tmp/the_to
306826 lines
241763 the
200000 to
/tmp/the_to_training
245461 lines
193435 the
159749 to
/tmp/the_to_validate
61365 lines
48328 the
40251 to
generate /tmp/the_to_training.py, /tmp/the_to_validate.py
:compileJava UP-TO-DATE
:processResources UP-TO-DATE
:classes UP-TO-DATE
:createNGramDatabase
Reading /tmp/the_to_training
Tokenizing
undersampling to 214106
/tmp/the_to_training.pycreated
Reading /tmp/the_to_validate
Tokenizing
undersampling to 53975
/tmp/the_to_validate.pycreated

BUILD SUCCESSFUL

Total time: 38.442 secs

This build could be faster, please consider using the Gradle Daemon: https://docs.gradle.org/2.10/userguide/gradle_daemon.html
Mon Oct 23 00:56:13 CEST 2017 create_classifier
{'training_data_file': '/tmp/the_to_training.py', 'epochs': 3000, 'num_inputs': 4, 'batch_size': 1000, 'dictionary_path': 'res_training/eng/embedding/dictionary.txt', 'num_outputs': 2, 'embedding_path': 'res_training/eng/embedding/final_embeddings.txt', 'self': <__main__.NeuralNetwork object at 0x2b80f0cbaa58>, 'use_flex_hidden_layer': False}
embedding shape (42122, 64)
/tmp/the_to_training.py loaded, containing 428212 entries, class distribution: [214106 214106]
Steps: 1284000, 428 steps in 3000 epochs
epoch 0, training accuracy 0.788346
epoch 10, training accuracy 0.945994
epoch 20, training accuracy 0.953969
epoch 30, training accuracy 0.955905
epoch 40, training accuracy 0.956454
epoch 50, training accuracy 0.956713
epoch 60, training accuracy 0.956771
epoch 70, training accuracy 0.956799
epoch 80, training accuracy 0.956844
epoch 90, training accuracy 0.956895
epoch 100, training accuracy 0.956891
epoch 110, training accuracy 0.956877
epoch 120, training accuracy 0.956895
epoch 130, training accuracy 0.956863
epoch 140, training accuracy 0.956877
epoch 150, training accuracy 0.956912
epoch 160, training accuracy 0.956851
epoch 170, training accuracy 0.956855
epoch 180, training accuracy 0.956883
epoch 190, training accuracy 0.956888
epoch 200, training accuracy 0.956877
epoch 210, training accuracy 0.956883
epoch 220, training accuracy 0.956947
epoch 230, training accuracy 0.956965
epoch 240, training accuracy 0.956965
epoch 250, training accuracy 0.956944
epoch 260, training accuracy 0.956935
epoch 270, training accuracy 0.956930
epoch 280, training accuracy 0.956916
epoch 290, training accuracy 0.956919
epoch 300, training accuracy 0.956897
epoch 310, training accuracy 0.956919
epoch 320, training accuracy 0.956912
epoch 330, training accuracy 0.956942
epoch 340, training accuracy 0.956949
epoch 350, training accuracy 0.956897
epoch 360, training accuracy 0.956909
epoch 370, training accuracy 0.956897
epoch 380, training accuracy 0.956926
epoch 390, training accuracy 0.956905
epoch 400, training accuracy 0.956902
epoch 410, training accuracy 0.956912
epoch 420, training accuracy 0.956935
epoch 430, training accuracy 0.956916
epoch 440, training accuracy 0.956921
epoch 450, training accuracy 0.956919
epoch 460, training accuracy 0.956933
epoch 470, training accuracy 0.956935
epoch 480, training accuracy 0.956935
epoch 490, training accuracy 0.956912
epoch 500, training accuracy 0.956951
epoch 510, training accuracy 0.956893
epoch 520, training accuracy 0.956897
epoch 530, training accuracy 0.956893
epoch 540, training accuracy 0.956895
epoch 550, training accuracy 0.956905
epoch 560, training accuracy 0.956872
epoch 570, training accuracy 0.956883
epoch 580, training accuracy 0.956886
epoch 590, training accuracy 0.956883
epoch 600, training accuracy 0.956900
epoch 610, training accuracy 0.956888
epoch 620, training accuracy 0.956905
epoch 630, training accuracy 0.956872
epoch 640, training accuracy 0.956858
epoch 650, training accuracy 0.956909
epoch 660, training accuracy 0.956958
epoch 670, training accuracy 0.956951
epoch 680, training accuracy 0.956970
epoch 690, training accuracy 0.956958
epoch 700, training accuracy 0.956963
epoch 710, training accuracy 0.956956
epoch 720, training accuracy 0.956914
epoch 730, training accuracy 0.956891
epoch 740, training accuracy 0.956909
epoch 750, training accuracy 0.956919
epoch 760, training accuracy 0.956942
epoch 770, training accuracy 0.956951
epoch 780, training accuracy 0.956905
epoch 790, training accuracy 0.956879
epoch 800, training accuracy 0.956914
epoch 810, training accuracy 0.956935
epoch 820, training accuracy 0.956902
epoch 830, training accuracy 0.956914
epoch 840, training accuracy 0.956935
epoch 850, training accuracy 0.956937
epoch 860, training accuracy 0.956907
epoch 870, training accuracy 0.956907
epoch 880, training accuracy 0.956928
epoch 890, training accuracy 0.956933
epoch 900, training accuracy 0.956951
epoch 910, training accuracy 0.956937
epoch 920, training accuracy 0.956940
epoch 930, training accuracy 0.956949
epoch 940, training accuracy 0.956926
epoch 950, training accuracy 0.956900
epoch 960, training accuracy 0.956902
epoch 970, training accuracy 0.956895
epoch 980, training accuracy 0.956916
epoch 990, training accuracy 0.956883
epoch 1000, training accuracy 0.956907
epoch 1010, training accuracy 0.956879
epoch 1020, training accuracy 0.956897
epoch 1030, training accuracy 0.956907
epoch 1040, training accuracy 0.956900
epoch 1050, training accuracy 0.956893
epoch 1060, training accuracy 0.956893
epoch 1070, training accuracy 0.956907
epoch 1080, training accuracy 0.956921
epoch 1090, training accuracy 0.956972
epoch 1100, training accuracy 0.956963
epoch 1110, training accuracy 0.956958
epoch 1120, training accuracy 0.956965
epoch 1130, training accuracy 0.956963
epoch 1140, training accuracy 0.956930
epoch 1150, training accuracy 0.956912
epoch 1160, training accuracy 0.956891
epoch 1170, training accuracy 0.956916
epoch 1180, training accuracy 0.956933
epoch 1190, training accuracy 0.956937
epoch 1200, training accuracy 0.956944
epoch 1210, training accuracy 0.956907
epoch 1220, training accuracy 0.956914
epoch 1230, training accuracy 0.956916
epoch 1240, training accuracy 0.956930
epoch 1250, training accuracy 0.956905
epoch 1260, training accuracy 0.956888
epoch 1270, training accuracy 0.956940
epoch 1280, training accuracy 0.956928
epoch 1290, training accuracy 0.956928
epoch 1300, training accuracy 0.956916
epoch 1310, training accuracy 0.956956
epoch 1320, training accuracy 0.956951
epoch 1330, training accuracy 0.956944
epoch 1340, training accuracy 0.956919
epoch 1350, training accuracy 0.956947
epoch 1360, training accuracy 0.956944
epoch 1370, training accuracy 0.956935
epoch 1380, training accuracy 0.956933
epoch 1390, training accuracy 0.956912
epoch 1400, training accuracy 0.956905
epoch 1410, training accuracy 0.956905
epoch 1420, training accuracy 0.956891
epoch 1430, training accuracy 0.956914
epoch 1440, training accuracy 0.956895
epoch 1450, training accuracy 0.956881
epoch 1460, training accuracy 0.956886
epoch 1470, training accuracy 0.956886
epoch 1480, training accuracy 0.956869
epoch 1490, training accuracy 0.956933
epoch 1500, training accuracy 0.956907
epoch 1510, training accuracy 0.956926
epoch 1520, training accuracy 0.956954
epoch 1530, training accuracy 0.956958
epoch 1540, training accuracy 0.956954
epoch 1550, training accuracy 0.956963
epoch 1560, training accuracy 0.956972
epoch 1570, training accuracy 0.956940
epoch 1580, training accuracy 0.956930
epoch 1590, training accuracy 0.956883
epoch 1600, training accuracy 0.956926
epoch 1610, training accuracy 0.956940
epoch 1620, training accuracy 0.956958
epoch 1630, training accuracy 0.956958
epoch 1640, training accuracy 0.956921
epoch 1650, training accuracy 0.956928
epoch 1660, training accuracy 0.956923
epoch 1670, training accuracy 0.956933
epoch 1680, training accuracy 0.956921
epoch 1690, training accuracy 0.956895
epoch 1700, training accuracy 0.956954
epoch 1710, training accuracy 0.956933
epoch 1720, training accuracy 0.956926
epoch 1730, training accuracy 0.956921
epoch 1740, training accuracy 0.956951
epoch 1750, training accuracy 0.956956
epoch 1760, training accuracy 0.956961
epoch 1770, training accuracy 0.956921
epoch 1780, training accuracy 0.956963
epoch 1790, training accuracy 0.956947
epoch 1800, training accuracy 0.956944
epoch 1810, training accuracy 0.956947
epoch 1820, training accuracy 0.956916
epoch 1830, training accuracy 0.956926
epoch 1840, training accuracy 0.956928
epoch 1850, training accuracy 0.956872
epoch 1860, training accuracy 0.956926
epoch 1870, training accuracy 0.956897
epoch 1880, training accuracy 0.956879
epoch 1890, training accuracy 0.956869
epoch 1900, training accuracy 0.956907
epoch 1910, training accuracy 0.956883
epoch 1920, training accuracy 0.956926
epoch 1930, training accuracy 0.956919
epoch 1940, training accuracy 0.956930
epoch 1950, training accuracy 0.956954
epoch 1960, training accuracy 0.956956
epoch 1970, training accuracy 0.956972
epoch 1980, training accuracy 0.956984
epoch 1990, training accuracy 0.956979
epoch 2000, training accuracy 0.956940
epoch 2010, training accuracy 0.956907
epoch 2020, training accuracy 0.956897
epoch 2030, training accuracy 0.956921
epoch 2040, training accuracy 0.956935
epoch 2050, training accuracy 0.956954
epoch 2060, training accuracy 0.956956
epoch 2070, training accuracy 0.956947
epoch 2080, training accuracy 0.956933
epoch 2090, training accuracy 0.956926
epoch 2100, training accuracy 0.956928
epoch 2110, training accuracy 0.956905
epoch 2120, training accuracy 0.956905
epoch 2130, training accuracy 0.956968
epoch 2140, training accuracy 0.956928
epoch 2150, training accuracy 0.956930
epoch 2160, training accuracy 0.956942
epoch 2170, training accuracy 0.956942
epoch 2180, training accuracy 0.956963
epoch 2190, training accuracy 0.956972
epoch 2200, training accuracy 0.956926
epoch 2210, training accuracy 0.956958
epoch 2220, training accuracy 0.956949
epoch 2230, training accuracy 0.956935
epoch 2240, training accuracy 0.956951
epoch 2250, training accuracy 0.956919
epoch 2260, training accuracy 0.956933
epoch 2270, training accuracy 0.956930
epoch 2280, training accuracy 0.956883
epoch 2290, training accuracy 0.956919
epoch 2300, training accuracy 0.956909
epoch 2310, training accuracy 0.956881
epoch 2320, training accuracy 0.956872
epoch 2330, training accuracy 0.956916
epoch 2340, training accuracy 0.956897
epoch 2350, training accuracy 0.956919
epoch 2360, training accuracy 0.956930
epoch 2370, training accuracy 0.956933
epoch 2380, training accuracy 0.956956
epoch 2390, training accuracy 0.956965
epoch 2400, training accuracy 0.956970
epoch 2410, training accuracy 0.956986
epoch 2420, training accuracy 0.956979
epoch 2430, training accuracy 0.956940
epoch 2440, training accuracy 0.956900
epoch 2450, training accuracy 0.956916
epoch 2460, training accuracy 0.956902
epoch 2470, training accuracy 0.956956
epoch 2480, training accuracy 0.956961
epoch 2490, training accuracy 0.956954
epoch 2500, training accuracy 0.956958
epoch 2510, training accuracy 0.956933
epoch 2520, training accuracy 0.956940
epoch 2530, training accuracy 0.956940
epoch 2540, training accuracy 0.956919
epoch 2550, training accuracy 0.956928
epoch 2560, training accuracy 0.956965
epoch 2570, training accuracy 0.956940
epoch 2580, training accuracy 0.956928
epoch 2590, training accuracy 0.956942
epoch 2600, training accuracy 0.956947
epoch 2610, training accuracy 0.956963
epoch 2620, training accuracy 0.956972
epoch 2630, training accuracy 0.956944
epoch 2640, training accuracy 0.956940
epoch 2650, training accuracy 0.956949
epoch 2660, training accuracy 0.956944
epoch 2670, training accuracy 0.956944
epoch 2680, training accuracy 0.956919
epoch 2690, training accuracy 0.956928
epoch 2700, training accuracy 0.956928
epoch 2710, training accuracy 0.956888
epoch 2720, training accuracy 0.956919
epoch 2730, training accuracy 0.956907
epoch 2740, training accuracy 0.956905
epoch 2750, training accuracy 0.956879
epoch 2760, training accuracy 0.956914
epoch 2770, training accuracy 0.956897
epoch 2780, training accuracy 0.956912
epoch 2790, training accuracy 0.956928
epoch 2800, training accuracy 0.956919
epoch 2810, training accuracy 0.956942
epoch 2820, training accuracy 0.956977
epoch 2830, training accuracy 0.956979
epoch 2840, training accuracy 0.956993
epoch 2850, training accuracy 0.956975
epoch 2860, training accuracy 0.956942
epoch 2870, training accuracy 0.956907
epoch 2880, training accuracy 0.956919
epoch 2890, training accuracy 0.956907
epoch 2900, training accuracy 0.956961
epoch 2910, training accuracy 0.956970
epoch 2920, training accuracy 0.956949
epoch 2930, training accuracy 0.956958
epoch 2940, training accuracy 0.956935
epoch 2950, training accuracy 0.956942
epoch 2960, training accuracy 0.956942
epoch 2970, training accuracy 0.956916
epoch 2980, training accuracy 0.956947
epoch 2990, training accuracy 0.956956
epoch 3000, training accuracy 0.956933
/tmp/the_to_validate.py loaded, containing 107950 entries, class distribution: [53975 53975]
correct: [49046, 48877]
incorrect: [937, 1074]
accuracy: [0.9812536262329192, 0.9784989289503714]
unclassified: [3992, 4024]
total accuracy: [0.9086799444187124, 0.9055488652153775]
Mon Oct 23 02:14:20 CEST 2017 finished, res_training/eng/the_to
