Sun Oct 22 22:19:00 CEST 2017 create_training_files
/tmp/no_on
223922 lines
28109 no
200314 on
/tmp/no_on_training
179138 lines
22439 no
160262 on
/tmp/no_on_validate
44784 lines
5670 no
40052 on
generate /tmp/no_on_training.py, /tmp/no_on_validate.py
:compileJava UP-TO-DATE
:processResources UP-TO-DATE
:classes UP-TO-DATE
:createNGramDatabase
Reading /tmp/no_on_training
Tokenizing
undersampling to 23546
/tmp/no_on_training.pycreated
Reading /tmp/no_on_validate
Tokenizing
undersampling to 5976
/tmp/no_on_validate.pycreated

BUILD SUCCESSFUL

Total time: 26.588 secs

This build could be faster, please consider using the Gradle Daemon: https://docs.gradle.org/2.10/userguide/gradle_daemon.html
Sun Oct 22 22:19:48 CEST 2017 create_classifier
{'self': <__main__.NeuralNetwork object at 0x2aae02069a58>, 'training_data_file': '/tmp/no_on_training.py', 'use_flex_hidden_layer': False, 'num_outputs': 2, 'dictionary_path': 'res_training/eng/embedding/dictionary.txt', 'batch_size': 1000, 'num_inputs': 4, 'epochs': 3000, 'embedding_path': 'res_training/eng/embedding/final_embeddings.txt'}
embedding shape (42122, 64)
/tmp/no_on_training.py loaded, containing 47092 entries, class distribution: [23546 23546]
Steps: 141000, 47 steps in 3000 epochs
epoch 0, training accuracy 0.581139
epoch 10, training accuracy 0.837149
epoch 20, training accuracy 0.896161
epoch 30, training accuracy 0.920390
epoch 40, training accuracy 0.930264
epoch 50, training accuracy 0.936826
epoch 60, training accuracy 0.941434
epoch 70, training accuracy 0.945320
epoch 80, training accuracy 0.948017
epoch 90, training accuracy 0.950947
epoch 100, training accuracy 0.952646
epoch 110, training accuracy 0.953835
epoch 120, training accuracy 0.954918
epoch 130, training accuracy 0.955874
epoch 140, training accuracy 0.956914
epoch 150, training accuracy 0.957360
epoch 160, training accuracy 0.958061
epoch 170, training accuracy 0.958740
epoch 180, training accuracy 0.959186
epoch 190, training accuracy 0.959675
epoch 200, training accuracy 0.959887
epoch 210, training accuracy 0.960142
epoch 220, training accuracy 0.960397
epoch 230, training accuracy 0.960779
epoch 240, training accuracy 0.960991
epoch 250, training accuracy 0.961119
epoch 260, training accuracy 0.961225
epoch 270, training accuracy 0.961204
epoch 280, training accuracy 0.961289
epoch 290, training accuracy 0.961437
epoch 300, training accuracy 0.961416
epoch 310, training accuracy 0.961225
epoch 320, training accuracy 0.961395
epoch 330, training accuracy 0.961395
epoch 340, training accuracy 0.961352
epoch 350, training accuracy 0.961352
epoch 360, training accuracy 0.961501
epoch 370, training accuracy 0.961522
epoch 380, training accuracy 0.961650
epoch 390, training accuracy 0.961671
epoch 400, training accuracy 0.962138
epoch 410, training accuracy 0.962180
epoch 420, training accuracy 0.962244
epoch 430, training accuracy 0.962393
epoch 440, training accuracy 0.962775
epoch 450, training accuracy 0.962924
epoch 460, training accuracy 0.962902
epoch 470, training accuracy 0.962860
epoch 480, training accuracy 0.962987
epoch 490, training accuracy 0.963051
epoch 500, training accuracy 0.963009
epoch 510, training accuracy 0.962987
epoch 520, training accuracy 0.962945
epoch 530, training accuracy 0.962945
epoch 540, training accuracy 0.963009
epoch 550, training accuracy 0.963051
epoch 560, training accuracy 0.963030
epoch 570, training accuracy 0.962924
epoch 580, training accuracy 0.962987
epoch 590, training accuracy 0.963030
epoch 600, training accuracy 0.962987
epoch 610, training accuracy 0.962987
epoch 620, training accuracy 0.963009
epoch 630, training accuracy 0.963072
epoch 640, training accuracy 0.963030
epoch 650, training accuracy 0.963072
epoch 660, training accuracy 0.963009
epoch 670, training accuracy 0.963157
epoch 680, training accuracy 0.963178
epoch 690, training accuracy 0.963221
epoch 700, training accuracy 0.963094
epoch 710, training accuracy 0.963072
epoch 720, training accuracy 0.963306
epoch 730, training accuracy 0.963178
epoch 740, training accuracy 0.963136
epoch 750, training accuracy 0.963115
epoch 760, training accuracy 0.963094
epoch 770, training accuracy 0.963178
epoch 780, training accuracy 0.963094
epoch 790, training accuracy 0.963094
epoch 800, training accuracy 0.963072
epoch 810, training accuracy 0.963072
epoch 820, training accuracy 0.963115
epoch 830, training accuracy 0.963136
epoch 840, training accuracy 0.963030
epoch 850, training accuracy 0.963051
epoch 860, training accuracy 0.963094
epoch 870, training accuracy 0.963115
epoch 880, training accuracy 0.963136
epoch 890, training accuracy 0.963051
epoch 900, training accuracy 0.963051
epoch 910, training accuracy 0.963157
epoch 920, training accuracy 0.963157
epoch 930, training accuracy 0.963136
epoch 940, training accuracy 0.963094
epoch 950, training accuracy 0.963072
epoch 960, training accuracy 0.963136
epoch 970, training accuracy 0.963115
epoch 980, training accuracy 0.963115
epoch 990, training accuracy 0.963094
epoch 1000, training accuracy 0.963094
epoch 1010, training accuracy 0.963221
epoch 1020, training accuracy 0.963157
epoch 1030, training accuracy 0.963157
epoch 1040, training accuracy 0.963200
epoch 1050, training accuracy 0.963157
epoch 1060, training accuracy 0.963221
epoch 1070, training accuracy 0.963263
epoch 1080, training accuracy 0.963157
epoch 1090, training accuracy 0.963136
epoch 1100, training accuracy 0.963263
epoch 1110, training accuracy 0.963242
epoch 1120, training accuracy 0.963221
epoch 1130, training accuracy 0.963263
epoch 1140, training accuracy 0.963178
epoch 1150, training accuracy 0.963221
epoch 1160, training accuracy 0.963242
epoch 1170, training accuracy 0.963200
epoch 1180, training accuracy 0.963242
epoch 1190, training accuracy 0.963136
epoch 1200, training accuracy 0.963200
epoch 1210, training accuracy 0.963178
epoch 1220, training accuracy 0.963178
epoch 1230, training accuracy 0.963242
epoch 1240, training accuracy 0.963285
epoch 1250, training accuracy 0.963136
epoch 1260, training accuracy 0.963221
epoch 1270, training accuracy 0.963242
epoch 1280, training accuracy 0.963242
epoch 1290, training accuracy 0.963242
epoch 1300, training accuracy 0.963200
epoch 1310, training accuracy 0.963263
epoch 1320, training accuracy 0.963285
epoch 1330, training accuracy 0.963306
epoch 1340, training accuracy 0.963306
epoch 1350, training accuracy 0.963200
epoch 1360, training accuracy 0.963200
epoch 1370, training accuracy 0.963263
epoch 1380, training accuracy 0.963348
epoch 1390, training accuracy 0.963200
epoch 1400, training accuracy 0.963221
epoch 1410, training accuracy 0.963200
epoch 1420, training accuracy 0.963285
epoch 1430, training accuracy 0.963412
epoch 1440, training accuracy 0.963200
epoch 1450, training accuracy 0.963221
epoch 1460, training accuracy 0.963263
epoch 1470, training accuracy 0.963327
epoch 1480, training accuracy 0.963391
epoch 1490, training accuracy 0.963242
epoch 1500, training accuracy 0.963242
epoch 1510, training accuracy 0.963263
epoch 1520, training accuracy 0.963306
epoch 1530, training accuracy 0.963391
epoch 1540, training accuracy 0.963263
epoch 1550, training accuracy 0.963263
epoch 1560, training accuracy 0.963285
epoch 1570, training accuracy 0.963348
epoch 1580, training accuracy 0.963306
epoch 1590, training accuracy 0.963285
epoch 1600, training accuracy 0.963285
epoch 1610, training accuracy 0.963306
epoch 1620, training accuracy 0.963327
epoch 1630, training accuracy 0.963306
epoch 1640, training accuracy 0.963306
epoch 1650, training accuracy 0.963285
epoch 1660, training accuracy 0.963306
epoch 1670, training accuracy 0.963263
epoch 1680, training accuracy 0.963285
epoch 1690, training accuracy 0.963285
epoch 1700, training accuracy 0.963327
epoch 1710, training accuracy 0.963306
epoch 1720, training accuracy 0.963221
epoch 1730, training accuracy 0.963327
epoch 1740, training accuracy 0.963263
epoch 1750, training accuracy 0.963285
epoch 1760, training accuracy 0.963306
epoch 1770, training accuracy 0.963263
epoch 1780, training accuracy 0.963285
epoch 1790, training accuracy 0.963242
epoch 1800, training accuracy 0.963285
epoch 1810, training accuracy 0.963263
epoch 1820, training accuracy 0.963285
epoch 1830, training accuracy 0.963285
epoch 1840, training accuracy 0.963242
epoch 1850, training accuracy 0.963263
epoch 1860, training accuracy 0.963242
epoch 1870, training accuracy 0.963285
epoch 1880, training accuracy 0.963221
epoch 1890, training accuracy 0.963221
epoch 1900, training accuracy 0.963263
epoch 1910, training accuracy 0.963242
epoch 1920, training accuracy 0.963263
epoch 1930, training accuracy 0.963242
epoch 1940, training accuracy 0.963242
epoch 1950, training accuracy 0.963263
epoch 1960, training accuracy 0.963221
epoch 1970, training accuracy 0.963242
epoch 1980, training accuracy 0.963221
epoch 1990, training accuracy 0.963242
epoch 2000, training accuracy 0.963263
epoch 2010, training accuracy 0.963221
epoch 2020, training accuracy 0.963221
epoch 2030, training accuracy 0.963200
epoch 2040, training accuracy 0.963221
epoch 2050, training accuracy 0.963221
epoch 2060, training accuracy 0.963242
epoch 2070, training accuracy 0.963200
epoch 2080, training accuracy 0.963200
epoch 2090, training accuracy 0.963221
epoch 2100, training accuracy 0.963200
epoch 2110, training accuracy 0.963221
epoch 2120, training accuracy 0.963200
epoch 2130, training accuracy 0.963200
epoch 2140, training accuracy 0.963200
epoch 2150, training accuracy 0.963200
epoch 2160, training accuracy 0.963200
epoch 2170, training accuracy 0.963178
epoch 2180, training accuracy 0.963178
epoch 2190, training accuracy 0.963157
epoch 2200, training accuracy 0.963200
epoch 2210, training accuracy 0.963200
epoch 2220, training accuracy 0.963157
epoch 2230, training accuracy 0.963157
epoch 2240, training accuracy 0.963157
epoch 2250, training accuracy 0.963178
epoch 2260, training accuracy 0.963178
epoch 2270, training accuracy 0.963115
epoch 2280, training accuracy 0.963115
epoch 2290, training accuracy 0.963157
epoch 2300, training accuracy 0.963157
epoch 2310, training accuracy 0.963178
epoch 2320, training accuracy 0.963094
epoch 2330, training accuracy 0.963136
epoch 2340, training accuracy 0.963157
epoch 2350, training accuracy 0.963136
epoch 2360, training accuracy 0.963115
epoch 2370, training accuracy 0.963115
epoch 2380, training accuracy 0.963178
epoch 2390, training accuracy 0.963178
epoch 2400, training accuracy 0.963178
epoch 2410, training accuracy 0.963072
epoch 2420, training accuracy 0.963094
epoch 2430, training accuracy 0.963157
epoch 2440, training accuracy 0.963178
epoch 2450, training accuracy 0.963157
epoch 2460, training accuracy 0.963094
epoch 2470, training accuracy 0.963072
epoch 2480, training accuracy 0.963115
epoch 2490, training accuracy 0.963157
epoch 2500, training accuracy 0.963136
epoch 2510, training accuracy 0.963094
epoch 2520, training accuracy 0.963072
epoch 2530, training accuracy 0.963157
epoch 2540, training accuracy 0.963136
epoch 2550, training accuracy 0.963115
epoch 2560, training accuracy 0.963115
epoch 2570, training accuracy 0.963094
epoch 2580, training accuracy 0.963157
epoch 2590, training accuracy 0.963115
epoch 2600, training accuracy 0.963115
epoch 2610, training accuracy 0.963094
epoch 2620, training accuracy 0.963094
epoch 2630, training accuracy 0.963136
epoch 2640, training accuracy 0.963115
epoch 2650, training accuracy 0.963072
epoch 2660, training accuracy 0.963072
epoch 2670, training accuracy 0.963094
epoch 2680, training accuracy 0.963136
epoch 2690, training accuracy 0.963136
epoch 2700, training accuracy 0.963094
epoch 2710, training accuracy 0.963051
epoch 2720, training accuracy 0.963072
epoch 2730, training accuracy 0.963115
epoch 2740, training accuracy 0.963136
epoch 2750, training accuracy 0.963094
epoch 2760, training accuracy 0.963094
epoch 2770, training accuracy 0.963094
epoch 2780, training accuracy 0.963072
epoch 2790, training accuracy 0.963115
epoch 2800, training accuracy 0.963094
epoch 2810, training accuracy 0.963094
epoch 2820, training accuracy 0.963094
epoch 2830, training accuracy 0.963115
epoch 2840, training accuracy 0.963115
epoch 2850, training accuracy 0.963115
epoch 2860, training accuracy 0.963072
epoch 2870, training accuracy 0.963136
epoch 2880, training accuracy 0.963115
epoch 2890, training accuracy 0.963051
epoch 2900, training accuracy 0.963072
epoch 2910, training accuracy 0.963072
epoch 2920, training accuracy 0.963115
epoch 2930, training accuracy 0.963115
epoch 2940, training accuracy 0.963051
epoch 2950, training accuracy 0.963072
epoch 2960, training accuracy 0.963072
epoch 2970, training accuracy 0.963072
epoch 2980, training accuracy 0.963115
epoch 2990, training accuracy 0.963072
epoch 3000, training accuracy 0.963094
/tmp/no_on_validate.py loaded, containing 11952 entries, class distribution: [5976 5976]
correct: [5363, 5392]
incorrect: [74, 107]
accuracy: [0.9863895530623505, 0.9805419167121294]
unclassified: [539, 477]
total accuracy: [0.8974230254350736, 0.9022757697456493]
Sun Oct 22 22:28:28 CEST 2017 finished, res_training/eng/no_on
