Sun Oct 22 20:42:42 CEST 2017 create_training_files
/tmp/forte_morte
7597 lines
4576 forte
3030 morte
/tmp/forte_morte_training
6078 lines
3667 forte
2419 morte
/tmp/forte_morte_validate
1519 lines
909 forte
611 morte
generate /tmp/forte_morte_training.py, /tmp/forte_morte_validate.py
:compileJava UP-TO-DATE
:processResources UP-TO-DATE
:classes UP-TO-DATE
:createNGramDatabase
Reading /tmp/forte_morte_training
Tokenizing
undersampling to 2486
/tmp/forte_morte_training.pycreated
Reading /tmp/forte_morte_validate
Tokenizing
undersampling to 630
/tmp/forte_morte_validate.pycreated

BUILD SUCCESSFUL

Total time: 5.246 secs

This build could be faster, please consider using the Gradle Daemon: https://docs.gradle.org/2.10/userguide/gradle_daemon.html
Sun Oct 22 20:42:53 CEST 2017 create_classifier
{'num_inputs': 4, 'dictionary_path': 'res_training/por/embedding/dictionary.txt', 'batch_size': 1000, 'epochs': 3000, 'use_flex_hidden_layer': False, 'num_outputs': 2, 'self': <__main__.NeuralNetwork object at 0x2b530da5da58>, 'training_data_file': '/tmp/forte_morte_training.py', 'embedding_path': 'res_training/por/embedding/final_embeddings.txt'}
embedding shape (44676, 64)
/tmp/forte_morte_training.py loaded, containing 4972 entries, class distribution: [2486 2486]
Steps: 12000, 4 steps in 3000 epochs
epoch 0, training accuracy 0.588496
epoch 10, training accuracy 0.634956
epoch 20, training accuracy 0.681014
epoch 30, training accuracy 0.726267
epoch 40, training accuracy 0.762470
epoch 50, training accuracy 0.789019
epoch 60, training accuracy 0.812550
epoch 70, training accuracy 0.830652
epoch 80, training accuracy 0.851167
epoch 90, training accuracy 0.862430
epoch 100, training accuracy 0.874698
epoch 110, training accuracy 0.883146
epoch 120, training accuracy 0.889381
epoch 130, training accuracy 0.894811
epoch 140, training accuracy 0.901448
epoch 150, training accuracy 0.907281
epoch 160, training accuracy 0.909493
epoch 170, training accuracy 0.912309
epoch 180, training accuracy 0.916331
epoch 190, training accuracy 0.918544
epoch 200, training accuracy 0.921762
epoch 210, training accuracy 0.925583
epoch 220, training accuracy 0.929002
epoch 230, training accuracy 0.931014
epoch 240, training accuracy 0.933829
epoch 250, training accuracy 0.936042
epoch 260, training accuracy 0.937047
epoch 270, training accuracy 0.938254
epoch 280, training accuracy 0.939260
epoch 290, training accuracy 0.940467
epoch 300, training accuracy 0.942679
epoch 310, training accuracy 0.944288
epoch 320, training accuracy 0.945495
epoch 330, training accuracy 0.946098
epoch 340, training accuracy 0.946702
epoch 350, training accuracy 0.947707
epoch 360, training accuracy 0.948713
epoch 370, training accuracy 0.949316
epoch 380, training accuracy 0.949920
epoch 390, training accuracy 0.950523
epoch 400, training accuracy 0.951126
epoch 410, training accuracy 0.951327
epoch 420, training accuracy 0.951126
epoch 430, training accuracy 0.951529
epoch 440, training accuracy 0.951931
epoch 450, training accuracy 0.952333
epoch 460, training accuracy 0.952735
epoch 470, training accuracy 0.953339
epoch 480, training accuracy 0.953540
epoch 490, training accuracy 0.954747
epoch 500, training accuracy 0.955350
epoch 510, training accuracy 0.955953
epoch 520, training accuracy 0.956758
epoch 530, training accuracy 0.957160
epoch 540, training accuracy 0.958367
epoch 550, training accuracy 0.958970
epoch 560, training accuracy 0.959574
epoch 570, training accuracy 0.960378
epoch 580, training accuracy 0.960981
epoch 590, training accuracy 0.961384
epoch 600, training accuracy 0.962389
epoch 610, training accuracy 0.962591
epoch 620, training accuracy 0.962792
epoch 630, training accuracy 0.962792
epoch 640, training accuracy 0.963194
epoch 650, training accuracy 0.963395
epoch 660, training accuracy 0.963797
epoch 670, training accuracy 0.963797
epoch 680, training accuracy 0.964200
epoch 690, training accuracy 0.964803
epoch 700, training accuracy 0.965205
epoch 710, training accuracy 0.965406
epoch 720, training accuracy 0.965607
epoch 730, training accuracy 0.965607
epoch 740, training accuracy 0.965607
epoch 750, training accuracy 0.966010
epoch 760, training accuracy 0.966412
epoch 770, training accuracy 0.966613
epoch 780, training accuracy 0.967216
epoch 790, training accuracy 0.967216
epoch 800, training accuracy 0.967216
epoch 810, training accuracy 0.967619
epoch 820, training accuracy 0.967619
epoch 830, training accuracy 0.968222
epoch 840, training accuracy 0.968222
epoch 850, training accuracy 0.968021
epoch 860, training accuracy 0.968624
epoch 870, training accuracy 0.969027
epoch 880, training accuracy 0.969027
epoch 890, training accuracy 0.969228
epoch 900, training accuracy 0.969228
epoch 910, training accuracy 0.969831
epoch 920, training accuracy 0.970233
epoch 930, training accuracy 0.970233
epoch 940, training accuracy 0.970434
epoch 950, training accuracy 0.970434
epoch 960, training accuracy 0.971038
epoch 970, training accuracy 0.971038
epoch 980, training accuracy 0.971239
epoch 990, training accuracy 0.971440
epoch 1000, training accuracy 0.971641
epoch 1010, training accuracy 0.972245
epoch 1020, training accuracy 0.972245
epoch 1030, training accuracy 0.972446
epoch 1040, training accuracy 0.972647
epoch 1050, training accuracy 0.972647
epoch 1060, training accuracy 0.972848
epoch 1070, training accuracy 0.972848
epoch 1080, training accuracy 0.973049
epoch 1090, training accuracy 0.973049
epoch 1100, training accuracy 0.973451
epoch 1110, training accuracy 0.973652
epoch 1120, training accuracy 0.974256
epoch 1130, training accuracy 0.974256
epoch 1140, training accuracy 0.974256
epoch 1150, training accuracy 0.974256
epoch 1160, training accuracy 0.974457
epoch 1170, training accuracy 0.974658
epoch 1180, training accuracy 0.975060
epoch 1190, training accuracy 0.975261
epoch 1200, training accuracy 0.975261
epoch 1210, training accuracy 0.975463
epoch 1220, training accuracy 0.976066
epoch 1230, training accuracy 0.975865
epoch 1240, training accuracy 0.975865
epoch 1250, training accuracy 0.975865
epoch 1260, training accuracy 0.975865
epoch 1270, training accuracy 0.975865
epoch 1280, training accuracy 0.976066
epoch 1290, training accuracy 0.976066
epoch 1300, training accuracy 0.976669
epoch 1310, training accuracy 0.976669
epoch 1320, training accuracy 0.976870
epoch 1330, training accuracy 0.977273
epoch 1340, training accuracy 0.977474
epoch 1350, training accuracy 0.977876
epoch 1360, training accuracy 0.978278
epoch 1370, training accuracy 0.978278
epoch 1380, training accuracy 0.978278
epoch 1390, training accuracy 0.978681
epoch 1400, training accuracy 0.978681
epoch 1410, training accuracy 0.978882
epoch 1420, training accuracy 0.978882
epoch 1430, training accuracy 0.978882
epoch 1440, training accuracy 0.978882
epoch 1450, training accuracy 0.978882
epoch 1460, training accuracy 0.978882
epoch 1470, training accuracy 0.979083
epoch 1480, training accuracy 0.979284
epoch 1490, training accuracy 0.979284
epoch 1500, training accuracy 0.979284
epoch 1510, training accuracy 0.979485
epoch 1520, training accuracy 0.979686
epoch 1530, training accuracy 0.979887
epoch 1540, training accuracy 0.980088
epoch 1550, training accuracy 0.980088
epoch 1560, training accuracy 0.980088
epoch 1570, training accuracy 0.980491
epoch 1580, training accuracy 0.980893
epoch 1590, training accuracy 0.981094
epoch 1600, training accuracy 0.981295
epoch 1610, training accuracy 0.981295
epoch 1620, training accuracy 0.981295
epoch 1630, training accuracy 0.981697
epoch 1640, training accuracy 0.981697
epoch 1650, training accuracy 0.982100
epoch 1660, training accuracy 0.982100
epoch 1670, training accuracy 0.982100
epoch 1680, training accuracy 0.982100
epoch 1690, training accuracy 0.982100
epoch 1700, training accuracy 0.982100
epoch 1710, training accuracy 0.982502
epoch 1720, training accuracy 0.982502
epoch 1730, training accuracy 0.982502
epoch 1740, training accuracy 0.982502
epoch 1750, training accuracy 0.982502
epoch 1760, training accuracy 0.982301
epoch 1770, training accuracy 0.982502
epoch 1780, training accuracy 0.982703
epoch 1790, training accuracy 0.982904
epoch 1800, training accuracy 0.982904
epoch 1810, training accuracy 0.982904
epoch 1820, training accuracy 0.982904
epoch 1830, training accuracy 0.982904
epoch 1840, training accuracy 0.982904
epoch 1850, training accuracy 0.982904
epoch 1860, training accuracy 0.982703
epoch 1870, training accuracy 0.982703
epoch 1880, training accuracy 0.982703
epoch 1890, training accuracy 0.982703
epoch 1900, training accuracy 0.983105
epoch 1910, training accuracy 0.983105
epoch 1920, training accuracy 0.983105
epoch 1930, training accuracy 0.983105
epoch 1940, training accuracy 0.983105
epoch 1950, training accuracy 0.983105
epoch 1960, training accuracy 0.983105
epoch 1970, training accuracy 0.983307
epoch 1980, training accuracy 0.983307
epoch 1990, training accuracy 0.983307
epoch 2000, training accuracy 0.983307
epoch 2010, training accuracy 0.983508
epoch 2020, training accuracy 0.983508
epoch 2030, training accuracy 0.983508
epoch 2040, training accuracy 0.983508
epoch 2050, training accuracy 0.983508
epoch 2060, training accuracy 0.983709
epoch 2070, training accuracy 0.983709
epoch 2080, training accuracy 0.983709
epoch 2090, training accuracy 0.984111
epoch 2100, training accuracy 0.984111
epoch 2110, training accuracy 0.984111
epoch 2120, training accuracy 0.984111
epoch 2130, training accuracy 0.984312
epoch 2140, training accuracy 0.984513
epoch 2150, training accuracy 0.984513
epoch 2160, training accuracy 0.984513
epoch 2170, training accuracy 0.984513
epoch 2180, training accuracy 0.985117
epoch 2190, training accuracy 0.985117
epoch 2200, training accuracy 0.985318
epoch 2210, training accuracy 0.985318
epoch 2220, training accuracy 0.985318
epoch 2230, training accuracy 0.985318
epoch 2240, training accuracy 0.985318
epoch 2250, training accuracy 0.985318
epoch 2260, training accuracy 0.985318
epoch 2270, training accuracy 0.985519
epoch 2280, training accuracy 0.985720
epoch 2290, training accuracy 0.985921
epoch 2300, training accuracy 0.985921
epoch 2310, training accuracy 0.985921
epoch 2320, training accuracy 0.985921
epoch 2330, training accuracy 0.985921
epoch 2340, training accuracy 0.985921
epoch 2350, training accuracy 0.985921
epoch 2360, training accuracy 0.985921
epoch 2370, training accuracy 0.985921
epoch 2380, training accuracy 0.985921
epoch 2390, training accuracy 0.985921
epoch 2400, training accuracy 0.985921
epoch 2410, training accuracy 0.985921
epoch 2420, training accuracy 0.985921
epoch 2430, training accuracy 0.985921
epoch 2440, training accuracy 0.986323
epoch 2450, training accuracy 0.986323
epoch 2460, training accuracy 0.986323
epoch 2470, training accuracy 0.986323
epoch 2480, training accuracy 0.986323
epoch 2490, training accuracy 0.986323
epoch 2500, training accuracy 0.986323
epoch 2510, training accuracy 0.986323
epoch 2520, training accuracy 0.986323
epoch 2530, training accuracy 0.986525
epoch 2540, training accuracy 0.986525
epoch 2550, training accuracy 0.986525
epoch 2560, training accuracy 0.986525
epoch 2570, training accuracy 0.986525
epoch 2580, training accuracy 0.986525
epoch 2590, training accuracy 0.986726
epoch 2600, training accuracy 0.986726
epoch 2610, training accuracy 0.986726
epoch 2620, training accuracy 0.986726
epoch 2630, training accuracy 0.986726
epoch 2640, training accuracy 0.986927
epoch 2650, training accuracy 0.986927
epoch 2660, training accuracy 0.987128
epoch 2670, training accuracy 0.987128
epoch 2680, training accuracy 0.987128
epoch 2690, training accuracy 0.987128
epoch 2700, training accuracy 0.987128
epoch 2710, training accuracy 0.987128
epoch 2720, training accuracy 0.987128
epoch 2730, training accuracy 0.987128
epoch 2740, training accuracy 0.987128
epoch 2750, training accuracy 0.987128
epoch 2760, training accuracy 0.987128
epoch 2770, training accuracy 0.987128
epoch 2780, training accuracy 0.987128
epoch 2790, training accuracy 0.987128
epoch 2800, training accuracy 0.987128
epoch 2810, training accuracy 0.987128
epoch 2820, training accuracy 0.987329
epoch 2830, training accuracy 0.987329
epoch 2840, training accuracy 0.987329
epoch 2850, training accuracy 0.987329
epoch 2860, training accuracy 0.987329
epoch 2870, training accuracy 0.987329
epoch 2880, training accuracy 0.987329
epoch 2890, training accuracy 0.987329
epoch 2900, training accuracy 0.987731
epoch 2910, training accuracy 0.987731
epoch 2920, training accuracy 0.987932
epoch 2930, training accuracy 0.987932
epoch 2940, training accuracy 0.987932
epoch 2950, training accuracy 0.987932
epoch 2960, training accuracy 0.987932
epoch 2970, training accuracy 0.987932
epoch 2980, training accuracy 0.987932
epoch 2990, training accuracy 0.987932
epoch 3000, training accuracy 0.987932
/tmp/forte_morte_validate.py loaded, containing 1260 entries, class distribution: [630 630]
correct: [594, 592]
incorrect: [7, 11]
accuracy: [0.9883527454242929, 0.9817578772802653]
unclassified: [29, 27]
total accuracy: [0.9428571428571428, 0.9396825396825397]
Sun Oct 22 20:43:49 CEST 2017 finished, res_training/por/forte_morte
