Sun Oct 22 22:58:02 CEST 2017 create_training_files
/tmp/passa_passe
5192 lines
4444 passa
754 passe
/tmp/passa_passe_training
4154 lines
3543 passa
615 passe
/tmp/passa_passe_validate
1038 lines
901 passa
139 passe
generate /tmp/passa_passe_training.py, /tmp/passa_passe_validate.py
:compileJava UP-TO-DATE
:processResources UP-TO-DATE
:classes UP-TO-DATE
:createNGramDatabase
Reading /tmp/passa_passe_training
Tokenizing
undersampling to 625
/tmp/passa_passe_training.pycreated
Reading /tmp/passa_passe_validate
Tokenizing
undersampling to 141
/tmp/passa_passe_validate.pycreated

BUILD SUCCESSFUL

Total time: 4.88 secs

This build could be faster, please consider using the Gradle Daemon: https://docs.gradle.org/2.10/userguide/gradle_daemon.html
Sun Oct 22 22:58:13 CEST 2017 create_classifier
{'dictionary_path': 'res_training/por/embedding/dictionary.txt', 'embedding_path': 'res_training/por/embedding/final_embeddings.txt', 'training_data_file': '/tmp/passa_passe_training.py', 'num_outputs': 2, 'batch_size': 1000, 'self': <__main__.NeuralNetwork object at 0x2ac54ece9a58>, 'num_inputs': 4, 'epochs': 3000, 'use_flex_hidden_layer': False}
embedding shape (44676, 64)
/tmp/passa_passe_training.py loaded, containing 1250 entries, class distribution: [625 625]
Steps: 3000, 1 steps in 3000 epochs
epoch 0, training accuracy 0.573600
epoch 10, training accuracy 0.584800
epoch 20, training accuracy 0.594400
epoch 30, training accuracy 0.601600
epoch 40, training accuracy 0.610400
epoch 50, training accuracy 0.615200
epoch 60, training accuracy 0.619200
epoch 70, training accuracy 0.626400
epoch 80, training accuracy 0.631200
epoch 90, training accuracy 0.634400
epoch 100, training accuracy 0.635200
epoch 110, training accuracy 0.639200
epoch 120, training accuracy 0.647200
epoch 130, training accuracy 0.653600
epoch 140, training accuracy 0.652800
epoch 150, training accuracy 0.660000
epoch 160, training accuracy 0.662400
epoch 170, training accuracy 0.666400
epoch 180, training accuracy 0.672000
epoch 190, training accuracy 0.676000
epoch 200, training accuracy 0.681600
epoch 210, training accuracy 0.684000
epoch 220, training accuracy 0.689600
epoch 230, training accuracy 0.692800
epoch 240, training accuracy 0.693600
epoch 250, training accuracy 0.697600
epoch 260, training accuracy 0.696800
epoch 270, training accuracy 0.699200
epoch 280, training accuracy 0.700800
epoch 290, training accuracy 0.703200
epoch 300, training accuracy 0.707200
epoch 310, training accuracy 0.710400
epoch 320, training accuracy 0.710400
epoch 330, training accuracy 0.712000
epoch 340, training accuracy 0.713600
epoch 350, training accuracy 0.715200
epoch 360, training accuracy 0.718400
epoch 370, training accuracy 0.720800
epoch 380, training accuracy 0.721600
epoch 390, training accuracy 0.724000
epoch 400, training accuracy 0.726400
epoch 410, training accuracy 0.727200
epoch 420, training accuracy 0.730400
epoch 430, training accuracy 0.731200
epoch 440, training accuracy 0.730400
epoch 450, training accuracy 0.731200
epoch 460, training accuracy 0.732800
epoch 470, training accuracy 0.734400
epoch 480, training accuracy 0.736000
epoch 490, training accuracy 0.736000
epoch 500, training accuracy 0.736800
epoch 510, training accuracy 0.736800
epoch 520, training accuracy 0.737600
epoch 530, training accuracy 0.737600
epoch 540, training accuracy 0.739200
epoch 550, training accuracy 0.740800
epoch 560, training accuracy 0.741600
epoch 570, training accuracy 0.741600
epoch 580, training accuracy 0.744000
epoch 590, training accuracy 0.744800
epoch 600, training accuracy 0.745600
epoch 610, training accuracy 0.748000
epoch 620, training accuracy 0.751200
epoch 630, training accuracy 0.752800
epoch 640, training accuracy 0.755200
epoch 650, training accuracy 0.756000
epoch 660, training accuracy 0.756000
epoch 670, training accuracy 0.756000
epoch 680, training accuracy 0.758400
epoch 690, training accuracy 0.760000
epoch 700, training accuracy 0.760000
epoch 710, training accuracy 0.761600
epoch 720, training accuracy 0.762400
epoch 730, training accuracy 0.764800
epoch 740, training accuracy 0.764800
epoch 750, training accuracy 0.764000
epoch 760, training accuracy 0.764000
epoch 770, training accuracy 0.764000
epoch 780, training accuracy 0.764800
epoch 790, training accuracy 0.764800
epoch 800, training accuracy 0.767200
epoch 810, training accuracy 0.767200
epoch 820, training accuracy 0.768000
epoch 830, training accuracy 0.769600
epoch 840, training accuracy 0.769600
epoch 850, training accuracy 0.768000
epoch 860, training accuracy 0.768000
epoch 870, training accuracy 0.768800
epoch 880, training accuracy 0.768800
epoch 890, training accuracy 0.769600
epoch 900, training accuracy 0.769600
epoch 910, training accuracy 0.770400
epoch 920, training accuracy 0.771200
epoch 930, training accuracy 0.772800
epoch 940, training accuracy 0.775200
epoch 950, training accuracy 0.776000
epoch 960, training accuracy 0.776000
epoch 970, training accuracy 0.776000
epoch 980, training accuracy 0.777600
epoch 990, training accuracy 0.778400
epoch 1000, training accuracy 0.779200
epoch 1010, training accuracy 0.779200
epoch 1020, training accuracy 0.780000
epoch 1030, training accuracy 0.780000
epoch 1040, training accuracy 0.780000
epoch 1050, training accuracy 0.780000
epoch 1060, training accuracy 0.779200
epoch 1070, training accuracy 0.779200
epoch 1080, training accuracy 0.780800
epoch 1090, training accuracy 0.780000
epoch 1100, training accuracy 0.780000
epoch 1110, training accuracy 0.781600
epoch 1120, training accuracy 0.781600
epoch 1130, training accuracy 0.783200
epoch 1140, training accuracy 0.784000
epoch 1150, training accuracy 0.784000
epoch 1160, training accuracy 0.784000
epoch 1170, training accuracy 0.784000
epoch 1180, training accuracy 0.784800
epoch 1190, training accuracy 0.784000
epoch 1200, training accuracy 0.784800
epoch 1210, training accuracy 0.784000
epoch 1220, training accuracy 0.783200
epoch 1230, training accuracy 0.784800
epoch 1240, training accuracy 0.786400
epoch 1250, training accuracy 0.787200
epoch 1260, training accuracy 0.788000
epoch 1270, training accuracy 0.788800
epoch 1280, training accuracy 0.790400
epoch 1290, training accuracy 0.790400
epoch 1300, training accuracy 0.791200
epoch 1310, training accuracy 0.791200
epoch 1320, training accuracy 0.790400
epoch 1330, training accuracy 0.791200
epoch 1340, training accuracy 0.792000
epoch 1350, training accuracy 0.792000
epoch 1360, training accuracy 0.792800
epoch 1370, training accuracy 0.792800
epoch 1380, training accuracy 0.792800
epoch 1390, training accuracy 0.792800
epoch 1400, training accuracy 0.793600
epoch 1410, training accuracy 0.793600
epoch 1420, training accuracy 0.793600
epoch 1430, training accuracy 0.793600
epoch 1440, training accuracy 0.793600
epoch 1450, training accuracy 0.794400
epoch 1460, training accuracy 0.792800
epoch 1470, training accuracy 0.792800
epoch 1480, training accuracy 0.792800
epoch 1490, training accuracy 0.792800
epoch 1500, training accuracy 0.793600
epoch 1510, training accuracy 0.794400
epoch 1520, training accuracy 0.796000
epoch 1530, training accuracy 0.796000
epoch 1540, training accuracy 0.796800
epoch 1550, training accuracy 0.796000
epoch 1560, training accuracy 0.796000
epoch 1570, training accuracy 0.796000
epoch 1580, training accuracy 0.796000
epoch 1590, training accuracy 0.796800
epoch 1600, training accuracy 0.797600
epoch 1610, training accuracy 0.798400
epoch 1620, training accuracy 0.799200
epoch 1630, training accuracy 0.799200
epoch 1640, training accuracy 0.800000
epoch 1650, training accuracy 0.801600
epoch 1660, training accuracy 0.801600
epoch 1670, training accuracy 0.802400
epoch 1680, training accuracy 0.801600
epoch 1690, training accuracy 0.801600
epoch 1700, training accuracy 0.802400
epoch 1710, training accuracy 0.803200
epoch 1720, training accuracy 0.803200
epoch 1730, training accuracy 0.804800
epoch 1740, training accuracy 0.805600
epoch 1750, training accuracy 0.804800
epoch 1760, training accuracy 0.804800
epoch 1770, training accuracy 0.804800
epoch 1780, training accuracy 0.804000
epoch 1790, training accuracy 0.804800
epoch 1800, training accuracy 0.805600
epoch 1810, training accuracy 0.805600
epoch 1820, training accuracy 0.805600
epoch 1830, training accuracy 0.807200
epoch 1840, training accuracy 0.808800
epoch 1850, training accuracy 0.809600
epoch 1860, training accuracy 0.810400
epoch 1870, training accuracy 0.810400
epoch 1880, training accuracy 0.810400
epoch 1890, training accuracy 0.810400
epoch 1900, training accuracy 0.811200
epoch 1910, training accuracy 0.812000
epoch 1920, training accuracy 0.812000
epoch 1930, training accuracy 0.812000
epoch 1940, training accuracy 0.812000
epoch 1950, training accuracy 0.812000
epoch 1960, training accuracy 0.812000
epoch 1970, training accuracy 0.812800
epoch 1980, training accuracy 0.812800
epoch 1990, training accuracy 0.813600
epoch 2000, training accuracy 0.813600
epoch 2010, training accuracy 0.814400
epoch 2020, training accuracy 0.813600
epoch 2030, training accuracy 0.814400
epoch 2040, training accuracy 0.813600
epoch 2050, training accuracy 0.813600
epoch 2060, training accuracy 0.814400
epoch 2070, training accuracy 0.814400
epoch 2080, training accuracy 0.814400
epoch 2090, training accuracy 0.814400
epoch 2100, training accuracy 0.814400
epoch 2110, training accuracy 0.815200
epoch 2120, training accuracy 0.815200
epoch 2130, training accuracy 0.815200
epoch 2140, training accuracy 0.816000
epoch 2150, training accuracy 0.815200
epoch 2160, training accuracy 0.817600
epoch 2170, training accuracy 0.817600
epoch 2180, training accuracy 0.817600
epoch 2190, training accuracy 0.818400
epoch 2200, training accuracy 0.818400
epoch 2210, training accuracy 0.819200
epoch 2220, training accuracy 0.819200
epoch 2230, training accuracy 0.819200
epoch 2240, training accuracy 0.819200
epoch 2250, training accuracy 0.819200
epoch 2260, training accuracy 0.819200
epoch 2270, training accuracy 0.819200
epoch 2280, training accuracy 0.819200
epoch 2290, training accuracy 0.819200
epoch 2300, training accuracy 0.819200
epoch 2310, training accuracy 0.818400
epoch 2320, training accuracy 0.817600
epoch 2330, training accuracy 0.817600
epoch 2340, training accuracy 0.817600
epoch 2350, training accuracy 0.818400
epoch 2360, training accuracy 0.818400
epoch 2370, training accuracy 0.820000
epoch 2380, training accuracy 0.820800
epoch 2390, training accuracy 0.820800
epoch 2400, training accuracy 0.820800
epoch 2410, training accuracy 0.820800
epoch 2420, training accuracy 0.820800
epoch 2430, training accuracy 0.820800
epoch 2440, training accuracy 0.820800
epoch 2450, training accuracy 0.820800
epoch 2460, training accuracy 0.821600
epoch 2470, training accuracy 0.821600
epoch 2480, training accuracy 0.821600
epoch 2490, training accuracy 0.821600
epoch 2500, training accuracy 0.821600
epoch 2510, training accuracy 0.821600
epoch 2520, training accuracy 0.821600
epoch 2530, training accuracy 0.821600
epoch 2540, training accuracy 0.821600
epoch 2550, training accuracy 0.821600
epoch 2560, training accuracy 0.821600
epoch 2570, training accuracy 0.822400
epoch 2580, training accuracy 0.822400
epoch 2590, training accuracy 0.822400
epoch 2600, training accuracy 0.823200
epoch 2610, training accuracy 0.823200
epoch 2620, training accuracy 0.823200
epoch 2630, training accuracy 0.823200
epoch 2640, training accuracy 0.823200
epoch 2650, training accuracy 0.823200
epoch 2660, training accuracy 0.823200
epoch 2670, training accuracy 0.823200
epoch 2680, training accuracy 0.822400
epoch 2690, training accuracy 0.821600
epoch 2700, training accuracy 0.821600
epoch 2710, training accuracy 0.821600
epoch 2720, training accuracy 0.821600
epoch 2730, training accuracy 0.821600
epoch 2740, training accuracy 0.821600
epoch 2750, training accuracy 0.821600
epoch 2760, training accuracy 0.821600
epoch 2770, training accuracy 0.821600
epoch 2780, training accuracy 0.821600
epoch 2790, training accuracy 0.822400
epoch 2800, training accuracy 0.822400
epoch 2810, training accuracy 0.821600
epoch 2820, training accuracy 0.821600
epoch 2830, training accuracy 0.821600
epoch 2840, training accuracy 0.821600
epoch 2850, training accuracy 0.822400
epoch 2860, training accuracy 0.822400
epoch 2870, training accuracy 0.822400
epoch 2880, training accuracy 0.822400
epoch 2890, training accuracy 0.822400
epoch 2900, training accuracy 0.823200
epoch 2910, training accuracy 0.824000
epoch 2920, training accuracy 0.824800
epoch 2930, training accuracy 0.824800
epoch 2940, training accuracy 0.824800
epoch 2950, training accuracy 0.824800
epoch 2960, training accuracy 0.824800
epoch 2970, training accuracy 0.824800
epoch 2980, training accuracy 0.826400
epoch 2990, training accuracy 0.824800
epoch 3000, training accuracy 0.824800
/tmp/passa_passe_validate.py loaded, containing 282 entries, class distribution: [141 141]
correct: [70, 69]
incorrect: [7, 17]
accuracy: [0.9090909090909091, 0.8023255813953488]
unclassified: [64, 55]
total accuracy: [0.49645390070921985, 0.48936170212765956]
Sun Oct 22 22:58:32 CEST 2017 finished, res_training/por/passa_passe
