Mon Oct 23 07:07:09 CEST 2017 create_training_files
/tmp/buy_by
104208 lines
3476 buy
100956 by
/tmp/buy_by_training
83367 lines
2829 buy
80710 by
/tmp/buy_by_validate
20841 lines
647 buy
20246 by
generate /tmp/buy_by_training.py, /tmp/buy_by_validate.py
:compileJava UP-TO-DATE
:processResources UP-TO-DATE
:classes UP-TO-DATE
:createNGramDatabase
Reading /tmp/buy_by_training
Tokenizing
undersampling to 2893
/tmp/buy_by_training.pycreated
Reading /tmp/buy_by_validate
Tokenizing
undersampling to 663
/tmp/buy_by_validate.pycreated

BUILD SUCCESSFUL

Total time: 14.027 secs

This build could be faster, please consider using the Gradle Daemon: https://docs.gradle.org/2.10/userguide/gradle_daemon.html
Mon Oct 23 07:07:28 CEST 2017 create_classifier
{'batch_size': 1000, 'self': <__main__.NeuralNetwork object at 0x2b103dcc8a58>, 'epochs': 3000, 'use_flex_hidden_layer': False, 'dictionary_path': 'res_training/eng/embedding/dictionary.txt', 'num_outputs': 2, 'num_inputs': 4, 'embedding_path': 'res_training/eng/embedding/final_embeddings.txt', 'training_data_file': '/tmp/buy_by_training.py'}
embedding shape (42122, 64)
/tmp/buy_by_training.py loaded, containing 5786 entries, class distribution: [2893 2893]
Steps: 15000, 5 steps in 3000 epochs
epoch 0, training accuracy 0.439682
epoch 10, training accuracy 0.520048
epoch 20, training accuracy 0.595748
epoch 30, training accuracy 0.663844
epoch 40, training accuracy 0.717767
epoch 50, training accuracy 0.758037
epoch 60, training accuracy 0.788973
epoch 70, training accuracy 0.816108
epoch 80, training accuracy 0.837885
epoch 90, training accuracy 0.853094
epoch 100, training accuracy 0.865365
epoch 110, training accuracy 0.874179
epoch 120, training accuracy 0.882129
epoch 130, training accuracy 0.889907
epoch 140, training accuracy 0.896301
epoch 150, training accuracy 0.900795
epoch 160, training accuracy 0.905461
epoch 170, training accuracy 0.909782
epoch 180, training accuracy 0.913930
epoch 190, training accuracy 0.917041
epoch 200, training accuracy 0.920152
epoch 210, training accuracy 0.922917
epoch 220, training accuracy 0.925164
epoch 230, training accuracy 0.927238
epoch 240, training accuracy 0.928966
epoch 250, training accuracy 0.930349
epoch 260, training accuracy 0.931559
epoch 270, training accuracy 0.933114
epoch 280, training accuracy 0.933979
epoch 290, training accuracy 0.935361
epoch 300, training accuracy 0.936398
epoch 310, training accuracy 0.937262
epoch 320, training accuracy 0.939509
epoch 330, training accuracy 0.940201
epoch 340, training accuracy 0.941583
epoch 350, training accuracy 0.943311
epoch 360, training accuracy 0.943484
epoch 370, training accuracy 0.944521
epoch 380, training accuracy 0.945040
epoch 390, training accuracy 0.945731
epoch 400, training accuracy 0.947287
epoch 410, training accuracy 0.947978
epoch 420, training accuracy 0.948496
epoch 430, training accuracy 0.948842
epoch 440, training accuracy 0.949015
epoch 450, training accuracy 0.949706
epoch 460, training accuracy 0.949879
epoch 470, training accuracy 0.950052
epoch 480, training accuracy 0.949879
epoch 490, training accuracy 0.950570
epoch 500, training accuracy 0.951089
epoch 510, training accuracy 0.951780
epoch 520, training accuracy 0.951780
epoch 530, training accuracy 0.952299
epoch 540, training accuracy 0.952817
epoch 550, training accuracy 0.953336
epoch 560, training accuracy 0.953681
epoch 570, training accuracy 0.953681
epoch 580, training accuracy 0.953854
epoch 590, training accuracy 0.954545
epoch 600, training accuracy 0.954718
epoch 610, training accuracy 0.954891
epoch 620, training accuracy 0.955928
epoch 630, training accuracy 0.956274
epoch 640, training accuracy 0.956792
epoch 650, training accuracy 0.958175
epoch 660, training accuracy 0.958521
epoch 670, training accuracy 0.958866
epoch 680, training accuracy 0.959730
epoch 690, training accuracy 0.960076
epoch 700, training accuracy 0.960076
epoch 710, training accuracy 0.960595
epoch 720, training accuracy 0.960767
epoch 730, training accuracy 0.961286
epoch 740, training accuracy 0.961459
epoch 750, training accuracy 0.961459
epoch 760, training accuracy 0.961459
epoch 770, training accuracy 0.961632
epoch 780, training accuracy 0.962150
epoch 790, training accuracy 0.962150
epoch 800, training accuracy 0.962496
epoch 810, training accuracy 0.962841
epoch 820, training accuracy 0.962841
epoch 830, training accuracy 0.963533
epoch 840, training accuracy 0.963187
epoch 850, training accuracy 0.963533
epoch 860, training accuracy 0.963878
epoch 870, training accuracy 0.963878
epoch 880, training accuracy 0.964051
epoch 890, training accuracy 0.964397
epoch 900, training accuracy 0.964915
epoch 910, training accuracy 0.965261
epoch 920, training accuracy 0.965434
epoch 930, training accuracy 0.965607
epoch 940, training accuracy 0.965607
epoch 950, training accuracy 0.965607
epoch 960, training accuracy 0.965607
epoch 970, training accuracy 0.966125
epoch 980, training accuracy 0.966298
epoch 990, training accuracy 0.966125
epoch 1000, training accuracy 0.966125
epoch 1010, training accuracy 0.965952
epoch 1020, training accuracy 0.966298
epoch 1030, training accuracy 0.966471
epoch 1040, training accuracy 0.966644
epoch 1050, training accuracy 0.966816
epoch 1060, training accuracy 0.966816
epoch 1070, training accuracy 0.966989
epoch 1080, training accuracy 0.967335
epoch 1090, training accuracy 0.967335
epoch 1100, training accuracy 0.967508
epoch 1110, training accuracy 0.968199
epoch 1120, training accuracy 0.968718
epoch 1130, training accuracy 0.969063
epoch 1140, training accuracy 0.969236
epoch 1150, training accuracy 0.969409
epoch 1160, training accuracy 0.969927
epoch 1170, training accuracy 0.969927
epoch 1180, training accuracy 0.969582
epoch 1190, training accuracy 0.969582
epoch 1200, training accuracy 0.969927
epoch 1210, training accuracy 0.969927
epoch 1220, training accuracy 0.969755
epoch 1230, training accuracy 0.970100
epoch 1240, training accuracy 0.970446
epoch 1250, training accuracy 0.970964
epoch 1260, training accuracy 0.970964
epoch 1270, training accuracy 0.971137
epoch 1280, training accuracy 0.971310
epoch 1290, training accuracy 0.971310
epoch 1300, training accuracy 0.971483
epoch 1310, training accuracy 0.971656
epoch 1320, training accuracy 0.971829
epoch 1330, training accuracy 0.971829
epoch 1340, training accuracy 0.972174
epoch 1350, training accuracy 0.972347
epoch 1360, training accuracy 0.972693
epoch 1370, training accuracy 0.972693
epoch 1380, training accuracy 0.972866
epoch 1390, training accuracy 0.973038
epoch 1400, training accuracy 0.973038
epoch 1410, training accuracy 0.973038
epoch 1420, training accuracy 0.972866
epoch 1430, training accuracy 0.972866
epoch 1440, training accuracy 0.972866
epoch 1450, training accuracy 0.972866
epoch 1460, training accuracy 0.972866
epoch 1470, training accuracy 0.973211
epoch 1480, training accuracy 0.973211
epoch 1490, training accuracy 0.973384
epoch 1500, training accuracy 0.973557
epoch 1510, training accuracy 0.973557
epoch 1520, training accuracy 0.973557
epoch 1530, training accuracy 0.973730
epoch 1540, training accuracy 0.973903
epoch 1550, training accuracy 0.973903
epoch 1560, training accuracy 0.974075
epoch 1570, training accuracy 0.974248
epoch 1580, training accuracy 0.974248
epoch 1590, training accuracy 0.974248
epoch 1600, training accuracy 0.974421
epoch 1610, training accuracy 0.974421
epoch 1620, training accuracy 0.974767
epoch 1630, training accuracy 0.974767
epoch 1640, training accuracy 0.974767
epoch 1650, training accuracy 0.974767
epoch 1660, training accuracy 0.974940
epoch 1670, training accuracy 0.974940
epoch 1680, training accuracy 0.975112
epoch 1690, training accuracy 0.975285
epoch 1700, training accuracy 0.975458
epoch 1710, training accuracy 0.975458
epoch 1720, training accuracy 0.975631
epoch 1730, training accuracy 0.975804
epoch 1740, training accuracy 0.975804
epoch 1750, training accuracy 0.976322
epoch 1760, training accuracy 0.976322
epoch 1770, training accuracy 0.976322
epoch 1780, training accuracy 0.976495
epoch 1790, training accuracy 0.976495
epoch 1800, training accuracy 0.976668
epoch 1810, training accuracy 0.976668
epoch 1820, training accuracy 0.976668
epoch 1830, training accuracy 0.976668
epoch 1840, training accuracy 0.977013
epoch 1850, training accuracy 0.977186
epoch 1860, training accuracy 0.977186
epoch 1870, training accuracy 0.977186
epoch 1880, training accuracy 0.977359
epoch 1890, training accuracy 0.977359
epoch 1900, training accuracy 0.977359
epoch 1910, training accuracy 0.977532
epoch 1920, training accuracy 0.977359
epoch 1930, training accuracy 0.977705
epoch 1940, training accuracy 0.977878
epoch 1950, training accuracy 0.977878
epoch 1960, training accuracy 0.978050
epoch 1970, training accuracy 0.977878
epoch 1980, training accuracy 0.977878
epoch 1990, training accuracy 0.977878
epoch 2000, training accuracy 0.977878
epoch 2010, training accuracy 0.978050
epoch 2020, training accuracy 0.978050
epoch 2030, training accuracy 0.978050
epoch 2040, training accuracy 0.978050
epoch 2050, training accuracy 0.978050
epoch 2060, training accuracy 0.978050
epoch 2070, training accuracy 0.978050
epoch 2080, training accuracy 0.978050
epoch 2090, training accuracy 0.978050
epoch 2100, training accuracy 0.978050
epoch 2110, training accuracy 0.978050
epoch 2120, training accuracy 0.977878
epoch 2130, training accuracy 0.977878
epoch 2140, training accuracy 0.977878
epoch 2150, training accuracy 0.977878
epoch 2160, training accuracy 0.977878
epoch 2170, training accuracy 0.978050
epoch 2180, training accuracy 0.977878
epoch 2190, training accuracy 0.977878
epoch 2200, training accuracy 0.977878
epoch 2210, training accuracy 0.977878
epoch 2220, training accuracy 0.977878
epoch 2230, training accuracy 0.977878
epoch 2240, training accuracy 0.977878
epoch 2250, training accuracy 0.978223
epoch 2260, training accuracy 0.978223
epoch 2270, training accuracy 0.978569
epoch 2280, training accuracy 0.978742
epoch 2290, training accuracy 0.978742
epoch 2300, training accuracy 0.978742
epoch 2310, training accuracy 0.978742
epoch 2320, training accuracy 0.978742
epoch 2330, training accuracy 0.978569
epoch 2340, training accuracy 0.978742
epoch 2350, training accuracy 0.978742
epoch 2360, training accuracy 0.978742
epoch 2370, training accuracy 0.978742
epoch 2380, training accuracy 0.978742
epoch 2390, training accuracy 0.978742
epoch 2400, training accuracy 0.978742
epoch 2410, training accuracy 0.978742
epoch 2420, training accuracy 0.978742
epoch 2430, training accuracy 0.978742
epoch 2440, training accuracy 0.978569
epoch 2450, training accuracy 0.978569
epoch 2460, training accuracy 0.978569
epoch 2470, training accuracy 0.978569
epoch 2480, training accuracy 0.978396
epoch 2490, training accuracy 0.978569
epoch 2500, training accuracy 0.978569
epoch 2510, training accuracy 0.978569
epoch 2520, training accuracy 0.978742
epoch 2530, training accuracy 0.978742
epoch 2540, training accuracy 0.978742
epoch 2550, training accuracy 0.978742
epoch 2560, training accuracy 0.978915
epoch 2570, training accuracy 0.978915
epoch 2580, training accuracy 0.978915
epoch 2590, training accuracy 0.979260
epoch 2600, training accuracy 0.979260
epoch 2610, training accuracy 0.979260
epoch 2620, training accuracy 0.979260
epoch 2630, training accuracy 0.979260
epoch 2640, training accuracy 0.979260
epoch 2650, training accuracy 0.979260
epoch 2660, training accuracy 0.979260
epoch 2670, training accuracy 0.979260
epoch 2680, training accuracy 0.979087
epoch 2690, training accuracy 0.979260
epoch 2700, training accuracy 0.979260
epoch 2710, training accuracy 0.979433
epoch 2720, training accuracy 0.979433
epoch 2730, training accuracy 0.979433
epoch 2740, training accuracy 0.979433
epoch 2750, training accuracy 0.979433
epoch 2760, training accuracy 0.979433
epoch 2770, training accuracy 0.979433
epoch 2780, training accuracy 0.979606
epoch 2790, training accuracy 0.979606
epoch 2800, training accuracy 0.979606
epoch 2810, training accuracy 0.979606
epoch 2820, training accuracy 0.979606
epoch 2830, training accuracy 0.979952
epoch 2840, training accuracy 0.979779
epoch 2850, training accuracy 0.979952
epoch 2860, training accuracy 0.979952
epoch 2870, training accuracy 0.979952
epoch 2880, training accuracy 0.979952
epoch 2890, training accuracy 0.979952
epoch 2900, training accuracy 0.980297
epoch 2910, training accuracy 0.980297
epoch 2920, training accuracy 0.980297
epoch 2930, training accuracy 0.980297
epoch 2940, training accuracy 0.980297
epoch 2950, training accuracy 0.980297
epoch 2960, training accuracy 0.980297
epoch 2970, training accuracy 0.980297
epoch 2980, training accuracy 0.980124
epoch 2990, training accuracy 0.980124
epoch 3000, training accuracy 0.980124
/tmp/buy_by_validate.py loaded, containing 1326 entries, class distribution: [663 663]
correct: [625, 621]
incorrect: [16, 12]
accuracy: [0.9750390015600624, 0.981042654028436]
unclassified: [22, 30]
total accuracy: [0.942684766214178, 0.9366515837104072]
Mon Oct 23 07:08:32 CEST 2017 finished, res_training/eng/buy_by
