Mon Oct 23 00:33:17 CEST 2017 create_training_files
/tmp/texto_vento
2435 lines
1715 texto
720 vento
/tmp/texto_vento_training
1948 lines
1364 texto
584 vento
/tmp/texto_vento_validate
487 lines
351 texto
136 vento
generate /tmp/texto_vento_training.py, /tmp/texto_vento_validate.py
:compileJava UP-TO-DATE
:processResources UP-TO-DATE
:classes UP-TO-DATE
:createNGramDatabase
Reading /tmp/texto_vento_training
Tokenizing
undersampling to 576
/tmp/texto_vento_training.pycreated
Reading /tmp/texto_vento_validate
Tokenizing
undersampling to 136
/tmp/texto_vento_validate.pycreated

BUILD SUCCESSFUL

Total time: 4.694 secs

This build could be faster, please consider using the Gradle Daemon: https://docs.gradle.org/2.10/userguide/gradle_daemon.html
Mon Oct 23 00:33:28 CEST 2017 create_classifier
{'embedding_path': 'res_training/por/embedding/final_embeddings.txt', 'use_flex_hidden_layer': False, 'num_inputs': 4, 'epochs': 3000, 'batch_size': 1000, 'num_outputs': 2, 'training_data_file': '/tmp/texto_vento_training.py', 'dictionary_path': 'res_training/por/embedding/dictionary.txt', 'self': <__main__.NeuralNetwork object at 0x2b2c6c361a58>}
embedding shape (44676, 64)
/tmp/texto_vento_training.py loaded, containing 1152 entries, class distribution: [576 576]
Steps: 3000, 1 steps in 3000 epochs
epoch 0, training accuracy 0.496528
epoch 10, training accuracy 0.503472
epoch 20, training accuracy 0.513889
epoch 30, training accuracy 0.522569
epoch 40, training accuracy 0.538194
epoch 50, training accuracy 0.547743
epoch 60, training accuracy 0.559028
epoch 70, training accuracy 0.567708
epoch 80, training accuracy 0.567708
epoch 90, training accuracy 0.572049
epoch 100, training accuracy 0.577257
epoch 110, training accuracy 0.591146
epoch 120, training accuracy 0.592014
epoch 130, training accuracy 0.605035
epoch 140, training accuracy 0.611111
epoch 150, training accuracy 0.616319
epoch 160, training accuracy 0.619792
epoch 170, training accuracy 0.621528
epoch 180, training accuracy 0.625000
epoch 190, training accuracy 0.631076
epoch 200, training accuracy 0.638021
epoch 210, training accuracy 0.644965
epoch 220, training accuracy 0.658854
epoch 230, training accuracy 0.662326
epoch 240, training accuracy 0.671007
epoch 250, training accuracy 0.674479
epoch 260, training accuracy 0.684028
epoch 270, training accuracy 0.690972
epoch 280, training accuracy 0.702257
epoch 290, training accuracy 0.706597
epoch 300, training accuracy 0.709201
epoch 310, training accuracy 0.712674
epoch 320, training accuracy 0.717014
epoch 330, training accuracy 0.717882
epoch 340, training accuracy 0.724826
epoch 350, training accuracy 0.728299
epoch 360, training accuracy 0.728299
epoch 370, training accuracy 0.734375
epoch 380, training accuracy 0.735243
epoch 390, training accuracy 0.737847
epoch 400, training accuracy 0.742188
epoch 410, training accuracy 0.745660
epoch 420, training accuracy 0.746528
epoch 430, training accuracy 0.750000
epoch 440, training accuracy 0.754340
epoch 450, training accuracy 0.754340
epoch 460, training accuracy 0.757812
epoch 470, training accuracy 0.760417
epoch 480, training accuracy 0.762153
epoch 490, training accuracy 0.763021
epoch 500, training accuracy 0.761285
epoch 510, training accuracy 0.763021
epoch 520, training accuracy 0.764757
epoch 530, training accuracy 0.765625
epoch 540, training accuracy 0.770833
epoch 550, training accuracy 0.774306
epoch 560, training accuracy 0.776042
epoch 570, training accuracy 0.776042
epoch 580, training accuracy 0.778646
epoch 590, training accuracy 0.789931
epoch 600, training accuracy 0.789062
epoch 610, training accuracy 0.789931
epoch 620, training accuracy 0.791667
epoch 630, training accuracy 0.790799
epoch 640, training accuracy 0.790799
epoch 650, training accuracy 0.791667
epoch 660, training accuracy 0.791667
epoch 670, training accuracy 0.795139
epoch 680, training accuracy 0.796007
epoch 690, training accuracy 0.795139
epoch 700, training accuracy 0.795139
epoch 710, training accuracy 0.798611
epoch 720, training accuracy 0.799479
epoch 730, training accuracy 0.801215
epoch 740, training accuracy 0.800347
epoch 750, training accuracy 0.801215
epoch 760, training accuracy 0.801215
epoch 770, training accuracy 0.800347
epoch 780, training accuracy 0.801215
epoch 790, training accuracy 0.803819
epoch 800, training accuracy 0.804688
epoch 810, training accuracy 0.806424
epoch 820, training accuracy 0.806424
epoch 830, training accuracy 0.807292
epoch 840, training accuracy 0.808160
epoch 850, training accuracy 0.809028
epoch 860, training accuracy 0.809896
epoch 870, training accuracy 0.809896
epoch 880, training accuracy 0.813368
epoch 890, training accuracy 0.814236
epoch 900, training accuracy 0.813368
epoch 910, training accuracy 0.812500
epoch 920, training accuracy 0.814236
epoch 930, training accuracy 0.815104
epoch 940, training accuracy 0.815104
epoch 950, training accuracy 0.816840
epoch 960, training accuracy 0.816840
epoch 970, training accuracy 0.817708
epoch 980, training accuracy 0.819444
epoch 990, training accuracy 0.818576
epoch 1000, training accuracy 0.820312
epoch 1010, training accuracy 0.820312
epoch 1020, training accuracy 0.821181
epoch 1030, training accuracy 0.821181
epoch 1040, training accuracy 0.822049
epoch 1050, training accuracy 0.823785
epoch 1060, training accuracy 0.823785
epoch 1070, training accuracy 0.824653
epoch 1080, training accuracy 0.824653
epoch 1090, training accuracy 0.824653
epoch 1100, training accuracy 0.825521
epoch 1110, training accuracy 0.824653
epoch 1120, training accuracy 0.826389
epoch 1130, training accuracy 0.826389
epoch 1140, training accuracy 0.826389
epoch 1150, training accuracy 0.826389
epoch 1160, training accuracy 0.826389
epoch 1170, training accuracy 0.827257
epoch 1180, training accuracy 0.827257
epoch 1190, training accuracy 0.827257
epoch 1200, training accuracy 0.828125
epoch 1210, training accuracy 0.830729
epoch 1220, training accuracy 0.830729
epoch 1230, training accuracy 0.831597
epoch 1240, training accuracy 0.830729
epoch 1250, training accuracy 0.831597
epoch 1260, training accuracy 0.831597
epoch 1270, training accuracy 0.831597
epoch 1280, training accuracy 0.831597
epoch 1290, training accuracy 0.832465
epoch 1300, training accuracy 0.832465
epoch 1310, training accuracy 0.831597
epoch 1320, training accuracy 0.831597
epoch 1330, training accuracy 0.831597
epoch 1340, training accuracy 0.832465
epoch 1350, training accuracy 0.830729
epoch 1360, training accuracy 0.830729
epoch 1370, training accuracy 0.831597
epoch 1380, training accuracy 0.831597
epoch 1390, training accuracy 0.831597
epoch 1400, training accuracy 0.830729
epoch 1410, training accuracy 0.830729
epoch 1420, training accuracy 0.831597
epoch 1430, training accuracy 0.832465
epoch 1440, training accuracy 0.832465
epoch 1450, training accuracy 0.832465
epoch 1460, training accuracy 0.832465
epoch 1470, training accuracy 0.832465
epoch 1480, training accuracy 0.832465
epoch 1490, training accuracy 0.833333
epoch 1500, training accuracy 0.833333
epoch 1510, training accuracy 0.834201
epoch 1520, training accuracy 0.834201
epoch 1530, training accuracy 0.835069
epoch 1540, training accuracy 0.835938
epoch 1550, training accuracy 0.836806
epoch 1560, training accuracy 0.836806
epoch 1570, training accuracy 0.837674
epoch 1580, training accuracy 0.837674
epoch 1590, training accuracy 0.837674
epoch 1600, training accuracy 0.839410
epoch 1610, training accuracy 0.841146
epoch 1620, training accuracy 0.842014
epoch 1630, training accuracy 0.842014
epoch 1640, training accuracy 0.842014
epoch 1650, training accuracy 0.842014
epoch 1660, training accuracy 0.842882
epoch 1670, training accuracy 0.842882
epoch 1680, training accuracy 0.843750
epoch 1690, training accuracy 0.843750
epoch 1700, training accuracy 0.844618
epoch 1710, training accuracy 0.845486
epoch 1720, training accuracy 0.845486
epoch 1730, training accuracy 0.845486
epoch 1740, training accuracy 0.845486
epoch 1750, training accuracy 0.845486
epoch 1760, training accuracy 0.845486
epoch 1770, training accuracy 0.845486
epoch 1780, training accuracy 0.845486
epoch 1790, training accuracy 0.846354
epoch 1800, training accuracy 0.846354
epoch 1810, training accuracy 0.846354
epoch 1820, training accuracy 0.846354
epoch 1830, training accuracy 0.846354
epoch 1840, training accuracy 0.846354
epoch 1850, training accuracy 0.846354
epoch 1860, training accuracy 0.846354
epoch 1870, training accuracy 0.846354
epoch 1880, training accuracy 0.846354
epoch 1890, training accuracy 0.846354
epoch 1900, training accuracy 0.846354
epoch 1910, training accuracy 0.846354
epoch 1920, training accuracy 0.846354
epoch 1930, training accuracy 0.846354
epoch 1940, training accuracy 0.846354
epoch 1950, training accuracy 0.847222
epoch 1960, training accuracy 0.848090
epoch 1970, training accuracy 0.848090
epoch 1980, training accuracy 0.848090
epoch 1990, training accuracy 0.848090
epoch 2000, training accuracy 0.848090
epoch 2010, training accuracy 0.847222
epoch 2020, training accuracy 0.847222
epoch 2030, training accuracy 0.847222
epoch 2040, training accuracy 0.847222
epoch 2050, training accuracy 0.847222
epoch 2060, training accuracy 0.848090
epoch 2070, training accuracy 0.848090
epoch 2080, training accuracy 0.848958
epoch 2090, training accuracy 0.848958
epoch 2100, training accuracy 0.848958
epoch 2110, training accuracy 0.848958
epoch 2120, training accuracy 0.849826
epoch 2130, training accuracy 0.849826
epoch 2140, training accuracy 0.849826
epoch 2150, training accuracy 0.850694
epoch 2160, training accuracy 0.850694
epoch 2170, training accuracy 0.850694
epoch 2180, training accuracy 0.851562
epoch 2190, training accuracy 0.852431
epoch 2200, training accuracy 0.853299
epoch 2210, training accuracy 0.854167
epoch 2220, training accuracy 0.854167
epoch 2230, training accuracy 0.854167
epoch 2240, training accuracy 0.854167
epoch 2250, training accuracy 0.854167
epoch 2260, training accuracy 0.855035
epoch 2270, training accuracy 0.855035
epoch 2280, training accuracy 0.855035
epoch 2290, training accuracy 0.855035
epoch 2300, training accuracy 0.855903
epoch 2310, training accuracy 0.855903
epoch 2320, training accuracy 0.856771
epoch 2330, training accuracy 0.856771
epoch 2340, training accuracy 0.856771
epoch 2350, training accuracy 0.857639
epoch 2360, training accuracy 0.857639
epoch 2370, training accuracy 0.859375
epoch 2380, training accuracy 0.860243
epoch 2390, training accuracy 0.861111
epoch 2400, training accuracy 0.861111
epoch 2410, training accuracy 0.861111
epoch 2420, training accuracy 0.861111
epoch 2430, training accuracy 0.862847
epoch 2440, training accuracy 0.862847
epoch 2450, training accuracy 0.862847
epoch 2460, training accuracy 0.862847
epoch 2470, training accuracy 0.862847
epoch 2480, training accuracy 0.862847
epoch 2490, training accuracy 0.863715
epoch 2500, training accuracy 0.863715
epoch 2510, training accuracy 0.863715
epoch 2520, training accuracy 0.863715
epoch 2530, training accuracy 0.863715
epoch 2540, training accuracy 0.863715
epoch 2550, training accuracy 0.863715
epoch 2560, training accuracy 0.863715
epoch 2570, training accuracy 0.863715
epoch 2580, training accuracy 0.864583
epoch 2590, training accuracy 0.865451
epoch 2600, training accuracy 0.865451
epoch 2610, training accuracy 0.865451
epoch 2620, training accuracy 0.865451
epoch 2630, training accuracy 0.865451
epoch 2640, training accuracy 0.865451
epoch 2650, training accuracy 0.865451
epoch 2660, training accuracy 0.866319
epoch 2670, training accuracy 0.866319
epoch 2680, training accuracy 0.865451
epoch 2690, training accuracy 0.866319
epoch 2700, training accuracy 0.867188
epoch 2710, training accuracy 0.867188
epoch 2720, training accuracy 0.867188
epoch 2730, training accuracy 0.868056
epoch 2740, training accuracy 0.868056
epoch 2750, training accuracy 0.868056
epoch 2760, training accuracy 0.869792
epoch 2770, training accuracy 0.869792
epoch 2780, training accuracy 0.869792
epoch 2790, training accuracy 0.868924
epoch 2800, training accuracy 0.868924
epoch 2810, training accuracy 0.870660
epoch 2820, training accuracy 0.870660
epoch 2830, training accuracy 0.871528
epoch 2840, training accuracy 0.871528
epoch 2850, training accuracy 0.871528
epoch 2860, training accuracy 0.871528
epoch 2870, training accuracy 0.871528
epoch 2880, training accuracy 0.871528
epoch 2890, training accuracy 0.871528
epoch 2900, training accuracy 0.871528
epoch 2910, training accuracy 0.871528
epoch 2920, training accuracy 0.871528
epoch 2930, training accuracy 0.871528
epoch 2940, training accuracy 0.872396
epoch 2950, training accuracy 0.872396
epoch 2960, training accuracy 0.872396
epoch 2970, training accuracy 0.872396
epoch 2980, training accuracy 0.872396
epoch 2990, training accuracy 0.872396
epoch 3000, training accuracy 0.872396
/tmp/texto_vento_validate.py loaded, containing 272 entries, class distribution: [136 136]
correct: [95, 97]
incorrect: [4, 2]
accuracy: [0.9595959595959596, 0.9797979797979798]
unclassified: [37, 37]
total accuracy: [0.6985294117647058, 0.7132352941176471]
Mon Oct 23 00:33:46 CEST 2017 finished, res_training/por/texto_vento
