Sun Oct 22 22:22:19 CEST 2017 create_training_files
/tmp/drei_frei
37249 lines
32693 drei
4627 frei
/tmp/drei_frei_training
29800 lines
26131 drei
3727 frei
/tmp/drei_frei_validate
7449 lines
6562 drei
900 frei
generate /tmp/drei_frei_training.py, /tmp/drei_frei_validate.py
:compileJava UP-TO-DATE
:processResources UP-TO-DATE
:classes UP-TO-DATE
:createNGramDatabase
Reading /tmp/drei_frei_training
Tokenizing
undersampling to 3757
/tmp/drei_frei_training.pycreated
Reading /tmp/drei_frei_validate
Tokenizing
undersampling to 904
/tmp/drei_frei_validate.pycreated

BUILD SUCCESSFUL

Total time: 8.133 secs

This build could be faster, please consider using the Gradle Daemon: https://docs.gradle.org/2.10/userguide/gradle_daemon.html
Sun Oct 22 22:22:35 CEST 2017 create_classifier
{'num_inputs': 4, 'dictionary_path': 'res_training/deu/embedding/dictionary.txt', 'num_outputs': 2, 'training_data_file': '/tmp/drei_frei_training.py', 'self': <__main__.NeuralNetwork object at 0x2ae224877a58>, 'use_flex_hidden_layer': False, 'batch_size': 1000, 'embedding_path': 'res_training/deu/embedding/final_embeddings.txt', 'epochs': 3000}
embedding shape (52520, 64)
/tmp/drei_frei_training.py loaded, containing 7514 entries, class distribution: [3757 3757]
Steps: 21000, 7 steps in 3000 epochs
epoch 0, training accuracy 0.587703
epoch 10, training accuracy 0.656508
epoch 20, training accuracy 0.709742
epoch 30, training accuracy 0.745808
epoch 40, training accuracy 0.777881
epoch 50, training accuracy 0.805297
epoch 60, training accuracy 0.827123
epoch 70, training accuracy 0.840564
epoch 80, training accuracy 0.851211
epoch 90, training accuracy 0.862124
epoch 100, training accuracy 0.871041
epoch 110, training accuracy 0.876497
epoch 120, training accuracy 0.882885
epoch 130, training accuracy 0.888741
epoch 140, training accuracy 0.892867
epoch 150, training accuracy 0.894863
epoch 160, training accuracy 0.899388
epoch 170, training accuracy 0.901384
epoch 180, training accuracy 0.902981
epoch 190, training accuracy 0.905244
epoch 200, training accuracy 0.906441
epoch 210, training accuracy 0.908970
epoch 220, training accuracy 0.910301
epoch 230, training accuracy 0.912031
epoch 240, training accuracy 0.912962
epoch 250, training accuracy 0.914559
epoch 260, training accuracy 0.915358
epoch 270, training accuracy 0.917354
epoch 280, training accuracy 0.918685
epoch 290, training accuracy 0.920149
epoch 300, training accuracy 0.921347
epoch 310, training accuracy 0.922678
epoch 320, training accuracy 0.924275
epoch 330, training accuracy 0.924674
epoch 340, training accuracy 0.925872
epoch 350, training accuracy 0.926803
epoch 360, training accuracy 0.927735
epoch 370, training accuracy 0.928267
epoch 380, training accuracy 0.929199
epoch 390, training accuracy 0.929731
epoch 400, training accuracy 0.929997
epoch 410, training accuracy 0.931727
epoch 420, training accuracy 0.932260
epoch 430, training accuracy 0.932925
epoch 440, training accuracy 0.933324
epoch 450, training accuracy 0.933857
epoch 460, training accuracy 0.934389
epoch 470, training accuracy 0.935055
epoch 480, training accuracy 0.935454
epoch 490, training accuracy 0.935587
epoch 500, training accuracy 0.936652
epoch 510, training accuracy 0.938382
epoch 520, training accuracy 0.938515
epoch 530, training accuracy 0.938515
epoch 540, training accuracy 0.939713
epoch 550, training accuracy 0.940511
epoch 560, training accuracy 0.941176
epoch 570, training accuracy 0.941310
epoch 580, training accuracy 0.941576
epoch 590, training accuracy 0.941443
epoch 600, training accuracy 0.941443
epoch 610, training accuracy 0.941709
epoch 620, training accuracy 0.942241
epoch 630, training accuracy 0.943439
epoch 640, training accuracy 0.943572
epoch 650, training accuracy 0.943705
epoch 660, training accuracy 0.943971
epoch 670, training accuracy 0.943572
epoch 680, training accuracy 0.943572
epoch 690, training accuracy 0.943971
epoch 700, training accuracy 0.943971
epoch 710, training accuracy 0.944104
epoch 720, training accuracy 0.944237
epoch 730, training accuracy 0.945169
epoch 740, training accuracy 0.944770
epoch 750, training accuracy 0.945169
epoch 760, training accuracy 0.945435
epoch 770, training accuracy 0.945834
epoch 780, training accuracy 0.945968
epoch 790, training accuracy 0.946234
epoch 800, training accuracy 0.946367
epoch 810, training accuracy 0.946899
epoch 820, training accuracy 0.946899
epoch 830, training accuracy 0.947165
epoch 840, training accuracy 0.947431
epoch 850, training accuracy 0.947831
epoch 860, training accuracy 0.947964
epoch 870, training accuracy 0.947698
epoch 880, training accuracy 0.947831
epoch 890, training accuracy 0.948097
epoch 900, training accuracy 0.948230
epoch 910, training accuracy 0.948363
epoch 920, training accuracy 0.948895
epoch 930, training accuracy 0.949162
epoch 940, training accuracy 0.949428
epoch 950, training accuracy 0.949428
epoch 960, training accuracy 0.949827
epoch 970, training accuracy 0.950093
epoch 980, training accuracy 0.950093
epoch 990, training accuracy 0.950359
epoch 1000, training accuracy 0.950625
epoch 1010, training accuracy 0.950759
epoch 1020, training accuracy 0.951291
epoch 1030, training accuracy 0.951158
epoch 1040, training accuracy 0.951424
epoch 1050, training accuracy 0.951424
epoch 1060, training accuracy 0.951823
epoch 1070, training accuracy 0.951823
epoch 1080, training accuracy 0.951823
epoch 1090, training accuracy 0.951956
epoch 1100, training accuracy 0.951956
epoch 1110, training accuracy 0.952089
epoch 1120, training accuracy 0.952223
epoch 1130, training accuracy 0.952223
epoch 1140, training accuracy 0.952356
epoch 1150, training accuracy 0.952622
epoch 1160, training accuracy 0.952489
epoch 1170, training accuracy 0.952622
epoch 1180, training accuracy 0.952622
epoch 1190, training accuracy 0.952622
epoch 1200, training accuracy 0.953021
epoch 1210, training accuracy 0.952888
epoch 1220, training accuracy 0.953021
epoch 1230, training accuracy 0.953154
epoch 1240, training accuracy 0.953154
epoch 1250, training accuracy 0.953287
epoch 1260, training accuracy 0.953287
epoch 1270, training accuracy 0.953553
epoch 1280, training accuracy 0.953820
epoch 1290, training accuracy 0.953686
epoch 1300, training accuracy 0.953686
epoch 1310, training accuracy 0.954219
epoch 1320, training accuracy 0.954086
epoch 1330, training accuracy 0.954219
epoch 1340, training accuracy 0.954219
epoch 1350, training accuracy 0.954219
epoch 1360, training accuracy 0.954219
epoch 1370, training accuracy 0.954219
epoch 1380, training accuracy 0.954219
epoch 1390, training accuracy 0.954485
epoch 1400, training accuracy 0.954485
epoch 1410, training accuracy 0.954485
epoch 1420, training accuracy 0.954618
epoch 1430, training accuracy 0.954884
epoch 1440, training accuracy 0.954618
epoch 1450, training accuracy 0.954751
epoch 1460, training accuracy 0.954618
epoch 1470, training accuracy 0.954618
epoch 1480, training accuracy 0.954352
epoch 1490, training accuracy 0.954485
epoch 1500, training accuracy 0.954618
epoch 1510, training accuracy 0.954618
epoch 1520, training accuracy 0.955017
epoch 1530, training accuracy 0.955017
epoch 1540, training accuracy 0.955283
epoch 1550, training accuracy 0.955417
epoch 1560, training accuracy 0.955417
epoch 1570, training accuracy 0.955550
epoch 1580, training accuracy 0.955550
epoch 1590, training accuracy 0.955550
epoch 1600, training accuracy 0.955683
epoch 1610, training accuracy 0.955816
epoch 1620, training accuracy 0.955816
epoch 1630, training accuracy 0.955949
epoch 1640, training accuracy 0.955949
epoch 1650, training accuracy 0.956082
epoch 1660, training accuracy 0.956082
epoch 1670, training accuracy 0.956348
epoch 1680, training accuracy 0.956348
epoch 1690, training accuracy 0.956348
epoch 1700, training accuracy 0.956348
epoch 1710, training accuracy 0.956348
epoch 1720, training accuracy 0.956348
epoch 1730, training accuracy 0.956348
epoch 1740, training accuracy 0.956614
epoch 1750, training accuracy 0.956614
epoch 1760, training accuracy 0.956747
epoch 1770, training accuracy 0.956614
epoch 1780, training accuracy 0.956481
epoch 1790, training accuracy 0.956481
epoch 1800, training accuracy 0.956481
epoch 1810, training accuracy 0.956481
epoch 1820, training accuracy 0.956481
epoch 1830, training accuracy 0.956481
epoch 1840, training accuracy 0.956614
epoch 1850, training accuracy 0.956614
epoch 1860, training accuracy 0.956614
epoch 1870, training accuracy 0.956747
epoch 1880, training accuracy 0.957014
epoch 1890, training accuracy 0.957014
epoch 1900, training accuracy 0.957014
epoch 1910, training accuracy 0.956881
epoch 1920, training accuracy 0.957147
epoch 1930, training accuracy 0.957280
epoch 1940, training accuracy 0.957413
epoch 1950, training accuracy 0.957413
epoch 1960, training accuracy 0.957413
epoch 1970, training accuracy 0.957546
epoch 1980, training accuracy 0.957679
epoch 1990, training accuracy 0.957679
epoch 2000, training accuracy 0.957812
epoch 2010, training accuracy 0.957812
epoch 2020, training accuracy 0.957945
epoch 2030, training accuracy 0.958344
epoch 2040, training accuracy 0.958477
epoch 2050, training accuracy 0.958344
epoch 2060, training accuracy 0.958477
epoch 2070, training accuracy 0.958611
epoch 2080, training accuracy 0.958611
epoch 2090, training accuracy 0.958611
epoch 2100, training accuracy 0.958477
epoch 2110, training accuracy 0.958477
epoch 2120, training accuracy 0.958477
epoch 2130, training accuracy 0.958477
epoch 2140, training accuracy 0.958477
epoch 2150, training accuracy 0.958477
epoch 2160, training accuracy 0.958477
epoch 2170, training accuracy 0.958477
epoch 2180, training accuracy 0.958477
epoch 2190, training accuracy 0.958611
epoch 2200, training accuracy 0.958611
epoch 2210, training accuracy 0.958611
epoch 2220, training accuracy 0.958477
epoch 2230, training accuracy 0.958477
epoch 2240, training accuracy 0.958477
epoch 2250, training accuracy 0.958477
epoch 2260, training accuracy 0.958477
epoch 2270, training accuracy 0.958477
epoch 2280, training accuracy 0.958477
epoch 2290, training accuracy 0.958477
epoch 2300, training accuracy 0.958344
epoch 2310, training accuracy 0.958211
epoch 2320, training accuracy 0.958078
epoch 2330, training accuracy 0.958078
epoch 2340, training accuracy 0.958078
epoch 2350, training accuracy 0.957945
epoch 2360, training accuracy 0.957945
epoch 2370, training accuracy 0.957812
epoch 2380, training accuracy 0.957812
epoch 2390, training accuracy 0.957812
epoch 2400, training accuracy 0.957812
epoch 2410, training accuracy 0.957812
epoch 2420, training accuracy 0.957812
epoch 2430, training accuracy 0.957812
epoch 2440, training accuracy 0.957679
epoch 2450, training accuracy 0.957679
epoch 2460, training accuracy 0.957679
epoch 2470, training accuracy 0.957679
epoch 2480, training accuracy 0.957679
epoch 2490, training accuracy 0.957679
epoch 2500, training accuracy 0.957812
epoch 2510, training accuracy 0.957945
epoch 2520, training accuracy 0.957945
epoch 2530, training accuracy 0.958078
epoch 2540, training accuracy 0.958211
epoch 2550, training accuracy 0.958078
epoch 2560, training accuracy 0.958078
epoch 2570, training accuracy 0.958078
epoch 2580, training accuracy 0.958078
epoch 2590, training accuracy 0.958078
epoch 2600, training accuracy 0.958211
epoch 2610, training accuracy 0.958211
epoch 2620, training accuracy 0.958477
epoch 2630, training accuracy 0.958477
epoch 2640, training accuracy 0.958477
epoch 2650, training accuracy 0.958477
epoch 2660, training accuracy 0.958477
epoch 2670, training accuracy 0.958477
epoch 2680, training accuracy 0.958611
epoch 2690, training accuracy 0.958611
epoch 2700, training accuracy 0.958611
epoch 2710, training accuracy 0.958611
epoch 2720, training accuracy 0.958477
epoch 2730, training accuracy 0.958344
epoch 2740, training accuracy 0.958477
epoch 2750, training accuracy 0.958344
epoch 2760, training accuracy 0.958344
epoch 2770, training accuracy 0.958344
epoch 2780, training accuracy 0.958344
epoch 2790, training accuracy 0.958344
epoch 2800, training accuracy 0.958344
epoch 2810, training accuracy 0.958344
epoch 2820, training accuracy 0.958344
epoch 2830, training accuracy 0.958344
epoch 2840, training accuracy 0.958344
epoch 2850, training accuracy 0.958344
epoch 2860, training accuracy 0.958344
epoch 2870, training accuracy 0.958344
epoch 2880, training accuracy 0.958344
epoch 2890, training accuracy 0.958344
epoch 2900, training accuracy 0.958344
epoch 2910, training accuracy 0.958344
epoch 2920, training accuracy 0.958344
epoch 2930, training accuracy 0.958344
epoch 2940, training accuracy 0.958211
epoch 2950, training accuracy 0.958344
epoch 2960, training accuracy 0.958344
epoch 2970, training accuracy 0.958477
epoch 2980, training accuracy 0.958477
epoch 2990, training accuracy 0.958611
epoch 3000, training accuracy 0.958611
/tmp/drei_frei_validate.py loaded, containing 1808 entries, class distribution: [904 904]
correct: [820, 813]
incorrect: [31, 23]
accuracy: [0.963572267920094, 0.972488038277512]
unclassified: [53, 68]
total accuracy: [0.9070796460176991, 0.8993362831858407]
Sun Oct 22 22:24:01 CEST 2017 finished, res_training/deu/drei_frei
