Mon Oct 23 02:39:54 CEST 2017 create_training_files
/tmp/weak_week
19792 lines
1086 weak
18726 week
/tmp/weak_week_training
15834 lines
891 weak
14957 week
/tmp/weak_week_validate
3958 lines
195 weak
3769 week
generate /tmp/weak_week_training.py, /tmp/weak_week_validate.py
:compileJava UP-TO-DATE
:processResources UP-TO-DATE
:classes UP-TO-DATE
:createNGramDatabase
Reading /tmp/weak_week_training
Tokenizing
undersampling to 898
/tmp/weak_week_training.pycreated
Reading /tmp/weak_week_validate
Tokenizing
undersampling to 197
/tmp/weak_week_validate.pycreated

BUILD SUCCESSFUL

Total time: 6.429 secs

This build could be faster, please consider using the Gradle Daemon: https://docs.gradle.org/2.10/userguide/gradle_daemon.html
Mon Oct 23 02:40:06 CEST 2017 create_classifier
{'embedding_path': 'res_training/eng/embedding/final_embeddings.txt', 'training_data_file': '/tmp/weak_week_training.py', 'use_flex_hidden_layer': False, 'num_inputs': 4, 'epochs': 3000, 'dictionary_path': 'res_training/eng/embedding/dictionary.txt', 'num_outputs': 2, 'self': <__main__.NeuralNetwork object at 0x2af3975fba58>, 'batch_size': 1000}
embedding shape (42122, 64)
/tmp/weak_week_training.py loaded, containing 1796 entries, class distribution: [898 898]
Steps: 3000, 1 steps in 3000 epochs
epoch 0, training accuracy 0.490535
epoch 10, training accuracy 0.507238
epoch 20, training accuracy 0.524499
epoch 30, training accuracy 0.542316
epoch 40, training accuracy 0.564031
epoch 50, training accuracy 0.580178
epoch 60, training accuracy 0.595768
epoch 70, training accuracy 0.615256
epoch 80, training accuracy 0.638085
epoch 90, training accuracy 0.652561
epoch 100, training accuracy 0.666481
epoch 110, training accuracy 0.678174
epoch 120, training accuracy 0.689310
epoch 130, training accuracy 0.696548
epoch 140, training accuracy 0.707684
epoch 150, training accuracy 0.715479
epoch 160, training accuracy 0.727728
epoch 170, training accuracy 0.737751
epoch 180, training accuracy 0.750000
epoch 190, training accuracy 0.755011
epoch 200, training accuracy 0.765590
epoch 210, training accuracy 0.775056
epoch 220, training accuracy 0.783408
epoch 230, training accuracy 0.791203
epoch 240, training accuracy 0.796214
epoch 250, training accuracy 0.801225
epoch 260, training accuracy 0.804566
epoch 270, training accuracy 0.814588
epoch 280, training accuracy 0.819599
epoch 290, training accuracy 0.826281
epoch 300, training accuracy 0.831849
epoch 310, training accuracy 0.835746
epoch 320, training accuracy 0.843541
epoch 330, training accuracy 0.847996
epoch 340, training accuracy 0.850780
epoch 350, training accuracy 0.856347
epoch 360, training accuracy 0.859688
epoch 370, training accuracy 0.865256
epoch 380, training accuracy 0.868040
epoch 390, training accuracy 0.871381
epoch 400, training accuracy 0.875278
epoch 410, training accuracy 0.876392
epoch 420, training accuracy 0.878619
epoch 430, training accuracy 0.883074
epoch 440, training accuracy 0.885857
epoch 450, training accuracy 0.888085
epoch 460, training accuracy 0.890869
epoch 470, training accuracy 0.892539
epoch 480, training accuracy 0.894209
epoch 490, training accuracy 0.895323
epoch 500, training accuracy 0.896993
epoch 510, training accuracy 0.898664
epoch 520, training accuracy 0.899220
epoch 530, training accuracy 0.901448
epoch 540, training accuracy 0.903675
epoch 550, training accuracy 0.905902
epoch 560, training accuracy 0.906459
epoch 570, training accuracy 0.908686
epoch 580, training accuracy 0.908686
epoch 590, training accuracy 0.910356
epoch 600, training accuracy 0.913697
epoch 610, training accuracy 0.914254
epoch 620, training accuracy 0.914811
epoch 630, training accuracy 0.915367
epoch 640, training accuracy 0.916481
epoch 650, training accuracy 0.918151
epoch 660, training accuracy 0.918708
epoch 670, training accuracy 0.919265
epoch 680, training accuracy 0.920379
epoch 690, training accuracy 0.920935
epoch 700, training accuracy 0.921492
epoch 710, training accuracy 0.922606
epoch 720, training accuracy 0.924276
epoch 730, training accuracy 0.924833
epoch 740, training accuracy 0.927060
epoch 750, training accuracy 0.928174
epoch 760, training accuracy 0.928174
epoch 770, training accuracy 0.928730
epoch 780, training accuracy 0.930958
epoch 790, training accuracy 0.930958
epoch 800, training accuracy 0.931515
epoch 810, training accuracy 0.931515
epoch 820, training accuracy 0.931515
epoch 830, training accuracy 0.932628
epoch 840, training accuracy 0.932628
epoch 850, training accuracy 0.932628
epoch 860, training accuracy 0.932628
epoch 870, training accuracy 0.933185
epoch 880, training accuracy 0.934855
epoch 890, training accuracy 0.934855
epoch 900, training accuracy 0.935969
epoch 910, training accuracy 0.936526
epoch 920, training accuracy 0.937082
epoch 930, training accuracy 0.937082
epoch 940, training accuracy 0.937082
epoch 950, training accuracy 0.939310
epoch 960, training accuracy 0.939866
epoch 970, training accuracy 0.939866
epoch 980, training accuracy 0.939866
epoch 990, training accuracy 0.940423
epoch 1000, training accuracy 0.940980
epoch 1010, training accuracy 0.941537
epoch 1020, training accuracy 0.941537
epoch 1030, training accuracy 0.942094
epoch 1040, training accuracy 0.942650
epoch 1050, training accuracy 0.943764
epoch 1060, training accuracy 0.943764
epoch 1070, training accuracy 0.944878
epoch 1080, training accuracy 0.944878
epoch 1090, training accuracy 0.944878
epoch 1100, training accuracy 0.945434
epoch 1110, training accuracy 0.945434
epoch 1120, training accuracy 0.945434
epoch 1130, training accuracy 0.945434
epoch 1140, training accuracy 0.945434
epoch 1150, training accuracy 0.946548
epoch 1160, training accuracy 0.947105
epoch 1170, training accuracy 0.947105
epoch 1180, training accuracy 0.947661
epoch 1190, training accuracy 0.948218
epoch 1200, training accuracy 0.947661
epoch 1210, training accuracy 0.948218
epoch 1220, training accuracy 0.948775
epoch 1230, training accuracy 0.948775
epoch 1240, training accuracy 0.948775
epoch 1250, training accuracy 0.948775
epoch 1260, training accuracy 0.948775
epoch 1270, training accuracy 0.948775
epoch 1280, training accuracy 0.948775
epoch 1290, training accuracy 0.948775
epoch 1300, training accuracy 0.949332
epoch 1310, training accuracy 0.949332
epoch 1320, training accuracy 0.949889
epoch 1330, training accuracy 0.951002
epoch 1340, training accuracy 0.952116
epoch 1350, training accuracy 0.953229
epoch 1360, training accuracy 0.953229
epoch 1370, training accuracy 0.953229
epoch 1380, training accuracy 0.953229
epoch 1390, training accuracy 0.953229
epoch 1400, training accuracy 0.953229
epoch 1410, training accuracy 0.953786
epoch 1420, training accuracy 0.956013
epoch 1430, training accuracy 0.956013
epoch 1440, training accuracy 0.955457
epoch 1450, training accuracy 0.956013
epoch 1460, training accuracy 0.956570
epoch 1470, training accuracy 0.956570
epoch 1480, training accuracy 0.957127
epoch 1490, training accuracy 0.957127
epoch 1500, training accuracy 0.957127
epoch 1510, training accuracy 0.957684
epoch 1520, training accuracy 0.957684
epoch 1530, training accuracy 0.957684
epoch 1540, training accuracy 0.957684
epoch 1550, training accuracy 0.957684
epoch 1560, training accuracy 0.958241
epoch 1570, training accuracy 0.958241
epoch 1580, training accuracy 0.958797
epoch 1590, training accuracy 0.958797
epoch 1600, training accuracy 0.959354
epoch 1610, training accuracy 0.959354
epoch 1620, training accuracy 0.959354
epoch 1630, training accuracy 0.959911
epoch 1640, training accuracy 0.960468
epoch 1650, training accuracy 0.960468
epoch 1660, training accuracy 0.960468
epoch 1670, training accuracy 0.960468
epoch 1680, training accuracy 0.960468
epoch 1690, training accuracy 0.960468
epoch 1700, training accuracy 0.960468
epoch 1710, training accuracy 0.961025
epoch 1720, training accuracy 0.961581
epoch 1730, training accuracy 0.962138
epoch 1740, training accuracy 0.962695
epoch 1750, training accuracy 0.962695
epoch 1760, training accuracy 0.963808
epoch 1770, training accuracy 0.963808
epoch 1780, training accuracy 0.963808
epoch 1790, training accuracy 0.963808
epoch 1800, training accuracy 0.964922
epoch 1810, training accuracy 0.964922
epoch 1820, training accuracy 0.964922
epoch 1830, training accuracy 0.964922
epoch 1840, training accuracy 0.965479
epoch 1850, training accuracy 0.965479
epoch 1860, training accuracy 0.966036
epoch 1870, training accuracy 0.966036
epoch 1880, training accuracy 0.966036
epoch 1890, training accuracy 0.966592
epoch 1900, training accuracy 0.967149
epoch 1910, training accuracy 0.967149
epoch 1920, training accuracy 0.967149
epoch 1930, training accuracy 0.967149
epoch 1940, training accuracy 0.967149
epoch 1950, training accuracy 0.967149
epoch 1960, training accuracy 0.967149
epoch 1970, training accuracy 0.967149
epoch 1980, training accuracy 0.967149
epoch 1990, training accuracy 0.967149
epoch 2000, training accuracy 0.967149
epoch 2010, training accuracy 0.967706
epoch 2020, training accuracy 0.967706
epoch 2030, training accuracy 0.967706
epoch 2040, training accuracy 0.967706
epoch 2050, training accuracy 0.967706
epoch 2060, training accuracy 0.967706
epoch 2070, training accuracy 0.967706
epoch 2080, training accuracy 0.967706
epoch 2090, training accuracy 0.967706
epoch 2100, training accuracy 0.967706
epoch 2110, training accuracy 0.968263
epoch 2120, training accuracy 0.968263
epoch 2130, training accuracy 0.968820
epoch 2140, training accuracy 0.968820
epoch 2150, training accuracy 0.968820
epoch 2160, training accuracy 0.968820
epoch 2170, training accuracy 0.968820
epoch 2180, training accuracy 0.968820
epoch 2190, training accuracy 0.968820
epoch 2200, training accuracy 0.968820
epoch 2210, training accuracy 0.968820
epoch 2220, training accuracy 0.968820
epoch 2230, training accuracy 0.968820
epoch 2240, training accuracy 0.968820
epoch 2250, training accuracy 0.969376
epoch 2260, training accuracy 0.969376
epoch 2270, training accuracy 0.969376
epoch 2280, training accuracy 0.969376
epoch 2290, training accuracy 0.969933
epoch 2300, training accuracy 0.970490
epoch 2310, training accuracy 0.970490
epoch 2320, training accuracy 0.970490
epoch 2330, training accuracy 0.970490
epoch 2340, training accuracy 0.970490
epoch 2350, training accuracy 0.970490
epoch 2360, training accuracy 0.970490
epoch 2370, training accuracy 0.971047
epoch 2380, training accuracy 0.971047
epoch 2390, training accuracy 0.971047
epoch 2400, training accuracy 0.971047
epoch 2410, training accuracy 0.971047
epoch 2420, training accuracy 0.971047
epoch 2430, training accuracy 0.971047
epoch 2440, training accuracy 0.971047
epoch 2450, training accuracy 0.971047
epoch 2460, training accuracy 0.971047
epoch 2470, training accuracy 0.971047
epoch 2480, training accuracy 0.971047
epoch 2490, training accuracy 0.971047
epoch 2500, training accuracy 0.971047
epoch 2510, training accuracy 0.971047
epoch 2520, training accuracy 0.971047
epoch 2530, training accuracy 0.971047
epoch 2540, training accuracy 0.971047
epoch 2550, training accuracy 0.971047
epoch 2560, training accuracy 0.971047
epoch 2570, training accuracy 0.971047
epoch 2580, training accuracy 0.971047
epoch 2590, training accuracy 0.972160
epoch 2600, training accuracy 0.972160
epoch 2610, training accuracy 0.972717
epoch 2620, training accuracy 0.972717
epoch 2630, training accuracy 0.972717
epoch 2640, training accuracy 0.972717
epoch 2650, training accuracy 0.973274
epoch 2660, training accuracy 0.973274
epoch 2670, training accuracy 0.973274
epoch 2680, training accuracy 0.973274
epoch 2690, training accuracy 0.973274
epoch 2700, training accuracy 0.973274
epoch 2710, training accuracy 0.973274
epoch 2720, training accuracy 0.973274
epoch 2730, training accuracy 0.973274
epoch 2740, training accuracy 0.973274
epoch 2750, training accuracy 0.973274
epoch 2760, training accuracy 0.973274
epoch 2770, training accuracy 0.973274
epoch 2780, training accuracy 0.973274
epoch 2790, training accuracy 0.973274
epoch 2800, training accuracy 0.973274
epoch 2810, training accuracy 0.973274
epoch 2820, training accuracy 0.973274
epoch 2830, training accuracy 0.973831
epoch 2840, training accuracy 0.973831
epoch 2850, training accuracy 0.973831
epoch 2860, training accuracy 0.973831
epoch 2870, training accuracy 0.973831
epoch 2880, training accuracy 0.973831
epoch 2890, training accuracy 0.973831
epoch 2900, training accuracy 0.973831
epoch 2910, training accuracy 0.973831
epoch 2920, training accuracy 0.973831
epoch 2930, training accuracy 0.974388
epoch 2940, training accuracy 0.974388
epoch 2950, training accuracy 0.974388
epoch 2960, training accuracy 0.974388
epoch 2970, training accuracy 0.974388
epoch 2980, training accuracy 0.974388
epoch 2990, training accuracy 0.974388
epoch 3000, training accuracy 0.974388
/tmp/weak_week_validate.py loaded, containing 394 entries, class distribution: [197 197]
correct: [166, 165]
incorrect: [0, 2]
accuracy: [1.0, 0.9880239520958084]
unclassified: [31, 30]
total accuracy: [0.8426395939086294, 0.8375634517766497]
Mon Oct 23 02:40:27 CEST 2017 finished, res_training/eng/weak_week
Mon Oct 23 09:50:52 CEST 2017 create_training_files
/tmp/weak_week
19792 lines
1086 weak
18726 week
/tmp/weak_week_training
15834 lines
871 weak
14978 week
/tmp/weak_week_validate
3958 lines
215 weak
3748 week
generate /tmp/weak_week_training.py, /tmp/weak_week_validate.py
:compileJava UP-TO-DATE
:processResources UP-TO-DATE
:classes UP-TO-DATE
:createNGramDatabase
Reading /tmp/weak_week_training
Tokenizing
undersampling to 880
/tmp/weak_week_training.pycreated
Reading /tmp/weak_week_validate
Tokenizing
undersampling to 216
/tmp/weak_week_validate.pycreated

BUILD SUCCESSFUL

Total time: 6.473 secs

This build could be faster, please consider using the Gradle Daemon: https://docs.gradle.org/2.10/userguide/gradle_daemon.html
Mon Oct 23 09:51:04 CEST 2017 create_classifier
{'use_flex_hidden_layer': False, 'embedding_path': 'res_training/eng/embedding/final_embeddings.txt', 'self': <__main__.NeuralNetwork object at 0x2b46e4dcea58>, 'epochs': 3000, 'batch_size': 1000, 'num_inputs': 4, 'num_outputs': 2, 'dictionary_path': 'res_training/eng/embedding/dictionary.txt', 'training_data_file': '/tmp/weak_week_training.py'}
embedding shape (42122, 64)
/tmp/weak_week_training.py loaded, containing 1760 entries, class distribution: [880 880]
Steps: 3000, 1 steps in 3000 epochs
epoch 0, training accuracy 0.600568
epoch 10, training accuracy 0.614773
epoch 20, training accuracy 0.631250
epoch 30, training accuracy 0.644318
epoch 40, training accuracy 0.659659
epoch 50, training accuracy 0.669886
epoch 60, training accuracy 0.675000
epoch 70, training accuracy 0.681250
epoch 80, training accuracy 0.695455
epoch 90, training accuracy 0.710227
epoch 100, training accuracy 0.719318
epoch 110, training accuracy 0.728977
epoch 120, training accuracy 0.735795
epoch 130, training accuracy 0.747159
epoch 140, training accuracy 0.757386
epoch 150, training accuracy 0.764205
epoch 160, training accuracy 0.769318
epoch 170, training accuracy 0.777273
epoch 180, training accuracy 0.785795
epoch 190, training accuracy 0.793182
epoch 200, training accuracy 0.802273
epoch 210, training accuracy 0.807386
epoch 220, training accuracy 0.813636
epoch 230, training accuracy 0.818182
epoch 240, training accuracy 0.825568
epoch 250, training accuracy 0.830114
epoch 260, training accuracy 0.836932
epoch 270, training accuracy 0.842614
epoch 280, training accuracy 0.846023
epoch 290, training accuracy 0.848864
epoch 300, training accuracy 0.852273
epoch 310, training accuracy 0.857386
epoch 320, training accuracy 0.860227
epoch 330, training accuracy 0.863068
epoch 340, training accuracy 0.864773
epoch 350, training accuracy 0.865909
epoch 360, training accuracy 0.867045
epoch 370, training accuracy 0.869886
epoch 380, training accuracy 0.872727
epoch 390, training accuracy 0.874432
epoch 400, training accuracy 0.881818
epoch 410, training accuracy 0.884091
epoch 420, training accuracy 0.886932
epoch 430, training accuracy 0.887500
epoch 440, training accuracy 0.889773
epoch 450, training accuracy 0.891477
epoch 460, training accuracy 0.893182
epoch 470, training accuracy 0.894886
epoch 480, training accuracy 0.894886
epoch 490, training accuracy 0.896023
epoch 500, training accuracy 0.899432
epoch 510, training accuracy 0.899432
epoch 520, training accuracy 0.901136
epoch 530, training accuracy 0.902841
epoch 540, training accuracy 0.903977
epoch 550, training accuracy 0.903409
epoch 560, training accuracy 0.904545
epoch 570, training accuracy 0.906250
epoch 580, training accuracy 0.907386
epoch 590, training accuracy 0.909659
epoch 600, training accuracy 0.911364
epoch 610, training accuracy 0.912500
epoch 620, training accuracy 0.913636
epoch 630, training accuracy 0.914773
epoch 640, training accuracy 0.915341
epoch 650, training accuracy 0.917614
epoch 660, training accuracy 0.917614
epoch 670, training accuracy 0.918182
epoch 680, training accuracy 0.918182
epoch 690, training accuracy 0.918182
epoch 700, training accuracy 0.918750
epoch 710, training accuracy 0.918750
epoch 720, training accuracy 0.920455
epoch 730, training accuracy 0.922159
epoch 740, training accuracy 0.922727
epoch 750, training accuracy 0.922727
epoch 760, training accuracy 0.923295
epoch 770, training accuracy 0.924432
epoch 780, training accuracy 0.926136
epoch 790, training accuracy 0.926136
epoch 800, training accuracy 0.927273
epoch 810, training accuracy 0.928409
epoch 820, training accuracy 0.929545
epoch 830, training accuracy 0.929545
epoch 840, training accuracy 0.930114
epoch 850, training accuracy 0.930682
epoch 860, training accuracy 0.932386
epoch 870, training accuracy 0.933523
epoch 880, training accuracy 0.933523
epoch 890, training accuracy 0.933523
epoch 900, training accuracy 0.934091
epoch 910, training accuracy 0.934659
epoch 920, training accuracy 0.935227
epoch 930, training accuracy 0.935227
epoch 940, training accuracy 0.936932
epoch 950, training accuracy 0.939205
epoch 960, training accuracy 0.939773
epoch 970, training accuracy 0.939773
epoch 980, training accuracy 0.940341
epoch 990, training accuracy 0.940909
epoch 1000, training accuracy 0.941477
epoch 1010, training accuracy 0.941477
epoch 1020, training accuracy 0.942045
epoch 1030, training accuracy 0.943182
epoch 1040, training accuracy 0.943750
epoch 1050, training accuracy 0.944318
epoch 1060, training accuracy 0.944318
epoch 1070, training accuracy 0.944886
epoch 1080, training accuracy 0.946023
epoch 1090, training accuracy 0.945455
epoch 1100, training accuracy 0.947159
epoch 1110, training accuracy 0.948864
epoch 1120, training accuracy 0.948864
epoch 1130, training accuracy 0.950568
epoch 1140, training accuracy 0.951136
epoch 1150, training accuracy 0.951136
epoch 1160, training accuracy 0.951136
epoch 1170, training accuracy 0.951136
epoch 1180, training accuracy 0.951705
epoch 1190, training accuracy 0.951705
epoch 1200, training accuracy 0.951705
epoch 1210, training accuracy 0.951705
epoch 1220, training accuracy 0.952273
epoch 1230, training accuracy 0.953409
epoch 1240, training accuracy 0.953977
epoch 1250, training accuracy 0.954545
epoch 1260, training accuracy 0.954545
epoch 1270, training accuracy 0.954545
epoch 1280, training accuracy 0.955114
epoch 1290, training accuracy 0.956250
epoch 1300, training accuracy 0.956250
epoch 1310, training accuracy 0.955682
epoch 1320, training accuracy 0.956818
epoch 1330, training accuracy 0.956818
epoch 1340, training accuracy 0.956818
epoch 1350, training accuracy 0.957386
epoch 1360, training accuracy 0.957386
epoch 1370, training accuracy 0.957955
epoch 1380, training accuracy 0.958523
epoch 1390, training accuracy 0.959091
epoch 1400, training accuracy 0.959091
epoch 1410, training accuracy 0.959659
epoch 1420, training accuracy 0.960227
epoch 1430, training accuracy 0.962500
epoch 1440, training accuracy 0.962500
epoch 1450, training accuracy 0.962500
epoch 1460, training accuracy 0.962500
epoch 1470, training accuracy 0.963068
epoch 1480, training accuracy 0.963068
epoch 1490, training accuracy 0.963636
epoch 1500, training accuracy 0.963636
epoch 1510, training accuracy 0.963636
epoch 1520, training accuracy 0.963636
epoch 1530, training accuracy 0.964773
epoch 1540, training accuracy 0.964773
epoch 1550, training accuracy 0.965341
epoch 1560, training accuracy 0.965341
epoch 1570, training accuracy 0.965341
epoch 1580, training accuracy 0.965341
epoch 1590, training accuracy 0.965341
epoch 1600, training accuracy 0.965341
epoch 1610, training accuracy 0.965341
epoch 1620, training accuracy 0.965341
epoch 1630, training accuracy 0.965341
epoch 1640, training accuracy 0.965341
epoch 1650, training accuracy 0.965341
epoch 1660, training accuracy 0.965341
epoch 1670, training accuracy 0.966477
epoch 1680, training accuracy 0.967045
epoch 1690, training accuracy 0.967045
epoch 1700, training accuracy 0.967614
epoch 1710, training accuracy 0.968182
epoch 1720, training accuracy 0.968182
epoch 1730, training accuracy 0.968750
epoch 1740, training accuracy 0.968750
epoch 1750, training accuracy 0.968750
epoch 1760, training accuracy 0.968750
epoch 1770, training accuracy 0.968750
epoch 1780, training accuracy 0.968750
epoch 1790, training accuracy 0.968750
epoch 1800, training accuracy 0.968750
epoch 1810, training accuracy 0.968750
epoch 1820, training accuracy 0.968750
epoch 1830, training accuracy 0.968750
epoch 1840, training accuracy 0.968750
epoch 1850, training accuracy 0.969318
epoch 1860, training accuracy 0.969318
epoch 1870, training accuracy 0.969318
epoch 1880, training accuracy 0.969886
epoch 1890, training accuracy 0.969886
epoch 1900, training accuracy 0.970455
epoch 1910, training accuracy 0.970455
epoch 1920, training accuracy 0.970455
epoch 1930, training accuracy 0.970455
epoch 1940, training accuracy 0.970455
epoch 1950, training accuracy 0.970455
epoch 1960, training accuracy 0.970455
epoch 1970, training accuracy 0.970455
epoch 1980, training accuracy 0.970455
epoch 1990, training accuracy 0.970455
epoch 2000, training accuracy 0.970455
epoch 2010, training accuracy 0.970455
epoch 2020, training accuracy 0.970455
epoch 2030, training accuracy 0.970455
epoch 2040, training accuracy 0.970455
epoch 2050, training accuracy 0.970455
epoch 2060, training accuracy 0.970455
epoch 2070, training accuracy 0.970455
epoch 2080, training accuracy 0.971023
epoch 2090, training accuracy 0.971023
epoch 2100, training accuracy 0.971023
epoch 2110, training accuracy 0.971023
epoch 2120, training accuracy 0.971023
epoch 2130, training accuracy 0.971591
epoch 2140, training accuracy 0.971591
epoch 2150, training accuracy 0.971591
epoch 2160, training accuracy 0.972159
epoch 2170, training accuracy 0.972159
epoch 2180, training accuracy 0.972159
epoch 2190, training accuracy 0.972159
epoch 2200, training accuracy 0.972159
epoch 2210, training accuracy 0.972159
epoch 2220, training accuracy 0.972727
epoch 2230, training accuracy 0.973295
epoch 2240, training accuracy 0.973295
epoch 2250, training accuracy 0.973864
epoch 2260, training accuracy 0.973864
epoch 2270, training accuracy 0.973864
epoch 2280, training accuracy 0.973864
epoch 2290, training accuracy 0.974432
epoch 2300, training accuracy 0.974432
epoch 2310, training accuracy 0.975000
epoch 2320, training accuracy 0.975000
epoch 2330, training accuracy 0.975000
epoch 2340, training accuracy 0.975568
epoch 2350, training accuracy 0.975568
epoch 2360, training accuracy 0.975568
epoch 2370, training accuracy 0.976136
epoch 2380, training accuracy 0.976136
epoch 2390, training accuracy 0.976705
epoch 2400, training accuracy 0.976705
epoch 2410, training accuracy 0.976705
epoch 2420, training accuracy 0.976705
epoch 2430, training accuracy 0.976705
epoch 2440, training accuracy 0.976705
epoch 2450, training accuracy 0.976705
epoch 2460, training accuracy 0.976705
epoch 2470, training accuracy 0.976705
epoch 2480, training accuracy 0.976705
epoch 2490, training accuracy 0.976705
epoch 2500, training accuracy 0.976705
epoch 2510, training accuracy 0.977841
epoch 2520, training accuracy 0.977841
epoch 2530, training accuracy 0.977841
epoch 2540, training accuracy 0.977841
epoch 2550, training accuracy 0.977841
epoch 2560, training accuracy 0.977841
epoch 2570, training accuracy 0.977273
epoch 2580, training accuracy 0.977273
epoch 2590, training accuracy 0.977273
epoch 2600, training accuracy 0.977273
epoch 2610, training accuracy 0.977273
epoch 2620, training accuracy 0.977273
epoch 2630, training accuracy 0.977273
epoch 2640, training accuracy 0.977273
epoch 2650, training accuracy 0.977273
epoch 2660, training accuracy 0.977273
epoch 2670, training accuracy 0.977273
epoch 2680, training accuracy 0.977841
epoch 2690, training accuracy 0.977841
epoch 2700, training accuracy 0.977841
epoch 2710, training accuracy 0.977841
epoch 2720, training accuracy 0.977841
epoch 2730, training accuracy 0.977841
epoch 2740, training accuracy 0.977841
epoch 2750, training accuracy 0.978409
epoch 2760, training accuracy 0.978409
epoch 2770, training accuracy 0.978409
epoch 2780, training accuracy 0.978409
epoch 2790, training accuracy 0.978409
epoch 2800, training accuracy 0.978977
epoch 2810, training accuracy 0.978977
epoch 2820, training accuracy 0.978977
epoch 2830, training accuracy 0.978977
epoch 2840, training accuracy 0.978977
epoch 2850, training accuracy 0.979545
epoch 2860, training accuracy 0.979545
epoch 2870, training accuracy 0.979545
epoch 2880, training accuracy 0.979545
epoch 2890, training accuracy 0.979545
epoch 2900, training accuracy 0.979545
epoch 2910, training accuracy 0.979545
epoch 2920, training accuracy 0.979545
epoch 2930, training accuracy 0.979545
epoch 2940, training accuracy 0.980114
epoch 2950, training accuracy 0.980114
epoch 2960, training accuracy 0.980114
epoch 2970, training accuracy 0.980114
epoch 2980, training accuracy 0.980114
epoch 2990, training accuracy 0.980682
epoch 3000, training accuracy 0.981818
/tmp/weak_week_validate.py loaded, containing 432 entries, class distribution: [216 216]
correct: [187, 189]
incorrect: [1, 2]
accuracy: [0.9946808510638298, 0.9895287958115183]
unclassified: [28, 25]
total accuracy: [0.8657407407407407, 0.875]
Mon Oct 23 09:51:25 CEST 2017 finished, res_training/eng/weak_week
