Mon Oct 23 02:52:30 CEST 2017 create_training_files
/tmp/woman_women
16621 lines
6885 woman
9877 women
/tmp/woman_women_training
13297 lines
5511 woman
7900 women
/tmp/woman_women_validate
3324 lines
1374 woman
1977 women
generate /tmp/woman_women_training.py, /tmp/woman_women_validate.py
:compileJava UP-TO-DATE
:processResources UP-TO-DATE
:classes UP-TO-DATE
:createNGramDatabase
Reading /tmp/woman_women_training
Tokenizing
undersampling to 5670
/tmp/woman_women_training.pycreated
Reading /tmp/woman_women_validate
Tokenizing
undersampling to 1412
/tmp/woman_women_validate.pycreated

BUILD SUCCESSFUL

Total time: 6.422 secs

This build could be faster, please consider using the Gradle Daemon: https://docs.gradle.org/2.10/userguide/gradle_daemon.html
Mon Oct 23 02:52:42 CEST 2017 create_classifier
{'self': <__main__.NeuralNetwork object at 0x2b32d844aa58>, 'num_outputs': 2, 'num_inputs': 4, 'embedding_path': 'res_training/eng/embedding/final_embeddings.txt', 'batch_size': 1000, 'training_data_file': '/tmp/woman_women_training.py', 'use_flex_hidden_layer': False, 'epochs': 3000, 'dictionary_path': 'res_training/eng/embedding/dictionary.txt'}
embedding shape (42122, 64)
/tmp/woman_women_training.py loaded, containing 11340 entries, class distribution: [5670 5670]
Steps: 33000, 11 steps in 3000 epochs
epoch 0, training accuracy 0.546825
epoch 10, training accuracy 0.645414
epoch 20, training accuracy 0.715256
epoch 30, training accuracy 0.759436
epoch 40, training accuracy 0.790917
epoch 50, training accuracy 0.820106
epoch 60, training accuracy 0.837831
epoch 70, training accuracy 0.849118
epoch 80, training accuracy 0.855291
epoch 90, training accuracy 0.859788
epoch 100, training accuracy 0.865697
epoch 110, training accuracy 0.870635
epoch 120, training accuracy 0.874603
epoch 130, training accuracy 0.878307
epoch 140, training accuracy 0.881041
epoch 150, training accuracy 0.884039
epoch 160, training accuracy 0.886420
epoch 170, training accuracy 0.887566
epoch 180, training accuracy 0.890564
epoch 190, training accuracy 0.893474
epoch 200, training accuracy 0.894797
epoch 210, training accuracy 0.895855
epoch 220, training accuracy 0.897178
epoch 230, training accuracy 0.898060
epoch 240, training accuracy 0.898765
epoch 250, training accuracy 0.900353
epoch 260, training accuracy 0.900970
epoch 270, training accuracy 0.902028
epoch 280, training accuracy 0.902381
epoch 290, training accuracy 0.903263
epoch 300, training accuracy 0.903527
epoch 310, training accuracy 0.904586
epoch 320, training accuracy 0.905467
epoch 330, training accuracy 0.906085
epoch 340, training accuracy 0.905997
epoch 350, training accuracy 0.906526
epoch 360, training accuracy 0.906878
epoch 370, training accuracy 0.907584
epoch 380, training accuracy 0.908818
epoch 390, training accuracy 0.909259
epoch 400, training accuracy 0.909436
epoch 410, training accuracy 0.909612
epoch 420, training accuracy 0.909965
epoch 430, training accuracy 0.909965
epoch 440, training accuracy 0.910053
epoch 450, training accuracy 0.910494
epoch 460, training accuracy 0.910758
epoch 470, training accuracy 0.911199
epoch 480, training accuracy 0.911728
epoch 490, training accuracy 0.912081
epoch 500, training accuracy 0.912610
epoch 510, training accuracy 0.912522
epoch 520, training accuracy 0.912698
epoch 530, training accuracy 0.912875
epoch 540, training accuracy 0.912787
epoch 550, training accuracy 0.913227
epoch 560, training accuracy 0.913668
epoch 570, training accuracy 0.913668
epoch 580, training accuracy 0.914021
epoch 590, training accuracy 0.914109
epoch 600, training accuracy 0.914198
epoch 610, training accuracy 0.914286
epoch 620, training accuracy 0.914638
epoch 630, training accuracy 0.914638
epoch 640, training accuracy 0.914903
epoch 650, training accuracy 0.914815
epoch 660, training accuracy 0.914991
epoch 670, training accuracy 0.914903
epoch 680, training accuracy 0.915079
epoch 690, training accuracy 0.915256
epoch 700, training accuracy 0.915608
epoch 710, training accuracy 0.915961
epoch 720, training accuracy 0.915961
epoch 730, training accuracy 0.915873
epoch 740, training accuracy 0.915873
epoch 750, training accuracy 0.915961
epoch 760, training accuracy 0.915873
epoch 770, training accuracy 0.916402
epoch 780, training accuracy 0.916314
epoch 790, training accuracy 0.916402
epoch 800, training accuracy 0.916755
epoch 810, training accuracy 0.916490
epoch 820, training accuracy 0.916931
epoch 830, training accuracy 0.916931
epoch 840, training accuracy 0.917108
epoch 850, training accuracy 0.917196
epoch 860, training accuracy 0.917372
epoch 870, training accuracy 0.917637
epoch 880, training accuracy 0.917637
epoch 890, training accuracy 0.917637
epoch 900, training accuracy 0.917637
epoch 910, training accuracy 0.917637
epoch 920, training accuracy 0.918078
epoch 930, training accuracy 0.918166
epoch 940, training accuracy 0.918342
epoch 950, training accuracy 0.918342
epoch 960, training accuracy 0.918430
epoch 970, training accuracy 0.918519
epoch 980, training accuracy 0.918519
epoch 990, training accuracy 0.918519
epoch 1000, training accuracy 0.918430
epoch 1010, training accuracy 0.918519
epoch 1020, training accuracy 0.918430
epoch 1030, training accuracy 0.918430
epoch 1040, training accuracy 0.918430
epoch 1050, training accuracy 0.918519
epoch 1060, training accuracy 0.918519
epoch 1070, training accuracy 0.918519
epoch 1080, training accuracy 0.918695
epoch 1090, training accuracy 0.918519
epoch 1100, training accuracy 0.918607
epoch 1110, training accuracy 0.918783
epoch 1120, training accuracy 0.918519
epoch 1130, training accuracy 0.918695
epoch 1140, training accuracy 0.918783
epoch 1150, training accuracy 0.918783
epoch 1160, training accuracy 0.918783
epoch 1170, training accuracy 0.918871
epoch 1180, training accuracy 0.918959
epoch 1190, training accuracy 0.918959
epoch 1200, training accuracy 0.918959
epoch 1210, training accuracy 0.918959
epoch 1220, training accuracy 0.918959
epoch 1230, training accuracy 0.918871
epoch 1240, training accuracy 0.918871
epoch 1250, training accuracy 0.918783
epoch 1260, training accuracy 0.918695
epoch 1270, training accuracy 0.918783
epoch 1280, training accuracy 0.918871
epoch 1290, training accuracy 0.918959
epoch 1300, training accuracy 0.918871
epoch 1310, training accuracy 0.918959
epoch 1320, training accuracy 0.918959
epoch 1330, training accuracy 0.919048
epoch 1340, training accuracy 0.919048
epoch 1350, training accuracy 0.919048
epoch 1360, training accuracy 0.918959
epoch 1370, training accuracy 0.918959
epoch 1380, training accuracy 0.919048
epoch 1390, training accuracy 0.919048
epoch 1400, training accuracy 0.919048
epoch 1410, training accuracy 0.919048
epoch 1420, training accuracy 0.919136
epoch 1430, training accuracy 0.919224
epoch 1440, training accuracy 0.919224
epoch 1450, training accuracy 0.919224
epoch 1460, training accuracy 0.919224
epoch 1470, training accuracy 0.919224
epoch 1480, training accuracy 0.919312
epoch 1490, training accuracy 0.919312
epoch 1500, training accuracy 0.919312
epoch 1510, training accuracy 0.919400
epoch 1520, training accuracy 0.919489
epoch 1530, training accuracy 0.919577
epoch 1540, training accuracy 0.919577
epoch 1550, training accuracy 0.919577
epoch 1560, training accuracy 0.919577
epoch 1570, training accuracy 0.919577
epoch 1580, training accuracy 0.919665
epoch 1590, training accuracy 0.919665
epoch 1600, training accuracy 0.919665
epoch 1610, training accuracy 0.919577
epoch 1620, training accuracy 0.919665
epoch 1630, training accuracy 0.919753
epoch 1640, training accuracy 0.919665
epoch 1650, training accuracy 0.919665
epoch 1660, training accuracy 0.919665
epoch 1670, training accuracy 0.919577
epoch 1680, training accuracy 0.919577
epoch 1690, training accuracy 0.919489
epoch 1700, training accuracy 0.919312
epoch 1710, training accuracy 0.919312
epoch 1720, training accuracy 0.919400
epoch 1730, training accuracy 0.919312
epoch 1740, training accuracy 0.919489
epoch 1750, training accuracy 0.919489
epoch 1760, training accuracy 0.919400
epoch 1770, training accuracy 0.919400
epoch 1780, training accuracy 0.919400
epoch 1790, training accuracy 0.919312
epoch 1800, training accuracy 0.919312
epoch 1810, training accuracy 0.919312
epoch 1820, training accuracy 0.919312
epoch 1830, training accuracy 0.919400
epoch 1840, training accuracy 0.919400
epoch 1850, training accuracy 0.919400
epoch 1860, training accuracy 0.919312
epoch 1870, training accuracy 0.919312
epoch 1880, training accuracy 0.919312
epoch 1890, training accuracy 0.919400
epoch 1900, training accuracy 0.919400
epoch 1910, training accuracy 0.919400
epoch 1920, training accuracy 0.919489
epoch 1930, training accuracy 0.919489
epoch 1940, training accuracy 0.919489
epoch 1950, training accuracy 0.919489
epoch 1960, training accuracy 0.919665
epoch 1970, training accuracy 0.919665
epoch 1980, training accuracy 0.919577
epoch 1990, training accuracy 0.919577
epoch 2000, training accuracy 0.919577
epoch 2010, training accuracy 0.919665
epoch 2020, training accuracy 0.919577
epoch 2030, training accuracy 0.919577
epoch 2040, training accuracy 0.919489
epoch 2050, training accuracy 0.919312
epoch 2060, training accuracy 0.919312
epoch 2070, training accuracy 0.919312
epoch 2080, training accuracy 0.919400
epoch 2090, training accuracy 0.919489
epoch 2100, training accuracy 0.919489
epoch 2110, training accuracy 0.919400
epoch 2120, training accuracy 0.919224
epoch 2130, training accuracy 0.919224
epoch 2140, training accuracy 0.919312
epoch 2150, training accuracy 0.919224
epoch 2160, training accuracy 0.919224
epoch 2170, training accuracy 0.919224
epoch 2180, training accuracy 0.919224
epoch 2190, training accuracy 0.919224
epoch 2200, training accuracy 0.919224
epoch 2210, training accuracy 0.919224
epoch 2220, training accuracy 0.919224
epoch 2230, training accuracy 0.919136
epoch 2240, training accuracy 0.919224
epoch 2250, training accuracy 0.919224
epoch 2260, training accuracy 0.919224
epoch 2270, training accuracy 0.919312
epoch 2280, training accuracy 0.919224
epoch 2290, training accuracy 0.919312
epoch 2300, training accuracy 0.919312
epoch 2310, training accuracy 0.919312
epoch 2320, training accuracy 0.919312
epoch 2330, training accuracy 0.919312
epoch 2340, training accuracy 0.919312
epoch 2350, training accuracy 0.919312
epoch 2360, training accuracy 0.919312
epoch 2370, training accuracy 0.919312
epoch 2380, training accuracy 0.919312
epoch 2390, training accuracy 0.919400
epoch 2400, training accuracy 0.919400
epoch 2410, training accuracy 0.919312
epoch 2420, training accuracy 0.919312
epoch 2430, training accuracy 0.919400
epoch 2440, training accuracy 0.919400
epoch 2450, training accuracy 0.919400
epoch 2460, training accuracy 0.919489
epoch 2470, training accuracy 0.919400
epoch 2480, training accuracy 0.919400
epoch 2490, training accuracy 0.919400
epoch 2500, training accuracy 0.919489
epoch 2510, training accuracy 0.919489
epoch 2520, training accuracy 0.919489
epoch 2530, training accuracy 0.919400
epoch 2540, training accuracy 0.919400
epoch 2550, training accuracy 0.919400
epoch 2560, training accuracy 0.919489
epoch 2570, training accuracy 0.919489
epoch 2580, training accuracy 0.919577
epoch 2590, training accuracy 0.919489
epoch 2600, training accuracy 0.919136
epoch 2610, training accuracy 0.919224
epoch 2620, training accuracy 0.919489
epoch 2630, training accuracy 0.919489
epoch 2640, training accuracy 0.919577
epoch 2650, training accuracy 0.919400
epoch 2660, training accuracy 0.919312
epoch 2670, training accuracy 0.919400
epoch 2680, training accuracy 0.919489
epoch 2690, training accuracy 0.919489
epoch 2700, training accuracy 0.919489
epoch 2710, training accuracy 0.919400
epoch 2720, training accuracy 0.919400
epoch 2730, training accuracy 0.919400
epoch 2740, training accuracy 0.919400
epoch 2750, training accuracy 0.919489
epoch 2760, training accuracy 0.919489
epoch 2770, training accuracy 0.919489
epoch 2780, training accuracy 0.919577
epoch 2790, training accuracy 0.919577
epoch 2800, training accuracy 0.919665
epoch 2810, training accuracy 0.919665
epoch 2820, training accuracy 0.919665
epoch 2830, training accuracy 0.919665
epoch 2840, training accuracy 0.919753
epoch 2850, training accuracy 0.919753
epoch 2860, training accuracy 0.919665
epoch 2870, training accuracy 0.919665
epoch 2880, training accuracy 0.919665
epoch 2890, training accuracy 0.919753
epoch 2900, training accuracy 0.919753
epoch 2910, training accuracy 0.919753
epoch 2920, training accuracy 0.919753
epoch 2930, training accuracy 0.919753
epoch 2940, training accuracy 0.919753
epoch 2950, training accuracy 0.919665
epoch 2960, training accuracy 0.919665
epoch 2970, training accuracy 0.919665
epoch 2980, training accuracy 0.919665
epoch 2990, training accuracy 0.919665
epoch 3000, training accuracy 0.919665
/tmp/woman_women_validate.py loaded, containing 2824 entries, class distribution: [1412 1412]
correct: [1187, 1193]
incorrect: [62, 55]
accuracy: [0.9503602882305845, 0.9559294871794872]
unclassified: [163, 164]
total accuracy: [0.8406515580736544, 0.8449008498583569]
Mon Oct 23 02:54:51 CEST 2017 finished, res_training/eng/woman_women
