Mon Oct 23 02:31:16 CEST 2017 create_training_files
/tmp/warming_warning
2419 lines
790 warming
1630 warning
/tmp/warming_warning_training
1936 lines
652 warming
1285 warning
/tmp/warming_warning_validate
483 lines
138 warming
345 warning
generate /tmp/warming_warning_training.py, /tmp/warming_warning_validate.py
:compileJava UP-TO-DATE
:processResources UP-TO-DATE
:classes UP-TO-DATE
:createNGramDatabase
Reading /tmp/warming_warning_training
Tokenizing
undersampling to 663
/tmp/warming_warning_training.pycreated
Reading /tmp/warming_warning_validate
Tokenizing
undersampling to 142
/tmp/warming_warning_validate.pycreated

BUILD SUCCESSFUL

Total time: 4.727 secs

This build could be faster, please consider using the Gradle Daemon: https://docs.gradle.org/2.10/userguide/gradle_daemon.html
Mon Oct 23 02:31:26 CEST 2017 create_classifier
{'training_data_file': '/tmp/warming_warning_training.py', 'batch_size': 1000, 'num_outputs': 2, 'self': <__main__.NeuralNetwork object at 0x2aea8ca0fa58>, 'dictionary_path': 'res_training/eng/embedding/dictionary.txt', 'epochs': 3000, 'use_flex_hidden_layer': False, 'num_inputs': 4, 'embedding_path': 'res_training/eng/embedding/final_embeddings.txt'}
embedding shape (42122, 64)
/tmp/warming_warning_training.py loaded, containing 1326 entries, class distribution: [663 663]
Steps: 3000, 1 steps in 3000 epochs
epoch 0, training accuracy 0.419306
epoch 10, training accuracy 0.427602
epoch 20, training accuracy 0.432881
epoch 30, training accuracy 0.438160
epoch 40, training accuracy 0.445701
epoch 50, training accuracy 0.454751
epoch 60, training accuracy 0.460030
epoch 70, training accuracy 0.474359
epoch 80, training accuracy 0.487934
epoch 90, training accuracy 0.493967
epoch 100, training accuracy 0.504525
epoch 110, training accuracy 0.514329
epoch 120, training accuracy 0.529412
epoch 130, training accuracy 0.538462
epoch 140, training accuracy 0.555807
epoch 150, training accuracy 0.561086
epoch 160, training accuracy 0.575415
epoch 170, training accuracy 0.584465
epoch 180, training accuracy 0.593514
epoch 190, training accuracy 0.608597
epoch 200, training accuracy 0.616139
epoch 210, training accuracy 0.630468
epoch 220, training accuracy 0.639517
epoch 230, training accuracy 0.649321
epoch 240, training accuracy 0.662142
epoch 250, training accuracy 0.673454
epoch 260, training accuracy 0.677979
epoch 270, training accuracy 0.690045
epoch 280, training accuracy 0.696078
epoch 290, training accuracy 0.704374
epoch 300, training accuracy 0.711161
epoch 310, training accuracy 0.720211
epoch 320, training accuracy 0.729261
epoch 330, training accuracy 0.735294
epoch 340, training accuracy 0.739819
epoch 350, training accuracy 0.747360
epoch 360, training accuracy 0.751885
epoch 370, training accuracy 0.753394
epoch 380, training accuracy 0.761689
epoch 390, training accuracy 0.766214
epoch 400, training accuracy 0.768477
epoch 410, training accuracy 0.771493
epoch 420, training accuracy 0.777526
epoch 430, training accuracy 0.779035
epoch 440, training accuracy 0.780543
epoch 450, training accuracy 0.785822
epoch 460, training accuracy 0.788084
epoch 470, training accuracy 0.791101
epoch 480, training accuracy 0.794872
epoch 490, training accuracy 0.797888
epoch 500, training accuracy 0.800151
epoch 510, training accuracy 0.803167
epoch 520, training accuracy 0.804676
epoch 530, training accuracy 0.809201
epoch 540, training accuracy 0.809201
epoch 550, training accuracy 0.809955
epoch 560, training accuracy 0.810709
epoch 570, training accuracy 0.814480
epoch 580, training accuracy 0.816742
epoch 590, training accuracy 0.816742
epoch 600, training accuracy 0.820513
epoch 610, training accuracy 0.820513
epoch 620, training accuracy 0.820513
epoch 630, training accuracy 0.822021
epoch 640, training accuracy 0.822021
epoch 650, training accuracy 0.822775
epoch 660, training accuracy 0.825792
epoch 670, training accuracy 0.826546
epoch 680, training accuracy 0.828808
epoch 690, training accuracy 0.828054
epoch 700, training accuracy 0.827300
epoch 710, training accuracy 0.826546
epoch 720, training accuracy 0.827300
epoch 730, training accuracy 0.828054
epoch 740, training accuracy 0.829563
epoch 750, training accuracy 0.832579
epoch 760, training accuracy 0.835596
epoch 770, training accuracy 0.837104
epoch 780, training accuracy 0.838612
epoch 790, training accuracy 0.838612
epoch 800, training accuracy 0.839366
epoch 810, training accuracy 0.840875
epoch 820, training accuracy 0.841629
epoch 830, training accuracy 0.843891
epoch 840, training accuracy 0.843891
epoch 850, training accuracy 0.844646
epoch 860, training accuracy 0.845400
epoch 870, training accuracy 0.846154
epoch 880, training accuracy 0.847662
epoch 890, training accuracy 0.849170
epoch 900, training accuracy 0.849170
epoch 910, training accuracy 0.849925
epoch 920, training accuracy 0.850679
epoch 930, training accuracy 0.851433
epoch 940, training accuracy 0.852187
epoch 950, training accuracy 0.851433
epoch 960, training accuracy 0.851433
epoch 970, training accuracy 0.852187
epoch 980, training accuracy 0.852187
epoch 990, training accuracy 0.851433
epoch 1000, training accuracy 0.852941
epoch 1010, training accuracy 0.852941
epoch 1020, training accuracy 0.853695
epoch 1030, training accuracy 0.853695
epoch 1040, training accuracy 0.856712
epoch 1050, training accuracy 0.857466
epoch 1060, training accuracy 0.857466
epoch 1070, training accuracy 0.857466
epoch 1080, training accuracy 0.858974
epoch 1090, training accuracy 0.858974
epoch 1100, training accuracy 0.860483
epoch 1110, training accuracy 0.861991
epoch 1120, training accuracy 0.861991
epoch 1130, training accuracy 0.863499
epoch 1140, training accuracy 0.865008
epoch 1150, training accuracy 0.865008
epoch 1160, training accuracy 0.866516
epoch 1170, training accuracy 0.866516
epoch 1180, training accuracy 0.866516
epoch 1190, training accuracy 0.866516
epoch 1200, training accuracy 0.866516
epoch 1210, training accuracy 0.866516
epoch 1220, training accuracy 0.867270
epoch 1230, training accuracy 0.868024
epoch 1240, training accuracy 0.868778
epoch 1250, training accuracy 0.868778
epoch 1260, training accuracy 0.871795
epoch 1270, training accuracy 0.871795
epoch 1280, training accuracy 0.872549
epoch 1290, training accuracy 0.872549
epoch 1300, training accuracy 0.872549
epoch 1310, training accuracy 0.872549
epoch 1320, training accuracy 0.872549
epoch 1330, training accuracy 0.874057
epoch 1340, training accuracy 0.874811
epoch 1350, training accuracy 0.875566
epoch 1360, training accuracy 0.876320
epoch 1370, training accuracy 0.876320
epoch 1380, training accuracy 0.877828
epoch 1390, training accuracy 0.880090
epoch 1400, training accuracy 0.880845
epoch 1410, training accuracy 0.880090
epoch 1420, training accuracy 0.880090
epoch 1430, training accuracy 0.880845
epoch 1440, training accuracy 0.880845
epoch 1450, training accuracy 0.880090
epoch 1460, training accuracy 0.880845
epoch 1470, training accuracy 0.880845
epoch 1480, training accuracy 0.880845
epoch 1490, training accuracy 0.883107
epoch 1500, training accuracy 0.883861
epoch 1510, training accuracy 0.883861
epoch 1520, training accuracy 0.883861
epoch 1530, training accuracy 0.883861
epoch 1540, training accuracy 0.883861
epoch 1550, training accuracy 0.883861
epoch 1560, training accuracy 0.883861
epoch 1570, training accuracy 0.883861
epoch 1580, training accuracy 0.883861
epoch 1590, training accuracy 0.883861
epoch 1600, training accuracy 0.884615
epoch 1610, training accuracy 0.885370
epoch 1620, training accuracy 0.886124
epoch 1630, training accuracy 0.886124
epoch 1640, training accuracy 0.886878
epoch 1650, training accuracy 0.886878
epoch 1660, training accuracy 0.886878
epoch 1670, training accuracy 0.886878
epoch 1680, training accuracy 0.888386
epoch 1690, training accuracy 0.889894
epoch 1700, training accuracy 0.889894
epoch 1710, training accuracy 0.890649
epoch 1720, training accuracy 0.890649
epoch 1730, training accuracy 0.890649
epoch 1740, training accuracy 0.890649
epoch 1750, training accuracy 0.890649
epoch 1760, training accuracy 0.890649
epoch 1770, training accuracy 0.890649
epoch 1780, training accuracy 0.890649
epoch 1790, training accuracy 0.890649
epoch 1800, training accuracy 0.890649
epoch 1810, training accuracy 0.890649
epoch 1820, training accuracy 0.890649
epoch 1830, training accuracy 0.890649
epoch 1840, training accuracy 0.890649
epoch 1850, training accuracy 0.890649
epoch 1860, training accuracy 0.891403
epoch 1870, training accuracy 0.891403
epoch 1880, training accuracy 0.891403
epoch 1890, training accuracy 0.892157
epoch 1900, training accuracy 0.892911
epoch 1910, training accuracy 0.892911
epoch 1920, training accuracy 0.892911
epoch 1930, training accuracy 0.891403
epoch 1940, training accuracy 0.890649
epoch 1950, training accuracy 0.890649
epoch 1960, training accuracy 0.891403
epoch 1970, training accuracy 0.892157
epoch 1980, training accuracy 0.892157
epoch 1990, training accuracy 0.892911
epoch 2000, training accuracy 0.892911
epoch 2010, training accuracy 0.892911
epoch 2020, training accuracy 0.892157
epoch 2030, training accuracy 0.892911
epoch 2040, training accuracy 0.893665
epoch 2050, training accuracy 0.894419
epoch 2060, training accuracy 0.895173
epoch 2070, training accuracy 0.895928
epoch 2080, training accuracy 0.896682
epoch 2090, training accuracy 0.896682
epoch 2100, training accuracy 0.896682
epoch 2110, training accuracy 0.896682
epoch 2120, training accuracy 0.897436
epoch 2130, training accuracy 0.897436
epoch 2140, training accuracy 0.897436
epoch 2150, training accuracy 0.898944
epoch 2160, training accuracy 0.899698
epoch 2170, training accuracy 0.900452
epoch 2180, training accuracy 0.900452
epoch 2190, training accuracy 0.900452
epoch 2200, training accuracy 0.900452
epoch 2210, training accuracy 0.901207
epoch 2220, training accuracy 0.901207
epoch 2230, training accuracy 0.901207
epoch 2240, training accuracy 0.901207
epoch 2250, training accuracy 0.902715
epoch 2260, training accuracy 0.902715
epoch 2270, training accuracy 0.901961
epoch 2280, training accuracy 0.901207
epoch 2290, training accuracy 0.901207
epoch 2300, training accuracy 0.901207
epoch 2310, training accuracy 0.901207
epoch 2320, training accuracy 0.901207
epoch 2330, training accuracy 0.902715
epoch 2340, training accuracy 0.903469
epoch 2350, training accuracy 0.903469
epoch 2360, training accuracy 0.904223
epoch 2370, training accuracy 0.904223
epoch 2380, training accuracy 0.904223
epoch 2390, training accuracy 0.904223
epoch 2400, training accuracy 0.904977
epoch 2410, training accuracy 0.904977
epoch 2420, training accuracy 0.907240
epoch 2430, training accuracy 0.907240
epoch 2440, training accuracy 0.907240
epoch 2450, training accuracy 0.907240
epoch 2460, training accuracy 0.907240
epoch 2470, training accuracy 0.907994
epoch 2480, training accuracy 0.907994
epoch 2490, training accuracy 0.907994
epoch 2500, training accuracy 0.907994
epoch 2510, training accuracy 0.907994
epoch 2520, training accuracy 0.907994
epoch 2530, training accuracy 0.907994
epoch 2540, training accuracy 0.907994
epoch 2550, training accuracy 0.907994
epoch 2560, training accuracy 0.907994
epoch 2570, training accuracy 0.907994
epoch 2580, training accuracy 0.907994
epoch 2590, training accuracy 0.907994
epoch 2600, training accuracy 0.908748
epoch 2610, training accuracy 0.908748
epoch 2620, training accuracy 0.908748
epoch 2630, training accuracy 0.908748
epoch 2640, training accuracy 0.909502
epoch 2650, training accuracy 0.910256
epoch 2660, training accuracy 0.910256
epoch 2670, training accuracy 0.910256
epoch 2680, training accuracy 0.910256
epoch 2690, training accuracy 0.910256
epoch 2700, training accuracy 0.911011
epoch 2710, training accuracy 0.911011
epoch 2720, training accuracy 0.911011
epoch 2730, training accuracy 0.910256
epoch 2740, training accuracy 0.910256
epoch 2750, training accuracy 0.910256
epoch 2760, training accuracy 0.911765
epoch 2770, training accuracy 0.911765
epoch 2780, training accuracy 0.912519
epoch 2790, training accuracy 0.912519
epoch 2800, training accuracy 0.912519
epoch 2810, training accuracy 0.912519
epoch 2820, training accuracy 0.912519
epoch 2830, training accuracy 0.912519
epoch 2840, training accuracy 0.912519
epoch 2850, training accuracy 0.913273
epoch 2860, training accuracy 0.913273
epoch 2870, training accuracy 0.914027
epoch 2880, training accuracy 0.914027
epoch 2890, training accuracy 0.914027
epoch 2900, training accuracy 0.914027
epoch 2910, training accuracy 0.914027
epoch 2920, training accuracy 0.914027
epoch 2930, training accuracy 0.914027
epoch 2940, training accuracy 0.914027
epoch 2950, training accuracy 0.914027
epoch 2960, training accuracy 0.914027
epoch 2970, training accuracy 0.914027
epoch 2980, training accuracy 0.914027
epoch 2990, training accuracy 0.914027
epoch 3000, training accuracy 0.914027
/tmp/warming_warning_validate.py loaded, containing 284 entries, class distribution: [142 142]
correct: [96, 98]
incorrect: [8, 5]
accuracy: [0.9230769230769231, 0.9514563106796117]
unclassified: [38, 39]
total accuracy: [0.676056338028169, 0.6901408450704225]
Mon Oct 23 02:31:45 CEST 2017 finished, res_training/eng/warming_warning
