Sun Oct 22 17:46:58 CEST 2017 create_training_files
/tmp/and_end
211968 lines
203279 and
14265 end
/tmp/and_end_training
169575 lines
162637 and
11405 end
/tmp/and_end_validate
42393 lines
40642 and
2860 end
generate /tmp/and_end_training.py, /tmp/and_end_validate.py
:compileJava UP-TO-DATE
:processResources UP-TO-DATE
:classes UP-TO-DATE
:createNGramDatabase
Reading /tmp/and_end_training
Tokenizing
undersampling to 11457
/tmp/and_end_training.pycreated
Reading /tmp/and_end_validate
Tokenizing
undersampling to 2871
/tmp/and_end_validate.pycreated

BUILD SUCCESSFUL

Total time: 26.37 secs

This build could be faster, please consider using the Gradle Daemon: https://docs.gradle.org/2.10/userguide/gradle_daemon.html
Sun Oct 22 17:47:35 CEST 2017 create_classifier
{'batch_size': 1000, 'embedding_path': 'res_training/eng/embedding/final_embeddings.txt', 'self': <__main__.NeuralNetwork object at 0x2b8998947a58>, 'dictionary_path': 'res_training/eng/embedding/dictionary.txt', 'training_data_file': '/tmp/and_end_training.py', 'num_outputs': 2, 'epochs': 3000, 'num_inputs': 4, 'use_flex_hidden_layer': False}
embedding shape (42122, 64)
/tmp/and_end_training.py loaded, containing 22914 entries, class distribution: [11457 11457]
Steps: 66000, 22 steps in 3000 epochs
epoch 0, training accuracy 0.402156
epoch 10, training accuracy 0.697085
epoch 20, training accuracy 0.806538
epoch 30, training accuracy 0.856987
epoch 40, training accuracy 0.884263
epoch 50, training accuracy 0.903640
epoch 60, training accuracy 0.915685
epoch 70, training accuracy 0.924108
epoch 80, training accuracy 0.931570
epoch 90, training accuracy 0.937375
epoch 100, training accuracy 0.941870
epoch 110, training accuracy 0.944837
epoch 120, training accuracy 0.947979
epoch 130, training accuracy 0.950336
epoch 140, training accuracy 0.952693
epoch 150, training accuracy 0.953958
epoch 160, training accuracy 0.955660
epoch 170, training accuracy 0.957231
epoch 180, training accuracy 0.958541
epoch 190, training accuracy 0.959719
epoch 200, training accuracy 0.960374
epoch 210, training accuracy 0.961421
epoch 220, training accuracy 0.962556
epoch 230, training accuracy 0.962948
epoch 240, training accuracy 0.963778
epoch 250, training accuracy 0.964650
epoch 260, training accuracy 0.964738
epoch 270, training accuracy 0.965174
epoch 280, training accuracy 0.965654
epoch 290, training accuracy 0.965872
epoch 300, training accuracy 0.965960
epoch 310, training accuracy 0.966309
epoch 320, training accuracy 0.966789
epoch 330, training accuracy 0.967225
epoch 340, training accuracy 0.967618
epoch 350, training accuracy 0.968273
epoch 360, training accuracy 0.968622
epoch 370, training accuracy 0.968927
epoch 380, training accuracy 0.969102
epoch 390, training accuracy 0.969320
epoch 400, training accuracy 0.969713
epoch 410, training accuracy 0.969975
epoch 420, training accuracy 0.970280
epoch 430, training accuracy 0.970455
epoch 440, training accuracy 0.970586
epoch 450, training accuracy 0.970804
epoch 460, training accuracy 0.970935
epoch 470, training accuracy 0.970978
epoch 480, training accuracy 0.971022
epoch 490, training accuracy 0.971109
epoch 500, training accuracy 0.971197
epoch 510, training accuracy 0.971328
epoch 520, training accuracy 0.971458
epoch 530, training accuracy 0.971415
epoch 540, training accuracy 0.971589
epoch 550, training accuracy 0.971677
epoch 560, training accuracy 0.971677
epoch 570, training accuracy 0.971633
epoch 580, training accuracy 0.971808
epoch 590, training accuracy 0.971939
epoch 600, training accuracy 0.971895
epoch 610, training accuracy 0.971939
epoch 620, training accuracy 0.971982
epoch 630, training accuracy 0.972244
epoch 640, training accuracy 0.972331
epoch 650, training accuracy 0.972419
epoch 660, training accuracy 0.972550
epoch 670, training accuracy 0.972637
epoch 680, training accuracy 0.972593
epoch 690, training accuracy 0.972462
epoch 700, training accuracy 0.972637
epoch 710, training accuracy 0.972550
epoch 720, training accuracy 0.972637
epoch 730, training accuracy 0.972637
epoch 740, training accuracy 0.972637
epoch 750, training accuracy 0.972637
epoch 760, training accuracy 0.972680
epoch 770, training accuracy 0.972680
epoch 780, training accuracy 0.972593
epoch 790, training accuracy 0.972811
epoch 800, training accuracy 0.972768
epoch 810, training accuracy 0.972724
epoch 820, training accuracy 0.972724
epoch 830, training accuracy 0.972680
epoch 840, training accuracy 0.972680
epoch 850, training accuracy 0.972637
epoch 860, training accuracy 0.972724
epoch 870, training accuracy 0.972724
epoch 880, training accuracy 0.972811
epoch 890, training accuracy 0.972855
epoch 900, training accuracy 0.972811
epoch 910, training accuracy 0.972811
epoch 920, training accuracy 0.972768
epoch 930, training accuracy 0.972768
epoch 940, training accuracy 0.972768
epoch 950, training accuracy 0.972768
epoch 960, training accuracy 0.972899
epoch 970, training accuracy 0.972899
epoch 980, training accuracy 0.972899
epoch 990, training accuracy 0.972855
epoch 1000, training accuracy 0.972811
epoch 1010, training accuracy 0.972724
epoch 1020, training accuracy 0.972811
epoch 1030, training accuracy 0.972768
epoch 1040, training accuracy 0.972768
epoch 1050, training accuracy 0.972724
epoch 1060, training accuracy 0.972768
epoch 1070, training accuracy 0.972724
epoch 1080, training accuracy 0.972724
epoch 1090, training accuracy 0.972724
epoch 1100, training accuracy 0.972768
epoch 1110, training accuracy 0.972768
epoch 1120, training accuracy 0.972811
epoch 1130, training accuracy 0.972768
epoch 1140, training accuracy 0.972942
epoch 1150, training accuracy 0.972768
epoch 1160, training accuracy 0.972986
epoch 1170, training accuracy 0.972855
epoch 1180, training accuracy 0.972942
epoch 1190, training accuracy 0.972942
epoch 1200, training accuracy 0.972942
epoch 1210, training accuracy 0.972942
epoch 1220, training accuracy 0.972986
epoch 1230, training accuracy 0.972899
epoch 1240, training accuracy 0.972942
epoch 1250, training accuracy 0.972855
epoch 1260, training accuracy 0.972899
epoch 1270, training accuracy 0.972899
epoch 1280, training accuracy 0.972811
epoch 1290, training accuracy 0.972855
epoch 1300, training accuracy 0.972855
epoch 1310, training accuracy 0.972811
epoch 1320, training accuracy 0.972811
epoch 1330, training accuracy 0.972811
epoch 1340, training accuracy 0.972855
epoch 1350, training accuracy 0.972811
epoch 1360, training accuracy 0.972811
epoch 1370, training accuracy 0.972811
epoch 1380, training accuracy 0.972768
epoch 1390, training accuracy 0.972768
epoch 1400, training accuracy 0.972768
epoch 1410, training accuracy 0.972768
epoch 1420, training accuracy 0.972724
epoch 1430, training accuracy 0.972724
epoch 1440, training accuracy 0.972724
epoch 1450, training accuracy 0.972680
epoch 1460, training accuracy 0.972724
epoch 1470, training accuracy 0.972680
epoch 1480, training accuracy 0.972680
epoch 1490, training accuracy 0.972680
epoch 1500, training accuracy 0.972724
epoch 1510, training accuracy 0.972724
epoch 1520, training accuracy 0.972680
epoch 1530, training accuracy 0.972724
epoch 1540, training accuracy 0.972724
epoch 1550, training accuracy 0.972724
epoch 1560, training accuracy 0.972724
epoch 1570, training accuracy 0.972768
epoch 1580, training accuracy 0.972811
epoch 1590, training accuracy 0.972811
epoch 1600, training accuracy 0.972855
epoch 1610, training accuracy 0.972855
epoch 1620, training accuracy 0.972811
epoch 1630, training accuracy 0.972855
epoch 1640, training accuracy 0.972811
epoch 1650, training accuracy 0.972811
epoch 1660, training accuracy 0.972811
epoch 1670, training accuracy 0.972768
epoch 1680, training accuracy 0.972899
epoch 1690, training accuracy 0.972855
epoch 1700, training accuracy 0.972855
epoch 1710, training accuracy 0.972899
epoch 1720, training accuracy 0.972899
epoch 1730, training accuracy 0.972899
epoch 1740, training accuracy 0.972942
epoch 1750, training accuracy 0.972942
epoch 1760, training accuracy 0.972942
epoch 1770, training accuracy 0.972942
epoch 1780, training accuracy 0.972942
epoch 1790, training accuracy 0.972942
epoch 1800, training accuracy 0.972942
epoch 1810, training accuracy 0.972942
epoch 1820, training accuracy 0.972942
epoch 1830, training accuracy 0.972942
epoch 1840, training accuracy 0.972899
epoch 1850, training accuracy 0.972942
epoch 1860, training accuracy 0.972899
epoch 1870, training accuracy 0.972899
epoch 1880, training accuracy 0.972899
epoch 1890, training accuracy 0.972899
epoch 1900, training accuracy 0.972899
epoch 1910, training accuracy 0.972899
epoch 1920, training accuracy 0.972855
epoch 1930, training accuracy 0.972899
epoch 1940, training accuracy 0.972855
epoch 1950, training accuracy 0.972855
epoch 1960, training accuracy 0.972811
epoch 1970, training accuracy 0.972855
epoch 1980, training accuracy 0.972899
epoch 1990, training accuracy 0.972811
epoch 2000, training accuracy 0.972899
epoch 2010, training accuracy 0.972855
epoch 2020, training accuracy 0.972899
epoch 2030, training accuracy 0.972855
epoch 2040, training accuracy 0.972855
epoch 2050, training accuracy 0.972855
epoch 2060, training accuracy 0.972899
epoch 2070, training accuracy 0.972899
epoch 2080, training accuracy 0.972899
epoch 2090, training accuracy 0.972855
epoch 2100, training accuracy 0.972899
epoch 2110, training accuracy 0.972899
epoch 2120, training accuracy 0.972899
epoch 2130, training accuracy 0.972899
epoch 2140, training accuracy 0.972899
epoch 2150, training accuracy 0.972942
epoch 2160, training accuracy 0.972899
epoch 2170, training accuracy 0.972899
epoch 2180, training accuracy 0.972899
epoch 2190, training accuracy 0.972899
epoch 2200, training accuracy 0.972899
epoch 2210, training accuracy 0.972899
epoch 2220, training accuracy 0.972942
epoch 2230, training accuracy 0.972942
epoch 2240, training accuracy 0.972855
epoch 2250, training accuracy 0.972899
epoch 2260, training accuracy 0.972855
epoch 2270, training accuracy 0.972899
epoch 2280, training accuracy 0.972942
epoch 2290, training accuracy 0.972899
epoch 2300, training accuracy 0.972942
epoch 2310, training accuracy 0.972986
epoch 2320, training accuracy 0.972942
epoch 2330, training accuracy 0.972942
epoch 2340, training accuracy 0.972942
epoch 2350, training accuracy 0.972986
epoch 2360, training accuracy 0.972986
epoch 2370, training accuracy 0.972942
epoch 2380, training accuracy 0.972986
epoch 2390, training accuracy 0.972942
epoch 2400, training accuracy 0.973030
epoch 2410, training accuracy 0.972986
epoch 2420, training accuracy 0.972986
epoch 2430, training accuracy 0.972986
epoch 2440, training accuracy 0.972986
epoch 2450, training accuracy 0.972986
epoch 2460, training accuracy 0.972986
epoch 2470, training accuracy 0.972986
epoch 2480, training accuracy 0.972942
epoch 2490, training accuracy 0.972986
epoch 2500, training accuracy 0.972986
epoch 2510, training accuracy 0.972986
epoch 2520, training accuracy 0.973030
epoch 2530, training accuracy 0.972942
epoch 2540, training accuracy 0.973030
epoch 2550, training accuracy 0.972942
epoch 2560, training accuracy 0.973030
epoch 2570, training accuracy 0.973030
epoch 2580, training accuracy 0.973030
epoch 2590, training accuracy 0.972986
epoch 2600, training accuracy 0.972942
epoch 2610, training accuracy 0.972986
epoch 2620, training accuracy 0.972942
epoch 2630, training accuracy 0.972986
epoch 2640, training accuracy 0.973030
epoch 2650, training accuracy 0.972986
epoch 2660, training accuracy 0.972986
epoch 2670, training accuracy 0.973030
epoch 2680, training accuracy 0.972942
epoch 2690, training accuracy 0.972986
epoch 2700, training accuracy 0.972942
epoch 2710, training accuracy 0.972986
epoch 2720, training accuracy 0.972942
epoch 2730, training accuracy 0.972942
epoch 2740, training accuracy 0.972942
epoch 2750, training accuracy 0.972942
epoch 2760, training accuracy 0.972942
epoch 2770, training accuracy 0.972942
epoch 2780, training accuracy 0.972942
epoch 2790, training accuracy 0.972942
epoch 2800, training accuracy 0.972942
epoch 2810, training accuracy 0.972942
epoch 2820, training accuracy 0.972942
epoch 2830, training accuracy 0.972899
epoch 2840, training accuracy 0.972942
epoch 2850, training accuracy 0.972942
epoch 2860, training accuracy 0.972942
epoch 2870, training accuracy 0.972942
epoch 2880, training accuracy 0.972942
epoch 2890, training accuracy 0.972942
epoch 2900, training accuracy 0.972942
epoch 2910, training accuracy 0.972942
epoch 2920, training accuracy 0.972899
epoch 2930, training accuracy 0.972942
epoch 2940, training accuracy 0.972942
epoch 2950, training accuracy 0.972942
epoch 2960, training accuracy 0.972942
epoch 2970, training accuracy 0.972942
epoch 2980, training accuracy 0.972942
epoch 2990, training accuracy 0.972899
epoch 3000, training accuracy 0.972942
/tmp/and_end_validate.py loaded, containing 5742 entries, class distribution: [2871 2871]
correct: [2678, 2694]
incorrect: [29, 52]
accuracy: [0.9892870336165497, 0.9810633648943918]
unclassified: [164, 125]
total accuracy: [0.932776036224312, 0.9383490073145245]
Sun Oct 22 17:51:43 CEST 2017 finished, res_training/eng/and_end
