Sun Oct 22 23:32:30 CEST 2017 create_training_files
/tmp/sat_seat
2781 lines
1067 sat
1726 seat
/tmp/sat_seat_training
2225 lines
870 sat
1366 seat
/tmp/sat_seat_validate
556 lines
197 sat
360 seat
generate /tmp/sat_seat_training.py, /tmp/sat_seat_validate.py
:compileJava UP-TO-DATE
:processResources UP-TO-DATE
:classes UP-TO-DATE
:createNGramDatabase
Reading /tmp/sat_seat_training
Tokenizing
undersampling to 869
/tmp/sat_seat_training.pycreated
Reading /tmp/sat_seat_validate
Tokenizing
undersampling to 198
/tmp/sat_seat_validate.pycreated

BUILD SUCCESSFUL

Total time: 4.946 secs

This build could be faster, please consider using the Gradle Daemon: https://docs.gradle.org/2.10/userguide/gradle_daemon.html
Sun Oct 22 23:32:41 CEST 2017 create_classifier
{'embedding_path': 'res_training/eng/embedding/final_embeddings.txt', 'num_inputs': 4, 'batch_size': 1000, 'epochs': 3000, 'num_outputs': 2, 'self': <__main__.NeuralNetwork object at 0x2b2990388a58>, 'dictionary_path': 'res_training/eng/embedding/dictionary.txt', 'training_data_file': '/tmp/sat_seat_training.py', 'use_flex_hidden_layer': False}
embedding shape (42122, 64)
/tmp/sat_seat_training.py loaded, containing 1738 entries, class distribution: [869 869]
Steps: 3000, 1 steps in 3000 epochs
epoch 0, training accuracy 0.572497
epoch 10, training accuracy 0.582854
epoch 20, training accuracy 0.597814
epoch 30, training accuracy 0.610472
epoch 40, training accuracy 0.618527
epoch 50, training accuracy 0.632911
epoch 60, training accuracy 0.645570
epoch 70, training accuracy 0.655926
epoch 80, training accuracy 0.666858
epoch 90, training accuracy 0.679517
epoch 100, training accuracy 0.689873
epoch 110, training accuracy 0.699655
epoch 120, training accuracy 0.707710
epoch 130, training accuracy 0.716341
epoch 140, training accuracy 0.723821
epoch 150, training accuracy 0.733602
epoch 160, training accuracy 0.742808
epoch 170, training accuracy 0.749137
epoch 180, training accuracy 0.757192
epoch 190, training accuracy 0.763521
epoch 200, training accuracy 0.769850
epoch 210, training accuracy 0.775029
epoch 220, training accuracy 0.781358
epoch 230, training accuracy 0.788262
epoch 240, training accuracy 0.799194
epoch 250, training accuracy 0.804373
epoch 260, training accuracy 0.808976
epoch 270, training accuracy 0.814154
epoch 280, training accuracy 0.818757
epoch 290, training accuracy 0.822209
epoch 300, training accuracy 0.825662
epoch 310, training accuracy 0.829114
epoch 320, training accuracy 0.833717
epoch 330, training accuracy 0.837169
epoch 340, training accuracy 0.844649
epoch 350, training accuracy 0.848677
epoch 360, training accuracy 0.853280
epoch 370, training accuracy 0.854430
epoch 380, training accuracy 0.859609
epoch 390, training accuracy 0.861910
epoch 400, training accuracy 0.864787
epoch 410, training accuracy 0.864787
epoch 420, training accuracy 0.869390
epoch 430, training accuracy 0.871116
epoch 440, training accuracy 0.871692
epoch 450, training accuracy 0.873418
epoch 460, training accuracy 0.875144
epoch 470, training accuracy 0.879171
epoch 480, training accuracy 0.882624
epoch 490, training accuracy 0.883199
epoch 500, training accuracy 0.884925
epoch 510, training accuracy 0.885501
epoch 520, training accuracy 0.887802
epoch 530, training accuracy 0.890104
epoch 540, training accuracy 0.891830
epoch 550, training accuracy 0.892405
epoch 560, training accuracy 0.893556
epoch 570, training accuracy 0.894707
epoch 580, training accuracy 0.894707
epoch 590, training accuracy 0.895857
epoch 600, training accuracy 0.898159
epoch 610, training accuracy 0.899310
epoch 620, training accuracy 0.899885
epoch 630, training accuracy 0.900460
epoch 640, training accuracy 0.900460
epoch 650, training accuracy 0.901611
epoch 660, training accuracy 0.902186
epoch 670, training accuracy 0.903337
epoch 680, training accuracy 0.903913
epoch 690, training accuracy 0.903337
epoch 700, training accuracy 0.903913
epoch 710, training accuracy 0.905063
epoch 720, training accuracy 0.906789
epoch 730, training accuracy 0.907940
epoch 740, training accuracy 0.907940
epoch 750, training accuracy 0.908516
epoch 760, training accuracy 0.909091
epoch 770, training accuracy 0.909091
epoch 780, training accuracy 0.909091
epoch 790, training accuracy 0.909091
epoch 800, training accuracy 0.910242
epoch 810, training accuracy 0.913119
epoch 820, training accuracy 0.913119
epoch 830, training accuracy 0.913694
epoch 840, training accuracy 0.914269
epoch 850, training accuracy 0.915420
epoch 860, training accuracy 0.915995
epoch 870, training accuracy 0.916571
epoch 880, training accuracy 0.916571
epoch 890, training accuracy 0.918297
epoch 900, training accuracy 0.920023
epoch 910, training accuracy 0.921174
epoch 920, training accuracy 0.921174
epoch 930, training accuracy 0.921174
epoch 940, training accuracy 0.921749
epoch 950, training accuracy 0.921749
epoch 960, training accuracy 0.922900
epoch 970, training accuracy 0.922900
epoch 980, training accuracy 0.922900
epoch 990, training accuracy 0.922900
epoch 1000, training accuracy 0.922900
epoch 1010, training accuracy 0.924051
epoch 1020, training accuracy 0.924626
epoch 1030, training accuracy 0.925201
epoch 1040, training accuracy 0.925777
epoch 1050, training accuracy 0.926928
epoch 1060, training accuracy 0.927503
epoch 1070, training accuracy 0.927503
epoch 1080, training accuracy 0.927503
epoch 1090, training accuracy 0.927503
epoch 1100, training accuracy 0.928078
epoch 1110, training accuracy 0.928078
epoch 1120, training accuracy 0.928078
epoch 1130, training accuracy 0.928078
epoch 1140, training accuracy 0.928654
epoch 1150, training accuracy 0.928654
epoch 1160, training accuracy 0.929229
epoch 1170, training accuracy 0.929229
epoch 1180, training accuracy 0.930955
epoch 1190, training accuracy 0.930955
epoch 1200, training accuracy 0.930955
epoch 1210, training accuracy 0.930955
epoch 1220, training accuracy 0.930955
epoch 1230, training accuracy 0.931530
epoch 1240, training accuracy 0.932106
epoch 1250, training accuracy 0.932681
epoch 1260, training accuracy 0.932681
epoch 1270, training accuracy 0.932681
epoch 1280, training accuracy 0.932681
epoch 1290, training accuracy 0.932681
epoch 1300, training accuracy 0.932681
epoch 1310, training accuracy 0.932681
epoch 1320, training accuracy 0.932106
epoch 1330, training accuracy 0.932106
epoch 1340, training accuracy 0.931530
epoch 1350, training accuracy 0.932106
epoch 1360, training accuracy 0.932681
epoch 1370, training accuracy 0.932106
epoch 1380, training accuracy 0.932106
epoch 1390, training accuracy 0.932681
epoch 1400, training accuracy 0.932681
epoch 1410, training accuracy 0.933257
epoch 1420, training accuracy 0.933832
epoch 1430, training accuracy 0.933832
epoch 1440, training accuracy 0.933832
epoch 1450, training accuracy 0.933832
epoch 1460, training accuracy 0.933832
epoch 1470, training accuracy 0.934407
epoch 1480, training accuracy 0.934983
epoch 1490, training accuracy 0.936134
epoch 1500, training accuracy 0.936134
epoch 1510, training accuracy 0.936134
epoch 1520, training accuracy 0.936709
epoch 1530, training accuracy 0.937284
epoch 1540, training accuracy 0.937284
epoch 1550, training accuracy 0.937284
epoch 1560, training accuracy 0.937284
epoch 1570, training accuracy 0.938435
epoch 1580, training accuracy 0.939010
epoch 1590, training accuracy 0.939586
epoch 1600, training accuracy 0.940736
epoch 1610, training accuracy 0.940736
epoch 1620, training accuracy 0.941312
epoch 1630, training accuracy 0.941887
epoch 1640, training accuracy 0.942463
epoch 1650, training accuracy 0.943038
epoch 1660, training accuracy 0.942463
epoch 1670, training accuracy 0.942463
epoch 1680, training accuracy 0.943038
epoch 1690, training accuracy 0.943613
epoch 1700, training accuracy 0.943613
epoch 1710, training accuracy 0.944189
epoch 1720, training accuracy 0.944189
epoch 1730, training accuracy 0.944189
epoch 1740, training accuracy 0.944189
epoch 1750, training accuracy 0.944189
epoch 1760, training accuracy 0.944189
epoch 1770, training accuracy 0.944764
epoch 1780, training accuracy 0.945339
epoch 1790, training accuracy 0.945915
epoch 1800, training accuracy 0.945915
epoch 1810, training accuracy 0.945915
epoch 1820, training accuracy 0.945915
epoch 1830, training accuracy 0.946490
epoch 1840, training accuracy 0.946490
epoch 1850, training accuracy 0.946490
epoch 1860, training accuracy 0.947641
epoch 1870, training accuracy 0.948216
epoch 1880, training accuracy 0.948216
epoch 1890, training accuracy 0.948216
epoch 1900, training accuracy 0.948792
epoch 1910, training accuracy 0.949367
epoch 1920, training accuracy 0.949367
epoch 1930, training accuracy 0.949367
epoch 1940, training accuracy 0.948792
epoch 1950, training accuracy 0.948792
epoch 1960, training accuracy 0.948792
epoch 1970, training accuracy 0.948792
epoch 1980, training accuracy 0.948792
epoch 1990, training accuracy 0.948792
epoch 2000, training accuracy 0.948792
epoch 2010, training accuracy 0.948216
epoch 2020, training accuracy 0.948792
epoch 2030, training accuracy 0.948792
epoch 2040, training accuracy 0.948792
epoch 2050, training accuracy 0.949942
epoch 2060, training accuracy 0.949942
epoch 2070, training accuracy 0.949942
epoch 2080, training accuracy 0.949942
epoch 2090, training accuracy 0.949942
epoch 2100, training accuracy 0.949942
epoch 2110, training accuracy 0.949942
epoch 2120, training accuracy 0.949942
epoch 2130, training accuracy 0.949942
epoch 2140, training accuracy 0.949942
epoch 2150, training accuracy 0.950518
epoch 2160, training accuracy 0.950518
epoch 2170, training accuracy 0.950518
epoch 2180, training accuracy 0.950518
epoch 2190, training accuracy 0.950518
epoch 2200, training accuracy 0.950518
epoch 2210, training accuracy 0.950518
epoch 2220, training accuracy 0.950518
epoch 2230, training accuracy 0.950518
epoch 2240, training accuracy 0.950518
epoch 2250, training accuracy 0.950518
epoch 2260, training accuracy 0.950518
epoch 2270, training accuracy 0.950518
epoch 2280, training accuracy 0.950518
epoch 2290, training accuracy 0.950518
epoch 2300, training accuracy 0.951093
epoch 2310, training accuracy 0.951093
epoch 2320, training accuracy 0.951669
epoch 2330, training accuracy 0.951669
epoch 2340, training accuracy 0.951669
epoch 2350, training accuracy 0.951669
epoch 2360, training accuracy 0.951669
epoch 2370, training accuracy 0.951669
epoch 2380, training accuracy 0.951669
epoch 2390, training accuracy 0.951669
epoch 2400, training accuracy 0.952244
epoch 2410, training accuracy 0.952244
epoch 2420, training accuracy 0.952819
epoch 2430, training accuracy 0.952819
epoch 2440, training accuracy 0.952819
epoch 2450, training accuracy 0.952819
epoch 2460, training accuracy 0.952819
epoch 2470, training accuracy 0.952819
epoch 2480, training accuracy 0.952819
epoch 2490, training accuracy 0.952819
epoch 2500, training accuracy 0.953395
epoch 2510, training accuracy 0.953395
epoch 2520, training accuracy 0.953395
epoch 2530, training accuracy 0.953395
epoch 2540, training accuracy 0.953970
epoch 2550, training accuracy 0.953970
epoch 2560, training accuracy 0.953970
epoch 2570, training accuracy 0.953970
epoch 2580, training accuracy 0.953970
epoch 2590, training accuracy 0.953970
epoch 2600, training accuracy 0.953970
epoch 2610, training accuracy 0.953970
epoch 2620, training accuracy 0.953970
epoch 2630, training accuracy 0.953970
epoch 2640, training accuracy 0.953970
epoch 2650, training accuracy 0.953970
epoch 2660, training accuracy 0.953970
epoch 2670, training accuracy 0.955121
epoch 2680, training accuracy 0.955121
epoch 2690, training accuracy 0.955121
epoch 2700, training accuracy 0.955121
epoch 2710, training accuracy 0.955696
epoch 2720, training accuracy 0.956272
epoch 2730, training accuracy 0.956847
epoch 2740, training accuracy 0.956847
epoch 2750, training accuracy 0.957422
epoch 2760, training accuracy 0.957998
epoch 2770, training accuracy 0.957998
epoch 2780, training accuracy 0.958573
epoch 2790, training accuracy 0.958573
epoch 2800, training accuracy 0.958573
epoch 2810, training accuracy 0.958573
epoch 2820, training accuracy 0.958573
epoch 2830, training accuracy 0.959148
epoch 2840, training accuracy 0.959148
epoch 2850, training accuracy 0.959148
epoch 2860, training accuracy 0.959148
epoch 2870, training accuracy 0.959148
epoch 2880, training accuracy 0.959148
epoch 2890, training accuracy 0.959148
epoch 2900, training accuracy 0.959148
epoch 2910, training accuracy 0.959724
epoch 2920, training accuracy 0.959724
epoch 2930, training accuracy 0.960299
epoch 2940, training accuracy 0.961450
epoch 2950, training accuracy 0.961450
epoch 2960, training accuracy 0.961450
epoch 2970, training accuracy 0.961450
epoch 2980, training accuracy 0.961450
epoch 2990, training accuracy 0.961450
epoch 3000, training accuracy 0.961450
/tmp/sat_seat_validate.py loaded, containing 396 entries, class distribution: [198 198]
correct: [165, 164]
incorrect: [3, 2]
accuracy: [0.9821428571428571, 0.9879518072289156]
unclassified: [30, 32]
total accuracy: [0.8333333333333334, 0.8282828282828283]
Sun Oct 22 23:33:03 CEST 2017 finished, res_training/eng/sat_seat
