Mon Oct 23 02:54:51 CEST 2017 create_training_files
/tmp/worse_worth
5089 lines
1754 worse
3341 worth
/tmp/worse_worth_training
4072 lines
1421 worse
2657 worth
/tmp/worse_worth_validate
1017 lines
333 worse
684 worth
generate /tmp/worse_worth_training.py, /tmp/worse_worth_validate.py
:compileJava UP-TO-DATE
:processResources UP-TO-DATE
:classes UP-TO-DATE
:createNGramDatabase
Reading /tmp/worse_worth_training
Tokenizing
undersampling to 1449
/tmp/worse_worth_training.pycreated
Reading /tmp/worse_worth_validate
Tokenizing
undersampling to 341
/tmp/worse_worth_validate.pycreated

BUILD SUCCESSFUL

Total time: 5.399 secs

This build could be faster, please consider using the Gradle Daemon: https://docs.gradle.org/2.10/userguide/gradle_daemon.html
Mon Oct 23 02:55:02 CEST 2017 create_classifier
{'self': <__main__.NeuralNetwork object at 0x2ab439e90a58>, 'num_outputs': 2, 'epochs': 3000, 'batch_size': 1000, 'use_flex_hidden_layer': False, 'dictionary_path': 'res_training/eng/embedding/dictionary.txt', 'num_inputs': 4, 'training_data_file': '/tmp/worse_worth_training.py', 'embedding_path': 'res_training/eng/embedding/final_embeddings.txt'}
embedding shape (42122, 64)
/tmp/worse_worth_training.py loaded, containing 2898 entries, class distribution: [1449 1449]
Steps: 6000, 2 steps in 3000 epochs
epoch 0, training accuracy 0.581090
epoch 10, training accuracy 0.606970
epoch 20, training accuracy 0.624224
epoch 30, training accuracy 0.641822
epoch 40, training accuracy 0.667357
epoch 50, training accuracy 0.685645
epoch 60, training accuracy 0.704969
epoch 70, training accuracy 0.728088
epoch 80, training accuracy 0.738440
epoch 90, training accuracy 0.751553
epoch 100, training accuracy 0.766736
epoch 110, training accuracy 0.775017
epoch 120, training accuracy 0.787440
epoch 130, training accuracy 0.792616
epoch 140, training accuracy 0.801242
epoch 150, training accuracy 0.809869
epoch 160, training accuracy 0.815390
epoch 170, training accuracy 0.822636
epoch 180, training accuracy 0.832298
epoch 190, training accuracy 0.837129
epoch 200, training accuracy 0.842650
epoch 210, training accuracy 0.845756
epoch 220, training accuracy 0.851277
epoch 230, training accuracy 0.854382
epoch 240, training accuracy 0.859213
epoch 250, training accuracy 0.861284
epoch 260, training accuracy 0.864389
epoch 270, training accuracy 0.868875
epoch 280, training accuracy 0.870945
epoch 290, training accuracy 0.874396
epoch 300, training accuracy 0.876467
epoch 310, training accuracy 0.880262
epoch 320, training accuracy 0.881988
epoch 330, training accuracy 0.883713
epoch 340, training accuracy 0.885438
epoch 350, training accuracy 0.889234
epoch 360, training accuracy 0.890269
epoch 370, training accuracy 0.889924
epoch 380, training accuracy 0.891649
epoch 390, training accuracy 0.892685
epoch 400, training accuracy 0.893720
epoch 410, training accuracy 0.895445
epoch 420, training accuracy 0.897516
epoch 430, training accuracy 0.898896
epoch 440, training accuracy 0.901311
epoch 450, training accuracy 0.903037
epoch 460, training accuracy 0.904417
epoch 470, training accuracy 0.905797
epoch 480, training accuracy 0.905797
epoch 490, training accuracy 0.907177
epoch 500, training accuracy 0.909938
epoch 510, training accuracy 0.911663
epoch 520, training accuracy 0.912698
epoch 530, training accuracy 0.913043
epoch 540, training accuracy 0.914424
epoch 550, training accuracy 0.915804
epoch 560, training accuracy 0.916839
epoch 570, training accuracy 0.917529
epoch 580, training accuracy 0.918564
epoch 590, training accuracy 0.919600
epoch 600, training accuracy 0.920635
epoch 610, training accuracy 0.920980
epoch 620, training accuracy 0.921670
epoch 630, training accuracy 0.922360
epoch 640, training accuracy 0.922705
epoch 650, training accuracy 0.922705
epoch 660, training accuracy 0.923741
epoch 670, training accuracy 0.924431
epoch 680, training accuracy 0.925466
epoch 690, training accuracy 0.926156
epoch 700, training accuracy 0.926501
epoch 710, training accuracy 0.927536
epoch 720, training accuracy 0.927536
epoch 730, training accuracy 0.928571
epoch 740, training accuracy 0.929262
epoch 750, training accuracy 0.930297
epoch 760, training accuracy 0.930642
epoch 770, training accuracy 0.931332
epoch 780, training accuracy 0.931677
epoch 790, training accuracy 0.931677
epoch 800, training accuracy 0.932022
epoch 810, training accuracy 0.932022
epoch 820, training accuracy 0.932712
epoch 830, training accuracy 0.933402
epoch 840, training accuracy 0.933402
epoch 850, training accuracy 0.933747
epoch 860, training accuracy 0.933747
epoch 870, training accuracy 0.934438
epoch 880, training accuracy 0.934783
epoch 890, training accuracy 0.934783
epoch 900, training accuracy 0.934783
epoch 910, training accuracy 0.935128
epoch 920, training accuracy 0.935473
epoch 930, training accuracy 0.935473
epoch 940, training accuracy 0.935818
epoch 950, training accuracy 0.935818
epoch 960, training accuracy 0.936508
epoch 970, training accuracy 0.936508
epoch 980, training accuracy 0.936508
epoch 990, training accuracy 0.936853
epoch 1000, training accuracy 0.936853
epoch 1010, training accuracy 0.937198
epoch 1020, training accuracy 0.937888
epoch 1030, training accuracy 0.938233
epoch 1040, training accuracy 0.938233
epoch 1050, training accuracy 0.938923
epoch 1060, training accuracy 0.938578
epoch 1070, training accuracy 0.939268
epoch 1080, training accuracy 0.939268
epoch 1090, training accuracy 0.939268
epoch 1100, training accuracy 0.939268
epoch 1110, training accuracy 0.940304
epoch 1120, training accuracy 0.940304
epoch 1130, training accuracy 0.940304
epoch 1140, training accuracy 0.940649
epoch 1150, training accuracy 0.940649
epoch 1160, training accuracy 0.941684
epoch 1170, training accuracy 0.941684
epoch 1180, training accuracy 0.941684
epoch 1190, training accuracy 0.942029
epoch 1200, training accuracy 0.942029
epoch 1210, training accuracy 0.942374
epoch 1220, training accuracy 0.942719
epoch 1230, training accuracy 0.942374
epoch 1240, training accuracy 0.942374
epoch 1250, training accuracy 0.943064
epoch 1260, training accuracy 0.943409
epoch 1270, training accuracy 0.943754
epoch 1280, training accuracy 0.944099
epoch 1290, training accuracy 0.945135
epoch 1300, training accuracy 0.945135
epoch 1310, training accuracy 0.945135
epoch 1320, training accuracy 0.945480
epoch 1330, training accuracy 0.945480
epoch 1340, training accuracy 0.946170
epoch 1350, training accuracy 0.946170
epoch 1360, training accuracy 0.946515
epoch 1370, training accuracy 0.947205
epoch 1380, training accuracy 0.947895
epoch 1390, training accuracy 0.948930
epoch 1400, training accuracy 0.949275
epoch 1410, training accuracy 0.949620
epoch 1420, training accuracy 0.949620
epoch 1430, training accuracy 0.949965
epoch 1440, training accuracy 0.950656
epoch 1450, training accuracy 0.951001
epoch 1460, training accuracy 0.951691
epoch 1470, training accuracy 0.951691
epoch 1480, training accuracy 0.951691
epoch 1490, training accuracy 0.952726
epoch 1500, training accuracy 0.953071
epoch 1510, training accuracy 0.953416
epoch 1520, training accuracy 0.953416
epoch 1530, training accuracy 0.953761
epoch 1540, training accuracy 0.953416
epoch 1550, training accuracy 0.953761
epoch 1560, training accuracy 0.954106
epoch 1570, training accuracy 0.954106
epoch 1580, training accuracy 0.954796
epoch 1590, training accuracy 0.954796
epoch 1600, training accuracy 0.955141
epoch 1610, training accuracy 0.955141
epoch 1620, training accuracy 0.955141
epoch 1630, training accuracy 0.955141
epoch 1640, training accuracy 0.955141
epoch 1650, training accuracy 0.955141
epoch 1660, training accuracy 0.955141
epoch 1670, training accuracy 0.955141
epoch 1680, training accuracy 0.955487
epoch 1690, training accuracy 0.955832
epoch 1700, training accuracy 0.955832
epoch 1710, training accuracy 0.955832
epoch 1720, training accuracy 0.956867
epoch 1730, training accuracy 0.957212
epoch 1740, training accuracy 0.957902
epoch 1750, training accuracy 0.958247
epoch 1760, training accuracy 0.958592
epoch 1770, training accuracy 0.958592
epoch 1780, training accuracy 0.959627
epoch 1790, training accuracy 0.959627
epoch 1800, training accuracy 0.959282
epoch 1810, training accuracy 0.959627
epoch 1820, training accuracy 0.959627
epoch 1830, training accuracy 0.959627
epoch 1840, training accuracy 0.960317
epoch 1850, training accuracy 0.960317
epoch 1860, training accuracy 0.960663
epoch 1870, training accuracy 0.960663
epoch 1880, training accuracy 0.960663
epoch 1890, training accuracy 0.960663
epoch 1900, training accuracy 0.960663
epoch 1910, training accuracy 0.960663
epoch 1920, training accuracy 0.960317
epoch 1930, training accuracy 0.960663
epoch 1940, training accuracy 0.960663
epoch 1950, training accuracy 0.960663
epoch 1960, training accuracy 0.961008
epoch 1970, training accuracy 0.961008
epoch 1980, training accuracy 0.961353
epoch 1990, training accuracy 0.961353
epoch 2000, training accuracy 0.961698
epoch 2010, training accuracy 0.962043
epoch 2020, training accuracy 0.962733
epoch 2030, training accuracy 0.962733
epoch 2040, training accuracy 0.962733
epoch 2050, training accuracy 0.963768
epoch 2060, training accuracy 0.963768
epoch 2070, training accuracy 0.963768
epoch 2080, training accuracy 0.964113
epoch 2090, training accuracy 0.964458
epoch 2100, training accuracy 0.964458
epoch 2110, training accuracy 0.964458
epoch 2120, training accuracy 0.964803
epoch 2130, training accuracy 0.965148
epoch 2140, training accuracy 0.965493
epoch 2150, training accuracy 0.965493
epoch 2160, training accuracy 0.965493
epoch 2170, training accuracy 0.965493
epoch 2180, training accuracy 0.965838
epoch 2190, training accuracy 0.965838
epoch 2200, training accuracy 0.965838
epoch 2210, training accuracy 0.966184
epoch 2220, training accuracy 0.966529
epoch 2230, training accuracy 0.966529
epoch 2240, training accuracy 0.966874
epoch 2250, training accuracy 0.967219
epoch 2260, training accuracy 0.967219
epoch 2270, training accuracy 0.967219
epoch 2280, training accuracy 0.967219
epoch 2290, training accuracy 0.967219
epoch 2300, training accuracy 0.967219
epoch 2310, training accuracy 0.967219
epoch 2320, training accuracy 0.967219
epoch 2330, training accuracy 0.967219
epoch 2340, training accuracy 0.967219
epoch 2350, training accuracy 0.967219
epoch 2360, training accuracy 0.967219
epoch 2370, training accuracy 0.967219
epoch 2380, training accuracy 0.967219
epoch 2390, training accuracy 0.967219
epoch 2400, training accuracy 0.967219
epoch 2410, training accuracy 0.967219
epoch 2420, training accuracy 0.967564
epoch 2430, training accuracy 0.967564
epoch 2440, training accuracy 0.967564
epoch 2450, training accuracy 0.967564
epoch 2460, training accuracy 0.967564
epoch 2470, training accuracy 0.967564
epoch 2480, training accuracy 0.967564
epoch 2490, training accuracy 0.967564
epoch 2500, training accuracy 0.967564
epoch 2510, training accuracy 0.967564
epoch 2520, training accuracy 0.967909
epoch 2530, training accuracy 0.967909
epoch 2540, training accuracy 0.968944
epoch 2550, training accuracy 0.968944
epoch 2560, training accuracy 0.968944
epoch 2570, training accuracy 0.969289
epoch 2580, training accuracy 0.969289
epoch 2590, training accuracy 0.969289
epoch 2600, training accuracy 0.969289
epoch 2610, training accuracy 0.969289
epoch 2620, training accuracy 0.969634
epoch 2630, training accuracy 0.969634
epoch 2640, training accuracy 0.969634
epoch 2650, training accuracy 0.969979
epoch 2660, training accuracy 0.969979
epoch 2670, training accuracy 0.969979
epoch 2680, training accuracy 0.969979
epoch 2690, training accuracy 0.969979
epoch 2700, training accuracy 0.969979
epoch 2710, training accuracy 0.969979
epoch 2720, training accuracy 0.969979
epoch 2730, training accuracy 0.970324
epoch 2740, training accuracy 0.970324
epoch 2750, training accuracy 0.970324
epoch 2760, training accuracy 0.970324
epoch 2770, training accuracy 0.970324
epoch 2780, training accuracy 0.970324
epoch 2790, training accuracy 0.970324
epoch 2800, training accuracy 0.969979
epoch 2810, training accuracy 0.969979
epoch 2820, training accuracy 0.969979
epoch 2830, training accuracy 0.969979
epoch 2840, training accuracy 0.969979
epoch 2850, training accuracy 0.969979
epoch 2860, training accuracy 0.970669
epoch 2870, training accuracy 0.971014
epoch 2880, training accuracy 0.971014
epoch 2890, training accuracy 0.971360
epoch 2900, training accuracy 0.971360
epoch 2910, training accuracy 0.971705
epoch 2920, training accuracy 0.972050
epoch 2930, training accuracy 0.972050
epoch 2940, training accuracy 0.972395
epoch 2950, training accuracy 0.972395
epoch 2960, training accuracy 0.972395
epoch 2970, training accuracy 0.972740
epoch 2980, training accuracy 0.973085
epoch 2990, training accuracy 0.973430
epoch 3000, training accuracy 0.973430
/tmp/worse_worth_validate.py loaded, containing 682 entries, class distribution: [341 341]
correct: [307, 313]
incorrect: [7, 6]
accuracy: [0.9777070063694268, 0.9811912225705329]
unclassified: [27, 22]
total accuracy: [0.9002932551319648, 0.9178885630498533]
Mon Oct 23 02:55:34 CEST 2017 finished, res_training/eng/worse_worth
