Sun Oct 22 18:36:15 CEST 2017 create_training_files
/tmp/Australia_Austria
3492 lines
2781 Australia
716 Austria
/tmp/Australia_Austria_training
2794 lines
2209 Australia
590 Austria
/tmp/Australia_Austria_validate
698 lines
572 Australia
126 Austria
generate /tmp/Australia_Austria_training.py, /tmp/Australia_Austria_validate.py
:compileJava UP-TO-DATE
:processResources UP-TO-DATE
:classes UP-TO-DATE
:createNGramDatabase
Reading /tmp/Australia_Austria_training
Tokenizing
undersampling to 620
/tmp/Australia_Austria_training.pycreated
Reading /tmp/Australia_Austria_validate
Tokenizing
undersampling to 134
/tmp/Australia_Austria_validate.pycreated

BUILD SUCCESSFUL

Total time: 5.179 secs

This build could be faster, please consider using the Gradle Daemon: https://docs.gradle.org/2.10/userguide/gradle_daemon.html
Sun Oct 22 18:36:27 CEST 2017 create_classifier
{'training_data_file': '/tmp/Australia_Austria_training.py', 'dictionary_path': 'res_training/eng/embedding/dictionary.txt', 'use_flex_hidden_layer': False, 'self': <__main__.NeuralNetwork object at 0x2aabf9876a58>, 'num_outputs': 2, 'num_inputs': 4, 'embedding_path': 'res_training/eng/embedding/final_embeddings.txt', 'epochs': 3000, 'batch_size': 1000}
embedding shape (42122, 64)
/tmp/Australia_Austria_training.py loaded, containing 1240 entries, class distribution: [620 620]
Steps: 3000, 1 steps in 3000 epochs
epoch 0, training accuracy 0.518548
epoch 10, training accuracy 0.519355
epoch 20, training accuracy 0.513710
epoch 30, training accuracy 0.509677
epoch 40, training accuracy 0.516129
epoch 50, training accuracy 0.523387
epoch 60, training accuracy 0.528226
epoch 70, training accuracy 0.530645
epoch 80, training accuracy 0.537097
epoch 90, training accuracy 0.534677
epoch 100, training accuracy 0.544355
epoch 110, training accuracy 0.545161
epoch 120, training accuracy 0.550000
epoch 130, training accuracy 0.552419
epoch 140, training accuracy 0.558871
epoch 150, training accuracy 0.561290
epoch 160, training accuracy 0.569355
epoch 170, training accuracy 0.568548
epoch 180, training accuracy 0.573387
epoch 190, training accuracy 0.577419
epoch 200, training accuracy 0.580645
epoch 210, training accuracy 0.583871
epoch 220, training accuracy 0.588710
epoch 230, training accuracy 0.587097
epoch 240, training accuracy 0.590323
epoch 250, training accuracy 0.593548
epoch 260, training accuracy 0.595161
epoch 270, training accuracy 0.597581
epoch 280, training accuracy 0.603226
epoch 290, training accuracy 0.602419
epoch 300, training accuracy 0.602419
epoch 310, training accuracy 0.604032
epoch 320, training accuracy 0.608065
epoch 330, training accuracy 0.610484
epoch 340, training accuracy 0.610484
epoch 350, training accuracy 0.610484
epoch 360, training accuracy 0.611290
epoch 370, training accuracy 0.612903
epoch 380, training accuracy 0.614516
epoch 390, training accuracy 0.618548
epoch 400, training accuracy 0.619355
epoch 410, training accuracy 0.620161
epoch 420, training accuracy 0.621774
epoch 430, training accuracy 0.625000
epoch 440, training accuracy 0.625806
epoch 450, training accuracy 0.629839
epoch 460, training accuracy 0.636290
epoch 470, training accuracy 0.639516
epoch 480, training accuracy 0.640323
epoch 490, training accuracy 0.641129
epoch 500, training accuracy 0.641935
epoch 510, training accuracy 0.643548
epoch 520, training accuracy 0.645968
epoch 530, training accuracy 0.653226
epoch 540, training accuracy 0.654839
epoch 550, training accuracy 0.658065
epoch 560, training accuracy 0.658065
epoch 570, training accuracy 0.659677
epoch 580, training accuracy 0.661290
epoch 590, training accuracy 0.660484
epoch 600, training accuracy 0.664516
epoch 610, training accuracy 0.667742
epoch 620, training accuracy 0.669355
epoch 630, training accuracy 0.670161
epoch 640, training accuracy 0.671774
epoch 650, training accuracy 0.673387
epoch 660, training accuracy 0.673387
epoch 670, training accuracy 0.677419
epoch 680, training accuracy 0.678226
epoch 690, training accuracy 0.678226
epoch 700, training accuracy 0.678226
epoch 710, training accuracy 0.679032
epoch 720, training accuracy 0.680645
epoch 730, training accuracy 0.679032
epoch 740, training accuracy 0.679839
epoch 750, training accuracy 0.682258
epoch 760, training accuracy 0.683065
epoch 770, training accuracy 0.684677
epoch 780, training accuracy 0.684677
epoch 790, training accuracy 0.683871
epoch 800, training accuracy 0.683871
epoch 810, training accuracy 0.684677
epoch 820, training accuracy 0.685484
epoch 830, training accuracy 0.687097
epoch 840, training accuracy 0.690323
epoch 850, training accuracy 0.689516
epoch 860, training accuracy 0.689516
epoch 870, training accuracy 0.691935
epoch 880, training accuracy 0.691935
epoch 890, training accuracy 0.691935
epoch 900, training accuracy 0.691935
epoch 910, training accuracy 0.694355
epoch 920, training accuracy 0.696774
epoch 930, training accuracy 0.699194
epoch 940, training accuracy 0.701613
epoch 950, training accuracy 0.701613
epoch 960, training accuracy 0.702419
epoch 970, training accuracy 0.701613
epoch 980, training accuracy 0.702419
epoch 990, training accuracy 0.703226
epoch 1000, training accuracy 0.703226
epoch 1010, training accuracy 0.702419
epoch 1020, training accuracy 0.702419
epoch 1030, training accuracy 0.704032
epoch 1040, training accuracy 0.705645
epoch 1050, training accuracy 0.704839
epoch 1060, training accuracy 0.704839
epoch 1070, training accuracy 0.706452
epoch 1080, training accuracy 0.706452
epoch 1090, training accuracy 0.706452
epoch 1100, training accuracy 0.708064
epoch 1110, training accuracy 0.708064
epoch 1120, training accuracy 0.708064
epoch 1130, training accuracy 0.707258
epoch 1140, training accuracy 0.707258
epoch 1150, training accuracy 0.707258
epoch 1160, training accuracy 0.708064
epoch 1170, training accuracy 0.707258
epoch 1180, training accuracy 0.708064
epoch 1190, training accuracy 0.708871
epoch 1200, training accuracy 0.709677
epoch 1210, training accuracy 0.711290
epoch 1220, training accuracy 0.712097
epoch 1230, training accuracy 0.714516
epoch 1240, training accuracy 0.716935
epoch 1250, training accuracy 0.717742
epoch 1260, training accuracy 0.718548
epoch 1270, training accuracy 0.719355
epoch 1280, training accuracy 0.720161
epoch 1290, training accuracy 0.720968
epoch 1300, training accuracy 0.720161
epoch 1310, training accuracy 0.719355
epoch 1320, training accuracy 0.718548
epoch 1330, training accuracy 0.719355
epoch 1340, training accuracy 0.720968
epoch 1350, training accuracy 0.719355
epoch 1360, training accuracy 0.719355
epoch 1370, training accuracy 0.719355
epoch 1380, training accuracy 0.720161
epoch 1390, training accuracy 0.720968
epoch 1400, training accuracy 0.720968
epoch 1410, training accuracy 0.720161
epoch 1420, training accuracy 0.722581
epoch 1430, training accuracy 0.725000
epoch 1440, training accuracy 0.725000
epoch 1450, training accuracy 0.725000
epoch 1460, training accuracy 0.725806
epoch 1470, training accuracy 0.727419
epoch 1480, training accuracy 0.727419
epoch 1490, training accuracy 0.727419
epoch 1500, training accuracy 0.728226
epoch 1510, training accuracy 0.727419
epoch 1520, training accuracy 0.726613
epoch 1530, training accuracy 0.726613
epoch 1540, training accuracy 0.728226
epoch 1550, training accuracy 0.729839
epoch 1560, training accuracy 0.729032
epoch 1570, training accuracy 0.729032
epoch 1580, training accuracy 0.729032
epoch 1590, training accuracy 0.729839
epoch 1600, training accuracy 0.730645
epoch 1610, training accuracy 0.731452
epoch 1620, training accuracy 0.731452
epoch 1630, training accuracy 0.731452
epoch 1640, training accuracy 0.732258
epoch 1650, training accuracy 0.733065
epoch 1660, training accuracy 0.733871
epoch 1670, training accuracy 0.733871
epoch 1680, training accuracy 0.733065
epoch 1690, training accuracy 0.733065
epoch 1700, training accuracy 0.733065
epoch 1710, training accuracy 0.731452
epoch 1720, training accuracy 0.732258
epoch 1730, training accuracy 0.732258
epoch 1740, training accuracy 0.732258
epoch 1750, training accuracy 0.733065
epoch 1760, training accuracy 0.733065
epoch 1770, training accuracy 0.736290
epoch 1780, training accuracy 0.738710
epoch 1790, training accuracy 0.738710
epoch 1800, training accuracy 0.738710
epoch 1810, training accuracy 0.738710
epoch 1820, training accuracy 0.738710
epoch 1830, training accuracy 0.737903
epoch 1840, training accuracy 0.737903
epoch 1850, training accuracy 0.737903
epoch 1860, training accuracy 0.737903
epoch 1870, training accuracy 0.738710
epoch 1880, training accuracy 0.739516
epoch 1890, training accuracy 0.741129
epoch 1900, training accuracy 0.741129
epoch 1910, training accuracy 0.741129
epoch 1920, training accuracy 0.740323
epoch 1930, training accuracy 0.741129
epoch 1940, training accuracy 0.741935
epoch 1950, training accuracy 0.741129
epoch 1960, training accuracy 0.741935
epoch 1970, training accuracy 0.742742
epoch 1980, training accuracy 0.744355
epoch 1990, training accuracy 0.744355
epoch 2000, training accuracy 0.745161
epoch 2010, training accuracy 0.745161
epoch 2020, training accuracy 0.745968
epoch 2030, training accuracy 0.745161
epoch 2040, training accuracy 0.744355
epoch 2050, training accuracy 0.744355
epoch 2060, training accuracy 0.744355
epoch 2070, training accuracy 0.744355
epoch 2080, training accuracy 0.744355
epoch 2090, training accuracy 0.744355
epoch 2100, training accuracy 0.745161
epoch 2110, training accuracy 0.745968
epoch 2120, training accuracy 0.745161
epoch 2130, training accuracy 0.745161
epoch 2140, training accuracy 0.745161
epoch 2150, training accuracy 0.745161
epoch 2160, training accuracy 0.745968
epoch 2170, training accuracy 0.745968
epoch 2180, training accuracy 0.746774
epoch 2190, training accuracy 0.747581
epoch 2200, training accuracy 0.748387
epoch 2210, training accuracy 0.748387
epoch 2220, training accuracy 0.748387
epoch 2230, training accuracy 0.748387
epoch 2240, training accuracy 0.747581
epoch 2250, training accuracy 0.748387
epoch 2260, training accuracy 0.748387
epoch 2270, training accuracy 0.749194
epoch 2280, training accuracy 0.750000
epoch 2290, training accuracy 0.750000
epoch 2300, training accuracy 0.750000
epoch 2310, training accuracy 0.750000
epoch 2320, training accuracy 0.750000
epoch 2330, training accuracy 0.750806
epoch 2340, training accuracy 0.750806
epoch 2350, training accuracy 0.750000
epoch 2360, training accuracy 0.750000
epoch 2370, training accuracy 0.750806
epoch 2380, training accuracy 0.753226
epoch 2390, training accuracy 0.753226
epoch 2400, training accuracy 0.755645
epoch 2410, training accuracy 0.757258
epoch 2420, training accuracy 0.757258
epoch 2430, training accuracy 0.757258
epoch 2440, training accuracy 0.757258
epoch 2450, training accuracy 0.758065
epoch 2460, training accuracy 0.757258
epoch 2470, training accuracy 0.757258
epoch 2480, training accuracy 0.757258
epoch 2490, training accuracy 0.758871
epoch 2500, training accuracy 0.759677
epoch 2510, training accuracy 0.759677
epoch 2520, training accuracy 0.759677
epoch 2530, training accuracy 0.759677
epoch 2540, training accuracy 0.760484
epoch 2550, training accuracy 0.760484
epoch 2560, training accuracy 0.762097
epoch 2570, training accuracy 0.762097
epoch 2580, training accuracy 0.762903
epoch 2590, training accuracy 0.762097
epoch 2600, training accuracy 0.762097
epoch 2610, training accuracy 0.762097
epoch 2620, training accuracy 0.762903
epoch 2630, training accuracy 0.763710
epoch 2640, training accuracy 0.763710
epoch 2650, training accuracy 0.763710
epoch 2660, training accuracy 0.763710
epoch 2670, training accuracy 0.763710
epoch 2680, training accuracy 0.763710
epoch 2690, training accuracy 0.764516
epoch 2700, training accuracy 0.764516
epoch 2710, training accuracy 0.764516
epoch 2720, training accuracy 0.764516
epoch 2730, training accuracy 0.764516
epoch 2740, training accuracy 0.764516
epoch 2750, training accuracy 0.764516
epoch 2760, training accuracy 0.764516
epoch 2770, training accuracy 0.765323
epoch 2780, training accuracy 0.765323
epoch 2790, training accuracy 0.765323
epoch 2800, training accuracy 0.766129
epoch 2810, training accuracy 0.766935
epoch 2820, training accuracy 0.766935
epoch 2830, training accuracy 0.766129
epoch 2840, training accuracy 0.766129
epoch 2850, training accuracy 0.766935
epoch 2860, training accuracy 0.766935
epoch 2870, training accuracy 0.766935
epoch 2880, training accuracy 0.766129
epoch 2890, training accuracy 0.766129
epoch 2900, training accuracy 0.766129
epoch 2910, training accuracy 0.766935
epoch 2920, training accuracy 0.766935
epoch 2930, training accuracy 0.766935
epoch 2940, training accuracy 0.767742
epoch 2950, training accuracy 0.767742
epoch 2960, training accuracy 0.769355
epoch 2970, training accuracy 0.769355
epoch 2980, training accuracy 0.769355
epoch 2990, training accuracy 0.769355
epoch 3000, training accuracy 0.769355
/tmp/Australia_Austria_validate.py loaded, containing 268 entries, class distribution: [134 134]
correct: [36, 49]
incorrect: [4, 9]
accuracy: [0.9, 0.8448275862068966]
unclassified: [94, 76]
total accuracy: [0.26865671641791045, 0.3656716417910448]
Sun Oct 22 18:36:44 CEST 2017 finished, res_training/eng/Australia_Austria
