Sun Oct 22 19:38:18 CEST 2017 create_training_files
/tmp/compete_complete
3388 lines
989 compete
2401 complete
/tmp/compete_complete_training
2711 lines
800 compete
1913 complete
/tmp/compete_complete_validate
677 lines
189 compete
488 complete
generate /tmp/compete_complete_training.py, /tmp/compete_complete_validate.py
:compileJava UP-TO-DATE
:processResources UP-TO-DATE
:classes UP-TO-DATE
:createNGramDatabase
Reading /tmp/compete_complete_training
Tokenizing
undersampling to 805
/tmp/compete_complete_training.pycreated
Reading /tmp/compete_complete_validate
Tokenizing
undersampling to 194
/tmp/compete_complete_validate.pycreated

BUILD SUCCESSFUL

Total time: 5.051 secs

This build could be faster, please consider using the Gradle Daemon: https://docs.gradle.org/2.10/userguide/gradle_daemon.html
Sun Oct 22 19:38:29 CEST 2017 create_classifier
{'self': <__main__.NeuralNetwork object at 0x2b69bc728a58>, 'dictionary_path': 'res_training/eng/embedding/dictionary.txt', 'embedding_path': 'res_training/eng/embedding/final_embeddings.txt', 'batch_size': 1000, 'use_flex_hidden_layer': False, 'num_inputs': 4, 'num_outputs': 2, 'training_data_file': '/tmp/compete_complete_training.py', 'epochs': 3000}
embedding shape (42122, 64)
/tmp/compete_complete_training.py loaded, containing 1610 entries, class distribution: [805 805]
Steps: 3000, 1 steps in 3000 epochs
epoch 0, training accuracy 0.515528
epoch 10, training accuracy 0.522360
epoch 20, training accuracy 0.534162
epoch 30, training accuracy 0.544720
epoch 40, training accuracy 0.557143
epoch 50, training accuracy 0.567081
epoch 60, training accuracy 0.575155
epoch 70, training accuracy 0.590062
epoch 80, training accuracy 0.602484
epoch 90, training accuracy 0.614907
epoch 100, training accuracy 0.629193
epoch 110, training accuracy 0.638509
epoch 120, training accuracy 0.645963
epoch 130, training accuracy 0.659006
epoch 140, training accuracy 0.668323
epoch 150, training accuracy 0.676398
epoch 160, training accuracy 0.688820
epoch 170, training accuracy 0.706211
epoch 180, training accuracy 0.714286
epoch 190, training accuracy 0.721739
epoch 200, training accuracy 0.731677
epoch 210, training accuracy 0.734783
epoch 220, training accuracy 0.743478
epoch 230, training accuracy 0.749068
epoch 240, training accuracy 0.757143
epoch 250, training accuracy 0.761491
epoch 260, training accuracy 0.767702
epoch 270, training accuracy 0.772671
epoch 280, training accuracy 0.780124
epoch 290, training accuracy 0.786335
epoch 300, training accuracy 0.788820
epoch 310, training accuracy 0.792547
epoch 320, training accuracy 0.795031
epoch 330, training accuracy 0.798137
epoch 340, training accuracy 0.801242
epoch 350, training accuracy 0.807453
epoch 360, training accuracy 0.809938
epoch 370, training accuracy 0.814286
epoch 380, training accuracy 0.816770
epoch 390, training accuracy 0.820497
epoch 400, training accuracy 0.822981
epoch 410, training accuracy 0.824224
epoch 420, training accuracy 0.826087
epoch 430, training accuracy 0.827950
epoch 440, training accuracy 0.829193
epoch 450, training accuracy 0.833540
epoch 460, training accuracy 0.834783
epoch 470, training accuracy 0.836025
epoch 480, training accuracy 0.836646
epoch 490, training accuracy 0.839130
epoch 500, training accuracy 0.839752
epoch 510, training accuracy 0.841615
epoch 520, training accuracy 0.844720
epoch 530, training accuracy 0.845963
epoch 540, training accuracy 0.845963
epoch 550, training accuracy 0.847826
epoch 560, training accuracy 0.849068
epoch 570, training accuracy 0.849689
epoch 580, training accuracy 0.850932
epoch 590, training accuracy 0.852174
epoch 600, training accuracy 0.852174
epoch 610, training accuracy 0.852174
epoch 620, training accuracy 0.852795
epoch 630, training accuracy 0.854037
epoch 640, training accuracy 0.855901
epoch 650, training accuracy 0.856522
epoch 660, training accuracy 0.857764
epoch 670, training accuracy 0.860248
epoch 680, training accuracy 0.860248
epoch 690, training accuracy 0.860870
epoch 700, training accuracy 0.862112
epoch 710, training accuracy 0.862112
epoch 720, training accuracy 0.862112
epoch 730, training accuracy 0.863354
epoch 740, training accuracy 0.863975
epoch 750, training accuracy 0.863975
epoch 760, training accuracy 0.863975
epoch 770, training accuracy 0.864596
epoch 780, training accuracy 0.863975
epoch 790, training accuracy 0.863975
epoch 800, training accuracy 0.863354
epoch 810, training accuracy 0.863354
epoch 820, training accuracy 0.863975
epoch 830, training accuracy 0.865217
epoch 840, training accuracy 0.866460
epoch 850, training accuracy 0.867702
epoch 860, training accuracy 0.868944
epoch 870, training accuracy 0.870186
epoch 880, training accuracy 0.870807
epoch 890, training accuracy 0.872050
epoch 900, training accuracy 0.873292
epoch 910, training accuracy 0.873913
epoch 920, training accuracy 0.873913
epoch 930, training accuracy 0.874534
epoch 940, training accuracy 0.875155
epoch 950, training accuracy 0.875776
epoch 960, training accuracy 0.875155
epoch 970, training accuracy 0.875155
epoch 980, training accuracy 0.876397
epoch 990, training accuracy 0.877019
epoch 1000, training accuracy 0.877019
epoch 1010, training accuracy 0.877019
epoch 1020, training accuracy 0.877019
epoch 1030, training accuracy 0.877640
epoch 1040, training accuracy 0.879503
epoch 1050, training accuracy 0.880745
epoch 1060, training accuracy 0.881988
epoch 1070, training accuracy 0.883230
epoch 1080, training accuracy 0.884472
epoch 1090, training accuracy 0.885093
epoch 1100, training accuracy 0.885714
epoch 1110, training accuracy 0.886957
epoch 1120, training accuracy 0.887578
epoch 1130, training accuracy 0.888199
epoch 1140, training accuracy 0.888820
epoch 1150, training accuracy 0.889441
epoch 1160, training accuracy 0.890062
epoch 1170, training accuracy 0.890683
epoch 1180, training accuracy 0.891304
epoch 1190, training accuracy 0.890062
epoch 1200, training accuracy 0.890683
epoch 1210, training accuracy 0.891304
epoch 1220, training accuracy 0.890683
epoch 1230, training accuracy 0.890683
epoch 1240, training accuracy 0.890683
epoch 1250, training accuracy 0.890683
epoch 1260, training accuracy 0.890683
epoch 1270, training accuracy 0.890062
epoch 1280, training accuracy 0.890062
epoch 1290, training accuracy 0.890683
epoch 1300, training accuracy 0.891304
epoch 1310, training accuracy 0.891304
epoch 1320, training accuracy 0.892547
epoch 1330, training accuracy 0.893789
epoch 1340, training accuracy 0.893789
epoch 1350, training accuracy 0.893789
epoch 1360, training accuracy 0.893789
epoch 1370, training accuracy 0.895031
epoch 1380, training accuracy 0.896894
epoch 1390, training accuracy 0.898137
epoch 1400, training accuracy 0.899379
epoch 1410, training accuracy 0.900000
epoch 1420, training accuracy 0.901242
epoch 1430, training accuracy 0.901242
epoch 1440, training accuracy 0.902484
epoch 1450, training accuracy 0.903106
epoch 1460, training accuracy 0.903106
epoch 1470, training accuracy 0.904348
epoch 1480, training accuracy 0.904969
epoch 1490, training accuracy 0.906211
epoch 1500, training accuracy 0.907453
epoch 1510, training accuracy 0.908696
epoch 1520, training accuracy 0.909317
epoch 1530, training accuracy 0.909938
epoch 1540, training accuracy 0.910559
epoch 1550, training accuracy 0.910559
epoch 1560, training accuracy 0.910559
epoch 1570, training accuracy 0.910559
epoch 1580, training accuracy 0.911180
epoch 1590, training accuracy 0.912422
epoch 1600, training accuracy 0.913043
epoch 1610, training accuracy 0.913043
epoch 1620, training accuracy 0.913665
epoch 1630, training accuracy 0.913665
epoch 1640, training accuracy 0.913665
epoch 1650, training accuracy 0.913043
epoch 1660, training accuracy 0.913665
epoch 1670, training accuracy 0.913665
epoch 1680, training accuracy 0.913665
epoch 1690, training accuracy 0.914286
epoch 1700, training accuracy 0.914286
epoch 1710, training accuracy 0.914907
epoch 1720, training accuracy 0.915528
epoch 1730, training accuracy 0.915528
epoch 1740, training accuracy 0.915528
epoch 1750, training accuracy 0.915528
epoch 1760, training accuracy 0.916149
epoch 1770, training accuracy 0.916149
epoch 1780, training accuracy 0.916149
epoch 1790, training accuracy 0.916770
epoch 1800, training accuracy 0.916770
epoch 1810, training accuracy 0.916770
epoch 1820, training accuracy 0.917391
epoch 1830, training accuracy 0.917391
epoch 1840, training accuracy 0.917391
epoch 1850, training accuracy 0.918634
epoch 1860, training accuracy 0.918634
epoch 1870, training accuracy 0.919255
epoch 1880, training accuracy 0.920497
epoch 1890, training accuracy 0.920497
epoch 1900, training accuracy 0.920497
epoch 1910, training accuracy 0.920497
epoch 1920, training accuracy 0.920497
epoch 1930, training accuracy 0.920497
epoch 1940, training accuracy 0.920497
epoch 1950, training accuracy 0.921118
epoch 1960, training accuracy 0.921739
epoch 1970, training accuracy 0.921739
epoch 1980, training accuracy 0.921739
epoch 1990, training accuracy 0.921739
epoch 2000, training accuracy 0.921739
epoch 2010, training accuracy 0.921739
epoch 2020, training accuracy 0.921739
epoch 2030, training accuracy 0.921739
epoch 2040, training accuracy 0.922360
epoch 2050, training accuracy 0.922360
epoch 2060, training accuracy 0.922360
epoch 2070, training accuracy 0.922360
epoch 2080, training accuracy 0.922360
epoch 2090, training accuracy 0.922360
epoch 2100, training accuracy 0.921739
epoch 2110, training accuracy 0.921739
epoch 2120, training accuracy 0.922981
epoch 2130, training accuracy 0.922981
epoch 2140, training accuracy 0.922981
epoch 2150, training accuracy 0.922981
epoch 2160, training accuracy 0.923602
epoch 2170, training accuracy 0.923602
epoch 2180, training accuracy 0.924845
epoch 2190, training accuracy 0.924845
epoch 2200, training accuracy 0.926087
epoch 2210, training accuracy 0.926087
epoch 2220, training accuracy 0.926708
epoch 2230, training accuracy 0.926708
epoch 2240, training accuracy 0.927950
epoch 2250, training accuracy 0.927950
epoch 2260, training accuracy 0.927950
epoch 2270, training accuracy 0.927950
epoch 2280, training accuracy 0.927950
epoch 2290, training accuracy 0.927950
epoch 2300, training accuracy 0.927950
epoch 2310, training accuracy 0.928571
epoch 2320, training accuracy 0.929193
epoch 2330, training accuracy 0.929193
epoch 2340, training accuracy 0.929193
epoch 2350, training accuracy 0.929193
epoch 2360, training accuracy 0.930435
epoch 2370, training accuracy 0.930435
epoch 2380, training accuracy 0.929814
epoch 2390, training accuracy 0.929814
epoch 2400, training accuracy 0.929193
epoch 2410, training accuracy 0.929193
epoch 2420, training accuracy 0.929193
epoch 2430, training accuracy 0.929193
epoch 2440, training accuracy 0.929193
epoch 2450, training accuracy 0.929193
epoch 2460, training accuracy 0.929193
epoch 2470, training accuracy 0.929193
epoch 2480, training accuracy 0.929814
epoch 2490, training accuracy 0.929814
epoch 2500, training accuracy 0.929814
epoch 2510, training accuracy 0.929814
epoch 2520, training accuracy 0.929814
epoch 2530, training accuracy 0.929814
epoch 2540, training accuracy 0.929814
epoch 2550, training accuracy 0.929814
epoch 2560, training accuracy 0.929814
epoch 2570, training accuracy 0.930435
epoch 2580, training accuracy 0.930435
epoch 2590, training accuracy 0.930435
epoch 2600, training accuracy 0.931056
epoch 2610, training accuracy 0.931056
epoch 2620, training accuracy 0.931056
epoch 2630, training accuracy 0.931056
epoch 2640, training accuracy 0.931056
epoch 2650, training accuracy 0.931056
epoch 2660, training accuracy 0.931056
epoch 2670, training accuracy 0.931056
epoch 2680, training accuracy 0.931056
epoch 2690, training accuracy 0.931056
epoch 2700, training accuracy 0.931056
epoch 2710, training accuracy 0.931056
epoch 2720, training accuracy 0.931056
epoch 2730, training accuracy 0.931677
epoch 2740, training accuracy 0.932298
epoch 2750, training accuracy 0.932298
epoch 2760, training accuracy 0.932298
epoch 2770, training accuracy 0.932298
epoch 2780, training accuracy 0.932298
epoch 2790, training accuracy 0.932298
epoch 2800, training accuracy 0.932298
epoch 2810, training accuracy 0.932298
epoch 2820, training accuracy 0.932298
epoch 2830, training accuracy 0.932919
epoch 2840, training accuracy 0.932919
epoch 2850, training accuracy 0.932919
epoch 2860, training accuracy 0.932919
epoch 2870, training accuracy 0.933540
epoch 2880, training accuracy 0.933540
epoch 2890, training accuracy 0.933540
epoch 2900, training accuracy 0.933540
epoch 2910, training accuracy 0.933540
epoch 2920, training accuracy 0.934783
epoch 2930, training accuracy 0.934783
epoch 2940, training accuracy 0.934783
epoch 2950, training accuracy 0.934783
epoch 2960, training accuracy 0.934783
epoch 2970, training accuracy 0.935404
epoch 2980, training accuracy 0.935404
epoch 2990, training accuracy 0.935404
epoch 3000, training accuracy 0.935404
/tmp/compete_complete_validate.py loaded, containing 388 entries, class distribution: [194 194]
correct: [140, 145]
incorrect: [5, 3]
accuracy: [0.9655172413793104, 0.9797297297297297]
unclassified: [49, 46]
total accuracy: [0.7216494845360825, 0.7474226804123711]
Sun Oct 22 19:38:49 CEST 2017 finished, res_training/eng/compete_complete
