Mon Oct 23 02:50:14 CEST 2017 create_training_files
/tmp/while_whole
24010 lines
20524 while
3524 whole
/tmp/while_whole_training
19208 lines
16402 while
2837 whole
/tmp/while_whole_validate
4802 lines
4122 while
687 whole
generate /tmp/while_whole_training.py, /tmp/while_whole_validate.py
:compileJava UP-TO-DATE
:processResources UP-TO-DATE
:classes UP-TO-DATE
:createNGramDatabase
Reading /tmp/while_whole_training
Tokenizing
undersampling to 2864
/tmp/while_whole_training.pycreated
Reading /tmp/while_whole_validate
Tokenizing
undersampling to 692
/tmp/while_whole_validate.pycreated

BUILD SUCCESSFUL

Total time: 7.092 secs

This build could be faster, please consider using the Gradle Daemon: https://docs.gradle.org/2.10/userguide/gradle_daemon.html
Mon Oct 23 02:50:26 CEST 2017 create_classifier
{'num_inputs': 4, 'embedding_path': 'res_training/eng/embedding/final_embeddings.txt', 'batch_size': 1000, 'dictionary_path': 'res_training/eng/embedding/dictionary.txt', 'self': <__main__.NeuralNetwork object at 0x2b3dcc6d5a58>, 'epochs': 3000, 'training_data_file': '/tmp/while_whole_training.py', 'use_flex_hidden_layer': False, 'num_outputs': 2}
embedding shape (42122, 64)
/tmp/while_whole_training.py loaded, containing 5728 entries, class distribution: [2864 2864]
Steps: 15000, 5 steps in 3000 epochs
epoch 0, training accuracy 0.650489
epoch 10, training accuracy 0.721543
epoch 20, training accuracy 0.777409
epoch 30, training accuracy 0.823848
epoch 40, training accuracy 0.852654
epoch 50, training accuracy 0.872905
epoch 60, training accuracy 0.889316
epoch 70, training accuracy 0.901187
epoch 80, training accuracy 0.909218
epoch 90, training accuracy 0.917249
epoch 100, training accuracy 0.924057
epoch 110, training accuracy 0.928073
epoch 120, training accuracy 0.931041
epoch 130, training accuracy 0.934707
epoch 140, training accuracy 0.937325
epoch 150, training accuracy 0.939246
epoch 160, training accuracy 0.941341
epoch 170, training accuracy 0.942563
epoch 180, training accuracy 0.943959
epoch 190, training accuracy 0.945356
epoch 200, training accuracy 0.946578
epoch 210, training accuracy 0.947277
epoch 220, training accuracy 0.948499
epoch 230, training accuracy 0.949895
epoch 240, training accuracy 0.950594
epoch 250, training accuracy 0.950768
epoch 260, training accuracy 0.951117
epoch 270, training accuracy 0.952339
epoch 280, training accuracy 0.952863
epoch 290, training accuracy 0.954085
epoch 300, training accuracy 0.954434
epoch 310, training accuracy 0.954958
epoch 320, training accuracy 0.955482
epoch 330, training accuracy 0.955831
epoch 340, training accuracy 0.956180
epoch 350, training accuracy 0.956529
epoch 360, training accuracy 0.956529
epoch 370, training accuracy 0.956704
epoch 380, training accuracy 0.957053
epoch 390, training accuracy 0.957402
epoch 400, training accuracy 0.958624
epoch 410, training accuracy 0.958624
epoch 420, training accuracy 0.959148
epoch 430, training accuracy 0.959148
epoch 440, training accuracy 0.959846
epoch 450, training accuracy 0.959846
epoch 460, training accuracy 0.959846
epoch 470, training accuracy 0.960021
epoch 480, training accuracy 0.960370
epoch 490, training accuracy 0.960719
epoch 500, training accuracy 0.961767
epoch 510, training accuracy 0.962116
epoch 520, training accuracy 0.961941
epoch 530, training accuracy 0.962291
epoch 540, training accuracy 0.963163
epoch 550, training accuracy 0.964036
epoch 560, training accuracy 0.964385
epoch 570, training accuracy 0.964560
epoch 580, training accuracy 0.964735
epoch 590, training accuracy 0.964909
epoch 600, training accuracy 0.965084
epoch 610, training accuracy 0.966306
epoch 620, training accuracy 0.966306
epoch 630, training accuracy 0.966655
epoch 640, training accuracy 0.966830
epoch 650, training accuracy 0.967353
epoch 660, training accuracy 0.967353
epoch 670, training accuracy 0.967703
epoch 680, training accuracy 0.968401
epoch 690, training accuracy 0.968925
epoch 700, training accuracy 0.968925
epoch 710, training accuracy 0.969099
epoch 720, training accuracy 0.969623
epoch 730, training accuracy 0.969623
epoch 740, training accuracy 0.970845
epoch 750, training accuracy 0.971194
epoch 760, training accuracy 0.971543
epoch 770, training accuracy 0.972242
epoch 780, training accuracy 0.972416
epoch 790, training accuracy 0.972765
epoch 800, training accuracy 0.972765
epoch 810, training accuracy 0.972765
epoch 820, training accuracy 0.973464
epoch 830, training accuracy 0.973813
epoch 840, training accuracy 0.973987
epoch 850, training accuracy 0.974337
epoch 860, training accuracy 0.974337
epoch 870, training accuracy 0.974337
epoch 880, training accuracy 0.974337
epoch 890, training accuracy 0.974860
epoch 900, training accuracy 0.975035
epoch 910, training accuracy 0.975384
epoch 920, training accuracy 0.975384
epoch 930, training accuracy 0.975384
epoch 940, training accuracy 0.975559
epoch 950, training accuracy 0.975733
epoch 960, training accuracy 0.975908
epoch 970, training accuracy 0.975908
epoch 980, training accuracy 0.976082
epoch 990, training accuracy 0.976432
epoch 1000, training accuracy 0.976432
epoch 1010, training accuracy 0.976432
epoch 1020, training accuracy 0.976432
epoch 1030, training accuracy 0.976432
epoch 1040, training accuracy 0.976781
epoch 1050, training accuracy 0.976955
epoch 1060, training accuracy 0.976955
epoch 1070, training accuracy 0.976955
epoch 1080, training accuracy 0.976955
epoch 1090, training accuracy 0.977304
epoch 1100, training accuracy 0.977304
epoch 1110, training accuracy 0.977828
epoch 1120, training accuracy 0.977828
epoch 1130, training accuracy 0.977828
epoch 1140, training accuracy 0.978003
epoch 1150, training accuracy 0.978003
epoch 1160, training accuracy 0.978177
epoch 1170, training accuracy 0.978177
epoch 1180, training accuracy 0.978003
epoch 1190, training accuracy 0.978177
epoch 1200, training accuracy 0.978177
epoch 1210, training accuracy 0.978177
epoch 1220, training accuracy 0.978527
epoch 1230, training accuracy 0.978527
epoch 1240, training accuracy 0.978701
epoch 1250, training accuracy 0.978876
epoch 1260, training accuracy 0.978527
epoch 1270, training accuracy 0.978527
epoch 1280, training accuracy 0.978527
epoch 1290, training accuracy 0.978527
epoch 1300, training accuracy 0.978527
epoch 1310, training accuracy 0.978701
epoch 1320, training accuracy 0.978876
epoch 1330, training accuracy 0.978876
epoch 1340, training accuracy 0.979225
epoch 1350, training accuracy 0.979225
epoch 1360, training accuracy 0.979050
epoch 1370, training accuracy 0.979225
epoch 1380, training accuracy 0.979225
epoch 1390, training accuracy 0.979574
epoch 1400, training accuracy 0.979574
epoch 1410, training accuracy 0.979399
epoch 1420, training accuracy 0.979399
epoch 1430, training accuracy 0.979399
epoch 1440, training accuracy 0.979399
epoch 1450, training accuracy 0.979399
epoch 1460, training accuracy 0.979225
epoch 1470, training accuracy 0.979225
epoch 1480, training accuracy 0.979574
epoch 1490, training accuracy 0.979574
epoch 1500, training accuracy 0.979923
epoch 1510, training accuracy 0.979923
epoch 1520, training accuracy 0.979923
epoch 1530, training accuracy 0.979923
epoch 1540, training accuracy 0.979923
epoch 1550, training accuracy 0.979923
epoch 1560, training accuracy 0.980098
epoch 1570, training accuracy 0.980098
epoch 1580, training accuracy 0.980098
epoch 1590, training accuracy 0.980272
epoch 1600, training accuracy 0.980272
epoch 1610, training accuracy 0.980272
epoch 1620, training accuracy 0.980447
epoch 1630, training accuracy 0.980796
epoch 1640, training accuracy 0.980796
epoch 1650, training accuracy 0.981145
epoch 1660, training accuracy 0.981145
epoch 1670, training accuracy 0.981320
epoch 1680, training accuracy 0.981320
epoch 1690, training accuracy 0.981494
epoch 1700, training accuracy 0.981320
epoch 1710, training accuracy 0.981494
epoch 1720, training accuracy 0.981669
epoch 1730, training accuracy 0.981669
epoch 1740, training accuracy 0.981669
epoch 1750, training accuracy 0.981669
epoch 1760, training accuracy 0.981669
epoch 1770, training accuracy 0.981844
epoch 1780, training accuracy 0.982367
epoch 1790, training accuracy 0.982193
epoch 1800, training accuracy 0.982367
epoch 1810, training accuracy 0.982367
epoch 1820, training accuracy 0.982367
epoch 1830, training accuracy 0.982367
epoch 1840, training accuracy 0.982542
epoch 1850, training accuracy 0.982542
epoch 1860, training accuracy 0.982542
epoch 1870, training accuracy 0.982717
epoch 1880, training accuracy 0.982717
epoch 1890, training accuracy 0.982717
epoch 1900, training accuracy 0.982717
epoch 1910, training accuracy 0.982717
epoch 1920, training accuracy 0.982891
epoch 1930, training accuracy 0.983066
epoch 1940, training accuracy 0.983240
epoch 1950, training accuracy 0.983240
epoch 1960, training accuracy 0.983415
epoch 1970, training accuracy 0.983415
epoch 1980, training accuracy 0.983415
epoch 1990, training accuracy 0.983415
epoch 2000, training accuracy 0.983415
epoch 2010, training accuracy 0.983415
epoch 2020, training accuracy 0.983415
epoch 2030, training accuracy 0.983589
epoch 2040, training accuracy 0.983589
epoch 2050, training accuracy 0.983764
epoch 2060, training accuracy 0.983589
epoch 2070, training accuracy 0.983589
epoch 2080, training accuracy 0.983764
epoch 2090, training accuracy 0.983589
epoch 2100, training accuracy 0.983764
epoch 2110, training accuracy 0.983939
epoch 2120, training accuracy 0.983764
epoch 2130, training accuracy 0.983939
epoch 2140, training accuracy 0.983939
epoch 2150, training accuracy 0.983764
epoch 2160, training accuracy 0.983939
epoch 2170, training accuracy 0.983939
epoch 2180, training accuracy 0.984113
epoch 2190, training accuracy 0.984113
epoch 2200, training accuracy 0.984113
epoch 2210, training accuracy 0.984288
epoch 2220, training accuracy 0.984288
epoch 2230, training accuracy 0.984288
epoch 2240, training accuracy 0.983939
epoch 2250, training accuracy 0.983764
epoch 2260, training accuracy 0.983764
epoch 2270, training accuracy 0.983764
epoch 2280, training accuracy 0.983764
epoch 2290, training accuracy 0.983764
epoch 2300, training accuracy 0.983764
epoch 2310, training accuracy 0.983764
epoch 2320, training accuracy 0.983764
epoch 2330, training accuracy 0.983764
epoch 2340, training accuracy 0.983939
epoch 2350, training accuracy 0.983939
epoch 2360, training accuracy 0.983939
epoch 2370, training accuracy 0.983939
epoch 2380, training accuracy 0.983939
epoch 2390, training accuracy 0.983939
epoch 2400, training accuracy 0.984113
epoch 2410, training accuracy 0.984113
epoch 2420, training accuracy 0.984113
epoch 2430, training accuracy 0.984113
epoch 2440, training accuracy 0.984113
epoch 2450, training accuracy 0.984113
epoch 2460, training accuracy 0.984288
epoch 2470, training accuracy 0.984288
epoch 2480, training accuracy 0.984288
epoch 2490, training accuracy 0.984288
epoch 2500, training accuracy 0.984288
epoch 2510, training accuracy 0.984288
epoch 2520, training accuracy 0.984288
epoch 2530, training accuracy 0.984288
epoch 2540, training accuracy 0.984113
epoch 2550, training accuracy 0.984113
epoch 2560, training accuracy 0.984113
epoch 2570, training accuracy 0.984113
epoch 2580, training accuracy 0.984113
epoch 2590, training accuracy 0.984113
epoch 2600, training accuracy 0.984288
epoch 2610, training accuracy 0.984288
epoch 2620, training accuracy 0.984288
epoch 2630, training accuracy 0.984288
epoch 2640, training accuracy 0.984288
epoch 2650, training accuracy 0.984462
epoch 2660, training accuracy 0.984462
epoch 2670, training accuracy 0.984462
epoch 2680, training accuracy 0.984462
epoch 2690, training accuracy 0.984288
epoch 2700, training accuracy 0.984288
epoch 2710, training accuracy 0.984462
epoch 2720, training accuracy 0.984462
epoch 2730, training accuracy 0.984462
epoch 2740, training accuracy 0.984637
epoch 2750, training accuracy 0.984637
epoch 2760, training accuracy 0.984637
epoch 2770, training accuracy 0.984637
epoch 2780, training accuracy 0.984637
epoch 2790, training accuracy 0.984637
epoch 2800, training accuracy 0.984637
epoch 2810, training accuracy 0.984637
epoch 2820, training accuracy 0.984637
epoch 2830, training accuracy 0.984637
epoch 2840, training accuracy 0.984637
epoch 2850, training accuracy 0.984811
epoch 2860, training accuracy 0.984986
epoch 2870, training accuracy 0.984986
epoch 2880, training accuracy 0.985161
epoch 2890, training accuracy 0.985161
epoch 2900, training accuracy 0.985161
epoch 2910, training accuracy 0.985335
epoch 2920, training accuracy 0.985335
epoch 2930, training accuracy 0.985335
epoch 2940, training accuracy 0.985335
epoch 2950, training accuracy 0.985335
epoch 2960, training accuracy 0.985335
epoch 2970, training accuracy 0.985335
epoch 2980, training accuracy 0.985335
epoch 2990, training accuracy 0.985335
epoch 3000, training accuracy 0.985335
/tmp/while_whole_validate.py loaded, containing 1384 entries, class distribution: [692 692]
correct: [657, 666]
incorrect: [7, 7]
accuracy: [0.9894578313253012, 0.9895988112927192]
unclassified: [28, 19]
total accuracy: [0.9494219653179191, 0.9624277456647399]
Mon Oct 23 02:51:31 CEST 2017 finished, res_training/eng/while_whole
