Sun Oct 22 23:59:44 CEST 2017 create_training_files
/tmp/rigor_vigor
2364 lines
723 rigor
1643 vigor
/tmp/rigor_vigor_training
1892 lines
582 rigor
1312 vigor
/tmp/rigor_vigor_validate
472 lines
141 rigor
331 vigor
generate /tmp/rigor_vigor_training.py, /tmp/rigor_vigor_validate.py
:compileJava UP-TO-DATE
:processResources UP-TO-DATE
:classes UP-TO-DATE
:createNGramDatabase
Reading /tmp/rigor_vigor_training
Tokenizing
undersampling to 590
/tmp/rigor_vigor_training.pycreated
Reading /tmp/rigor_vigor_validate
Tokenizing
undersampling to 144
/tmp/rigor_vigor_validate.pycreated

BUILD SUCCESSFUL

Total time: 4.765 secs

This build could be faster, please consider using the Gradle Daemon: https://docs.gradle.org/2.10/userguide/gradle_daemon.html
Sun Oct 22 23:59:55 CEST 2017 create_classifier
{'use_flex_hidden_layer': False, 'embedding_path': 'res_training/por/embedding/final_embeddings.txt', 'num_outputs': 2, 'training_data_file': '/tmp/rigor_vigor_training.py', 'num_inputs': 4, 'epochs': 3000, 'self': <__main__.NeuralNetwork object at 0x2b8b090b3a58>, 'dictionary_path': 'res_training/por/embedding/dictionary.txt', 'batch_size': 1000}
embedding shape (44676, 64)
/tmp/rigor_vigor_training.py loaded, containing 1180 entries, class distribution: [590 590]
Steps: 3000, 1 steps in 3000 epochs
epoch 0, training accuracy 0.563559
epoch 10, training accuracy 0.591525
epoch 20, training accuracy 0.612712
epoch 30, training accuracy 0.650000
epoch 40, training accuracy 0.670339
epoch 50, training accuracy 0.690678
epoch 60, training accuracy 0.709322
epoch 70, training accuracy 0.733051
epoch 80, training accuracy 0.750847
epoch 90, training accuracy 0.769492
epoch 100, training accuracy 0.777119
epoch 110, training accuracy 0.787288
epoch 120, training accuracy 0.799153
epoch 130, training accuracy 0.807627
epoch 140, training accuracy 0.822881
epoch 150, training accuracy 0.831356
epoch 160, training accuracy 0.837288
epoch 170, training accuracy 0.850000
epoch 180, training accuracy 0.855932
epoch 190, training accuracy 0.862712
epoch 200, training accuracy 0.866949
epoch 210, training accuracy 0.876271
epoch 220, training accuracy 0.885593
epoch 230, training accuracy 0.891525
epoch 240, training accuracy 0.894068
epoch 250, training accuracy 0.894915
epoch 260, training accuracy 0.897458
epoch 270, training accuracy 0.902542
epoch 280, training accuracy 0.905085
epoch 290, training accuracy 0.909322
epoch 300, training accuracy 0.910169
epoch 310, training accuracy 0.913559
epoch 320, training accuracy 0.918644
epoch 330, training accuracy 0.919492
epoch 340, training accuracy 0.922034
epoch 350, training accuracy 0.922881
epoch 360, training accuracy 0.926271
epoch 370, training accuracy 0.929661
epoch 380, training accuracy 0.930508
epoch 390, training accuracy 0.932203
epoch 400, training accuracy 0.935593
epoch 410, training accuracy 0.937288
epoch 420, training accuracy 0.938983
epoch 430, training accuracy 0.939830
epoch 440, training accuracy 0.939830
epoch 450, training accuracy 0.941525
epoch 460, training accuracy 0.942373
epoch 470, training accuracy 0.943220
epoch 480, training accuracy 0.944068
epoch 490, training accuracy 0.944068
epoch 500, training accuracy 0.944915
epoch 510, training accuracy 0.944915
epoch 520, training accuracy 0.944915
epoch 530, training accuracy 0.945763
epoch 540, training accuracy 0.949153
epoch 550, training accuracy 0.949153
epoch 560, training accuracy 0.950000
epoch 570, training accuracy 0.949153
epoch 580, training accuracy 0.949153
epoch 590, training accuracy 0.949153
epoch 600, training accuracy 0.949153
epoch 610, training accuracy 0.949153
epoch 620, training accuracy 0.949153
epoch 630, training accuracy 0.950000
epoch 640, training accuracy 0.950000
epoch 650, training accuracy 0.950000
epoch 660, training accuracy 0.950847
epoch 670, training accuracy 0.951695
epoch 680, training accuracy 0.952542
epoch 690, training accuracy 0.952542
epoch 700, training accuracy 0.952542
epoch 710, training accuracy 0.952542
epoch 720, training accuracy 0.953390
epoch 730, training accuracy 0.953390
epoch 740, training accuracy 0.953390
epoch 750, training accuracy 0.953390
epoch 760, training accuracy 0.954237
epoch 770, training accuracy 0.954237
epoch 780, training accuracy 0.954237
epoch 790, training accuracy 0.954237
epoch 800, training accuracy 0.954237
epoch 810, training accuracy 0.954237
epoch 820, training accuracy 0.955085
epoch 830, training accuracy 0.955085
epoch 840, training accuracy 0.955085
epoch 850, training accuracy 0.955085
epoch 860, training accuracy 0.955085
epoch 870, training accuracy 0.955085
epoch 880, training accuracy 0.955085
epoch 890, training accuracy 0.955085
epoch 900, training accuracy 0.955085
epoch 910, training accuracy 0.955085
epoch 920, training accuracy 0.955085
epoch 930, training accuracy 0.955085
epoch 940, training accuracy 0.955085
epoch 950, training accuracy 0.955085
epoch 960, training accuracy 0.955085
epoch 970, training accuracy 0.955085
epoch 980, training accuracy 0.955085
epoch 990, training accuracy 0.955085
epoch 1000, training accuracy 0.955085
epoch 1010, training accuracy 0.955085
epoch 1020, training accuracy 0.955085
epoch 1030, training accuracy 0.955085
epoch 1040, training accuracy 0.955085
epoch 1050, training accuracy 0.955085
epoch 1060, training accuracy 0.955085
epoch 1070, training accuracy 0.955085
epoch 1080, training accuracy 0.955085
epoch 1090, training accuracy 0.955085
epoch 1100, training accuracy 0.955085
epoch 1110, training accuracy 0.955085
epoch 1120, training accuracy 0.955085
epoch 1130, training accuracy 0.955085
epoch 1140, training accuracy 0.955085
epoch 1150, training accuracy 0.955085
epoch 1160, training accuracy 0.955085
epoch 1170, training accuracy 0.955085
epoch 1180, training accuracy 0.955085
epoch 1190, training accuracy 0.955085
epoch 1200, training accuracy 0.956780
epoch 1210, training accuracy 0.956780
epoch 1220, training accuracy 0.956780
epoch 1230, training accuracy 0.956780
epoch 1240, training accuracy 0.956780
epoch 1250, training accuracy 0.956780
epoch 1260, training accuracy 0.956780
epoch 1270, training accuracy 0.956780
epoch 1280, training accuracy 0.956780
epoch 1290, training accuracy 0.956780
epoch 1300, training accuracy 0.956780
epoch 1310, training accuracy 0.956780
epoch 1320, training accuracy 0.956780
epoch 1330, training accuracy 0.956780
epoch 1340, training accuracy 0.956780
epoch 1350, training accuracy 0.956780
epoch 1360, training accuracy 0.956780
epoch 1370, training accuracy 0.956780
epoch 1380, training accuracy 0.956780
epoch 1390, training accuracy 0.956780
epoch 1400, training accuracy 0.956780
epoch 1410, training accuracy 0.956780
epoch 1420, training accuracy 0.956780
epoch 1430, training accuracy 0.956780
epoch 1440, training accuracy 0.956780
epoch 1450, training accuracy 0.956780
epoch 1460, training accuracy 0.956780
epoch 1470, training accuracy 0.956780
epoch 1480, training accuracy 0.956780
epoch 1490, training accuracy 0.956780
epoch 1500, training accuracy 0.956780
epoch 1510, training accuracy 0.956780
epoch 1520, training accuracy 0.956780
epoch 1530, training accuracy 0.956780
epoch 1540, training accuracy 0.956780
epoch 1550, training accuracy 0.956780
epoch 1560, training accuracy 0.956780
epoch 1570, training accuracy 0.956780
epoch 1580, training accuracy 0.956780
epoch 1590, training accuracy 0.956780
epoch 1600, training accuracy 0.956780
epoch 1610, training accuracy 0.956780
epoch 1620, training accuracy 0.956780
epoch 1630, training accuracy 0.956780
epoch 1640, training accuracy 0.956780
epoch 1650, training accuracy 0.956780
epoch 1660, training accuracy 0.956780
epoch 1670, training accuracy 0.956780
epoch 1680, training accuracy 0.956780
epoch 1690, training accuracy 0.956780
epoch 1700, training accuracy 0.956780
epoch 1710, training accuracy 0.956780
epoch 1720, training accuracy 0.956780
epoch 1730, training accuracy 0.956780
epoch 1740, training accuracy 0.956780
epoch 1750, training accuracy 0.956780
epoch 1760, training accuracy 0.956780
epoch 1770, training accuracy 0.956780
epoch 1780, training accuracy 0.956780
epoch 1790, training accuracy 0.956780
epoch 1800, training accuracy 0.956780
epoch 1810, training accuracy 0.956780
epoch 1820, training accuracy 0.956780
epoch 1830, training accuracy 0.956780
epoch 1840, training accuracy 0.956780
epoch 1850, training accuracy 0.956780
epoch 1860, training accuracy 0.956780
epoch 1870, training accuracy 0.956780
epoch 1880, training accuracy 0.956780
epoch 1890, training accuracy 0.956780
epoch 1900, training accuracy 0.956780
epoch 1910, training accuracy 0.956780
epoch 1920, training accuracy 0.956780
epoch 1930, training accuracy 0.956780
epoch 1940, training accuracy 0.956780
epoch 1950, training accuracy 0.956780
epoch 1960, training accuracy 0.956780
epoch 1970, training accuracy 0.956780
epoch 1980, training accuracy 0.956780
epoch 1990, training accuracy 0.956780
epoch 2000, training accuracy 0.956780
epoch 2010, training accuracy 0.956780
epoch 2020, training accuracy 0.956780
epoch 2030, training accuracy 0.956780
epoch 2040, training accuracy 0.956780
epoch 2050, training accuracy 0.956780
epoch 2060, training accuracy 0.956780
epoch 2070, training accuracy 0.956780
epoch 2080, training accuracy 0.956780
epoch 2090, training accuracy 0.956780
epoch 2100, training accuracy 0.956780
epoch 2110, training accuracy 0.956780
epoch 2120, training accuracy 0.956780
epoch 2130, training accuracy 0.956780
epoch 2140, training accuracy 0.956780
epoch 2150, training accuracy 0.956780
epoch 2160, training accuracy 0.956780
epoch 2170, training accuracy 0.956780
epoch 2180, training accuracy 0.956780
epoch 2190, training accuracy 0.956780
epoch 2200, training accuracy 0.956780
epoch 2210, training accuracy 0.956780
epoch 2220, training accuracy 0.956780
epoch 2230, training accuracy 0.956780
epoch 2240, training accuracy 0.956780
epoch 2250, training accuracy 0.956780
epoch 2260, training accuracy 0.956780
epoch 2270, training accuracy 0.956780
epoch 2280, training accuracy 0.956780
epoch 2290, training accuracy 0.958475
epoch 2300, training accuracy 0.958475
epoch 2310, training accuracy 0.958475
epoch 2320, training accuracy 0.958475
epoch 2330, training accuracy 0.958475
epoch 2340, training accuracy 0.958475
epoch 2350, training accuracy 0.958475
epoch 2360, training accuracy 0.958475
epoch 2370, training accuracy 0.958475
epoch 2380, training accuracy 0.958475
epoch 2390, training accuracy 0.958475
epoch 2400, training accuracy 0.958475
epoch 2410, training accuracy 0.958475
epoch 2420, training accuracy 0.958475
epoch 2430, training accuracy 0.958475
epoch 2440, training accuracy 0.958475
epoch 2450, training accuracy 0.958475
epoch 2460, training accuracy 0.958475
epoch 2470, training accuracy 0.958475
epoch 2480, training accuracy 0.959322
epoch 2490, training accuracy 0.960169
epoch 2500, training accuracy 0.960169
epoch 2510, training accuracy 0.960169
epoch 2520, training accuracy 0.960169
epoch 2530, training accuracy 0.960169
epoch 2540, training accuracy 0.960169
epoch 2550, training accuracy 0.960169
epoch 2560, training accuracy 0.960169
epoch 2570, training accuracy 0.960169
epoch 2580, training accuracy 0.960169
epoch 2590, training accuracy 0.960169
epoch 2600, training accuracy 0.960169
epoch 2610, training accuracy 0.960169
epoch 2620, training accuracy 0.960169
epoch 2630, training accuracy 0.960169
epoch 2640, training accuracy 0.960169
epoch 2650, training accuracy 0.960169
epoch 2660, training accuracy 0.960169
epoch 2670, training accuracy 0.960169
epoch 2680, training accuracy 0.960169
epoch 2690, training accuracy 0.960169
epoch 2700, training accuracy 0.960169
epoch 2710, training accuracy 0.960169
epoch 2720, training accuracy 0.960169
epoch 2730, training accuracy 0.960169
epoch 2740, training accuracy 0.960169
epoch 2750, training accuracy 0.961017
epoch 2760, training accuracy 0.961017
epoch 2770, training accuracy 0.961017
epoch 2780, training accuracy 0.961017
epoch 2790, training accuracy 0.961017
epoch 2800, training accuracy 0.961017
epoch 2810, training accuracy 0.961017
epoch 2820, training accuracy 0.961017
epoch 2830, training accuracy 0.961017
epoch 2840, training accuracy 0.961017
epoch 2850, training accuracy 0.961017
epoch 2860, training accuracy 0.961017
epoch 2870, training accuracy 0.961017
epoch 2880, training accuracy 0.961017
epoch 2890, training accuracy 0.961017
epoch 2900, training accuracy 0.961017
epoch 2910, training accuracy 0.961017
epoch 2920, training accuracy 0.961017
epoch 2930, training accuracy 0.961017
epoch 2940, training accuracy 0.961017
epoch 2950, training accuracy 0.961864
epoch 2960, training accuracy 0.961864
epoch 2970, training accuracy 0.961864
epoch 2980, training accuracy 0.962712
epoch 2990, training accuracy 0.962712
epoch 3000, training accuracy 0.962712
/tmp/rigor_vigor_validate.py loaded, containing 288 entries, class distribution: [144 144]
correct: [134, 136]
incorrect: [0, 6]
accuracy: [1.0, 0.9577464788732394]
unclassified: [10, 2]
total accuracy: [0.9305555555555556, 0.9444444444444444]
Mon Oct 23 00:00:13 CEST 2017 finished, res_training/por/rigor_vigor
