Sun Oct 22 15:45:05 CEST 2017 create_training_files
/tmp/avião_aviso
1915 lines
1067 avião
849 aviso
/tmp/avião_aviso_training
1532 lines
863 avião
670 aviso
/tmp/avião_aviso_validate
383 lines
204 avião
179 aviso
generate /tmp/avião_aviso_training.py, /tmp/avião_aviso_validate.py
:compileJava UP-TO-DATE
:processResources UP-TO-DATE
:classes UP-TO-DATE
:createNGramDatabase
Reading /tmp/avião_aviso_training
Tokenizing
undersampling to 684
/tmp/avião_aviso_training.pycreated
Reading /tmp/avião_aviso_validate
Tokenizing
undersampling to 180
/tmp/avião_aviso_validate.pycreated

BUILD SUCCESSFUL

Total time: 5.012 secs

This build could be faster, please consider using the Gradle Daemon: https://docs.gradle.org/2.10/userguide/gradle_daemon.html
Sun Oct 22 15:45:15 CEST 2017 create_classifier
{'num_inputs': 4, 'use_flex_hidden_layer': False, 'epochs': 3000, 'num_outputs': 2, 'dictionary_path': 'res_training/por/embedding/dictionary.txt', 'embedding_path': 'res_training/por/embedding/final_embeddings.txt', 'training_data_file': '/tmp/avião_aviso_training.py', 'batch_size': 1000, 'self': <__main__.NeuralNetwork object at 0x2b1c16df9a58>}
embedding shape (44676, 64)
/tmp/avião_aviso_training.py loaded, containing 1368 entries, class distribution: [684 684]
Steps: 3000, 1 steps in 3000 epochs
epoch 0, training accuracy 0.469298
epoch 10, training accuracy 0.473684
epoch 20, training accuracy 0.478070
epoch 30, training accuracy 0.486111
epoch 40, training accuracy 0.486111
epoch 50, training accuracy 0.494883
epoch 60, training accuracy 0.502924
epoch 70, training accuracy 0.510234
epoch 80, training accuracy 0.514620
epoch 90, training accuracy 0.519006
epoch 100, training accuracy 0.525585
epoch 110, training accuracy 0.543129
epoch 120, training accuracy 0.548246
epoch 130, training accuracy 0.551901
epoch 140, training accuracy 0.561404
epoch 150, training accuracy 0.600146
epoch 160, training accuracy 0.607456
epoch 170, training accuracy 0.619152
epoch 180, training accuracy 0.626462
epoch 190, training accuracy 0.632310
epoch 200, training accuracy 0.641082
epoch 210, training accuracy 0.644737
epoch 220, training accuracy 0.649854
epoch 230, training accuracy 0.658626
epoch 240, training accuracy 0.663743
epoch 250, training accuracy 0.672515
epoch 260, training accuracy 0.679825
epoch 270, training accuracy 0.685673
epoch 280, training accuracy 0.688596
epoch 290, training accuracy 0.693713
epoch 300, training accuracy 0.696637
epoch 310, training accuracy 0.703947
epoch 320, training accuracy 0.711988
epoch 330, training accuracy 0.717836
epoch 340, training accuracy 0.720029
epoch 350, training accuracy 0.727339
epoch 360, training accuracy 0.732456
epoch 370, training accuracy 0.736111
epoch 380, training accuracy 0.738304
epoch 390, training accuracy 0.744152
epoch 400, training accuracy 0.752193
epoch 410, training accuracy 0.757310
epoch 420, training accuracy 0.763889
epoch 430, training accuracy 0.768275
epoch 440, training accuracy 0.771199
epoch 450, training accuracy 0.775585
epoch 460, training accuracy 0.779971
epoch 470, training accuracy 0.783626
epoch 480, training accuracy 0.785819
epoch 490, training accuracy 0.788012
epoch 500, training accuracy 0.789474
epoch 510, training accuracy 0.793129
epoch 520, training accuracy 0.796053
epoch 530, training accuracy 0.796784
epoch 540, training accuracy 0.798246
epoch 550, training accuracy 0.797515
epoch 560, training accuracy 0.797515
epoch 570, training accuracy 0.799708
epoch 580, training accuracy 0.801170
epoch 590, training accuracy 0.802632
epoch 600, training accuracy 0.802632
epoch 610, training accuracy 0.802632
epoch 620, training accuracy 0.805556
epoch 630, training accuracy 0.808480
epoch 640, training accuracy 0.809942
epoch 650, training accuracy 0.812135
epoch 660, training accuracy 0.817982
epoch 670, training accuracy 0.818713
epoch 680, training accuracy 0.820175
epoch 690, training accuracy 0.820175
epoch 700, training accuracy 0.820906
epoch 710, training accuracy 0.825292
epoch 720, training accuracy 0.826754
epoch 730, training accuracy 0.826023
epoch 740, training accuracy 0.826023
epoch 750, training accuracy 0.827485
epoch 760, training accuracy 0.829678
epoch 770, training accuracy 0.829678
epoch 780, training accuracy 0.829678
epoch 790, training accuracy 0.829678
epoch 800, training accuracy 0.831140
epoch 810, training accuracy 0.830409
epoch 820, training accuracy 0.831140
epoch 830, training accuracy 0.831140
epoch 840, training accuracy 0.831140
epoch 850, training accuracy 0.831140
epoch 860, training accuracy 0.834064
epoch 870, training accuracy 0.836257
epoch 880, training accuracy 0.836988
epoch 890, training accuracy 0.837719
epoch 900, training accuracy 0.839181
epoch 910, training accuracy 0.840643
epoch 920, training accuracy 0.841374
epoch 930, training accuracy 0.840643
epoch 940, training accuracy 0.840643
epoch 950, training accuracy 0.842836
epoch 960, training accuracy 0.843567
epoch 970, training accuracy 0.845029
epoch 980, training accuracy 0.844298
epoch 990, training accuracy 0.842836
epoch 1000, training accuracy 0.843567
epoch 1010, training accuracy 0.843567
epoch 1020, training accuracy 0.845029
epoch 1030, training accuracy 0.845029
epoch 1040, training accuracy 0.845029
epoch 1050, training accuracy 0.845029
epoch 1060, training accuracy 0.845029
epoch 1070, training accuracy 0.845760
epoch 1080, training accuracy 0.845760
epoch 1090, training accuracy 0.845760
epoch 1100, training accuracy 0.846491
epoch 1110, training accuracy 0.846491
epoch 1120, training accuracy 0.847222
epoch 1130, training accuracy 0.847953
epoch 1140, training accuracy 0.847953
epoch 1150, training accuracy 0.847222
epoch 1160, training accuracy 0.847953
epoch 1170, training accuracy 0.849415
epoch 1180, training accuracy 0.850146
epoch 1190, training accuracy 0.849415
epoch 1200, training accuracy 0.850877
epoch 1210, training accuracy 0.850877
epoch 1220, training accuracy 0.852339
epoch 1230, training accuracy 0.853070
epoch 1240, training accuracy 0.853070
epoch 1250, training accuracy 0.853070
epoch 1260, training accuracy 0.854532
epoch 1270, training accuracy 0.855263
epoch 1280, training accuracy 0.856725
epoch 1290, training accuracy 0.857456
epoch 1300, training accuracy 0.857456
epoch 1310, training accuracy 0.856725
epoch 1320, training accuracy 0.857456
epoch 1330, training accuracy 0.857456
epoch 1340, training accuracy 0.858187
epoch 1350, training accuracy 0.858918
epoch 1360, training accuracy 0.860380
epoch 1370, training accuracy 0.859649
epoch 1380, training accuracy 0.860380
epoch 1390, training accuracy 0.860380
epoch 1400, training accuracy 0.860380
epoch 1410, training accuracy 0.860380
epoch 1420, training accuracy 0.860380
epoch 1430, training accuracy 0.860380
epoch 1440, training accuracy 0.860380
epoch 1450, training accuracy 0.861842
epoch 1460, training accuracy 0.861842
epoch 1470, training accuracy 0.862573
epoch 1480, training accuracy 0.862573
epoch 1490, training accuracy 0.863304
epoch 1500, training accuracy 0.862573
epoch 1510, training accuracy 0.863304
epoch 1520, training accuracy 0.862573
epoch 1530, training accuracy 0.864035
epoch 1540, training accuracy 0.864035
epoch 1550, training accuracy 0.864035
epoch 1560, training accuracy 0.864035
epoch 1570, training accuracy 0.866228
epoch 1580, training accuracy 0.866228
epoch 1590, training accuracy 0.866228
epoch 1600, training accuracy 0.865497
epoch 1610, training accuracy 0.866959
epoch 1620, training accuracy 0.866959
epoch 1630, training accuracy 0.866959
epoch 1640, training accuracy 0.866959
epoch 1650, training accuracy 0.867690
epoch 1660, training accuracy 0.867690
epoch 1670, training accuracy 0.866959
epoch 1680, training accuracy 0.866959
epoch 1690, training accuracy 0.866959
epoch 1700, training accuracy 0.867690
epoch 1710, training accuracy 0.868421
epoch 1720, training accuracy 0.868421
epoch 1730, training accuracy 0.868421
epoch 1740, training accuracy 0.867690
epoch 1750, training accuracy 0.867690
epoch 1760, training accuracy 0.868421
epoch 1770, training accuracy 0.868421
epoch 1780, training accuracy 0.869152
epoch 1790, training accuracy 0.868421
epoch 1800, training accuracy 0.869152
epoch 1810, training accuracy 0.869883
epoch 1820, training accuracy 0.869883
epoch 1830, training accuracy 0.869883
epoch 1840, training accuracy 0.869883
epoch 1850, training accuracy 0.869883
epoch 1860, training accuracy 0.870614
epoch 1870, training accuracy 0.872076
epoch 1880, training accuracy 0.872076
epoch 1890, training accuracy 0.872807
epoch 1900, training accuracy 0.872807
epoch 1910, training accuracy 0.872807
epoch 1920, training accuracy 0.873538
epoch 1930, training accuracy 0.873538
epoch 1940, training accuracy 0.873538
epoch 1950, training accuracy 0.873538
epoch 1960, training accuracy 0.873538
epoch 1970, training accuracy 0.873538
epoch 1980, training accuracy 0.875000
epoch 1990, training accuracy 0.875000
epoch 2000, training accuracy 0.875731
epoch 2010, training accuracy 0.877193
epoch 2020, training accuracy 0.877193
epoch 2030, training accuracy 0.877193
epoch 2040, training accuracy 0.877193
epoch 2050, training accuracy 0.877193
epoch 2060, training accuracy 0.877193
epoch 2070, training accuracy 0.877193
epoch 2080, training accuracy 0.877193
epoch 2090, training accuracy 0.877193
epoch 2100, training accuracy 0.877193
epoch 2110, training accuracy 0.877193
epoch 2120, training accuracy 0.877924
epoch 2130, training accuracy 0.877193
epoch 2140, training accuracy 0.878655
epoch 2150, training accuracy 0.878655
epoch 2160, training accuracy 0.879386
epoch 2170, training accuracy 0.879386
epoch 2180, training accuracy 0.880117
epoch 2190, training accuracy 0.880117
epoch 2200, training accuracy 0.880117
epoch 2210, training accuracy 0.880117
epoch 2220, training accuracy 0.879386
epoch 2230, training accuracy 0.880117
epoch 2240, training accuracy 0.880117
epoch 2250, training accuracy 0.880117
epoch 2260, training accuracy 0.880117
epoch 2270, training accuracy 0.880117
epoch 2280, training accuracy 0.880848
epoch 2290, training accuracy 0.880848
epoch 2300, training accuracy 0.880117
epoch 2310, training accuracy 0.880117
epoch 2320, training accuracy 0.880117
epoch 2330, training accuracy 0.880117
epoch 2340, training accuracy 0.880117
epoch 2350, training accuracy 0.880117
epoch 2360, training accuracy 0.880848
epoch 2370, training accuracy 0.880848
epoch 2380, training accuracy 0.880848
epoch 2390, training accuracy 0.881579
epoch 2400, training accuracy 0.882310
epoch 2410, training accuracy 0.882310
epoch 2420, training accuracy 0.882310
epoch 2430, training accuracy 0.883041
epoch 2440, training accuracy 0.883041
epoch 2450, training accuracy 0.883041
epoch 2460, training accuracy 0.883041
epoch 2470, training accuracy 0.883041
epoch 2480, training accuracy 0.883041
epoch 2490, training accuracy 0.883041
epoch 2500, training accuracy 0.883041
epoch 2510, training accuracy 0.883041
epoch 2520, training accuracy 0.883041
epoch 2530, training accuracy 0.883041
epoch 2540, training accuracy 0.883041
epoch 2550, training accuracy 0.883041
epoch 2560, training accuracy 0.882310
epoch 2570, training accuracy 0.882310
epoch 2580, training accuracy 0.882310
epoch 2590, training accuracy 0.882310
epoch 2600, training accuracy 0.882310
epoch 2610, training accuracy 0.882310
epoch 2620, training accuracy 0.883041
epoch 2630, training accuracy 0.883041
epoch 2640, training accuracy 0.883041
epoch 2650, training accuracy 0.883041
epoch 2660, training accuracy 0.883772
epoch 2670, training accuracy 0.883041
epoch 2680, training accuracy 0.883041
epoch 2690, training accuracy 0.883041
epoch 2700, training accuracy 0.883041
epoch 2710, training accuracy 0.883041
epoch 2720, training accuracy 0.883041
epoch 2730, training accuracy 0.883041
epoch 2740, training accuracy 0.883041
epoch 2750, training accuracy 0.883041
epoch 2760, training accuracy 0.883041
epoch 2770, training accuracy 0.883041
epoch 2780, training accuracy 0.883041
epoch 2790, training accuracy 0.883772
epoch 2800, training accuracy 0.883772
epoch 2810, training accuracy 0.883772
epoch 2820, training accuracy 0.883772
epoch 2830, training accuracy 0.883772
epoch 2840, training accuracy 0.883772
epoch 2850, training accuracy 0.883772
epoch 2860, training accuracy 0.883772
epoch 2870, training accuracy 0.883772
epoch 2880, training accuracy 0.885234
epoch 2890, training accuracy 0.885234
epoch 2900, training accuracy 0.885234
epoch 2910, training accuracy 0.885234
epoch 2920, training accuracy 0.885234
epoch 2930, training accuracy 0.885234
epoch 2940, training accuracy 0.885965
epoch 2950, training accuracy 0.885965
epoch 2960, training accuracy 0.885965
epoch 2970, training accuracy 0.885965
epoch 2980, training accuracy 0.885965
epoch 2990, training accuracy 0.886696
epoch 3000, training accuracy 0.886696
/tmp/avião_aviso_validate.py loaded, containing 360 entries, class distribution: [180 180]
correct: [114, 111]
incorrect: [6, 13]
accuracy: [0.95, 0.8951612903225806]
unclassified: [60, 56]
total accuracy: [0.6333333333333333, 0.6166666666666667]
Sun Oct 22 15:45:37 CEST 2017 finished, res_training/por/avião_aviso
