Sun Oct 22 20:35:34 CEST 2017 create_training_files
/tmp/he_the
332556 lines
157068 he
274091 the
/tmp/he_the_training
266045 lines
125755 he
219189 the
/tmp/he_the_validate
66511 lines
31313 he
54902 the
generate /tmp/he_the_training.py, /tmp/he_the_validate.py
:compileJava UP-TO-DATE
:processResources UP-TO-DATE
:classes UP-TO-DATE
:createNGramDatabase
Reading /tmp/he_the_training
Tokenizing
undersampling to 110882
/tmp/he_the_training.pycreated
Reading /tmp/he_the_validate
Tokenizing
undersampling to 27407
/tmp/he_the_validate.pycreated

BUILD SUCCESSFUL

Total time: 42.009 secs

This build could be faster, please consider using the Gradle Daemon: https://docs.gradle.org/2.10/userguide/gradle_daemon.html
Sun Oct 22 20:36:44 CEST 2017 create_classifier
{'dictionary_path': 'res_training/eng/embedding/dictionary.txt', 'epochs': 3000, 'num_inputs': 4, 'use_flex_hidden_layer': False, 'embedding_path': 'res_training/eng/embedding/final_embeddings.txt', 'batch_size': 1000, 'training_data_file': '/tmp/he_the_training.py', 'num_outputs': 2, 'self': <__main__.NeuralNetwork object at 0x2b8ae3603a58>}
embedding shape (42122, 64)
/tmp/he_the_training.py loaded, containing 221764 entries, class distribution: [110882 110882]
Steps: 663000, 221 steps in 3000 epochs
epoch 0, training accuracy 0.704790
epoch 10, training accuracy 0.966721
epoch 20, training accuracy 0.978761
epoch 30, training accuracy 0.982883
epoch 40, training accuracy 0.984781
epoch 50, training accuracy 0.985665
epoch 60, training accuracy 0.986188
epoch 70, training accuracy 0.986693
epoch 80, training accuracy 0.986982
epoch 90, training accuracy 0.987176
epoch 100, training accuracy 0.987176
epoch 110, training accuracy 0.987257
epoch 120, training accuracy 0.987347
epoch 130, training accuracy 0.987451
epoch 140, training accuracy 0.987496
epoch 150, training accuracy 0.987527
epoch 160, training accuracy 0.987563
epoch 170, training accuracy 0.987577
epoch 180, training accuracy 0.987613
epoch 190, training accuracy 0.987572
epoch 200, training accuracy 0.987581
epoch 210, training accuracy 0.987635
epoch 220, training accuracy 0.987658
epoch 230, training accuracy 0.987690
epoch 240, training accuracy 0.987667
epoch 250, training accuracy 0.987681
epoch 260, training accuracy 0.987640
epoch 270, training accuracy 0.987667
epoch 280, training accuracy 0.987685
epoch 290, training accuracy 0.987685
epoch 300, training accuracy 0.987694
epoch 310, training accuracy 0.987690
epoch 320, training accuracy 0.987672
epoch 330, training accuracy 0.987644
epoch 340, training accuracy 0.987644
epoch 350, training accuracy 0.987644
epoch 360, training accuracy 0.987644
epoch 370, training accuracy 0.987644
epoch 380, training accuracy 0.987663
epoch 390, training accuracy 0.987676
epoch 400, training accuracy 0.987676
epoch 410, training accuracy 0.987672
epoch 420, training accuracy 0.987685
epoch 430, training accuracy 0.987667
epoch 440, training accuracy 0.987672
epoch 450, training accuracy 0.987681
epoch 460, training accuracy 0.987654
epoch 470, training accuracy 0.987667
epoch 480, training accuracy 0.987690
epoch 490, training accuracy 0.987681
epoch 500, training accuracy 0.987681
epoch 510, training accuracy 0.987685
epoch 520, training accuracy 0.987703
epoch 530, training accuracy 0.987681
epoch 540, training accuracy 0.987681
epoch 550, training accuracy 0.987667
epoch 560, training accuracy 0.987667
epoch 570, training accuracy 0.987667
epoch 580, training accuracy 0.987663
epoch 590, training accuracy 0.987644
epoch 600, training accuracy 0.987667
epoch 610, training accuracy 0.987663
epoch 620, training accuracy 0.987690
epoch 630, training accuracy 0.987694
epoch 640, training accuracy 0.987690
epoch 650, training accuracy 0.987694
epoch 660, training accuracy 0.987685
epoch 670, training accuracy 0.987672
epoch 680, training accuracy 0.987658
epoch 690, training accuracy 0.987649
epoch 700, training accuracy 0.987676
epoch 710, training accuracy 0.987717
epoch 720, training accuracy 0.987703
epoch 730, training accuracy 0.987694
epoch 740, training accuracy 0.987681
epoch 750, training accuracy 0.987676
epoch 760, training accuracy 0.987708
epoch 770, training accuracy 0.987644
epoch 780, training accuracy 0.987654
epoch 790, training accuracy 0.987654
epoch 800, training accuracy 0.987649
epoch 810, training accuracy 0.987654
epoch 820, training accuracy 0.987644
epoch 830, training accuracy 0.987644
epoch 840, training accuracy 0.987672
epoch 850, training accuracy 0.987685
epoch 860, training accuracy 0.987658
epoch 870, training accuracy 0.987681
epoch 880, training accuracy 0.987681
epoch 890, training accuracy 0.987676
epoch 900, training accuracy 0.987654
epoch 910, training accuracy 0.987654
epoch 920, training accuracy 0.987685
epoch 930, training accuracy 0.987685
epoch 940, training accuracy 0.987690
epoch 950, training accuracy 0.987663
epoch 960, training accuracy 0.987644
epoch 970, training accuracy 0.987658
epoch 980, training accuracy 0.987699
epoch 990, training accuracy 0.987644
epoch 1000, training accuracy 0.987658
epoch 1010, training accuracy 0.987644
epoch 1020, training accuracy 0.987663
epoch 1030, training accuracy 0.987644
epoch 1040, training accuracy 0.987667
epoch 1050, training accuracy 0.987658
epoch 1060, training accuracy 0.987667
epoch 1070, training accuracy 0.987667
epoch 1080, training accuracy 0.987640
epoch 1090, training accuracy 0.987658
epoch 1100, training accuracy 0.987672
epoch 1110, training accuracy 0.987667
epoch 1120, training accuracy 0.987654
epoch 1130, training accuracy 0.987663
epoch 1140, training accuracy 0.987672
epoch 1150, training accuracy 0.987685
epoch 1160, training accuracy 0.987672
epoch 1170, training accuracy 0.987644
epoch 1180, training accuracy 0.987644
epoch 1190, training accuracy 0.987654
epoch 1200, training accuracy 0.987676
epoch 1210, training accuracy 0.987663
epoch 1220, training accuracy 0.987658
epoch 1230, training accuracy 0.987654
epoch 1240, training accuracy 0.987658
epoch 1250, training accuracy 0.987663
epoch 1260, training accuracy 0.987658
epoch 1270, training accuracy 0.987654
epoch 1280, training accuracy 0.987658
epoch 1290, training accuracy 0.987654
epoch 1300, training accuracy 0.987640
epoch 1310, training accuracy 0.987644
epoch 1320, training accuracy 0.987676
epoch 1330, training accuracy 0.987663
epoch 1340, training accuracy 0.987649
epoch 1350, training accuracy 0.987663
epoch 1360, training accuracy 0.987649
epoch 1370, training accuracy 0.987672
epoch 1380, training accuracy 0.987672
epoch 1390, training accuracy 0.987644
epoch 1400, training accuracy 0.987644
epoch 1410, training accuracy 0.987654
epoch 1420, training accuracy 0.987672
epoch 1430, training accuracy 0.987667
epoch 1440, training accuracy 0.987658
epoch 1450, training accuracy 0.987658
epoch 1460, training accuracy 0.987663
epoch 1470, training accuracy 0.987663
epoch 1480, training accuracy 0.987644
epoch 1490, training accuracy 0.987658
epoch 1500, training accuracy 0.987663
epoch 1510, training accuracy 0.987663
epoch 1520, training accuracy 0.987635
epoch 1530, training accuracy 0.987640
epoch 1540, training accuracy 0.987667
epoch 1550, training accuracy 0.987667
epoch 1560, training accuracy 0.987649
epoch 1570, training accuracy 0.987663
epoch 1580, training accuracy 0.987649
epoch 1590, training accuracy 0.987667
epoch 1600, training accuracy 0.987672
epoch 1610, training accuracy 0.987644
epoch 1620, training accuracy 0.987640
epoch 1630, training accuracy 0.987635
epoch 1640, training accuracy 0.987676
epoch 1650, training accuracy 0.987685
epoch 1660, training accuracy 0.987654
epoch 1670, training accuracy 0.987654
epoch 1680, training accuracy 0.987654
epoch 1690, training accuracy 0.987663
epoch 1700, training accuracy 0.987649
epoch 1710, training accuracy 0.987654
epoch 1720, training accuracy 0.987663
epoch 1730, training accuracy 0.987667
epoch 1740, training accuracy 0.987631
epoch 1750, training accuracy 0.987635
epoch 1760, training accuracy 0.987649
epoch 1770, training accuracy 0.987663
epoch 1780, training accuracy 0.987658
epoch 1790, training accuracy 0.987663
epoch 1800, training accuracy 0.987649
epoch 1810, training accuracy 0.987663
epoch 1820, training accuracy 0.987663
epoch 1830, training accuracy 0.987654
epoch 1840, training accuracy 0.987644
epoch 1850, training accuracy 0.987644
epoch 1860, training accuracy 0.987672
epoch 1870, training accuracy 0.987672
epoch 1880, training accuracy 0.987658
epoch 1890, training accuracy 0.987654
epoch 1900, training accuracy 0.987654
epoch 1910, training accuracy 0.987667
epoch 1920, training accuracy 0.987649
epoch 1930, training accuracy 0.987663
epoch 1940, training accuracy 0.987658
epoch 1950, training accuracy 0.987672
epoch 1960, training accuracy 0.987644
epoch 1970, training accuracy 0.987640
epoch 1980, training accuracy 0.987649
epoch 1990, training accuracy 0.987663
epoch 2000, training accuracy 0.987667
epoch 2010, training accuracy 0.987658
epoch 2020, training accuracy 0.987667
epoch 2030, training accuracy 0.987663
epoch 2040, training accuracy 0.987663
epoch 2050, training accuracy 0.987663
epoch 2060, training accuracy 0.987644
epoch 2070, training accuracy 0.987649
epoch 2080, training accuracy 0.987649
epoch 2090, training accuracy 0.987672
epoch 2100, training accuracy 0.987667
epoch 2110, training accuracy 0.987658
epoch 2120, training accuracy 0.987649
epoch 2130, training accuracy 0.987654
epoch 2140, training accuracy 0.987649
epoch 2150, training accuracy 0.987663
epoch 2160, training accuracy 0.987644
epoch 2170, training accuracy 0.987658
epoch 2180, training accuracy 0.987658
epoch 2190, training accuracy 0.987640
epoch 2200, training accuracy 0.987644
epoch 2210, training accuracy 0.987663
epoch 2220, training accuracy 0.987654
epoch 2230, training accuracy 0.987658
epoch 2240, training accuracy 0.987667
epoch 2250, training accuracy 0.987672
epoch 2260, training accuracy 0.987663
epoch 2270, training accuracy 0.987667
epoch 2280, training accuracy 0.987644
epoch 2290, training accuracy 0.987644
epoch 2300, training accuracy 0.987644
epoch 2310, training accuracy 0.987672
epoch 2320, training accuracy 0.987654
epoch 2330, training accuracy 0.987658
epoch 2340, training accuracy 0.987649
epoch 2350, training accuracy 0.987658
epoch 2360, training accuracy 0.987654
epoch 2370, training accuracy 0.987654
epoch 2380, training accuracy 0.987658
epoch 2390, training accuracy 0.987658
epoch 2400, training accuracy 0.987654
epoch 2410, training accuracy 0.987640
epoch 2420, training accuracy 0.987649
epoch 2430, training accuracy 0.987654
epoch 2440, training accuracy 0.987663
epoch 2450, training accuracy 0.987644
epoch 2460, training accuracy 0.987667
epoch 2470, training accuracy 0.987658
epoch 2480, training accuracy 0.987663
epoch 2490, training accuracy 0.987658
epoch 2500, training accuracy 0.987644
epoch 2510, training accuracy 0.987640
epoch 2520, training accuracy 0.987649
epoch 2530, training accuracy 0.987667
epoch 2540, training accuracy 0.987667
epoch 2550, training accuracy 0.987658
epoch 2560, training accuracy 0.987649
epoch 2570, training accuracy 0.987658
epoch 2580, training accuracy 0.987654
epoch 2590, training accuracy 0.987644
epoch 2600, training accuracy 0.987663
epoch 2610, training accuracy 0.987658
epoch 2620, training accuracy 0.987658
epoch 2630, training accuracy 0.987640
epoch 2640, training accuracy 0.987635
epoch 2650, training accuracy 0.987654
epoch 2660, training accuracy 0.987658
epoch 2670, training accuracy 0.987658
epoch 2680, training accuracy 0.987663
epoch 2690, training accuracy 0.987649
epoch 2700, training accuracy 0.987663
epoch 2710, training accuracy 0.987658
epoch 2720, training accuracy 0.987644
epoch 2730, training accuracy 0.987644
epoch 2740, training accuracy 0.987635
epoch 2750, training accuracy 0.987667
epoch 2760, training accuracy 0.987681
epoch 2770, training accuracy 0.987654
epoch 2780, training accuracy 0.987654
epoch 2790, training accuracy 0.987644
epoch 2800, training accuracy 0.987654
epoch 2810, training accuracy 0.987649
epoch 2820, training accuracy 0.987663
epoch 2830, training accuracy 0.987654
epoch 2840, training accuracy 0.987667
epoch 2850, training accuracy 0.987631
epoch 2860, training accuracy 0.987635
epoch 2870, training accuracy 0.987644
epoch 2880, training accuracy 0.987658
epoch 2890, training accuracy 0.987654
epoch 2900, training accuracy 0.987663
epoch 2910, training accuracy 0.987640
epoch 2920, training accuracy 0.987663
epoch 2930, training accuracy 0.987649
epoch 2940, training accuracy 0.987649
epoch 2950, training accuracy 0.987644
epoch 2960, training accuracy 0.987635
epoch 2970, training accuracy 0.987667
epoch 2980, training accuracy 0.987667
epoch 2990, training accuracy 0.987654
epoch 3000, training accuracy 0.987658
/tmp/he_the_validate.py loaded, containing 54814 entries, class distribution: [27407 27407]
correct: [26771, 26790]
incorrect: [214, 138]
accuracy: [0.9920696683342598, 0.9948752228163993]
unclassified: [422, 479]
total accuracy: [0.9767942496442514, 0.977487503192615]
Sun Oct 22 21:17:32 CEST 2017 finished, res_training/eng/he_the
