Sun Sep 24 17:30:34 CEST 2017 create_training_files
/tmp/eng_news_2015_3M-sentences-raw.txt_small
300000 lines
1467 side
1075 site
/tmp/side_site
10937 lines
6315 side
4640 site
/tmp/side_site_training
8750 lines
5053 side
3710 site
/tmp/side_site_validate
2187 lines
1262 side
930 site
generate /tmp/side_site_training.py, /tmp/side_site_validate.py
Sun Sep 24 17:30:49 CEST 2017 create_classifier
{'dictionary_path': 'res_training/eng/embedding/dictionary.txt', 'self': <__main__.NeuralNetwork object at 0x2b2366992a90>, 'use_flex_hidden_layer': False, 'training_data_file': '/tmp/side_site_training.py', 'num_outputs': 2, 'batch_size': 1000, 'embedding_path': 'res_training/eng/embedding/final_embeddings.txt', 'epochs': 3000, 'num_inputs': 4}
embedding shape (42122, 64)
/tmp/side_site_training.py loaded, containing 7362 entries, class distribution: [3681 3681]
Steps: 21000, 7 steps in 3000 epochs
epoch 0, training accuracy 0.449470
epoch 10, training accuracy 0.440777
epoch 20, training accuracy 0.480304
epoch 30, training accuracy 0.539120
epoch 40, training accuracy 0.586254
epoch 50, training accuracy 0.629856
epoch 60, training accuracy 0.666259
epoch 70, training accuracy 0.700761
epoch 80, training accuracy 0.724939
epoch 90, training accuracy 0.746536
epoch 100, training accuracy 0.759169
epoch 110, training accuracy 0.770714
epoch 120, training accuracy 0.782260
epoch 130, training accuracy 0.789867
epoch 140, training accuracy 0.796251
epoch 150, training accuracy 0.803314
epoch 160, training accuracy 0.807797
epoch 170, training accuracy 0.812551
epoch 180, training accuracy 0.815132
epoch 190, training accuracy 0.818935
epoch 200, training accuracy 0.822603
epoch 210, training accuracy 0.826406
epoch 220, training accuracy 0.829530
epoch 230, training accuracy 0.832654
epoch 240, training accuracy 0.834963
epoch 250, training accuracy 0.836593
epoch 260, training accuracy 0.838223
epoch 270, training accuracy 0.839853
epoch 280, training accuracy 0.840804
epoch 290, training accuracy 0.842162
epoch 300, training accuracy 0.845694
epoch 310, training accuracy 0.847460
epoch 320, training accuracy 0.848682
epoch 330, training accuracy 0.850448
epoch 340, training accuracy 0.851263
epoch 350, training accuracy 0.853708
epoch 360, training accuracy 0.856017
epoch 370, training accuracy 0.857376
epoch 380, training accuracy 0.858734
epoch 390, training accuracy 0.859685
epoch 400, training accuracy 0.861179
epoch 410, training accuracy 0.861722
epoch 420, training accuracy 0.862809
epoch 430, training accuracy 0.863352
epoch 440, training accuracy 0.865254
epoch 450, training accuracy 0.866476
epoch 460, training accuracy 0.866205
epoch 470, training accuracy 0.866748
epoch 480, training accuracy 0.867563
epoch 490, training accuracy 0.868106
epoch 500, training accuracy 0.868378
epoch 510, training accuracy 0.869465
epoch 520, training accuracy 0.869601
epoch 530, training accuracy 0.870280
epoch 540, training accuracy 0.870551
epoch 550, training accuracy 0.871774
epoch 560, training accuracy 0.871910
epoch 570, training accuracy 0.872453
epoch 580, training accuracy 0.872453
epoch 590, training accuracy 0.872996
epoch 600, training accuracy 0.873132
epoch 610, training accuracy 0.873811
epoch 620, training accuracy 0.874083
epoch 630, training accuracy 0.874355
epoch 640, training accuracy 0.874219
epoch 650, training accuracy 0.873811
epoch 660, training accuracy 0.874491
epoch 670, training accuracy 0.875306
epoch 680, training accuracy 0.875441
epoch 690, training accuracy 0.875713
epoch 700, training accuracy 0.876121
epoch 710, training accuracy 0.875985
epoch 720, training accuracy 0.876528
epoch 730, training accuracy 0.876392
epoch 740, training accuracy 0.876121
epoch 750, training accuracy 0.876664
epoch 760, training accuracy 0.876936
epoch 770, training accuracy 0.877207
epoch 780, training accuracy 0.877751
epoch 790, training accuracy 0.878294
epoch 800, training accuracy 0.877886
epoch 810, training accuracy 0.877615
epoch 820, training accuracy 0.878022
epoch 830, training accuracy 0.878022
epoch 840, training accuracy 0.877886
epoch 850, training accuracy 0.878430
epoch 860, training accuracy 0.878158
epoch 870, training accuracy 0.878158
epoch 880, training accuracy 0.878158
epoch 890, training accuracy 0.878158
epoch 900, training accuracy 0.878566
epoch 910, training accuracy 0.878701
epoch 920, training accuracy 0.878566
epoch 930, training accuracy 0.878430
epoch 940, training accuracy 0.878430
epoch 950, training accuracy 0.878158
epoch 960, training accuracy 0.878158
epoch 970, training accuracy 0.878158
epoch 980, training accuracy 0.878158
epoch 990, training accuracy 0.878430
epoch 1000, training accuracy 0.878973
epoch 1010, training accuracy 0.879652
epoch 1020, training accuracy 0.879652
epoch 1030, training accuracy 0.879652
epoch 1040, training accuracy 0.880196
epoch 1050, training accuracy 0.880875
epoch 1060, training accuracy 0.881146
epoch 1070, training accuracy 0.881282
epoch 1080, training accuracy 0.881146
epoch 1090, training accuracy 0.881690
epoch 1100, training accuracy 0.881690
epoch 1110, training accuracy 0.881826
epoch 1120, training accuracy 0.881826
epoch 1130, training accuracy 0.881826
epoch 1140, training accuracy 0.881690
epoch 1150, training accuracy 0.881554
epoch 1160, training accuracy 0.881961
epoch 1170, training accuracy 0.881826
epoch 1180, training accuracy 0.881826
epoch 1190, training accuracy 0.881690
epoch 1200, training accuracy 0.881826
epoch 1210, training accuracy 0.881961
epoch 1220, training accuracy 0.881961
epoch 1230, training accuracy 0.881826
epoch 1240, training accuracy 0.881961
epoch 1250, training accuracy 0.882233
epoch 1260, training accuracy 0.882369
epoch 1270, training accuracy 0.882641
epoch 1280, training accuracy 0.882776
epoch 1290, training accuracy 0.882776
epoch 1300, training accuracy 0.882912
epoch 1310, training accuracy 0.883048
epoch 1320, training accuracy 0.883048
epoch 1330, training accuracy 0.882641
epoch 1340, training accuracy 0.882641
epoch 1350, training accuracy 0.882233
epoch 1360, training accuracy 0.881826
epoch 1370, training accuracy 0.882097
epoch 1380, training accuracy 0.882369
epoch 1390, training accuracy 0.882641
epoch 1400, training accuracy 0.882641
epoch 1410, training accuracy 0.882641
epoch 1420, training accuracy 0.882369
epoch 1430, training accuracy 0.882369
epoch 1440, training accuracy 0.882641
epoch 1450, training accuracy 0.882776
epoch 1460, training accuracy 0.883048
epoch 1470, training accuracy 0.883320
epoch 1480, training accuracy 0.883184
epoch 1490, training accuracy 0.883320
epoch 1500, training accuracy 0.883320
epoch 1510, training accuracy 0.883456
epoch 1520, training accuracy 0.884135
epoch 1530, training accuracy 0.884406
epoch 1540, training accuracy 0.884542
epoch 1550, training accuracy 0.884542
epoch 1560, training accuracy 0.885086
epoch 1570, training accuracy 0.884950
epoch 1580, training accuracy 0.885221
epoch 1590, training accuracy 0.885086
epoch 1600, training accuracy 0.884950
epoch 1610, training accuracy 0.884814
epoch 1620, training accuracy 0.884814
epoch 1630, training accuracy 0.884814
epoch 1640, training accuracy 0.884814
epoch 1650, training accuracy 0.884814
epoch 1660, training accuracy 0.884814
epoch 1670, training accuracy 0.884950
epoch 1680, training accuracy 0.885357
epoch 1690, training accuracy 0.885221
epoch 1700, training accuracy 0.885357
epoch 1710, training accuracy 0.885357
epoch 1720, training accuracy 0.885086
epoch 1730, training accuracy 0.885086
epoch 1740, training accuracy 0.885086
epoch 1750, training accuracy 0.885221
epoch 1760, training accuracy 0.885086
epoch 1770, training accuracy 0.885221
epoch 1780, training accuracy 0.885221
epoch 1790, training accuracy 0.885221
epoch 1800, training accuracy 0.885086
epoch 1810, training accuracy 0.885221
epoch 1820, training accuracy 0.885086
epoch 1830, training accuracy 0.885086
epoch 1840, training accuracy 0.885086
epoch 1850, training accuracy 0.885221
epoch 1860, training accuracy 0.885221
epoch 1870, training accuracy 0.885357
epoch 1880, training accuracy 0.885221
epoch 1890, training accuracy 0.885221
epoch 1900, training accuracy 0.885221
epoch 1910, training accuracy 0.885357
epoch 1920, training accuracy 0.885357
epoch 1930, training accuracy 0.885493
epoch 1940, training accuracy 0.885629
epoch 1950, training accuracy 0.885493
epoch 1960, training accuracy 0.885493
epoch 1970, training accuracy 0.885629
epoch 1980, training accuracy 0.885765
epoch 1990, training accuracy 0.885901
epoch 2000, training accuracy 0.885901
epoch 2010, training accuracy 0.886308
epoch 2020, training accuracy 0.886308
epoch 2030, training accuracy 0.886036
epoch 2040, training accuracy 0.886308
epoch 2050, training accuracy 0.886308
epoch 2060, training accuracy 0.886308
epoch 2070, training accuracy 0.886444
epoch 2080, training accuracy 0.886580
epoch 2090, training accuracy 0.886580
epoch 2100, training accuracy 0.886444
epoch 2110, training accuracy 0.886308
epoch 2120, training accuracy 0.886308
epoch 2130, training accuracy 0.886308
epoch 2140, training accuracy 0.886036
epoch 2150, training accuracy 0.886308
epoch 2160, training accuracy 0.886308
epoch 2170, training accuracy 0.886308
epoch 2180, training accuracy 0.886308
epoch 2190, training accuracy 0.886308
epoch 2200, training accuracy 0.886308
epoch 2210, training accuracy 0.886308
epoch 2220, training accuracy 0.886308
epoch 2230, training accuracy 0.886172
epoch 2240, training accuracy 0.886444
epoch 2250, training accuracy 0.886172
epoch 2260, training accuracy 0.886172
epoch 2270, training accuracy 0.886172
epoch 2280, training accuracy 0.886036
epoch 2290, training accuracy 0.886036
epoch 2300, training accuracy 0.886036
epoch 2310, training accuracy 0.886036
epoch 2320, training accuracy 0.885901
epoch 2330, training accuracy 0.885901
epoch 2340, training accuracy 0.885901
epoch 2350, training accuracy 0.885765
epoch 2360, training accuracy 0.885629
epoch 2370, training accuracy 0.885629
epoch 2380, training accuracy 0.885629
epoch 2390, training accuracy 0.885629
epoch 2400, training accuracy 0.885629
epoch 2410, training accuracy 0.885629
epoch 2420, training accuracy 0.885629
epoch 2430, training accuracy 0.885765
epoch 2440, training accuracy 0.885901
epoch 2450, training accuracy 0.885901
epoch 2460, training accuracy 0.885901
epoch 2470, training accuracy 0.885901
epoch 2480, training accuracy 0.886036
epoch 2490, training accuracy 0.886036
epoch 2500, training accuracy 0.886172
epoch 2510, training accuracy 0.886172
epoch 2520, training accuracy 0.886172
epoch 2530, training accuracy 0.885901
epoch 2540, training accuracy 0.885629
epoch 2550, training accuracy 0.885765
epoch 2560, training accuracy 0.885765
epoch 2570, training accuracy 0.885765
epoch 2580, training accuracy 0.886036
epoch 2590, training accuracy 0.886036
epoch 2600, training accuracy 0.886036
epoch 2610, training accuracy 0.885901
epoch 2620, training accuracy 0.885901
epoch 2630, training accuracy 0.886172
epoch 2640, training accuracy 0.886172
epoch 2650, training accuracy 0.886172
epoch 2660, training accuracy 0.886172
epoch 2670, training accuracy 0.886444
epoch 2680, training accuracy 0.886580
epoch 2690, training accuracy 0.886580
epoch 2700, training accuracy 0.886580
epoch 2710, training accuracy 0.886580
epoch 2720, training accuracy 0.886580
epoch 2730, training accuracy 0.886580
epoch 2740, training accuracy 0.886580
epoch 2750, training accuracy 0.886580
epoch 2760, training accuracy 0.886580
epoch 2770, training accuracy 0.886716
epoch 2780, training accuracy 0.886716
epoch 2790, training accuracy 0.886580
epoch 2800, training accuracy 0.886308
epoch 2810, training accuracy 0.886308
epoch 2820, training accuracy 0.886308
epoch 2830, training accuracy 0.886308
epoch 2840, training accuracy 0.886308
epoch 2850, training accuracy 0.886308
epoch 2860, training accuracy 0.886172
epoch 2870, training accuracy 0.886172
epoch 2880, training accuracy 0.886172
epoch 2890, training accuracy 0.886308
epoch 2900, training accuracy 0.886308
epoch 2910, training accuracy 0.886308
epoch 2920, training accuracy 0.886308
epoch 2930, training accuracy 0.886308
epoch 2940, training accuracy 0.886308
epoch 2950, training accuracy 0.886308
epoch 2960, training accuracy 0.886308
epoch 2970, training accuracy 0.886308
epoch 2980, training accuracy 0.886308
epoch 2990, training accuracy 0.886308
epoch 3000, training accuracy 0.886172
/tmp/side_site_validate.py loaded, containing 1846 entries, class distribution: [923 923]
correct: [651, 689]
incorrect: [60, 54]
accuracy: [0.9156118143459916, 0.927321668909825]
unclassified: [212, 180]
total accuracy: [0.7053087757313109, 0.7464788732394366]
Sun Sep 24 17:32:15 CEST 2017 finished, res_training/eng/side_site
