Sun Oct 22 23:50:43 CEST 2017 create_training_files
/tmp/taking_talking
9576 lines
6842 taking
2751 talking
/tmp/taking_talking_training
7661 lines
5465 taking
2211 talking
/tmp/taking_talking_validate
1915 lines
1377 taking
540 talking
generate /tmp/taking_talking_training.py, /tmp/taking_talking_validate.py
:compileJava UP-TO-DATE
:processResources UP-TO-DATE
:classes UP-TO-DATE
:createNGramDatabase
Reading /tmp/taking_talking_training
Tokenizing
undersampling to 2264
/tmp/taking_talking_training.pycreated
Reading /tmp/taking_talking_validate
Tokenizing
undersampling to 550
/tmp/taking_talking_validate.pycreated

BUILD SUCCESSFUL

Total time: 5.742 secs

This build could be faster, please consider using the Gradle Daemon: https://docs.gradle.org/2.10/userguide/gradle_daemon.html
Sun Oct 22 23:50:54 CEST 2017 create_classifier
{'embedding_path': 'res_training/eng/embedding/final_embeddings.txt', 'dictionary_path': 'res_training/eng/embedding/dictionary.txt', 'batch_size': 1000, 'self': <__main__.NeuralNetwork object at 0x2b87c4b4da58>, 'training_data_file': '/tmp/taking_talking_training.py', 'epochs': 3000, 'num_inputs': 4, 'use_flex_hidden_layer': False, 'num_outputs': 2}
embedding shape (42122, 64)
/tmp/taking_talking_training.py loaded, containing 4528 entries, class distribution: [2264 2264]
Steps: 12000, 4 steps in 3000 epochs
epoch 0, training accuracy 0.594965
epoch 10, training accuracy 0.641343
epoch 20, training accuracy 0.685733
epoch 30, training accuracy 0.727915
epoch 40, training accuracy 0.749337
epoch 50, training accuracy 0.769655
epoch 60, training accuracy 0.782244
epoch 70, training accuracy 0.796599
epoch 80, training accuracy 0.809187
epoch 90, training accuracy 0.822880
epoch 100, training accuracy 0.832155
epoch 110, training accuracy 0.836572
epoch 120, training accuracy 0.844081
epoch 130, training accuracy 0.849161
epoch 140, training accuracy 0.852473
epoch 150, training accuracy 0.857553
epoch 160, training accuracy 0.861087
epoch 170, training accuracy 0.864178
epoch 180, training accuracy 0.867933
epoch 190, training accuracy 0.870804
epoch 200, training accuracy 0.874558
epoch 210, training accuracy 0.876767
epoch 220, training accuracy 0.880742
epoch 230, training accuracy 0.883613
epoch 240, training accuracy 0.886484
epoch 250, training accuracy 0.888030
epoch 260, training accuracy 0.889797
epoch 270, training accuracy 0.892005
epoch 280, training accuracy 0.894655
epoch 290, training accuracy 0.896422
epoch 300, training accuracy 0.897527
epoch 310, training accuracy 0.900177
epoch 320, training accuracy 0.900839
epoch 330, training accuracy 0.903269
epoch 340, training accuracy 0.904814
epoch 350, training accuracy 0.905919
epoch 360, training accuracy 0.906360
epoch 370, training accuracy 0.907465
epoch 380, training accuracy 0.908348
epoch 390, training accuracy 0.908790
epoch 400, training accuracy 0.910557
epoch 410, training accuracy 0.910115
epoch 420, training accuracy 0.911440
epoch 430, training accuracy 0.912544
epoch 440, training accuracy 0.913428
epoch 450, training accuracy 0.913648
epoch 460, training accuracy 0.914311
epoch 470, training accuracy 0.914753
epoch 480, training accuracy 0.914973
epoch 490, training accuracy 0.915415
epoch 500, training accuracy 0.916078
epoch 510, training accuracy 0.916961
epoch 520, training accuracy 0.916961
epoch 530, training accuracy 0.917845
epoch 540, training accuracy 0.917845
epoch 550, training accuracy 0.917845
epoch 560, training accuracy 0.918728
epoch 570, training accuracy 0.920274
epoch 580, training accuracy 0.920495
epoch 590, training accuracy 0.920936
epoch 600, training accuracy 0.920936
epoch 610, training accuracy 0.921378
epoch 620, training accuracy 0.921157
epoch 630, training accuracy 0.921157
epoch 640, training accuracy 0.920936
epoch 650, training accuracy 0.920716
epoch 660, training accuracy 0.921378
epoch 670, training accuracy 0.921599
epoch 680, training accuracy 0.921599
epoch 690, training accuracy 0.922482
epoch 700, training accuracy 0.922924
epoch 710, training accuracy 0.922924
epoch 720, training accuracy 0.923145
epoch 730, training accuracy 0.923366
epoch 740, training accuracy 0.923807
epoch 750, training accuracy 0.923807
epoch 760, training accuracy 0.924028
epoch 770, training accuracy 0.924912
epoch 780, training accuracy 0.924912
epoch 790, training accuracy 0.925133
epoch 800, training accuracy 0.925353
epoch 810, training accuracy 0.926237
epoch 820, training accuracy 0.926458
epoch 830, training accuracy 0.926016
epoch 840, training accuracy 0.926237
epoch 850, training accuracy 0.926458
epoch 860, training accuracy 0.927120
epoch 870, training accuracy 0.927120
epoch 880, training accuracy 0.927341
epoch 890, training accuracy 0.927562
epoch 900, training accuracy 0.927783
epoch 910, training accuracy 0.928224
epoch 920, training accuracy 0.928224
epoch 930, training accuracy 0.928224
epoch 940, training accuracy 0.928445
epoch 950, training accuracy 0.928445
epoch 960, training accuracy 0.928445
epoch 970, training accuracy 0.928224
epoch 980, training accuracy 0.928224
epoch 990, training accuracy 0.928666
epoch 1000, training accuracy 0.928887
epoch 1010, training accuracy 0.929108
epoch 1020, training accuracy 0.929329
epoch 1030, training accuracy 0.929549
epoch 1040, training accuracy 0.929549
epoch 1050, training accuracy 0.929549
epoch 1060, training accuracy 0.929549
epoch 1070, training accuracy 0.929329
epoch 1080, training accuracy 0.929329
epoch 1090, training accuracy 0.929770
epoch 1100, training accuracy 0.929991
epoch 1110, training accuracy 0.929770
epoch 1120, training accuracy 0.930212
epoch 1130, training accuracy 0.930212
epoch 1140, training accuracy 0.930433
epoch 1150, training accuracy 0.930875
epoch 1160, training accuracy 0.930875
epoch 1170, training accuracy 0.930875
epoch 1180, training accuracy 0.931316
epoch 1190, training accuracy 0.931316
epoch 1200, training accuracy 0.931095
epoch 1210, training accuracy 0.931095
epoch 1220, training accuracy 0.931095
epoch 1230, training accuracy 0.931095
epoch 1240, training accuracy 0.931095
epoch 1250, training accuracy 0.931316
epoch 1260, training accuracy 0.931979
epoch 1270, training accuracy 0.931979
epoch 1280, training accuracy 0.931979
epoch 1290, training accuracy 0.931979
epoch 1300, training accuracy 0.931979
epoch 1310, training accuracy 0.932200
epoch 1320, training accuracy 0.931979
epoch 1330, training accuracy 0.931979
epoch 1340, training accuracy 0.931979
epoch 1350, training accuracy 0.931979
epoch 1360, training accuracy 0.931979
epoch 1370, training accuracy 0.932420
epoch 1380, training accuracy 0.932200
epoch 1390, training accuracy 0.932200
epoch 1400, training accuracy 0.932641
epoch 1410, training accuracy 0.932641
epoch 1420, training accuracy 0.932862
epoch 1430, training accuracy 0.933083
epoch 1440, training accuracy 0.933083
epoch 1450, training accuracy 0.933304
epoch 1460, training accuracy 0.933083
epoch 1470, training accuracy 0.933525
epoch 1480, training accuracy 0.933525
epoch 1490, training accuracy 0.933304
epoch 1500, training accuracy 0.933304
epoch 1510, training accuracy 0.933083
epoch 1520, training accuracy 0.932862
epoch 1530, training accuracy 0.933083
epoch 1540, training accuracy 0.933083
epoch 1550, training accuracy 0.933304
epoch 1560, training accuracy 0.933304
epoch 1570, training accuracy 0.933083
epoch 1580, training accuracy 0.932641
epoch 1590, training accuracy 0.932862
epoch 1600, training accuracy 0.933083
epoch 1610, training accuracy 0.933304
epoch 1620, training accuracy 0.933746
epoch 1630, training accuracy 0.933746
epoch 1640, training accuracy 0.933966
epoch 1650, training accuracy 0.934187
epoch 1660, training accuracy 0.934187
epoch 1670, training accuracy 0.934187
epoch 1680, training accuracy 0.933966
epoch 1690, training accuracy 0.934187
epoch 1700, training accuracy 0.934187
epoch 1710, training accuracy 0.934408
epoch 1720, training accuracy 0.934408
epoch 1730, training accuracy 0.934408
epoch 1740, training accuracy 0.934629
epoch 1750, training accuracy 0.934629
epoch 1760, training accuracy 0.935292
epoch 1770, training accuracy 0.935733
epoch 1780, training accuracy 0.935512
epoch 1790, training accuracy 0.935292
epoch 1800, training accuracy 0.935292
epoch 1810, training accuracy 0.935071
epoch 1820, training accuracy 0.935512
epoch 1830, training accuracy 0.935512
epoch 1840, training accuracy 0.935512
epoch 1850, training accuracy 0.935733
epoch 1860, training accuracy 0.935733
epoch 1870, training accuracy 0.935733
epoch 1880, training accuracy 0.935954
epoch 1890, training accuracy 0.935954
epoch 1900, training accuracy 0.936175
epoch 1910, training accuracy 0.936175
epoch 1920, training accuracy 0.936175
epoch 1930, training accuracy 0.936175
epoch 1940, training accuracy 0.936175
epoch 1950, training accuracy 0.936396
epoch 1960, training accuracy 0.936396
epoch 1970, training accuracy 0.936617
epoch 1980, training accuracy 0.936837
epoch 1990, training accuracy 0.936837
epoch 2000, training accuracy 0.937058
epoch 2010, training accuracy 0.937058
epoch 2020, training accuracy 0.937058
epoch 2030, training accuracy 0.936837
epoch 2040, training accuracy 0.937058
epoch 2050, training accuracy 0.936837
epoch 2060, training accuracy 0.936617
epoch 2070, training accuracy 0.936396
epoch 2080, training accuracy 0.936175
epoch 2090, training accuracy 0.936175
epoch 2100, training accuracy 0.936175
epoch 2110, training accuracy 0.936175
epoch 2120, training accuracy 0.936175
epoch 2130, training accuracy 0.935954
epoch 2140, training accuracy 0.935954
epoch 2150, training accuracy 0.935954
epoch 2160, training accuracy 0.935954
epoch 2170, training accuracy 0.935954
epoch 2180, training accuracy 0.936175
epoch 2190, training accuracy 0.936175
epoch 2200, training accuracy 0.936396
epoch 2210, training accuracy 0.936396
epoch 2220, training accuracy 0.936396
epoch 2230, training accuracy 0.936396
epoch 2240, training accuracy 0.936617
epoch 2250, training accuracy 0.936837
epoch 2260, training accuracy 0.936837
epoch 2270, training accuracy 0.936617
epoch 2280, training accuracy 0.936396
epoch 2290, training accuracy 0.936396
epoch 2300, training accuracy 0.936396
epoch 2310, training accuracy 0.936396
epoch 2320, training accuracy 0.936175
epoch 2330, training accuracy 0.936396
epoch 2340, training accuracy 0.936396
epoch 2350, training accuracy 0.936396
epoch 2360, training accuracy 0.936396
epoch 2370, training accuracy 0.936396
epoch 2380, training accuracy 0.936175
epoch 2390, training accuracy 0.936175
epoch 2400, training accuracy 0.936175
epoch 2410, training accuracy 0.936175
epoch 2420, training accuracy 0.936175
epoch 2430, training accuracy 0.936175
epoch 2440, training accuracy 0.936175
epoch 2450, training accuracy 0.936617
epoch 2460, training accuracy 0.936617
epoch 2470, training accuracy 0.936837
epoch 2480, training accuracy 0.936837
epoch 2490, training accuracy 0.936837
epoch 2500, training accuracy 0.936617
epoch 2510, training accuracy 0.936617
epoch 2520, training accuracy 0.936617
epoch 2530, training accuracy 0.936617
epoch 2540, training accuracy 0.936617
epoch 2550, training accuracy 0.936617
epoch 2560, training accuracy 0.936617
epoch 2570, training accuracy 0.936617
epoch 2580, training accuracy 0.936617
epoch 2590, training accuracy 0.936617
epoch 2600, training accuracy 0.936617
epoch 2610, training accuracy 0.936617
epoch 2620, training accuracy 0.936617
epoch 2630, training accuracy 0.936617
epoch 2640, training accuracy 0.936617
epoch 2650, training accuracy 0.936617
epoch 2660, training accuracy 0.936396
epoch 2670, training accuracy 0.936396
epoch 2680, training accuracy 0.936396
epoch 2690, training accuracy 0.936396
epoch 2700, training accuracy 0.936396
epoch 2710, training accuracy 0.936617
epoch 2720, training accuracy 0.936617
epoch 2730, training accuracy 0.936837
epoch 2740, training accuracy 0.936837
epoch 2750, training accuracy 0.936837
epoch 2760, training accuracy 0.936617
epoch 2770, training accuracy 0.936837
epoch 2780, training accuracy 0.936837
epoch 2790, training accuracy 0.936617
epoch 2800, training accuracy 0.936617
epoch 2810, training accuracy 0.936617
epoch 2820, training accuracy 0.936617
epoch 2830, training accuracy 0.936396
epoch 2840, training accuracy 0.936396
epoch 2850, training accuracy 0.936396
epoch 2860, training accuracy 0.936396
epoch 2870, training accuracy 0.936175
epoch 2880, training accuracy 0.936175
epoch 2890, training accuracy 0.936175
epoch 2900, training accuracy 0.936175
epoch 2910, training accuracy 0.936175
epoch 2920, training accuracy 0.936175
epoch 2930, training accuracy 0.936175
epoch 2940, training accuracy 0.936175
epoch 2950, training accuracy 0.935954
epoch 2960, training accuracy 0.935733
epoch 2970, training accuracy 0.935733
epoch 2980, training accuracy 0.935733
epoch 2990, training accuracy 0.935512
epoch 3000, training accuracy 0.935512
/tmp/taking_talking_validate.py loaded, containing 1100 entries, class distribution: [550 550]
correct: [477, 464]
incorrect: [20, 28]
accuracy: [0.959758551307847, 0.943089430894309]
unclassified: [53, 58]
total accuracy: [0.8672727272727273, 0.8436363636363636]
Sun Oct 22 23:51:45 CEST 2017 finished, res_training/eng/taking_talking
