Sun Oct 22 23:06:01 CEST 2017 create_training_files
/tmp/placed_places
4180 lines
1886 placed
2297 places
/tmp/placed_places_training
3344 lines
1531 placed
1816 places
/tmp/placed_places_validate
836 lines
355 placed
481 places
generate /tmp/placed_places_training.py, /tmp/placed_places_validate.py
:compileJava UP-TO-DATE
:processResources UP-TO-DATE
:classes UP-TO-DATE
:createNGramDatabase
Reading /tmp/placed_places_training
Tokenizing
undersampling to 1551
/tmp/placed_places_training.pycreated
Reading /tmp/placed_places_validate
Tokenizing
undersampling to 358
/tmp/placed_places_validate.pycreated

BUILD SUCCESSFUL

Total time: 5.201 secs

This build could be faster, please consider using the Gradle Daemon: https://docs.gradle.org/2.10/userguide/gradle_daemon.html
Sun Oct 22 23:06:13 CEST 2017 create_classifier
{'self': <__main__.NeuralNetwork object at 0x2af3c1817a58>, 'epochs': 3000, 'embedding_path': 'res_training/eng/embedding/final_embeddings.txt', 'batch_size': 1000, 'dictionary_path': 'res_training/eng/embedding/dictionary.txt', 'num_inputs': 4, 'training_data_file': '/tmp/placed_places_training.py', 'num_outputs': 2, 'use_flex_hidden_layer': False}
embedding shape (42122, 64)
/tmp/placed_places_training.py loaded, containing 3102 entries, class distribution: [1551 1551]
Steps: 9000, 3 steps in 3000 epochs
epoch 0, training accuracy 0.489684
epoch 10, training accuracy 0.539652
epoch 20, training accuracy 0.581560
epoch 30, training accuracy 0.618955
epoch 40, training accuracy 0.648936
epoch 50, training accuracy 0.676660
epoch 60, training accuracy 0.700193
epoch 70, training accuracy 0.722437
epoch 80, training accuracy 0.743069
epoch 90, training accuracy 0.762411
epoch 100, training accuracy 0.775306
epoch 110, training accuracy 0.783688
epoch 120, training accuracy 0.797228
epoch 130, training accuracy 0.804642
epoch 140, training accuracy 0.816570
epoch 150, training accuracy 0.823662
epoch 160, training accuracy 0.829143
epoch 170, training accuracy 0.835268
epoch 180, training accuracy 0.839781
epoch 190, training accuracy 0.843005
epoch 200, training accuracy 0.847518
epoch 210, training accuracy 0.850097
epoch 220, training accuracy 0.853965
epoch 230, training accuracy 0.856867
epoch 240, training accuracy 0.860735
epoch 250, training accuracy 0.863959
epoch 260, training accuracy 0.866860
epoch 270, training accuracy 0.870084
epoch 280, training accuracy 0.872663
epoch 290, training accuracy 0.873952
epoch 300, training accuracy 0.876209
epoch 310, training accuracy 0.876209
epoch 320, training accuracy 0.878788
epoch 330, training accuracy 0.880400
epoch 340, training accuracy 0.881367
epoch 350, training accuracy 0.882979
epoch 360, training accuracy 0.884913
epoch 370, training accuracy 0.884591
epoch 380, training accuracy 0.886525
epoch 390, training accuracy 0.887492
epoch 400, training accuracy 0.888459
epoch 410, training accuracy 0.889104
epoch 420, training accuracy 0.890071
epoch 430, training accuracy 0.891038
epoch 440, training accuracy 0.891038
epoch 450, training accuracy 0.892005
epoch 460, training accuracy 0.891683
epoch 470, training accuracy 0.892328
epoch 480, training accuracy 0.892650
epoch 490, training accuracy 0.893295
epoch 500, training accuracy 0.893295
epoch 510, training accuracy 0.894907
epoch 520, training accuracy 0.896518
epoch 530, training accuracy 0.897485
epoch 540, training accuracy 0.898453
epoch 550, training accuracy 0.899420
epoch 560, training accuracy 0.900064
epoch 570, training accuracy 0.900387
epoch 580, training accuracy 0.901032
epoch 590, training accuracy 0.901676
epoch 600, training accuracy 0.901676
epoch 610, training accuracy 0.901999
epoch 620, training accuracy 0.902966
epoch 630, training accuracy 0.904255
epoch 640, training accuracy 0.904578
epoch 650, training accuracy 0.905222
epoch 660, training accuracy 0.904900
epoch 670, training accuracy 0.905867
epoch 680, training accuracy 0.905867
epoch 690, training accuracy 0.906190
epoch 700, training accuracy 0.906512
epoch 710, training accuracy 0.906834
epoch 720, training accuracy 0.906512
epoch 730, training accuracy 0.906834
epoch 740, training accuracy 0.909413
epoch 750, training accuracy 0.909413
epoch 760, training accuracy 0.909091
epoch 770, training accuracy 0.909413
epoch 780, training accuracy 0.909736
epoch 790, training accuracy 0.909736
epoch 800, training accuracy 0.909736
epoch 810, training accuracy 0.909736
epoch 820, training accuracy 0.909736
epoch 830, training accuracy 0.910703
epoch 840, training accuracy 0.911348
epoch 850, training accuracy 0.911992
epoch 860, training accuracy 0.911992
epoch 870, training accuracy 0.911992
epoch 880, training accuracy 0.912315
epoch 890, training accuracy 0.912959
epoch 900, training accuracy 0.913282
epoch 910, training accuracy 0.913926
epoch 920, training accuracy 0.914571
epoch 930, training accuracy 0.914894
epoch 940, training accuracy 0.914894
epoch 950, training accuracy 0.914894
epoch 960, training accuracy 0.915861
epoch 970, training accuracy 0.916505
epoch 980, training accuracy 0.916183
epoch 990, training accuracy 0.916505
epoch 1000, training accuracy 0.917150
epoch 1010, training accuracy 0.917795
epoch 1020, training accuracy 0.917473
epoch 1030, training accuracy 0.918440
epoch 1040, training accuracy 0.918762
epoch 1050, training accuracy 0.919084
epoch 1060, training accuracy 0.919407
epoch 1070, training accuracy 0.919729
epoch 1080, training accuracy 0.920374
epoch 1090, training accuracy 0.920696
epoch 1100, training accuracy 0.920374
epoch 1110, training accuracy 0.920374
epoch 1120, training accuracy 0.920696
epoch 1130, training accuracy 0.921019
epoch 1140, training accuracy 0.921663
epoch 1150, training accuracy 0.921663
epoch 1160, training accuracy 0.921986
epoch 1170, training accuracy 0.922308
epoch 1180, training accuracy 0.922631
epoch 1190, training accuracy 0.922631
epoch 1200, training accuracy 0.923275
epoch 1210, training accuracy 0.923598
epoch 1220, training accuracy 0.923598
epoch 1230, training accuracy 0.923598
epoch 1240, training accuracy 0.924565
epoch 1250, training accuracy 0.924887
epoch 1260, training accuracy 0.924887
epoch 1270, training accuracy 0.924887
epoch 1280, training accuracy 0.925210
epoch 1290, training accuracy 0.925210
epoch 1300, training accuracy 0.925210
epoch 1310, training accuracy 0.925854
epoch 1320, training accuracy 0.926177
epoch 1330, training accuracy 0.926177
epoch 1340, training accuracy 0.926499
epoch 1350, training accuracy 0.926499
epoch 1360, training accuracy 0.926499
epoch 1370, training accuracy 0.926821
epoch 1380, training accuracy 0.926821
epoch 1390, training accuracy 0.926821
epoch 1400, training accuracy 0.926821
epoch 1410, training accuracy 0.926821
epoch 1420, training accuracy 0.927144
epoch 1430, training accuracy 0.927466
epoch 1440, training accuracy 0.927466
epoch 1450, training accuracy 0.927788
epoch 1460, training accuracy 0.927788
epoch 1470, training accuracy 0.927788
epoch 1480, training accuracy 0.929078
epoch 1490, training accuracy 0.928756
epoch 1500, training accuracy 0.928756
epoch 1510, training accuracy 0.929078
epoch 1520, training accuracy 0.929723
epoch 1530, training accuracy 0.930045
epoch 1540, training accuracy 0.930045
epoch 1550, training accuracy 0.930368
epoch 1560, training accuracy 0.931012
epoch 1570, training accuracy 0.931012
epoch 1580, training accuracy 0.931335
epoch 1590, training accuracy 0.931335
epoch 1600, training accuracy 0.931335
epoch 1610, training accuracy 0.931335
epoch 1620, training accuracy 0.931335
epoch 1630, training accuracy 0.931657
epoch 1640, training accuracy 0.931979
epoch 1650, training accuracy 0.932302
epoch 1660, training accuracy 0.932302
epoch 1670, training accuracy 0.932302
epoch 1680, training accuracy 0.932302
epoch 1690, training accuracy 0.931979
epoch 1700, training accuracy 0.931979
epoch 1710, training accuracy 0.931979
epoch 1720, training accuracy 0.932302
epoch 1730, training accuracy 0.932302
epoch 1740, training accuracy 0.932624
epoch 1750, training accuracy 0.933269
epoch 1760, training accuracy 0.933269
epoch 1770, training accuracy 0.933269
epoch 1780, training accuracy 0.933269
epoch 1790, training accuracy 0.933269
epoch 1800, training accuracy 0.933914
epoch 1810, training accuracy 0.934236
epoch 1820, training accuracy 0.934236
epoch 1830, training accuracy 0.934236
epoch 1840, training accuracy 0.934236
epoch 1850, training accuracy 0.934236
epoch 1860, training accuracy 0.934236
epoch 1870, training accuracy 0.934236
epoch 1880, training accuracy 0.934236
epoch 1890, training accuracy 0.934236
epoch 1900, training accuracy 0.933914
epoch 1910, training accuracy 0.933914
epoch 1920, training accuracy 0.933914
epoch 1930, training accuracy 0.934236
epoch 1940, training accuracy 0.934558
epoch 1950, training accuracy 0.934558
epoch 1960, training accuracy 0.934558
epoch 1970, training accuracy 0.934881
epoch 1980, training accuracy 0.934558
epoch 1990, training accuracy 0.935203
epoch 2000, training accuracy 0.935203
epoch 2010, training accuracy 0.935525
epoch 2020, training accuracy 0.935525
epoch 2030, training accuracy 0.935525
epoch 2040, training accuracy 0.935525
epoch 2050, training accuracy 0.935848
epoch 2060, training accuracy 0.935848
epoch 2070, training accuracy 0.936170
epoch 2080, training accuracy 0.936170
epoch 2090, training accuracy 0.936493
epoch 2100, training accuracy 0.936493
epoch 2110, training accuracy 0.936815
epoch 2120, training accuracy 0.937137
epoch 2130, training accuracy 0.937460
epoch 2140, training accuracy 0.937460
epoch 2150, training accuracy 0.937460
epoch 2160, training accuracy 0.937460
epoch 2170, training accuracy 0.937460
epoch 2180, training accuracy 0.937782
epoch 2190, training accuracy 0.937782
epoch 2200, training accuracy 0.937782
epoch 2210, training accuracy 0.937782
epoch 2220, training accuracy 0.937782
epoch 2230, training accuracy 0.937782
epoch 2240, training accuracy 0.937782
epoch 2250, training accuracy 0.937782
epoch 2260, training accuracy 0.937782
epoch 2270, training accuracy 0.938104
epoch 2280, training accuracy 0.938104
epoch 2290, training accuracy 0.938427
epoch 2300, training accuracy 0.938427
epoch 2310, training accuracy 0.938427
epoch 2320, training accuracy 0.938427
epoch 2330, training accuracy 0.938427
epoch 2340, training accuracy 0.938427
epoch 2350, training accuracy 0.938427
epoch 2360, training accuracy 0.938427
epoch 2370, training accuracy 0.938427
epoch 2380, training accuracy 0.938749
epoch 2390, training accuracy 0.939072
epoch 2400, training accuracy 0.939072
epoch 2410, training accuracy 0.939394
epoch 2420, training accuracy 0.939394
epoch 2430, training accuracy 0.939716
epoch 2440, training accuracy 0.940039
epoch 2450, training accuracy 0.940039
epoch 2460, training accuracy 0.940039
epoch 2470, training accuracy 0.940361
epoch 2480, training accuracy 0.940683
epoch 2490, training accuracy 0.940361
epoch 2500, training accuracy 0.940361
epoch 2510, training accuracy 0.940039
epoch 2520, training accuracy 0.940039
epoch 2530, training accuracy 0.940361
epoch 2540, training accuracy 0.940361
epoch 2550, training accuracy 0.940361
epoch 2560, training accuracy 0.940361
epoch 2570, training accuracy 0.940361
epoch 2580, training accuracy 0.940361
epoch 2590, training accuracy 0.940361
epoch 2600, training accuracy 0.940683
epoch 2610, training accuracy 0.941328
epoch 2620, training accuracy 0.941328
epoch 2630, training accuracy 0.941328
epoch 2640, training accuracy 0.941328
epoch 2650, training accuracy 0.941328
epoch 2660, training accuracy 0.940683
epoch 2670, training accuracy 0.940683
epoch 2680, training accuracy 0.940683
epoch 2690, training accuracy 0.940683
epoch 2700, training accuracy 0.940683
epoch 2710, training accuracy 0.940683
epoch 2720, training accuracy 0.941006
epoch 2730, training accuracy 0.941006
epoch 2740, training accuracy 0.941006
epoch 2750, training accuracy 0.941006
epoch 2760, training accuracy 0.941006
epoch 2770, training accuracy 0.941651
epoch 2780, training accuracy 0.941651
epoch 2790, training accuracy 0.941651
epoch 2800, training accuracy 0.941651
epoch 2810, training accuracy 0.941973
epoch 2820, training accuracy 0.941973
epoch 2830, training accuracy 0.942618
epoch 2840, training accuracy 0.942618
epoch 2850, training accuracy 0.942618
epoch 2860, training accuracy 0.942618
epoch 2870, training accuracy 0.942618
epoch 2880, training accuracy 0.942295
epoch 2890, training accuracy 0.942295
epoch 2900, training accuracy 0.942295
epoch 2910, training accuracy 0.942295
epoch 2920, training accuracy 0.942295
epoch 2930, training accuracy 0.942295
epoch 2940, training accuracy 0.942295
epoch 2950, training accuracy 0.942295
epoch 2960, training accuracy 0.942295
epoch 2970, training accuracy 0.942295
epoch 2980, training accuracy 0.942295
epoch 2990, training accuracy 0.942295
epoch 3000, training accuracy 0.942295
/tmp/placed_places_validate.py loaded, containing 716 entries, class distribution: [358 358]
correct: [316, 298]
incorrect: [4, 21]
accuracy: [0.9875, 0.9341692789968652]
unclassified: [38, 39]
total accuracy: [0.88268156424581, 0.8324022346368715]
Sun Oct 22 23:06:51 CEST 2017 finished, res_training/eng/placed_places
