Sun Oct 22 19:49:39 CEST 2017 create_training_files
/tmp/dívida_dúvida
7144 lines
5557 dívida
1593 dúvida
/tmp/dívida_dúvida_training
5716 lines
4444 dívida
1276 dúvida
/tmp/dívida_dúvida_validate
1428 lines
1113 dívida
317 dúvida
generate /tmp/dívida_dúvida_training.py, /tmp/dívida_dúvida_validate.py
:compileJava UP-TO-DATE
:processResources UP-TO-DATE
:classes UP-TO-DATE
:createNGramDatabase
Reading /tmp/dívida_dúvida_training
Tokenizing
undersampling to 1287
/tmp/dívida_dúvida_training.pycreated
Reading /tmp/dívida_dúvida_validate
Tokenizing
undersampling to 320
/tmp/dívida_dúvida_validate.pycreated

BUILD SUCCESSFUL

Total time: 5.363 secs

This build could be faster, please consider using the Gradle Daemon: https://docs.gradle.org/2.10/userguide/gradle_daemon.html
Sun Oct 22 19:49:49 CEST 2017 create_classifier
{'num_inputs': 4, 'self': <__main__.NeuralNetwork object at 0x2b5efe10ba58>, 'training_data_file': '/tmp/dívida_dúvida_training.py', 'dictionary_path': 'res_training/por/embedding/dictionary.txt', 'epochs': 3000, 'embedding_path': 'res_training/por/embedding/final_embeddings.txt', 'batch_size': 1000, 'num_outputs': 2, 'use_flex_hidden_layer': False}
embedding shape (44676, 64)
/tmp/dívida_dúvida_training.py loaded, containing 2574 entries, class distribution: [1287 1287]
Steps: 6000, 2 steps in 3000 epochs
epoch 0, training accuracy 0.550894
epoch 10, training accuracy 0.598291
epoch 20, training accuracy 0.633256
epoch 30, training accuracy 0.694250
epoch 40, training accuracy 0.721057
epoch 50, training accuracy 0.749029
epoch 60, training accuracy 0.769231
epoch 70, training accuracy 0.784382
epoch 80, training accuracy 0.811189
epoch 90, training accuracy 0.820901
epoch 100, training accuracy 0.831391
epoch 110, training accuracy 0.839938
epoch 120, training accuracy 0.846542
epoch 130, training accuracy 0.855089
epoch 140, training accuracy 0.859751
epoch 150, training accuracy 0.860528
epoch 160, training accuracy 0.864802
epoch 170, training accuracy 0.868298
epoch 180, training accuracy 0.869852
epoch 190, training accuracy 0.871406
epoch 200, training accuracy 0.875291
epoch 210, training accuracy 0.878011
epoch 220, training accuracy 0.878788
epoch 230, training accuracy 0.879176
epoch 240, training accuracy 0.880342
epoch 250, training accuracy 0.881896
epoch 260, training accuracy 0.885004
epoch 270, training accuracy 0.886169
epoch 280, training accuracy 0.888500
epoch 290, training accuracy 0.890443
epoch 300, training accuracy 0.893939
epoch 310, training accuracy 0.896659
epoch 320, training accuracy 0.899378
epoch 330, training accuracy 0.900544
epoch 340, training accuracy 0.902098
epoch 350, training accuracy 0.902486
epoch 360, training accuracy 0.904040
epoch 370, training accuracy 0.905206
epoch 380, training accuracy 0.905594
epoch 390, training accuracy 0.906371
epoch 400, training accuracy 0.908314
epoch 410, training accuracy 0.909868
epoch 420, training accuracy 0.910645
epoch 430, training accuracy 0.911033
epoch 440, training accuracy 0.912199
epoch 450, training accuracy 0.913364
epoch 460, training accuracy 0.913364
epoch 470, training accuracy 0.914530
epoch 480, training accuracy 0.914530
epoch 490, training accuracy 0.915307
epoch 500, training accuracy 0.916861
epoch 510, training accuracy 0.917249
epoch 520, training accuracy 0.918803
epoch 530, training accuracy 0.919192
epoch 540, training accuracy 0.918803
epoch 550, training accuracy 0.918803
epoch 560, training accuracy 0.919580
epoch 570, training accuracy 0.920746
epoch 580, training accuracy 0.921134
epoch 590, training accuracy 0.921523
epoch 600, training accuracy 0.922688
epoch 610, training accuracy 0.923077
epoch 620, training accuracy 0.923854
epoch 630, training accuracy 0.924242
epoch 640, training accuracy 0.924631
epoch 650, training accuracy 0.924242
epoch 660, training accuracy 0.925796
epoch 670, training accuracy 0.926185
epoch 680, training accuracy 0.927350
epoch 690, training accuracy 0.928516
epoch 700, training accuracy 0.929293
epoch 710, training accuracy 0.928904
epoch 720, training accuracy 0.928904
epoch 730, training accuracy 0.928904
epoch 740, training accuracy 0.929681
epoch 750, training accuracy 0.930070
epoch 760, training accuracy 0.930458
epoch 770, training accuracy 0.930458
epoch 780, training accuracy 0.930458
epoch 790, training accuracy 0.930847
epoch 800, training accuracy 0.930458
epoch 810, training accuracy 0.931235
epoch 820, training accuracy 0.930847
epoch 830, training accuracy 0.931624
epoch 840, training accuracy 0.931624
epoch 850, training accuracy 0.931624
epoch 860, training accuracy 0.931235
epoch 870, training accuracy 0.931235
epoch 880, training accuracy 0.931235
epoch 890, training accuracy 0.931235
epoch 900, training accuracy 0.930847
epoch 910, training accuracy 0.930847
epoch 920, training accuracy 0.931235
epoch 930, training accuracy 0.931235
epoch 940, training accuracy 0.931235
epoch 950, training accuracy 0.932012
epoch 960, training accuracy 0.932012
epoch 970, training accuracy 0.933178
epoch 980, training accuracy 0.933566
epoch 990, training accuracy 0.933178
epoch 1000, training accuracy 0.933566
epoch 1010, training accuracy 0.933955
epoch 1020, training accuracy 0.935120
epoch 1030, training accuracy 0.935509
epoch 1040, training accuracy 0.935897
epoch 1050, training accuracy 0.936286
epoch 1060, training accuracy 0.936286
epoch 1070, training accuracy 0.935897
epoch 1080, training accuracy 0.935897
epoch 1090, training accuracy 0.935897
epoch 1100, training accuracy 0.936286
epoch 1110, training accuracy 0.936286
epoch 1120, training accuracy 0.936674
epoch 1130, training accuracy 0.937451
epoch 1140, training accuracy 0.937451
epoch 1150, training accuracy 0.937840
epoch 1160, training accuracy 0.938617
epoch 1170, training accuracy 0.938617
epoch 1180, training accuracy 0.938617
epoch 1190, training accuracy 0.939394
epoch 1200, training accuracy 0.939394
epoch 1210, training accuracy 0.939394
epoch 1220, training accuracy 0.939394
epoch 1230, training accuracy 0.939394
epoch 1240, training accuracy 0.939394
epoch 1250, training accuracy 0.939005
epoch 1260, training accuracy 0.939005
epoch 1270, training accuracy 0.939394
epoch 1280, training accuracy 0.939394
epoch 1290, training accuracy 0.940171
epoch 1300, training accuracy 0.940948
epoch 1310, training accuracy 0.941336
epoch 1320, training accuracy 0.941725
epoch 1330, training accuracy 0.942113
epoch 1340, training accuracy 0.942113
epoch 1350, training accuracy 0.942890
epoch 1360, training accuracy 0.944444
epoch 1370, training accuracy 0.944833
epoch 1380, training accuracy 0.944833
epoch 1390, training accuracy 0.945221
epoch 1400, training accuracy 0.945221
epoch 1410, training accuracy 0.945221
epoch 1420, training accuracy 0.945221
epoch 1430, training accuracy 0.945221
epoch 1440, training accuracy 0.945221
epoch 1450, training accuracy 0.945221
epoch 1460, training accuracy 0.945221
epoch 1470, training accuracy 0.945221
epoch 1480, training accuracy 0.945221
epoch 1490, training accuracy 0.945221
epoch 1500, training accuracy 0.945998
epoch 1510, training accuracy 0.946775
epoch 1520, training accuracy 0.946775
epoch 1530, training accuracy 0.947164
epoch 1540, training accuracy 0.947552
epoch 1550, training accuracy 0.947941
epoch 1560, training accuracy 0.947941
epoch 1570, training accuracy 0.947941
epoch 1580, training accuracy 0.947941
epoch 1590, training accuracy 0.947941
epoch 1600, training accuracy 0.947941
epoch 1610, training accuracy 0.947941
epoch 1620, training accuracy 0.947941
epoch 1630, training accuracy 0.947941
epoch 1640, training accuracy 0.947941
epoch 1650, training accuracy 0.948329
epoch 1660, training accuracy 0.948718
epoch 1670, training accuracy 0.948718
epoch 1680, training accuracy 0.948718
epoch 1690, training accuracy 0.948718
epoch 1700, training accuracy 0.948329
epoch 1710, training accuracy 0.947941
epoch 1720, training accuracy 0.948329
epoch 1730, training accuracy 0.948329
epoch 1740, training accuracy 0.948718
epoch 1750, training accuracy 0.948718
epoch 1760, training accuracy 0.948718
epoch 1770, training accuracy 0.948718
epoch 1780, training accuracy 0.948718
epoch 1790, training accuracy 0.949495
epoch 1800, training accuracy 0.950272
epoch 1810, training accuracy 0.950272
epoch 1820, training accuracy 0.950660
epoch 1830, training accuracy 0.950660
epoch 1840, training accuracy 0.950660
epoch 1850, training accuracy 0.950660
epoch 1860, training accuracy 0.950660
epoch 1870, training accuracy 0.950660
epoch 1880, training accuracy 0.950660
epoch 1890, training accuracy 0.951049
epoch 1900, training accuracy 0.951049
epoch 1910, training accuracy 0.951826
epoch 1920, training accuracy 0.951826
epoch 1930, training accuracy 0.951826
epoch 1940, training accuracy 0.951826
epoch 1950, training accuracy 0.951826
epoch 1960, training accuracy 0.951826
epoch 1970, training accuracy 0.952214
epoch 1980, training accuracy 0.952214
epoch 1990, training accuracy 0.952603
epoch 2000, training accuracy 0.952991
epoch 2010, training accuracy 0.953380
epoch 2020, training accuracy 0.953380
epoch 2030, training accuracy 0.953380
epoch 2040, training accuracy 0.953380
epoch 2050, training accuracy 0.953380
epoch 2060, training accuracy 0.953380
epoch 2070, training accuracy 0.953380
epoch 2080, training accuracy 0.953380
epoch 2090, training accuracy 0.953380
epoch 2100, training accuracy 0.953380
epoch 2110, training accuracy 0.953768
epoch 2120, training accuracy 0.953768
epoch 2130, training accuracy 0.953768
epoch 2140, training accuracy 0.954157
epoch 2150, training accuracy 0.954157
epoch 2160, training accuracy 0.954157
epoch 2170, training accuracy 0.954157
epoch 2180, training accuracy 0.954157
epoch 2190, training accuracy 0.954157
epoch 2200, training accuracy 0.954157
epoch 2210, training accuracy 0.954545
epoch 2220, training accuracy 0.954545
epoch 2230, training accuracy 0.954545
epoch 2240, training accuracy 0.954545
epoch 2250, training accuracy 0.954545
epoch 2260, training accuracy 0.954545
epoch 2270, training accuracy 0.955322
epoch 2280, training accuracy 0.955322
epoch 2290, training accuracy 0.955322
epoch 2300, training accuracy 0.955322
epoch 2310, training accuracy 0.954934
epoch 2320, training accuracy 0.954934
epoch 2330, training accuracy 0.954934
epoch 2340, training accuracy 0.955322
epoch 2350, training accuracy 0.955322
epoch 2360, training accuracy 0.955322
epoch 2370, training accuracy 0.955322
epoch 2380, training accuracy 0.955322
epoch 2390, training accuracy 0.955711
epoch 2400, training accuracy 0.955711
epoch 2410, training accuracy 0.956099
epoch 2420, training accuracy 0.956099
epoch 2430, training accuracy 0.956099
epoch 2440, training accuracy 0.956099
epoch 2450, training accuracy 0.956488
epoch 2460, training accuracy 0.956488
epoch 2470, training accuracy 0.956488
epoch 2480, training accuracy 0.956488
epoch 2490, training accuracy 0.956488
epoch 2500, training accuracy 0.956876
epoch 2510, training accuracy 0.956876
epoch 2520, training accuracy 0.957265
epoch 2530, training accuracy 0.957265
epoch 2540, training accuracy 0.957265
epoch 2550, training accuracy 0.957265
epoch 2560, training accuracy 0.957265
epoch 2570, training accuracy 0.957265
epoch 2580, training accuracy 0.957265
epoch 2590, training accuracy 0.957265
epoch 2600, training accuracy 0.957265
epoch 2610, training accuracy 0.957265
epoch 2620, training accuracy 0.957265
epoch 2630, training accuracy 0.957653
epoch 2640, training accuracy 0.957653
epoch 2650, training accuracy 0.957653
epoch 2660, training accuracy 0.957653
epoch 2670, training accuracy 0.957653
epoch 2680, training accuracy 0.958042
epoch 2690, training accuracy 0.958819
epoch 2700, training accuracy 0.958819
epoch 2710, training accuracy 0.958819
epoch 2720, training accuracy 0.958819
epoch 2730, training accuracy 0.959207
epoch 2740, training accuracy 0.959596
epoch 2750, training accuracy 0.959984
epoch 2760, training accuracy 0.959984
epoch 2770, training accuracy 0.959984
epoch 2780, training accuracy 0.959984
epoch 2790, training accuracy 0.960373
epoch 2800, training accuracy 0.960761
epoch 2810, training accuracy 0.961150
epoch 2820, training accuracy 0.961538
epoch 2830, training accuracy 0.961538
epoch 2840, training accuracy 0.961927
epoch 2850, training accuracy 0.961927
epoch 2860, training accuracy 0.961927
epoch 2870, training accuracy 0.962315
epoch 2880, training accuracy 0.962315
epoch 2890, training accuracy 0.961927
epoch 2900, training accuracy 0.961927
epoch 2910, training accuracy 0.961927
epoch 2920, training accuracy 0.961927
epoch 2930, training accuracy 0.961927
epoch 2940, training accuracy 0.961927
epoch 2950, training accuracy 0.961538
epoch 2960, training accuracy 0.961538
epoch 2970, training accuracy 0.961927
epoch 2980, training accuracy 0.961927
epoch 2990, training accuracy 0.961927
epoch 3000, training accuracy 0.961927
/tmp/dívida_dúvida_validate.py loaded, containing 640 entries, class distribution: [320 320]
correct: [288, 272]
incorrect: [8, 5]
accuracy: [0.972972972972973, 0.9819494584837545]
unclassified: [24, 43]
total accuracy: [0.9, 0.85]
Sun Oct 22 19:50:20 CEST 2017 finished, res_training/por/dívida_dúvida
