Sun Oct 22 23:37:43 CEST 2017 create_training_files
/tmp/seats_sets
2222 lines
1230 seats
992 sets
/tmp/seats_sets_training
1778 lines
989 seats
789 sets
/tmp/seats_sets_validate
444 lines
241 seats
203 sets
generate /tmp/seats_sets_training.py, /tmp/seats_sets_validate.py
:compileJava UP-TO-DATE
:processResources UP-TO-DATE
:classes UP-TO-DATE
:createNGramDatabase
Reading /tmp/seats_sets_training
Tokenizing
undersampling to 795
/tmp/seats_sets_training.pycreated
Reading /tmp/seats_sets_validate
Tokenizing
undersampling to 208
/tmp/seats_sets_validate.pycreated

BUILD SUCCESSFUL

Total time: 4.896 secs

This build could be faster, please consider using the Gradle Daemon: https://docs.gradle.org/2.10/userguide/gradle_daemon.html
Sun Oct 22 23:37:54 CEST 2017 create_classifier
{'self': <__main__.NeuralNetwork object at 0x2b45750c6a58>, 'use_flex_hidden_layer': False, 'num_outputs': 2, 'epochs': 3000, 'embedding_path': 'res_training/eng/embedding/final_embeddings.txt', 'training_data_file': '/tmp/seats_sets_training.py', 'batch_size': 1000, 'dictionary_path': 'res_training/eng/embedding/dictionary.txt', 'num_inputs': 4}
embedding shape (42122, 64)
/tmp/seats_sets_training.py loaded, containing 1590 entries, class distribution: [795 795]
Steps: 3000, 1 steps in 3000 epochs
epoch 0, training accuracy 0.454088
epoch 10, training accuracy 0.449686
epoch 20, training accuracy 0.449057
epoch 30, training accuracy 0.447170
epoch 40, training accuracy 0.452830
epoch 50, training accuracy 0.455975
epoch 60, training accuracy 0.462893
epoch 70, training accuracy 0.468553
epoch 80, training accuracy 0.473585
epoch 90, training accuracy 0.479874
epoch 100, training accuracy 0.485535
epoch 110, training accuracy 0.494969
epoch 120, training accuracy 0.501887
epoch 130, training accuracy 0.509434
epoch 140, training accuracy 0.521384
epoch 150, training accuracy 0.532075
epoch 160, training accuracy 0.541509
epoch 170, training accuracy 0.550314
epoch 180, training accuracy 0.559748
epoch 190, training accuracy 0.566667
epoch 200, training accuracy 0.570440
epoch 210, training accuracy 0.582390
epoch 220, training accuracy 0.586164
epoch 230, training accuracy 0.593711
epoch 240, training accuracy 0.601887
epoch 250, training accuracy 0.606918
epoch 260, training accuracy 0.610692
epoch 270, training accuracy 0.618239
epoch 280, training accuracy 0.622013
epoch 290, training accuracy 0.628931
epoch 300, training accuracy 0.637736
epoch 310, training accuracy 0.649057
epoch 320, training accuracy 0.657233
epoch 330, training accuracy 0.668553
epoch 340, training accuracy 0.674214
epoch 350, training accuracy 0.683019
epoch 360, training accuracy 0.691195
epoch 370, training accuracy 0.693082
epoch 380, training accuracy 0.697484
epoch 390, training accuracy 0.700000
epoch 400, training accuracy 0.705660
epoch 410, training accuracy 0.710063
epoch 420, training accuracy 0.711950
epoch 430, training accuracy 0.716981
epoch 440, training accuracy 0.722013
epoch 450, training accuracy 0.727673
epoch 460, training accuracy 0.729560
epoch 470, training accuracy 0.732704
epoch 480, training accuracy 0.737736
epoch 490, training accuracy 0.742767
epoch 500, training accuracy 0.744025
epoch 510, training accuracy 0.745912
epoch 520, training accuracy 0.744654
epoch 530, training accuracy 0.747170
epoch 540, training accuracy 0.750314
epoch 550, training accuracy 0.752830
epoch 560, training accuracy 0.755346
epoch 570, training accuracy 0.759748
epoch 580, training accuracy 0.764151
epoch 590, training accuracy 0.764780
epoch 600, training accuracy 0.767296
epoch 610, training accuracy 0.771698
epoch 620, training accuracy 0.772327
epoch 630, training accuracy 0.774214
epoch 640, training accuracy 0.776101
epoch 650, training accuracy 0.779245
epoch 660, training accuracy 0.780503
epoch 670, training accuracy 0.779245
epoch 680, training accuracy 0.781132
epoch 690, training accuracy 0.785535
epoch 700, training accuracy 0.789308
epoch 710, training accuracy 0.794340
epoch 720, training accuracy 0.798113
epoch 730, training accuracy 0.799371
epoch 740, training accuracy 0.803145
epoch 750, training accuracy 0.803145
epoch 760, training accuracy 0.804403
epoch 770, training accuracy 0.806289
epoch 780, training accuracy 0.809434
epoch 790, training accuracy 0.810692
epoch 800, training accuracy 0.811950
epoch 810, training accuracy 0.813836
epoch 820, training accuracy 0.815094
epoch 830, training accuracy 0.818239
epoch 840, training accuracy 0.820126
epoch 850, training accuracy 0.821384
epoch 860, training accuracy 0.823270
epoch 870, training accuracy 0.825786
epoch 880, training accuracy 0.825157
epoch 890, training accuracy 0.828302
epoch 900, training accuracy 0.828931
epoch 910, training accuracy 0.828302
epoch 920, training accuracy 0.828931
epoch 930, training accuracy 0.830189
epoch 940, training accuracy 0.830818
epoch 950, training accuracy 0.830818
epoch 960, training accuracy 0.832704
epoch 970, training accuracy 0.833333
epoch 980, training accuracy 0.838365
epoch 990, training accuracy 0.838994
epoch 1000, training accuracy 0.838994
epoch 1010, training accuracy 0.838994
epoch 1020, training accuracy 0.838994
epoch 1030, training accuracy 0.838365
epoch 1040, training accuracy 0.838994
epoch 1050, training accuracy 0.840252
epoch 1060, training accuracy 0.842767
epoch 1070, training accuracy 0.844025
epoch 1080, training accuracy 0.844654
epoch 1090, training accuracy 0.846541
epoch 1100, training accuracy 0.847170
epoch 1110, training accuracy 0.847799
epoch 1120, training accuracy 0.847799
epoch 1130, training accuracy 0.848428
epoch 1140, training accuracy 0.849057
epoch 1150, training accuracy 0.849686
epoch 1160, training accuracy 0.850314
epoch 1170, training accuracy 0.851572
epoch 1180, training accuracy 0.851572
epoch 1190, training accuracy 0.852201
epoch 1200, training accuracy 0.852201
epoch 1210, training accuracy 0.853459
epoch 1220, training accuracy 0.854088
epoch 1230, training accuracy 0.854717
epoch 1240, training accuracy 0.855346
epoch 1250, training accuracy 0.855975
epoch 1260, training accuracy 0.857862
epoch 1270, training accuracy 0.857862
epoch 1280, training accuracy 0.858491
epoch 1290, training accuracy 0.858491
epoch 1300, training accuracy 0.859119
epoch 1310, training accuracy 0.860377
epoch 1320, training accuracy 0.861006
epoch 1330, training accuracy 0.861635
epoch 1340, training accuracy 0.861635
epoch 1350, training accuracy 0.861635
epoch 1360, training accuracy 0.863522
epoch 1370, training accuracy 0.864151
epoch 1380, training accuracy 0.864780
epoch 1390, training accuracy 0.865409
epoch 1400, training accuracy 0.865409
epoch 1410, training accuracy 0.866038
epoch 1420, training accuracy 0.866667
epoch 1430, training accuracy 0.867925
epoch 1440, training accuracy 0.867925
epoch 1450, training accuracy 0.867925
epoch 1460, training accuracy 0.868553
epoch 1470, training accuracy 0.869182
epoch 1480, training accuracy 0.869182
epoch 1490, training accuracy 0.869182
epoch 1500, training accuracy 0.869182
epoch 1510, training accuracy 0.869811
epoch 1520, training accuracy 0.869811
epoch 1530, training accuracy 0.870440
epoch 1540, training accuracy 0.870440
epoch 1550, training accuracy 0.871698
epoch 1560, training accuracy 0.872956
epoch 1570, training accuracy 0.873585
epoch 1580, training accuracy 0.874214
epoch 1590, training accuracy 0.876101
epoch 1600, training accuracy 0.876730
epoch 1610, training accuracy 0.876730
epoch 1620, training accuracy 0.876101
epoch 1630, training accuracy 0.875472
epoch 1640, training accuracy 0.876730
epoch 1650, training accuracy 0.876101
epoch 1660, training accuracy 0.877987
epoch 1670, training accuracy 0.879874
epoch 1680, training accuracy 0.879874
epoch 1690, training accuracy 0.880503
epoch 1700, training accuracy 0.880503
epoch 1710, training accuracy 0.880503
epoch 1720, training accuracy 0.881761
epoch 1730, training accuracy 0.882390
epoch 1740, training accuracy 0.881761
epoch 1750, training accuracy 0.881761
epoch 1760, training accuracy 0.882390
epoch 1770, training accuracy 0.883019
epoch 1780, training accuracy 0.882390
epoch 1790, training accuracy 0.883019
epoch 1800, training accuracy 0.883019
epoch 1810, training accuracy 0.883019
epoch 1820, training accuracy 0.883648
epoch 1830, training accuracy 0.883648
epoch 1840, training accuracy 0.884277
epoch 1850, training accuracy 0.884277
epoch 1860, training accuracy 0.884906
epoch 1870, training accuracy 0.884906
epoch 1880, training accuracy 0.884906
epoch 1890, training accuracy 0.884906
epoch 1900, training accuracy 0.884906
epoch 1910, training accuracy 0.884906
epoch 1920, training accuracy 0.884906
epoch 1930, training accuracy 0.884906
epoch 1940, training accuracy 0.885535
epoch 1950, training accuracy 0.885535
epoch 1960, training accuracy 0.886164
epoch 1970, training accuracy 0.886164
epoch 1980, training accuracy 0.887421
epoch 1990, training accuracy 0.887421
epoch 2000, training accuracy 0.887421
epoch 2010, training accuracy 0.886792
epoch 2020, training accuracy 0.886792
epoch 2030, training accuracy 0.886792
epoch 2040, training accuracy 0.886792
epoch 2050, training accuracy 0.886792
epoch 2060, training accuracy 0.887421
epoch 2070, training accuracy 0.887421
epoch 2080, training accuracy 0.887421
epoch 2090, training accuracy 0.887421
epoch 2100, training accuracy 0.887421
epoch 2110, training accuracy 0.888050
epoch 2120, training accuracy 0.888679
epoch 2130, training accuracy 0.889308
epoch 2140, training accuracy 0.889308
epoch 2150, training accuracy 0.889308
epoch 2160, training accuracy 0.889937
epoch 2170, training accuracy 0.889937
epoch 2180, training accuracy 0.889937
epoch 2190, training accuracy 0.889937
epoch 2200, training accuracy 0.889937
epoch 2210, training accuracy 0.891195
epoch 2220, training accuracy 0.891824
epoch 2230, training accuracy 0.891195
epoch 2240, training accuracy 0.891195
epoch 2250, training accuracy 0.891195
epoch 2260, training accuracy 0.891195
epoch 2270, training accuracy 0.891195
epoch 2280, training accuracy 0.891195
epoch 2290, training accuracy 0.891195
epoch 2300, training accuracy 0.891195
epoch 2310, training accuracy 0.891195
epoch 2320, training accuracy 0.891195
epoch 2330, training accuracy 0.891195
epoch 2340, training accuracy 0.891824
epoch 2350, training accuracy 0.891824
epoch 2360, training accuracy 0.891824
epoch 2370, training accuracy 0.891824
epoch 2380, training accuracy 0.891824
epoch 2390, training accuracy 0.891824
epoch 2400, training accuracy 0.891195
epoch 2410, training accuracy 0.891195
epoch 2420, training accuracy 0.891195
epoch 2430, training accuracy 0.891195
epoch 2440, training accuracy 0.891195
epoch 2450, training accuracy 0.891195
epoch 2460, training accuracy 0.891195
epoch 2470, training accuracy 0.891195
epoch 2480, training accuracy 0.891195
epoch 2490, training accuracy 0.891195
epoch 2500, training accuracy 0.891824
epoch 2510, training accuracy 0.891824
epoch 2520, training accuracy 0.892453
epoch 2530, training accuracy 0.892453
epoch 2540, training accuracy 0.892453
epoch 2550, training accuracy 0.892453
epoch 2560, training accuracy 0.892453
epoch 2570, training accuracy 0.893082
epoch 2580, training accuracy 0.893711
epoch 2590, training accuracy 0.894340
epoch 2600, training accuracy 0.894340
epoch 2610, training accuracy 0.894340
epoch 2620, training accuracy 0.894340
epoch 2630, training accuracy 0.894340
epoch 2640, training accuracy 0.894340
epoch 2650, training accuracy 0.894340
epoch 2660, training accuracy 0.894340
epoch 2670, training accuracy 0.894340
epoch 2680, training accuracy 0.894340
epoch 2690, training accuracy 0.894340
epoch 2700, training accuracy 0.894340
epoch 2710, training accuracy 0.894340
epoch 2720, training accuracy 0.894340
epoch 2730, training accuracy 0.893711
epoch 2740, training accuracy 0.893711
epoch 2750, training accuracy 0.893711
epoch 2760, training accuracy 0.893711
epoch 2770, training accuracy 0.893711
epoch 2780, training accuracy 0.894340
epoch 2790, training accuracy 0.894340
epoch 2800, training accuracy 0.894340
epoch 2810, training accuracy 0.894340
epoch 2820, training accuracy 0.893711
epoch 2830, training accuracy 0.894340
epoch 2840, training accuracy 0.895597
epoch 2850, training accuracy 0.895597
epoch 2860, training accuracy 0.895597
epoch 2870, training accuracy 0.895597
epoch 2880, training accuracy 0.895597
epoch 2890, training accuracy 0.895597
epoch 2900, training accuracy 0.895597
epoch 2910, training accuracy 0.895597
epoch 2920, training accuracy 0.895597
epoch 2930, training accuracy 0.895597
epoch 2940, training accuracy 0.894969
epoch 2950, training accuracy 0.894969
epoch 2960, training accuracy 0.894969
epoch 2970, training accuracy 0.894340
epoch 2980, training accuracy 0.894340
epoch 2990, training accuracy 0.894340
epoch 3000, training accuracy 0.894340
/tmp/seats_sets_validate.py loaded, containing 416 entries, class distribution: [208 208]
correct: [144, 145]
incorrect: [8, 8]
accuracy: [0.9473684210526315, 0.9477124183006536]
unclassified: [56, 55]
total accuracy: [0.6923076923076923, 0.6971153846153846]
Sun Oct 22 23:38:14 CEST 2017 finished, res_training/eng/seats_sets
