Sun Oct 22 17:53:00 CEST 2017 create_training_files
/tmp/as_at
238356 lines
117487 as
132832 at
/tmp/as_at_training
190685 lines
94066 as
106264 at
/tmp/as_at_validate
47671 lines
23421 as
26568 at
generate /tmp/as_at_training.py, /tmp/as_at_validate.py
:compileJava UP-TO-DATE
:processResources UP-TO-DATE
:classes UP-TO-DATE
:createNGramDatabase
Reading /tmp/as_at_training
Tokenizing
undersampling to 110303
/tmp/as_at_training.pycreated
Reading /tmp/as_at_validate
Tokenizing
undersampling to 27443
/tmp/as_at_validate.pycreated

BUILD SUCCESSFUL

Total time: 29.274 secs

This build could be faster, please consider using the Gradle Daemon: https://docs.gradle.org/2.10/userguide/gradle_daemon.html
Sun Oct 22 17:53:58 CEST 2017 create_classifier
{'self': <__main__.NeuralNetwork object at 0x2b7360bc3a58>, 'num_inputs': 4, 'dictionary_path': 'res_training/eng/embedding/dictionary.txt', 'training_data_file': '/tmp/as_at_training.py', 'use_flex_hidden_layer': False, 'embedding_path': 'res_training/eng/embedding/final_embeddings.txt', 'batch_size': 1000, 'num_outputs': 2, 'epochs': 3000}
embedding shape (42122, 64)
/tmp/as_at_training.py loaded, containing 220606 entries, class distribution: [110303 110303]
Steps: 660000, 220 steps in 3000 epochs
epoch 0, training accuracy 0.622191
epoch 10, training accuracy 0.858970
epoch 20, training accuracy 0.875135
epoch 30, training accuracy 0.881309
epoch 40, training accuracy 0.883906
epoch 50, training accuracy 0.885252
epoch 60, training accuracy 0.885737
epoch 70, training accuracy 0.886177
epoch 80, training accuracy 0.886431
epoch 90, training accuracy 0.886630
epoch 100, training accuracy 0.886771
epoch 110, training accuracy 0.886844
epoch 120, training accuracy 0.886884
epoch 130, training accuracy 0.886907
epoch 140, training accuracy 0.886939
epoch 150, training accuracy 0.886857
epoch 160, training accuracy 0.886853
epoch 170, training accuracy 0.886857
epoch 180, training accuracy 0.886989
epoch 190, training accuracy 0.886921
epoch 200, training accuracy 0.886857
epoch 210, training accuracy 0.886721
epoch 220, training accuracy 0.886798
epoch 230, training accuracy 0.886694
epoch 240, training accuracy 0.886789
epoch 250, training accuracy 0.886930
epoch 260, training accuracy 0.886930
epoch 270, training accuracy 0.886993
epoch 280, training accuracy 0.886952
epoch 290, training accuracy 0.886966
epoch 300, training accuracy 0.886943
epoch 310, training accuracy 0.886948
epoch 320, training accuracy 0.886980
epoch 330, training accuracy 0.887007
epoch 340, training accuracy 0.886993
epoch 350, training accuracy 0.886980
epoch 360, training accuracy 0.886939
epoch 370, training accuracy 0.886925
epoch 380, training accuracy 0.886934
epoch 390, training accuracy 0.886848
epoch 400, training accuracy 0.886912
epoch 410, training accuracy 0.886916
epoch 420, training accuracy 0.886844
epoch 430, training accuracy 0.886875
epoch 440, training accuracy 0.886771
epoch 450, training accuracy 0.886916
epoch 460, training accuracy 0.886757
epoch 470, training accuracy 0.886848
epoch 480, training accuracy 0.886893
epoch 490, training accuracy 0.886934
epoch 500, training accuracy 0.886934
epoch 510, training accuracy 0.886948
epoch 520, training accuracy 0.886970
epoch 530, training accuracy 0.886966
epoch 540, training accuracy 0.886966
epoch 550, training accuracy 0.886998
epoch 560, training accuracy 0.886939
epoch 570, training accuracy 0.886984
epoch 580, training accuracy 0.886943
epoch 590, training accuracy 0.886866
epoch 600, training accuracy 0.886902
epoch 610, training accuracy 0.886893
epoch 620, training accuracy 0.886884
epoch 630, training accuracy 0.886930
epoch 640, training accuracy 0.886880
epoch 650, training accuracy 0.886880
epoch 660, training accuracy 0.886762
epoch 670, training accuracy 0.886889
epoch 680, training accuracy 0.886803
epoch 690, training accuracy 0.886857
epoch 700, training accuracy 0.886862
epoch 710, training accuracy 0.886952
epoch 720, training accuracy 0.886925
epoch 730, training accuracy 0.886948
epoch 740, training accuracy 0.886966
epoch 750, training accuracy 0.886989
epoch 760, training accuracy 0.887016
epoch 770, training accuracy 0.886989
epoch 780, training accuracy 0.886934
epoch 790, training accuracy 0.886975
epoch 800, training accuracy 0.886975
epoch 810, training accuracy 0.886912
epoch 820, training accuracy 0.886902
epoch 830, training accuracy 0.886916
epoch 840, training accuracy 0.886893
epoch 850, training accuracy 0.886880
epoch 860, training accuracy 0.886875
epoch 870, training accuracy 0.886816
epoch 880, training accuracy 0.886766
epoch 890, training accuracy 0.886907
epoch 900, training accuracy 0.886812
epoch 910, training accuracy 0.886830
epoch 920, training accuracy 0.886857
epoch 930, training accuracy 0.886952
epoch 940, training accuracy 0.886934
epoch 950, training accuracy 0.886943
epoch 960, training accuracy 0.886970
epoch 970, training accuracy 0.887002
epoch 980, training accuracy 0.886998
epoch 990, training accuracy 0.887002
epoch 1000, training accuracy 0.886934
epoch 1010, training accuracy 0.886961
epoch 1020, training accuracy 0.886952
epoch 1030, training accuracy 0.886898
epoch 1040, training accuracy 0.886916
epoch 1050, training accuracy 0.886912
epoch 1060, training accuracy 0.886898
epoch 1070, training accuracy 0.886898
epoch 1080, training accuracy 0.886825
epoch 1090, training accuracy 0.886816
epoch 1100, training accuracy 0.886771
epoch 1110, training accuracy 0.886766
epoch 1120, training accuracy 0.886821
epoch 1130, training accuracy 0.886844
epoch 1140, training accuracy 0.886853
epoch 1150, training accuracy 0.886948
epoch 1160, training accuracy 0.886921
epoch 1170, training accuracy 0.886957
epoch 1180, training accuracy 0.886948
epoch 1190, training accuracy 0.886993
epoch 1200, training accuracy 0.886998
epoch 1210, training accuracy 0.886943
epoch 1220, training accuracy 0.886912
epoch 1230, training accuracy 0.886984
epoch 1240, training accuracy 0.886925
epoch 1250, training accuracy 0.886875
epoch 1260, training accuracy 0.886902
epoch 1270, training accuracy 0.886921
epoch 1280, training accuracy 0.886880
epoch 1290, training accuracy 0.886866
epoch 1300, training accuracy 0.886880
epoch 1310, training accuracy 0.886744
epoch 1320, training accuracy 0.886757
epoch 1330, training accuracy 0.886762
epoch 1340, training accuracy 0.886825
epoch 1350, training accuracy 0.886839
epoch 1360, training accuracy 0.886862
epoch 1370, training accuracy 0.886952
epoch 1380, training accuracy 0.886939
epoch 1390, training accuracy 0.886957
epoch 1400, training accuracy 0.886966
epoch 1410, training accuracy 0.886966
epoch 1420, training accuracy 0.886998
epoch 1430, training accuracy 0.886961
epoch 1440, training accuracy 0.886943
epoch 1450, training accuracy 0.886961
epoch 1460, training accuracy 0.886916
epoch 1470, training accuracy 0.886921
epoch 1480, training accuracy 0.886898
epoch 1490, training accuracy 0.886912
epoch 1500, training accuracy 0.886880
epoch 1510, training accuracy 0.886862
epoch 1520, training accuracy 0.886902
epoch 1530, training accuracy 0.886812
epoch 1540, training accuracy 0.886789
epoch 1550, training accuracy 0.886744
epoch 1560, training accuracy 0.886848
epoch 1570, training accuracy 0.886775
epoch 1580, training accuracy 0.886862
epoch 1590, training accuracy 0.886939
epoch 1600, training accuracy 0.886948
epoch 1610, training accuracy 0.886970
epoch 1620, training accuracy 0.886980
epoch 1630, training accuracy 0.886975
epoch 1640, training accuracy 0.886966
epoch 1650, training accuracy 0.886970
epoch 1660, training accuracy 0.886966
epoch 1670, training accuracy 0.886957
epoch 1680, training accuracy 0.886898
epoch 1690, training accuracy 0.886943
epoch 1700, training accuracy 0.886898
epoch 1710, training accuracy 0.886925
epoch 1720, training accuracy 0.886916
epoch 1730, training accuracy 0.886898
epoch 1740, training accuracy 0.886957
epoch 1750, training accuracy 0.886803
epoch 1760, training accuracy 0.886925
epoch 1770, training accuracy 0.886739
epoch 1780, training accuracy 0.886857
epoch 1790, training accuracy 0.886771
epoch 1800, training accuracy 0.886884
epoch 1810, training accuracy 0.886893
epoch 1820, training accuracy 0.886952
epoch 1830, training accuracy 0.886970
epoch 1840, training accuracy 0.886966
epoch 1850, training accuracy 0.886980
epoch 1860, training accuracy 0.886961
epoch 1870, training accuracy 0.886970
epoch 1880, training accuracy 0.886984
epoch 1890, training accuracy 0.886980
epoch 1900, training accuracy 0.886943
epoch 1910, training accuracy 0.886943
epoch 1920, training accuracy 0.886916
epoch 1930, training accuracy 0.886916
epoch 1940, training accuracy 0.886916
epoch 1950, training accuracy 0.886902
epoch 1960, training accuracy 0.886925
epoch 1970, training accuracy 0.886807
epoch 1980, training accuracy 0.886925
epoch 1990, training accuracy 0.886735
epoch 2000, training accuracy 0.886853
epoch 2010, training accuracy 0.886748
epoch 2020, training accuracy 0.886853
epoch 2030, training accuracy 0.886934
epoch 2040, training accuracy 0.886939
epoch 2050, training accuracy 0.886970
epoch 2060, training accuracy 0.886993
epoch 2070, training accuracy 0.887011
epoch 2080, training accuracy 0.886952
epoch 2090, training accuracy 0.886989
epoch 2100, training accuracy 0.887020
epoch 2110, training accuracy 0.886989
epoch 2120, training accuracy 0.886943
epoch 2130, training accuracy 0.886948
epoch 2140, training accuracy 0.886912
epoch 2150, training accuracy 0.886925
epoch 2160, training accuracy 0.886902
epoch 2170, training accuracy 0.886921
epoch 2180, training accuracy 0.886907
epoch 2190, training accuracy 0.886830
epoch 2200, training accuracy 0.886952
epoch 2210, training accuracy 0.886739
epoch 2220, training accuracy 0.886893
epoch 2230, training accuracy 0.886762
epoch 2240, training accuracy 0.886853
epoch 2250, training accuracy 0.886930
epoch 2260, training accuracy 0.886907
epoch 2270, training accuracy 0.886970
epoch 2280, training accuracy 0.886993
epoch 2290, training accuracy 0.887002
epoch 2300, training accuracy 0.886943
epoch 2310, training accuracy 0.887002
epoch 2320, training accuracy 0.887002
epoch 2330, training accuracy 0.886998
epoch 2340, training accuracy 0.886975
epoch 2350, training accuracy 0.886939
epoch 2360, training accuracy 0.886921
epoch 2370, training accuracy 0.886912
epoch 2380, training accuracy 0.886907
epoch 2390, training accuracy 0.886921
epoch 2400, training accuracy 0.886902
epoch 2410, training accuracy 0.886834
epoch 2420, training accuracy 0.886943
epoch 2430, training accuracy 0.886762
epoch 2440, training accuracy 0.886884
epoch 2450, training accuracy 0.886744
epoch 2460, training accuracy 0.886862
epoch 2470, training accuracy 0.886912
epoch 2480, training accuracy 0.886921
epoch 2490, training accuracy 0.886948
epoch 2500, training accuracy 0.886961
epoch 2510, training accuracy 0.886975
epoch 2520, training accuracy 0.886966
epoch 2530, training accuracy 0.887007
epoch 2540, training accuracy 0.887002
epoch 2550, training accuracy 0.886989
epoch 2560, training accuracy 0.886980
epoch 2570, training accuracy 0.886943
epoch 2580, training accuracy 0.886907
epoch 2590, training accuracy 0.886907
epoch 2600, training accuracy 0.886893
epoch 2610, training accuracy 0.886930
epoch 2620, training accuracy 0.886898
epoch 2630, training accuracy 0.886857
epoch 2640, training accuracy 0.886907
epoch 2650, training accuracy 0.886762
epoch 2660, training accuracy 0.886889
epoch 2670, training accuracy 0.886762
epoch 2680, training accuracy 0.886866
epoch 2690, training accuracy 0.886871
epoch 2700, training accuracy 0.886921
epoch 2710, training accuracy 0.886957
epoch 2720, training accuracy 0.886966
epoch 2730, training accuracy 0.886984
epoch 2740, training accuracy 0.886975
epoch 2750, training accuracy 0.887011
epoch 2760, training accuracy 0.887007
epoch 2770, training accuracy 0.886943
epoch 2780, training accuracy 0.887007
epoch 2790, training accuracy 0.886989
epoch 2800, training accuracy 0.886889
epoch 2810, training accuracy 0.886921
epoch 2820, training accuracy 0.886893
epoch 2830, training accuracy 0.886916
epoch 2840, training accuracy 0.886921
epoch 2850, training accuracy 0.886884
epoch 2860, training accuracy 0.886812
epoch 2870, training accuracy 0.886771
epoch 2880, training accuracy 0.886902
epoch 2890, training accuracy 0.886834
epoch 2900, training accuracy 0.886898
epoch 2910, training accuracy 0.886853
epoch 2920, training accuracy 0.886916
epoch 2930, training accuracy 0.886970
epoch 2940, training accuracy 0.886961
epoch 2950, training accuracy 0.886993
epoch 2960, training accuracy 0.886980
epoch 2970, training accuracy 0.887011
epoch 2980, training accuracy 0.887020
epoch 2990, training accuracy 0.886957
epoch 3000, training accuracy 0.886993
/tmp/as_at_validate.py loaded, containing 54886 entries, class distribution: [27443 27443]
correct: [21155, 21023]
incorrect: [1453, 1135]
accuracy: [0.9357307147912244, 0.9487769654300929]
unclassified: [4835, 5285]
total accuracy: [0.7708705316474146, 0.7660605618919214]
Sun Oct 22 18:35:16 CEST 2017 finished, res_training/eng/as_at
