Sun Oct 22 19:08:19 CEST 2017 create_training_files
/tmp/concelho_conselho
6483 lines
4956 concelho
1529 conselho
/tmp/concelho_conselho_training
5187 lines
3984 concelho
1203 conselho
/tmp/concelho_conselho_validate
1296 lines
972 concelho
326 conselho
generate /tmp/concelho_conselho_training.py, /tmp/concelho_conselho_validate.py
:compileJava UP-TO-DATE
:processResources UP-TO-DATE
:classes UP-TO-DATE
:createNGramDatabase
Reading /tmp/concelho_conselho_training
Tokenizing
undersampling to 1194
/tmp/concelho_conselho_training.pycreated
Reading /tmp/concelho_conselho_validate
Tokenizing
undersampling to 322
/tmp/concelho_conselho_validate.pycreated

BUILD SUCCESSFUL

Total time: 5.409 secs

This build could be faster, please consider using the Gradle Daemon: https://docs.gradle.org/2.10/userguide/gradle_daemon.html
Sun Oct 22 19:08:30 CEST 2017 create_classifier
{'num_inputs': 4, 'batch_size': 1000, 'epochs': 3000, 'embedding_path': 'res_training/por/embedding/final_embeddings.txt', 'self': <__main__.NeuralNetwork object at 0x2ae4c1af0a58>, 'training_data_file': '/tmp/concelho_conselho_training.py', 'use_flex_hidden_layer': False, 'num_outputs': 2, 'dictionary_path': 'res_training/por/embedding/dictionary.txt'}
embedding shape (44676, 64)
/tmp/concelho_conselho_training.py loaded, containing 2388 entries, class distribution: [1194 1194]
Steps: 6000, 2 steps in 3000 epochs
epoch 0, training accuracy 0.417923
epoch 10, training accuracy 0.462312
epoch 20, training accuracy 0.554439
epoch 30, training accuracy 0.585008
epoch 40, training accuracy 0.618509
epoch 50, training accuracy 0.659129
epoch 60, training accuracy 0.692211
epoch 70, training accuracy 0.707286
epoch 80, training accuracy 0.722362
epoch 90, training accuracy 0.738275
epoch 100, training accuracy 0.752094
epoch 110, training accuracy 0.766750
epoch 120, training accuracy 0.778894
epoch 130, training accuracy 0.796901
epoch 140, training accuracy 0.805695
epoch 150, training accuracy 0.817420
epoch 160, training accuracy 0.824121
epoch 170, training accuracy 0.828308
epoch 180, training accuracy 0.835846
epoch 190, training accuracy 0.840871
epoch 200, training accuracy 0.844640
epoch 210, training accuracy 0.850502
epoch 220, training accuracy 0.854271
epoch 230, training accuracy 0.861809
epoch 240, training accuracy 0.866415
epoch 250, training accuracy 0.868509
epoch 260, training accuracy 0.870603
epoch 270, training accuracy 0.872697
epoch 280, training accuracy 0.874791
epoch 290, training accuracy 0.877303
epoch 300, training accuracy 0.881491
epoch 310, training accuracy 0.883585
epoch 320, training accuracy 0.884841
epoch 330, training accuracy 0.887353
epoch 340, training accuracy 0.889447
epoch 350, training accuracy 0.890285
epoch 360, training accuracy 0.892379
epoch 370, training accuracy 0.894054
epoch 380, training accuracy 0.894472
epoch 390, training accuracy 0.895729
epoch 400, training accuracy 0.896985
epoch 410, training accuracy 0.898241
epoch 420, training accuracy 0.900335
epoch 430, training accuracy 0.902010
epoch 440, training accuracy 0.902429
epoch 450, training accuracy 0.902848
epoch 460, training accuracy 0.904941
epoch 470, training accuracy 0.906616
epoch 480, training accuracy 0.908710
epoch 490, training accuracy 0.909548
epoch 500, training accuracy 0.910804
epoch 510, training accuracy 0.912060
epoch 520, training accuracy 0.912479
epoch 530, training accuracy 0.913317
epoch 540, training accuracy 0.914154
epoch 550, training accuracy 0.915829
epoch 560, training accuracy 0.917504
epoch 570, training accuracy 0.918760
epoch 580, training accuracy 0.918760
epoch 590, training accuracy 0.919598
epoch 600, training accuracy 0.920017
epoch 610, training accuracy 0.920854
epoch 620, training accuracy 0.920854
epoch 630, training accuracy 0.920854
epoch 640, training accuracy 0.922529
epoch 650, training accuracy 0.923367
epoch 660, training accuracy 0.925042
epoch 670, training accuracy 0.925879
epoch 680, training accuracy 0.925879
epoch 690, training accuracy 0.925879
epoch 700, training accuracy 0.926298
epoch 710, training accuracy 0.926717
epoch 720, training accuracy 0.926717
epoch 730, training accuracy 0.926298
epoch 740, training accuracy 0.926717
epoch 750, training accuracy 0.926717
epoch 760, training accuracy 0.927136
epoch 770, training accuracy 0.926717
epoch 780, training accuracy 0.927136
epoch 790, training accuracy 0.927136
epoch 800, training accuracy 0.927554
epoch 810, training accuracy 0.927554
epoch 820, training accuracy 0.927554
epoch 830, training accuracy 0.927554
epoch 840, training accuracy 0.928392
epoch 850, training accuracy 0.928392
epoch 860, training accuracy 0.927973
epoch 870, training accuracy 0.927973
epoch 880, training accuracy 0.927973
epoch 890, training accuracy 0.928392
epoch 900, training accuracy 0.928392
epoch 910, training accuracy 0.928811
epoch 920, training accuracy 0.929648
epoch 930, training accuracy 0.929648
epoch 940, training accuracy 0.929229
epoch 950, training accuracy 0.929229
epoch 960, training accuracy 0.929648
epoch 970, training accuracy 0.930067
epoch 980, training accuracy 0.930486
epoch 990, training accuracy 0.930905
epoch 1000, training accuracy 0.930905
epoch 1010, training accuracy 0.931323
epoch 1020, training accuracy 0.931323
epoch 1030, training accuracy 0.930905
epoch 1040, training accuracy 0.930905
epoch 1050, training accuracy 0.931742
epoch 1060, training accuracy 0.932161
epoch 1070, training accuracy 0.932161
epoch 1080, training accuracy 0.932161
epoch 1090, training accuracy 0.932580
epoch 1100, training accuracy 0.932998
epoch 1110, training accuracy 0.933836
epoch 1120, training accuracy 0.933836
epoch 1130, training accuracy 0.933836
epoch 1140, training accuracy 0.933836
epoch 1150, training accuracy 0.934255
epoch 1160, training accuracy 0.935092
epoch 1170, training accuracy 0.935511
epoch 1180, training accuracy 0.936767
epoch 1190, training accuracy 0.936767
epoch 1200, training accuracy 0.938442
epoch 1210, training accuracy 0.938442
epoch 1220, training accuracy 0.938861
epoch 1230, training accuracy 0.939699
epoch 1240, training accuracy 0.940117
epoch 1250, training accuracy 0.940117
epoch 1260, training accuracy 0.940117
epoch 1270, training accuracy 0.940955
epoch 1280, training accuracy 0.940955
epoch 1290, training accuracy 0.941792
epoch 1300, training accuracy 0.941792
epoch 1310, training accuracy 0.942211
epoch 1320, training accuracy 0.941792
epoch 1330, training accuracy 0.941792
epoch 1340, training accuracy 0.941792
epoch 1350, training accuracy 0.942211
epoch 1360, training accuracy 0.942630
epoch 1370, training accuracy 0.943049
epoch 1380, training accuracy 0.943467
epoch 1390, training accuracy 0.943467
epoch 1400, training accuracy 0.944305
epoch 1410, training accuracy 0.944305
epoch 1420, training accuracy 0.944305
epoch 1430, training accuracy 0.944724
epoch 1440, training accuracy 0.944724
epoch 1450, training accuracy 0.944724
epoch 1460, training accuracy 0.945561
epoch 1470, training accuracy 0.945980
epoch 1480, training accuracy 0.945980
epoch 1490, training accuracy 0.946817
epoch 1500, training accuracy 0.946817
epoch 1510, training accuracy 0.946817
epoch 1520, training accuracy 0.946817
epoch 1530, training accuracy 0.946817
epoch 1540, training accuracy 0.946817
epoch 1550, training accuracy 0.947236
epoch 1560, training accuracy 0.947655
epoch 1570, training accuracy 0.947655
epoch 1580, training accuracy 0.948074
epoch 1590, training accuracy 0.947655
epoch 1600, training accuracy 0.948074
epoch 1610, training accuracy 0.947655
epoch 1620, training accuracy 0.947236
epoch 1630, training accuracy 0.947236
epoch 1640, training accuracy 0.947236
epoch 1650, training accuracy 0.947655
epoch 1660, training accuracy 0.947655
epoch 1670, training accuracy 0.947655
epoch 1680, training accuracy 0.947655
epoch 1690, training accuracy 0.948074
epoch 1700, training accuracy 0.948074
epoch 1710, training accuracy 0.947655
epoch 1720, training accuracy 0.947655
epoch 1730, training accuracy 0.947655
epoch 1740, training accuracy 0.948074
epoch 1750, training accuracy 0.948492
epoch 1760, training accuracy 0.948492
epoch 1770, training accuracy 0.948911
epoch 1780, training accuracy 0.948911
epoch 1790, training accuracy 0.948911
epoch 1800, training accuracy 0.948911
epoch 1810, training accuracy 0.948911
epoch 1820, training accuracy 0.948911
epoch 1830, training accuracy 0.948911
epoch 1840, training accuracy 0.949749
epoch 1850, training accuracy 0.949749
epoch 1860, training accuracy 0.949749
epoch 1870, training accuracy 0.949749
epoch 1880, training accuracy 0.949749
epoch 1890, training accuracy 0.949749
epoch 1900, training accuracy 0.950167
epoch 1910, training accuracy 0.950167
epoch 1920, training accuracy 0.950586
epoch 1930, training accuracy 0.951005
epoch 1940, training accuracy 0.951424
epoch 1950, training accuracy 0.951424
epoch 1960, training accuracy 0.951424
epoch 1970, training accuracy 0.951843
epoch 1980, training accuracy 0.951843
epoch 1990, training accuracy 0.951843
epoch 2000, training accuracy 0.951843
epoch 2010, training accuracy 0.951843
epoch 2020, training accuracy 0.951843
epoch 2030, training accuracy 0.951843
epoch 2040, training accuracy 0.951843
epoch 2050, training accuracy 0.951843
epoch 2060, training accuracy 0.951843
epoch 2070, training accuracy 0.951843
epoch 2080, training accuracy 0.952261
epoch 2090, training accuracy 0.953099
epoch 2100, training accuracy 0.953099
epoch 2110, training accuracy 0.953099
epoch 2120, training accuracy 0.953099
epoch 2130, training accuracy 0.953936
epoch 2140, training accuracy 0.953936
epoch 2150, training accuracy 0.953936
epoch 2160, training accuracy 0.953936
epoch 2170, training accuracy 0.953936
epoch 2180, training accuracy 0.953936
epoch 2190, training accuracy 0.954355
epoch 2200, training accuracy 0.954355
epoch 2210, training accuracy 0.954355
epoch 2220, training accuracy 0.954355
epoch 2230, training accuracy 0.954355
epoch 2240, training accuracy 0.954355
epoch 2250, training accuracy 0.955193
epoch 2260, training accuracy 0.955193
epoch 2270, training accuracy 0.955193
epoch 2280, training accuracy 0.955193
epoch 2290, training accuracy 0.955193
epoch 2300, training accuracy 0.955193
epoch 2310, training accuracy 0.955193
epoch 2320, training accuracy 0.955193
epoch 2330, training accuracy 0.955193
epoch 2340, training accuracy 0.955193
epoch 2350, training accuracy 0.955193
epoch 2360, training accuracy 0.955611
epoch 2370, training accuracy 0.955611
epoch 2380, training accuracy 0.956030
epoch 2390, training accuracy 0.956030
epoch 2400, training accuracy 0.956030
epoch 2410, training accuracy 0.956030
epoch 2420, training accuracy 0.956030
epoch 2430, training accuracy 0.956449
epoch 2440, training accuracy 0.956449
epoch 2450, training accuracy 0.956449
epoch 2460, training accuracy 0.956449
epoch 2470, training accuracy 0.957286
epoch 2480, training accuracy 0.957286
epoch 2490, training accuracy 0.957705
epoch 2500, training accuracy 0.957705
epoch 2510, training accuracy 0.957705
epoch 2520, training accuracy 0.958543
epoch 2530, training accuracy 0.958543
epoch 2540, training accuracy 0.958543
epoch 2550, training accuracy 0.958543
epoch 2560, training accuracy 0.958543
epoch 2570, training accuracy 0.958543
epoch 2580, training accuracy 0.958543
epoch 2590, training accuracy 0.958543
epoch 2600, training accuracy 0.959799
epoch 2610, training accuracy 0.959380
epoch 2620, training accuracy 0.959380
epoch 2630, training accuracy 0.959799
epoch 2640, training accuracy 0.960218
epoch 2650, training accuracy 0.960218
epoch 2660, training accuracy 0.960636
epoch 2670, training accuracy 0.960636
epoch 2680, training accuracy 0.960218
epoch 2690, training accuracy 0.960218
epoch 2700, training accuracy 0.960218
epoch 2710, training accuracy 0.960218
epoch 2720, training accuracy 0.960218
epoch 2730, training accuracy 0.960218
epoch 2740, training accuracy 0.960218
epoch 2750, training accuracy 0.960218
epoch 2760, training accuracy 0.960636
epoch 2770, training accuracy 0.960636
epoch 2780, training accuracy 0.960636
epoch 2790, training accuracy 0.961474
epoch 2800, training accuracy 0.961474
epoch 2810, training accuracy 0.961474
epoch 2820, training accuracy 0.961474
epoch 2830, training accuracy 0.961474
epoch 2840, training accuracy 0.961893
epoch 2850, training accuracy 0.961893
epoch 2860, training accuracy 0.961893
epoch 2870, training accuracy 0.961893
epoch 2880, training accuracy 0.961893
epoch 2890, training accuracy 0.961893
epoch 2900, training accuracy 0.962312
epoch 2910, training accuracy 0.962312
epoch 2920, training accuracy 0.962312
epoch 2930, training accuracy 0.962730
epoch 2940, training accuracy 0.962730
epoch 2950, training accuracy 0.962730
epoch 2960, training accuracy 0.962730
epoch 2970, training accuracy 0.962730
epoch 2980, training accuracy 0.962730
epoch 2990, training accuracy 0.962730
epoch 3000, training accuracy 0.962312
/tmp/concelho_conselho_validate.py loaded, containing 644 entries, class distribution: [322 322]
correct: [286, 276]
incorrect: [2, 7]
accuracy: [0.9930555555555556, 0.9752650176678446]
unclassified: [34, 39]
total accuracy: [0.8881987577639752, 0.8571428571428571]
Sun Oct 22 19:08:59 CEST 2017 finished, res_training/por/concelho_conselho
