Sun Oct 22 20:39:26 CEST 2017 create_training_files
/tmp/fonte_forte
9300 lines
4743 fonte
4576 forte
/tmp/fonte_forte_training
7440 lines
3767 fonte
3687 forte
/tmp/fonte_forte_validate
1860 lines
976 fonte
889 forte
generate /tmp/fonte_forte_training.py, /tmp/fonte_forte_validate.py
:compileJava UP-TO-DATE
:processResources UP-TO-DATE
:classes UP-TO-DATE
:createNGramDatabase
Reading /tmp/fonte_forte_training
Tokenizing
undersampling to 3773
/tmp/fonte_forte_training.pycreated
Reading /tmp/fonte_forte_validate
Tokenizing
undersampling to 902
/tmp/fonte_forte_validate.pycreated

BUILD SUCCESSFUL

Total time: 5.565 secs

This build could be faster, please consider using the Gradle Daemon: https://docs.gradle.org/2.10/userguide/gradle_daemon.html
Sun Oct 22 20:39:36 CEST 2017 create_classifier
{'num_inputs': 4, 'training_data_file': '/tmp/fonte_forte_training.py', 'use_flex_hidden_layer': False, 'self': <__main__.NeuralNetwork object at 0x2b5f9a778a58>, 'epochs': 3000, 'embedding_path': 'res_training/por/embedding/final_embeddings.txt', 'num_outputs': 2, 'batch_size': 1000, 'dictionary_path': 'res_training/por/embedding/dictionary.txt'}
embedding shape (44676, 64)
/tmp/fonte_forte_training.py loaded, containing 7546 entries, class distribution: [3773 3773]
Steps: 21000, 7 steps in 3000 epochs
epoch 0, training accuracy 0.358468
epoch 10, training accuracy 0.484363
epoch 20, training accuracy 0.628412
epoch 30, training accuracy 0.731248
epoch 40, training accuracy 0.790353
epoch 50, training accuracy 0.839253
epoch 60, training accuracy 0.867214
epoch 70, training accuracy 0.886562
epoch 80, training accuracy 0.901272
epoch 90, training accuracy 0.913464
epoch 100, training accuracy 0.921680
epoch 110, training accuracy 0.926981
epoch 120, training accuracy 0.932282
epoch 130, training accuracy 0.936523
epoch 140, training accuracy 0.939836
epoch 150, training accuracy 0.944341
epoch 160, training accuracy 0.946727
epoch 170, training accuracy 0.948715
epoch 180, training accuracy 0.950702
epoch 190, training accuracy 0.952293
epoch 200, training accuracy 0.954015
epoch 210, training accuracy 0.955738
epoch 220, training accuracy 0.957593
epoch 230, training accuracy 0.958389
epoch 240, training accuracy 0.959581
epoch 250, training accuracy 0.960774
epoch 260, training accuracy 0.961834
epoch 270, training accuracy 0.962364
epoch 280, training accuracy 0.963159
epoch 290, training accuracy 0.963557
epoch 300, training accuracy 0.964617
epoch 310, training accuracy 0.965545
epoch 320, training accuracy 0.965545
epoch 330, training accuracy 0.965810
epoch 340, training accuracy 0.966207
epoch 350, training accuracy 0.966472
epoch 360, training accuracy 0.967400
epoch 370, training accuracy 0.968063
epoch 380, training accuracy 0.968328
epoch 390, training accuracy 0.968593
epoch 400, training accuracy 0.968593
epoch 410, training accuracy 0.968858
epoch 420, training accuracy 0.969123
epoch 430, training accuracy 0.969653
epoch 440, training accuracy 0.970845
epoch 450, training accuracy 0.971243
epoch 460, training accuracy 0.971773
epoch 470, training accuracy 0.972171
epoch 480, training accuracy 0.972303
epoch 490, training accuracy 0.972966
epoch 500, training accuracy 0.973496
epoch 510, training accuracy 0.973893
epoch 520, training accuracy 0.974158
epoch 530, training accuracy 0.974291
epoch 540, training accuracy 0.974291
epoch 550, training accuracy 0.974954
epoch 560, training accuracy 0.975219
epoch 570, training accuracy 0.975219
epoch 580, training accuracy 0.975749
epoch 590, training accuracy 0.976279
epoch 600, training accuracy 0.976411
epoch 610, training accuracy 0.976676
epoch 620, training accuracy 0.977074
epoch 630, training accuracy 0.977074
epoch 640, training accuracy 0.977206
epoch 650, training accuracy 0.977206
epoch 660, training accuracy 0.977472
epoch 670, training accuracy 0.977737
epoch 680, training accuracy 0.977869
epoch 690, training accuracy 0.977869
epoch 700, training accuracy 0.977869
epoch 710, training accuracy 0.977869
epoch 720, training accuracy 0.978002
epoch 730, training accuracy 0.978002
epoch 740, training accuracy 0.978134
epoch 750, training accuracy 0.978267
epoch 760, training accuracy 0.978664
epoch 770, training accuracy 0.978797
epoch 780, training accuracy 0.979194
epoch 790, training accuracy 0.979194
epoch 800, training accuracy 0.979194
epoch 810, training accuracy 0.979194
epoch 820, training accuracy 0.979592
epoch 830, training accuracy 0.979592
epoch 840, training accuracy 0.979724
epoch 850, training accuracy 0.979724
epoch 860, training accuracy 0.979989
epoch 870, training accuracy 0.980254
epoch 880, training accuracy 0.980254
epoch 890, training accuracy 0.980254
epoch 900, training accuracy 0.980387
epoch 910, training accuracy 0.980519
epoch 920, training accuracy 0.980519
epoch 930, training accuracy 0.980652
epoch 940, training accuracy 0.980652
epoch 950, training accuracy 0.980785
epoch 960, training accuracy 0.981182
epoch 970, training accuracy 0.981182
epoch 980, training accuracy 0.981315
epoch 990, training accuracy 0.981447
epoch 1000, training accuracy 0.981315
epoch 1010, training accuracy 0.981447
epoch 1020, training accuracy 0.981447
epoch 1030, training accuracy 0.981447
epoch 1040, training accuracy 0.981315
epoch 1050, training accuracy 0.981580
epoch 1060, training accuracy 0.981977
epoch 1070, training accuracy 0.981977
epoch 1080, training accuracy 0.982110
epoch 1090, training accuracy 0.982242
epoch 1100, training accuracy 0.982507
epoch 1110, training accuracy 0.982772
epoch 1120, training accuracy 0.982905
epoch 1130, training accuracy 0.983037
epoch 1140, training accuracy 0.983037
epoch 1150, training accuracy 0.983037
epoch 1160, training accuracy 0.983037
epoch 1170, training accuracy 0.983170
epoch 1180, training accuracy 0.983302
epoch 1190, training accuracy 0.983302
epoch 1200, training accuracy 0.983302
epoch 1210, training accuracy 0.983170
epoch 1220, training accuracy 0.983170
epoch 1230, training accuracy 0.983302
epoch 1240, training accuracy 0.983302
epoch 1250, training accuracy 0.983170
epoch 1260, training accuracy 0.983170
epoch 1270, training accuracy 0.983170
epoch 1280, training accuracy 0.983435
epoch 1290, training accuracy 0.983832
epoch 1300, training accuracy 0.983832
epoch 1310, training accuracy 0.983700
epoch 1320, training accuracy 0.983832
epoch 1330, training accuracy 0.984230
epoch 1340, training accuracy 0.984098
epoch 1350, training accuracy 0.984098
epoch 1360, training accuracy 0.984098
epoch 1370, training accuracy 0.984098
epoch 1380, training accuracy 0.984230
epoch 1390, training accuracy 0.984230
epoch 1400, training accuracy 0.984363
epoch 1410, training accuracy 0.984363
epoch 1420, training accuracy 0.984495
epoch 1430, training accuracy 0.984495
epoch 1440, training accuracy 0.984628
epoch 1450, training accuracy 0.984893
epoch 1460, training accuracy 0.985025
epoch 1470, training accuracy 0.985025
epoch 1480, training accuracy 0.985025
epoch 1490, training accuracy 0.985025
epoch 1500, training accuracy 0.985025
epoch 1510, training accuracy 0.985025
epoch 1520, training accuracy 0.985158
epoch 1530, training accuracy 0.985423
epoch 1540, training accuracy 0.985423
epoch 1550, training accuracy 0.985423
epoch 1560, training accuracy 0.985423
epoch 1570, training accuracy 0.985423
epoch 1580, training accuracy 0.985423
epoch 1590, training accuracy 0.985423
epoch 1600, training accuracy 0.985423
epoch 1610, training accuracy 0.985423
epoch 1620, training accuracy 0.985423
epoch 1630, training accuracy 0.985423
epoch 1640, training accuracy 0.985423
epoch 1650, training accuracy 0.985688
epoch 1660, training accuracy 0.985820
epoch 1670, training accuracy 0.985953
epoch 1680, training accuracy 0.986085
epoch 1690, training accuracy 0.986085
epoch 1700, training accuracy 0.986085
epoch 1710, training accuracy 0.986085
epoch 1720, training accuracy 0.986085
epoch 1730, training accuracy 0.986218
epoch 1740, training accuracy 0.986218
epoch 1750, training accuracy 0.986218
epoch 1760, training accuracy 0.986218
epoch 1770, training accuracy 0.986350
epoch 1780, training accuracy 0.986350
epoch 1790, training accuracy 0.986350
epoch 1800, training accuracy 0.986350
epoch 1810, training accuracy 0.986350
epoch 1820, training accuracy 0.986483
epoch 1830, training accuracy 0.986615
epoch 1840, training accuracy 0.986615
epoch 1850, training accuracy 0.986615
epoch 1860, training accuracy 0.986615
epoch 1870, training accuracy 0.986615
epoch 1880, training accuracy 0.986615
epoch 1890, training accuracy 0.986748
epoch 1900, training accuracy 0.986748
epoch 1910, training accuracy 0.986748
epoch 1920, training accuracy 0.986748
epoch 1930, training accuracy 0.986748
epoch 1940, training accuracy 0.986748
epoch 1950, training accuracy 0.986748
epoch 1960, training accuracy 0.986748
epoch 1970, training accuracy 0.986748
epoch 1980, training accuracy 0.986748
epoch 1990, training accuracy 0.987013
epoch 2000, training accuracy 0.987013
epoch 2010, training accuracy 0.987145
epoch 2020, training accuracy 0.987145
epoch 2030, training accuracy 0.987145
epoch 2040, training accuracy 0.987145
epoch 2050, training accuracy 0.987145
epoch 2060, training accuracy 0.987145
epoch 2070, training accuracy 0.987145
epoch 2080, training accuracy 0.987013
epoch 2090, training accuracy 0.987013
epoch 2100, training accuracy 0.987013
epoch 2110, training accuracy 0.987013
epoch 2120, training accuracy 0.987145
epoch 2130, training accuracy 0.987145
epoch 2140, training accuracy 0.987145
epoch 2150, training accuracy 0.987145
epoch 2160, training accuracy 0.987278
epoch 2170, training accuracy 0.987278
epoch 2180, training accuracy 0.987278
epoch 2190, training accuracy 0.987278
epoch 2200, training accuracy 0.987278
epoch 2210, training accuracy 0.987543
epoch 2220, training accuracy 0.987543
epoch 2230, training accuracy 0.987676
epoch 2240, training accuracy 0.987676
epoch 2250, training accuracy 0.987808
epoch 2260, training accuracy 0.987808
epoch 2270, training accuracy 0.987808
epoch 2280, training accuracy 0.987808
epoch 2290, training accuracy 0.987941
epoch 2300, training accuracy 0.987941
epoch 2310, training accuracy 0.988073
epoch 2320, training accuracy 0.987941
epoch 2330, training accuracy 0.987941
epoch 2340, training accuracy 0.987941
epoch 2350, training accuracy 0.987941
epoch 2360, training accuracy 0.987941
epoch 2370, training accuracy 0.987941
epoch 2380, training accuracy 0.987941
epoch 2390, training accuracy 0.987941
epoch 2400, training accuracy 0.988073
epoch 2410, training accuracy 0.988073
epoch 2420, training accuracy 0.988073
epoch 2430, training accuracy 0.988073
epoch 2440, training accuracy 0.988073
epoch 2450, training accuracy 0.988073
epoch 2460, training accuracy 0.988206
epoch 2470, training accuracy 0.988338
epoch 2480, training accuracy 0.988338
epoch 2490, training accuracy 0.988338
epoch 2500, training accuracy 0.988338
epoch 2510, training accuracy 0.988338
epoch 2520, training accuracy 0.988471
epoch 2530, training accuracy 0.988471
epoch 2540, training accuracy 0.988471
epoch 2550, training accuracy 0.988471
epoch 2560, training accuracy 0.988471
epoch 2570, training accuracy 0.988471
epoch 2580, training accuracy 0.988471
epoch 2590, training accuracy 0.988471
epoch 2600, training accuracy 0.988471
epoch 2610, training accuracy 0.988471
epoch 2620, training accuracy 0.988471
epoch 2630, training accuracy 0.988471
epoch 2640, training accuracy 0.988471
epoch 2650, training accuracy 0.988603
epoch 2660, training accuracy 0.988603
epoch 2670, training accuracy 0.988603
epoch 2680, training accuracy 0.988603
epoch 2690, training accuracy 0.988603
epoch 2700, training accuracy 0.988736
epoch 2710, training accuracy 0.988736
epoch 2720, training accuracy 0.988736
epoch 2730, training accuracy 0.988736
epoch 2740, training accuracy 0.988736
epoch 2750, training accuracy 0.988736
epoch 2760, training accuracy 0.988736
epoch 2770, training accuracy 0.988736
epoch 2780, training accuracy 0.988736
epoch 2790, training accuracy 0.988736
epoch 2800, training accuracy 0.988736
epoch 2810, training accuracy 0.988736
epoch 2820, training accuracy 0.988603
epoch 2830, training accuracy 0.988603
epoch 2840, training accuracy 0.988603
epoch 2850, training accuracy 0.988736
epoch 2860, training accuracy 0.988736
epoch 2870, training accuracy 0.988868
epoch 2880, training accuracy 0.988868
epoch 2890, training accuracy 0.988868
epoch 2900, training accuracy 0.988868
epoch 2910, training accuracy 0.988868
epoch 2920, training accuracy 0.988868
epoch 2930, training accuracy 0.988868
epoch 2940, training accuracy 0.988868
epoch 2950, training accuracy 0.988868
epoch 2960, training accuracy 0.988868
epoch 2970, training accuracy 0.989001
epoch 2980, training accuracy 0.989001
epoch 2990, training accuracy 0.989001
epoch 3000, training accuracy 0.989001
/tmp/fonte_forte_validate.py loaded, containing 1804 entries, class distribution: [902 902]
correct: [870, 863]
incorrect: [10, 9]
accuracy: [0.9886363636363636, 0.9896788990825688]
unclassified: [22, 30]
total accuracy: [0.9645232815964523, 0.9567627494456763]
Sun Oct 22 20:41:03 CEST 2017 finished, res_training/por/fonte_forte
