Sun Oct 22 19:04:29 CEST 2017 create_training_files
/tmp/bit_but
70011 lines
4402 bit
66245 but
/tmp/bit_but_training
56009 lines
3539 bit
52992 but
/tmp/bit_but_validate
14002 lines
863 bit
13253 but
generate /tmp/bit_but_training.py, /tmp/bit_but_validate.py
:compileJava UP-TO-DATE
:processResources UP-TO-DATE
:classes UP-TO-DATE
:createNGramDatabase
Reading /tmp/bit_but_training
Tokenizing
undersampling to 3609
/tmp/bit_but_training.pycreated
Reading /tmp/bit_but_validate
Tokenizing
undersampling to 878
/tmp/bit_but_validate.pycreated

BUILD SUCCESSFUL

Total time: 10.845 secs

This build could be faster, please consider using the Gradle Daemon: https://docs.gradle.org/2.10/userguide/gradle_daemon.html
Sun Oct 22 19:04:44 CEST 2017 create_classifier
{'num_outputs': 2, 'self': <__main__.NeuralNetwork object at 0x2b556e508a58>, 'dictionary_path': 'res_training/eng/embedding/dictionary.txt', 'epochs': 3000, 'batch_size': 1000, 'num_inputs': 4, 'training_data_file': '/tmp/bit_but_training.py', 'use_flex_hidden_layer': False, 'embedding_path': 'res_training/eng/embedding/final_embeddings.txt'}
embedding shape (42122, 64)
/tmp/bit_but_training.py loaded, containing 7218 entries, class distribution: [3609 3609]
Steps: 21000, 7 steps in 3000 epochs
epoch 0, training accuracy 0.497506
epoch 10, training accuracy 0.614852
epoch 20, training accuracy 0.732474
epoch 30, training accuracy 0.808950
epoch 40, training accuracy 0.856886
epoch 50, training accuracy 0.888335
epoch 60, training accuracy 0.906484
epoch 70, training accuracy 0.919784
epoch 80, training accuracy 0.931006
epoch 90, training accuracy 0.935716
epoch 100, training accuracy 0.940427
epoch 110, training accuracy 0.944029
epoch 120, training accuracy 0.946523
epoch 130, training accuracy 0.948047
epoch 140, training accuracy 0.950402
epoch 150, training accuracy 0.951510
epoch 160, training accuracy 0.952896
epoch 170, training accuracy 0.954419
epoch 180, training accuracy 0.956082
epoch 190, training accuracy 0.957606
epoch 200, training accuracy 0.957745
epoch 210, training accuracy 0.958714
epoch 220, training accuracy 0.959130
epoch 230, training accuracy 0.959407
epoch 240, training accuracy 0.959546
epoch 250, training accuracy 0.959961
epoch 260, training accuracy 0.959961
epoch 270, training accuracy 0.960515
epoch 280, training accuracy 0.960931
epoch 290, training accuracy 0.961762
epoch 300, training accuracy 0.962039
epoch 310, training accuracy 0.962455
epoch 320, training accuracy 0.962593
epoch 330, training accuracy 0.963286
epoch 340, training accuracy 0.963979
epoch 350, training accuracy 0.964395
epoch 360, training accuracy 0.964672
epoch 370, training accuracy 0.965087
epoch 380, training accuracy 0.965503
epoch 390, training accuracy 0.965919
epoch 400, training accuracy 0.966334
epoch 410, training accuracy 0.966750
epoch 420, training accuracy 0.967304
epoch 430, training accuracy 0.968689
epoch 440, training accuracy 0.969244
epoch 450, training accuracy 0.969244
epoch 460, training accuracy 0.969521
epoch 470, training accuracy 0.969798
epoch 480, training accuracy 0.970213
epoch 490, training accuracy 0.970629
epoch 500, training accuracy 0.971045
epoch 510, training accuracy 0.971599
epoch 520, training accuracy 0.972291
epoch 530, training accuracy 0.972569
epoch 540, training accuracy 0.973400
epoch 550, training accuracy 0.973538
epoch 560, training accuracy 0.973677
epoch 570, training accuracy 0.974231
epoch 580, training accuracy 0.974647
epoch 590, training accuracy 0.975339
epoch 600, training accuracy 0.975478
epoch 610, training accuracy 0.975478
epoch 620, training accuracy 0.975755
epoch 630, training accuracy 0.976032
epoch 640, training accuracy 0.976309
epoch 650, training accuracy 0.976448
epoch 660, training accuracy 0.976863
epoch 670, training accuracy 0.977002
epoch 680, training accuracy 0.977140
epoch 690, training accuracy 0.977418
epoch 700, training accuracy 0.977556
epoch 710, training accuracy 0.977695
epoch 720, training accuracy 0.977833
epoch 730, training accuracy 0.978110
epoch 740, training accuracy 0.978387
epoch 750, training accuracy 0.978803
epoch 760, training accuracy 0.979219
epoch 770, training accuracy 0.979634
epoch 780, training accuracy 0.980188
epoch 790, training accuracy 0.980188
epoch 800, training accuracy 0.980604
epoch 810, training accuracy 0.980743
epoch 820, training accuracy 0.980743
epoch 830, training accuracy 0.980604
epoch 840, training accuracy 0.980881
epoch 850, training accuracy 0.980881
epoch 860, training accuracy 0.980743
epoch 870, training accuracy 0.980881
epoch 880, training accuracy 0.981020
epoch 890, training accuracy 0.981712
epoch 900, training accuracy 0.981712
epoch 910, training accuracy 0.981851
epoch 920, training accuracy 0.981989
epoch 930, training accuracy 0.982405
epoch 940, training accuracy 0.982405
epoch 950, training accuracy 0.982405
epoch 960, training accuracy 0.982682
epoch 970, training accuracy 0.982682
epoch 980, training accuracy 0.982821
epoch 990, training accuracy 0.982821
epoch 1000, training accuracy 0.982821
epoch 1010, training accuracy 0.982959
epoch 1020, training accuracy 0.983236
epoch 1030, training accuracy 0.983098
epoch 1040, training accuracy 0.983098
epoch 1050, training accuracy 0.983098
epoch 1060, training accuracy 0.983098
epoch 1070, training accuracy 0.983375
epoch 1080, training accuracy 0.983236
epoch 1090, training accuracy 0.983236
epoch 1100, training accuracy 0.983652
epoch 1110, training accuracy 0.983791
epoch 1120, training accuracy 0.983791
epoch 1130, training accuracy 0.983929
epoch 1140, training accuracy 0.984345
epoch 1150, training accuracy 0.984345
epoch 1160, training accuracy 0.984345
epoch 1170, training accuracy 0.984345
epoch 1180, training accuracy 0.984483
epoch 1190, training accuracy 0.984622
epoch 1200, training accuracy 0.984760
epoch 1210, training accuracy 0.984760
epoch 1220, training accuracy 0.984899
epoch 1230, training accuracy 0.985037
epoch 1240, training accuracy 0.985176
epoch 1250, training accuracy 0.985176
epoch 1260, training accuracy 0.985176
epoch 1270, training accuracy 0.985037
epoch 1280, training accuracy 0.985176
epoch 1290, training accuracy 0.985314
epoch 1300, training accuracy 0.985314
epoch 1310, training accuracy 0.985314
epoch 1320, training accuracy 0.985453
epoch 1330, training accuracy 0.985453
epoch 1340, training accuracy 0.985730
epoch 1350, training accuracy 0.985730
epoch 1360, training accuracy 0.985730
epoch 1370, training accuracy 0.986007
epoch 1380, training accuracy 0.986007
epoch 1390, training accuracy 0.986007
epoch 1400, training accuracy 0.986007
epoch 1410, training accuracy 0.986146
epoch 1420, training accuracy 0.986146
epoch 1430, training accuracy 0.986146
epoch 1440, training accuracy 0.986284
epoch 1450, training accuracy 0.986284
epoch 1460, training accuracy 0.986284
epoch 1470, training accuracy 0.986423
epoch 1480, training accuracy 0.986423
epoch 1490, training accuracy 0.986423
epoch 1500, training accuracy 0.986561
epoch 1510, training accuracy 0.986700
epoch 1520, training accuracy 0.986838
epoch 1530, training accuracy 0.986838
epoch 1540, training accuracy 0.986977
epoch 1550, training accuracy 0.987393
epoch 1560, training accuracy 0.987393
epoch 1570, training accuracy 0.987531
epoch 1580, training accuracy 0.987531
epoch 1590, training accuracy 0.987670
epoch 1600, training accuracy 0.987808
epoch 1610, training accuracy 0.987947
epoch 1620, training accuracy 0.988085
epoch 1630, training accuracy 0.988085
epoch 1640, training accuracy 0.988085
epoch 1650, training accuracy 0.988362
epoch 1660, training accuracy 0.988362
epoch 1670, training accuracy 0.988362
epoch 1680, training accuracy 0.988640
epoch 1690, training accuracy 0.988778
epoch 1700, training accuracy 0.988917
epoch 1710, training accuracy 0.988917
epoch 1720, training accuracy 0.988917
epoch 1730, training accuracy 0.988917
epoch 1740, training accuracy 0.988917
epoch 1750, training accuracy 0.988917
epoch 1760, training accuracy 0.989055
epoch 1770, training accuracy 0.989055
epoch 1780, training accuracy 0.989055
epoch 1790, training accuracy 0.989055
epoch 1800, training accuracy 0.989194
epoch 1810, training accuracy 0.989194
epoch 1820, training accuracy 0.989055
epoch 1830, training accuracy 0.989055
epoch 1840, training accuracy 0.989194
epoch 1850, training accuracy 0.989332
epoch 1860, training accuracy 0.989332
epoch 1870, training accuracy 0.989332
epoch 1880, training accuracy 0.989471
epoch 1890, training accuracy 0.989609
epoch 1900, training accuracy 0.989609
epoch 1910, training accuracy 0.989609
epoch 1920, training accuracy 0.989609
epoch 1930, training accuracy 0.989609
epoch 1940, training accuracy 0.989471
epoch 1950, training accuracy 0.989471
epoch 1960, training accuracy 0.989471
epoch 1970, training accuracy 0.989471
epoch 1980, training accuracy 0.989609
epoch 1990, training accuracy 0.989609
epoch 2000, training accuracy 0.989609
epoch 2010, training accuracy 0.989609
epoch 2020, training accuracy 0.989748
epoch 2030, training accuracy 0.989748
epoch 2040, training accuracy 0.989748
epoch 2050, training accuracy 0.989748
epoch 2060, training accuracy 0.989748
epoch 2070, training accuracy 0.989886
epoch 2080, training accuracy 0.989886
epoch 2090, training accuracy 0.989886
epoch 2100, training accuracy 0.989886
epoch 2110, training accuracy 0.989886
epoch 2120, training accuracy 0.989886
epoch 2130, training accuracy 0.990025
epoch 2140, training accuracy 0.990025
epoch 2150, training accuracy 0.990025
epoch 2160, training accuracy 0.990025
epoch 2170, training accuracy 0.990025
epoch 2180, training accuracy 0.990025
epoch 2190, training accuracy 0.990025
epoch 2200, training accuracy 0.990164
epoch 2210, training accuracy 0.990164
epoch 2220, training accuracy 0.990164
epoch 2230, training accuracy 0.990164
epoch 2240, training accuracy 0.990164
epoch 2250, training accuracy 0.990164
epoch 2260, training accuracy 0.990164
epoch 2270, training accuracy 0.990164
epoch 2280, training accuracy 0.990164
epoch 2290, training accuracy 0.990164
epoch 2300, training accuracy 0.990164
epoch 2310, training accuracy 0.990164
epoch 2320, training accuracy 0.990164
epoch 2330, training accuracy 0.990164
epoch 2340, training accuracy 0.990025
epoch 2350, training accuracy 0.990025
epoch 2360, training accuracy 0.990164
epoch 2370, training accuracy 0.990164
epoch 2380, training accuracy 0.990302
epoch 2390, training accuracy 0.990302
epoch 2400, training accuracy 0.990302
epoch 2410, training accuracy 0.990302
epoch 2420, training accuracy 0.990302
epoch 2430, training accuracy 0.990302
epoch 2440, training accuracy 0.990302
epoch 2450, training accuracy 0.990302
epoch 2460, training accuracy 0.990302
epoch 2470, training accuracy 0.990302
epoch 2480, training accuracy 0.990302
epoch 2490, training accuracy 0.990302
epoch 2500, training accuracy 0.990579
epoch 2510, training accuracy 0.990579
epoch 2520, training accuracy 0.990579
epoch 2530, training accuracy 0.990579
epoch 2540, training accuracy 0.990579
epoch 2550, training accuracy 0.990579
epoch 2560, training accuracy 0.990579
epoch 2570, training accuracy 0.990579
epoch 2580, training accuracy 0.990579
epoch 2590, training accuracy 0.990718
epoch 2600, training accuracy 0.990718
epoch 2610, training accuracy 0.990718
epoch 2620, training accuracy 0.990718
epoch 2630, training accuracy 0.990718
epoch 2640, training accuracy 0.990718
epoch 2650, training accuracy 0.990718
epoch 2660, training accuracy 0.990718
epoch 2670, training accuracy 0.990856
epoch 2680, training accuracy 0.990856
epoch 2690, training accuracy 0.990995
epoch 2700, training accuracy 0.991272
epoch 2710, training accuracy 0.991272
epoch 2720, training accuracy 0.991272
epoch 2730, training accuracy 0.991272
epoch 2740, training accuracy 0.991272
epoch 2750, training accuracy 0.991410
epoch 2760, training accuracy 0.991410
epoch 2770, training accuracy 0.991410
epoch 2780, training accuracy 0.991410
epoch 2790, training accuracy 0.991410
epoch 2800, training accuracy 0.991410
epoch 2810, training accuracy 0.991410
epoch 2820, training accuracy 0.991410
epoch 2830, training accuracy 0.991410
epoch 2840, training accuracy 0.991410
epoch 2850, training accuracy 0.991410
epoch 2860, training accuracy 0.991410
epoch 2870, training accuracy 0.991410
epoch 2880, training accuracy 0.991410
epoch 2890, training accuracy 0.991410
epoch 2900, training accuracy 0.991410
epoch 2910, training accuracy 0.991410
epoch 2920, training accuracy 0.991410
epoch 2930, training accuracy 0.991410
epoch 2940, training accuracy 0.991549
epoch 2950, training accuracy 0.991549
epoch 2960, training accuracy 0.991549
epoch 2970, training accuracy 0.991549
epoch 2980, training accuracy 0.991549
epoch 2990, training accuracy 0.991549
epoch 3000, training accuracy 0.991410
/tmp/bit_but_validate.py loaded, containing 1756 entries, class distribution: [878 878]
correct: [856, 859]
incorrect: [10, 3]
accuracy: [0.9884526558891455, 0.9965197215777262]
unclassified: [12, 16]
total accuracy: [0.9749430523917996, 0.9783599088838268]
Sun Oct 22 19:06:04 CEST 2017 finished, res_training/eng/bit_but
