Mon Oct 23 00:25:58 CEST 2017 create_training_files
/tmp/them_then
48611 lines
29825 them
19632 then
/tmp/them_then_training
38889 lines
23889 them
15660 then
/tmp/them_then_validate
9722 lines
5936 them
3972 then
generate /tmp/them_then_training.py, /tmp/them_then_validate.py
:compileJava UP-TO-DATE
:processResources UP-TO-DATE
:classes UP-TO-DATE
:createNGramDatabase
Reading /tmp/them_then_training
Tokenizing
undersampling to 15936
/tmp/them_then_training.pycreated
Reading /tmp/them_then_validate
Tokenizing
undersampling to 4048
/tmp/them_then_validate.pycreated

BUILD SUCCESSFUL

Total time: 9.151 secs

This build could be faster, please consider using the Gradle Daemon: https://docs.gradle.org/2.10/userguide/gradle_daemon.html
Mon Oct 23 00:26:11 CEST 2017 create_classifier
{'num_inputs': 4, 'epochs': 3000, 'self': <__main__.NeuralNetwork object at 0x2b2f149c1a58>, 'num_outputs': 2, 'dictionary_path': 'res_training/eng/embedding/dictionary.txt', 'embedding_path': 'res_training/eng/embedding/final_embeddings.txt', 'use_flex_hidden_layer': False, 'training_data_file': '/tmp/them_then_training.py', 'batch_size': 1000}
embedding shape (42122, 64)
/tmp/them_then_training.py loaded, containing 31872 entries, class distribution: [15936 15936]
Steps: 93000, 31 steps in 3000 epochs
epoch 0, training accuracy 0.473958
epoch 10, training accuracy 0.755993
epoch 20, training accuracy 0.858904
epoch 30, training accuracy 0.894170
epoch 40, training accuracy 0.912431
epoch 50, training accuracy 0.924636
epoch 60, training accuracy 0.934049
epoch 70, training accuracy 0.940230
epoch 80, training accuracy 0.945218
epoch 90, training accuracy 0.948325
epoch 100, training accuracy 0.951180
epoch 110, training accuracy 0.953658
epoch 120, training accuracy 0.955510
epoch 130, training accuracy 0.957674
epoch 140, training accuracy 0.958647
epoch 150, training accuracy 0.960279
epoch 160, training accuracy 0.961377
epoch 170, training accuracy 0.962506
epoch 180, training accuracy 0.963102
epoch 190, training accuracy 0.963855
epoch 200, training accuracy 0.964389
epoch 210, training accuracy 0.965205
epoch 220, training accuracy 0.965989
epoch 230, training accuracy 0.966679
epoch 240, training accuracy 0.966930
epoch 250, training accuracy 0.967495
epoch 260, training accuracy 0.967871
epoch 270, training accuracy 0.968311
epoch 280, training accuracy 0.968530
epoch 290, training accuracy 0.968813
epoch 300, training accuracy 0.969252
epoch 310, training accuracy 0.969754
epoch 320, training accuracy 0.969785
epoch 330, training accuracy 0.970256
epoch 340, training accuracy 0.970476
epoch 350, training accuracy 0.970789
epoch 360, training accuracy 0.971040
epoch 370, training accuracy 0.971260
epoch 380, training accuracy 0.971386
epoch 390, training accuracy 0.971574
epoch 400, training accuracy 0.971793
epoch 410, training accuracy 0.971950
epoch 420, training accuracy 0.972044
epoch 430, training accuracy 0.972201
epoch 440, training accuracy 0.972515
epoch 450, training accuracy 0.972703
epoch 460, training accuracy 0.972829
epoch 470, training accuracy 0.973048
epoch 480, training accuracy 0.973205
epoch 490, training accuracy 0.973331
epoch 500, training accuracy 0.973488
epoch 510, training accuracy 0.973488
epoch 520, training accuracy 0.973582
epoch 530, training accuracy 0.973739
epoch 540, training accuracy 0.973927
epoch 550, training accuracy 0.974021
epoch 560, training accuracy 0.974147
epoch 570, training accuracy 0.974209
epoch 580, training accuracy 0.974209
epoch 590, training accuracy 0.974241
epoch 600, training accuracy 0.974335
epoch 610, training accuracy 0.974492
epoch 620, training accuracy 0.974460
epoch 630, training accuracy 0.974460
epoch 640, training accuracy 0.974617
epoch 650, training accuracy 0.974649
epoch 660, training accuracy 0.974837
epoch 670, training accuracy 0.974931
epoch 680, training accuracy 0.975025
epoch 690, training accuracy 0.974900
epoch 700, training accuracy 0.974931
epoch 710, training accuracy 0.974900
epoch 720, training accuracy 0.974931
epoch 730, training accuracy 0.974868
epoch 740, training accuracy 0.974931
epoch 750, training accuracy 0.974962
epoch 760, training accuracy 0.974994
epoch 770, training accuracy 0.975088
epoch 780, training accuracy 0.975056
epoch 790, training accuracy 0.974994
epoch 800, training accuracy 0.975056
epoch 810, training accuracy 0.974994
epoch 820, training accuracy 0.974994
epoch 830, training accuracy 0.974994
epoch 840, training accuracy 0.975025
epoch 850, training accuracy 0.974931
epoch 860, training accuracy 0.974868
epoch 870, training accuracy 0.974931
epoch 880, training accuracy 0.974931
epoch 890, training accuracy 0.974994
epoch 900, training accuracy 0.974994
epoch 910, training accuracy 0.975056
epoch 920, training accuracy 0.975182
epoch 930, training accuracy 0.975245
epoch 940, training accuracy 0.975276
epoch 950, training accuracy 0.975276
epoch 960, training accuracy 0.975245
epoch 970, training accuracy 0.975151
epoch 980, training accuracy 0.975245
epoch 990, training accuracy 0.975370
epoch 1000, training accuracy 0.975276
epoch 1010, training accuracy 0.975370
epoch 1020, training accuracy 0.975370
epoch 1030, training accuracy 0.975433
epoch 1040, training accuracy 0.975464
epoch 1050, training accuracy 0.975464
epoch 1060, training accuracy 0.975496
epoch 1070, training accuracy 0.975527
epoch 1080, training accuracy 0.975496
epoch 1090, training accuracy 0.975496
epoch 1100, training accuracy 0.975558
epoch 1110, training accuracy 0.975558
epoch 1120, training accuracy 0.975590
epoch 1130, training accuracy 0.975621
epoch 1140, training accuracy 0.975653
epoch 1150, training accuracy 0.975653
epoch 1160, training accuracy 0.975653
epoch 1170, training accuracy 0.975653
epoch 1180, training accuracy 0.975684
epoch 1190, training accuracy 0.975653
epoch 1200, training accuracy 0.975684
epoch 1210, training accuracy 0.975715
epoch 1220, training accuracy 0.975653
epoch 1230, training accuracy 0.975621
epoch 1240, training accuracy 0.975653
epoch 1250, training accuracy 0.975621
epoch 1260, training accuracy 0.975590
epoch 1270, training accuracy 0.975653
epoch 1280, training accuracy 0.975715
epoch 1290, training accuracy 0.975715
epoch 1300, training accuracy 0.975684
epoch 1310, training accuracy 0.975715
epoch 1320, training accuracy 0.975653
epoch 1330, training accuracy 0.975621
epoch 1340, training accuracy 0.975653
epoch 1350, training accuracy 0.975684
epoch 1360, training accuracy 0.975778
epoch 1370, training accuracy 0.975778
epoch 1380, training accuracy 0.975810
epoch 1390, training accuracy 0.975810
epoch 1400, training accuracy 0.975778
epoch 1410, training accuracy 0.975810
epoch 1420, training accuracy 0.975778
epoch 1430, training accuracy 0.975810
epoch 1440, training accuracy 0.975810
epoch 1450, training accuracy 0.975747
epoch 1460, training accuracy 0.975778
epoch 1470, training accuracy 0.975810
epoch 1480, training accuracy 0.975778
epoch 1490, training accuracy 0.975778
epoch 1500, training accuracy 0.975778
epoch 1510, training accuracy 0.975778
epoch 1520, training accuracy 0.975778
epoch 1530, training accuracy 0.975747
epoch 1540, training accuracy 0.975715
epoch 1550, training accuracy 0.975778
epoch 1560, training accuracy 0.975715
epoch 1570, training accuracy 0.975715
epoch 1580, training accuracy 0.975747
epoch 1590, training accuracy 0.975747
epoch 1600, training accuracy 0.975715
epoch 1610, training accuracy 0.975747
epoch 1620, training accuracy 0.975747
epoch 1630, training accuracy 0.975653
epoch 1640, training accuracy 0.975684
epoch 1650, training accuracy 0.975715
epoch 1660, training accuracy 0.975621
epoch 1670, training accuracy 0.975621
epoch 1680, training accuracy 0.975621
epoch 1690, training accuracy 0.975621
epoch 1700, training accuracy 0.975621
epoch 1710, training accuracy 0.975621
epoch 1720, training accuracy 0.975653
epoch 1730, training accuracy 0.975653
epoch 1740, training accuracy 0.975590
epoch 1750, training accuracy 0.975621
epoch 1760, training accuracy 0.975653
epoch 1770, training accuracy 0.975621
epoch 1780, training accuracy 0.975653
epoch 1790, training accuracy 0.975621
epoch 1800, training accuracy 0.975621
epoch 1810, training accuracy 0.975621
epoch 1820, training accuracy 0.975621
epoch 1830, training accuracy 0.975590
epoch 1840, training accuracy 0.975621
epoch 1850, training accuracy 0.975653
epoch 1860, training accuracy 0.975621
epoch 1870, training accuracy 0.975653
epoch 1880, training accuracy 0.975653
epoch 1890, training accuracy 0.975653
epoch 1900, training accuracy 0.975621
epoch 1910, training accuracy 0.975653
epoch 1920, training accuracy 0.975684
epoch 1930, training accuracy 0.975621
epoch 1940, training accuracy 0.975684
epoch 1950, training accuracy 0.975653
epoch 1960, training accuracy 0.975653
epoch 1970, training accuracy 0.975684
epoch 1980, training accuracy 0.975653
epoch 1990, training accuracy 0.975621
epoch 2000, training accuracy 0.975653
epoch 2010, training accuracy 0.975684
epoch 2020, training accuracy 0.975653
epoch 2030, training accuracy 0.975653
epoch 2040, training accuracy 0.975684
epoch 2050, training accuracy 0.975684
epoch 2060, training accuracy 0.975621
epoch 2070, training accuracy 0.975684
epoch 2080, training accuracy 0.975684
epoch 2090, training accuracy 0.975621
epoch 2100, training accuracy 0.975653
epoch 2110, training accuracy 0.975621
epoch 2120, training accuracy 0.975653
epoch 2130, training accuracy 0.975590
epoch 2140, training accuracy 0.975621
epoch 2150, training accuracy 0.975621
epoch 2160, training accuracy 0.975621
epoch 2170, training accuracy 0.975621
epoch 2180, training accuracy 0.975621
epoch 2190, training accuracy 0.975590
epoch 2200, training accuracy 0.975590
epoch 2210, training accuracy 0.975621
epoch 2220, training accuracy 0.975527
epoch 2230, training accuracy 0.975621
epoch 2240, training accuracy 0.975621
epoch 2250, training accuracy 0.975590
epoch 2260, training accuracy 0.975558
epoch 2270, training accuracy 0.975653
epoch 2280, training accuracy 0.975558
epoch 2290, training accuracy 0.975621
epoch 2300, training accuracy 0.975621
epoch 2310, training accuracy 0.975590
epoch 2320, training accuracy 0.975621
epoch 2330, training accuracy 0.975558
epoch 2340, training accuracy 0.975621
epoch 2350, training accuracy 0.975621
epoch 2360, training accuracy 0.975621
epoch 2370, training accuracy 0.975621
epoch 2380, training accuracy 0.975621
epoch 2390, training accuracy 0.975558
epoch 2400, training accuracy 0.975590
epoch 2410, training accuracy 0.975590
epoch 2420, training accuracy 0.975558
epoch 2430, training accuracy 0.975621
epoch 2440, training accuracy 0.975558
epoch 2450, training accuracy 0.975558
epoch 2460, training accuracy 0.975590
epoch 2470, training accuracy 0.975558
epoch 2480, training accuracy 0.975558
epoch 2490, training accuracy 0.975558
epoch 2500, training accuracy 0.975558
epoch 2510, training accuracy 0.975590
epoch 2520, training accuracy 0.975558
epoch 2530, training accuracy 0.975496
epoch 2540, training accuracy 0.975558
epoch 2550, training accuracy 0.975527
epoch 2560, training accuracy 0.975527
epoch 2570, training accuracy 0.975558
epoch 2580, training accuracy 0.975590
epoch 2590, training accuracy 0.975496
epoch 2600, training accuracy 0.975558
epoch 2610, training accuracy 0.975558
epoch 2620, training accuracy 0.975496
epoch 2630, training accuracy 0.975496
epoch 2640, training accuracy 0.975527
epoch 2650, training accuracy 0.975496
epoch 2660, training accuracy 0.975496
epoch 2670, training accuracy 0.975496
epoch 2680, training accuracy 0.975496
epoch 2690, training accuracy 0.975496
epoch 2700, training accuracy 0.975496
epoch 2710, training accuracy 0.975496
epoch 2720, training accuracy 0.975496
epoch 2730, training accuracy 0.975496
epoch 2740, training accuracy 0.975527
epoch 2750, training accuracy 0.975464
epoch 2760, training accuracy 0.975496
epoch 2770, training accuracy 0.975527
epoch 2780, training accuracy 0.975464
epoch 2790, training accuracy 0.975496
epoch 2800, training accuracy 0.975527
epoch 2810, training accuracy 0.975464
epoch 2820, training accuracy 0.975496
epoch 2830, training accuracy 0.975496
epoch 2840, training accuracy 0.975464
epoch 2850, training accuracy 0.975527
epoch 2860, training accuracy 0.975464
epoch 2870, training accuracy 0.975496
epoch 2880, training accuracy 0.975464
epoch 2890, training accuracy 0.975464
epoch 2900, training accuracy 0.975527
epoch 2910, training accuracy 0.975464
epoch 2920, training accuracy 0.975464
epoch 2930, training accuracy 0.975464
epoch 2940, training accuracy 0.975464
epoch 2950, training accuracy 0.975464
epoch 2960, training accuracy 0.975464
epoch 2970, training accuracy 0.975464
epoch 2980, training accuracy 0.975464
epoch 2990, training accuracy 0.975464
epoch 3000, training accuracy 0.975464
/tmp/them_then_validate.py loaded, containing 8096 entries, class distribution: [4048 4048]
correct: [3824, 3868]
incorrect: [49, 46]
accuracy: [0.9873483088045443, 0.9882473173224323]
unclassified: [175, 134]
total accuracy: [0.9446640316205533, 0.9555335968379447]
Mon Oct 23 00:31:57 CEST 2017 finished, res_training/eng/them_then
