Sun Oct 22 23:11:08 CEST 2017 create_training_files
/tmp/port_post
6044 lines
1723 port
4328 post
/tmp/port_post_training
4836 lines
1361 port
3478 post
/tmp/port_post_validate
1208 lines
362 port
850 post
generate /tmp/port_post_training.py, /tmp/port_post_validate.py
:compileJava UP-TO-DATE
:processResources UP-TO-DATE
:classes UP-TO-DATE
:createNGramDatabase
Reading /tmp/port_post_training
Tokenizing
undersampling to 832
/tmp/port_post_training.pycreated
Reading /tmp/port_post_validate
Tokenizing
undersampling to 227
/tmp/port_post_validate.pycreated

BUILD SUCCESSFUL

Total time: 5.324 secs

This build could be faster, please consider using the Gradle Daemon: https://docs.gradle.org/2.10/userguide/gradle_daemon.html
Sun Oct 22 23:11:21 CEST 2017 create_classifier
{'self': <__main__.NeuralNetwork object at 0x2b4308b2ba58>, 'use_flex_hidden_layer': False, 'training_data_file': '/tmp/port_post_training.py', 'num_inputs': 4, 'epochs': 3000, 'num_outputs': 2, 'embedding_path': 'res_training/eng/embedding/final_embeddings.txt', 'dictionary_path': 'res_training/eng/embedding/dictionary.txt', 'batch_size': 1000}
embedding shape (42122, 64)
/tmp/port_post_training.py loaded, containing 1664 entries, class distribution: [832 832]
Steps: 3000, 1 steps in 3000 epochs
epoch 0, training accuracy 0.464543
epoch 10, training accuracy 0.477163
epoch 20, training accuracy 0.488582
epoch 30, training accuracy 0.497596
epoch 40, training accuracy 0.510817
epoch 50, training accuracy 0.520433
epoch 60, training accuracy 0.536058
epoch 70, training accuracy 0.548678
epoch 80, training accuracy 0.563101
epoch 90, training accuracy 0.569712
epoch 100, training accuracy 0.573918
epoch 110, training accuracy 0.585938
epoch 120, training accuracy 0.596154
epoch 130, training accuracy 0.605769
epoch 140, training accuracy 0.617788
epoch 150, training accuracy 0.625601
epoch 160, training accuracy 0.634014
epoch 170, training accuracy 0.643029
epoch 180, training accuracy 0.659255
epoch 190, training accuracy 0.665865
epoch 200, training accuracy 0.673077
epoch 210, training accuracy 0.677284
epoch 220, training accuracy 0.686298
epoch 230, training accuracy 0.692308
epoch 240, training accuracy 0.698317
epoch 250, training accuracy 0.704928
epoch 260, training accuracy 0.710337
epoch 270, training accuracy 0.713942
epoch 280, training accuracy 0.718149
epoch 290, training accuracy 0.721154
epoch 300, training accuracy 0.727163
epoch 310, training accuracy 0.734976
epoch 320, training accuracy 0.736178
epoch 330, training accuracy 0.742188
epoch 340, training accuracy 0.746394
epoch 350, training accuracy 0.750000
epoch 360, training accuracy 0.753606
epoch 370, training accuracy 0.756010
epoch 380, training accuracy 0.756010
epoch 390, training accuracy 0.760216
epoch 400, training accuracy 0.761418
epoch 410, training accuracy 0.762620
epoch 420, training accuracy 0.762620
epoch 430, training accuracy 0.768029
epoch 440, training accuracy 0.770433
epoch 450, training accuracy 0.774038
epoch 460, training accuracy 0.775841
epoch 470, training accuracy 0.777043
epoch 480, training accuracy 0.778245
epoch 490, training accuracy 0.778846
epoch 500, training accuracy 0.780649
epoch 510, training accuracy 0.781851
epoch 520, training accuracy 0.783053
epoch 530, training accuracy 0.783654
epoch 540, training accuracy 0.785457
epoch 550, training accuracy 0.786659
epoch 560, training accuracy 0.787260
epoch 570, training accuracy 0.788462
epoch 580, training accuracy 0.792067
epoch 590, training accuracy 0.793269
epoch 600, training accuracy 0.793870
epoch 610, training accuracy 0.795673
epoch 620, training accuracy 0.798077
epoch 630, training accuracy 0.798077
epoch 640, training accuracy 0.799279
epoch 650, training accuracy 0.798678
epoch 660, training accuracy 0.798077
epoch 670, training accuracy 0.799279
epoch 680, training accuracy 0.799279
epoch 690, training accuracy 0.801683
epoch 700, training accuracy 0.802284
epoch 710, training accuracy 0.804087
epoch 720, training accuracy 0.805288
epoch 730, training accuracy 0.807091
epoch 740, training accuracy 0.808293
epoch 750, training accuracy 0.808894
epoch 760, training accuracy 0.810096
epoch 770, training accuracy 0.810697
epoch 780, training accuracy 0.813101
epoch 790, training accuracy 0.813101
epoch 800, training accuracy 0.814904
epoch 810, training accuracy 0.815505
epoch 820, training accuracy 0.815505
epoch 830, training accuracy 0.816106
epoch 840, training accuracy 0.816707
epoch 850, training accuracy 0.815505
epoch 860, training accuracy 0.817308
epoch 870, training accuracy 0.817308
epoch 880, training accuracy 0.817909
epoch 890, training accuracy 0.819111
epoch 900, training accuracy 0.821514
epoch 910, training accuracy 0.822716
epoch 920, training accuracy 0.823317
epoch 930, training accuracy 0.824519
epoch 940, training accuracy 0.825120
epoch 950, training accuracy 0.826322
epoch 960, training accuracy 0.827524
epoch 970, training accuracy 0.826923
epoch 980, training accuracy 0.827524
epoch 990, training accuracy 0.828726
epoch 1000, training accuracy 0.828726
epoch 1010, training accuracy 0.829928
epoch 1020, training accuracy 0.831731
epoch 1030, training accuracy 0.832332
epoch 1040, training accuracy 0.832933
epoch 1050, training accuracy 0.834736
epoch 1060, training accuracy 0.835337
epoch 1070, training accuracy 0.835337
epoch 1080, training accuracy 0.835938
epoch 1090, training accuracy 0.835938
epoch 1100, training accuracy 0.835938
epoch 1110, training accuracy 0.836538
epoch 1120, training accuracy 0.836538
epoch 1130, training accuracy 0.838341
epoch 1140, training accuracy 0.840745
epoch 1150, training accuracy 0.840745
epoch 1160, training accuracy 0.840144
epoch 1170, training accuracy 0.840745
epoch 1180, training accuracy 0.840745
epoch 1190, training accuracy 0.840745
epoch 1200, training accuracy 0.840144
epoch 1210, training accuracy 0.840144
epoch 1220, training accuracy 0.840745
epoch 1230, training accuracy 0.841947
epoch 1240, training accuracy 0.841947
epoch 1250, training accuracy 0.842548
epoch 1260, training accuracy 0.843149
epoch 1270, training accuracy 0.843750
epoch 1280, training accuracy 0.844351
epoch 1290, training accuracy 0.845553
epoch 1300, training accuracy 0.845553
epoch 1310, training accuracy 0.845553
epoch 1320, training accuracy 0.846154
epoch 1330, training accuracy 0.846755
epoch 1340, training accuracy 0.847957
epoch 1350, training accuracy 0.847957
epoch 1360, training accuracy 0.848558
epoch 1370, training accuracy 0.849159
epoch 1380, training accuracy 0.849760
epoch 1390, training accuracy 0.850361
epoch 1400, training accuracy 0.850361
epoch 1410, training accuracy 0.850361
epoch 1420, training accuracy 0.850962
epoch 1430, training accuracy 0.850962
epoch 1440, training accuracy 0.852163
epoch 1450, training accuracy 0.852764
epoch 1460, training accuracy 0.853966
epoch 1470, training accuracy 0.853966
epoch 1480, training accuracy 0.854567
epoch 1490, training accuracy 0.854567
epoch 1500, training accuracy 0.855168
epoch 1510, training accuracy 0.855168
epoch 1520, training accuracy 0.854567
epoch 1530, training accuracy 0.854567
epoch 1540, training accuracy 0.855769
epoch 1550, training accuracy 0.856370
epoch 1560, training accuracy 0.857572
epoch 1570, training accuracy 0.858173
epoch 1580, training accuracy 0.858774
epoch 1590, training accuracy 0.859375
epoch 1600, training accuracy 0.859976
epoch 1610, training accuracy 0.859976
epoch 1620, training accuracy 0.860577
epoch 1630, training accuracy 0.861178
epoch 1640, training accuracy 0.861779
epoch 1650, training accuracy 0.862380
epoch 1660, training accuracy 0.862981
epoch 1670, training accuracy 0.862981
epoch 1680, training accuracy 0.862981
epoch 1690, training accuracy 0.863582
epoch 1700, training accuracy 0.863582
epoch 1710, training accuracy 0.863582
epoch 1720, training accuracy 0.864183
epoch 1730, training accuracy 0.864183
epoch 1740, training accuracy 0.864784
epoch 1750, training accuracy 0.865986
epoch 1760, training accuracy 0.865986
epoch 1770, training accuracy 0.865986
epoch 1780, training accuracy 0.866587
epoch 1790, training accuracy 0.868389
epoch 1800, training accuracy 0.868990
epoch 1810, training accuracy 0.868990
epoch 1820, training accuracy 0.868990
epoch 1830, training accuracy 0.869591
epoch 1840, training accuracy 0.868990
epoch 1850, training accuracy 0.870192
epoch 1860, training accuracy 0.870192
epoch 1870, training accuracy 0.870192
epoch 1880, training accuracy 0.870192
epoch 1890, training accuracy 0.870192
epoch 1900, training accuracy 0.870793
epoch 1910, training accuracy 0.870793
epoch 1920, training accuracy 0.870793
epoch 1930, training accuracy 0.870793
epoch 1940, training accuracy 0.870793
epoch 1950, training accuracy 0.870793
epoch 1960, training accuracy 0.871995
epoch 1970, training accuracy 0.871995
epoch 1980, training accuracy 0.873798
epoch 1990, training accuracy 0.874399
epoch 2000, training accuracy 0.874399
epoch 2010, training accuracy 0.874399
epoch 2020, training accuracy 0.874399
epoch 2030, training accuracy 0.874399
epoch 2040, training accuracy 0.875000
epoch 2050, training accuracy 0.875601
epoch 2060, training accuracy 0.875601
epoch 2070, training accuracy 0.876202
epoch 2080, training accuracy 0.876202
epoch 2090, training accuracy 0.876202
epoch 2100, training accuracy 0.876202
epoch 2110, training accuracy 0.876202
epoch 2120, training accuracy 0.877404
epoch 2130, training accuracy 0.877404
epoch 2140, training accuracy 0.877404
epoch 2150, training accuracy 0.878005
epoch 2160, training accuracy 0.878005
epoch 2170, training accuracy 0.878606
epoch 2180, training accuracy 0.878005
epoch 2190, training accuracy 0.877404
epoch 2200, training accuracy 0.877404
epoch 2210, training accuracy 0.877404
epoch 2220, training accuracy 0.877404
epoch 2230, training accuracy 0.877404
epoch 2240, training accuracy 0.876803
epoch 2250, training accuracy 0.876803
epoch 2260, training accuracy 0.877404
epoch 2270, training accuracy 0.878005
epoch 2280, training accuracy 0.878005
epoch 2290, training accuracy 0.878005
epoch 2300, training accuracy 0.877404
epoch 2310, training accuracy 0.877404
epoch 2320, training accuracy 0.878005
epoch 2330, training accuracy 0.878005
epoch 2340, training accuracy 0.878606
epoch 2350, training accuracy 0.878606
epoch 2360, training accuracy 0.879808
epoch 2370, training accuracy 0.879808
epoch 2380, training accuracy 0.881010
epoch 2390, training accuracy 0.881010
epoch 2400, training accuracy 0.881010
epoch 2410, training accuracy 0.881010
epoch 2420, training accuracy 0.881611
epoch 2430, training accuracy 0.881611
epoch 2440, training accuracy 0.881611
epoch 2450, training accuracy 0.881611
epoch 2460, training accuracy 0.882212
epoch 2470, training accuracy 0.882812
epoch 2480, training accuracy 0.883413
epoch 2490, training accuracy 0.882812
epoch 2500, training accuracy 0.882812
epoch 2510, training accuracy 0.882812
epoch 2520, training accuracy 0.882812
epoch 2530, training accuracy 0.882812
epoch 2540, training accuracy 0.883413
epoch 2550, training accuracy 0.883413
epoch 2560, training accuracy 0.883413
epoch 2570, training accuracy 0.884014
epoch 2580, training accuracy 0.884615
epoch 2590, training accuracy 0.884615
epoch 2600, training accuracy 0.884615
epoch 2610, training accuracy 0.884615
epoch 2620, training accuracy 0.885216
epoch 2630, training accuracy 0.885216
epoch 2640, training accuracy 0.885817
epoch 2650, training accuracy 0.885817
epoch 2660, training accuracy 0.885817
epoch 2670, training accuracy 0.885216
epoch 2680, training accuracy 0.885817
epoch 2690, training accuracy 0.886418
epoch 2700, training accuracy 0.886418
epoch 2710, training accuracy 0.886418
epoch 2720, training accuracy 0.886418
epoch 2730, training accuracy 0.886418
epoch 2740, training accuracy 0.887019
epoch 2750, training accuracy 0.887019
epoch 2760, training accuracy 0.887019
epoch 2770, training accuracy 0.887019
epoch 2780, training accuracy 0.887019
epoch 2790, training accuracy 0.887019
epoch 2800, training accuracy 0.887019
epoch 2810, training accuracy 0.887019
epoch 2820, training accuracy 0.887019
epoch 2830, training accuracy 0.887620
epoch 2840, training accuracy 0.887620
epoch 2850, training accuracy 0.887620
epoch 2860, training accuracy 0.887620
epoch 2870, training accuracy 0.887620
epoch 2880, training accuracy 0.888221
epoch 2890, training accuracy 0.888221
epoch 2900, training accuracy 0.888221
epoch 2910, training accuracy 0.888221
epoch 2920, training accuracy 0.888822
epoch 2930, training accuracy 0.888822
epoch 2940, training accuracy 0.888822
epoch 2950, training accuracy 0.888822
epoch 2960, training accuracy 0.888822
epoch 2970, training accuracy 0.888221
epoch 2980, training accuracy 0.888221
epoch 2990, training accuracy 0.888822
epoch 3000, training accuracy 0.888822
/tmp/port_post_validate.py loaded, containing 454 entries, class distribution: [227 227]
correct: [143, 140]
incorrect: [6, 11]
accuracy: [0.959731543624161, 0.9271523178807947]
unclassified: [78, 76]
total accuracy: [0.6299559471365639, 0.6167400881057269]
Sun Oct 22 23:11:41 CEST 2017 finished, res_training/eng/port_post
