Mon Oct 23 05:43:43 CEST 2017 create_training_files
/tmp/scheitern_Scheitern
1513 lines
781 scheitern
734 Scheitern
/tmp/scheitern_Scheitern_training
1211 lines
636 scheitern
577 Scheitern
/tmp/scheitern_Scheitern_validate
302 lines
145 scheitern
157 Scheitern
generate /tmp/scheitern_Scheitern_training.py, /tmp/scheitern_Scheitern_validate.py
:compileJava UP-TO-DATE
:processResources UP-TO-DATE
:classes UP-TO-DATE
:createNGramDatabase
Reading /tmp/scheitern_Scheitern_training
Tokenizing
undersampling to 583
/tmp/scheitern_Scheitern_training.pycreated
Reading /tmp/scheitern_Scheitern_validate
Tokenizing
undersampling to 144
/tmp/scheitern_Scheitern_validate.pycreated

BUILD SUCCESSFUL

Total time: 4.654 secs

This build could be faster, please consider using the Gradle Daemon: https://docs.gradle.org/2.10/userguide/gradle_daemon.html
Mon Oct 23 05:43:56 CEST 2017 create_classifier
{'use_flex_hidden_layer': False, 'dictionary_path': 'res_training/deu/embedding/dictionary.txt', 'embedding_path': 'res_training/deu/embedding/final_embeddings.txt', 'training_data_file': '/tmp/scheitern_Scheitern_training.py', 'num_inputs': 4, 'num_outputs': 2, 'epochs': 3000, 'batch_size': 1000, 'self': <__main__.NeuralNetwork object at 0x2b100bfb0a58>}
embedding shape (52520, 64)
/tmp/scheitern_Scheitern_training.py loaded, containing 1166 entries, class distribution: [583 583]
Steps: 3000, 1 steps in 3000 epochs
epoch 0, training accuracy 0.508576
epoch 10, training accuracy 0.517153
epoch 20, training accuracy 0.528302
epoch 30, training accuracy 0.541166
epoch 40, training accuracy 0.560034
epoch 50, training accuracy 0.569468
epoch 60, training accuracy 0.578902
epoch 70, training accuracy 0.593482
epoch 80, training accuracy 0.600343
epoch 90, training accuracy 0.614923
epoch 100, training accuracy 0.627787
epoch 110, training accuracy 0.638937
epoch 120, training accuracy 0.648371
epoch 130, training accuracy 0.660377
epoch 140, training accuracy 0.665523
epoch 150, training accuracy 0.676672
epoch 160, training accuracy 0.686106
epoch 170, training accuracy 0.698113
epoch 180, training accuracy 0.710120
epoch 190, training accuracy 0.720412
epoch 200, training accuracy 0.734991
epoch 210, training accuracy 0.742710
epoch 220, training accuracy 0.746141
epoch 230, training accuracy 0.753859
epoch 240, training accuracy 0.756432
epoch 250, training accuracy 0.765009
epoch 260, training accuracy 0.773585
epoch 270, training accuracy 0.783019
epoch 280, training accuracy 0.792453
epoch 290, training accuracy 0.799314
epoch 300, training accuracy 0.802744
epoch 310, training accuracy 0.810463
epoch 320, training accuracy 0.813894
epoch 330, training accuracy 0.818182
epoch 340, training accuracy 0.822470
epoch 350, training accuracy 0.828473
epoch 360, training accuracy 0.831046
epoch 370, training accuracy 0.834477
epoch 380, training accuracy 0.837050
epoch 390, training accuracy 0.839623
epoch 400, training accuracy 0.843911
epoch 410, training accuracy 0.847341
epoch 420, training accuracy 0.849914
epoch 430, training accuracy 0.858491
epoch 440, training accuracy 0.861063
epoch 450, training accuracy 0.862779
epoch 460, training accuracy 0.862779
epoch 470, training accuracy 0.863636
epoch 480, training accuracy 0.864494
epoch 490, training accuracy 0.867067
epoch 500, training accuracy 0.867067
epoch 510, training accuracy 0.870497
epoch 520, training accuracy 0.869640
epoch 530, training accuracy 0.870497
epoch 540, training accuracy 0.871355
epoch 550, training accuracy 0.873928
epoch 560, training accuracy 0.873928
epoch 570, training accuracy 0.875643
epoch 580, training accuracy 0.876501
epoch 590, training accuracy 0.878216
epoch 600, training accuracy 0.878216
epoch 610, training accuracy 0.879074
epoch 620, training accuracy 0.881647
epoch 630, training accuracy 0.881647
epoch 640, training accuracy 0.882504
epoch 650, training accuracy 0.883362
epoch 660, training accuracy 0.884220
epoch 670, training accuracy 0.884220
epoch 680, training accuracy 0.884220
epoch 690, training accuracy 0.885077
epoch 700, training accuracy 0.885935
epoch 710, training accuracy 0.886792
epoch 720, training accuracy 0.889365
epoch 730, training accuracy 0.890223
epoch 740, training accuracy 0.891081
epoch 750, training accuracy 0.891938
epoch 760, training accuracy 0.891938
epoch 770, training accuracy 0.894511
epoch 780, training accuracy 0.895369
epoch 790, training accuracy 0.897084
epoch 800, training accuracy 0.897084
epoch 810, training accuracy 0.897942
epoch 820, training accuracy 0.898799
epoch 830, training accuracy 0.899657
epoch 840, training accuracy 0.900515
epoch 850, training accuracy 0.900515
epoch 860, training accuracy 0.902230
epoch 870, training accuracy 0.903087
epoch 880, training accuracy 0.905660
epoch 890, training accuracy 0.905660
epoch 900, training accuracy 0.907376
epoch 910, training accuracy 0.909949
epoch 920, training accuracy 0.909949
epoch 930, training accuracy 0.909949
epoch 940, training accuracy 0.910806
epoch 950, training accuracy 0.911664
epoch 960, training accuracy 0.911664
epoch 970, training accuracy 0.912521
epoch 980, training accuracy 0.912521
epoch 990, training accuracy 0.912521
epoch 1000, training accuracy 0.912521
epoch 1010, training accuracy 0.912521
epoch 1020, training accuracy 0.914237
epoch 1030, training accuracy 0.915094
epoch 1040, training accuracy 0.915094
epoch 1050, training accuracy 0.915952
epoch 1060, training accuracy 0.915952
epoch 1070, training accuracy 0.917667
epoch 1080, training accuracy 0.917667
epoch 1090, training accuracy 0.919383
epoch 1100, training accuracy 0.920240
epoch 1110, training accuracy 0.921098
epoch 1120, training accuracy 0.922813
epoch 1130, training accuracy 0.922813
epoch 1140, training accuracy 0.922813
epoch 1150, training accuracy 0.921955
epoch 1160, training accuracy 0.921955
epoch 1170, training accuracy 0.921955
epoch 1180, training accuracy 0.921955
epoch 1190, training accuracy 0.921955
epoch 1200, training accuracy 0.921955
epoch 1210, training accuracy 0.921955
epoch 1220, training accuracy 0.922813
epoch 1230, training accuracy 0.922813
epoch 1240, training accuracy 0.922813
epoch 1250, training accuracy 0.923671
epoch 1260, training accuracy 0.922813
epoch 1270, training accuracy 0.922813
epoch 1280, training accuracy 0.922813
epoch 1290, training accuracy 0.923671
epoch 1300, training accuracy 0.924528
epoch 1310, training accuracy 0.925386
epoch 1320, training accuracy 0.926244
epoch 1330, training accuracy 0.926244
epoch 1340, training accuracy 0.927101
epoch 1350, training accuracy 0.928816
epoch 1360, training accuracy 0.928816
epoch 1370, training accuracy 0.929674
epoch 1380, training accuracy 0.929674
epoch 1390, training accuracy 0.929674
epoch 1400, training accuracy 0.928816
epoch 1410, training accuracy 0.929674
epoch 1420, training accuracy 0.929674
epoch 1430, training accuracy 0.930532
epoch 1440, training accuracy 0.930532
epoch 1450, training accuracy 0.930532
epoch 1460, training accuracy 0.930532
epoch 1470, training accuracy 0.930532
epoch 1480, training accuracy 0.932247
epoch 1490, training accuracy 0.933105
epoch 1500, training accuracy 0.933105
epoch 1510, training accuracy 0.933105
epoch 1520, training accuracy 0.934820
epoch 1530, training accuracy 0.934820
epoch 1540, training accuracy 0.934820
epoch 1550, training accuracy 0.934820
epoch 1560, training accuracy 0.934820
epoch 1570, training accuracy 0.934820
epoch 1580, training accuracy 0.934820
epoch 1590, training accuracy 0.934820
epoch 1600, training accuracy 0.934820
epoch 1610, training accuracy 0.935678
epoch 1620, training accuracy 0.935678
epoch 1630, training accuracy 0.935678
epoch 1640, training accuracy 0.936535
epoch 1650, training accuracy 0.937393
epoch 1660, training accuracy 0.937393
epoch 1670, training accuracy 0.937393
epoch 1680, training accuracy 0.938250
epoch 1690, training accuracy 0.938250
epoch 1700, training accuracy 0.938250
epoch 1710, training accuracy 0.938250
epoch 1720, training accuracy 0.938250
epoch 1730, training accuracy 0.938250
epoch 1740, training accuracy 0.938250
epoch 1750, training accuracy 0.938250
epoch 1760, training accuracy 0.938250
epoch 1770, training accuracy 0.938250
epoch 1780, training accuracy 0.938250
epoch 1790, training accuracy 0.939108
epoch 1800, training accuracy 0.939108
epoch 1810, training accuracy 0.939108
epoch 1820, training accuracy 0.939108
epoch 1830, training accuracy 0.939108
epoch 1840, training accuracy 0.939108
epoch 1850, training accuracy 0.939108
epoch 1860, training accuracy 0.939108
epoch 1870, training accuracy 0.939966
epoch 1880, training accuracy 0.940823
epoch 1890, training accuracy 0.940823
epoch 1900, training accuracy 0.940823
epoch 1910, training accuracy 0.941681
epoch 1920, training accuracy 0.942539
epoch 1930, training accuracy 0.943396
epoch 1940, training accuracy 0.943396
epoch 1950, training accuracy 0.944254
epoch 1960, training accuracy 0.944254
epoch 1970, training accuracy 0.945112
epoch 1980, training accuracy 0.945112
epoch 1990, training accuracy 0.945112
epoch 2000, training accuracy 0.945969
epoch 2010, training accuracy 0.945969
epoch 2020, training accuracy 0.946827
epoch 2030, training accuracy 0.945969
epoch 2040, training accuracy 0.945969
epoch 2050, training accuracy 0.945969
epoch 2060, training accuracy 0.945969
epoch 2070, training accuracy 0.946827
epoch 2080, training accuracy 0.946827
epoch 2090, training accuracy 0.946827
epoch 2100, training accuracy 0.946827
epoch 2110, training accuracy 0.946827
epoch 2120, training accuracy 0.947684
epoch 2130, training accuracy 0.947684
epoch 2140, training accuracy 0.947684
epoch 2150, training accuracy 0.948542
epoch 2160, training accuracy 0.948542
epoch 2170, training accuracy 0.948542
epoch 2180, training accuracy 0.948542
epoch 2190, training accuracy 0.949400
epoch 2200, training accuracy 0.949400
epoch 2210, training accuracy 0.949400
epoch 2220, training accuracy 0.949400
epoch 2230, training accuracy 0.951115
epoch 2240, training accuracy 0.951115
epoch 2250, training accuracy 0.951115
epoch 2260, training accuracy 0.951115
epoch 2270, training accuracy 0.951115
epoch 2280, training accuracy 0.951115
epoch 2290, training accuracy 0.951115
epoch 2300, training accuracy 0.951115
epoch 2310, training accuracy 0.951115
epoch 2320, training accuracy 0.951115
epoch 2330, training accuracy 0.951115
epoch 2340, training accuracy 0.951115
epoch 2350, training accuracy 0.951115
epoch 2360, training accuracy 0.951115
epoch 2370, training accuracy 0.951115
epoch 2380, training accuracy 0.951115
epoch 2390, training accuracy 0.951973
epoch 2400, training accuracy 0.951973
epoch 2410, training accuracy 0.951973
epoch 2420, training accuracy 0.951973
epoch 2430, training accuracy 0.951973
epoch 2440, training accuracy 0.951973
epoch 2450, training accuracy 0.951973
epoch 2460, training accuracy 0.951973
epoch 2470, training accuracy 0.951973
epoch 2480, training accuracy 0.951973
epoch 2490, training accuracy 0.951973
epoch 2500, training accuracy 0.951973
epoch 2510, training accuracy 0.951973
epoch 2520, training accuracy 0.951973
epoch 2530, training accuracy 0.951973
epoch 2540, training accuracy 0.951973
epoch 2550, training accuracy 0.951973
epoch 2560, training accuracy 0.951973
epoch 2570, training accuracy 0.951973
epoch 2580, training accuracy 0.951973
epoch 2590, training accuracy 0.951973
epoch 2600, training accuracy 0.951973
epoch 2610, training accuracy 0.951115
epoch 2620, training accuracy 0.951115
epoch 2630, training accuracy 0.951115
epoch 2640, training accuracy 0.951115
epoch 2650, training accuracy 0.951115
epoch 2660, training accuracy 0.951115
epoch 2670, training accuracy 0.951115
epoch 2680, training accuracy 0.951115
epoch 2690, training accuracy 0.951115
epoch 2700, training accuracy 0.951115
epoch 2710, training accuracy 0.951115
epoch 2720, training accuracy 0.951115
epoch 2730, training accuracy 0.951115
epoch 2740, training accuracy 0.951115
epoch 2750, training accuracy 0.951115
epoch 2760, training accuracy 0.951115
epoch 2770, training accuracy 0.951115
epoch 2780, training accuracy 0.951973
epoch 2790, training accuracy 0.951973
epoch 2800, training accuracy 0.951973
epoch 2810, training accuracy 0.951973
epoch 2820, training accuracy 0.951973
epoch 2830, training accuracy 0.951973
epoch 2840, training accuracy 0.951973
epoch 2850, training accuracy 0.951973
epoch 2860, training accuracy 0.951973
epoch 2870, training accuracy 0.951973
epoch 2880, training accuracy 0.951973
epoch 2890, training accuracy 0.951973
epoch 2900, training accuracy 0.951973
epoch 2910, training accuracy 0.951973
epoch 2920, training accuracy 0.951973
epoch 2930, training accuracy 0.951973
epoch 2940, training accuracy 0.951973
epoch 2950, training accuracy 0.951973
epoch 2960, training accuracy 0.951973
epoch 2970, training accuracy 0.951973
epoch 2980, training accuracy 0.951973
epoch 2990, training accuracy 0.951973
epoch 3000, training accuracy 0.951973
/tmp/scheitern_Scheitern_validate.py loaded, containing 288 entries, class distribution: [144 144]
correct: [112, 120]
incorrect: [4, 2]
accuracy: [0.9655172413793104, 0.9836065573770492]
unclassified: [28, 22]
total accuracy: [0.7777777777777778, 0.8333333333333334]
Mon Oct 23 05:44:16 CEST 2017 finished, res_training/deu/scheitern_Scheitern
