Mon Oct 23 02:21:25 CEST 2017 create_training_files
/tmp/toll_tool
1764 lines
832 toll
932 tool
/tmp/toll_tool_training
1412 lines
679 toll
733 tool
/tmp/toll_tool_validate
352 lines
153 toll
199 tool
generate /tmp/toll_tool_training.py, /tmp/toll_tool_validate.py
:compileJava UP-TO-DATE
:processResources UP-TO-DATE
:classes UP-TO-DATE
:createNGramDatabase
Reading /tmp/toll_tool_training
Tokenizing
undersampling to 678
/tmp/toll_tool_training.pycreated
Reading /tmp/toll_tool_validate
Tokenizing
undersampling to 155
/tmp/toll_tool_validate.pycreated

BUILD SUCCESSFUL

Total time: 4.782 secs

This build could be faster, please consider using the Gradle Daemon: https://docs.gradle.org/2.10/userguide/gradle_daemon.html
Mon Oct 23 02:21:36 CEST 2017 create_classifier
{'self': <__main__.NeuralNetwork object at 0x2ab2d7a1ca58>, 'epochs': 3000, 'training_data_file': '/tmp/toll_tool_training.py', 'dictionary_path': 'res_training/eng/embedding/dictionary.txt', 'use_flex_hidden_layer': False, 'batch_size': 1000, 'embedding_path': 'res_training/eng/embedding/final_embeddings.txt', 'num_outputs': 2, 'num_inputs': 4}
embedding shape (42122, 64)
/tmp/toll_tool_training.py loaded, containing 1356 entries, class distribution: [678 678]
Steps: 3000, 1 steps in 3000 epochs
epoch 0, training accuracy 0.524336
epoch 10, training accuracy 0.532448
epoch 20, training accuracy 0.537611
epoch 30, training accuracy 0.549410
epoch 40, training accuracy 0.562684
epoch 50, training accuracy 0.575959
epoch 60, training accuracy 0.587758
epoch 70, training accuracy 0.594395
epoch 80, training accuracy 0.602507
epoch 90, training accuracy 0.616519
epoch 100, training accuracy 0.621681
epoch 110, training accuracy 0.630531
epoch 120, training accuracy 0.639381
epoch 130, training accuracy 0.645280
epoch 140, training accuracy 0.650442
epoch 150, training accuracy 0.656342
epoch 160, training accuracy 0.665192
epoch 170, training accuracy 0.667404
epoch 180, training accuracy 0.674779
epoch 190, training accuracy 0.682153
epoch 200, training accuracy 0.685103
epoch 210, training accuracy 0.690265
epoch 220, training accuracy 0.696903
epoch 230, training accuracy 0.702802
epoch 240, training accuracy 0.708702
epoch 250, training accuracy 0.715339
epoch 260, training accuracy 0.719764
epoch 270, training accuracy 0.721976
epoch 280, training accuracy 0.725664
epoch 290, training accuracy 0.730826
epoch 300, training accuracy 0.738201
epoch 310, training accuracy 0.743363
epoch 320, training accuracy 0.750737
epoch 330, training accuracy 0.755900
epoch 340, training accuracy 0.762537
epoch 350, training accuracy 0.769912
epoch 360, training accuracy 0.772861
epoch 370, training accuracy 0.775074
epoch 380, training accuracy 0.780973
epoch 390, training accuracy 0.784661
epoch 400, training accuracy 0.786873
epoch 410, training accuracy 0.787611
epoch 420, training accuracy 0.790560
epoch 430, training accuracy 0.794248
epoch 440, training accuracy 0.797935
epoch 450, training accuracy 0.800885
epoch 460, training accuracy 0.803835
epoch 470, training accuracy 0.806047
epoch 480, training accuracy 0.808997
epoch 490, training accuracy 0.811947
epoch 500, training accuracy 0.814897
epoch 510, training accuracy 0.818584
epoch 520, training accuracy 0.820796
epoch 530, training accuracy 0.821534
epoch 540, training accuracy 0.825959
epoch 550, training accuracy 0.826696
epoch 560, training accuracy 0.828171
epoch 570, training accuracy 0.830383
epoch 580, training accuracy 0.833333
epoch 590, training accuracy 0.834808
epoch 600, training accuracy 0.834808
epoch 610, training accuracy 0.837021
epoch 620, training accuracy 0.840708
epoch 630, training accuracy 0.842183
epoch 640, training accuracy 0.844395
epoch 650, training accuracy 0.848083
epoch 660, training accuracy 0.848820
epoch 670, training accuracy 0.849558
epoch 680, training accuracy 0.849558
epoch 690, training accuracy 0.850295
epoch 700, training accuracy 0.850295
epoch 710, training accuracy 0.851032
epoch 720, training accuracy 0.852507
epoch 730, training accuracy 0.853982
epoch 740, training accuracy 0.853982
epoch 750, training accuracy 0.855457
epoch 760, training accuracy 0.855457
epoch 770, training accuracy 0.856195
epoch 780, training accuracy 0.858407
epoch 790, training accuracy 0.859882
epoch 800, training accuracy 0.860619
epoch 810, training accuracy 0.860619
epoch 820, training accuracy 0.862094
epoch 830, training accuracy 0.862832
epoch 840, training accuracy 0.864307
epoch 850, training accuracy 0.865044
epoch 860, training accuracy 0.865782
epoch 870, training accuracy 0.867257
epoch 880, training accuracy 0.867994
epoch 890, training accuracy 0.867994
epoch 900, training accuracy 0.868732
epoch 910, training accuracy 0.870944
epoch 920, training accuracy 0.871681
epoch 930, training accuracy 0.871681
epoch 940, training accuracy 0.874631
epoch 950, training accuracy 0.877581
epoch 960, training accuracy 0.876844
epoch 970, training accuracy 0.878319
epoch 980, training accuracy 0.879056
epoch 990, training accuracy 0.879056
epoch 1000, training accuracy 0.879056
epoch 1010, training accuracy 0.879794
epoch 1020, training accuracy 0.881268
epoch 1030, training accuracy 0.882006
epoch 1040, training accuracy 0.882006
epoch 1050, training accuracy 0.882743
epoch 1060, training accuracy 0.883481
epoch 1070, training accuracy 0.883481
epoch 1080, training accuracy 0.885693
epoch 1090, training accuracy 0.885693
epoch 1100, training accuracy 0.885693
epoch 1110, training accuracy 0.886431
epoch 1120, training accuracy 0.887168
epoch 1130, training accuracy 0.888643
epoch 1140, training accuracy 0.889381
epoch 1150, training accuracy 0.888643
epoch 1160, training accuracy 0.889381
epoch 1170, training accuracy 0.890855
epoch 1180, training accuracy 0.890855
epoch 1190, training accuracy 0.891593
epoch 1200, training accuracy 0.892330
epoch 1210, training accuracy 0.892330
epoch 1220, training accuracy 0.892330
epoch 1230, training accuracy 0.892330
epoch 1240, training accuracy 0.893068
epoch 1250, training accuracy 0.895280
epoch 1260, training accuracy 0.895280
epoch 1270, training accuracy 0.895280
epoch 1280, training accuracy 0.895280
epoch 1290, training accuracy 0.897493
epoch 1300, training accuracy 0.897493
epoch 1310, training accuracy 0.897493
epoch 1320, training accuracy 0.898230
epoch 1330, training accuracy 0.898968
epoch 1340, training accuracy 0.898968
epoch 1350, training accuracy 0.898968
epoch 1360, training accuracy 0.898968
epoch 1370, training accuracy 0.901180
epoch 1380, training accuracy 0.901180
epoch 1390, training accuracy 0.901917
epoch 1400, training accuracy 0.901917
epoch 1410, training accuracy 0.902655
epoch 1420, training accuracy 0.902655
epoch 1430, training accuracy 0.901917
epoch 1440, training accuracy 0.901917
epoch 1450, training accuracy 0.901180
epoch 1460, training accuracy 0.901917
epoch 1470, training accuracy 0.901917
epoch 1480, training accuracy 0.901917
epoch 1490, training accuracy 0.901917
epoch 1500, training accuracy 0.902655
epoch 1510, training accuracy 0.903392
epoch 1520, training accuracy 0.903392
epoch 1530, training accuracy 0.904867
epoch 1540, training accuracy 0.904130
epoch 1550, training accuracy 0.904867
epoch 1560, training accuracy 0.904867
epoch 1570, training accuracy 0.904867
epoch 1580, training accuracy 0.904867
epoch 1590, training accuracy 0.904867
epoch 1600, training accuracy 0.904867
epoch 1610, training accuracy 0.904867
epoch 1620, training accuracy 0.904867
epoch 1630, training accuracy 0.904867
epoch 1640, training accuracy 0.904867
epoch 1650, training accuracy 0.904867
epoch 1660, training accuracy 0.904867
epoch 1670, training accuracy 0.904867
epoch 1680, training accuracy 0.904867
epoch 1690, training accuracy 0.904867
epoch 1700, training accuracy 0.904867
epoch 1710, training accuracy 0.904867
epoch 1720, training accuracy 0.904867
epoch 1730, training accuracy 0.906342
epoch 1740, training accuracy 0.907080
epoch 1750, training accuracy 0.907080
epoch 1760, training accuracy 0.907080
epoch 1770, training accuracy 0.907080
epoch 1780, training accuracy 0.908555
epoch 1790, training accuracy 0.909292
epoch 1800, training accuracy 0.910029
epoch 1810, training accuracy 0.910029
epoch 1820, training accuracy 0.910029
epoch 1830, training accuracy 0.910029
epoch 1840, training accuracy 0.910029
epoch 1850, training accuracy 0.910767
epoch 1860, training accuracy 0.910767
epoch 1870, training accuracy 0.910767
epoch 1880, training accuracy 0.911504
epoch 1890, training accuracy 0.911504
epoch 1900, training accuracy 0.911504
epoch 1910, training accuracy 0.911504
epoch 1920, training accuracy 0.911504
epoch 1930, training accuracy 0.911504
epoch 1940, training accuracy 0.911504
epoch 1950, training accuracy 0.911504
epoch 1960, training accuracy 0.910767
epoch 1970, training accuracy 0.910767
epoch 1980, training accuracy 0.910767
epoch 1990, training accuracy 0.910767
epoch 2000, training accuracy 0.910767
epoch 2010, training accuracy 0.910029
epoch 2020, training accuracy 0.910029
epoch 2030, training accuracy 0.910767
epoch 2040, training accuracy 0.910767
epoch 2050, training accuracy 0.910029
epoch 2060, training accuracy 0.910029
epoch 2070, training accuracy 0.910029
epoch 2080, training accuracy 0.910767
epoch 2090, training accuracy 0.910767
epoch 2100, training accuracy 0.910767
epoch 2110, training accuracy 0.910767
epoch 2120, training accuracy 0.910767
epoch 2130, training accuracy 0.910767
epoch 2140, training accuracy 0.911504
epoch 2150, training accuracy 0.912242
epoch 2160, training accuracy 0.912242
epoch 2170, training accuracy 0.911504
epoch 2180, training accuracy 0.912979
epoch 2190, training accuracy 0.913717
epoch 2200, training accuracy 0.913717
epoch 2210, training accuracy 0.913717
epoch 2220, training accuracy 0.913717
epoch 2230, training accuracy 0.913717
epoch 2240, training accuracy 0.913717
epoch 2250, training accuracy 0.913717
epoch 2260, training accuracy 0.913717
epoch 2270, training accuracy 0.914454
epoch 2280, training accuracy 0.915192
epoch 2290, training accuracy 0.915192
epoch 2300, training accuracy 0.915929
epoch 2310, training accuracy 0.915929
epoch 2320, training accuracy 0.915929
epoch 2330, training accuracy 0.915929
epoch 2340, training accuracy 0.915929
epoch 2350, training accuracy 0.916667
epoch 2360, training accuracy 0.916667
epoch 2370, training accuracy 0.916667
epoch 2380, training accuracy 0.916667
epoch 2390, training accuracy 0.917404
epoch 2400, training accuracy 0.917404
epoch 2410, training accuracy 0.917404
epoch 2420, training accuracy 0.917404
epoch 2430, training accuracy 0.918142
epoch 2440, training accuracy 0.918142
epoch 2450, training accuracy 0.918142
epoch 2460, training accuracy 0.918879
epoch 2470, training accuracy 0.918879
epoch 2480, training accuracy 0.918879
epoch 2490, training accuracy 0.918879
epoch 2500, training accuracy 0.918879
epoch 2510, training accuracy 0.919617
epoch 2520, training accuracy 0.919617
epoch 2530, training accuracy 0.919617
epoch 2540, training accuracy 0.919617
epoch 2550, training accuracy 0.919617
epoch 2560, training accuracy 0.919617
epoch 2570, training accuracy 0.919617
epoch 2580, training accuracy 0.919617
epoch 2590, training accuracy 0.919617
epoch 2600, training accuracy 0.919617
epoch 2610, training accuracy 0.920354
epoch 2620, training accuracy 0.920354
epoch 2630, training accuracy 0.920354
epoch 2640, training accuracy 0.920354
epoch 2650, training accuracy 0.921091
epoch 2660, training accuracy 0.921829
epoch 2670, training accuracy 0.921829
epoch 2680, training accuracy 0.921829
epoch 2690, training accuracy 0.921829
epoch 2700, training accuracy 0.921829
epoch 2710, training accuracy 0.921829
epoch 2720, training accuracy 0.923304
epoch 2730, training accuracy 0.923304
epoch 2740, training accuracy 0.923304
epoch 2750, training accuracy 0.924041
epoch 2760, training accuracy 0.924041
epoch 2770, training accuracy 0.924041
epoch 2780, training accuracy 0.924041
epoch 2790, training accuracy 0.924041
epoch 2800, training accuracy 0.924041
epoch 2810, training accuracy 0.924779
epoch 2820, training accuracy 0.924779
epoch 2830, training accuracy 0.924779
epoch 2840, training accuracy 0.924779
epoch 2850, training accuracy 0.924779
epoch 2860, training accuracy 0.925516
epoch 2870, training accuracy 0.926254
epoch 2880, training accuracy 0.926254
epoch 2890, training accuracy 0.926254
epoch 2900, training accuracy 0.926254
epoch 2910, training accuracy 0.926254
epoch 2920, training accuracy 0.926991
epoch 2930, training accuracy 0.926991
epoch 2940, training accuracy 0.926991
epoch 2950, training accuracy 0.926991
epoch 2960, training accuracy 0.926991
epoch 2970, training accuracy 0.926991
epoch 2980, training accuracy 0.926991
epoch 2990, training accuracy 0.926991
epoch 3000, training accuracy 0.926991
/tmp/toll_tool_validate.py loaded, containing 310 entries, class distribution: [155 155]
correct: [113, 127]
incorrect: [9, 1]
accuracy: [0.9262295081967213, 0.9921875]
unclassified: [33, 27]
total accuracy: [0.7290322580645161, 0.8193548387096774]
Mon Oct 23 02:21:55 CEST 2017 finished, res_training/eng/toll_tool
