Mon Oct 23 04:20:08 CEST 2017 create_training_files
/tmp/county_country
18581 lines
1357 county
17233 country
/tmp/county_country_training
14865 lines
1069 county
13805 country
/tmp/county_country_validate
3716 lines
288 county
3428 country
generate /tmp/county_country_training.py, /tmp/county_country_validate.py
:compileJava UP-TO-DATE
:processResources UP-TO-DATE
:classes UP-TO-DATE
:createNGramDatabase
Reading /tmp/county_country_training
Tokenizing
undersampling to 1119
/tmp/county_country_training.pycreated
Reading /tmp/county_country_validate
Tokenizing
undersampling to 304
/tmp/county_country_validate.pycreated

BUILD SUCCESSFUL

Total time: 6.17 secs

This build could be faster, please consider using the Gradle Daemon: https://docs.gradle.org/2.10/userguide/gradle_daemon.html
Mon Oct 23 04:20:19 CEST 2017 create_classifier
{'training_data_file': '/tmp/county_country_training.py', 'self': <__main__.NeuralNetwork object at 0x2b1a24d3aa58>, 'use_flex_hidden_layer': False, 'epochs': 3000, 'num_inputs': 4, 'num_outputs': 2, 'dictionary_path': 'res_training/eng/embedding/dictionary.txt', 'embedding_path': 'res_training/eng/embedding/final_embeddings.txt', 'batch_size': 1000}
embedding shape (42122, 64)
/tmp/county_country_training.py loaded, containing 2238 entries, class distribution: [1119 1119]
Steps: 6000, 2 steps in 3000 epochs
epoch 0, training accuracy 0.464254
epoch 10, training accuracy 0.483914
epoch 20, training accuracy 0.502681
epoch 30, training accuracy 0.519214
epoch 40, training accuracy 0.553619
epoch 50, training accuracy 0.568365
epoch 60, training accuracy 0.589812
epoch 70, training accuracy 0.603217
epoch 80, training accuracy 0.611707
epoch 90, training accuracy 0.621537
epoch 100, training accuracy 0.627793
epoch 110, training accuracy 0.637176
epoch 120, training accuracy 0.643432
epoch 130, training accuracy 0.652815
epoch 140, training accuracy 0.664433
epoch 150, training accuracy 0.672922
epoch 160, training accuracy 0.675603
epoch 170, training accuracy 0.679625
epoch 180, training accuracy 0.686327
epoch 190, training accuracy 0.690349
epoch 200, training accuracy 0.695264
epoch 210, training accuracy 0.699732
epoch 220, training accuracy 0.700179
epoch 230, training accuracy 0.700626
epoch 240, training accuracy 0.705094
epoch 250, training accuracy 0.706434
epoch 260, training accuracy 0.710456
epoch 270, training accuracy 0.713137
epoch 280, training accuracy 0.715371
epoch 290, training accuracy 0.716711
epoch 300, training accuracy 0.717158
epoch 310, training accuracy 0.718052
epoch 320, training accuracy 0.719392
epoch 330, training accuracy 0.719839
epoch 340, training accuracy 0.719839
epoch 350, training accuracy 0.722073
epoch 360, training accuracy 0.725648
epoch 370, training accuracy 0.724754
epoch 380, training accuracy 0.726095
epoch 390, training accuracy 0.727882
epoch 400, training accuracy 0.728329
epoch 410, training accuracy 0.730563
epoch 420, training accuracy 0.731457
epoch 430, training accuracy 0.732797
epoch 440, training accuracy 0.736819
epoch 450, training accuracy 0.739946
epoch 460, training accuracy 0.742627
epoch 470, training accuracy 0.743074
epoch 480, training accuracy 0.742627
epoch 490, training accuracy 0.743521
epoch 500, training accuracy 0.744415
epoch 510, training accuracy 0.744415
epoch 520, training accuracy 0.742627
epoch 530, training accuracy 0.744861
epoch 540, training accuracy 0.744861
epoch 550, training accuracy 0.746202
epoch 560, training accuracy 0.746649
epoch 570, training accuracy 0.747542
epoch 580, training accuracy 0.747989
epoch 590, training accuracy 0.747989
epoch 600, training accuracy 0.747989
epoch 610, training accuracy 0.750223
epoch 620, training accuracy 0.751564
epoch 630, training accuracy 0.752458
epoch 640, training accuracy 0.752458
epoch 650, training accuracy 0.753351
epoch 660, training accuracy 0.755139
epoch 670, training accuracy 0.755585
epoch 680, training accuracy 0.756032
epoch 690, training accuracy 0.756926
epoch 700, training accuracy 0.758266
epoch 710, training accuracy 0.759607
epoch 720, training accuracy 0.758713
epoch 730, training accuracy 0.758266
epoch 740, training accuracy 0.759160
epoch 750, training accuracy 0.758713
epoch 760, training accuracy 0.757819
epoch 770, training accuracy 0.758266
epoch 780, training accuracy 0.759607
epoch 790, training accuracy 0.760500
epoch 800, training accuracy 0.761841
epoch 810, training accuracy 0.762288
epoch 820, training accuracy 0.762735
epoch 830, training accuracy 0.762288
epoch 840, training accuracy 0.762288
epoch 850, training accuracy 0.764075
epoch 860, training accuracy 0.764075
epoch 870, training accuracy 0.764075
epoch 880, training accuracy 0.764522
epoch 890, training accuracy 0.764075
epoch 900, training accuracy 0.764075
epoch 910, training accuracy 0.764075
epoch 920, training accuracy 0.764075
epoch 930, training accuracy 0.764075
epoch 940, training accuracy 0.764969
epoch 950, training accuracy 0.765416
epoch 960, training accuracy 0.765862
epoch 970, training accuracy 0.765862
epoch 980, training accuracy 0.767203
epoch 990, training accuracy 0.766756
epoch 1000, training accuracy 0.767203
epoch 1010, training accuracy 0.767203
epoch 1020, training accuracy 0.767650
epoch 1030, training accuracy 0.767650
epoch 1040, training accuracy 0.766756
epoch 1050, training accuracy 0.767203
epoch 1060, training accuracy 0.767203
epoch 1070, training accuracy 0.767650
epoch 1080, training accuracy 0.769437
epoch 1090, training accuracy 0.769437
epoch 1100, training accuracy 0.769884
epoch 1110, training accuracy 0.771224
epoch 1120, training accuracy 0.771671
epoch 1130, training accuracy 0.771224
epoch 1140, training accuracy 0.771671
epoch 1150, training accuracy 0.772565
epoch 1160, training accuracy 0.772565
epoch 1170, training accuracy 0.772565
epoch 1180, training accuracy 0.773458
epoch 1190, training accuracy 0.773458
epoch 1200, training accuracy 0.773458
epoch 1210, training accuracy 0.773458
epoch 1220, training accuracy 0.773905
epoch 1230, training accuracy 0.774799
epoch 1240, training accuracy 0.774799
epoch 1250, training accuracy 0.774799
epoch 1260, training accuracy 0.774799
epoch 1270, training accuracy 0.775246
epoch 1280, training accuracy 0.774799
epoch 1290, training accuracy 0.775693
epoch 1300, training accuracy 0.776139
epoch 1310, training accuracy 0.776139
epoch 1320, training accuracy 0.776586
epoch 1330, training accuracy 0.776586
epoch 1340, training accuracy 0.776586
epoch 1350, training accuracy 0.777033
epoch 1360, training accuracy 0.777033
epoch 1370, training accuracy 0.777033
epoch 1380, training accuracy 0.777480
epoch 1390, training accuracy 0.777480
epoch 1400, training accuracy 0.777480
epoch 1410, training accuracy 0.777480
epoch 1420, training accuracy 0.777480
epoch 1430, training accuracy 0.777033
epoch 1440, training accuracy 0.777033
epoch 1450, training accuracy 0.777480
epoch 1460, training accuracy 0.777480
epoch 1470, training accuracy 0.777927
epoch 1480, training accuracy 0.777480
epoch 1490, training accuracy 0.777927
epoch 1500, training accuracy 0.777480
epoch 1510, training accuracy 0.777033
epoch 1520, training accuracy 0.777480
epoch 1530, training accuracy 0.777927
epoch 1540, training accuracy 0.777480
epoch 1550, training accuracy 0.777927
epoch 1560, training accuracy 0.777927
epoch 1570, training accuracy 0.778374
epoch 1580, training accuracy 0.779267
epoch 1590, training accuracy 0.779714
epoch 1600, training accuracy 0.779714
epoch 1610, training accuracy 0.779267
epoch 1620, training accuracy 0.779267
epoch 1630, training accuracy 0.779267
epoch 1640, training accuracy 0.780161
epoch 1650, training accuracy 0.780161
epoch 1660, training accuracy 0.780161
epoch 1670, training accuracy 0.780161
epoch 1680, training accuracy 0.780161
epoch 1690, training accuracy 0.780608
epoch 1700, training accuracy 0.781501
epoch 1710, training accuracy 0.781054
epoch 1720, training accuracy 0.781054
epoch 1730, training accuracy 0.781501
epoch 1740, training accuracy 0.781501
epoch 1750, training accuracy 0.781948
epoch 1760, training accuracy 0.781948
epoch 1770, training accuracy 0.781501
epoch 1780, training accuracy 0.781501
epoch 1790, training accuracy 0.781948
epoch 1800, training accuracy 0.781948
epoch 1810, training accuracy 0.782395
epoch 1820, training accuracy 0.782842
epoch 1830, training accuracy 0.782842
epoch 1840, training accuracy 0.783735
epoch 1850, training accuracy 0.784629
epoch 1860, training accuracy 0.785523
epoch 1870, training accuracy 0.785076
epoch 1880, training accuracy 0.785076
epoch 1890, training accuracy 0.785076
epoch 1900, training accuracy 0.785076
epoch 1910, training accuracy 0.785076
epoch 1920, training accuracy 0.785076
epoch 1930, training accuracy 0.784629
epoch 1940, training accuracy 0.784629
epoch 1950, training accuracy 0.784629
epoch 1960, training accuracy 0.784629
epoch 1970, training accuracy 0.785076
epoch 1980, training accuracy 0.784629
epoch 1990, training accuracy 0.784629
epoch 2000, training accuracy 0.785076
epoch 2010, training accuracy 0.785523
epoch 2020, training accuracy 0.785970
epoch 2030, training accuracy 0.785970
epoch 2040, training accuracy 0.785970
epoch 2050, training accuracy 0.786863
epoch 2060, training accuracy 0.786863
epoch 2070, training accuracy 0.786416
epoch 2080, training accuracy 0.787310
epoch 2090, training accuracy 0.787310
epoch 2100, training accuracy 0.787310
epoch 2110, training accuracy 0.787757
epoch 2120, training accuracy 0.787757
epoch 2130, training accuracy 0.787757
epoch 2140, training accuracy 0.788204
epoch 2150, training accuracy 0.787757
epoch 2160, training accuracy 0.787310
epoch 2170, training accuracy 0.787310
epoch 2180, training accuracy 0.787310
epoch 2190, training accuracy 0.787757
epoch 2200, training accuracy 0.787310
epoch 2210, training accuracy 0.788204
epoch 2220, training accuracy 0.788651
epoch 2230, training accuracy 0.788651
epoch 2240, training accuracy 0.788204
epoch 2250, training accuracy 0.788204
epoch 2260, training accuracy 0.787757
epoch 2270, training accuracy 0.787757
epoch 2280, training accuracy 0.788204
epoch 2290, training accuracy 0.788651
epoch 2300, training accuracy 0.789097
epoch 2310, training accuracy 0.789097
epoch 2320, training accuracy 0.789097
epoch 2330, training accuracy 0.789544
epoch 2340, training accuracy 0.789097
epoch 2350, training accuracy 0.788651
epoch 2360, training accuracy 0.788651
epoch 2370, training accuracy 0.788204
epoch 2380, training accuracy 0.789991
epoch 2390, training accuracy 0.789991
epoch 2400, training accuracy 0.789991
epoch 2410, training accuracy 0.790885
epoch 2420, training accuracy 0.791332
epoch 2430, training accuracy 0.791332
epoch 2440, training accuracy 0.791778
epoch 2450, training accuracy 0.791778
epoch 2460, training accuracy 0.791778
epoch 2470, training accuracy 0.792225
epoch 2480, training accuracy 0.792672
epoch 2490, training accuracy 0.792672
epoch 2500, training accuracy 0.792672
epoch 2510, training accuracy 0.792672
epoch 2520, training accuracy 0.792672
epoch 2530, training accuracy 0.793119
epoch 2540, training accuracy 0.791778
epoch 2550, training accuracy 0.793119
epoch 2560, training accuracy 0.792225
epoch 2570, training accuracy 0.792672
epoch 2580, training accuracy 0.793119
epoch 2590, training accuracy 0.792672
epoch 2600, training accuracy 0.792672
epoch 2610, training accuracy 0.792672
epoch 2620, training accuracy 0.792672
epoch 2630, training accuracy 0.792672
epoch 2640, training accuracy 0.792672
epoch 2650, training accuracy 0.792672
epoch 2660, training accuracy 0.792672
epoch 2670, training accuracy 0.793119
epoch 2680, training accuracy 0.793566
epoch 2690, training accuracy 0.794012
epoch 2700, training accuracy 0.794459
epoch 2710, training accuracy 0.794459
epoch 2720, training accuracy 0.794906
epoch 2730, training accuracy 0.794906
epoch 2740, training accuracy 0.794906
epoch 2750, training accuracy 0.795353
epoch 2760, training accuracy 0.795353
epoch 2770, training accuracy 0.795353
epoch 2780, training accuracy 0.795353
epoch 2790, training accuracy 0.795353
epoch 2800, training accuracy 0.795800
epoch 2810, training accuracy 0.796247
epoch 2820, training accuracy 0.796247
epoch 2830, training accuracy 0.796694
epoch 2840, training accuracy 0.797140
epoch 2850, training accuracy 0.797140
epoch 2860, training accuracy 0.797140
epoch 2870, training accuracy 0.797140
epoch 2880, training accuracy 0.797140
epoch 2890, training accuracy 0.797140
epoch 2900, training accuracy 0.797140
epoch 2910, training accuracy 0.797140
epoch 2920, training accuracy 0.797587
epoch 2930, training accuracy 0.797587
epoch 2940, training accuracy 0.797587
epoch 2950, training accuracy 0.797587
epoch 2960, training accuracy 0.797140
epoch 2970, training accuracy 0.797587
epoch 2980, training accuracy 0.797587
epoch 2990, training accuracy 0.797587
epoch 3000, training accuracy 0.798481
/tmp/county_country_validate.py loaded, containing 608 entries, class distribution: [304 304]
correct: [155, 149]
incorrect: [33, 6]
accuracy: [0.824468085106383, 0.9612903225806452]
unclassified: [116, 149]
total accuracy: [0.5098684210526315, 0.4901315789473684]
Mon Oct 23 04:20:47 CEST 2017 finished, res_training/eng/county_country
