Sun Oct 22 15:50:50 CEST 2017 create_training_files
/tmp/baixa_caixa
3290 lines
2537 baixa
755 caixa
/tmp/baixa_caixa_training
2632 lines
2048 baixa
586 caixa
/tmp/baixa_caixa_validate
658 lines
489 baixa
169 caixa
generate /tmp/baixa_caixa_training.py, /tmp/baixa_caixa_validate.py
:compileJava UP-TO-DATE
:processResources UP-TO-DATE
:classes UP-TO-DATE
:createNGramDatabase
Reading /tmp/baixa_caixa_training
Tokenizing
undersampling to 593
/tmp/baixa_caixa_training.pycreated
Reading /tmp/baixa_caixa_validate
Tokenizing
undersampling to 172
/tmp/baixa_caixa_validate.pycreated

BUILD SUCCESSFUL

Total time: 5.169 secs

This build could be faster, please consider using the Gradle Daemon: https://docs.gradle.org/2.10/userguide/gradle_daemon.html
Sun Oct 22 15:51:01 CEST 2017 create_classifier
{'num_inputs': 4, 'training_data_file': '/tmp/baixa_caixa_training.py', 'num_outputs': 2, 'use_flex_hidden_layer': False, 'dictionary_path': 'res_training/por/embedding/dictionary.txt', 'embedding_path': 'res_training/por/embedding/final_embeddings.txt', 'batch_size': 1000, 'epochs': 3000, 'self': <__main__.NeuralNetwork object at 0x2ab613569a58>}
embedding shape (44676, 64)
/tmp/baixa_caixa_training.py loaded, containing 1186 entries, class distribution: [593 593]
Steps: 3000, 1 steps in 3000 epochs
epoch 0, training accuracy 0.567454
epoch 10, training accuracy 0.580944
epoch 20, training accuracy 0.644182
epoch 30, training accuracy 0.655986
epoch 40, training accuracy 0.665261
epoch 50, training accuracy 0.674536
epoch 60, training accuracy 0.682125
epoch 70, training accuracy 0.690556
epoch 80, training accuracy 0.695616
epoch 90, training accuracy 0.702361
epoch 100, training accuracy 0.710793
epoch 110, training accuracy 0.719224
epoch 120, training accuracy 0.721754
epoch 130, training accuracy 0.728499
epoch 140, training accuracy 0.733558
epoch 150, training accuracy 0.741990
epoch 160, training accuracy 0.743676
epoch 170, training accuracy 0.750422
epoch 180, training accuracy 0.752108
epoch 190, training accuracy 0.756324
epoch 200, training accuracy 0.759696
epoch 210, training accuracy 0.764755
epoch 220, training accuracy 0.769814
epoch 230, training accuracy 0.774873
epoch 240, training accuracy 0.777403
epoch 250, training accuracy 0.782462
epoch 260, training accuracy 0.785835
epoch 270, training accuracy 0.789207
epoch 280, training accuracy 0.790051
epoch 290, training accuracy 0.795110
epoch 300, training accuracy 0.798482
epoch 310, training accuracy 0.801855
epoch 320, training accuracy 0.803541
epoch 330, training accuracy 0.803541
epoch 340, training accuracy 0.808600
epoch 350, training accuracy 0.810287
epoch 360, training accuracy 0.812816
epoch 370, training accuracy 0.814503
epoch 380, training accuracy 0.814503
epoch 390, training accuracy 0.818718
epoch 400, training accuracy 0.819562
epoch 410, training accuracy 0.824621
epoch 420, training accuracy 0.826307
epoch 430, training accuracy 0.826307
epoch 440, training accuracy 0.828836
epoch 450, training accuracy 0.829680
epoch 460, training accuracy 0.829680
epoch 470, training accuracy 0.832209
epoch 480, training accuracy 0.833052
epoch 490, training accuracy 0.833895
epoch 500, training accuracy 0.834739
epoch 510, training accuracy 0.834739
epoch 520, training accuracy 0.837268
epoch 530, training accuracy 0.838111
epoch 540, training accuracy 0.838111
epoch 550, training accuracy 0.839798
epoch 560, training accuracy 0.839798
epoch 570, training accuracy 0.840641
epoch 580, training accuracy 0.840641
epoch 590, training accuracy 0.840641
epoch 600, training accuracy 0.841484
epoch 610, training accuracy 0.842327
epoch 620, training accuracy 0.844014
epoch 630, training accuracy 0.845700
epoch 640, training accuracy 0.844857
epoch 650, training accuracy 0.846543
epoch 660, training accuracy 0.848229
epoch 670, training accuracy 0.848229
epoch 680, training accuracy 0.850759
epoch 690, training accuracy 0.850759
epoch 700, training accuracy 0.852445
epoch 710, training accuracy 0.853288
epoch 720, training accuracy 0.854975
epoch 730, training accuracy 0.859191
epoch 740, training accuracy 0.859191
epoch 750, training accuracy 0.860034
epoch 760, training accuracy 0.861720
epoch 770, training accuracy 0.862563
epoch 780, training accuracy 0.864250
epoch 790, training accuracy 0.865093
epoch 800, training accuracy 0.865936
epoch 810, training accuracy 0.865936
epoch 820, training accuracy 0.866779
epoch 830, training accuracy 0.868465
epoch 840, training accuracy 0.869309
epoch 850, training accuracy 0.869309
epoch 860, training accuracy 0.869309
epoch 870, training accuracy 0.868465
epoch 880, training accuracy 0.868465
epoch 890, training accuracy 0.868465
epoch 900, training accuracy 0.867622
epoch 910, training accuracy 0.868465
epoch 920, training accuracy 0.869309
epoch 930, training accuracy 0.869309
epoch 940, training accuracy 0.869309
epoch 950, training accuracy 0.870152
epoch 960, training accuracy 0.870152
epoch 970, training accuracy 0.870995
epoch 980, training accuracy 0.871838
epoch 990, training accuracy 0.871838
epoch 1000, training accuracy 0.872681
epoch 1010, training accuracy 0.872681
epoch 1020, training accuracy 0.873524
epoch 1030, training accuracy 0.874368
epoch 1040, training accuracy 0.874368
epoch 1050, training accuracy 0.874368
epoch 1060, training accuracy 0.875211
epoch 1070, training accuracy 0.875211
epoch 1080, training accuracy 0.876054
epoch 1090, training accuracy 0.876054
epoch 1100, training accuracy 0.877740
epoch 1110, training accuracy 0.877740
epoch 1120, training accuracy 0.879427
epoch 1130, training accuracy 0.879427
epoch 1140, training accuracy 0.879427
epoch 1150, training accuracy 0.880270
epoch 1160, training accuracy 0.880270
epoch 1170, training accuracy 0.881113
epoch 1180, training accuracy 0.881956
epoch 1190, training accuracy 0.882799
epoch 1200, training accuracy 0.882799
epoch 1210, training accuracy 0.883642
epoch 1220, training accuracy 0.883642
epoch 1230, training accuracy 0.884486
epoch 1240, training accuracy 0.883642
epoch 1250, training accuracy 0.885329
epoch 1260, training accuracy 0.887858
epoch 1270, training accuracy 0.887858
epoch 1280, training accuracy 0.888701
epoch 1290, training accuracy 0.888701
epoch 1300, training accuracy 0.887858
epoch 1310, training accuracy 0.887858
epoch 1320, training accuracy 0.887858
epoch 1330, training accuracy 0.888701
epoch 1340, training accuracy 0.888701
epoch 1350, training accuracy 0.889545
epoch 1360, training accuracy 0.889545
epoch 1370, training accuracy 0.890388
epoch 1380, training accuracy 0.891231
epoch 1390, training accuracy 0.891231
epoch 1400, training accuracy 0.891231
epoch 1410, training accuracy 0.891231
epoch 1420, training accuracy 0.891231
epoch 1430, training accuracy 0.891231
epoch 1440, training accuracy 0.891231
epoch 1450, training accuracy 0.891231
epoch 1460, training accuracy 0.892074
epoch 1470, training accuracy 0.892074
epoch 1480, training accuracy 0.892074
epoch 1490, training accuracy 0.892074
epoch 1500, training accuracy 0.892074
epoch 1510, training accuracy 0.894604
epoch 1520, training accuracy 0.894604
epoch 1530, training accuracy 0.893761
epoch 1540, training accuracy 0.894604
epoch 1550, training accuracy 0.894604
epoch 1560, training accuracy 0.895447
epoch 1570, training accuracy 0.897133
epoch 1580, training accuracy 0.897133
epoch 1590, training accuracy 0.897133
epoch 1600, training accuracy 0.898820
epoch 1610, training accuracy 0.898820
epoch 1620, training accuracy 0.898820
epoch 1630, training accuracy 0.898820
epoch 1640, training accuracy 0.897976
epoch 1650, training accuracy 0.897976
epoch 1660, training accuracy 0.898820
epoch 1670, training accuracy 0.898820
epoch 1680, training accuracy 0.898820
epoch 1690, training accuracy 0.897976
epoch 1700, training accuracy 0.897976
epoch 1710, training accuracy 0.897976
epoch 1720, training accuracy 0.897976
epoch 1730, training accuracy 0.897976
epoch 1740, training accuracy 0.897976
epoch 1750, training accuracy 0.897976
epoch 1760, training accuracy 0.897976
epoch 1770, training accuracy 0.897976
epoch 1780, training accuracy 0.898820
epoch 1790, training accuracy 0.898820
epoch 1800, training accuracy 0.898820
epoch 1810, training accuracy 0.898820
epoch 1820, training accuracy 0.898820
epoch 1830, training accuracy 0.898820
epoch 1840, training accuracy 0.898820
epoch 1850, training accuracy 0.897976
epoch 1860, training accuracy 0.899663
epoch 1870, training accuracy 0.899663
epoch 1880, training accuracy 0.899663
epoch 1890, training accuracy 0.899663
epoch 1900, training accuracy 0.900506
epoch 1910, training accuracy 0.901349
epoch 1920, training accuracy 0.901349
epoch 1930, training accuracy 0.901349
epoch 1940, training accuracy 0.900506
epoch 1950, training accuracy 0.900506
epoch 1960, training accuracy 0.900506
epoch 1970, training accuracy 0.900506
epoch 1980, training accuracy 0.901349
epoch 1990, training accuracy 0.902192
epoch 2000, training accuracy 0.903035
epoch 2010, training accuracy 0.903035
epoch 2020, training accuracy 0.903879
epoch 2030, training accuracy 0.903879
epoch 2040, training accuracy 0.905565
epoch 2050, training accuracy 0.905565
epoch 2060, training accuracy 0.905565
epoch 2070, training accuracy 0.906408
epoch 2080, training accuracy 0.907251
epoch 2090, training accuracy 0.907251
epoch 2100, training accuracy 0.907251
epoch 2110, training accuracy 0.907251
epoch 2120, training accuracy 0.907251
epoch 2130, training accuracy 0.907251
epoch 2140, training accuracy 0.908094
epoch 2150, training accuracy 0.908094
epoch 2160, training accuracy 0.908094
epoch 2170, training accuracy 0.908094
epoch 2180, training accuracy 0.908094
epoch 2190, training accuracy 0.908094
epoch 2200, training accuracy 0.908094
epoch 2210, training accuracy 0.908094
epoch 2220, training accuracy 0.908094
epoch 2230, training accuracy 0.908094
epoch 2240, training accuracy 0.908938
epoch 2250, training accuracy 0.908938
epoch 2260, training accuracy 0.908938
epoch 2270, training accuracy 0.908938
epoch 2280, training accuracy 0.908938
epoch 2290, training accuracy 0.908938
epoch 2300, training accuracy 0.908938
epoch 2310, training accuracy 0.909781
epoch 2320, training accuracy 0.909781
epoch 2330, training accuracy 0.909781
epoch 2340, training accuracy 0.909781
epoch 2350, training accuracy 0.909781
epoch 2360, training accuracy 0.911467
epoch 2370, training accuracy 0.912310
epoch 2380, training accuracy 0.912310
epoch 2390, training accuracy 0.912310
epoch 2400, training accuracy 0.912310
epoch 2410, training accuracy 0.912310
epoch 2420, training accuracy 0.912310
epoch 2430, training accuracy 0.912310
epoch 2440, training accuracy 0.913153
epoch 2450, training accuracy 0.913153
epoch 2460, training accuracy 0.913153
epoch 2470, training accuracy 0.913153
epoch 2480, training accuracy 0.913153
epoch 2490, training accuracy 0.913153
epoch 2500, training accuracy 0.913997
epoch 2510, training accuracy 0.913997
epoch 2520, training accuracy 0.913997
epoch 2530, training accuracy 0.913997
epoch 2540, training accuracy 0.913997
epoch 2550, training accuracy 0.914840
epoch 2560, training accuracy 0.914840
epoch 2570, training accuracy 0.914840
epoch 2580, training accuracy 0.914840
epoch 2590, training accuracy 0.914840
epoch 2600, training accuracy 0.914840
epoch 2610, training accuracy 0.914840
epoch 2620, training accuracy 0.915683
epoch 2630, training accuracy 0.915683
epoch 2640, training accuracy 0.915683
epoch 2650, training accuracy 0.915683
epoch 2660, training accuracy 0.915683
epoch 2670, training accuracy 0.915683
epoch 2680, training accuracy 0.915683
epoch 2690, training accuracy 0.915683
epoch 2700, training accuracy 0.915683
epoch 2710, training accuracy 0.915683
epoch 2720, training accuracy 0.915683
epoch 2730, training accuracy 0.916526
epoch 2740, training accuracy 0.916526
epoch 2750, training accuracy 0.916526
epoch 2760, training accuracy 0.916526
epoch 2770, training accuracy 0.916526
epoch 2780, training accuracy 0.916526
epoch 2790, training accuracy 0.916526
epoch 2800, training accuracy 0.916526
epoch 2810, training accuracy 0.916526
epoch 2820, training accuracy 0.916526
epoch 2830, training accuracy 0.916526
epoch 2840, training accuracy 0.916526
epoch 2850, training accuracy 0.916526
epoch 2860, training accuracy 0.916526
epoch 2870, training accuracy 0.916526
epoch 2880, training accuracy 0.916526
epoch 2890, training accuracy 0.916526
epoch 2900, training accuracy 0.917369
epoch 2910, training accuracy 0.917369
epoch 2920, training accuracy 0.917369
epoch 2930, training accuracy 0.917369
epoch 2940, training accuracy 0.917369
epoch 2950, training accuracy 0.917369
epoch 2960, training accuracy 0.917369
epoch 2970, training accuracy 0.917369
epoch 2980, training accuracy 0.917369
epoch 2990, training accuracy 0.918212
epoch 3000, training accuracy 0.918212
/tmp/baixa_caixa_validate.py loaded, containing 344 entries, class distribution: [172 172]
correct: [122, 115]
incorrect: [11, 9]
accuracy: [0.9172932330827067, 0.9274193548387096]
unclassified: [39, 48]
total accuracy: [0.7093023255813954, 0.6686046511627907]
Sun Oct 22 15:51:20 CEST 2017 finished, res_training/por/baixa_caixa
