Sun Oct 22 20:04:21 CEST 2017 create_training_files
/tmp/except_expect
4025 lines
850 except
3175 expect
/tmp/except_expect_training
3220 lines
655 except
2565 expect
/tmp/except_expect_validate
805 lines
195 except
610 expect
generate /tmp/except_expect_training.py, /tmp/except_expect_validate.py
:compileJava UP-TO-DATE
:processResources UP-TO-DATE
:classes UP-TO-DATE
:createNGramDatabase
Reading /tmp/except_expect_training
Tokenizing
undersampling to 655
/tmp/except_expect_training.pycreated
Reading /tmp/except_expect_validate
Tokenizing
undersampling to 195
/tmp/except_expect_validate.pycreated

BUILD SUCCESSFUL

Total time: 5.208 secs

This build could be faster, please consider using the Gradle Daemon: https://docs.gradle.org/2.10/userguide/gradle_daemon.html
Sun Oct 22 20:04:32 CEST 2017 create_classifier
{'num_inputs': 4, 'training_data_file': '/tmp/except_expect_training.py', 'use_flex_hidden_layer': False, 'batch_size': 1000, 'embedding_path': 'res_training/eng/embedding/final_embeddings.txt', 'num_outputs': 2, 'epochs': 3000, 'self': <__main__.NeuralNetwork object at 0x2b00f24e5a58>, 'dictionary_path': 'res_training/eng/embedding/dictionary.txt'}
embedding shape (42122, 64)
/tmp/except_expect_training.py loaded, containing 1310 entries, class distribution: [655 655]
Steps: 3000, 1 steps in 3000 epochs
epoch 0, training accuracy 0.420611
epoch 10, training accuracy 0.422137
epoch 20, training accuracy 0.429008
epoch 30, training accuracy 0.448855
epoch 40, training accuracy 0.476336
epoch 50, training accuracy 0.503053
epoch 60, training accuracy 0.517557
epoch 70, training accuracy 0.534351
epoch 80, training accuracy 0.543511
epoch 90, training accuracy 0.564122
epoch 100, training accuracy 0.576336
epoch 110, training accuracy 0.589313
epoch 120, training accuracy 0.604580
epoch 130, training accuracy 0.615267
epoch 140, training accuracy 0.625191
epoch 150, training accuracy 0.641221
epoch 160, training accuracy 0.651908
epoch 170, training accuracy 0.662595
epoch 180, training accuracy 0.678626
epoch 190, training accuracy 0.684733
epoch 200, training accuracy 0.696183
epoch 210, training accuracy 0.706107
epoch 220, training accuracy 0.712214
epoch 230, training accuracy 0.722137
epoch 240, training accuracy 0.726718
epoch 250, training accuracy 0.738168
epoch 260, training accuracy 0.746565
epoch 270, training accuracy 0.755725
epoch 280, training accuracy 0.767176
epoch 290, training accuracy 0.774809
epoch 300, training accuracy 0.779389
epoch 310, training accuracy 0.786260
epoch 320, training accuracy 0.790076
epoch 330, training accuracy 0.791603
epoch 340, training accuracy 0.796183
epoch 350, training accuracy 0.800000
epoch 360, training accuracy 0.804580
epoch 370, training accuracy 0.811450
epoch 380, training accuracy 0.815267
epoch 390, training accuracy 0.822137
epoch 400, training accuracy 0.825191
epoch 410, training accuracy 0.825954
epoch 420, training accuracy 0.829008
epoch 430, training accuracy 0.828244
epoch 440, training accuracy 0.829008
epoch 450, training accuracy 0.833588
epoch 460, training accuracy 0.838931
epoch 470, training accuracy 0.840458
epoch 480, training accuracy 0.842748
epoch 490, training accuracy 0.845802
epoch 500, training accuracy 0.847328
epoch 510, training accuracy 0.849618
epoch 520, training accuracy 0.850382
epoch 530, training accuracy 0.851145
epoch 540, training accuracy 0.856489
epoch 550, training accuracy 0.860305
epoch 560, training accuracy 0.863359
epoch 570, training accuracy 0.864886
epoch 580, training accuracy 0.866412
epoch 590, training accuracy 0.867176
epoch 600, training accuracy 0.868702
epoch 610, training accuracy 0.872519
epoch 620, training accuracy 0.874809
epoch 630, training accuracy 0.876336
epoch 640, training accuracy 0.878626
epoch 650, training accuracy 0.881679
epoch 660, training accuracy 0.882443
epoch 670, training accuracy 0.883206
epoch 680, training accuracy 0.884733
epoch 690, training accuracy 0.885496
epoch 700, training accuracy 0.888550
epoch 710, training accuracy 0.890840
epoch 720, training accuracy 0.893130
epoch 730, training accuracy 0.893130
epoch 740, training accuracy 0.895420
epoch 750, training accuracy 0.896947
epoch 760, training accuracy 0.898473
epoch 770, training accuracy 0.899237
epoch 780, training accuracy 0.901527
epoch 790, training accuracy 0.901527
epoch 800, training accuracy 0.902290
epoch 810, training accuracy 0.903053
epoch 820, training accuracy 0.903817
epoch 830, training accuracy 0.903817
epoch 840, training accuracy 0.904580
epoch 850, training accuracy 0.905344
epoch 860, training accuracy 0.906870
epoch 870, training accuracy 0.907634
epoch 880, training accuracy 0.908397
epoch 890, training accuracy 0.908397
epoch 900, training accuracy 0.908397
epoch 910, training accuracy 0.911450
epoch 920, training accuracy 0.912214
epoch 930, training accuracy 0.912214
epoch 940, training accuracy 0.912214
epoch 950, training accuracy 0.912214
epoch 960, training accuracy 0.912214
epoch 970, training accuracy 0.912214
epoch 980, training accuracy 0.912977
epoch 990, training accuracy 0.913740
epoch 1000, training accuracy 0.913740
epoch 1010, training accuracy 0.913740
epoch 1020, training accuracy 0.913740
epoch 1030, training accuracy 0.913740
epoch 1040, training accuracy 0.913740
epoch 1050, training accuracy 0.913740
epoch 1060, training accuracy 0.914504
epoch 1070, training accuracy 0.915267
epoch 1080, training accuracy 0.915267
epoch 1090, training accuracy 0.915267
epoch 1100, training accuracy 0.916031
epoch 1110, training accuracy 0.916031
epoch 1120, training accuracy 0.916031
epoch 1130, training accuracy 0.916794
epoch 1140, training accuracy 0.917557
epoch 1150, training accuracy 0.918321
epoch 1160, training accuracy 0.918321
epoch 1170, training accuracy 0.920611
epoch 1180, training accuracy 0.922137
epoch 1190, training accuracy 0.922137
epoch 1200, training accuracy 0.922901
epoch 1210, training accuracy 0.923664
epoch 1220, training accuracy 0.923664
epoch 1230, training accuracy 0.924428
epoch 1240, training accuracy 0.924428
epoch 1250, training accuracy 0.925191
epoch 1260, training accuracy 0.925191
epoch 1270, training accuracy 0.925191
epoch 1280, training accuracy 0.925954
epoch 1290, training accuracy 0.926718
epoch 1300, training accuracy 0.927481
epoch 1310, training accuracy 0.927481
epoch 1320, training accuracy 0.928244
epoch 1330, training accuracy 0.929008
epoch 1340, training accuracy 0.929008
epoch 1350, training accuracy 0.929008
epoch 1360, training accuracy 0.929008
epoch 1370, training accuracy 0.929008
epoch 1380, training accuracy 0.929771
epoch 1390, training accuracy 0.929771
epoch 1400, training accuracy 0.929771
epoch 1410, training accuracy 0.931298
epoch 1420, training accuracy 0.932061
epoch 1430, training accuracy 0.932061
epoch 1440, training accuracy 0.932824
epoch 1450, training accuracy 0.934351
epoch 1460, training accuracy 0.935115
epoch 1470, training accuracy 0.935878
epoch 1480, training accuracy 0.935878
epoch 1490, training accuracy 0.936641
epoch 1500, training accuracy 0.936641
epoch 1510, training accuracy 0.936641
epoch 1520, training accuracy 0.936641
epoch 1530, training accuracy 0.936641
epoch 1540, training accuracy 0.937405
epoch 1550, training accuracy 0.937405
epoch 1560, training accuracy 0.938931
epoch 1570, training accuracy 0.938931
epoch 1580, training accuracy 0.938931
epoch 1590, training accuracy 0.940458
epoch 1600, training accuracy 0.940458
epoch 1610, training accuracy 0.940458
epoch 1620, training accuracy 0.941221
epoch 1630, training accuracy 0.941221
epoch 1640, training accuracy 0.941221
epoch 1650, training accuracy 0.942748
epoch 1660, training accuracy 0.942748
epoch 1670, training accuracy 0.943511
epoch 1680, training accuracy 0.944275
epoch 1690, training accuracy 0.945038
epoch 1700, training accuracy 0.945038
epoch 1710, training accuracy 0.945038
epoch 1720, training accuracy 0.945038
epoch 1730, training accuracy 0.945038
epoch 1740, training accuracy 0.945038
epoch 1750, training accuracy 0.945038
epoch 1760, training accuracy 0.945802
epoch 1770, training accuracy 0.945802
epoch 1780, training accuracy 0.945802
epoch 1790, training accuracy 0.945802
epoch 1800, training accuracy 0.945802
epoch 1810, training accuracy 0.945802
epoch 1820, training accuracy 0.945802
epoch 1830, training accuracy 0.945802
epoch 1840, training accuracy 0.945802
epoch 1850, training accuracy 0.946565
epoch 1860, training accuracy 0.946565
epoch 1870, training accuracy 0.946565
epoch 1880, training accuracy 0.946565
epoch 1890, training accuracy 0.946565
epoch 1900, training accuracy 0.946565
epoch 1910, training accuracy 0.946565
epoch 1920, training accuracy 0.946565
epoch 1930, training accuracy 0.946565
epoch 1940, training accuracy 0.946565
epoch 1950, training accuracy 0.945802
epoch 1960, training accuracy 0.945802
epoch 1970, training accuracy 0.945802
epoch 1980, training accuracy 0.945802
epoch 1990, training accuracy 0.945802
epoch 2000, training accuracy 0.945802
epoch 2010, training accuracy 0.947328
epoch 2020, training accuracy 0.947328
epoch 2030, training accuracy 0.947328
epoch 2040, training accuracy 0.948855
epoch 2050, training accuracy 0.950382
epoch 2060, training accuracy 0.950382
epoch 2070, training accuracy 0.950382
epoch 2080, training accuracy 0.950382
epoch 2090, training accuracy 0.951145
epoch 2100, training accuracy 0.951145
epoch 2110, training accuracy 0.951145
epoch 2120, training accuracy 0.951145
epoch 2130, training accuracy 0.951145
epoch 2140, training accuracy 0.951145
epoch 2150, training accuracy 0.951908
epoch 2160, training accuracy 0.951908
epoch 2170, training accuracy 0.951908
epoch 2180, training accuracy 0.952672
epoch 2190, training accuracy 0.952672
epoch 2200, training accuracy 0.952672
epoch 2210, training accuracy 0.952672
epoch 2220, training accuracy 0.952672
epoch 2230, training accuracy 0.952672
epoch 2240, training accuracy 0.952672
epoch 2250, training accuracy 0.952672
epoch 2260, training accuracy 0.952672
epoch 2270, training accuracy 0.952672
epoch 2280, training accuracy 0.952672
epoch 2290, training accuracy 0.952672
epoch 2300, training accuracy 0.952672
epoch 2310, training accuracy 0.952672
epoch 2320, training accuracy 0.952672
epoch 2330, training accuracy 0.952672
epoch 2340, training accuracy 0.952672
epoch 2350, training accuracy 0.953435
epoch 2360, training accuracy 0.954198
epoch 2370, training accuracy 0.954198
epoch 2380, training accuracy 0.954198
epoch 2390, training accuracy 0.954198
epoch 2400, training accuracy 0.954198
epoch 2410, training accuracy 0.954198
epoch 2420, training accuracy 0.954198
epoch 2430, training accuracy 0.954198
epoch 2440, training accuracy 0.954962
epoch 2450, training accuracy 0.954962
epoch 2460, training accuracy 0.954962
epoch 2470, training accuracy 0.954962
epoch 2480, training accuracy 0.954962
epoch 2490, training accuracy 0.954962
epoch 2500, training accuracy 0.954962
epoch 2510, training accuracy 0.954962
epoch 2520, training accuracy 0.955725
epoch 2530, training accuracy 0.955725
epoch 2540, training accuracy 0.955725
epoch 2550, training accuracy 0.955725
epoch 2560, training accuracy 0.955725
epoch 2570, training accuracy 0.955725
epoch 2580, training accuracy 0.955725
epoch 2590, training accuracy 0.955725
epoch 2600, training accuracy 0.955725
epoch 2610, training accuracy 0.955725
epoch 2620, training accuracy 0.956489
epoch 2630, training accuracy 0.957252
epoch 2640, training accuracy 0.957252
epoch 2650, training accuracy 0.957252
epoch 2660, training accuracy 0.957252
epoch 2670, training accuracy 0.957252
epoch 2680, training accuracy 0.957252
epoch 2690, training accuracy 0.957252
epoch 2700, training accuracy 0.958015
epoch 2710, training accuracy 0.958015
epoch 2720, training accuracy 0.958015
epoch 2730, training accuracy 0.958015
epoch 2740, training accuracy 0.958015
epoch 2750, training accuracy 0.958015
epoch 2760, training accuracy 0.958015
epoch 2770, training accuracy 0.958015
epoch 2780, training accuracy 0.958015
epoch 2790, training accuracy 0.958015
epoch 2800, training accuracy 0.958015
epoch 2810, training accuracy 0.958779
epoch 2820, training accuracy 0.958779
epoch 2830, training accuracy 0.958779
epoch 2840, training accuracy 0.958779
epoch 2850, training accuracy 0.958779
epoch 2860, training accuracy 0.958779
epoch 2870, training accuracy 0.958779
epoch 2880, training accuracy 0.958779
epoch 2890, training accuracy 0.958779
epoch 2900, training accuracy 0.958779
epoch 2910, training accuracy 0.958779
epoch 2920, training accuracy 0.958779
epoch 2930, training accuracy 0.958779
epoch 2940, training accuracy 0.958779
epoch 2950, training accuracy 0.958779
epoch 2960, training accuracy 0.958779
epoch 2970, training accuracy 0.958779
epoch 2980, training accuracy 0.958779
epoch 2990, training accuracy 0.958779
epoch 3000, training accuracy 0.958779
/tmp/except_expect_validate.py loaded, containing 390 entries, class distribution: [195 195]
correct: [147, 154]
incorrect: [1, 4]
accuracy: [0.9932432432432432, 0.9746835443037974]
unclassified: [47, 37]
total accuracy: [0.7538461538461538, 0.7897435897435897]
Sun Oct 22 20:04:51 CEST 2017 finished, res_training/eng/except_expect
