Sun Oct 22 23:40:57 CEST 2017 create_training_files
/tmp/short_shot
12128 lines
4921 short
7243 shot
/tmp/short_shot_training
9703 lines
3914 short
5814 shot
/tmp/short_shot_validate
2425 lines
1007 short
1429 shot
generate /tmp/short_shot_training.py, /tmp/short_shot_validate.py
:compileJava UP-TO-DATE
:processResources UP-TO-DATE
:classes UP-TO-DATE
:createNGramDatabase
Reading /tmp/short_shot_training
Tokenizing
undersampling to 3961
/tmp/short_shot_training.pycreated
Reading /tmp/short_shot_validate
Tokenizing
undersampling to 1023
/tmp/short_shot_validate.pycreated

BUILD SUCCESSFUL

Total time: 6.086 secs

This build could be faster, please consider using the Gradle Daemon: https://docs.gradle.org/2.10/userguide/gradle_daemon.html
Sun Oct 22 23:41:08 CEST 2017 create_classifier
{'self': <__main__.NeuralNetwork object at 0x2b08ded94a58>, 'dictionary_path': 'res_training/eng/embedding/dictionary.txt', 'training_data_file': '/tmp/short_shot_training.py', 'num_inputs': 4, 'use_flex_hidden_layer': False, 'batch_size': 1000, 'num_outputs': 2, 'embedding_path': 'res_training/eng/embedding/final_embeddings.txt', 'epochs': 3000}
embedding shape (42122, 64)
/tmp/short_shot_training.py loaded, containing 7922 entries, class distribution: [3961 3961]
Steps: 21000, 7 steps in 3000 epochs
epoch 0, training accuracy 0.585963
epoch 10, training accuracy 0.646933
epoch 20, training accuracy 0.702979
epoch 30, training accuracy 0.741353
epoch 40, training accuracy 0.765842
epoch 50, training accuracy 0.790331
epoch 60, training accuracy 0.806741
epoch 70, training accuracy 0.817470
epoch 80, training accuracy 0.826433
epoch 90, training accuracy 0.835143
epoch 100, training accuracy 0.843600
epoch 110, training accuracy 0.850290
epoch 120, training accuracy 0.857359
epoch 130, training accuracy 0.863166
epoch 140, training accuracy 0.868846
epoch 150, training accuracy 0.872633
epoch 160, training accuracy 0.876673
epoch 170, training accuracy 0.879323
epoch 180, training accuracy 0.883363
epoch 190, training accuracy 0.886771
epoch 200, training accuracy 0.888160
epoch 210, training accuracy 0.890684
epoch 220, training accuracy 0.892199
epoch 230, training accuracy 0.893461
epoch 240, training accuracy 0.894345
epoch 250, training accuracy 0.895355
epoch 260, training accuracy 0.897753
epoch 270, training accuracy 0.898763
epoch 280, training accuracy 0.900278
epoch 290, training accuracy 0.901035
epoch 300, training accuracy 0.902045
epoch 310, training accuracy 0.903938
epoch 320, training accuracy 0.904570
epoch 330, training accuracy 0.905579
epoch 340, training accuracy 0.906968
epoch 350, training accuracy 0.907725
epoch 360, training accuracy 0.908609
epoch 370, training accuracy 0.909366
epoch 380, training accuracy 0.910124
epoch 390, training accuracy 0.911386
epoch 400, training accuracy 0.912522
epoch 410, training accuracy 0.913658
epoch 420, training accuracy 0.914289
epoch 430, training accuracy 0.914668
epoch 440, training accuracy 0.914668
epoch 450, training accuracy 0.915425
epoch 460, training accuracy 0.915930
epoch 470, training accuracy 0.916814
epoch 480, training accuracy 0.917571
epoch 490, training accuracy 0.918076
epoch 500, training accuracy 0.918455
epoch 510, training accuracy 0.918707
epoch 520, training accuracy 0.918960
epoch 530, training accuracy 0.919591
epoch 540, training accuracy 0.920475
epoch 550, training accuracy 0.920980
epoch 560, training accuracy 0.921737
epoch 570, training accuracy 0.921989
epoch 580, training accuracy 0.922368
epoch 590, training accuracy 0.923125
epoch 600, training accuracy 0.923252
epoch 610, training accuracy 0.923757
epoch 620, training accuracy 0.924388
epoch 630, training accuracy 0.924640
epoch 640, training accuracy 0.924640
epoch 650, training accuracy 0.924766
epoch 660, training accuracy 0.924893
epoch 670, training accuracy 0.925398
epoch 680, training accuracy 0.925903
epoch 690, training accuracy 0.926660
epoch 700, training accuracy 0.926534
epoch 710, training accuracy 0.926534
epoch 720, training accuracy 0.926534
epoch 730, training accuracy 0.927165
epoch 740, training accuracy 0.927291
epoch 750, training accuracy 0.927922
epoch 760, training accuracy 0.928680
epoch 770, training accuracy 0.928553
epoch 780, training accuracy 0.928932
epoch 790, training accuracy 0.929185
epoch 800, training accuracy 0.929185
epoch 810, training accuracy 0.929563
epoch 820, training accuracy 0.930068
epoch 830, training accuracy 0.930194
epoch 840, training accuracy 0.930194
epoch 850, training accuracy 0.930068
epoch 860, training accuracy 0.930447
epoch 870, training accuracy 0.930826
epoch 880, training accuracy 0.930826
epoch 890, training accuracy 0.930573
epoch 900, training accuracy 0.930573
epoch 910, training accuracy 0.931078
epoch 920, training accuracy 0.931457
epoch 930, training accuracy 0.931835
epoch 940, training accuracy 0.932088
epoch 950, training accuracy 0.932340
epoch 960, training accuracy 0.932467
epoch 970, training accuracy 0.932593
epoch 980, training accuracy 0.932845
epoch 990, training accuracy 0.933098
epoch 1000, training accuracy 0.933224
epoch 1010, training accuracy 0.933603
epoch 1020, training accuracy 0.933603
epoch 1030, training accuracy 0.933603
epoch 1040, training accuracy 0.934108
epoch 1050, training accuracy 0.934486
epoch 1060, training accuracy 0.934612
epoch 1070, training accuracy 0.934108
epoch 1080, training accuracy 0.934234
epoch 1090, training accuracy 0.934612
epoch 1100, training accuracy 0.935117
epoch 1110, training accuracy 0.935244
epoch 1120, training accuracy 0.935496
epoch 1130, training accuracy 0.935875
epoch 1140, training accuracy 0.936001
epoch 1150, training accuracy 0.936001
epoch 1160, training accuracy 0.936127
epoch 1170, training accuracy 0.936001
epoch 1180, training accuracy 0.936127
epoch 1190, training accuracy 0.936253
epoch 1200, training accuracy 0.936253
epoch 1210, training accuracy 0.935749
epoch 1220, training accuracy 0.935749
epoch 1230, training accuracy 0.935749
epoch 1240, training accuracy 0.936127
epoch 1250, training accuracy 0.936001
epoch 1260, training accuracy 0.936127
epoch 1270, training accuracy 0.936253
epoch 1280, training accuracy 0.936506
epoch 1290, training accuracy 0.936885
epoch 1300, training accuracy 0.937263
epoch 1310, training accuracy 0.937390
epoch 1320, training accuracy 0.937390
epoch 1330, training accuracy 0.937390
epoch 1340, training accuracy 0.937516
epoch 1350, training accuracy 0.937768
epoch 1360, training accuracy 0.937768
epoch 1370, training accuracy 0.937516
epoch 1380, training accuracy 0.937263
epoch 1390, training accuracy 0.937642
epoch 1400, training accuracy 0.937642
epoch 1410, training accuracy 0.937894
epoch 1420, training accuracy 0.938021
epoch 1430, training accuracy 0.938273
epoch 1440, training accuracy 0.938652
epoch 1450, training accuracy 0.938399
epoch 1460, training accuracy 0.938273
epoch 1470, training accuracy 0.938147
epoch 1480, training accuracy 0.938273
epoch 1490, training accuracy 0.938273
epoch 1500, training accuracy 0.938273
epoch 1510, training accuracy 0.938273
epoch 1520, training accuracy 0.938399
epoch 1530, training accuracy 0.938399
epoch 1540, training accuracy 0.938399
epoch 1550, training accuracy 0.938399
epoch 1560, training accuracy 0.938652
epoch 1570, training accuracy 0.938904
epoch 1580, training accuracy 0.939031
epoch 1590, training accuracy 0.939409
epoch 1600, training accuracy 0.939409
epoch 1610, training accuracy 0.939409
epoch 1620, training accuracy 0.939409
epoch 1630, training accuracy 0.939409
epoch 1640, training accuracy 0.939409
epoch 1650, training accuracy 0.939662
epoch 1660, training accuracy 0.939662
epoch 1670, training accuracy 0.939914
epoch 1680, training accuracy 0.939914
epoch 1690, training accuracy 0.939788
epoch 1700, training accuracy 0.939914
epoch 1710, training accuracy 0.940040
epoch 1720, training accuracy 0.940040
epoch 1730, training accuracy 0.940167
epoch 1740, training accuracy 0.940040
epoch 1750, training accuracy 0.940167
epoch 1760, training accuracy 0.940167
epoch 1770, training accuracy 0.940293
epoch 1780, training accuracy 0.940419
epoch 1790, training accuracy 0.940419
epoch 1800, training accuracy 0.940419
epoch 1810, training accuracy 0.940545
epoch 1820, training accuracy 0.940545
epoch 1830, training accuracy 0.940672
epoch 1840, training accuracy 0.940798
epoch 1850, training accuracy 0.940672
epoch 1860, training accuracy 0.940672
epoch 1870, training accuracy 0.940798
epoch 1880, training accuracy 0.940798
epoch 1890, training accuracy 0.940672
epoch 1900, training accuracy 0.940545
epoch 1910, training accuracy 0.940545
epoch 1920, training accuracy 0.940545
epoch 1930, training accuracy 0.940419
epoch 1940, training accuracy 0.940167
epoch 1950, training accuracy 0.940293
epoch 1960, training accuracy 0.940167
epoch 1970, training accuracy 0.940040
epoch 1980, training accuracy 0.939914
epoch 1990, training accuracy 0.939914
epoch 2000, training accuracy 0.939914
epoch 2010, training accuracy 0.939914
epoch 2020, training accuracy 0.939914
epoch 2030, training accuracy 0.940040
epoch 2040, training accuracy 0.939914
epoch 2050, training accuracy 0.940040
epoch 2060, training accuracy 0.939914
epoch 2070, training accuracy 0.939914
epoch 2080, training accuracy 0.940040
epoch 2090, training accuracy 0.940040
epoch 2100, training accuracy 0.940167
epoch 2110, training accuracy 0.940167
epoch 2120, training accuracy 0.940293
epoch 2130, training accuracy 0.940167
epoch 2140, training accuracy 0.940167
epoch 2150, training accuracy 0.940167
epoch 2160, training accuracy 0.940167
epoch 2170, training accuracy 0.940040
epoch 2180, training accuracy 0.940040
epoch 2190, training accuracy 0.940040
epoch 2200, training accuracy 0.940040
epoch 2210, training accuracy 0.940040
epoch 2220, training accuracy 0.940040
epoch 2230, training accuracy 0.940040
epoch 2240, training accuracy 0.940040
epoch 2250, training accuracy 0.940040
epoch 2260, training accuracy 0.940040
epoch 2270, training accuracy 0.940040
epoch 2280, training accuracy 0.940040
epoch 2290, training accuracy 0.940167
epoch 2300, training accuracy 0.940167
epoch 2310, training accuracy 0.940167
epoch 2320, training accuracy 0.940167
epoch 2330, training accuracy 0.940167
epoch 2340, training accuracy 0.940167
epoch 2350, training accuracy 0.940419
epoch 2360, training accuracy 0.940419
epoch 2370, training accuracy 0.940545
epoch 2380, training accuracy 0.940545
epoch 2390, training accuracy 0.940672
epoch 2400, training accuracy 0.940924
epoch 2410, training accuracy 0.940924
epoch 2420, training accuracy 0.940798
epoch 2430, training accuracy 0.940798
epoch 2440, training accuracy 0.940798
epoch 2450, training accuracy 0.940924
epoch 2460, training accuracy 0.940924
epoch 2470, training accuracy 0.940924
epoch 2480, training accuracy 0.941050
epoch 2490, training accuracy 0.941050
epoch 2500, training accuracy 0.941050
epoch 2510, training accuracy 0.941176
epoch 2520, training accuracy 0.941176
epoch 2530, training accuracy 0.941303
epoch 2540, training accuracy 0.941176
epoch 2550, training accuracy 0.941303
epoch 2560, training accuracy 0.941429
epoch 2570, training accuracy 0.941303
epoch 2580, training accuracy 0.941429
epoch 2590, training accuracy 0.941555
epoch 2600, training accuracy 0.941555
epoch 2610, training accuracy 0.941555
epoch 2620, training accuracy 0.941555
epoch 2630, training accuracy 0.941555
epoch 2640, training accuracy 0.941555
epoch 2650, training accuracy 0.941681
epoch 2660, training accuracy 0.941555
epoch 2670, training accuracy 0.941555
epoch 2680, training accuracy 0.941681
epoch 2690, training accuracy 0.941681
epoch 2700, training accuracy 0.941681
epoch 2710, training accuracy 0.941681
epoch 2720, training accuracy 0.941681
epoch 2730, training accuracy 0.941681
epoch 2740, training accuracy 0.941681
epoch 2750, training accuracy 0.941681
epoch 2760, training accuracy 0.941808
epoch 2770, training accuracy 0.941934
epoch 2780, training accuracy 0.941808
epoch 2790, training accuracy 0.941808
epoch 2800, training accuracy 0.941808
epoch 2810, training accuracy 0.941808
epoch 2820, training accuracy 0.941808
epoch 2830, training accuracy 0.941808
epoch 2840, training accuracy 0.941808
epoch 2850, training accuracy 0.941808
epoch 2860, training accuracy 0.941808
epoch 2870, training accuracy 0.941808
epoch 2880, training accuracy 0.941808
epoch 2890, training accuracy 0.941808
epoch 2900, training accuracy 0.941808
epoch 2910, training accuracy 0.941808
epoch 2920, training accuracy 0.941808
epoch 2930, training accuracy 0.941808
epoch 2940, training accuracy 0.941808
epoch 2950, training accuracy 0.941681
epoch 2960, training accuracy 0.941681
epoch 2970, training accuracy 0.941808
epoch 2980, training accuracy 0.941808
epoch 2990, training accuracy 0.941808
epoch 3000, training accuracy 0.941808
/tmp/short_shot_validate.py loaded, containing 2046 entries, class distribution: [1023 1023]
correct: [902, 879]
incorrect: [29, 34]
accuracy: [0.9688506981740065, 0.9627601314348302]
unclassified: [92, 110]
total accuracy: [0.8817204301075269, 0.8592375366568915]
Sun Oct 22 23:42:37 CEST 2017 finished, res_training/eng/short_shot
