Mon Oct 23 02:56:32 CEST 2017 create_training_files
/tmp/you_your
74705 lines
61295 you
25403 your
/tmp/you_your_training
59764 lines
49054 you
20306 your
/tmp/you_your_validate
14941 lines
12241 you
5097 your
generate /tmp/you_your_training.py, /tmp/you_your_validate.py
:compileJava UP-TO-DATE
:processResources UP-TO-DATE
:classes UP-TO-DATE
:createNGramDatabase
Reading /tmp/you_your_training
Tokenizing
undersampling to 23695
/tmp/you_your_training.pycreated
Reading /tmp/you_your_validate
Tokenizing
undersampling to 5966
/tmp/you_your_validate.pycreated

BUILD SUCCESSFUL

Total time: 10.024 secs

This build could be faster, please consider using the Gradle Daemon: https://docs.gradle.org/2.10/userguide/gradle_daemon.html
Mon Oct 23 02:56:47 CEST 2017 create_classifier
{'use_flex_hidden_layer': False, 'num_outputs': 2, 'self': <__main__.NeuralNetwork object at 0x2ad6613d1a58>, 'dictionary_path': 'res_training/eng/embedding/dictionary.txt', 'training_data_file': '/tmp/you_your_training.py', 'num_inputs': 4, 'batch_size': 1000, 'embedding_path': 'res_training/eng/embedding/final_embeddings.txt', 'epochs': 3000}
embedding shape (42122, 64)
/tmp/you_your_training.py loaded, containing 47390 entries, class distribution: [23695 23695]
Steps: 141000, 47 steps in 3000 epochs
epoch 0, training accuracy 0.446613
epoch 10, training accuracy 0.834839
epoch 20, training accuracy 0.901646
epoch 30, training accuracy 0.921608
epoch 40, training accuracy 0.932982
epoch 50, training accuracy 0.941000
epoch 60, training accuracy 0.946592
epoch 70, training accuracy 0.951403
epoch 80, training accuracy 0.954906
epoch 90, training accuracy 0.957333
epoch 100, training accuracy 0.959443
epoch 110, training accuracy 0.961173
epoch 120, training accuracy 0.962418
epoch 130, training accuracy 0.964064
epoch 140, training accuracy 0.965689
epoch 150, training accuracy 0.966913
epoch 160, training accuracy 0.967567
epoch 170, training accuracy 0.968221
epoch 180, training accuracy 0.968685
epoch 190, training accuracy 0.969635
epoch 200, training accuracy 0.969930
epoch 210, training accuracy 0.970268
epoch 220, training accuracy 0.970500
epoch 230, training accuracy 0.970964
epoch 240, training accuracy 0.971028
epoch 250, training accuracy 0.971323
epoch 260, training accuracy 0.971407
epoch 270, training accuracy 0.971344
epoch 280, training accuracy 0.971365
epoch 290, training accuracy 0.971386
epoch 300, training accuracy 0.971492
epoch 310, training accuracy 0.971682
epoch 320, training accuracy 0.971998
epoch 330, training accuracy 0.972083
epoch 340, training accuracy 0.972273
epoch 350, training accuracy 0.972357
epoch 360, training accuracy 0.972399
epoch 370, training accuracy 0.972420
epoch 380, training accuracy 0.972526
epoch 390, training accuracy 0.972568
epoch 400, training accuracy 0.972589
epoch 410, training accuracy 0.972758
epoch 420, training accuracy 0.972716
epoch 430, training accuracy 0.972758
epoch 440, training accuracy 0.972779
epoch 450, training accuracy 0.972695
epoch 460, training accuracy 0.972547
epoch 470, training accuracy 0.972631
epoch 480, training accuracy 0.972631
epoch 490, training accuracy 0.972716
epoch 500, training accuracy 0.972716
epoch 510, training accuracy 0.972674
epoch 520, training accuracy 0.972631
epoch 530, training accuracy 0.972800
epoch 540, training accuracy 0.972779
epoch 550, training accuracy 0.972779
epoch 560, training accuracy 0.972737
epoch 570, training accuracy 0.972779
epoch 580, training accuracy 0.972800
epoch 590, training accuracy 0.972821
epoch 600, training accuracy 0.972800
epoch 610, training accuracy 0.972842
epoch 620, training accuracy 0.972821
epoch 630, training accuracy 0.972779
epoch 640, training accuracy 0.972821
epoch 650, training accuracy 0.972800
epoch 660, training accuracy 0.972863
epoch 670, training accuracy 0.972842
epoch 680, training accuracy 0.972842
epoch 690, training accuracy 0.972906
epoch 700, training accuracy 0.972969
epoch 710, training accuracy 0.972969
epoch 720, training accuracy 0.972863
epoch 730, training accuracy 0.972906
epoch 740, training accuracy 0.972948
epoch 750, training accuracy 0.972927
epoch 760, training accuracy 0.972927
epoch 770, training accuracy 0.972948
epoch 780, training accuracy 0.972969
epoch 790, training accuracy 0.972927
epoch 800, training accuracy 0.972842
epoch 810, training accuracy 0.972969
epoch 820, training accuracy 0.973011
epoch 830, training accuracy 0.972990
epoch 840, training accuracy 0.972863
epoch 850, training accuracy 0.972863
epoch 860, training accuracy 0.973032
epoch 870, training accuracy 0.973053
epoch 880, training accuracy 0.973032
epoch 890, training accuracy 0.972821
epoch 900, training accuracy 0.972842
epoch 910, training accuracy 0.972990
epoch 920, training accuracy 0.972990
epoch 930, training accuracy 0.972863
epoch 940, training accuracy 0.972863
epoch 950, training accuracy 0.972885
epoch 960, training accuracy 0.972885
epoch 970, training accuracy 0.972863
epoch 980, training accuracy 0.972906
epoch 990, training accuracy 0.972969
epoch 1000, training accuracy 0.972906
epoch 1010, training accuracy 0.972863
epoch 1020, training accuracy 0.972885
epoch 1030, training accuracy 0.972927
epoch 1040, training accuracy 0.972990
epoch 1050, training accuracy 0.972906
epoch 1060, training accuracy 0.972863
epoch 1070, training accuracy 0.972863
epoch 1080, training accuracy 0.972990
epoch 1090, training accuracy 0.972990
epoch 1100, training accuracy 0.972842
epoch 1110, training accuracy 0.972885
epoch 1120, training accuracy 0.972842
epoch 1130, training accuracy 0.972969
epoch 1140, training accuracy 0.972927
epoch 1150, training accuracy 0.972842
epoch 1160, training accuracy 0.972885
epoch 1170, training accuracy 0.972906
epoch 1180, training accuracy 0.972906
epoch 1190, training accuracy 0.972927
epoch 1200, training accuracy 0.972863
epoch 1210, training accuracy 0.972842
epoch 1220, training accuracy 0.972885
epoch 1230, training accuracy 0.972863
epoch 1240, training accuracy 0.972906
epoch 1250, training accuracy 0.972906
epoch 1260, training accuracy 0.972885
epoch 1270, training accuracy 0.972863
epoch 1280, training accuracy 0.972863
epoch 1290, training accuracy 0.972885
epoch 1300, training accuracy 0.972906
epoch 1310, training accuracy 0.972863
epoch 1320, training accuracy 0.972885
epoch 1330, training accuracy 0.972800
epoch 1340, training accuracy 0.972885
epoch 1350, training accuracy 0.972927
epoch 1360, training accuracy 0.972863
epoch 1370, training accuracy 0.972779
epoch 1380, training accuracy 0.972821
epoch 1390, training accuracy 0.972885
epoch 1400, training accuracy 0.972948
epoch 1410, training accuracy 0.972779
epoch 1420, training accuracy 0.972800
epoch 1430, training accuracy 0.972800
epoch 1440, training accuracy 0.972927
epoch 1450, training accuracy 0.972885
epoch 1460, training accuracy 0.972779
epoch 1470, training accuracy 0.972779
epoch 1480, training accuracy 0.972779
epoch 1490, training accuracy 0.972885
epoch 1500, training accuracy 0.972842
epoch 1510, training accuracy 0.972779
epoch 1520, training accuracy 0.972758
epoch 1530, training accuracy 0.972863
epoch 1540, training accuracy 0.972906
epoch 1550, training accuracy 0.972842
epoch 1560, training accuracy 0.972758
epoch 1570, training accuracy 0.972737
epoch 1580, training accuracy 0.972885
epoch 1590, training accuracy 0.972842
epoch 1600, training accuracy 0.972821
epoch 1610, training accuracy 0.972716
epoch 1620, training accuracy 0.972737
epoch 1630, training accuracy 0.972863
epoch 1640, training accuracy 0.972863
epoch 1650, training accuracy 0.972779
epoch 1660, training accuracy 0.972716
epoch 1670, training accuracy 0.972779
epoch 1680, training accuracy 0.972863
epoch 1690, training accuracy 0.972842
epoch 1700, training accuracy 0.972758
epoch 1710, training accuracy 0.972758
epoch 1720, training accuracy 0.972821
epoch 1730, training accuracy 0.972863
epoch 1740, training accuracy 0.972842
epoch 1750, training accuracy 0.972758
epoch 1760, training accuracy 0.972758
epoch 1770, training accuracy 0.972779
epoch 1780, training accuracy 0.972842
epoch 1790, training accuracy 0.972842
epoch 1800, training accuracy 0.972716
epoch 1810, training accuracy 0.972737
epoch 1820, training accuracy 0.972842
epoch 1830, training accuracy 0.972863
epoch 1840, training accuracy 0.972863
epoch 1850, training accuracy 0.972652
epoch 1860, training accuracy 0.972674
epoch 1870, training accuracy 0.972842
epoch 1880, training accuracy 0.972842
epoch 1890, training accuracy 0.972821
epoch 1900, training accuracy 0.972631
epoch 1910, training accuracy 0.972758
epoch 1920, training accuracy 0.972863
epoch 1930, training accuracy 0.972863
epoch 1940, training accuracy 0.972779
epoch 1950, training accuracy 0.972674
epoch 1960, training accuracy 0.972800
epoch 1970, training accuracy 0.972842
epoch 1980, training accuracy 0.972842
epoch 1990, training accuracy 0.972779
epoch 2000, training accuracy 0.972652
epoch 2010, training accuracy 0.972842
epoch 2020, training accuracy 0.972842
epoch 2030, training accuracy 0.972842
epoch 2040, training accuracy 0.972737
epoch 2050, training accuracy 0.972631
epoch 2060, training accuracy 0.972842
epoch 2070, training accuracy 0.972842
epoch 2080, training accuracy 0.972842
epoch 2090, training accuracy 0.972674
epoch 2100, training accuracy 0.972716
epoch 2110, training accuracy 0.972842
epoch 2120, training accuracy 0.972842
epoch 2130, training accuracy 0.972842
epoch 2140, training accuracy 0.972631
epoch 2150, training accuracy 0.972758
epoch 2160, training accuracy 0.972821
epoch 2170, training accuracy 0.972863
epoch 2180, training accuracy 0.972821
epoch 2190, training accuracy 0.972631
epoch 2200, training accuracy 0.972863
epoch 2210, training accuracy 0.972842
epoch 2220, training accuracy 0.972842
epoch 2230, training accuracy 0.972737
epoch 2240, training accuracy 0.972610
epoch 2250, training accuracy 0.972885
epoch 2260, training accuracy 0.972842
epoch 2270, training accuracy 0.972863
epoch 2280, training accuracy 0.972674
epoch 2290, training accuracy 0.972610
epoch 2300, training accuracy 0.972885
epoch 2310, training accuracy 0.972842
epoch 2320, training accuracy 0.972863
epoch 2330, training accuracy 0.972610
epoch 2340, training accuracy 0.972716
epoch 2350, training accuracy 0.972885
epoch 2360, training accuracy 0.972863
epoch 2370, training accuracy 0.972863
epoch 2380, training accuracy 0.972631
epoch 2390, training accuracy 0.972716
epoch 2400, training accuracy 0.972863
epoch 2410, training accuracy 0.972863
epoch 2420, training accuracy 0.972800
epoch 2430, training accuracy 0.972631
epoch 2440, training accuracy 0.972863
epoch 2450, training accuracy 0.972863
epoch 2460, training accuracy 0.972863
epoch 2470, training accuracy 0.972716
epoch 2480, training accuracy 0.972631
epoch 2490, training accuracy 0.972863
epoch 2500, training accuracy 0.972863
epoch 2510, training accuracy 0.972863
epoch 2520, training accuracy 0.972674
epoch 2530, training accuracy 0.972674
epoch 2540, training accuracy 0.972885
epoch 2550, training accuracy 0.972863
epoch 2560, training accuracy 0.972863
epoch 2570, training accuracy 0.972652
epoch 2580, training accuracy 0.972716
epoch 2590, training accuracy 0.972885
epoch 2600, training accuracy 0.972863
epoch 2610, training accuracy 0.972821
epoch 2620, training accuracy 0.972674
epoch 2630, training accuracy 0.972716
epoch 2640, training accuracy 0.972863
epoch 2650, training accuracy 0.972863
epoch 2660, training accuracy 0.972779
epoch 2670, training accuracy 0.972695
epoch 2680, training accuracy 0.972779
epoch 2690, training accuracy 0.972863
epoch 2700, training accuracy 0.972842
epoch 2710, training accuracy 0.972695
epoch 2720, training accuracy 0.972716
epoch 2730, training accuracy 0.972821
epoch 2740, training accuracy 0.972885
epoch 2750, training accuracy 0.972821
epoch 2760, training accuracy 0.972695
epoch 2770, training accuracy 0.972758
epoch 2780, training accuracy 0.972842
epoch 2790, training accuracy 0.972906
epoch 2800, training accuracy 0.972821
epoch 2810, training accuracy 0.972695
epoch 2820, training accuracy 0.972758
epoch 2830, training accuracy 0.972842
epoch 2840, training accuracy 0.972906
epoch 2850, training accuracy 0.972821
epoch 2860, training accuracy 0.972674
epoch 2870, training accuracy 0.972779
epoch 2880, training accuracy 0.972885
epoch 2890, training accuracy 0.972863
epoch 2900, training accuracy 0.972758
epoch 2910, training accuracy 0.972674
epoch 2920, training accuracy 0.972779
epoch 2930, training accuracy 0.972863
epoch 2940, training accuracy 0.972863
epoch 2950, training accuracy 0.972737
epoch 2960, training accuracy 0.972716
epoch 2970, training accuracy 0.972842
epoch 2980, training accuracy 0.972885
epoch 2990, training accuracy 0.972863
epoch 3000, training accuracy 0.972737
/tmp/you_your_validate.py loaded, containing 11932 entries, class distribution: [5966 5966]
correct: [5651, 5640]
incorrect: [97, 88]
accuracy: [0.9831245650661099, 0.9846368715083799]
unclassified: [218, 238]
total accuracy: [0.9472008045591687, 0.9453570231310761]
Mon Oct 23 03:05:53 CEST 2017 finished, res_training/eng/you_your
