Sun Oct 22 17:21:46 CEST 2017 create_training_files
/tmp/cargo_carro
4544 lines
2637 cargo
1909 carro
/tmp/cargo_carro_training
3636 lines
2110 cargo
1528 carro
/tmp/cargo_carro_validate
908 lines
527 cargo
381 carro
generate /tmp/cargo_carro_training.py, /tmp/cargo_carro_validate.py
:compileJava UP-TO-DATE
:processResources UP-TO-DATE
:classes UP-TO-DATE
:createNGramDatabase
Reading /tmp/cargo_carro_training
Tokenizing
undersampling to 1572
/tmp/cargo_carro_training.pycreated
Reading /tmp/cargo_carro_validate
Tokenizing
undersampling to 392
/tmp/cargo_carro_validate.pycreated

BUILD SUCCESSFUL

Total time: 5.072 secs

This build could be faster, please consider using the Gradle Daemon: https://docs.gradle.org/2.10/userguide/gradle_daemon.html
Sun Oct 22 17:21:57 CEST 2017 create_classifier
{'self': <__main__.NeuralNetwork object at 0x2b33df88da58>, 'epochs': 3000, 'training_data_file': '/tmp/cargo_carro_training.py', 'dictionary_path': 'res_training/por/embedding/dictionary.txt', 'use_flex_hidden_layer': False, 'num_outputs': 2, 'embedding_path': 'res_training/por/embedding/final_embeddings.txt', 'batch_size': 1000, 'num_inputs': 4}
embedding shape (44676, 64)
/tmp/cargo_carro_training.py loaded, containing 3144 entries, class distribution: [1572 1572]
Steps: 9000, 3 steps in 3000 epochs
epoch 0, training accuracy 0.542939
epoch 10, training accuracy 0.579517
epoch 20, training accuracy 0.614504
epoch 30, training accuracy 0.634860
epoch 40, training accuracy 0.661578
epoch 50, training accuracy 0.683206
epoch 60, training accuracy 0.696883
epoch 70, training accuracy 0.708015
epoch 80, training accuracy 0.720738
epoch 90, training accuracy 0.730280
epoch 100, training accuracy 0.738550
epoch 110, training accuracy 0.744593
epoch 120, training accuracy 0.752545
epoch 130, training accuracy 0.755089
epoch 140, training accuracy 0.757316
epoch 150, training accuracy 0.762405
epoch 160, training accuracy 0.767176
epoch 170, training accuracy 0.773537
epoch 180, training accuracy 0.780534
epoch 190, training accuracy 0.785623
epoch 200, training accuracy 0.790076
epoch 210, training accuracy 0.795802
epoch 220, training accuracy 0.798982
epoch 230, training accuracy 0.801209
epoch 240, training accuracy 0.804071
epoch 250, training accuracy 0.805980
epoch 260, training accuracy 0.809478
epoch 270, training accuracy 0.812023
epoch 280, training accuracy 0.815840
epoch 290, training accuracy 0.818066
epoch 300, training accuracy 0.819975
epoch 310, training accuracy 0.822837
epoch 320, training accuracy 0.823791
epoch 330, training accuracy 0.825700
epoch 340, training accuracy 0.826972
epoch 350, training accuracy 0.828244
epoch 360, training accuracy 0.829517
epoch 370, training accuracy 0.831107
epoch 380, training accuracy 0.832379
epoch 390, training accuracy 0.834606
epoch 400, training accuracy 0.837150
epoch 410, training accuracy 0.839377
epoch 420, training accuracy 0.840331
epoch 430, training accuracy 0.840649
epoch 440, training accuracy 0.842239
epoch 450, training accuracy 0.842875
epoch 460, training accuracy 0.843511
epoch 470, training accuracy 0.843830
epoch 480, training accuracy 0.845738
epoch 490, training accuracy 0.847328
epoch 500, training accuracy 0.849555
epoch 510, training accuracy 0.849873
epoch 520, training accuracy 0.850827
epoch 530, training accuracy 0.852417
epoch 540, training accuracy 0.854008
epoch 550, training accuracy 0.855280
epoch 560, training accuracy 0.856552
epoch 570, training accuracy 0.857188
epoch 580, training accuracy 0.858142
epoch 590, training accuracy 0.861005
epoch 600, training accuracy 0.862595
epoch 610, training accuracy 0.863550
epoch 620, training accuracy 0.863868
epoch 630, training accuracy 0.863550
epoch 640, training accuracy 0.862913
epoch 650, training accuracy 0.864186
epoch 660, training accuracy 0.864822
epoch 670, training accuracy 0.866730
epoch 680, training accuracy 0.868321
epoch 690, training accuracy 0.868957
epoch 700, training accuracy 0.870229
epoch 710, training accuracy 0.872137
epoch 720, training accuracy 0.872455
epoch 730, training accuracy 0.872455
epoch 740, training accuracy 0.873410
epoch 750, training accuracy 0.873092
epoch 760, training accuracy 0.873410
epoch 770, training accuracy 0.873410
epoch 780, training accuracy 0.873728
epoch 790, training accuracy 0.874046
epoch 800, training accuracy 0.874682
epoch 810, training accuracy 0.875000
epoch 820, training accuracy 0.875000
epoch 830, training accuracy 0.874682
epoch 840, training accuracy 0.875000
epoch 850, training accuracy 0.875636
epoch 860, training accuracy 0.875954
epoch 870, training accuracy 0.875954
epoch 880, training accuracy 0.875954
epoch 890, training accuracy 0.877226
epoch 900, training accuracy 0.877226
epoch 910, training accuracy 0.877863
epoch 920, training accuracy 0.877863
epoch 930, training accuracy 0.877863
epoch 940, training accuracy 0.878499
epoch 950, training accuracy 0.879135
epoch 960, training accuracy 0.879135
epoch 970, training accuracy 0.879453
epoch 980, training accuracy 0.879771
epoch 990, training accuracy 0.879771
epoch 1000, training accuracy 0.879771
epoch 1010, training accuracy 0.879771
epoch 1020, training accuracy 0.879135
epoch 1030, training accuracy 0.879453
epoch 1040, training accuracy 0.879771
epoch 1050, training accuracy 0.880089
epoch 1060, training accuracy 0.880407
epoch 1070, training accuracy 0.880725
epoch 1080, training accuracy 0.881043
epoch 1090, training accuracy 0.881997
epoch 1100, training accuracy 0.882952
epoch 1110, training accuracy 0.883270
epoch 1120, training accuracy 0.883270
epoch 1130, training accuracy 0.882952
epoch 1140, training accuracy 0.882952
epoch 1150, training accuracy 0.883270
epoch 1160, training accuracy 0.883270
epoch 1170, training accuracy 0.883588
epoch 1180, training accuracy 0.883588
epoch 1190, training accuracy 0.883588
epoch 1200, training accuracy 0.883906
epoch 1210, training accuracy 0.884542
epoch 1220, training accuracy 0.884860
epoch 1230, training accuracy 0.884860
epoch 1240, training accuracy 0.885178
epoch 1250, training accuracy 0.885496
epoch 1260, training accuracy 0.885496
epoch 1270, training accuracy 0.885814
epoch 1280, training accuracy 0.886132
epoch 1290, training accuracy 0.886450
epoch 1300, training accuracy 0.886450
epoch 1310, training accuracy 0.886450
epoch 1320, training accuracy 0.886768
epoch 1330, training accuracy 0.887087
epoch 1340, training accuracy 0.887087
epoch 1350, training accuracy 0.887087
epoch 1360, training accuracy 0.887405
epoch 1370, training accuracy 0.887405
epoch 1380, training accuracy 0.887405
epoch 1390, training accuracy 0.888995
epoch 1400, training accuracy 0.889631
epoch 1410, training accuracy 0.889631
epoch 1420, training accuracy 0.889313
epoch 1430, training accuracy 0.889949
epoch 1440, training accuracy 0.889949
epoch 1450, training accuracy 0.890585
epoch 1460, training accuracy 0.890585
epoch 1470, training accuracy 0.890903
epoch 1480, training accuracy 0.891221
epoch 1490, training accuracy 0.891539
epoch 1500, training accuracy 0.891858
epoch 1510, training accuracy 0.891858
epoch 1520, training accuracy 0.891858
epoch 1530, training accuracy 0.892176
epoch 1540, training accuracy 0.892494
epoch 1550, training accuracy 0.892494
epoch 1560, training accuracy 0.893130
epoch 1570, training accuracy 0.893448
epoch 1580, training accuracy 0.893448
epoch 1590, training accuracy 0.894084
epoch 1600, training accuracy 0.894084
epoch 1610, training accuracy 0.894084
epoch 1620, training accuracy 0.894084
epoch 1630, training accuracy 0.893448
epoch 1640, training accuracy 0.893448
epoch 1650, training accuracy 0.893766
epoch 1660, training accuracy 0.893766
epoch 1670, training accuracy 0.893766
epoch 1680, training accuracy 0.893766
epoch 1690, training accuracy 0.894084
epoch 1700, training accuracy 0.893766
epoch 1710, training accuracy 0.894084
epoch 1720, training accuracy 0.894402
epoch 1730, training accuracy 0.894720
epoch 1740, training accuracy 0.895038
epoch 1750, training accuracy 0.895356
epoch 1760, training accuracy 0.895356
epoch 1770, training accuracy 0.895356
epoch 1780, training accuracy 0.895674
epoch 1790, training accuracy 0.895674
epoch 1800, training accuracy 0.895674
epoch 1810, training accuracy 0.895356
epoch 1820, training accuracy 0.895356
epoch 1830, training accuracy 0.895674
epoch 1840, training accuracy 0.895356
epoch 1850, training accuracy 0.895038
epoch 1860, training accuracy 0.895356
epoch 1870, training accuracy 0.895992
epoch 1880, training accuracy 0.895992
epoch 1890, training accuracy 0.895992
epoch 1900, training accuracy 0.896310
epoch 1910, training accuracy 0.896628
epoch 1920, training accuracy 0.896628
epoch 1930, training accuracy 0.896628
epoch 1940, training accuracy 0.896947
epoch 1950, training accuracy 0.896628
epoch 1960, training accuracy 0.896628
epoch 1970, training accuracy 0.896310
epoch 1980, training accuracy 0.896947
epoch 1990, training accuracy 0.897265
epoch 2000, training accuracy 0.897265
epoch 2010, training accuracy 0.897583
epoch 2020, training accuracy 0.897583
epoch 2030, training accuracy 0.897901
epoch 2040, training accuracy 0.897901
epoch 2050, training accuracy 0.898537
epoch 2060, training accuracy 0.898537
epoch 2070, training accuracy 0.898855
epoch 2080, training accuracy 0.898855
epoch 2090, training accuracy 0.898855
epoch 2100, training accuracy 0.898855
epoch 2110, training accuracy 0.899173
epoch 2120, training accuracy 0.899491
epoch 2130, training accuracy 0.899491
epoch 2140, training accuracy 0.899491
epoch 2150, training accuracy 0.899809
epoch 2160, training accuracy 0.900445
epoch 2170, training accuracy 0.900127
epoch 2180, training accuracy 0.900127
epoch 2190, training accuracy 0.900127
epoch 2200, training accuracy 0.900445
epoch 2210, training accuracy 0.900445
epoch 2220, training accuracy 0.900445
epoch 2230, training accuracy 0.900445
epoch 2240, training accuracy 0.900763
epoch 2250, training accuracy 0.900763
epoch 2260, training accuracy 0.901399
epoch 2270, training accuracy 0.901399
epoch 2280, training accuracy 0.901399
epoch 2290, training accuracy 0.902354
epoch 2300, training accuracy 0.902354
epoch 2310, training accuracy 0.902354
epoch 2320, training accuracy 0.902354
epoch 2330, training accuracy 0.902354
epoch 2340, training accuracy 0.902354
epoch 2350, training accuracy 0.902354
epoch 2360, training accuracy 0.902990
epoch 2370, training accuracy 0.903626
epoch 2380, training accuracy 0.903626
epoch 2390, training accuracy 0.903626
epoch 2400, training accuracy 0.903626
epoch 2410, training accuracy 0.903626
epoch 2420, training accuracy 0.903308
epoch 2430, training accuracy 0.903308
epoch 2440, training accuracy 0.903626
epoch 2450, training accuracy 0.904262
epoch 2460, training accuracy 0.903944
epoch 2470, training accuracy 0.904262
epoch 2480, training accuracy 0.904580
epoch 2490, training accuracy 0.904898
epoch 2500, training accuracy 0.904898
epoch 2510, training accuracy 0.905216
epoch 2520, training accuracy 0.905216
epoch 2530, training accuracy 0.904898
epoch 2540, training accuracy 0.904898
epoch 2550, training accuracy 0.904898
epoch 2560, training accuracy 0.904898
epoch 2570, training accuracy 0.904898
epoch 2580, training accuracy 0.904898
epoch 2590, training accuracy 0.904898
epoch 2600, training accuracy 0.905216
epoch 2610, training accuracy 0.905216
epoch 2620, training accuracy 0.905216
epoch 2630, training accuracy 0.905216
epoch 2640, training accuracy 0.905216
epoch 2650, training accuracy 0.905216
epoch 2660, training accuracy 0.905216
epoch 2670, training accuracy 0.905216
epoch 2680, training accuracy 0.905534
epoch 2690, training accuracy 0.905216
epoch 2700, training accuracy 0.905216
epoch 2710, training accuracy 0.905216
epoch 2720, training accuracy 0.905216
epoch 2730, training accuracy 0.905216
epoch 2740, training accuracy 0.905216
epoch 2750, training accuracy 0.905216
epoch 2760, training accuracy 0.905216
epoch 2770, training accuracy 0.904898
epoch 2780, training accuracy 0.904262
epoch 2790, training accuracy 0.904580
epoch 2800, training accuracy 0.904580
epoch 2810, training accuracy 0.904580
epoch 2820, training accuracy 0.904580
epoch 2830, training accuracy 0.904580
epoch 2840, training accuracy 0.904580
epoch 2850, training accuracy 0.904898
epoch 2860, training accuracy 0.904898
epoch 2870, training accuracy 0.904580
epoch 2880, training accuracy 0.904580
epoch 2890, training accuracy 0.904580
epoch 2900, training accuracy 0.904580
epoch 2910, training accuracy 0.904580
epoch 2920, training accuracy 0.904580
epoch 2930, training accuracy 0.904898
epoch 2940, training accuracy 0.904898
epoch 2950, training accuracy 0.904898
epoch 2960, training accuracy 0.905216
epoch 2970, training accuracy 0.905216
epoch 2980, training accuracy 0.905216
epoch 2990, training accuracy 0.905216
epoch 3000, training accuracy 0.905216
/tmp/cargo_carro_validate.py loaded, containing 784 entries, class distribution: [392 392]
correct: [308, 308]
incorrect: [21, 13]
accuracy: [0.9361702127659575, 0.9595015576323987]
unclassified: [63, 71]
total accuracy: [0.7857142857142857, 0.7857142857142857]
Sun Oct 22 17:22:36 CEST 2017 finished, res_training/por/cargo_carro
