Sun Oct 22 22:28:28 CEST 2017 create_training_files
/tmp/not_note
90128 lines
88462 not
1827 note
/tmp/not_note_training
72103 lines
70754 not
1476 note
/tmp/not_note_validate
18025 lines
17708 not
351 note
generate /tmp/not_note_training.py, /tmp/not_note_validate.py
:compileJava UP-TO-DATE
:processResources UP-TO-DATE
:classes UP-TO-DATE
:createNGramDatabase
Reading /tmp/not_note_training
Tokenizing
undersampling to 1491
/tmp/not_note_training.pycreated
Reading /tmp/not_note_validate
Tokenizing
undersampling to 356
/tmp/not_note_validate.pycreated

BUILD SUCCESSFUL

Total time: 11.554 secs

This build could be faster, please consider using the Gradle Daemon: https://docs.gradle.org/2.10/userguide/gradle_daemon.html
Sun Oct 22 22:28:45 CEST 2017 create_classifier
{'training_data_file': '/tmp/not_note_training.py', 'epochs': 3000, 'use_flex_hidden_layer': False, 'num_outputs': 2, 'dictionary_path': 'res_training/eng/embedding/dictionary.txt', 'embedding_path': 'res_training/eng/embedding/final_embeddings.txt', 'batch_size': 1000, 'num_inputs': 4, 'self': <__main__.NeuralNetwork object at 0x2b7a3696ea58>}
embedding shape (42122, 64)
/tmp/not_note_training.py loaded, containing 2982 entries, class distribution: [1491 1491]
Steps: 6000, 2 steps in 3000 epochs
epoch 0, training accuracy 0.543260
epoch 10, training accuracy 0.568075
epoch 20, training accuracy 0.590543
epoch 30, training accuracy 0.609323
epoch 40, training accuracy 0.626090
epoch 50, training accuracy 0.648558
epoch 60, training accuracy 0.670691
epoch 70, training accuracy 0.687458
epoch 80, training accuracy 0.698860
epoch 90, training accuracy 0.716298
epoch 100, training accuracy 0.730047
epoch 110, training accuracy 0.740443
epoch 120, training accuracy 0.753521
epoch 130, training accuracy 0.768276
epoch 140, training accuracy 0.786385
epoch 150, training accuracy 0.796781
epoch 160, training accuracy 0.812877
epoch 170, training accuracy 0.823273
epoch 180, training accuracy 0.831992
epoch 190, training accuracy 0.840376
epoch 200, training accuracy 0.848759
epoch 210, training accuracy 0.855466
epoch 220, training accuracy 0.858484
epoch 230, training accuracy 0.861502
epoch 240, training accuracy 0.868545
epoch 250, training accuracy 0.872569
epoch 260, training accuracy 0.874916
epoch 270, training accuracy 0.879946
epoch 280, training accuracy 0.881288
epoch 290, training accuracy 0.883300
epoch 300, training accuracy 0.886653
epoch 310, training accuracy 0.889001
epoch 320, training accuracy 0.891683
epoch 330, training accuracy 0.893360
epoch 340, training accuracy 0.896043
epoch 350, training accuracy 0.896714
epoch 360, training accuracy 0.899061
epoch 370, training accuracy 0.900067
epoch 380, training accuracy 0.901408
epoch 390, training accuracy 0.902415
epoch 400, training accuracy 0.903085
epoch 410, training accuracy 0.904762
epoch 420, training accuracy 0.905768
epoch 430, training accuracy 0.907109
epoch 440, training accuracy 0.907109
epoch 450, training accuracy 0.908115
epoch 460, training accuracy 0.909121
epoch 470, training accuracy 0.910127
epoch 480, training accuracy 0.911469
epoch 490, training accuracy 0.912139
epoch 500, training accuracy 0.912810
epoch 510, training accuracy 0.914822
epoch 520, training accuracy 0.915158
epoch 530, training accuracy 0.915493
epoch 540, training accuracy 0.916834
epoch 550, training accuracy 0.917505
epoch 560, training accuracy 0.919182
epoch 570, training accuracy 0.920523
epoch 580, training accuracy 0.920859
epoch 590, training accuracy 0.921865
epoch 600, training accuracy 0.922535
epoch 610, training accuracy 0.922871
epoch 620, training accuracy 0.924212
epoch 630, training accuracy 0.924212
epoch 640, training accuracy 0.925218
epoch 650, training accuracy 0.925553
epoch 660, training accuracy 0.924883
epoch 670, training accuracy 0.924883
epoch 680, training accuracy 0.925553
epoch 690, training accuracy 0.926559
epoch 700, training accuracy 0.927230
epoch 710, training accuracy 0.927901
epoch 720, training accuracy 0.927565
epoch 730, training accuracy 0.927565
epoch 740, training accuracy 0.928236
epoch 750, training accuracy 0.928907
epoch 760, training accuracy 0.928571
epoch 770, training accuracy 0.929242
epoch 780, training accuracy 0.929242
epoch 790, training accuracy 0.929913
epoch 800, training accuracy 0.930248
epoch 810, training accuracy 0.930919
epoch 820, training accuracy 0.931254
epoch 830, training accuracy 0.931590
epoch 840, training accuracy 0.931590
epoch 850, training accuracy 0.931925
epoch 860, training accuracy 0.932596
epoch 870, training accuracy 0.933602
epoch 880, training accuracy 0.933602
epoch 890, training accuracy 0.933937
epoch 900, training accuracy 0.934272
epoch 910, training accuracy 0.934943
epoch 920, training accuracy 0.934608
epoch 930, training accuracy 0.935278
epoch 940, training accuracy 0.935278
epoch 950, training accuracy 0.935278
epoch 960, training accuracy 0.935278
epoch 970, training accuracy 0.935614
epoch 980, training accuracy 0.935614
epoch 990, training accuracy 0.936284
epoch 1000, training accuracy 0.936284
epoch 1010, training accuracy 0.936284
epoch 1020, training accuracy 0.936620
epoch 1030, training accuracy 0.936955
epoch 1040, training accuracy 0.937290
epoch 1050, training accuracy 0.937961
epoch 1060, training accuracy 0.937961
epoch 1070, training accuracy 0.937961
epoch 1080, training accuracy 0.938296
epoch 1090, training accuracy 0.938296
epoch 1100, training accuracy 0.937961
epoch 1110, training accuracy 0.937626
epoch 1120, training accuracy 0.937961
epoch 1130, training accuracy 0.937961
epoch 1140, training accuracy 0.938296
epoch 1150, training accuracy 0.938296
epoch 1160, training accuracy 0.938296
epoch 1170, training accuracy 0.938632
epoch 1180, training accuracy 0.938632
epoch 1190, training accuracy 0.938632
epoch 1200, training accuracy 0.938632
epoch 1210, training accuracy 0.938296
epoch 1220, training accuracy 0.938296
epoch 1230, training accuracy 0.938296
epoch 1240, training accuracy 0.938296
epoch 1250, training accuracy 0.938296
epoch 1260, training accuracy 0.938632
epoch 1270, training accuracy 0.938967
epoch 1280, training accuracy 0.939303
epoch 1290, training accuracy 0.939303
epoch 1300, training accuracy 0.939638
epoch 1310, training accuracy 0.939638
epoch 1320, training accuracy 0.940309
epoch 1330, training accuracy 0.940979
epoch 1340, training accuracy 0.940979
epoch 1350, training accuracy 0.941315
epoch 1360, training accuracy 0.941650
epoch 1370, training accuracy 0.941650
epoch 1380, training accuracy 0.941650
epoch 1390, training accuracy 0.941985
epoch 1400, training accuracy 0.941985
epoch 1410, training accuracy 0.942991
epoch 1420, training accuracy 0.943327
epoch 1430, training accuracy 0.943327
epoch 1440, training accuracy 0.943327
epoch 1450, training accuracy 0.943662
epoch 1460, training accuracy 0.943662
epoch 1470, training accuracy 0.943662
epoch 1480, training accuracy 0.943997
epoch 1490, training accuracy 0.943997
epoch 1500, training accuracy 0.943997
epoch 1510, training accuracy 0.943997
epoch 1520, training accuracy 0.943997
epoch 1530, training accuracy 0.943662
epoch 1540, training accuracy 0.943997
epoch 1550, training accuracy 0.944333
epoch 1560, training accuracy 0.944668
epoch 1570, training accuracy 0.944668
epoch 1580, training accuracy 0.945003
epoch 1590, training accuracy 0.945003
epoch 1600, training accuracy 0.945339
epoch 1610, training accuracy 0.946009
epoch 1620, training accuracy 0.946345
epoch 1630, training accuracy 0.946680
epoch 1640, training accuracy 0.946680
epoch 1650, training accuracy 0.946680
epoch 1660, training accuracy 0.947015
epoch 1670, training accuracy 0.947351
epoch 1680, training accuracy 0.947351
epoch 1690, training accuracy 0.947351
epoch 1700, training accuracy 0.947686
epoch 1710, training accuracy 0.947686
epoch 1720, training accuracy 0.947686
epoch 1730, training accuracy 0.948021
epoch 1740, training accuracy 0.948021
epoch 1750, training accuracy 0.948357
epoch 1760, training accuracy 0.948357
epoch 1770, training accuracy 0.948692
epoch 1780, training accuracy 0.949027
epoch 1790, training accuracy 0.949027
epoch 1800, training accuracy 0.949363
epoch 1810, training accuracy 0.949698
epoch 1820, training accuracy 0.949698
epoch 1830, training accuracy 0.949698
epoch 1840, training accuracy 0.950369
epoch 1850, training accuracy 0.950369
epoch 1860, training accuracy 0.950704
epoch 1870, training accuracy 0.950704
epoch 1880, training accuracy 0.950704
epoch 1890, training accuracy 0.951040
epoch 1900, training accuracy 0.951040
epoch 1910, training accuracy 0.951040
epoch 1920, training accuracy 0.951040
epoch 1930, training accuracy 0.951040
epoch 1940, training accuracy 0.951040
epoch 1950, training accuracy 0.951040
epoch 1960, training accuracy 0.951375
epoch 1970, training accuracy 0.951375
epoch 1980, training accuracy 0.952046
epoch 1990, training accuracy 0.952381
epoch 2000, training accuracy 0.952381
epoch 2010, training accuracy 0.952381
epoch 2020, training accuracy 0.952716
epoch 2030, training accuracy 0.952381
epoch 2040, training accuracy 0.952716
epoch 2050, training accuracy 0.953387
epoch 2060, training accuracy 0.953722
epoch 2070, training accuracy 0.953722
epoch 2080, training accuracy 0.953722
epoch 2090, training accuracy 0.953722
epoch 2100, training accuracy 0.954058
epoch 2110, training accuracy 0.954058
epoch 2120, training accuracy 0.954058
epoch 2130, training accuracy 0.954728
epoch 2140, training accuracy 0.954728
epoch 2150, training accuracy 0.954728
epoch 2160, training accuracy 0.954728
epoch 2170, training accuracy 0.954728
epoch 2180, training accuracy 0.954728
epoch 2190, training accuracy 0.955064
epoch 2200, training accuracy 0.955399
epoch 2210, training accuracy 0.955399
epoch 2220, training accuracy 0.955399
epoch 2230, training accuracy 0.955399
epoch 2240, training accuracy 0.955399
epoch 2250, training accuracy 0.955399
epoch 2260, training accuracy 0.955734
epoch 2270, training accuracy 0.955734
epoch 2280, training accuracy 0.955734
epoch 2290, training accuracy 0.955734
epoch 2300, training accuracy 0.956070
epoch 2310, training accuracy 0.955734
epoch 2320, training accuracy 0.955734
epoch 2330, training accuracy 0.956405
epoch 2340, training accuracy 0.956405
epoch 2350, training accuracy 0.956405
epoch 2360, training accuracy 0.956405
epoch 2370, training accuracy 0.956405
epoch 2380, training accuracy 0.956740
epoch 2390, training accuracy 0.956740
epoch 2400, training accuracy 0.956740
epoch 2410, training accuracy 0.957076
epoch 2420, training accuracy 0.957076
epoch 2430, training accuracy 0.957076
epoch 2440, training accuracy 0.957076
epoch 2450, training accuracy 0.957411
epoch 2460, training accuracy 0.957076
epoch 2470, training accuracy 0.957076
epoch 2480, training accuracy 0.957411
epoch 2490, training accuracy 0.957411
epoch 2500, training accuracy 0.957411
epoch 2510, training accuracy 0.957747
epoch 2520, training accuracy 0.958082
epoch 2530, training accuracy 0.958082
epoch 2540, training accuracy 0.958417
epoch 2550, training accuracy 0.958417
epoch 2560, training accuracy 0.958417
epoch 2570, training accuracy 0.958417
epoch 2580, training accuracy 0.958753
epoch 2590, training accuracy 0.959088
epoch 2600, training accuracy 0.959088
epoch 2610, training accuracy 0.959088
epoch 2620, training accuracy 0.959088
epoch 2630, training accuracy 0.959423
epoch 2640, training accuracy 0.960094
epoch 2650, training accuracy 0.960094
epoch 2660, training accuracy 0.960094
epoch 2670, training accuracy 0.960094
epoch 2680, training accuracy 0.960094
epoch 2690, training accuracy 0.960094
epoch 2700, training accuracy 0.960094
epoch 2710, training accuracy 0.959759
epoch 2720, training accuracy 0.959759
epoch 2730, training accuracy 0.960429
epoch 2740, training accuracy 0.960429
epoch 2750, training accuracy 0.960765
epoch 2760, training accuracy 0.960765
epoch 2770, training accuracy 0.960765
epoch 2780, training accuracy 0.960765
epoch 2790, training accuracy 0.961771
epoch 2800, training accuracy 0.962106
epoch 2810, training accuracy 0.962106
epoch 2820, training accuracy 0.962441
epoch 2830, training accuracy 0.962441
epoch 2840, training accuracy 0.962441
epoch 2850, training accuracy 0.962441
epoch 2860, training accuracy 0.962441
epoch 2870, training accuracy 0.962106
epoch 2880, training accuracy 0.962106
epoch 2890, training accuracy 0.962441
epoch 2900, training accuracy 0.962777
epoch 2910, training accuracy 0.962777
epoch 2920, training accuracy 0.962777
epoch 2930, training accuracy 0.962777
epoch 2940, training accuracy 0.962777
epoch 2950, training accuracy 0.962777
epoch 2960, training accuracy 0.963112
epoch 2970, training accuracy 0.963112
epoch 2980, training accuracy 0.963112
epoch 2990, training accuracy 0.963112
epoch 3000, training accuracy 0.963447
/tmp/not_note_validate.py loaded, containing 712 entries, class distribution: [356 356]
correct: [319, 313]
incorrect: [7, 6]
accuracy: [0.9785276073619632, 0.9811912225705329]
unclassified: [30, 37]
total accuracy: [0.8960674157303371, 0.8792134831460674]
Sun Oct 22 22:29:18 CEST 2017 finished, res_training/eng/not_note
