Sun Oct 22 17:40:14 CEST 2017 create_training_files
/tmp/accept_except
2481 lines
1631 accept
850 except
/tmp/accept_except_training
1985 lines
1314 accept
671 except
/tmp/accept_except_validate
496 lines
317 accept
179 except
generate /tmp/accept_except_training.py, /tmp/accept_except_validate.py
:compileJava UP-TO-DATE
:processResources UP-TO-DATE
:classes UP-TO-DATE
:createNGramDatabase
Reading /tmp/accept_except_training
Tokenizing
undersampling to 671
/tmp/accept_except_training.pycreated
Reading /tmp/accept_except_validate
Tokenizing
undersampling to 179
/tmp/accept_except_validate.pycreated

BUILD SUCCESSFUL

Total time: 5.214 secs

This build could be faster, please consider using the Gradle Daemon: https://docs.gradle.org/2.10/userguide/gradle_daemon.html
Sun Oct 22 17:40:25 CEST 2017 create_classifier
{'embedding_path': 'res_training/eng/embedding/final_embeddings.txt', 'epochs': 3000, 'training_data_file': '/tmp/accept_except_training.py', 'batch_size': 1000, 'dictionary_path': 'res_training/eng/embedding/dictionary.txt', 'num_inputs': 4, 'use_flex_hidden_layer': False, 'self': <__main__.NeuralNetwork object at 0x2b9d40345a58>, 'num_outputs': 2}
embedding shape (42122, 64)
/tmp/accept_except_training.py loaded, containing 1342 entries, class distribution: [671 671]
Steps: 3000, 1 steps in 3000 epochs
epoch 0, training accuracy 0.525335
epoch 10, training accuracy 0.539493
epoch 20, training accuracy 0.549180
epoch 30, training accuracy 0.558867
epoch 40, training accuracy 0.583458
epoch 50, training accuracy 0.596125
epoch 60, training accuracy 0.611028
epoch 70, training accuracy 0.625186
epoch 80, training accuracy 0.645306
epoch 90, training accuracy 0.657973
epoch 100, training accuracy 0.674367
epoch 110, training accuracy 0.681073
epoch 120, training accuracy 0.696721
epoch 130, training accuracy 0.711624
epoch 140, training accuracy 0.724292
epoch 150, training accuracy 0.733979
epoch 160, training accuracy 0.746647
epoch 170, training accuracy 0.753353
epoch 180, training accuracy 0.765276
epoch 190, training accuracy 0.770492
epoch 200, training accuracy 0.780924
epoch 210, training accuracy 0.790611
epoch 220, training accuracy 0.793592
epoch 230, training accuracy 0.799553
epoch 240, training accuracy 0.810730
epoch 250, training accuracy 0.818182
epoch 260, training accuracy 0.821908
epoch 270, training accuracy 0.829359
epoch 280, training accuracy 0.831595
epoch 290, training accuracy 0.839046
epoch 300, training accuracy 0.842027
epoch 310, training accuracy 0.846498
epoch 320, training accuracy 0.850969
epoch 330, training accuracy 0.852459
epoch 340, training accuracy 0.857675
epoch 350, training accuracy 0.861401
epoch 360, training accuracy 0.863636
epoch 370, training accuracy 0.869598
epoch 380, training accuracy 0.876304
epoch 390, training accuracy 0.878540
epoch 400, training accuracy 0.880775
epoch 410, training accuracy 0.883756
epoch 420, training accuracy 0.885991
epoch 430, training accuracy 0.888227
epoch 440, training accuracy 0.889717
epoch 450, training accuracy 0.891952
epoch 460, training accuracy 0.894188
epoch 470, training accuracy 0.895678
epoch 480, training accuracy 0.896423
epoch 490, training accuracy 0.897914
epoch 500, training accuracy 0.902385
epoch 510, training accuracy 0.903875
epoch 520, training accuracy 0.903875
epoch 530, training accuracy 0.905365
epoch 540, training accuracy 0.906110
epoch 550, training accuracy 0.907601
epoch 560, training accuracy 0.910581
epoch 570, training accuracy 0.910581
epoch 580, training accuracy 0.910581
epoch 590, training accuracy 0.911326
epoch 600, training accuracy 0.912072
epoch 610, training accuracy 0.912817
epoch 620, training accuracy 0.914307
epoch 630, training accuracy 0.915797
epoch 640, training accuracy 0.915797
epoch 650, training accuracy 0.915797
epoch 660, training accuracy 0.917288
epoch 670, training accuracy 0.920268
epoch 680, training accuracy 0.921013
epoch 690, training accuracy 0.922504
epoch 700, training accuracy 0.923249
epoch 710, training accuracy 0.923994
epoch 720, training accuracy 0.925484
epoch 730, training accuracy 0.925484
epoch 740, training accuracy 0.928465
epoch 750, training accuracy 0.929210
epoch 760, training accuracy 0.932191
epoch 770, training accuracy 0.932936
epoch 780, training accuracy 0.933681
epoch 790, training accuracy 0.933681
epoch 800, training accuracy 0.933681
epoch 810, training accuracy 0.934426
epoch 820, training accuracy 0.935917
epoch 830, training accuracy 0.935917
epoch 840, training accuracy 0.937407
epoch 850, training accuracy 0.938152
epoch 860, training accuracy 0.938897
epoch 870, training accuracy 0.940387
epoch 880, training accuracy 0.940387
epoch 890, training accuracy 0.940387
epoch 900, training accuracy 0.940387
epoch 910, training accuracy 0.941133
epoch 920, training accuracy 0.941133
epoch 930, training accuracy 0.941133
epoch 940, training accuracy 0.941878
epoch 950, training accuracy 0.943368
epoch 960, training accuracy 0.943368
epoch 970, training accuracy 0.944113
epoch 980, training accuracy 0.944113
epoch 990, training accuracy 0.944858
epoch 1000, training accuracy 0.945604
epoch 1010, training accuracy 0.946349
epoch 1020, training accuracy 0.946349
epoch 1030, training accuracy 0.946349
epoch 1040, training accuracy 0.946349
epoch 1050, training accuracy 0.946349
epoch 1060, training accuracy 0.946349
epoch 1070, training accuracy 0.946349
epoch 1080, training accuracy 0.946349
epoch 1090, training accuracy 0.946349
epoch 1100, training accuracy 0.946349
epoch 1110, training accuracy 0.947094
epoch 1120, training accuracy 0.947094
epoch 1130, training accuracy 0.948584
epoch 1140, training accuracy 0.949329
epoch 1150, training accuracy 0.949329
epoch 1160, training accuracy 0.950074
epoch 1170, training accuracy 0.950074
epoch 1180, training accuracy 0.950074
epoch 1190, training accuracy 0.950074
epoch 1200, training accuracy 0.950074
epoch 1210, training accuracy 0.951565
epoch 1220, training accuracy 0.952310
epoch 1230, training accuracy 0.952310
epoch 1240, training accuracy 0.953055
epoch 1250, training accuracy 0.953055
epoch 1260, training accuracy 0.954545
epoch 1270, training accuracy 0.955291
epoch 1280, training accuracy 0.956036
epoch 1290, training accuracy 0.956036
epoch 1300, training accuracy 0.956036
epoch 1310, training accuracy 0.957526
epoch 1320, training accuracy 0.958271
epoch 1330, training accuracy 0.958271
epoch 1340, training accuracy 0.959016
epoch 1350, training accuracy 0.959016
epoch 1360, training accuracy 0.959016
epoch 1370, training accuracy 0.959016
epoch 1380, training accuracy 0.959016
epoch 1390, training accuracy 0.959016
epoch 1400, training accuracy 0.959016
epoch 1410, training accuracy 0.959016
epoch 1420, training accuracy 0.959016
epoch 1430, training accuracy 0.959016
epoch 1440, training accuracy 0.959016
epoch 1450, training accuracy 0.960507
epoch 1460, training accuracy 0.960507
epoch 1470, training accuracy 0.961252
epoch 1480, training accuracy 0.961252
epoch 1490, training accuracy 0.961252
epoch 1500, training accuracy 0.961252
epoch 1510, training accuracy 0.961252
epoch 1520, training accuracy 0.961252
epoch 1530, training accuracy 0.961252
epoch 1540, training accuracy 0.961252
epoch 1550, training accuracy 0.961252
epoch 1560, training accuracy 0.961252
epoch 1570, training accuracy 0.961252
epoch 1580, training accuracy 0.961997
epoch 1590, training accuracy 0.962742
epoch 1600, training accuracy 0.962742
epoch 1610, training accuracy 0.962742
epoch 1620, training accuracy 0.963487
epoch 1630, training accuracy 0.963487
epoch 1640, training accuracy 0.963487
epoch 1650, training accuracy 0.963487
epoch 1660, training accuracy 0.963487
epoch 1670, training accuracy 0.963487
epoch 1680, training accuracy 0.963487
epoch 1690, training accuracy 0.963487
epoch 1700, training accuracy 0.963487
epoch 1710, training accuracy 0.963487
epoch 1720, training accuracy 0.964233
epoch 1730, training accuracy 0.964233
epoch 1740, training accuracy 0.964978
epoch 1750, training accuracy 0.964978
epoch 1760, training accuracy 0.964233
epoch 1770, training accuracy 0.964233
epoch 1780, training accuracy 0.964978
epoch 1790, training accuracy 0.964978
epoch 1800, training accuracy 0.964978
epoch 1810, training accuracy 0.964978
epoch 1820, training accuracy 0.964233
epoch 1830, training accuracy 0.964233
epoch 1840, training accuracy 0.964233
epoch 1850, training accuracy 0.964233
epoch 1860, training accuracy 0.964978
epoch 1870, training accuracy 0.964978
epoch 1880, training accuracy 0.964978
epoch 1890, training accuracy 0.964978
epoch 1900, training accuracy 0.964978
epoch 1910, training accuracy 0.964978
epoch 1920, training accuracy 0.964978
epoch 1930, training accuracy 0.964978
epoch 1940, training accuracy 0.964978
epoch 1950, training accuracy 0.964978
epoch 1960, training accuracy 0.964978
epoch 1970, training accuracy 0.964978
epoch 1980, training accuracy 0.964978
epoch 1990, training accuracy 0.964978
epoch 2000, training accuracy 0.965723
epoch 2010, training accuracy 0.965723
epoch 2020, training accuracy 0.965723
epoch 2030, training accuracy 0.965723
epoch 2040, training accuracy 0.965723
epoch 2050, training accuracy 0.965723
epoch 2060, training accuracy 0.965723
epoch 2070, training accuracy 0.965723
epoch 2080, training accuracy 0.965723
epoch 2090, training accuracy 0.965723
epoch 2100, training accuracy 0.965723
epoch 2110, training accuracy 0.965723
epoch 2120, training accuracy 0.965723
epoch 2130, training accuracy 0.965723
epoch 2140, training accuracy 0.965723
epoch 2150, training accuracy 0.965723
epoch 2160, training accuracy 0.965723
epoch 2170, training accuracy 0.965723
epoch 2180, training accuracy 0.966468
epoch 2190, training accuracy 0.967958
epoch 2200, training accuracy 0.968703
epoch 2210, training accuracy 0.968703
epoch 2220, training accuracy 0.968703
epoch 2230, training accuracy 0.968703
epoch 2240, training accuracy 0.968703
epoch 2250, training accuracy 0.968703
epoch 2260, training accuracy 0.968703
epoch 2270, training accuracy 0.968703
epoch 2280, training accuracy 0.968703
epoch 2290, training accuracy 0.969449
epoch 2300, training accuracy 0.969449
epoch 2310, training accuracy 0.969449
epoch 2320, training accuracy 0.969449
epoch 2330, training accuracy 0.969449
epoch 2340, training accuracy 0.969449
epoch 2350, training accuracy 0.969449
epoch 2360, training accuracy 0.969449
epoch 2370, training accuracy 0.969449
epoch 2380, training accuracy 0.970194
epoch 2390, training accuracy 0.970194
epoch 2400, training accuracy 0.970194
epoch 2410, training accuracy 0.970939
epoch 2420, training accuracy 0.970939
epoch 2430, training accuracy 0.970939
epoch 2440, training accuracy 0.970939
epoch 2450, training accuracy 0.971684
epoch 2460, training accuracy 0.971684
epoch 2470, training accuracy 0.971684
epoch 2480, training accuracy 0.971684
epoch 2490, training accuracy 0.972429
epoch 2500, training accuracy 0.972429
epoch 2510, training accuracy 0.972429
epoch 2520, training accuracy 0.972429
epoch 2530, training accuracy 0.972429
epoch 2540, training accuracy 0.972429
epoch 2550, training accuracy 0.972429
epoch 2560, training accuracy 0.972429
epoch 2570, training accuracy 0.972429
epoch 2580, training accuracy 0.972429
epoch 2590, training accuracy 0.972429
epoch 2600, training accuracy 0.972429
epoch 2610, training accuracy 0.972429
epoch 2620, training accuracy 0.973174
epoch 2630, training accuracy 0.973174
epoch 2640, training accuracy 0.973174
epoch 2650, training accuracy 0.973174
epoch 2660, training accuracy 0.973174
epoch 2670, training accuracy 0.973174
epoch 2680, training accuracy 0.973174
epoch 2690, training accuracy 0.973174
epoch 2700, training accuracy 0.973174
epoch 2710, training accuracy 0.973174
epoch 2720, training accuracy 0.973174
epoch 2730, training accuracy 0.973174
epoch 2740, training accuracy 0.973174
epoch 2750, training accuracy 0.973174
epoch 2760, training accuracy 0.973174
epoch 2770, training accuracy 0.973174
epoch 2780, training accuracy 0.973174
epoch 2790, training accuracy 0.973174
epoch 2800, training accuracy 0.973174
epoch 2810, training accuracy 0.973174
epoch 2820, training accuracy 0.973174
epoch 2830, training accuracy 0.973174
epoch 2840, training accuracy 0.973174
epoch 2850, training accuracy 0.973920
epoch 2860, training accuracy 0.973920
epoch 2870, training accuracy 0.973920
epoch 2880, training accuracy 0.974665
epoch 2890, training accuracy 0.974665
epoch 2900, training accuracy 0.974665
epoch 2910, training accuracy 0.974665
epoch 2920, training accuracy 0.974665
epoch 2930, training accuracy 0.974665
epoch 2940, training accuracy 0.974665
epoch 2950, training accuracy 0.974665
epoch 2960, training accuracy 0.974665
epoch 2970, training accuracy 0.974665
epoch 2980, training accuracy 0.975410
epoch 2990, training accuracy 0.975410
epoch 3000, training accuracy 0.975410
/tmp/accept_except_validate.py loaded, containing 358 entries, class distribution: [179 179]
correct: [138, 148]
incorrect: [4, 0]
accuracy: [0.971830985915493, 1.0]
unclassified: [37, 31]
total accuracy: [0.770949720670391, 0.8268156424581006]
Sun Oct 22 17:40:46 CEST 2017 finished, res_training/eng/accept_except
