Sun Oct 22 15:53:38 CEST 2017 create_training_files
/tmp/banca_banco
6015 lines
1700 banca
4374 banco
/tmp/banca_banco_training
4812 lines
1360 banca
3496 banco
/tmp/banca_banco_validate
1203 lines
340 banca
878 banco
generate /tmp/banca_banco_training.py, /tmp/banca_banco_validate.py
:compileJava UP-TO-DATE
:processResources UP-TO-DATE
:classes UP-TO-DATE
:createNGramDatabase
Reading /tmp/banca_banco_training
Tokenizing
undersampling to 1405
/tmp/banca_banco_training.pycreated
Reading /tmp/banca_banco_validate
Tokenizing
undersampling to 353
/tmp/banca_banco_validate.pycreated

BUILD SUCCESSFUL

Total time: 5.02 secs

This build could be faster, please consider using the Gradle Daemon: https://docs.gradle.org/2.10/userguide/gradle_daemon.html
Sun Oct 22 15:53:49 CEST 2017 create_classifier
{'self': <__main__.NeuralNetwork object at 0x2afe4ce0ba58>, 'epochs': 3000, 'batch_size': 1000, 'embedding_path': 'res_training/por/embedding/final_embeddings.txt', 'training_data_file': '/tmp/banca_banco_training.py', 'num_inputs': 4, 'dictionary_path': 'res_training/por/embedding/dictionary.txt', 'use_flex_hidden_layer': False, 'num_outputs': 2}
embedding shape (44676, 64)
/tmp/banca_banco_training.py loaded, containing 2810 entries, class distribution: [1405 1405]
Steps: 6000, 2 steps in 3000 epochs
epoch 0, training accuracy 0.493238
epoch 10, training accuracy 0.532740
epoch 20, training accuracy 0.565836
epoch 30, training accuracy 0.596441
epoch 40, training accuracy 0.624199
epoch 50, training accuracy 0.652313
epoch 60, training accuracy 0.674733
epoch 70, training accuracy 0.696797
epoch 80, training accuracy 0.713523
epoch 90, training accuracy 0.731317
epoch 100, training accuracy 0.748399
epoch 110, training accuracy 0.762278
epoch 120, training accuracy 0.777936
epoch 130, training accuracy 0.794306
epoch 140, training accuracy 0.809253
epoch 150, training accuracy 0.818149
epoch 160, training accuracy 0.828114
epoch 170, training accuracy 0.840925
epoch 180, training accuracy 0.851246
epoch 190, training accuracy 0.860142
epoch 200, training accuracy 0.869395
epoch 210, training accuracy 0.876157
epoch 220, training accuracy 0.885409
epoch 230, training accuracy 0.893950
epoch 240, training accuracy 0.898576
epoch 250, training accuracy 0.901779
epoch 260, training accuracy 0.906050
epoch 270, training accuracy 0.910676
epoch 280, training accuracy 0.915303
epoch 290, training accuracy 0.918861
epoch 300, training accuracy 0.921352
epoch 310, training accuracy 0.923488
epoch 320, training accuracy 0.929182
epoch 330, training accuracy 0.933096
epoch 340, training accuracy 0.937011
epoch 350, training accuracy 0.941637
epoch 360, training accuracy 0.944840
epoch 370, training accuracy 0.948754
epoch 380, training accuracy 0.950890
epoch 390, training accuracy 0.953381
epoch 400, training accuracy 0.954093
epoch 410, training accuracy 0.956584
epoch 420, training accuracy 0.958719
epoch 430, training accuracy 0.959786
epoch 440, training accuracy 0.961922
epoch 450, training accuracy 0.963345
epoch 460, training accuracy 0.964769
epoch 470, training accuracy 0.966548
epoch 480, training accuracy 0.968327
epoch 490, training accuracy 0.970107
epoch 500, training accuracy 0.971174
epoch 510, training accuracy 0.971530
epoch 520, training accuracy 0.972242
epoch 530, training accuracy 0.972598
epoch 540, training accuracy 0.972954
epoch 550, training accuracy 0.974021
epoch 560, training accuracy 0.975445
epoch 570, training accuracy 0.976157
epoch 580, training accuracy 0.976512
epoch 590, training accuracy 0.976868
epoch 600, training accuracy 0.977224
epoch 610, training accuracy 0.977580
epoch 620, training accuracy 0.979004
epoch 630, training accuracy 0.979359
epoch 640, training accuracy 0.979715
epoch 650, training accuracy 0.980071
epoch 660, training accuracy 0.981495
epoch 670, training accuracy 0.981851
epoch 680, training accuracy 0.982206
epoch 690, training accuracy 0.982562
epoch 700, training accuracy 0.983630
epoch 710, training accuracy 0.983630
epoch 720, training accuracy 0.983630
epoch 730, training accuracy 0.983986
epoch 740, training accuracy 0.983986
epoch 750, training accuracy 0.985053
epoch 760, training accuracy 0.985409
epoch 770, training accuracy 0.985409
epoch 780, training accuracy 0.985409
epoch 790, training accuracy 0.985765
epoch 800, training accuracy 0.985765
epoch 810, training accuracy 0.986477
epoch 820, training accuracy 0.986477
epoch 830, training accuracy 0.986833
epoch 840, training accuracy 0.987189
epoch 850, training accuracy 0.987189
epoch 860, training accuracy 0.987189
epoch 870, training accuracy 0.987900
epoch 880, training accuracy 0.988256
epoch 890, training accuracy 0.988256
epoch 900, training accuracy 0.988256
epoch 910, training accuracy 0.988256
epoch 920, training accuracy 0.988256
epoch 930, training accuracy 0.988612
epoch 940, training accuracy 0.988612
epoch 950, training accuracy 0.988968
epoch 960, training accuracy 0.989324
epoch 970, training accuracy 0.989324
epoch 980, training accuracy 0.989324
epoch 990, training accuracy 0.989324
epoch 1000, training accuracy 0.989680
epoch 1010, training accuracy 0.989680
epoch 1020, training accuracy 0.989680
epoch 1030, training accuracy 0.990391
epoch 1040, training accuracy 0.990391
epoch 1050, training accuracy 0.990391
epoch 1060, training accuracy 0.990391
epoch 1070, training accuracy 0.990747
epoch 1080, training accuracy 0.991103
epoch 1090, training accuracy 0.991459
epoch 1100, training accuracy 0.991459
epoch 1110, training accuracy 0.991459
epoch 1120, training accuracy 0.991815
epoch 1130, training accuracy 0.991815
epoch 1140, training accuracy 0.991459
epoch 1150, training accuracy 0.991459
epoch 1160, training accuracy 0.991459
epoch 1170, training accuracy 0.991459
epoch 1180, training accuracy 0.991459
epoch 1190, training accuracy 0.991459
epoch 1200, training accuracy 0.991459
epoch 1210, training accuracy 0.991459
epoch 1220, training accuracy 0.991459
epoch 1230, training accuracy 0.991459
epoch 1240, training accuracy 0.991459
epoch 1250, training accuracy 0.991459
epoch 1260, training accuracy 0.991459
epoch 1270, training accuracy 0.991459
epoch 1280, training accuracy 0.991459
epoch 1290, training accuracy 0.991459
epoch 1300, training accuracy 0.991459
epoch 1310, training accuracy 0.991459
epoch 1320, training accuracy 0.991459
epoch 1330, training accuracy 0.991459
epoch 1340, training accuracy 0.991815
epoch 1350, training accuracy 0.991815
epoch 1360, training accuracy 0.991815
epoch 1370, training accuracy 0.991815
epoch 1380, training accuracy 0.991815
epoch 1390, training accuracy 0.991815
epoch 1400, training accuracy 0.991815
epoch 1410, training accuracy 0.991815
epoch 1420, training accuracy 0.991815
epoch 1430, training accuracy 0.991815
epoch 1440, training accuracy 0.991815
epoch 1450, training accuracy 0.991815
epoch 1460, training accuracy 0.991815
epoch 1470, training accuracy 0.991815
epoch 1480, training accuracy 0.991815
epoch 1490, training accuracy 0.991815
epoch 1500, training accuracy 0.991815
epoch 1510, training accuracy 0.991815
epoch 1520, training accuracy 0.991815
epoch 1530, training accuracy 0.991815
epoch 1540, training accuracy 0.991815
epoch 1550, training accuracy 0.991815
epoch 1560, training accuracy 0.991815
epoch 1570, training accuracy 0.991815
epoch 1580, training accuracy 0.991815
epoch 1590, training accuracy 0.991815
epoch 1600, training accuracy 0.991815
epoch 1610, training accuracy 0.991815
epoch 1620, training accuracy 0.991815
epoch 1630, training accuracy 0.991815
epoch 1640, training accuracy 0.991815
epoch 1650, training accuracy 0.991815
epoch 1660, training accuracy 0.991815
epoch 1670, training accuracy 0.991815
epoch 1680, training accuracy 0.991815
epoch 1690, training accuracy 0.991815
epoch 1700, training accuracy 0.991815
epoch 1710, training accuracy 0.991815
epoch 1720, training accuracy 0.991815
epoch 1730, training accuracy 0.991815
epoch 1740, training accuracy 0.991815
epoch 1750, training accuracy 0.991815
epoch 1760, training accuracy 0.992171
epoch 1770, training accuracy 0.992171
epoch 1780, training accuracy 0.992171
epoch 1790, training accuracy 0.992171
epoch 1800, training accuracy 0.992171
epoch 1810, training accuracy 0.992171
epoch 1820, training accuracy 0.992171
epoch 1830, training accuracy 0.992171
epoch 1840, training accuracy 0.992171
epoch 1850, training accuracy 0.992171
epoch 1860, training accuracy 0.992171
epoch 1870, training accuracy 0.992171
epoch 1880, training accuracy 0.992171
epoch 1890, training accuracy 0.992171
epoch 1900, training accuracy 0.992527
epoch 1910, training accuracy 0.992527
epoch 1920, training accuracy 0.992527
epoch 1930, training accuracy 0.992527
epoch 1940, training accuracy 0.992527
epoch 1950, training accuracy 0.992527
epoch 1960, training accuracy 0.992527
epoch 1970, training accuracy 0.992527
epoch 1980, training accuracy 0.992527
epoch 1990, training accuracy 0.992527
epoch 2000, training accuracy 0.992883
epoch 2010, training accuracy 0.992883
epoch 2020, training accuracy 0.992883
epoch 2030, training accuracy 0.993594
epoch 2040, training accuracy 0.993594
epoch 2050, training accuracy 0.993594
epoch 2060, training accuracy 0.993594
epoch 2070, training accuracy 0.993594
epoch 2080, training accuracy 0.993594
epoch 2090, training accuracy 0.993594
epoch 2100, training accuracy 0.993950
epoch 2110, training accuracy 0.993950
epoch 2120, training accuracy 0.993950
epoch 2130, training accuracy 0.993950
epoch 2140, training accuracy 0.993950
epoch 2150, training accuracy 0.993950
epoch 2160, training accuracy 0.993950
epoch 2170, training accuracy 0.993950
epoch 2180, training accuracy 0.994306
epoch 2190, training accuracy 0.994306
epoch 2200, training accuracy 0.994306
epoch 2210, training accuracy 0.994306
epoch 2220, training accuracy 0.994306
epoch 2230, training accuracy 0.994662
epoch 2240, training accuracy 0.994662
epoch 2250, training accuracy 0.994662
epoch 2260, training accuracy 0.994662
epoch 2270, training accuracy 0.994662
epoch 2280, training accuracy 0.994662
epoch 2290, training accuracy 0.994662
epoch 2300, training accuracy 0.994662
epoch 2310, training accuracy 0.994662
epoch 2320, training accuracy 0.994662
epoch 2330, training accuracy 0.994662
epoch 2340, training accuracy 0.994662
epoch 2350, training accuracy 0.995018
epoch 2360, training accuracy 0.995018
epoch 2370, training accuracy 0.995018
epoch 2380, training accuracy 0.995018
epoch 2390, training accuracy 0.995018
epoch 2400, training accuracy 0.995374
epoch 2410, training accuracy 0.995374
epoch 2420, training accuracy 0.995374
epoch 2430, training accuracy 0.995374
epoch 2440, training accuracy 0.995374
epoch 2450, training accuracy 0.995374
epoch 2460, training accuracy 0.995374
epoch 2470, training accuracy 0.995374
epoch 2480, training accuracy 0.995374
epoch 2490, training accuracy 0.995374
epoch 2500, training accuracy 0.995374
epoch 2510, training accuracy 0.995374
epoch 2520, training accuracy 0.995374
epoch 2530, training accuracy 0.995374
epoch 2540, training accuracy 0.995374
epoch 2550, training accuracy 0.995374
epoch 2560, training accuracy 0.995374
epoch 2570, training accuracy 0.995374
epoch 2580, training accuracy 0.995374
epoch 2590, training accuracy 0.995374
epoch 2600, training accuracy 0.995374
epoch 2610, training accuracy 0.995374
epoch 2620, training accuracy 0.995374
epoch 2630, training accuracy 0.995374
epoch 2640, training accuracy 0.995730
epoch 2650, training accuracy 0.995730
epoch 2660, training accuracy 0.995730
epoch 2670, training accuracy 0.995730
epoch 2680, training accuracy 0.995730
epoch 2690, training accuracy 0.995730
epoch 2700, training accuracy 0.995730
epoch 2710, training accuracy 0.995730
epoch 2720, training accuracy 0.995730
epoch 2730, training accuracy 0.995730
epoch 2740, training accuracy 0.995730
epoch 2750, training accuracy 0.995730
epoch 2760, training accuracy 0.995730
epoch 2770, training accuracy 0.995730
epoch 2780, training accuracy 0.995730
epoch 2790, training accuracy 0.995730
epoch 2800, training accuracy 0.995730
epoch 2810, training accuracy 0.995730
epoch 2820, training accuracy 0.995730
epoch 2830, training accuracy 0.995730
epoch 2840, training accuracy 0.995730
epoch 2850, training accuracy 0.995730
epoch 2860, training accuracy 0.995730
epoch 2870, training accuracy 0.996085
epoch 2880, training accuracy 0.996085
epoch 2890, training accuracy 0.996085
epoch 2900, training accuracy 0.996085
epoch 2910, training accuracy 0.996085
epoch 2920, training accuracy 0.996085
epoch 2930, training accuracy 0.996085
epoch 2940, training accuracy 0.996085
epoch 2950, training accuracy 0.996085
epoch 2960, training accuracy 0.996085
epoch 2970, training accuracy 0.996085
epoch 2980, training accuracy 0.996085
epoch 2990, training accuracy 0.996085
epoch 3000, training accuracy 0.996085
/tmp/banca_banco_validate.py loaded, containing 706 entries, class distribution: [353 353]
correct: [334, 348]
incorrect: [0, 1]
accuracy: [1.0, 0.997134670487106]
unclassified: [19, 4]
total accuracy: [0.9461756373937678, 0.9858356940509915]
Sun Oct 22 15:54:22 CEST 2017 finished, res_training/por/banca_banco
