Sun Oct 22 23:14:46 CEST 2017 create_training_files
/tmp/proof_prove
1908 lines
682 proof
1227 prove
/tmp/proof_prove_training
1527 lines
534 proof
994 prove
/tmp/proof_prove_validate
381 lines
148 proof
233 prove
generate /tmp/proof_prove_training.py, /tmp/proof_prove_validate.py
:compileJava UP-TO-DATE
:processResources UP-TO-DATE
:classes UP-TO-DATE
:createNGramDatabase
Reading /tmp/proof_prove_training
Tokenizing
undersampling to 541
/tmp/proof_prove_training.pycreated
Reading /tmp/proof_prove_validate
Tokenizing
undersampling to 150
/tmp/proof_prove_validate.pycreated

BUILD SUCCESSFUL

Total time: 4.781 secs

This build could be faster, please consider using the Gradle Daemon: https://docs.gradle.org/2.10/userguide/gradle_daemon.html
Sun Oct 22 23:14:58 CEST 2017 create_classifier
{'dictionary_path': 'res_training/eng/embedding/dictionary.txt', 'self': <__main__.NeuralNetwork object at 0x2b3d0e674a58>, 'num_inputs': 4, 'use_flex_hidden_layer': False, 'training_data_file': '/tmp/proof_prove_training.py', 'num_outputs': 2, 'epochs': 3000, 'embedding_path': 'res_training/eng/embedding/final_embeddings.txt', 'batch_size': 1000}
embedding shape (42122, 64)
/tmp/proof_prove_training.py loaded, containing 1082 entries, class distribution: [541 541]
Steps: 3000, 1 steps in 3000 epochs
epoch 0, training accuracy 0.307763
epoch 10, training accuracy 0.310536
epoch 20, training accuracy 0.313309
epoch 30, training accuracy 0.317006
epoch 40, training accuracy 0.327172
epoch 50, training accuracy 0.339187
epoch 60, training accuracy 0.344732
epoch 70, training accuracy 0.353974
epoch 80, training accuracy 0.363216
epoch 90, training accuracy 0.374307
epoch 100, training accuracy 0.389094
epoch 110, training accuracy 0.400185
epoch 120, training accuracy 0.414048
epoch 130, training accuracy 0.427911
epoch 140, training accuracy 0.445471
epoch 150, training accuracy 0.458410
epoch 160, training accuracy 0.475046
epoch 170, training accuracy 0.486137
epoch 180, training accuracy 0.501848
epoch 190, training accuracy 0.515712
epoch 200, training accuracy 0.527726
epoch 210, training accuracy 0.544362
epoch 220, training accuracy 0.561922
epoch 230, training accuracy 0.567468
epoch 240, training accuracy 0.585952
epoch 250, training accuracy 0.600739
epoch 260, training accuracy 0.618299
epoch 270, training accuracy 0.633087
epoch 280, training accuracy 0.643253
epoch 290, training accuracy 0.658041
epoch 300, training accuracy 0.676525
epoch 310, training accuracy 0.689464
epoch 320, training accuracy 0.701479
epoch 330, training accuracy 0.711645
epoch 340, training accuracy 0.721811
epoch 350, training accuracy 0.726433
epoch 360, training accuracy 0.727357
epoch 370, training accuracy 0.738447
epoch 380, training accuracy 0.746765
epoch 390, training accuracy 0.751386
epoch 400, training accuracy 0.759704
epoch 410, training accuracy 0.766174
epoch 420, training accuracy 0.771719
epoch 430, training accuracy 0.779113
epoch 440, training accuracy 0.789279
epoch 450, training accuracy 0.794824
epoch 460, training accuracy 0.797597
epoch 470, training accuracy 0.806839
epoch 480, training accuracy 0.809612
epoch 490, training accuracy 0.811460
epoch 500, training accuracy 0.813309
epoch 510, training accuracy 0.816081
epoch 520, training accuracy 0.817930
epoch 530, training accuracy 0.823475
epoch 540, training accuracy 0.827172
epoch 550, training accuracy 0.832717
epoch 560, training accuracy 0.835490
epoch 570, training accuracy 0.837338
epoch 580, training accuracy 0.838262
epoch 590, training accuracy 0.841035
epoch 600, training accuracy 0.842884
epoch 610, training accuracy 0.845656
epoch 620, training accuracy 0.851201
epoch 630, training accuracy 0.855823
epoch 640, training accuracy 0.858595
epoch 650, training accuracy 0.860444
epoch 660, training accuracy 0.862292
epoch 670, training accuracy 0.863216
epoch 680, training accuracy 0.864140
epoch 690, training accuracy 0.865065
epoch 700, training accuracy 0.865065
epoch 710, training accuracy 0.865989
epoch 720, training accuracy 0.870610
epoch 730, training accuracy 0.870610
epoch 740, training accuracy 0.872458
epoch 750, training accuracy 0.874307
epoch 760, training accuracy 0.874307
epoch 770, training accuracy 0.875231
epoch 780, training accuracy 0.878004
epoch 790, training accuracy 0.880776
epoch 800, training accuracy 0.880776
epoch 810, training accuracy 0.881701
epoch 820, training accuracy 0.883549
epoch 830, training accuracy 0.885397
epoch 840, training accuracy 0.885397
epoch 850, training accuracy 0.885397
epoch 860, training accuracy 0.886322
epoch 870, training accuracy 0.887246
epoch 880, training accuracy 0.888170
epoch 890, training accuracy 0.888170
epoch 900, training accuracy 0.889094
epoch 910, training accuracy 0.890018
epoch 920, training accuracy 0.890943
epoch 930, training accuracy 0.891867
epoch 940, training accuracy 0.890943
epoch 950, training accuracy 0.891867
epoch 960, training accuracy 0.891867
epoch 970, training accuracy 0.892791
epoch 980, training accuracy 0.894640
epoch 990, training accuracy 0.895564
epoch 1000, training accuracy 0.895564
epoch 1010, training accuracy 0.894640
epoch 1020, training accuracy 0.894640
epoch 1030, training accuracy 0.894640
epoch 1040, training accuracy 0.895564
epoch 1050, training accuracy 0.897412
epoch 1060, training accuracy 0.898336
epoch 1070, training accuracy 0.901109
epoch 1080, training accuracy 0.902033
epoch 1090, training accuracy 0.902957
epoch 1100, training accuracy 0.902957
epoch 1110, training accuracy 0.903882
epoch 1120, training accuracy 0.905730
epoch 1130, training accuracy 0.907579
epoch 1140, training accuracy 0.908503
epoch 1150, training accuracy 0.909427
epoch 1160, training accuracy 0.911275
epoch 1170, training accuracy 0.912200
epoch 1180, training accuracy 0.914048
epoch 1190, training accuracy 0.914048
epoch 1200, training accuracy 0.914048
epoch 1210, training accuracy 0.914048
epoch 1220, training accuracy 0.915896
epoch 1230, training accuracy 0.915896
epoch 1240, training accuracy 0.915896
epoch 1250, training accuracy 0.915896
epoch 1260, training accuracy 0.916821
epoch 1270, training accuracy 0.918669
epoch 1280, training accuracy 0.919593
epoch 1290, training accuracy 0.919593
epoch 1300, training accuracy 0.920518
epoch 1310, training accuracy 0.921442
epoch 1320, training accuracy 0.921442
epoch 1330, training accuracy 0.922366
epoch 1340, training accuracy 0.922366
epoch 1350, training accuracy 0.922366
epoch 1360, training accuracy 0.923290
epoch 1370, training accuracy 0.923290
epoch 1380, training accuracy 0.923290
epoch 1390, training accuracy 0.923290
epoch 1400, training accuracy 0.923290
epoch 1410, training accuracy 0.924214
epoch 1420, training accuracy 0.925139
epoch 1430, training accuracy 0.926987
epoch 1440, training accuracy 0.926987
epoch 1450, training accuracy 0.926987
epoch 1460, training accuracy 0.926987
epoch 1470, training accuracy 0.927911
epoch 1480, training accuracy 0.927911
epoch 1490, training accuracy 0.927911
epoch 1500, training accuracy 0.927911
epoch 1510, training accuracy 0.927911
epoch 1520, training accuracy 0.927911
epoch 1530, training accuracy 0.927911
epoch 1540, training accuracy 0.927911
epoch 1550, training accuracy 0.927911
epoch 1560, training accuracy 0.927911
epoch 1570, training accuracy 0.927911
epoch 1580, training accuracy 0.927911
epoch 1590, training accuracy 0.927911
epoch 1600, training accuracy 0.927911
epoch 1610, training accuracy 0.929760
epoch 1620, training accuracy 0.930684
epoch 1630, training accuracy 0.930684
epoch 1640, training accuracy 0.931608
epoch 1650, training accuracy 0.931608
epoch 1660, training accuracy 0.931608
epoch 1670, training accuracy 0.931608
epoch 1680, training accuracy 0.931608
epoch 1690, training accuracy 0.932532
epoch 1700, training accuracy 0.932532
epoch 1710, training accuracy 0.932532
epoch 1720, training accuracy 0.932532
epoch 1730, training accuracy 0.932532
epoch 1740, training accuracy 0.932532
epoch 1750, training accuracy 0.932532
epoch 1760, training accuracy 0.932532
epoch 1770, training accuracy 0.932532
epoch 1780, training accuracy 0.932532
epoch 1790, training accuracy 0.932532
epoch 1800, training accuracy 0.932532
epoch 1810, training accuracy 0.932532
epoch 1820, training accuracy 0.933457
epoch 1830, training accuracy 0.934381
epoch 1840, training accuracy 0.934381
epoch 1850, training accuracy 0.934381
epoch 1860, training accuracy 0.934381
epoch 1870, training accuracy 0.934381
epoch 1880, training accuracy 0.934381
epoch 1890, training accuracy 0.935305
epoch 1900, training accuracy 0.935305
epoch 1910, training accuracy 0.935305
epoch 1920, training accuracy 0.935305
epoch 1930, training accuracy 0.935305
epoch 1940, training accuracy 0.935305
epoch 1950, training accuracy 0.936229
epoch 1960, training accuracy 0.936229
epoch 1970, training accuracy 0.936229
epoch 1980, training accuracy 0.936229
epoch 1990, training accuracy 0.936229
epoch 2000, training accuracy 0.936229
epoch 2010, training accuracy 0.936229
epoch 2020, training accuracy 0.936229
epoch 2030, training accuracy 0.936229
epoch 2040, training accuracy 0.936229
epoch 2050, training accuracy 0.936229
epoch 2060, training accuracy 0.936229
epoch 2070, training accuracy 0.936229
epoch 2080, training accuracy 0.936229
epoch 2090, training accuracy 0.936229
epoch 2100, training accuracy 0.937153
epoch 2110, training accuracy 0.937153
epoch 2120, training accuracy 0.937153
epoch 2130, training accuracy 0.938078
epoch 2140, training accuracy 0.938078
epoch 2150, training accuracy 0.939002
epoch 2160, training accuracy 0.939926
epoch 2170, training accuracy 0.939926
epoch 2180, training accuracy 0.939926
epoch 2190, training accuracy 0.939926
epoch 2200, training accuracy 0.939926
epoch 2210, training accuracy 0.939926
epoch 2220, training accuracy 0.939926
epoch 2230, training accuracy 0.939926
epoch 2240, training accuracy 0.939926
epoch 2250, training accuracy 0.939926
epoch 2260, training accuracy 0.939926
epoch 2270, training accuracy 0.939926
epoch 2280, training accuracy 0.939926
epoch 2290, training accuracy 0.939926
epoch 2300, training accuracy 0.940850
epoch 2310, training accuracy 0.940850
epoch 2320, training accuracy 0.940850
epoch 2330, training accuracy 0.940850
epoch 2340, training accuracy 0.940850
epoch 2350, training accuracy 0.941774
epoch 2360, training accuracy 0.942699
epoch 2370, training accuracy 0.942699
epoch 2380, training accuracy 0.942699
epoch 2390, training accuracy 0.942699
epoch 2400, training accuracy 0.942699
epoch 2410, training accuracy 0.942699
epoch 2420, training accuracy 0.942699
epoch 2430, training accuracy 0.942699
epoch 2440, training accuracy 0.943623
epoch 2450, training accuracy 0.943623
epoch 2460, training accuracy 0.943623
epoch 2470, training accuracy 0.943623
epoch 2480, training accuracy 0.943623
epoch 2490, training accuracy 0.943623
epoch 2500, training accuracy 0.943623
epoch 2510, training accuracy 0.943623
epoch 2520, training accuracy 0.943623
epoch 2530, training accuracy 0.942699
epoch 2540, training accuracy 0.942699
epoch 2550, training accuracy 0.943623
epoch 2560, training accuracy 0.943623
epoch 2570, training accuracy 0.943623
epoch 2580, training accuracy 0.943623
epoch 2590, training accuracy 0.943623
epoch 2600, training accuracy 0.942699
epoch 2610, training accuracy 0.942699
epoch 2620, training accuracy 0.942699
epoch 2630, training accuracy 0.942699
epoch 2640, training accuracy 0.942699
epoch 2650, training accuracy 0.942699
epoch 2660, training accuracy 0.942699
epoch 2670, training accuracy 0.942699
epoch 2680, training accuracy 0.942699
epoch 2690, training accuracy 0.942699
epoch 2700, training accuracy 0.942699
epoch 2710, training accuracy 0.942699
epoch 2720, training accuracy 0.942699
epoch 2730, training accuracy 0.943623
epoch 2740, training accuracy 0.943623
epoch 2750, training accuracy 0.943623
epoch 2760, training accuracy 0.943623
epoch 2770, training accuracy 0.943623
epoch 2780, training accuracy 0.942699
epoch 2790, training accuracy 0.942699
epoch 2800, training accuracy 0.943623
epoch 2810, training accuracy 0.944547
epoch 2820, training accuracy 0.945471
epoch 2830, training accuracy 0.945471
epoch 2840, training accuracy 0.945471
epoch 2850, training accuracy 0.945471
epoch 2860, training accuracy 0.945471
epoch 2870, training accuracy 0.945471
epoch 2880, training accuracy 0.945471
epoch 2890, training accuracy 0.946396
epoch 2900, training accuracy 0.947320
epoch 2910, training accuracy 0.947320
epoch 2920, training accuracy 0.947320
epoch 2930, training accuracy 0.948244
epoch 2940, training accuracy 0.948244
epoch 2950, training accuracy 0.948244
epoch 2960, training accuracy 0.948244
epoch 2970, training accuracy 0.948244
epoch 2980, training accuracy 0.947320
epoch 2990, training accuracy 0.947320
epoch 3000, training accuracy 0.947320
/tmp/proof_prove_validate.py loaded, containing 300 entries, class distribution: [150 150]
correct: [129, 125]
incorrect: [0, 7]
accuracy: [1.0, 0.946969696969697]
unclassified: [21, 18]
total accuracy: [0.86, 0.8333333333333334]
Sun Oct 22 23:15:15 CEST 2017 finished, res_training/eng/proof_prove
