Sun Oct 22 23:23:43 CEST 2017 create_training_files
/tmp/role_roll
6241 lines
5379 role
865 roll
/tmp/role_roll_training
4993 lines
4292 role
704 roll
/tmp/role_roll_validate
1248 lines
1087 role
161 roll
generate /tmp/role_roll_training.py, /tmp/role_roll_validate.py
:compileJava UP-TO-DATE
:processResources UP-TO-DATE
:classes UP-TO-DATE
:createNGramDatabase
Reading /tmp/role_roll_training
Tokenizing
undersampling to 684
/tmp/role_roll_training.pycreated
Reading /tmp/role_roll_validate
Tokenizing
undersampling to 154
/tmp/role_roll_validate.pycreated

BUILD SUCCESSFUL

Total time: 5.156 secs

This build could be faster, please consider using the Gradle Daemon: https://docs.gradle.org/2.10/userguide/gradle_daemon.html
Sun Oct 22 23:23:54 CEST 2017 create_classifier
{'num_outputs': 2, 'use_flex_hidden_layer': False, 'num_inputs': 4, 'batch_size': 1000, 'self': <__main__.NeuralNetwork object at 0x2ab2cd0caa58>, 'dictionary_path': 'res_training/eng/embedding/dictionary.txt', 'training_data_file': '/tmp/role_roll_training.py', 'epochs': 3000, 'embedding_path': 'res_training/eng/embedding/final_embeddings.txt'}
embedding shape (42122, 64)
/tmp/role_roll_training.py loaded, containing 1368 entries, class distribution: [684 684]
Steps: 3000, 1 steps in 3000 epochs
epoch 0, training accuracy 0.471491
epoch 10, training accuracy 0.482456
epoch 20, training accuracy 0.500731
epoch 30, training accuracy 0.514620
epoch 40, training accuracy 0.531433
epoch 50, training accuracy 0.547515
epoch 60, training accuracy 0.558480
epoch 70, training accuracy 0.573099
epoch 80, training accuracy 0.589912
epoch 90, training accuracy 0.611111
epoch 100, training accuracy 0.633041
epoch 110, training accuracy 0.636696
epoch 120, training accuracy 0.649854
epoch 130, training accuracy 0.672515
epoch 140, training accuracy 0.683480
epoch 150, training accuracy 0.700292
epoch 160, training accuracy 0.711257
epoch 170, training accuracy 0.722953
epoch 180, training accuracy 0.736842
epoch 190, training accuracy 0.746345
epoch 200, training accuracy 0.752924
epoch 210, training accuracy 0.763158
epoch 220, training accuracy 0.770468
epoch 230, training accuracy 0.787281
epoch 240, training accuracy 0.789474
epoch 250, training accuracy 0.793860
epoch 260, training accuracy 0.801901
epoch 270, training accuracy 0.807749
epoch 280, training accuracy 0.812135
epoch 290, training accuracy 0.821637
epoch 300, training accuracy 0.825292
epoch 310, training accuracy 0.830409
epoch 320, training accuracy 0.838450
epoch 330, training accuracy 0.839181
epoch 340, training accuracy 0.844298
epoch 350, training accuracy 0.849415
epoch 360, training accuracy 0.852339
epoch 370, training accuracy 0.857456
epoch 380, training accuracy 0.858187
epoch 390, training accuracy 0.861842
epoch 400, training accuracy 0.864766
epoch 410, training accuracy 0.866959
epoch 420, training accuracy 0.869883
epoch 430, training accuracy 0.872076
epoch 440, training accuracy 0.875731
epoch 450, training accuracy 0.875000
epoch 460, training accuracy 0.877924
epoch 470, training accuracy 0.881579
epoch 480, training accuracy 0.883041
epoch 490, training accuracy 0.882310
epoch 500, training accuracy 0.883041
epoch 510, training accuracy 0.882310
epoch 520, training accuracy 0.882310
epoch 530, training accuracy 0.882310
epoch 540, training accuracy 0.883041
epoch 550, training accuracy 0.883772
epoch 560, training accuracy 0.884503
epoch 570, training accuracy 0.885965
epoch 580, training accuracy 0.888158
epoch 590, training accuracy 0.889620
epoch 600, training accuracy 0.888889
epoch 610, training accuracy 0.889620
epoch 620, training accuracy 0.892544
epoch 630, training accuracy 0.892544
epoch 640, training accuracy 0.893275
epoch 650, training accuracy 0.894737
epoch 660, training accuracy 0.895468
epoch 670, training accuracy 0.896199
epoch 680, training accuracy 0.896930
epoch 690, training accuracy 0.898392
epoch 700, training accuracy 0.899123
epoch 710, training accuracy 0.899123
epoch 720, training accuracy 0.899854
epoch 730, training accuracy 0.900585
epoch 740, training accuracy 0.900585
epoch 750, training accuracy 0.900585
epoch 760, training accuracy 0.901316
epoch 770, training accuracy 0.901316
epoch 780, training accuracy 0.902778
epoch 790, training accuracy 0.902778
epoch 800, training accuracy 0.903509
epoch 810, training accuracy 0.904971
epoch 820, training accuracy 0.904971
epoch 830, training accuracy 0.905702
epoch 840, training accuracy 0.907164
epoch 850, training accuracy 0.906433
epoch 860, training accuracy 0.908626
epoch 870, training accuracy 0.908626
epoch 880, training accuracy 0.908626
epoch 890, training accuracy 0.909357
epoch 900, training accuracy 0.909357
epoch 910, training accuracy 0.909357
epoch 920, training accuracy 0.910088
epoch 930, training accuracy 0.910088
epoch 940, training accuracy 0.910088
epoch 950, training accuracy 0.910088
epoch 960, training accuracy 0.910088
epoch 970, training accuracy 0.910088
epoch 980, training accuracy 0.911550
epoch 990, training accuracy 0.911550
epoch 1000, training accuracy 0.911550
epoch 1010, training accuracy 0.912281
epoch 1020, training accuracy 0.912281
epoch 1030, training accuracy 0.913012
epoch 1040, training accuracy 0.913012
epoch 1050, training accuracy 0.913012
epoch 1060, training accuracy 0.913743
epoch 1070, training accuracy 0.913743
epoch 1080, training accuracy 0.914474
epoch 1090, training accuracy 0.914474
epoch 1100, training accuracy 0.915936
epoch 1110, training accuracy 0.916667
epoch 1120, training accuracy 0.915936
epoch 1130, training accuracy 0.916667
epoch 1140, training accuracy 0.916667
epoch 1150, training accuracy 0.918129
epoch 1160, training accuracy 0.918129
epoch 1170, training accuracy 0.918129
epoch 1180, training accuracy 0.918860
epoch 1190, training accuracy 0.919591
epoch 1200, training accuracy 0.919591
epoch 1210, training accuracy 0.919591
epoch 1220, training accuracy 0.919591
epoch 1230, training accuracy 0.921053
epoch 1240, training accuracy 0.921053
epoch 1250, training accuracy 0.921784
epoch 1260, training accuracy 0.921784
epoch 1270, training accuracy 0.921784
epoch 1280, training accuracy 0.923246
epoch 1290, training accuracy 0.923246
epoch 1300, training accuracy 0.923246
epoch 1310, training accuracy 0.923246
epoch 1320, training accuracy 0.923246
epoch 1330, training accuracy 0.923246
epoch 1340, training accuracy 0.923977
epoch 1350, training accuracy 0.923977
epoch 1360, training accuracy 0.923977
epoch 1370, training accuracy 0.924708
epoch 1380, training accuracy 0.924708
epoch 1390, training accuracy 0.925439
epoch 1400, training accuracy 0.925439
epoch 1410, training accuracy 0.925439
epoch 1420, training accuracy 0.926901
epoch 1430, training accuracy 0.926901
epoch 1440, training accuracy 0.927632
epoch 1450, training accuracy 0.927632
epoch 1460, training accuracy 0.929094
epoch 1470, training accuracy 0.929094
epoch 1480, training accuracy 0.929094
epoch 1490, training accuracy 0.930556
epoch 1500, training accuracy 0.931287
epoch 1510, training accuracy 0.931287
epoch 1520, training accuracy 0.931287
epoch 1530, training accuracy 0.931287
epoch 1540, training accuracy 0.931287
epoch 1550, training accuracy 0.932018
epoch 1560, training accuracy 0.931287
epoch 1570, training accuracy 0.931287
epoch 1580, training accuracy 0.931287
epoch 1590, training accuracy 0.931287
epoch 1600, training accuracy 0.931287
epoch 1610, training accuracy 0.931287
epoch 1620, training accuracy 0.931287
epoch 1630, training accuracy 0.931287
epoch 1640, training accuracy 0.931287
epoch 1650, training accuracy 0.931287
epoch 1660, training accuracy 0.931287
epoch 1670, training accuracy 0.931287
epoch 1680, training accuracy 0.931287
epoch 1690, training accuracy 0.931287
epoch 1700, training accuracy 0.931287
epoch 1710, training accuracy 0.932018
epoch 1720, training accuracy 0.932018
epoch 1730, training accuracy 0.931287
epoch 1740, training accuracy 0.931287
epoch 1750, training accuracy 0.931287
epoch 1760, training accuracy 0.932018
epoch 1770, training accuracy 0.932749
epoch 1780, training accuracy 0.932749
epoch 1790, training accuracy 0.932749
epoch 1800, training accuracy 0.933480
epoch 1810, training accuracy 0.934211
epoch 1820, training accuracy 0.934211
epoch 1830, training accuracy 0.934211
epoch 1840, training accuracy 0.934211
epoch 1850, training accuracy 0.934211
epoch 1860, training accuracy 0.934211
epoch 1870, training accuracy 0.934211
epoch 1880, training accuracy 0.934942
epoch 1890, training accuracy 0.934942
epoch 1900, training accuracy 0.934942
epoch 1910, training accuracy 0.935673
epoch 1920, training accuracy 0.936404
epoch 1930, training accuracy 0.936404
epoch 1940, training accuracy 0.936404
epoch 1950, training accuracy 0.936404
epoch 1960, training accuracy 0.936404
epoch 1970, training accuracy 0.936404
epoch 1980, training accuracy 0.936404
epoch 1990, training accuracy 0.936404
epoch 2000, training accuracy 0.936404
epoch 2010, training accuracy 0.936404
epoch 2020, training accuracy 0.936404
epoch 2030, training accuracy 0.936404
epoch 2040, training accuracy 0.936404
epoch 2050, training accuracy 0.936404
epoch 2060, training accuracy 0.936404
epoch 2070, training accuracy 0.936404
epoch 2080, training accuracy 0.936404
epoch 2090, training accuracy 0.936404
epoch 2100, training accuracy 0.936404
epoch 2110, training accuracy 0.936404
epoch 2120, training accuracy 0.936404
epoch 2130, training accuracy 0.937865
epoch 2140, training accuracy 0.937865
epoch 2150, training accuracy 0.937865
epoch 2160, training accuracy 0.937865
epoch 2170, training accuracy 0.938596
epoch 2180, training accuracy 0.939327
epoch 2190, training accuracy 0.939327
epoch 2200, training accuracy 0.939327
epoch 2210, training accuracy 0.939327
epoch 2220, training accuracy 0.939327
epoch 2230, training accuracy 0.940058
epoch 2240, training accuracy 0.940058
epoch 2250, training accuracy 0.940789
epoch 2260, training accuracy 0.940789
epoch 2270, training accuracy 0.940789
epoch 2280, training accuracy 0.940789
epoch 2290, training accuracy 0.940789
epoch 2300, training accuracy 0.940789
epoch 2310, training accuracy 0.940789
epoch 2320, training accuracy 0.940789
epoch 2330, training accuracy 0.940789
epoch 2340, training accuracy 0.940789
epoch 2350, training accuracy 0.940789
epoch 2360, training accuracy 0.940789
epoch 2370, training accuracy 0.940789
epoch 2380, training accuracy 0.941520
epoch 2390, training accuracy 0.941520
epoch 2400, training accuracy 0.941520
epoch 2410, training accuracy 0.941520
epoch 2420, training accuracy 0.941520
epoch 2430, training accuracy 0.941520
epoch 2440, training accuracy 0.942251
epoch 2450, training accuracy 0.942251
epoch 2460, training accuracy 0.942251
epoch 2470, training accuracy 0.942251
epoch 2480, training accuracy 0.942251
epoch 2490, training accuracy 0.942251
epoch 2500, training accuracy 0.942251
epoch 2510, training accuracy 0.942251
epoch 2520, training accuracy 0.942251
epoch 2530, training accuracy 0.944444
epoch 2540, training accuracy 0.945906
epoch 2550, training accuracy 0.945906
epoch 2560, training accuracy 0.945906
epoch 2570, training accuracy 0.945906
epoch 2580, training accuracy 0.945175
epoch 2590, training accuracy 0.945175
epoch 2600, training accuracy 0.945175
epoch 2610, training accuracy 0.945175
epoch 2620, training accuracy 0.945175
epoch 2630, training accuracy 0.945175
epoch 2640, training accuracy 0.945175
epoch 2650, training accuracy 0.945175
epoch 2660, training accuracy 0.945175
epoch 2670, training accuracy 0.945175
epoch 2680, training accuracy 0.945175
epoch 2690, training accuracy 0.945175
epoch 2700, training accuracy 0.945906
epoch 2710, training accuracy 0.945906
epoch 2720, training accuracy 0.945906
epoch 2730, training accuracy 0.945906
epoch 2740, training accuracy 0.945906
epoch 2750, training accuracy 0.945906
epoch 2760, training accuracy 0.945906
epoch 2770, training accuracy 0.945906
epoch 2780, training accuracy 0.945906
epoch 2790, training accuracy 0.945906
epoch 2800, training accuracy 0.945906
epoch 2810, training accuracy 0.946637
epoch 2820, training accuracy 0.946637
epoch 2830, training accuracy 0.946637
epoch 2840, training accuracy 0.947368
epoch 2850, training accuracy 0.947368
epoch 2860, training accuracy 0.947368
epoch 2870, training accuracy 0.947368
epoch 2880, training accuracy 0.947368
epoch 2890, training accuracy 0.947368
epoch 2900, training accuracy 0.947368
epoch 2910, training accuracy 0.947368
epoch 2920, training accuracy 0.948099
epoch 2930, training accuracy 0.948099
epoch 2940, training accuracy 0.948099
epoch 2950, training accuracy 0.948099
epoch 2960, training accuracy 0.948099
epoch 2970, training accuracy 0.948830
epoch 2980, training accuracy 0.948830
epoch 2990, training accuracy 0.948830
epoch 3000, training accuracy 0.948830
/tmp/role_roll_validate.py loaded, containing 308 entries, class distribution: [154 154]
correct: [105, 127]
incorrect: [4, 4]
accuracy: [0.963302752293578, 0.9694656488549618]
unclassified: [45, 23]
total accuracy: [0.6818181818181818, 0.8246753246753247]
Sun Oct 22 23:24:13 CEST 2017 finished, res_training/eng/role_roll
Mon Oct 23 09:08:11 CEST 2017 create_training_files
/tmp/role_roll
6241 lines
5379 role
865 roll
/tmp/role_roll_training
4993 lines
4293 role
702 roll
/tmp/role_roll_validate
1248 lines
1086 role
163 roll
generate /tmp/role_roll_training.py, /tmp/role_roll_validate.py
:compileJava UP-TO-DATE
:processResources UP-TO-DATE
:classes UP-TO-DATE
:createNGramDatabase
Reading /tmp/role_roll_training
Tokenizing
undersampling to 675
/tmp/role_roll_training.pycreated
Reading /tmp/role_roll_validate
Tokenizing
undersampling to 163
/tmp/role_roll_validate.pycreated

BUILD SUCCESSFUL

Total time: 5.172 secs

This build could be faster, please consider using the Gradle Daemon: https://docs.gradle.org/2.10/userguide/gradle_daemon.html
Mon Oct 23 09:08:22 CEST 2017 create_classifier
{'num_outputs': 2, 'num_inputs': 4, 'dictionary_path': 'res_training/eng/embedding/dictionary.txt', 'batch_size': 1000, 'epochs': 3000, 'use_flex_hidden_layer': False, 'self': <__main__.NeuralNetwork object at 0x2ab4cdfaea58>, 'training_data_file': '/tmp/role_roll_training.py', 'embedding_path': 'res_training/eng/embedding/final_embeddings.txt'}
embedding shape (42122, 64)
/tmp/role_roll_training.py loaded, containing 1350 entries, class distribution: [675 675]
Steps: 3000, 1 steps in 3000 epochs
epoch 0, training accuracy 0.445926
epoch 10, training accuracy 0.457037
epoch 20, training accuracy 0.471111
epoch 30, training accuracy 0.489630
epoch 40, training accuracy 0.505926
epoch 50, training accuracy 0.513333
epoch 60, training accuracy 0.534074
epoch 70, training accuracy 0.551852
epoch 80, training accuracy 0.564444
epoch 90, training accuracy 0.582222
epoch 100, training accuracy 0.597778
epoch 110, training accuracy 0.626667
epoch 120, training accuracy 0.645185
epoch 130, training accuracy 0.655556
epoch 140, training accuracy 0.670370
epoch 150, training accuracy 0.685926
epoch 160, training accuracy 0.699259
epoch 170, training accuracy 0.718518
epoch 180, training accuracy 0.728148
epoch 190, training accuracy 0.740000
epoch 200, training accuracy 0.744444
epoch 210, training accuracy 0.756296
epoch 220, training accuracy 0.762963
epoch 230, training accuracy 0.771111
epoch 240, training accuracy 0.777778
epoch 250, training accuracy 0.785926
epoch 260, training accuracy 0.794074
epoch 270, training accuracy 0.800741
epoch 280, training accuracy 0.806667
epoch 290, training accuracy 0.809630
epoch 300, training accuracy 0.811852
epoch 310, training accuracy 0.819259
epoch 320, training accuracy 0.825185
epoch 330, training accuracy 0.827407
epoch 340, training accuracy 0.831111
epoch 350, training accuracy 0.834074
epoch 360, training accuracy 0.840000
epoch 370, training accuracy 0.845926
epoch 380, training accuracy 0.847407
epoch 390, training accuracy 0.853333
epoch 400, training accuracy 0.855556
epoch 410, training accuracy 0.857037
epoch 420, training accuracy 0.860741
epoch 430, training accuracy 0.862222
epoch 440, training accuracy 0.865185
epoch 450, training accuracy 0.866667
epoch 460, training accuracy 0.868889
epoch 470, training accuracy 0.871852
epoch 480, training accuracy 0.875556
epoch 490, training accuracy 0.877037
epoch 500, training accuracy 0.878519
epoch 510, training accuracy 0.877778
epoch 520, training accuracy 0.880000
epoch 530, training accuracy 0.880741
epoch 540, training accuracy 0.881481
epoch 550, training accuracy 0.884444
epoch 560, training accuracy 0.885926
epoch 570, training accuracy 0.887407
epoch 580, training accuracy 0.888889
epoch 590, training accuracy 0.890370
epoch 600, training accuracy 0.891852
epoch 610, training accuracy 0.892593
epoch 620, training accuracy 0.892593
epoch 630, training accuracy 0.894815
epoch 640, training accuracy 0.894815
epoch 650, training accuracy 0.897037
epoch 660, training accuracy 0.898519
epoch 670, training accuracy 0.899259
epoch 680, training accuracy 0.899259
epoch 690, training accuracy 0.899259
epoch 700, training accuracy 0.898519
epoch 710, training accuracy 0.899259
epoch 720, training accuracy 0.899259
epoch 730, training accuracy 0.900000
epoch 740, training accuracy 0.900741
epoch 750, training accuracy 0.900000
epoch 760, training accuracy 0.899259
epoch 770, training accuracy 0.900000
epoch 780, training accuracy 0.902222
epoch 790, training accuracy 0.904444
epoch 800, training accuracy 0.904444
epoch 810, training accuracy 0.905185
epoch 820, training accuracy 0.905926
epoch 830, training accuracy 0.905926
epoch 840, training accuracy 0.905926
epoch 850, training accuracy 0.905185
epoch 860, training accuracy 0.905185
epoch 870, training accuracy 0.905185
epoch 880, training accuracy 0.907407
epoch 890, training accuracy 0.907407
epoch 900, training accuracy 0.906667
epoch 910, training accuracy 0.906667
epoch 920, training accuracy 0.906667
epoch 930, training accuracy 0.907407
epoch 940, training accuracy 0.908889
epoch 950, training accuracy 0.908889
epoch 960, training accuracy 0.910370
epoch 970, training accuracy 0.910370
epoch 980, training accuracy 0.912593
epoch 990, training accuracy 0.912593
epoch 1000, training accuracy 0.912593
epoch 1010, training accuracy 0.912593
epoch 1020, training accuracy 0.912593
epoch 1030, training accuracy 0.913333
epoch 1040, training accuracy 0.913333
epoch 1050, training accuracy 0.914815
epoch 1060, training accuracy 0.915556
epoch 1070, training accuracy 0.915556
epoch 1080, training accuracy 0.916296
epoch 1090, training accuracy 0.916296
epoch 1100, training accuracy 0.916296
epoch 1110, training accuracy 0.917037
epoch 1120, training accuracy 0.917037
epoch 1130, training accuracy 0.917037
epoch 1140, training accuracy 0.917037
epoch 1150, training accuracy 0.917778
epoch 1160, training accuracy 0.919259
epoch 1170, training accuracy 0.920000
epoch 1180, training accuracy 0.920741
epoch 1190, training accuracy 0.921481
epoch 1200, training accuracy 0.921481
epoch 1210, training accuracy 0.922222
epoch 1220, training accuracy 0.922222
epoch 1230, training accuracy 0.922222
epoch 1240, training accuracy 0.922963
epoch 1250, training accuracy 0.923704
epoch 1260, training accuracy 0.923704
epoch 1270, training accuracy 0.923704
epoch 1280, training accuracy 0.923704
epoch 1290, training accuracy 0.923704
epoch 1300, training accuracy 0.923704
epoch 1310, training accuracy 0.923704
epoch 1320, training accuracy 0.923704
epoch 1330, training accuracy 0.923704
epoch 1340, training accuracy 0.923704
epoch 1350, training accuracy 0.923704
epoch 1360, training accuracy 0.923704
epoch 1370, training accuracy 0.924444
epoch 1380, training accuracy 0.925926
epoch 1390, training accuracy 0.925926
epoch 1400, training accuracy 0.925926
epoch 1410, training accuracy 0.925926
epoch 1420, training accuracy 0.925926
epoch 1430, training accuracy 0.925926
epoch 1440, training accuracy 0.925926
epoch 1450, training accuracy 0.926667
epoch 1460, training accuracy 0.927407
epoch 1470, training accuracy 0.927407
epoch 1480, training accuracy 0.927407
epoch 1490, training accuracy 0.927407
epoch 1500, training accuracy 0.927407
epoch 1510, training accuracy 0.928148
epoch 1520, training accuracy 0.928148
epoch 1530, training accuracy 0.928148
epoch 1540, training accuracy 0.928148
epoch 1550, training accuracy 0.927407
epoch 1560, training accuracy 0.927407
epoch 1570, training accuracy 0.928148
epoch 1580, training accuracy 0.928148
epoch 1590, training accuracy 0.928148
epoch 1600, training accuracy 0.928148
epoch 1610, training accuracy 0.928148
epoch 1620, training accuracy 0.928889
epoch 1630, training accuracy 0.929630
epoch 1640, training accuracy 0.931111
epoch 1650, training accuracy 0.931111
epoch 1660, training accuracy 0.931111
epoch 1670, training accuracy 0.931111
epoch 1680, training accuracy 0.931111
epoch 1690, training accuracy 0.931111
epoch 1700, training accuracy 0.931111
epoch 1710, training accuracy 0.931111
epoch 1720, training accuracy 0.931852
epoch 1730, training accuracy 0.931852
epoch 1740, training accuracy 0.933333
epoch 1750, training accuracy 0.933333
epoch 1760, training accuracy 0.934815
epoch 1770, training accuracy 0.934815
epoch 1780, training accuracy 0.935556
epoch 1790, training accuracy 0.935556
epoch 1800, training accuracy 0.935556
epoch 1810, training accuracy 0.934815
epoch 1820, training accuracy 0.934815
epoch 1830, training accuracy 0.935556
epoch 1840, training accuracy 0.935556
epoch 1850, training accuracy 0.935556
epoch 1860, training accuracy 0.936296
epoch 1870, training accuracy 0.936296
epoch 1880, training accuracy 0.936296
epoch 1890, training accuracy 0.936296
epoch 1900, training accuracy 0.936296
epoch 1910, training accuracy 0.936296
epoch 1920, training accuracy 0.936296
epoch 1930, training accuracy 0.936296
epoch 1940, training accuracy 0.937037
epoch 1950, training accuracy 0.937037
epoch 1960, training accuracy 0.937037
epoch 1970, training accuracy 0.937778
epoch 1980, training accuracy 0.938519
epoch 1990, training accuracy 0.938519
epoch 2000, training accuracy 0.939259
epoch 2010, training accuracy 0.939259
epoch 2020, training accuracy 0.939259
epoch 2030, training accuracy 0.939259
epoch 2040, training accuracy 0.939259
epoch 2050, training accuracy 0.940000
epoch 2060, training accuracy 0.940000
epoch 2070, training accuracy 0.940741
epoch 2080, training accuracy 0.942222
epoch 2090, training accuracy 0.942222
epoch 2100, training accuracy 0.942222
epoch 2110, training accuracy 0.942222
epoch 2120, training accuracy 0.942222
epoch 2130, training accuracy 0.942222
epoch 2140, training accuracy 0.943704
epoch 2150, training accuracy 0.943704
epoch 2160, training accuracy 0.943704
epoch 2170, training accuracy 0.944444
epoch 2180, training accuracy 0.944444
epoch 2190, training accuracy 0.944444
epoch 2200, training accuracy 0.944444
epoch 2210, training accuracy 0.944444
epoch 2220, training accuracy 0.944444
epoch 2230, training accuracy 0.945185
epoch 2240, training accuracy 0.945185
epoch 2250, training accuracy 0.945185
epoch 2260, training accuracy 0.945185
epoch 2270, training accuracy 0.945185
epoch 2280, training accuracy 0.945185
epoch 2290, training accuracy 0.945185
epoch 2300, training accuracy 0.945185
epoch 2310, training accuracy 0.945185
epoch 2320, training accuracy 0.945926
epoch 2330, training accuracy 0.946667
epoch 2340, training accuracy 0.946667
epoch 2350, training accuracy 0.946667
epoch 2360, training accuracy 0.946667
epoch 2370, training accuracy 0.946667
epoch 2380, training accuracy 0.947407
epoch 2390, training accuracy 0.947407
epoch 2400, training accuracy 0.947407
epoch 2410, training accuracy 0.947407
epoch 2420, training accuracy 0.947407
epoch 2430, training accuracy 0.948148
epoch 2440, training accuracy 0.948148
epoch 2450, training accuracy 0.948148
epoch 2460, training accuracy 0.948148
epoch 2470, training accuracy 0.948148
epoch 2480, training accuracy 0.950370
epoch 2490, training accuracy 0.950370
epoch 2500, training accuracy 0.950370
epoch 2510, training accuracy 0.950370
epoch 2520, training accuracy 0.950370
epoch 2530, training accuracy 0.950370
epoch 2540, training accuracy 0.950370
epoch 2550, training accuracy 0.950370
epoch 2560, training accuracy 0.950370
epoch 2570, training accuracy 0.950370
epoch 2580, training accuracy 0.950370
epoch 2590, training accuracy 0.950370
epoch 2600, training accuracy 0.950370
epoch 2610, training accuracy 0.951111
epoch 2620, training accuracy 0.951111
epoch 2630, training accuracy 0.951111
epoch 2640, training accuracy 0.951111
epoch 2650, training accuracy 0.951111
epoch 2660, training accuracy 0.951852
epoch 2670, training accuracy 0.951852
epoch 2680, training accuracy 0.951852
epoch 2690, training accuracy 0.951852
epoch 2700, training accuracy 0.951852
epoch 2710, training accuracy 0.951852
epoch 2720, training accuracy 0.951852
epoch 2730, training accuracy 0.951852
epoch 2740, training accuracy 0.951852
epoch 2750, training accuracy 0.951852
epoch 2760, training accuracy 0.951852
epoch 2770, training accuracy 0.951852
epoch 2780, training accuracy 0.951852
epoch 2790, training accuracy 0.951852
epoch 2800, training accuracy 0.952593
epoch 2810, training accuracy 0.953333
epoch 2820, training accuracy 0.953333
epoch 2830, training accuracy 0.952593
epoch 2840, training accuracy 0.952593
epoch 2850, training accuracy 0.952593
epoch 2860, training accuracy 0.952593
epoch 2870, training accuracy 0.952593
epoch 2880, training accuracy 0.952593
epoch 2890, training accuracy 0.952593
epoch 2900, training accuracy 0.952593
epoch 2910, training accuracy 0.952593
epoch 2920, training accuracy 0.952593
epoch 2930, training accuracy 0.952593
epoch 2940, training accuracy 0.952593
epoch 2950, training accuracy 0.952593
epoch 2960, training accuracy 0.952593
epoch 2970, training accuracy 0.953333
epoch 2980, training accuracy 0.953333
epoch 2990, training accuracy 0.953333
epoch 3000, training accuracy 0.953333
/tmp/role_roll_validate.py loaded, containing 326 entries, class distribution: [163 163]
correct: [134, 127]
incorrect: [2, 11]
accuracy: [0.9852941176470589, 0.9202898550724637]
unclassified: [27, 25]
total accuracy: [0.8220858895705522, 0.7791411042944786]
Mon Oct 23 09:08:41 CEST 2017 finished, res_training/eng/role_roll
