Sun Oct 22 20:07:37 CEST 2017 create_training_files
/tmp/feels_fees
3051 lines
1860 feels
1191 fees
/tmp/feels_fees_training
2441 lines
1478 feels
963 fees
/tmp/feels_fees_validate
610 lines
382 feels
228 fees
generate /tmp/feels_fees_training.py, /tmp/feels_fees_validate.py
:compileJava UP-TO-DATE
:processResources UP-TO-DATE
:classes UP-TO-DATE
:createNGramDatabase
Reading /tmp/feels_fees_training
Tokenizing
undersampling to 1027
/tmp/feels_fees_training.pycreated
Reading /tmp/feels_fees_validate
Tokenizing
undersampling to 235
/tmp/feels_fees_validate.pycreated

BUILD SUCCESSFUL

Total time: 5.396 secs

This build could be faster, please consider using the Gradle Daemon: https://docs.gradle.org/2.10/userguide/gradle_daemon.html
Sun Oct 22 20:07:49 CEST 2017 create_classifier
{'num_outputs': 2, 'embedding_path': 'res_training/eng/embedding/final_embeddings.txt', 'self': <__main__.NeuralNetwork object at 0x2b0901335a58>, 'batch_size': 1000, 'num_inputs': 4, 'use_flex_hidden_layer': False, 'training_data_file': '/tmp/feels_fees_training.py', 'dictionary_path': 'res_training/eng/embedding/dictionary.txt', 'epochs': 3000}
embedding shape (42122, 64)
/tmp/feels_fees_training.py loaded, containing 2054 entries, class distribution: [1027 1027]
Steps: 6000, 2 steps in 3000 epochs
epoch 0, training accuracy 0.628530
epoch 10, training accuracy 0.655307
epoch 20, training accuracy 0.682571
epoch 30, training accuracy 0.703505
epoch 40, training accuracy 0.720545
epoch 50, training accuracy 0.737585
epoch 60, training accuracy 0.755112
epoch 70, training accuracy 0.769231
epoch 80, training accuracy 0.780915
epoch 90, training accuracy 0.792600
epoch 100, training accuracy 0.803797
epoch 110, training accuracy 0.814508
epoch 120, training accuracy 0.825706
epoch 130, training accuracy 0.832035
epoch 140, training accuracy 0.837877
epoch 150, training accuracy 0.845180
epoch 160, training accuracy 0.849075
epoch 170, training accuracy 0.856378
epoch 180, training accuracy 0.861246
epoch 190, training accuracy 0.869036
epoch 200, training accuracy 0.874391
epoch 210, training accuracy 0.877799
epoch 220, training accuracy 0.881207
epoch 230, training accuracy 0.884615
epoch 240, training accuracy 0.888023
epoch 250, training accuracy 0.890944
epoch 260, training accuracy 0.893379
epoch 270, training accuracy 0.895326
epoch 280, training accuracy 0.898734
epoch 290, training accuracy 0.900195
epoch 300, training accuracy 0.903603
epoch 310, training accuracy 0.907498
epoch 320, training accuracy 0.910419
epoch 330, training accuracy 0.913340
epoch 340, training accuracy 0.914314
epoch 350, training accuracy 0.916748
epoch 360, training accuracy 0.918208
epoch 370, training accuracy 0.920156
epoch 380, training accuracy 0.920643
epoch 390, training accuracy 0.920643
epoch 400, training accuracy 0.922103
epoch 410, training accuracy 0.925998
epoch 420, training accuracy 0.926485
epoch 430, training accuracy 0.927945
epoch 440, training accuracy 0.927945
epoch 450, training accuracy 0.928432
epoch 460, training accuracy 0.928919
epoch 470, training accuracy 0.930380
epoch 480, training accuracy 0.932814
epoch 490, training accuracy 0.934275
epoch 500, training accuracy 0.934761
epoch 510, training accuracy 0.934761
epoch 520, training accuracy 0.935248
epoch 530, training accuracy 0.935735
epoch 540, training accuracy 0.936222
epoch 550, training accuracy 0.936222
epoch 560, training accuracy 0.937683
epoch 570, training accuracy 0.937683
epoch 580, training accuracy 0.938169
epoch 590, training accuracy 0.940117
epoch 600, training accuracy 0.940604
epoch 610, training accuracy 0.940604
epoch 620, training accuracy 0.941091
epoch 630, training accuracy 0.942551
epoch 640, training accuracy 0.942551
epoch 650, training accuracy 0.943038
epoch 660, training accuracy 0.943038
epoch 670, training accuracy 0.944499
epoch 680, training accuracy 0.944985
epoch 690, training accuracy 0.945472
epoch 700, training accuracy 0.945472
epoch 710, training accuracy 0.946446
epoch 720, training accuracy 0.946933
epoch 730, training accuracy 0.946933
epoch 740, training accuracy 0.947420
epoch 750, training accuracy 0.947906
epoch 760, training accuracy 0.948393
epoch 770, training accuracy 0.948393
epoch 780, training accuracy 0.948393
epoch 790, training accuracy 0.948880
epoch 800, training accuracy 0.949367
epoch 810, training accuracy 0.949854
epoch 820, training accuracy 0.950341
epoch 830, training accuracy 0.951315
epoch 840, training accuracy 0.951801
epoch 850, training accuracy 0.951801
epoch 860, training accuracy 0.952288
epoch 870, training accuracy 0.953262
epoch 880, training accuracy 0.953262
epoch 890, training accuracy 0.952775
epoch 900, training accuracy 0.953262
epoch 910, training accuracy 0.953749
epoch 920, training accuracy 0.953749
epoch 930, training accuracy 0.954236
epoch 940, training accuracy 0.954236
epoch 950, training accuracy 0.954722
epoch 960, training accuracy 0.954722
epoch 970, training accuracy 0.954722
epoch 980, training accuracy 0.955209
epoch 990, training accuracy 0.955209
epoch 1000, training accuracy 0.955696
epoch 1010, training accuracy 0.956183
epoch 1020, training accuracy 0.956670
epoch 1030, training accuracy 0.957157
epoch 1040, training accuracy 0.957157
epoch 1050, training accuracy 0.957644
epoch 1060, training accuracy 0.957644
epoch 1070, training accuracy 0.958130
epoch 1080, training accuracy 0.958617
epoch 1090, training accuracy 0.958617
epoch 1100, training accuracy 0.959104
epoch 1110, training accuracy 0.959104
epoch 1120, training accuracy 0.960078
epoch 1130, training accuracy 0.960078
epoch 1140, training accuracy 0.960565
epoch 1150, training accuracy 0.960565
epoch 1160, training accuracy 0.960565
epoch 1170, training accuracy 0.961052
epoch 1180, training accuracy 0.961538
epoch 1190, training accuracy 0.961538
epoch 1200, training accuracy 0.961538
epoch 1210, training accuracy 0.961538
epoch 1220, training accuracy 0.961538
epoch 1230, training accuracy 0.961538
epoch 1240, training accuracy 0.961538
epoch 1250, training accuracy 0.961538
epoch 1260, training accuracy 0.962025
epoch 1270, training accuracy 0.962025
epoch 1280, training accuracy 0.962025
epoch 1290, training accuracy 0.962025
epoch 1300, training accuracy 0.962025
epoch 1310, training accuracy 0.962512
epoch 1320, training accuracy 0.962512
epoch 1330, training accuracy 0.962512
epoch 1340, training accuracy 0.962512
epoch 1350, training accuracy 0.962512
epoch 1360, training accuracy 0.962512
epoch 1370, training accuracy 0.962999
epoch 1380, training accuracy 0.963486
epoch 1390, training accuracy 0.963973
epoch 1400, training accuracy 0.963973
epoch 1410, training accuracy 0.964460
epoch 1420, training accuracy 0.964460
epoch 1430, training accuracy 0.964946
epoch 1440, training accuracy 0.964946
epoch 1450, training accuracy 0.965920
epoch 1460, training accuracy 0.966407
epoch 1470, training accuracy 0.966407
epoch 1480, training accuracy 0.967381
epoch 1490, training accuracy 0.967868
epoch 1500, training accuracy 0.967868
epoch 1510, training accuracy 0.967868
epoch 1520, training accuracy 0.967868
epoch 1530, training accuracy 0.967868
epoch 1540, training accuracy 0.967868
epoch 1550, training accuracy 0.967868
epoch 1560, training accuracy 0.967868
epoch 1570, training accuracy 0.967868
epoch 1580, training accuracy 0.967868
epoch 1590, training accuracy 0.967868
epoch 1600, training accuracy 0.967868
epoch 1610, training accuracy 0.967868
epoch 1620, training accuracy 0.968354
epoch 1630, training accuracy 0.968354
epoch 1640, training accuracy 0.968354
epoch 1650, training accuracy 0.968354
epoch 1660, training accuracy 0.968841
epoch 1670, training accuracy 0.968841
epoch 1680, training accuracy 0.968841
epoch 1690, training accuracy 0.969328
epoch 1700, training accuracy 0.969328
epoch 1710, training accuracy 0.969328
epoch 1720, training accuracy 0.969328
epoch 1730, training accuracy 0.969328
epoch 1740, training accuracy 0.969328
epoch 1750, training accuracy 0.969328
epoch 1760, training accuracy 0.969815
epoch 1770, training accuracy 0.969815
epoch 1780, training accuracy 0.969815
epoch 1790, training accuracy 0.969815
epoch 1800, training accuracy 0.969815
epoch 1810, training accuracy 0.969815
epoch 1820, training accuracy 0.969815
epoch 1830, training accuracy 0.969815
epoch 1840, training accuracy 0.969815
epoch 1850, training accuracy 0.969815
epoch 1860, training accuracy 0.969815
epoch 1870, training accuracy 0.969815
epoch 1880, training accuracy 0.969815
epoch 1890, training accuracy 0.969815
epoch 1900, training accuracy 0.970302
epoch 1910, training accuracy 0.970302
epoch 1920, training accuracy 0.970789
epoch 1930, training accuracy 0.970789
epoch 1940, training accuracy 0.971762
epoch 1950, training accuracy 0.971762
epoch 1960, training accuracy 0.971762
epoch 1970, training accuracy 0.971762
epoch 1980, training accuracy 0.971762
epoch 1990, training accuracy 0.971762
epoch 2000, training accuracy 0.971762
epoch 2010, training accuracy 0.971762
epoch 2020, training accuracy 0.971762
epoch 2030, training accuracy 0.971762
epoch 2040, training accuracy 0.971762
epoch 2050, training accuracy 0.971762
epoch 2060, training accuracy 0.971762
epoch 2070, training accuracy 0.971762
epoch 2080, training accuracy 0.972249
epoch 2090, training accuracy 0.972249
epoch 2100, training accuracy 0.972249
epoch 2110, training accuracy 0.972736
epoch 2120, training accuracy 0.972736
epoch 2130, training accuracy 0.972736
epoch 2140, training accuracy 0.973710
epoch 2150, training accuracy 0.973710
epoch 2160, training accuracy 0.973710
epoch 2170, training accuracy 0.973710
epoch 2180, training accuracy 0.973710
epoch 2190, training accuracy 0.973710
epoch 2200, training accuracy 0.973223
epoch 2210, training accuracy 0.973223
epoch 2220, training accuracy 0.973710
epoch 2230, training accuracy 0.973710
epoch 2240, training accuracy 0.973710
epoch 2250, training accuracy 0.973710
epoch 2260, training accuracy 0.973710
epoch 2270, training accuracy 0.973710
epoch 2280, training accuracy 0.973710
epoch 2290, training accuracy 0.974197
epoch 2300, training accuracy 0.974197
epoch 2310, training accuracy 0.974197
epoch 2320, training accuracy 0.974684
epoch 2330, training accuracy 0.975657
epoch 2340, training accuracy 0.975657
epoch 2350, training accuracy 0.975657
epoch 2360, training accuracy 0.975657
epoch 2370, training accuracy 0.975657
epoch 2380, training accuracy 0.976144
epoch 2390, training accuracy 0.976144
epoch 2400, training accuracy 0.976144
epoch 2410, training accuracy 0.976631
epoch 2420, training accuracy 0.976631
epoch 2430, training accuracy 0.976631
epoch 2440, training accuracy 0.976631
epoch 2450, training accuracy 0.976631
epoch 2460, training accuracy 0.977118
epoch 2470, training accuracy 0.977118
epoch 2480, training accuracy 0.977118
epoch 2490, training accuracy 0.977118
epoch 2500, training accuracy 0.977118
epoch 2510, training accuracy 0.977118
epoch 2520, training accuracy 0.977118
epoch 2530, training accuracy 0.977118
epoch 2540, training accuracy 0.977118
epoch 2550, training accuracy 0.977118
epoch 2560, training accuracy 0.977118
epoch 2570, training accuracy 0.977605
epoch 2580, training accuracy 0.977605
epoch 2590, training accuracy 0.977605
epoch 2600, training accuracy 0.977605
epoch 2610, training accuracy 0.977605
epoch 2620, training accuracy 0.977605
epoch 2630, training accuracy 0.977605
epoch 2640, training accuracy 0.977605
epoch 2650, training accuracy 0.977605
epoch 2660, training accuracy 0.977605
epoch 2670, training accuracy 0.977605
epoch 2680, training accuracy 0.977605
epoch 2690, training accuracy 0.977605
epoch 2700, training accuracy 0.977605
epoch 2710, training accuracy 0.977605
epoch 2720, training accuracy 0.977605
epoch 2730, training accuracy 0.977605
epoch 2740, training accuracy 0.977605
epoch 2750, training accuracy 0.977605
epoch 2760, training accuracy 0.977605
epoch 2770, training accuracy 0.977605
epoch 2780, training accuracy 0.977605
epoch 2790, training accuracy 0.978092
epoch 2800, training accuracy 0.978092
epoch 2810, training accuracy 0.978092
epoch 2820, training accuracy 0.978092
epoch 2830, training accuracy 0.978092
epoch 2840, training accuracy 0.978092
epoch 2850, training accuracy 0.978578
epoch 2860, training accuracy 0.978578
epoch 2870, training accuracy 0.978578
epoch 2880, training accuracy 0.978578
epoch 2890, training accuracy 0.978578
epoch 2900, training accuracy 0.978578
epoch 2910, training accuracy 0.978578
epoch 2920, training accuracy 0.979065
epoch 2930, training accuracy 0.979065
epoch 2940, training accuracy 0.979065
epoch 2950, training accuracy 0.979065
epoch 2960, training accuracy 0.979065
epoch 2970, training accuracy 0.979065
epoch 2980, training accuracy 0.979065
epoch 2990, training accuracy 0.979065
epoch 3000, training accuracy 0.979065
/tmp/feels_fees_validate.py loaded, containing 470 entries, class distribution: [235 235]
correct: [207, 215]
incorrect: [1, 2]
accuracy: [0.9951923076923077, 0.9907834101382489]
unclassified: [27, 18]
total accuracy: [0.8808510638297873, 0.9148936170212766]
Sun Oct 22 20:08:16 CEST 2017 finished, res_training/eng/feels_fees
