Sun Oct 22 19:22:28 CEST 2017 create_training_files
/tmp/costa_custa
2018 lines
723 costa
1296 custa
/tmp/costa_custa_training
1615 lines
582 costa
1034 custa
/tmp/costa_custa_validate
403 lines
141 costa
262 custa
generate /tmp/costa_custa_training.py, /tmp/costa_custa_validate.py
:compileJava UP-TO-DATE
:processResources UP-TO-DATE
:classes UP-TO-DATE
:createNGramDatabase
Reading /tmp/costa_custa_training
Tokenizing
undersampling to 588
/tmp/costa_custa_training.pycreated
Reading /tmp/costa_custa_validate
Tokenizing
undersampling to 141
/tmp/costa_custa_validate.pycreated

BUILD SUCCESSFUL

Total time: 4.616 secs

This build could be faster, please consider using the Gradle Daemon: https://docs.gradle.org/2.10/userguide/gradle_daemon.html
Sun Oct 22 19:22:38 CEST 2017 create_classifier
{'use_flex_hidden_layer': False, 'training_data_file': '/tmp/costa_custa_training.py', 'epochs': 3000, 'batch_size': 1000, 'embedding_path': 'res_training/por/embedding/final_embeddings.txt', 'num_outputs': 2, 'dictionary_path': 'res_training/por/embedding/dictionary.txt', 'num_inputs': 4, 'self': <__main__.NeuralNetwork object at 0x2aefd9caba58>}
embedding shape (44676, 64)
/tmp/costa_custa_training.py loaded, containing 1176 entries, class distribution: [588 588]
Steps: 3000, 1 steps in 3000 epochs
epoch 0, training accuracy 0.495748
epoch 10, training accuracy 0.506803
epoch 20, training accuracy 0.523810
epoch 30, training accuracy 0.536565
epoch 40, training accuracy 0.551020
epoch 50, training accuracy 0.568027
epoch 60, training accuracy 0.584184
epoch 70, training accuracy 0.604592
epoch 80, training accuracy 0.612245
epoch 90, training accuracy 0.635204
epoch 100, training accuracy 0.645408
epoch 110, training accuracy 0.654762
epoch 120, training accuracy 0.666667
epoch 130, training accuracy 0.680272
epoch 140, training accuracy 0.692177
epoch 150, training accuracy 0.704932
epoch 160, training accuracy 0.713435
epoch 170, training accuracy 0.726190
epoch 180, training accuracy 0.746599
epoch 190, training accuracy 0.754252
epoch 200, training accuracy 0.767007
epoch 210, training accuracy 0.779762
epoch 220, training accuracy 0.786565
epoch 230, training accuracy 0.795918
epoch 240, training accuracy 0.802721
epoch 250, training accuracy 0.804422
epoch 260, training accuracy 0.812075
epoch 270, training accuracy 0.817177
epoch 280, training accuracy 0.821429
epoch 290, training accuracy 0.824830
epoch 300, training accuracy 0.830782
epoch 310, training accuracy 0.835034
epoch 320, training accuracy 0.840136
epoch 330, training accuracy 0.842687
epoch 340, training accuracy 0.848639
epoch 350, training accuracy 0.852041
epoch 360, training accuracy 0.854592
epoch 370, training accuracy 0.857993
epoch 380, training accuracy 0.859694
epoch 390, training accuracy 0.863946
epoch 400, training accuracy 0.869048
epoch 410, training accuracy 0.870748
epoch 420, training accuracy 0.872449
epoch 430, training accuracy 0.875000
epoch 440, training accuracy 0.875850
epoch 450, training accuracy 0.877551
epoch 460, training accuracy 0.878401
epoch 470, training accuracy 0.879252
epoch 480, training accuracy 0.880952
epoch 490, training accuracy 0.884354
epoch 500, training accuracy 0.886054
epoch 510, training accuracy 0.887755
epoch 520, training accuracy 0.888605
epoch 530, training accuracy 0.890306
epoch 540, training accuracy 0.892857
epoch 550, training accuracy 0.892857
epoch 560, training accuracy 0.892857
epoch 570, training accuracy 0.892857
epoch 580, training accuracy 0.894558
epoch 590, training accuracy 0.894558
epoch 600, training accuracy 0.896259
epoch 610, training accuracy 0.897109
epoch 620, training accuracy 0.897959
epoch 630, training accuracy 0.900510
epoch 640, training accuracy 0.900510
epoch 650, training accuracy 0.902211
epoch 660, training accuracy 0.903061
epoch 670, training accuracy 0.903912
epoch 680, training accuracy 0.905612
epoch 690, training accuracy 0.904762
epoch 700, training accuracy 0.906463
epoch 710, training accuracy 0.907313
epoch 720, training accuracy 0.907313
epoch 730, training accuracy 0.909014
epoch 740, training accuracy 0.909864
epoch 750, training accuracy 0.912415
epoch 760, training accuracy 0.913265
epoch 770, training accuracy 0.915816
epoch 780, training accuracy 0.917517
epoch 790, training accuracy 0.919218
epoch 800, training accuracy 0.919218
epoch 810, training accuracy 0.920068
epoch 820, training accuracy 0.920918
epoch 830, training accuracy 0.920918
epoch 840, training accuracy 0.921769
epoch 850, training accuracy 0.921769
epoch 860, training accuracy 0.922619
epoch 870, training accuracy 0.922619
epoch 880, training accuracy 0.923469
epoch 890, training accuracy 0.924320
epoch 900, training accuracy 0.926020
epoch 910, training accuracy 0.926871
epoch 920, training accuracy 0.929422
epoch 930, training accuracy 0.930272
epoch 940, training accuracy 0.930272
epoch 950, training accuracy 0.931122
epoch 960, training accuracy 0.931122
epoch 970, training accuracy 0.931122
epoch 980, training accuracy 0.931122
epoch 990, training accuracy 0.931973
epoch 1000, training accuracy 0.932823
epoch 1010, training accuracy 0.932823
epoch 1020, training accuracy 0.932823
epoch 1030, training accuracy 0.932823
epoch 1040, training accuracy 0.932823
epoch 1050, training accuracy 0.933673
epoch 1060, training accuracy 0.933673
epoch 1070, training accuracy 0.933673
epoch 1080, training accuracy 0.934524
epoch 1090, training accuracy 0.935374
epoch 1100, training accuracy 0.937075
epoch 1110, training accuracy 0.937075
epoch 1120, training accuracy 0.937075
epoch 1130, training accuracy 0.937925
epoch 1140, training accuracy 0.937925
epoch 1150, training accuracy 0.937925
epoch 1160, training accuracy 0.938776
epoch 1170, training accuracy 0.938776
epoch 1180, training accuracy 0.939626
epoch 1190, training accuracy 0.939626
epoch 1200, training accuracy 0.942177
epoch 1210, training accuracy 0.943027
epoch 1220, training accuracy 0.942177
epoch 1230, training accuracy 0.943878
epoch 1240, training accuracy 0.943878
epoch 1250, training accuracy 0.943878
epoch 1260, training accuracy 0.943878
epoch 1270, training accuracy 0.944728
epoch 1280, training accuracy 0.945578
epoch 1290, training accuracy 0.945578
epoch 1300, training accuracy 0.945578
epoch 1310, training accuracy 0.945578
epoch 1320, training accuracy 0.946429
epoch 1330, training accuracy 0.948129
epoch 1340, training accuracy 0.948980
epoch 1350, training accuracy 0.949830
epoch 1360, training accuracy 0.949830
epoch 1370, training accuracy 0.949830
epoch 1380, training accuracy 0.949830
epoch 1390, training accuracy 0.949830
epoch 1400, training accuracy 0.949830
epoch 1410, training accuracy 0.949830
epoch 1420, training accuracy 0.951531
epoch 1430, training accuracy 0.951531
epoch 1440, training accuracy 0.953231
epoch 1450, training accuracy 0.953231
epoch 1460, training accuracy 0.953231
epoch 1470, training accuracy 0.953231
epoch 1480, training accuracy 0.954932
epoch 1490, training accuracy 0.955782
epoch 1500, training accuracy 0.955782
epoch 1510, training accuracy 0.956633
epoch 1520, training accuracy 0.956633
epoch 1530, training accuracy 0.955782
epoch 1540, training accuracy 0.955782
epoch 1550, training accuracy 0.956633
epoch 1560, training accuracy 0.956633
epoch 1570, training accuracy 0.956633
epoch 1580, training accuracy 0.956633
epoch 1590, training accuracy 0.957483
epoch 1600, training accuracy 0.957483
epoch 1610, training accuracy 0.957483
epoch 1620, training accuracy 0.957483
epoch 1630, training accuracy 0.957483
epoch 1640, training accuracy 0.957483
epoch 1650, training accuracy 0.957483
epoch 1660, training accuracy 0.958333
epoch 1670, training accuracy 0.958333
epoch 1680, training accuracy 0.958333
epoch 1690, training accuracy 0.958333
epoch 1700, training accuracy 0.958333
epoch 1710, training accuracy 0.959184
epoch 1720, training accuracy 0.959184
epoch 1730, training accuracy 0.959184
epoch 1740, training accuracy 0.959184
epoch 1750, training accuracy 0.959184
epoch 1760, training accuracy 0.959184
epoch 1770, training accuracy 0.960034
epoch 1780, training accuracy 0.960034
epoch 1790, training accuracy 0.960034
epoch 1800, training accuracy 0.960034
epoch 1810, training accuracy 0.960884
epoch 1820, training accuracy 0.960884
epoch 1830, training accuracy 0.960884
epoch 1840, training accuracy 0.960884
epoch 1850, training accuracy 0.961735
epoch 1860, training accuracy 0.961735
epoch 1870, training accuracy 0.961735
epoch 1880, training accuracy 0.961735
epoch 1890, training accuracy 0.961735
epoch 1900, training accuracy 0.961735
epoch 1910, training accuracy 0.961735
epoch 1920, training accuracy 0.962585
epoch 1930, training accuracy 0.962585
epoch 1940, training accuracy 0.962585
epoch 1950, training accuracy 0.962585
epoch 1960, training accuracy 0.962585
epoch 1970, training accuracy 0.963435
epoch 1980, training accuracy 0.963435
epoch 1990, training accuracy 0.963435
epoch 2000, training accuracy 0.963435
epoch 2010, training accuracy 0.963435
epoch 2020, training accuracy 0.963435
epoch 2030, training accuracy 0.964286
epoch 2040, training accuracy 0.964286
epoch 2050, training accuracy 0.964286
epoch 2060, training accuracy 0.964286
epoch 2070, training accuracy 0.965136
epoch 2080, training accuracy 0.965986
epoch 2090, training accuracy 0.965986
epoch 2100, training accuracy 0.965986
epoch 2110, training accuracy 0.965986
epoch 2120, training accuracy 0.965136
epoch 2130, training accuracy 0.965136
epoch 2140, training accuracy 0.965136
epoch 2150, training accuracy 0.965136
epoch 2160, training accuracy 0.965136
epoch 2170, training accuracy 0.966837
epoch 2180, training accuracy 0.966837
epoch 2190, training accuracy 0.967687
epoch 2200, training accuracy 0.967687
epoch 2210, training accuracy 0.967687
epoch 2220, training accuracy 0.967687
epoch 2230, training accuracy 0.967687
epoch 2240, training accuracy 0.967687
epoch 2250, training accuracy 0.967687
epoch 2260, training accuracy 0.967687
epoch 2270, training accuracy 0.967687
epoch 2280, training accuracy 0.967687
epoch 2290, training accuracy 0.967687
epoch 2300, training accuracy 0.967687
epoch 2310, training accuracy 0.967687
epoch 2320, training accuracy 0.967687
epoch 2330, training accuracy 0.967687
epoch 2340, training accuracy 0.967687
epoch 2350, training accuracy 0.967687
epoch 2360, training accuracy 0.967687
epoch 2370, training accuracy 0.967687
epoch 2380, training accuracy 0.967687
epoch 2390, training accuracy 0.968537
epoch 2400, training accuracy 0.969388
epoch 2410, training accuracy 0.969388
epoch 2420, training accuracy 0.969388
epoch 2430, training accuracy 0.969388
epoch 2440, training accuracy 0.969388
epoch 2450, training accuracy 0.969388
epoch 2460, training accuracy 0.969388
epoch 2470, training accuracy 0.969388
epoch 2480, training accuracy 0.969388
epoch 2490, training accuracy 0.969388
epoch 2500, training accuracy 0.969388
epoch 2510, training accuracy 0.969388
epoch 2520, training accuracy 0.969388
epoch 2530, training accuracy 0.969388
epoch 2540, training accuracy 0.969388
epoch 2550, training accuracy 0.969388
epoch 2560, training accuracy 0.969388
epoch 2570, training accuracy 0.969388
epoch 2580, training accuracy 0.969388
epoch 2590, training accuracy 0.969388
epoch 2600, training accuracy 0.969388
epoch 2610, training accuracy 0.969388
epoch 2620, training accuracy 0.969388
epoch 2630, training accuracy 0.969388
epoch 2640, training accuracy 0.969388
epoch 2650, training accuracy 0.969388
epoch 2660, training accuracy 0.969388
epoch 2670, training accuracy 0.969388
epoch 2680, training accuracy 0.969388
epoch 2690, training accuracy 0.969388
epoch 2700, training accuracy 0.969388
epoch 2710, training accuracy 0.969388
epoch 2720, training accuracy 0.969388
epoch 2730, training accuracy 0.969388
epoch 2740, training accuracy 0.969388
epoch 2750, training accuracy 0.969388
epoch 2760, training accuracy 0.969388
epoch 2770, training accuracy 0.969388
epoch 2780, training accuracy 0.969388
epoch 2790, training accuracy 0.969388
epoch 2800, training accuracy 0.969388
epoch 2810, training accuracy 0.969388
epoch 2820, training accuracy 0.970238
epoch 2830, training accuracy 0.970238
epoch 2840, training accuracy 0.970238
epoch 2850, training accuracy 0.970238
epoch 2860, training accuracy 0.970238
epoch 2870, training accuracy 0.970238
epoch 2880, training accuracy 0.970238
epoch 2890, training accuracy 0.970238
epoch 2900, training accuracy 0.970238
epoch 2910, training accuracy 0.970238
epoch 2920, training accuracy 0.971088
epoch 2930, training accuracy 0.971088
epoch 2940, training accuracy 0.971088
epoch 2950, training accuracy 0.971088
epoch 2960, training accuracy 0.971939
epoch 2970, training accuracy 0.971939
epoch 2980, training accuracy 0.971939
epoch 2990, training accuracy 0.971939
epoch 3000, training accuracy 0.971939
/tmp/costa_custa_validate.py loaded, containing 282 entries, class distribution: [141 141]
correct: [111, 100]
incorrect: [2, 0]
accuracy: [0.9823008849557522, 1.0]
unclassified: [28, 41]
total accuracy: [0.7872340425531915, 0.7092198581560284]
Sun Oct 22 19:22:57 CEST 2017 finished, res_training/por/costa_custa
