Sun Oct 22 19:35:05 CEST 2017 create_training_files
/tmp/dança_lança
1405 lines
628 dança
778 lança
/tmp/dança_lança_training
1124 lines
494 dança
630 lança
/tmp/dança_lança_validate
281 lines
134 dança
148 lança
generate /tmp/dança_lança_training.py, /tmp/dança_lança_validate.py
:compileJava UP-TO-DATE
:processResources UP-TO-DATE
:classes UP-TO-DATE
:createNGramDatabase
Reading /tmp/dança_lança_training
Tokenizing
undersampling to 514
/tmp/dança_lança_training.pycreated
Reading /tmp/dança_lança_validate
Tokenizing
undersampling to 143
/tmp/dança_lança_validate.pycreated

BUILD SUCCESSFUL

Total time: 4.643 secs

This build could be faster, please consider using the Gradle Daemon: https://docs.gradle.org/2.10/userguide/gradle_daemon.html
Sun Oct 22 19:35:15 CEST 2017 create_classifier
{'embedding_path': 'res_training/por/embedding/final_embeddings.txt', 'training_data_file': '/tmp/dança_lança_training.py', 'num_outputs': 2, 'self': <__main__.NeuralNetwork object at 0x2b268aa19a58>, 'batch_size': 1000, 'epochs': 3000, 'dictionary_path': 'res_training/por/embedding/dictionary.txt', 'use_flex_hidden_layer': False, 'num_inputs': 4}
embedding shape (44676, 64)
/tmp/dança_lança_training.py loaded, containing 1028 entries, class distribution: [514 514]
Steps: 3000, 1 steps in 3000 epochs
epoch 0, training accuracy 0.428988
epoch 10, training accuracy 0.440661
epoch 20, training accuracy 0.455253
epoch 30, training accuracy 0.472763
epoch 40, training accuracy 0.493191
epoch 50, training accuracy 0.506809
epoch 60, training accuracy 0.516537
epoch 70, training accuracy 0.535992
epoch 80, training accuracy 0.554475
epoch 90, training accuracy 0.570039
epoch 100, training accuracy 0.584630
epoch 110, training accuracy 0.600195
epoch 120, training accuracy 0.613813
epoch 130, training accuracy 0.633268
epoch 140, training accuracy 0.641051
epoch 150, training accuracy 0.650778
epoch 160, training accuracy 0.651751
epoch 170, training accuracy 0.664397
epoch 180, training accuracy 0.673152
epoch 190, training accuracy 0.681907
epoch 200, training accuracy 0.695525
epoch 210, training accuracy 0.701362
epoch 220, training accuracy 0.707198
epoch 230, training accuracy 0.712062
epoch 240, training accuracy 0.717899
epoch 250, training accuracy 0.723735
epoch 260, training accuracy 0.728599
epoch 270, training accuracy 0.735409
epoch 280, training accuracy 0.744163
epoch 290, training accuracy 0.753891
epoch 300, training accuracy 0.762646
epoch 310, training accuracy 0.765564
epoch 320, training accuracy 0.768483
epoch 330, training accuracy 0.776265
epoch 340, training accuracy 0.780156
epoch 350, training accuracy 0.780156
epoch 360, training accuracy 0.786965
epoch 370, training accuracy 0.787938
epoch 380, training accuracy 0.788911
epoch 390, training accuracy 0.791829
epoch 400, training accuracy 0.791829
epoch 410, training accuracy 0.790856
epoch 420, training accuracy 0.797665
epoch 430, training accuracy 0.800584
epoch 440, training accuracy 0.809339
epoch 450, training accuracy 0.812257
epoch 460, training accuracy 0.813230
epoch 470, training accuracy 0.816148
epoch 480, training accuracy 0.818093
epoch 490, training accuracy 0.819066
epoch 500, training accuracy 0.821012
epoch 510, training accuracy 0.823930
epoch 520, training accuracy 0.824903
epoch 530, training accuracy 0.826848
epoch 540, training accuracy 0.826848
epoch 550, training accuracy 0.829767
epoch 560, training accuracy 0.830739
epoch 570, training accuracy 0.833658
epoch 580, training accuracy 0.836576
epoch 590, training accuracy 0.840467
epoch 600, training accuracy 0.844358
epoch 610, training accuracy 0.847276
epoch 620, training accuracy 0.848249
epoch 630, training accuracy 0.849222
epoch 640, training accuracy 0.849222
epoch 650, training accuracy 0.849222
epoch 660, training accuracy 0.850195
epoch 670, training accuracy 0.853113
epoch 680, training accuracy 0.854086
epoch 690, training accuracy 0.855058
epoch 700, training accuracy 0.857004
epoch 710, training accuracy 0.857004
epoch 720, training accuracy 0.858949
epoch 730, training accuracy 0.858949
epoch 740, training accuracy 0.858949
epoch 750, training accuracy 0.857977
epoch 760, training accuracy 0.858949
epoch 770, training accuracy 0.859922
epoch 780, training accuracy 0.862840
epoch 790, training accuracy 0.863813
epoch 800, training accuracy 0.864786
epoch 810, training accuracy 0.866732
epoch 820, training accuracy 0.865759
epoch 830, training accuracy 0.867704
epoch 840, training accuracy 0.868677
epoch 850, training accuracy 0.868677
epoch 860, training accuracy 0.868677
epoch 870, training accuracy 0.868677
epoch 880, training accuracy 0.868677
epoch 890, training accuracy 0.869650
epoch 900, training accuracy 0.869650
epoch 910, training accuracy 0.870623
epoch 920, training accuracy 0.871595
epoch 930, training accuracy 0.872568
epoch 940, training accuracy 0.872568
epoch 950, training accuracy 0.872568
epoch 960, training accuracy 0.876459
epoch 970, training accuracy 0.877432
epoch 980, training accuracy 0.877432
epoch 990, training accuracy 0.877432
epoch 1000, training accuracy 0.879377
epoch 1010, training accuracy 0.879377
epoch 1020, training accuracy 0.879377
epoch 1030, training accuracy 0.881323
epoch 1040, training accuracy 0.882296
epoch 1050, training accuracy 0.882296
epoch 1060, training accuracy 0.884241
epoch 1070, training accuracy 0.884241
epoch 1080, training accuracy 0.885214
epoch 1090, training accuracy 0.886187
epoch 1100, training accuracy 0.885214
epoch 1110, training accuracy 0.886187
epoch 1120, training accuracy 0.886187
epoch 1130, training accuracy 0.886187
epoch 1140, training accuracy 0.887160
epoch 1150, training accuracy 0.889105
epoch 1160, training accuracy 0.889105
epoch 1170, training accuracy 0.890078
epoch 1180, training accuracy 0.890078
epoch 1190, training accuracy 0.890078
epoch 1200, training accuracy 0.890078
epoch 1210, training accuracy 0.890078
epoch 1220, training accuracy 0.891051
epoch 1230, training accuracy 0.892023
epoch 1240, training accuracy 0.892023
epoch 1250, training accuracy 0.893969
epoch 1260, training accuracy 0.894942
epoch 1270, training accuracy 0.895914
epoch 1280, training accuracy 0.896887
epoch 1290, training accuracy 0.896887
epoch 1300, training accuracy 0.896887
epoch 1310, training accuracy 0.897860
epoch 1320, training accuracy 0.897860
epoch 1330, training accuracy 0.897860
epoch 1340, training accuracy 0.897860
epoch 1350, training accuracy 0.897860
epoch 1360, training accuracy 0.898833
epoch 1370, training accuracy 0.897860
epoch 1380, training accuracy 0.897860
epoch 1390, training accuracy 0.897860
epoch 1400, training accuracy 0.898833
epoch 1410, training accuracy 0.900778
epoch 1420, training accuracy 0.900778
epoch 1430, training accuracy 0.900778
epoch 1440, training accuracy 0.901751
epoch 1450, training accuracy 0.901751
epoch 1460, training accuracy 0.901751
epoch 1470, training accuracy 0.901751
epoch 1480, training accuracy 0.901751
epoch 1490, training accuracy 0.901751
epoch 1500, training accuracy 0.903696
epoch 1510, training accuracy 0.903696
epoch 1520, training accuracy 0.903696
epoch 1530, training accuracy 0.904669
epoch 1540, training accuracy 0.904669
epoch 1550, training accuracy 0.905642
epoch 1560, training accuracy 0.905642
epoch 1570, training accuracy 0.904669
epoch 1580, training accuracy 0.903696
epoch 1590, training accuracy 0.903696
epoch 1600, training accuracy 0.903696
epoch 1610, training accuracy 0.903696
epoch 1620, training accuracy 0.903696
epoch 1630, training accuracy 0.903696
epoch 1640, training accuracy 0.903696
epoch 1650, training accuracy 0.903696
epoch 1660, training accuracy 0.903696
epoch 1670, training accuracy 0.903696
epoch 1680, training accuracy 0.903696
epoch 1690, training accuracy 0.904669
epoch 1700, training accuracy 0.904669
epoch 1710, training accuracy 0.904669
epoch 1720, training accuracy 0.904669
epoch 1730, training accuracy 0.905642
epoch 1740, training accuracy 0.905642
epoch 1750, training accuracy 0.905642
epoch 1760, training accuracy 0.905642
epoch 1770, training accuracy 0.905642
epoch 1780, training accuracy 0.905642
epoch 1790, training accuracy 0.905642
epoch 1800, training accuracy 0.906615
epoch 1810, training accuracy 0.906615
epoch 1820, training accuracy 0.906615
epoch 1830, training accuracy 0.906615
epoch 1840, training accuracy 0.906615
epoch 1850, training accuracy 0.906615
epoch 1860, training accuracy 0.906615
epoch 1870, training accuracy 0.906615
epoch 1880, training accuracy 0.906615
epoch 1890, training accuracy 0.906615
epoch 1900, training accuracy 0.906615
epoch 1910, training accuracy 0.906615
epoch 1920, training accuracy 0.907588
epoch 1930, training accuracy 0.907588
epoch 1940, training accuracy 0.907588
epoch 1950, training accuracy 0.907588
epoch 1960, training accuracy 0.907588
epoch 1970, training accuracy 0.908560
epoch 1980, training accuracy 0.908560
epoch 1990, training accuracy 0.908560
epoch 2000, training accuracy 0.908560
epoch 2010, training accuracy 0.908560
epoch 2020, training accuracy 0.909533
epoch 2030, training accuracy 0.908560
epoch 2040, training accuracy 0.908560
epoch 2050, training accuracy 0.908560
epoch 2060, training accuracy 0.908560
epoch 2070, training accuracy 0.908560
epoch 2080, training accuracy 0.908560
epoch 2090, training accuracy 0.907588
epoch 2100, training accuracy 0.907588
epoch 2110, training accuracy 0.907588
epoch 2120, training accuracy 0.907588
epoch 2130, training accuracy 0.907588
epoch 2140, training accuracy 0.907588
epoch 2150, training accuracy 0.907588
epoch 2160, training accuracy 0.907588
epoch 2170, training accuracy 0.908560
epoch 2180, training accuracy 0.908560
epoch 2190, training accuracy 0.908560
epoch 2200, training accuracy 0.909533
epoch 2210, training accuracy 0.909533
epoch 2220, training accuracy 0.909533
epoch 2230, training accuracy 0.909533
epoch 2240, training accuracy 0.909533
epoch 2250, training accuracy 0.909533
epoch 2260, training accuracy 0.909533
epoch 2270, training accuracy 0.909533
epoch 2280, training accuracy 0.909533
epoch 2290, training accuracy 0.909533
epoch 2300, training accuracy 0.909533
epoch 2310, training accuracy 0.909533
epoch 2320, training accuracy 0.909533
epoch 2330, training accuracy 0.909533
epoch 2340, training accuracy 0.910506
epoch 2350, training accuracy 0.910506
epoch 2360, training accuracy 0.909533
epoch 2370, training accuracy 0.909533
epoch 2380, training accuracy 0.909533
epoch 2390, training accuracy 0.909533
epoch 2400, training accuracy 0.909533
epoch 2410, training accuracy 0.911479
epoch 2420, training accuracy 0.911479
epoch 2430, training accuracy 0.913424
epoch 2440, training accuracy 0.913424
epoch 2450, training accuracy 0.913424
epoch 2460, training accuracy 0.913424
epoch 2470, training accuracy 0.913424
epoch 2480, training accuracy 0.914397
epoch 2490, training accuracy 0.915370
epoch 2500, training accuracy 0.915370
epoch 2510, training accuracy 0.915370
epoch 2520, training accuracy 0.915370
epoch 2530, training accuracy 0.915370
epoch 2540, training accuracy 0.915370
epoch 2550, training accuracy 0.916342
epoch 2560, training accuracy 0.916342
epoch 2570, training accuracy 0.917315
epoch 2580, training accuracy 0.917315
epoch 2590, training accuracy 0.918288
epoch 2600, training accuracy 0.919261
epoch 2610, training accuracy 0.919261
epoch 2620, training accuracy 0.919261
epoch 2630, training accuracy 0.919261
epoch 2640, training accuracy 0.919261
epoch 2650, training accuracy 0.919261
epoch 2660, training accuracy 0.919261
epoch 2670, training accuracy 0.920233
epoch 2680, training accuracy 0.920233
epoch 2690, training accuracy 0.920233
epoch 2700, training accuracy 0.920233
epoch 2710, training accuracy 0.920233
epoch 2720, training accuracy 0.920233
epoch 2730, training accuracy 0.920233
epoch 2740, training accuracy 0.920233
epoch 2750, training accuracy 0.920233
epoch 2760, training accuracy 0.920233
epoch 2770, training accuracy 0.920233
epoch 2780, training accuracy 0.920233
epoch 2790, training accuracy 0.920233
epoch 2800, training accuracy 0.922179
epoch 2810, training accuracy 0.922179
epoch 2820, training accuracy 0.922179
epoch 2830, training accuracy 0.922179
epoch 2840, training accuracy 0.922179
epoch 2850, training accuracy 0.922179
epoch 2860, training accuracy 0.922179
epoch 2870, training accuracy 0.922179
epoch 2880, training accuracy 0.922179
epoch 2890, training accuracy 0.922179
epoch 2900, training accuracy 0.922179
epoch 2910, training accuracy 0.922179
epoch 2920, training accuracy 0.922179
epoch 2930, training accuracy 0.922179
epoch 2940, training accuracy 0.922179
epoch 2950, training accuracy 0.922179
epoch 2960, training accuracy 0.922179
epoch 2970, training accuracy 0.922179
epoch 2980, training accuracy 0.922179
epoch 2990, training accuracy 0.923152
epoch 3000, training accuracy 0.923152
/tmp/dança_lança_validate.py loaded, containing 286 entries, class distribution: [143 143]
correct: [121, 97]
incorrect: [0, 1]
accuracy: [1.0, 0.9897959183673469]
unclassified: [22, 45]
total accuracy: [0.8461538461538461, 0.6783216783216783]
Sun Oct 22 19:35:34 CEST 2017 finished, res_training/por/dança_lança
