Mon Oct 23 03:55:15 CEST 2017 create_training_files
/tmp/Rat_Rad
2485 lines
1625 Rat
860 Rad
/tmp/Rat_Rad_training
1988 lines
1315 Rat
673 Rad
/tmp/Rat_Rad_validate
497 lines
310 Rat
187 Rad
generate /tmp/Rat_Rad_training.py, /tmp/Rat_Rad_validate.py
:compileJava UP-TO-DATE
:processResources UP-TO-DATE
:classes UP-TO-DATE
:createNGramDatabase
Reading /tmp/Rat_Rad_training
Tokenizing
undersampling to 697
/tmp/Rat_Rad_training.pycreated
Reading /tmp/Rat_Rad_validate
Tokenizing
undersampling to 195
/tmp/Rat_Rad_validate.pycreated

BUILD SUCCESSFUL

Total time: 5.25 secs

This build could be faster, please consider using the Gradle Daemon: https://docs.gradle.org/2.10/userguide/gradle_daemon.html
Mon Oct 23 03:55:28 CEST 2017 create_classifier
{'training_data_file': '/tmp/Rat_Rad_training.py', 'dictionary_path': 'res_training/deu/embedding/dictionary.txt', 'self': <__main__.NeuralNetwork object at 0x2af767679a58>, 'num_inputs': 4, 'batch_size': 1000, 'num_outputs': 2, 'embedding_path': 'res_training/deu/embedding/final_embeddings.txt', 'use_flex_hidden_layer': False, 'epochs': 3000}
embedding shape (52520, 64)
/tmp/Rat_Rad_training.py loaded, containing 1394 entries, class distribution: [697 697]
Steps: 3000, 1 steps in 3000 epochs
epoch 0, training accuracy 0.628407
epoch 10, training accuracy 0.639885
epoch 20, training accuracy 0.650646
epoch 30, training accuracy 0.673601
epoch 40, training accuracy 0.684362
epoch 50, training accuracy 0.691535
epoch 60, training accuracy 0.701578
epoch 70, training accuracy 0.711621
epoch 80, training accuracy 0.716643
epoch 90, training accuracy 0.723099
epoch 100, training accuracy 0.729555
epoch 110, training accuracy 0.732425
epoch 120, training accuracy 0.738164
epoch 130, training accuracy 0.745337
epoch 140, training accuracy 0.751793
epoch 150, training accuracy 0.754663
epoch 160, training accuracy 0.760402
epoch 170, training accuracy 0.764706
epoch 180, training accuracy 0.769010
epoch 190, training accuracy 0.772597
epoch 200, training accuracy 0.775466
epoch 210, training accuracy 0.777618
epoch 220, training accuracy 0.779770
epoch 230, training accuracy 0.785509
epoch 240, training accuracy 0.787661
epoch 250, training accuracy 0.791248
epoch 260, training accuracy 0.794118
epoch 270, training accuracy 0.796270
epoch 280, training accuracy 0.800574
epoch 290, training accuracy 0.802009
epoch 300, training accuracy 0.803443
epoch 310, training accuracy 0.807030
epoch 320, training accuracy 0.807747
epoch 330, training accuracy 0.811334
epoch 340, training accuracy 0.814204
epoch 350, training accuracy 0.817791
epoch 360, training accuracy 0.820660
epoch 370, training accuracy 0.822812
epoch 380, training accuracy 0.825682
epoch 390, training accuracy 0.826399
epoch 400, training accuracy 0.829268
epoch 410, training accuracy 0.832138
epoch 420, training accuracy 0.834290
epoch 430, training accuracy 0.835007
epoch 440, training accuracy 0.835007
epoch 450, training accuracy 0.836442
epoch 460, training accuracy 0.837877
epoch 470, training accuracy 0.838594
epoch 480, training accuracy 0.839311
epoch 490, training accuracy 0.840746
epoch 500, training accuracy 0.841463
epoch 510, training accuracy 0.842898
epoch 520, training accuracy 0.845050
epoch 530, training accuracy 0.847920
epoch 540, training accuracy 0.847920
epoch 550, training accuracy 0.849354
epoch 560, training accuracy 0.850789
epoch 570, training accuracy 0.852224
epoch 580, training accuracy 0.855093
epoch 590, training accuracy 0.856528
epoch 600, training accuracy 0.857245
epoch 610, training accuracy 0.857963
epoch 620, training accuracy 0.859397
epoch 630, training accuracy 0.861549
epoch 640, training accuracy 0.862267
epoch 650, training accuracy 0.864419
epoch 660, training accuracy 0.865854
epoch 670, training accuracy 0.866571
epoch 680, training accuracy 0.867288
epoch 690, training accuracy 0.869440
epoch 700, training accuracy 0.869440
epoch 710, training accuracy 0.869440
epoch 720, training accuracy 0.871593
epoch 730, training accuracy 0.872310
epoch 740, training accuracy 0.873027
epoch 750, training accuracy 0.873745
epoch 760, training accuracy 0.874462
epoch 770, training accuracy 0.874462
epoch 780, training accuracy 0.874462
epoch 790, training accuracy 0.874462
epoch 800, training accuracy 0.875179
epoch 810, training accuracy 0.875897
epoch 820, training accuracy 0.875179
epoch 830, training accuracy 0.875179
epoch 840, training accuracy 0.875179
epoch 850, training accuracy 0.875897
epoch 860, training accuracy 0.875179
epoch 870, training accuracy 0.875179
epoch 880, training accuracy 0.875897
epoch 890, training accuracy 0.875897
epoch 900, training accuracy 0.878049
epoch 910, training accuracy 0.878049
epoch 920, training accuracy 0.878049
epoch 930, training accuracy 0.878049
epoch 940, training accuracy 0.878049
epoch 950, training accuracy 0.878049
epoch 960, training accuracy 0.878766
epoch 970, training accuracy 0.879484
epoch 980, training accuracy 0.880201
epoch 990, training accuracy 0.880201
epoch 1000, training accuracy 0.880201
epoch 1010, training accuracy 0.881636
epoch 1020, training accuracy 0.881636
epoch 1030, training accuracy 0.882353
epoch 1040, training accuracy 0.882353
epoch 1050, training accuracy 0.882353
epoch 1060, training accuracy 0.882353
epoch 1070, training accuracy 0.882353
epoch 1080, training accuracy 0.882353
epoch 1090, training accuracy 0.883070
epoch 1100, training accuracy 0.883070
epoch 1110, training accuracy 0.883070
epoch 1120, training accuracy 0.883070
epoch 1130, training accuracy 0.882353
epoch 1140, training accuracy 0.882353
epoch 1150, training accuracy 0.882353
epoch 1160, training accuracy 0.883070
epoch 1170, training accuracy 0.883788
epoch 1180, training accuracy 0.883788
epoch 1190, training accuracy 0.883788
epoch 1200, training accuracy 0.883788
epoch 1210, training accuracy 0.885940
epoch 1220, training accuracy 0.885940
epoch 1230, training accuracy 0.886657
epoch 1240, training accuracy 0.886657
epoch 1250, training accuracy 0.886657
epoch 1260, training accuracy 0.886657
epoch 1270, training accuracy 0.887374
epoch 1280, training accuracy 0.887374
epoch 1290, training accuracy 0.887374
epoch 1300, training accuracy 0.887374
epoch 1310, training accuracy 0.887374
epoch 1320, training accuracy 0.887374
epoch 1330, training accuracy 0.887374
epoch 1340, training accuracy 0.888092
epoch 1350, training accuracy 0.888092
epoch 1360, training accuracy 0.888092
epoch 1370, training accuracy 0.888092
epoch 1380, training accuracy 0.888092
epoch 1390, training accuracy 0.888809
epoch 1400, training accuracy 0.890244
epoch 1410, training accuracy 0.890244
epoch 1420, training accuracy 0.889527
epoch 1430, training accuracy 0.889527
epoch 1440, training accuracy 0.889527
epoch 1450, training accuracy 0.889527
epoch 1460, training accuracy 0.890244
epoch 1470, training accuracy 0.890244
epoch 1480, training accuracy 0.890961
epoch 1490, training accuracy 0.890961
epoch 1500, training accuracy 0.891679
epoch 1510, training accuracy 0.891679
epoch 1520, training accuracy 0.892396
epoch 1530, training accuracy 0.892396
epoch 1540, training accuracy 0.892396
epoch 1550, training accuracy 0.892396
epoch 1560, training accuracy 0.892396
epoch 1570, training accuracy 0.891679
epoch 1580, training accuracy 0.893113
epoch 1590, training accuracy 0.892396
epoch 1600, training accuracy 0.893113
epoch 1610, training accuracy 0.893831
epoch 1620, training accuracy 0.893831
epoch 1630, training accuracy 0.894548
epoch 1640, training accuracy 0.894548
epoch 1650, training accuracy 0.895265
epoch 1660, training accuracy 0.895265
epoch 1670, training accuracy 0.895983
epoch 1680, training accuracy 0.895983
epoch 1690, training accuracy 0.896700
epoch 1700, training accuracy 0.898135
epoch 1710, training accuracy 0.898135
epoch 1720, training accuracy 0.898852
epoch 1730, training accuracy 0.898852
epoch 1740, training accuracy 0.898852
epoch 1750, training accuracy 0.899570
epoch 1760, training accuracy 0.899570
epoch 1770, training accuracy 0.898852
epoch 1780, training accuracy 0.899570
epoch 1790, training accuracy 0.900287
epoch 1800, training accuracy 0.900287
epoch 1810, training accuracy 0.901004
epoch 1820, training accuracy 0.901722
epoch 1830, training accuracy 0.901722
epoch 1840, training accuracy 0.902439
epoch 1850, training accuracy 0.902439
epoch 1860, training accuracy 0.902439
epoch 1870, training accuracy 0.902439
epoch 1880, training accuracy 0.903874
epoch 1890, training accuracy 0.903874
epoch 1900, training accuracy 0.905308
epoch 1910, training accuracy 0.905308
epoch 1920, training accuracy 0.905308
epoch 1930, training accuracy 0.905308
epoch 1940, training accuracy 0.905308
epoch 1950, training accuracy 0.905308
epoch 1960, training accuracy 0.905308
epoch 1970, training accuracy 0.905308
epoch 1980, training accuracy 0.905308
epoch 1990, training accuracy 0.905308
epoch 2000, training accuracy 0.905308
epoch 2010, training accuracy 0.906026
epoch 2020, training accuracy 0.906026
epoch 2030, training accuracy 0.906743
epoch 2040, training accuracy 0.906026
epoch 2050, training accuracy 0.906026
epoch 2060, training accuracy 0.906026
epoch 2070, training accuracy 0.906026
epoch 2080, training accuracy 0.906026
epoch 2090, training accuracy 0.906026
epoch 2100, training accuracy 0.906026
epoch 2110, training accuracy 0.906743
epoch 2120, training accuracy 0.906743
epoch 2130, training accuracy 0.908178
epoch 2140, training accuracy 0.908178
epoch 2150, training accuracy 0.908178
epoch 2160, training accuracy 0.908178
epoch 2170, training accuracy 0.908178
epoch 2180, training accuracy 0.908895
epoch 2190, training accuracy 0.908895
epoch 2200, training accuracy 0.908895
epoch 2210, training accuracy 0.908895
epoch 2220, training accuracy 0.910330
epoch 2230, training accuracy 0.911047
epoch 2240, training accuracy 0.911047
epoch 2250, training accuracy 0.911047
epoch 2260, training accuracy 0.911047
epoch 2270, training accuracy 0.911047
epoch 2280, training accuracy 0.911047
epoch 2290, training accuracy 0.911047
epoch 2300, training accuracy 0.913199
epoch 2310, training accuracy 0.913199
epoch 2320, training accuracy 0.913199
epoch 2330, training accuracy 0.913917
epoch 2340, training accuracy 0.913917
epoch 2350, training accuracy 0.913917
epoch 2360, training accuracy 0.913917
epoch 2370, training accuracy 0.913917
epoch 2380, training accuracy 0.913917
epoch 2390, training accuracy 0.913917
epoch 2400, training accuracy 0.914634
epoch 2410, training accuracy 0.914634
epoch 2420, training accuracy 0.914634
epoch 2430, training accuracy 0.914634
epoch 2440, training accuracy 0.914634
epoch 2450, training accuracy 0.914634
epoch 2460, training accuracy 0.914634
epoch 2470, training accuracy 0.913917
epoch 2480, training accuracy 0.913917
epoch 2490, training accuracy 0.913917
epoch 2500, training accuracy 0.913917
epoch 2510, training accuracy 0.913917
epoch 2520, training accuracy 0.913917
epoch 2530, training accuracy 0.913917
epoch 2540, training accuracy 0.913917
epoch 2550, training accuracy 0.914634
epoch 2560, training accuracy 0.915352
epoch 2570, training accuracy 0.916069
epoch 2580, training accuracy 0.916069
epoch 2590, training accuracy 0.916069
epoch 2600, training accuracy 0.916786
epoch 2610, training accuracy 0.916786
epoch 2620, training accuracy 0.916786
epoch 2630, training accuracy 0.916786
epoch 2640, training accuracy 0.916786
epoch 2650, training accuracy 0.916786
epoch 2660, training accuracy 0.916786
epoch 2670, training accuracy 0.917504
epoch 2680, training accuracy 0.917504
epoch 2690, training accuracy 0.918221
epoch 2700, training accuracy 0.918221
epoch 2710, training accuracy 0.918221
epoch 2720, training accuracy 0.918221
epoch 2730, training accuracy 0.918221
epoch 2740, training accuracy 0.918221
epoch 2750, training accuracy 0.918938
epoch 2760, training accuracy 0.918938
epoch 2770, training accuracy 0.919656
epoch 2780, training accuracy 0.919656
epoch 2790, training accuracy 0.919656
epoch 2800, training accuracy 0.918938
epoch 2810, training accuracy 0.918938
epoch 2820, training accuracy 0.918938
epoch 2830, training accuracy 0.919656
epoch 2840, training accuracy 0.920373
epoch 2850, training accuracy 0.921090
epoch 2860, training accuracy 0.921808
epoch 2870, training accuracy 0.921808
epoch 2880, training accuracy 0.921090
epoch 2890, training accuracy 0.921090
epoch 2900, training accuracy 0.921090
epoch 2910, training accuracy 0.921090
epoch 2920, training accuracy 0.921090
epoch 2930, training accuracy 0.921808
epoch 2940, training accuracy 0.921808
epoch 2950, training accuracy 0.921808
epoch 2960, training accuracy 0.922525
epoch 2970, training accuracy 0.923242
epoch 2980, training accuracy 0.923960
epoch 2990, training accuracy 0.925395
epoch 3000, training accuracy 0.926112
/tmp/Rat_Rad_validate.py loaded, containing 390 entries, class distribution: [195 195]
correct: [152, 149]
incorrect: [10, 5]
accuracy: [0.9382716049382716, 0.9675324675324676]
unclassified: [33, 41]
total accuracy: [0.7794871794871795, 0.764102564102564]
Mon Oct 23 03:55:49 CEST 2017 finished, res_training/deu/Rat_Rad
