Mon Oct 23 02:40:38 CEST 2017 create_training_files
/tmp/weather_whether
11215 lines
2834 weather
8396 whether
/tmp/weather_whether_training
8972 lines
2255 weather
6728 whether
/tmp/weather_whether_validate
2243 lines
579 weather
1668 whether
generate /tmp/weather_whether_training.py, /tmp/weather_whether_validate.py
:compileJava UP-TO-DATE
:processResources UP-TO-DATE
:classes UP-TO-DATE
:createNGramDatabase
Reading /tmp/weather_whether_training
Tokenizing
undersampling to 2326
/tmp/weather_whether_training.pycreated
Reading /tmp/weather_whether_validate
Tokenizing
undersampling to 598
/tmp/weather_whether_validate.pycreated

BUILD SUCCESSFUL

Total time: 5.629 secs

This build could be faster, please consider using the Gradle Daemon: https://docs.gradle.org/2.10/userguide/gradle_daemon.html
Mon Oct 23 02:40:49 CEST 2017 create_classifier
{'training_data_file': '/tmp/weather_whether_training.py', 'batch_size': 1000, 'num_outputs': 2, 'use_flex_hidden_layer': False, 'embedding_path': 'res_training/eng/embedding/final_embeddings.txt', 'num_inputs': 4, 'self': <__main__.NeuralNetwork object at 0x2b0cea6f5a58>, 'epochs': 3000, 'dictionary_path': 'res_training/eng/embedding/dictionary.txt'}
embedding shape (42122, 64)
/tmp/weather_whether_training.py loaded, containing 4652 entries, class distribution: [2326 2326]
Steps: 12000, 4 steps in 3000 epochs
epoch 0, training accuracy 0.597807
epoch 10, training accuracy 0.666595
epoch 20, training accuracy 0.723775
epoch 30, training accuracy 0.759673
epoch 40, training accuracy 0.789338
epoch 50, training accuracy 0.818143
epoch 60, training accuracy 0.842003
epoch 70, training accuracy 0.860490
epoch 80, training accuracy 0.877257
epoch 90, training accuracy 0.889940
epoch 100, training accuracy 0.897463
epoch 110, training accuracy 0.907567
epoch 120, training accuracy 0.912296
epoch 130, training accuracy 0.917455
epoch 140, training accuracy 0.923044
epoch 150, training accuracy 0.926698
epoch 160, training accuracy 0.929278
epoch 170, training accuracy 0.931212
epoch 180, training accuracy 0.935727
epoch 190, training accuracy 0.936371
epoch 200, training accuracy 0.938736
epoch 210, training accuracy 0.940671
epoch 220, training accuracy 0.942175
epoch 230, training accuracy 0.944110
epoch 240, training accuracy 0.945185
epoch 250, training accuracy 0.947334
epoch 260, training accuracy 0.947764
epoch 270, training accuracy 0.948839
epoch 280, training accuracy 0.949914
epoch 290, training accuracy 0.950774
epoch 300, training accuracy 0.952064
epoch 310, training accuracy 0.952708
epoch 320, training accuracy 0.953353
epoch 330, training accuracy 0.954213
epoch 340, training accuracy 0.954213
epoch 350, training accuracy 0.954428
epoch 360, training accuracy 0.954213
epoch 370, training accuracy 0.954428
epoch 380, training accuracy 0.954858
epoch 390, training accuracy 0.955718
epoch 400, training accuracy 0.957008
epoch 410, training accuracy 0.957653
epoch 420, training accuracy 0.958297
epoch 430, training accuracy 0.958297
epoch 440, training accuracy 0.958297
epoch 450, training accuracy 0.958942
epoch 460, training accuracy 0.959372
epoch 470, training accuracy 0.959802
epoch 480, training accuracy 0.960662
epoch 490, training accuracy 0.961307
epoch 500, training accuracy 0.962597
epoch 510, training accuracy 0.963027
epoch 520, training accuracy 0.963672
epoch 530, training accuracy 0.964316
epoch 540, training accuracy 0.964531
epoch 550, training accuracy 0.964746
epoch 560, training accuracy 0.964961
epoch 570, training accuracy 0.965176
epoch 580, training accuracy 0.965391
epoch 590, training accuracy 0.965821
epoch 600, training accuracy 0.966251
epoch 610, training accuracy 0.966251
epoch 620, training accuracy 0.966896
epoch 630, training accuracy 0.967111
epoch 640, training accuracy 0.967326
epoch 650, training accuracy 0.967326
epoch 660, training accuracy 0.967756
epoch 670, training accuracy 0.967756
epoch 680, training accuracy 0.968401
epoch 690, training accuracy 0.968616
epoch 700, training accuracy 0.969046
epoch 710, training accuracy 0.969261
epoch 720, training accuracy 0.969476
epoch 730, training accuracy 0.969476
epoch 740, training accuracy 0.969476
epoch 750, training accuracy 0.970120
epoch 760, training accuracy 0.970120
epoch 770, training accuracy 0.970335
epoch 780, training accuracy 0.970550
epoch 790, training accuracy 0.970980
epoch 800, training accuracy 0.971625
epoch 810, training accuracy 0.971625
epoch 820, training accuracy 0.971625
epoch 830, training accuracy 0.972055
epoch 840, training accuracy 0.972700
epoch 850, training accuracy 0.972700
epoch 860, training accuracy 0.972915
epoch 870, training accuracy 0.973130
epoch 880, training accuracy 0.973345
epoch 890, training accuracy 0.973560
epoch 900, training accuracy 0.973775
epoch 910, training accuracy 0.973775
epoch 920, training accuracy 0.973775
epoch 930, training accuracy 0.973990
epoch 940, training accuracy 0.973990
epoch 950, training accuracy 0.973990
epoch 960, training accuracy 0.973990
epoch 970, training accuracy 0.974205
epoch 980, training accuracy 0.974205
epoch 990, training accuracy 0.974850
epoch 1000, training accuracy 0.975494
epoch 1010, training accuracy 0.975709
epoch 1020, training accuracy 0.975709
epoch 1030, training accuracy 0.975709
epoch 1040, training accuracy 0.975709
epoch 1050, training accuracy 0.975924
epoch 1060, training accuracy 0.975924
epoch 1070, training accuracy 0.975924
epoch 1080, training accuracy 0.975924
epoch 1090, training accuracy 0.976354
epoch 1100, training accuracy 0.976569
epoch 1110, training accuracy 0.976784
epoch 1120, training accuracy 0.976999
epoch 1130, training accuracy 0.977214
epoch 1140, training accuracy 0.977214
epoch 1150, training accuracy 0.977429
epoch 1160, training accuracy 0.977429
epoch 1170, training accuracy 0.977644
epoch 1180, training accuracy 0.977429
epoch 1190, training accuracy 0.977214
epoch 1200, training accuracy 0.977214
epoch 1210, training accuracy 0.977429
epoch 1220, training accuracy 0.977429
epoch 1230, training accuracy 0.977429
epoch 1240, training accuracy 0.977429
epoch 1250, training accuracy 0.977859
epoch 1260, training accuracy 0.978289
epoch 1270, training accuracy 0.978504
epoch 1280, training accuracy 0.978504
epoch 1290, training accuracy 0.978504
epoch 1300, training accuracy 0.978504
epoch 1310, training accuracy 0.978504
epoch 1320, training accuracy 0.978504
epoch 1330, training accuracy 0.978719
epoch 1340, training accuracy 0.978719
epoch 1350, training accuracy 0.978719
epoch 1360, training accuracy 0.978934
epoch 1370, training accuracy 0.978934
epoch 1380, training accuracy 0.978934
epoch 1390, training accuracy 0.978934
epoch 1400, training accuracy 0.979149
epoch 1410, training accuracy 0.979149
epoch 1420, training accuracy 0.979149
epoch 1430, training accuracy 0.979364
epoch 1440, training accuracy 0.979364
epoch 1450, training accuracy 0.979364
epoch 1460, training accuracy 0.979364
epoch 1470, training accuracy 0.979579
epoch 1480, training accuracy 0.979794
epoch 1490, training accuracy 0.979794
epoch 1500, training accuracy 0.979794
epoch 1510, training accuracy 0.980009
epoch 1520, training accuracy 0.980009
epoch 1530, training accuracy 0.980009
epoch 1540, training accuracy 0.980009
epoch 1550, training accuracy 0.980009
epoch 1560, training accuracy 0.980224
epoch 1570, training accuracy 0.980224
epoch 1580, training accuracy 0.980224
epoch 1590, training accuracy 0.980009
epoch 1600, training accuracy 0.980009
epoch 1610, training accuracy 0.980224
epoch 1620, training accuracy 0.980439
epoch 1630, training accuracy 0.980653
epoch 1640, training accuracy 0.980653
epoch 1650, training accuracy 0.980868
epoch 1660, training accuracy 0.980868
epoch 1670, training accuracy 0.980868
epoch 1680, training accuracy 0.980868
epoch 1690, training accuracy 0.981083
epoch 1700, training accuracy 0.981513
epoch 1710, training accuracy 0.981513
epoch 1720, training accuracy 0.981513
epoch 1730, training accuracy 0.982158
epoch 1740, training accuracy 0.982373
epoch 1750, training accuracy 0.982373
epoch 1760, training accuracy 0.982373
epoch 1770, training accuracy 0.982373
epoch 1780, training accuracy 0.982373
epoch 1790, training accuracy 0.982373
epoch 1800, training accuracy 0.982373
epoch 1810, training accuracy 0.982373
epoch 1820, training accuracy 0.982803
epoch 1830, training accuracy 0.982803
epoch 1840, training accuracy 0.982803
epoch 1850, training accuracy 0.982803
epoch 1860, training accuracy 0.982803
epoch 1870, training accuracy 0.982803
epoch 1880, training accuracy 0.982803
epoch 1890, training accuracy 0.982803
epoch 1900, training accuracy 0.982803
epoch 1910, training accuracy 0.982803
epoch 1920, training accuracy 0.983018
epoch 1930, training accuracy 0.983018
epoch 1940, training accuracy 0.983018
epoch 1950, training accuracy 0.983018
epoch 1960, training accuracy 0.983018
epoch 1970, training accuracy 0.983018
epoch 1980, training accuracy 0.983018
epoch 1990, training accuracy 0.983018
epoch 2000, training accuracy 0.983018
epoch 2010, training accuracy 0.983018
epoch 2020, training accuracy 0.983018
epoch 2030, training accuracy 0.983018
epoch 2040, training accuracy 0.983233
epoch 2050, training accuracy 0.983018
epoch 2060, training accuracy 0.983018
epoch 2070, training accuracy 0.983018
epoch 2080, training accuracy 0.983018
epoch 2090, training accuracy 0.983018
epoch 2100, training accuracy 0.983018
epoch 2110, training accuracy 0.983018
epoch 2120, training accuracy 0.983018
epoch 2130, training accuracy 0.983233
epoch 2140, training accuracy 0.983233
epoch 2150, training accuracy 0.983233
epoch 2160, training accuracy 0.983233
epoch 2170, training accuracy 0.983663
epoch 2180, training accuracy 0.983663
epoch 2190, training accuracy 0.983663
epoch 2200, training accuracy 0.983663
epoch 2210, training accuracy 0.983663
epoch 2220, training accuracy 0.983663
epoch 2230, training accuracy 0.983663
epoch 2240, training accuracy 0.983663
epoch 2250, training accuracy 0.983663
epoch 2260, training accuracy 0.983663
epoch 2270, training accuracy 0.983663
epoch 2280, training accuracy 0.983663
epoch 2290, training accuracy 0.983663
epoch 2300, training accuracy 0.983663
epoch 2310, training accuracy 0.983663
epoch 2320, training accuracy 0.983663
epoch 2330, training accuracy 0.983663
epoch 2340, training accuracy 0.983878
epoch 2350, training accuracy 0.984093
epoch 2360, training accuracy 0.984093
epoch 2370, training accuracy 0.984093
epoch 2380, training accuracy 0.984093
epoch 2390, training accuracy 0.984308
epoch 2400, training accuracy 0.984308
epoch 2410, training accuracy 0.984308
epoch 2420, training accuracy 0.984308
epoch 2430, training accuracy 0.984308
epoch 2440, training accuracy 0.984308
epoch 2450, training accuracy 0.984308
epoch 2460, training accuracy 0.984308
epoch 2470, training accuracy 0.984308
epoch 2480, training accuracy 0.984308
epoch 2490, training accuracy 0.984308
epoch 2500, training accuracy 0.984523
epoch 2510, training accuracy 0.984523
epoch 2520, training accuracy 0.984523
epoch 2530, training accuracy 0.984738
epoch 2540, training accuracy 0.984738
epoch 2550, training accuracy 0.984738
epoch 2560, training accuracy 0.985168
epoch 2570, training accuracy 0.985383
epoch 2580, training accuracy 0.985383
epoch 2590, training accuracy 0.985383
epoch 2600, training accuracy 0.985383
epoch 2610, training accuracy 0.985383
epoch 2620, training accuracy 0.985383
epoch 2630, training accuracy 0.985383
epoch 2640, training accuracy 0.985383
epoch 2650, training accuracy 0.985598
epoch 2660, training accuracy 0.985598
epoch 2670, training accuracy 0.985813
epoch 2680, training accuracy 0.985813
epoch 2690, training accuracy 0.985813
epoch 2700, training accuracy 0.985813
epoch 2710, training accuracy 0.985813
epoch 2720, training accuracy 0.985813
epoch 2730, training accuracy 0.985813
epoch 2740, training accuracy 0.985813
epoch 2750, training accuracy 0.985813
epoch 2760, training accuracy 0.985598
epoch 2770, training accuracy 0.985813
epoch 2780, training accuracy 0.985813
epoch 2790, training accuracy 0.985813
epoch 2800, training accuracy 0.985813
epoch 2810, training accuracy 0.985813
epoch 2820, training accuracy 0.985813
epoch 2830, training accuracy 0.985813
epoch 2840, training accuracy 0.985813
epoch 2850, training accuracy 0.985813
epoch 2860, training accuracy 0.985813
epoch 2870, training accuracy 0.986028
epoch 2880, training accuracy 0.986028
epoch 2890, training accuracy 0.985813
epoch 2900, training accuracy 0.985813
epoch 2910, training accuracy 0.985813
epoch 2920, training accuracy 0.985813
epoch 2930, training accuracy 0.985813
epoch 2940, training accuracy 0.986028
epoch 2950, training accuracy 0.986028
epoch 2960, training accuracy 0.986028
epoch 2970, training accuracy 0.986028
epoch 2980, training accuracy 0.986028
epoch 2990, training accuracy 0.986028
epoch 3000, training accuracy 0.986028
/tmp/weather_whether_validate.py loaded, containing 1196 entries, class distribution: [598 598]
correct: [572, 559]
incorrect: [7, 6]
accuracy: [0.9879101899827288, 0.9893805309734514]
unclassified: [19, 33]
total accuracy: [0.9565217391304348, 0.9347826086956522]
Mon Oct 23 02:41:42 CEST 2017 finished, res_training/eng/weather_whether
