Sun Oct 22 23:23:44 CEST 2017 create_training_files
/tmp/Mark_Markt
11711 lines
1845 Mark
9870 Markt
/tmp/Mark_Markt_training
9369 lines
1498 Mark
7875 Markt
/tmp/Mark_Markt_validate
2342 lines
347 Mark
1995 Markt
generate /tmp/Mark_Markt_training.py, /tmp/Mark_Markt_validate.py
:compileJava UP-TO-DATE
:processResources UP-TO-DATE
:classes UP-TO-DATE
:createNGramDatabase
Reading /tmp/Mark_Markt_training
Tokenizing
undersampling to 1526
/tmp/Mark_Markt_training.pycreated
Reading /tmp/Mark_Markt_validate
Tokenizing
undersampling to 347
/tmp/Mark_Markt_validate.pycreated

BUILD SUCCESSFUL

Total time: 5.662 secs

This build could be faster, please consider using the Gradle Daemon: https://docs.gradle.org/2.10/userguide/gradle_daemon.html
Sun Oct 22 23:23:59 CEST 2017 create_classifier
{'num_inputs': 4, 'dictionary_path': 'res_training/deu/embedding/dictionary.txt', 'self': <__main__.NeuralNetwork object at 0x2b54116faa58>, 'embedding_path': 'res_training/deu/embedding/final_embeddings.txt', 'batch_size': 1000, 'num_outputs': 2, 'training_data_file': '/tmp/Mark_Markt_training.py', 'use_flex_hidden_layer': False, 'epochs': 3000}
embedding shape (52520, 64)
/tmp/Mark_Markt_training.py loaded, containing 3052 entries, class distribution: [1526 1526]
Steps: 9000, 3 steps in 3000 epochs
epoch 0, training accuracy 0.535059
epoch 10, training accuracy 0.597641
epoch 20, training accuracy 0.634338
epoch 30, training accuracy 0.675950
epoch 40, training accuracy 0.701180
epoch 50, training accuracy 0.726081
epoch 60, training accuracy 0.744102
epoch 70, training accuracy 0.761140
epoch 80, training accuracy 0.780144
epoch 90, training accuracy 0.794561
epoch 100, training accuracy 0.807667
epoch 110, training accuracy 0.816841
epoch 120, training accuracy 0.825688
epoch 130, training accuracy 0.835518
epoch 140, training accuracy 0.842726
epoch 150, training accuracy 0.848952
epoch 160, training accuracy 0.858126
epoch 170, training accuracy 0.862713
epoch 180, training accuracy 0.865007
epoch 190, training accuracy 0.871232
epoch 200, training accuracy 0.873853
epoch 210, training accuracy 0.876474
epoch 220, training accuracy 0.881389
epoch 230, training accuracy 0.884993
epoch 240, training accuracy 0.886959
epoch 250, training accuracy 0.889581
epoch 260, training accuracy 0.892202
epoch 270, training accuracy 0.895151
epoch 280, training accuracy 0.897117
epoch 290, training accuracy 0.900066
epoch 300, training accuracy 0.902031
epoch 310, training accuracy 0.903342
epoch 320, training accuracy 0.903670
epoch 330, training accuracy 0.905963
epoch 340, training accuracy 0.908912
epoch 350, training accuracy 0.909567
epoch 360, training accuracy 0.911206
epoch 370, training accuracy 0.912844
epoch 380, training accuracy 0.916448
epoch 390, training accuracy 0.918742
epoch 400, training accuracy 0.920052
epoch 410, training accuracy 0.920708
epoch 420, training accuracy 0.922018
epoch 430, training accuracy 0.923001
epoch 440, training accuracy 0.924967
epoch 450, training accuracy 0.925950
epoch 460, training accuracy 0.926933
epoch 470, training accuracy 0.927588
epoch 480, training accuracy 0.928571
epoch 490, training accuracy 0.929227
epoch 500, training accuracy 0.929554
epoch 510, training accuracy 0.931193
epoch 520, training accuracy 0.931193
epoch 530, training accuracy 0.932831
epoch 540, training accuracy 0.933486
epoch 550, training accuracy 0.933486
epoch 560, training accuracy 0.934142
epoch 570, training accuracy 0.934797
epoch 580, training accuracy 0.936763
epoch 590, training accuracy 0.937746
epoch 600, training accuracy 0.939056
epoch 610, training accuracy 0.939712
epoch 620, training accuracy 0.941022
epoch 630, training accuracy 0.941678
epoch 640, training accuracy 0.942661
epoch 650, training accuracy 0.942988
epoch 660, training accuracy 0.943644
epoch 670, training accuracy 0.943316
epoch 680, training accuracy 0.943644
epoch 690, training accuracy 0.944626
epoch 700, training accuracy 0.945282
epoch 710, training accuracy 0.945609
epoch 720, training accuracy 0.945282
epoch 730, training accuracy 0.945937
epoch 740, training accuracy 0.945609
epoch 750, training accuracy 0.946265
epoch 760, training accuracy 0.946920
epoch 770, training accuracy 0.946920
epoch 780, training accuracy 0.946920
epoch 790, training accuracy 0.947248
epoch 800, training accuracy 0.947248
epoch 810, training accuracy 0.948231
epoch 820, training accuracy 0.948231
epoch 830, training accuracy 0.948231
epoch 840, training accuracy 0.948558
epoch 850, training accuracy 0.948886
epoch 860, training accuracy 0.949214
epoch 870, training accuracy 0.949214
epoch 880, training accuracy 0.949541
epoch 890, training accuracy 0.950197
epoch 900, training accuracy 0.950197
epoch 910, training accuracy 0.950852
epoch 920, training accuracy 0.951507
epoch 930, training accuracy 0.951507
epoch 940, training accuracy 0.951507
epoch 950, training accuracy 0.952163
epoch 960, training accuracy 0.952818
epoch 970, training accuracy 0.952490
epoch 980, training accuracy 0.952490
epoch 990, training accuracy 0.952490
epoch 1000, training accuracy 0.952163
epoch 1010, training accuracy 0.952490
epoch 1020, training accuracy 0.952818
epoch 1030, training accuracy 0.952818
epoch 1040, training accuracy 0.953146
epoch 1050, training accuracy 0.953146
epoch 1060, training accuracy 0.953473
epoch 1070, training accuracy 0.953473
epoch 1080, training accuracy 0.953473
epoch 1090, training accuracy 0.953801
epoch 1100, training accuracy 0.954128
epoch 1110, training accuracy 0.953473
epoch 1120, training accuracy 0.953473
epoch 1130, training accuracy 0.953801
epoch 1140, training accuracy 0.953801
epoch 1150, training accuracy 0.953801
epoch 1160, training accuracy 0.953801
epoch 1170, training accuracy 0.953801
epoch 1180, training accuracy 0.954128
epoch 1190, training accuracy 0.954128
epoch 1200, training accuracy 0.954128
epoch 1210, training accuracy 0.954456
epoch 1220, training accuracy 0.954456
epoch 1230, training accuracy 0.955111
epoch 1240, training accuracy 0.955111
epoch 1250, training accuracy 0.955111
epoch 1260, training accuracy 0.955439
epoch 1270, training accuracy 0.955439
epoch 1280, training accuracy 0.956094
epoch 1290, training accuracy 0.956422
epoch 1300, training accuracy 0.956750
epoch 1310, training accuracy 0.956750
epoch 1320, training accuracy 0.957077
epoch 1330, training accuracy 0.957405
epoch 1340, training accuracy 0.957405
epoch 1350, training accuracy 0.957405
epoch 1360, training accuracy 0.957405
epoch 1370, training accuracy 0.957405
epoch 1380, training accuracy 0.957405
epoch 1390, training accuracy 0.957405
epoch 1400, training accuracy 0.957733
epoch 1410, training accuracy 0.957733
epoch 1420, training accuracy 0.958060
epoch 1430, training accuracy 0.958388
epoch 1440, training accuracy 0.958388
epoch 1450, training accuracy 0.958388
epoch 1460, training accuracy 0.958388
epoch 1470, training accuracy 0.958060
epoch 1480, training accuracy 0.958060
epoch 1490, training accuracy 0.958388
epoch 1500, training accuracy 0.958716
epoch 1510, training accuracy 0.958716
epoch 1520, training accuracy 0.959043
epoch 1530, training accuracy 0.959043
epoch 1540, training accuracy 0.959371
epoch 1550, training accuracy 0.959371
epoch 1560, training accuracy 0.959371
epoch 1570, training accuracy 0.959371
epoch 1580, training accuracy 0.959371
epoch 1590, training accuracy 0.959699
epoch 1600, training accuracy 0.959699
epoch 1610, training accuracy 0.960026
epoch 1620, training accuracy 0.960026
epoch 1630, training accuracy 0.960026
epoch 1640, training accuracy 0.960026
epoch 1650, training accuracy 0.960026
epoch 1660, training accuracy 0.960026
epoch 1670, training accuracy 0.960026
epoch 1680, training accuracy 0.960026
epoch 1690, training accuracy 0.960026
epoch 1700, training accuracy 0.960354
epoch 1710, training accuracy 0.961009
epoch 1720, training accuracy 0.961009
epoch 1730, training accuracy 0.961009
epoch 1740, training accuracy 0.961009
epoch 1750, training accuracy 0.961337
epoch 1760, training accuracy 0.961664
epoch 1770, training accuracy 0.961664
epoch 1780, training accuracy 0.961664
epoch 1790, training accuracy 0.961992
epoch 1800, training accuracy 0.961992
epoch 1810, training accuracy 0.962320
epoch 1820, training accuracy 0.962320
epoch 1830, training accuracy 0.962647
epoch 1840, training accuracy 0.962647
epoch 1850, training accuracy 0.962647
epoch 1860, training accuracy 0.962647
epoch 1870, training accuracy 0.963303
epoch 1880, training accuracy 0.963303
epoch 1890, training accuracy 0.963303
epoch 1900, training accuracy 0.963303
epoch 1910, training accuracy 0.963630
epoch 1920, training accuracy 0.963958
epoch 1930, training accuracy 0.963630
epoch 1940, training accuracy 0.963958
epoch 1950, training accuracy 0.963958
epoch 1960, training accuracy 0.964613
epoch 1970, training accuracy 0.964613
epoch 1980, training accuracy 0.964613
epoch 1990, training accuracy 0.964613
epoch 2000, training accuracy 0.964613
epoch 2010, training accuracy 0.964941
epoch 2020, training accuracy 0.964941
epoch 2030, training accuracy 0.964941
epoch 2040, training accuracy 0.964941
epoch 2050, training accuracy 0.964941
epoch 2060, training accuracy 0.964941
epoch 2070, training accuracy 0.964941
epoch 2080, training accuracy 0.964941
epoch 2090, training accuracy 0.964613
epoch 2100, training accuracy 0.964286
epoch 2110, training accuracy 0.964286
epoch 2120, training accuracy 0.964286
epoch 2130, training accuracy 0.964286
epoch 2140, training accuracy 0.964286
epoch 2150, training accuracy 0.964286
epoch 2160, training accuracy 0.964286
epoch 2170, training accuracy 0.964286
epoch 2180, training accuracy 0.964286
epoch 2190, training accuracy 0.964286
epoch 2200, training accuracy 0.964286
epoch 2210, training accuracy 0.964286
epoch 2220, training accuracy 0.964286
epoch 2230, training accuracy 0.964286
epoch 2240, training accuracy 0.964286
epoch 2250, training accuracy 0.964286
epoch 2260, training accuracy 0.964613
epoch 2270, training accuracy 0.964613
epoch 2280, training accuracy 0.964613
epoch 2290, training accuracy 0.964941
epoch 2300, training accuracy 0.964941
epoch 2310, training accuracy 0.964941
epoch 2320, training accuracy 0.964941
epoch 2330, training accuracy 0.964941
epoch 2340, training accuracy 0.964941
epoch 2350, training accuracy 0.964941
epoch 2360, training accuracy 0.964941
epoch 2370, training accuracy 0.964941
epoch 2380, training accuracy 0.965269
epoch 2390, training accuracy 0.965596
epoch 2400, training accuracy 0.965924
epoch 2410, training accuracy 0.966252
epoch 2420, training accuracy 0.966252
epoch 2430, training accuracy 0.966252
epoch 2440, training accuracy 0.966252
epoch 2450, training accuracy 0.966579
epoch 2460, training accuracy 0.966579
epoch 2470, training accuracy 0.966907
epoch 2480, training accuracy 0.966907
epoch 2490, training accuracy 0.966907
epoch 2500, training accuracy 0.966907
epoch 2510, training accuracy 0.966907
epoch 2520, training accuracy 0.966907
epoch 2530, training accuracy 0.966907
epoch 2540, training accuracy 0.966907
epoch 2550, training accuracy 0.966907
epoch 2560, training accuracy 0.966907
epoch 2570, training accuracy 0.966907
epoch 2580, training accuracy 0.966907
epoch 2590, training accuracy 0.966907
epoch 2600, training accuracy 0.966907
epoch 2610, training accuracy 0.966907
epoch 2620, training accuracy 0.966907
epoch 2630, training accuracy 0.966907
epoch 2640, training accuracy 0.966907
epoch 2650, training accuracy 0.967562
epoch 2660, training accuracy 0.967562
epoch 2670, training accuracy 0.967562
epoch 2680, training accuracy 0.967562
epoch 2690, training accuracy 0.968218
epoch 2700, training accuracy 0.968218
epoch 2710, training accuracy 0.968218
epoch 2720, training accuracy 0.968218
epoch 2730, training accuracy 0.968218
epoch 2740, training accuracy 0.968218
epoch 2750, training accuracy 0.968545
epoch 2760, training accuracy 0.968545
epoch 2770, training accuracy 0.968545
epoch 2780, training accuracy 0.968545
epoch 2790, training accuracy 0.968545
epoch 2800, training accuracy 0.968545
epoch 2810, training accuracy 0.968545
epoch 2820, training accuracy 0.968873
epoch 2830, training accuracy 0.968873
epoch 2840, training accuracy 0.968873
epoch 2850, training accuracy 0.968873
epoch 2860, training accuracy 0.968873
epoch 2870, training accuracy 0.968873
epoch 2880, training accuracy 0.968545
epoch 2890, training accuracy 0.968545
epoch 2900, training accuracy 0.968545
epoch 2910, training accuracy 0.968545
epoch 2920, training accuracy 0.968545
epoch 2930, training accuracy 0.968873
epoch 2940, training accuracy 0.968873
epoch 2950, training accuracy 0.968873
epoch 2960, training accuracy 0.968873
epoch 2970, training accuracy 0.968873
epoch 2980, training accuracy 0.968873
epoch 2990, training accuracy 0.968873
epoch 3000, training accuracy 0.968873
/tmp/Mark_Markt_validate.py loaded, containing 694 entries, class distribution: [347 347]
correct: [321, 310]
incorrect: [7, 5]
accuracy: [0.9786585365853658, 0.9841269841269841]
unclassified: [19, 32]
total accuracy: [0.9250720461095101, 0.8933717579250721]
Sun Oct 22 23:24:38 CEST 2017 finished, res_training/deu/Mark_Markt
