Mon Oct 23 02:16:26 CEST 2017 create_training_files
/tmp/things_thinks
11154 lines
9672 things
1506 thinks
/tmp/things_thinks_training
8924 lines
7745 things
1199 thinks
/tmp/things_thinks_validate
2230 lines
1927 things
307 thinks
generate /tmp/things_thinks_training.py, /tmp/things_thinks_validate.py
:compileJava UP-TO-DATE
:processResources UP-TO-DATE
:classes UP-TO-DATE
:createNGramDatabase
Reading /tmp/things_thinks_training
Tokenizing
undersampling to 1204
/tmp/things_thinks_training.pycreated
Reading /tmp/things_thinks_validate
Tokenizing
undersampling to 311
/tmp/things_thinks_validate.pycreated

BUILD SUCCESSFUL

Total time: 5.832 secs

This build could be faster, please consider using the Gradle Daemon: https://docs.gradle.org/2.10/userguide/gradle_daemon.html
Mon Oct 23 02:16:37 CEST 2017 create_classifier
{'num_outputs': 2, 'training_data_file': '/tmp/things_thinks_training.py', 'batch_size': 1000, 'embedding_path': 'res_training/eng/embedding/final_embeddings.txt', 'epochs': 3000, 'num_inputs': 4, 'use_flex_hidden_layer': False, 'dictionary_path': 'res_training/eng/embedding/dictionary.txt', 'self': <__main__.NeuralNetwork object at 0x2af994467a58>}
embedding shape (42122, 64)
/tmp/things_thinks_training.py loaded, containing 2408 entries, class distribution: [1204 1204]
Steps: 6000, 2 steps in 3000 epochs
epoch 0, training accuracy 0.487542
epoch 10, training accuracy 0.500000
epoch 20, training accuracy 0.516196
epoch 30, training accuracy 0.542774
epoch 40, training accuracy 0.565615
epoch 50, training accuracy 0.594269
epoch 60, training accuracy 0.616694
epoch 70, training accuracy 0.639535
epoch 80, training accuracy 0.659053
epoch 90, training accuracy 0.679817
epoch 100, training accuracy 0.696844
epoch 110, training accuracy 0.716777
epoch 120, training accuracy 0.731312
epoch 130, training accuracy 0.750000
epoch 140, training accuracy 0.767027
epoch 150, training accuracy 0.779900
epoch 160, training accuracy 0.794850
epoch 170, training accuracy 0.806478
epoch 180, training accuracy 0.813953
epoch 190, training accuracy 0.822259
epoch 200, training accuracy 0.834302
epoch 210, training accuracy 0.840947
epoch 220, training accuracy 0.844269
epoch 230, training accuracy 0.850083
epoch 240, training accuracy 0.853405
epoch 250, training accuracy 0.858804
epoch 260, training accuracy 0.861711
epoch 270, training accuracy 0.866279
epoch 280, training accuracy 0.869186
epoch 290, training accuracy 0.872093
epoch 300, training accuracy 0.875415
epoch 310, training accuracy 0.877907
epoch 320, training accuracy 0.879983
epoch 330, training accuracy 0.883306
epoch 340, training accuracy 0.887043
epoch 350, training accuracy 0.890365
epoch 360, training accuracy 0.894103
epoch 370, training accuracy 0.895764
epoch 380, training accuracy 0.899917
epoch 390, training accuracy 0.901993
epoch 400, training accuracy 0.903654
epoch 410, training accuracy 0.905731
epoch 420, training accuracy 0.906561
epoch 430, training accuracy 0.910299
epoch 440, training accuracy 0.911130
epoch 450, training accuracy 0.913206
epoch 460, training accuracy 0.914037
epoch 470, training accuracy 0.917359
epoch 480, training accuracy 0.919850
epoch 490, training accuracy 0.920681
epoch 500, training accuracy 0.922342
epoch 510, training accuracy 0.924419
epoch 520, training accuracy 0.924834
epoch 530, training accuracy 0.926080
epoch 540, training accuracy 0.927326
epoch 550, training accuracy 0.927326
epoch 560, training accuracy 0.928571
epoch 570, training accuracy 0.929817
epoch 580, training accuracy 0.930233
epoch 590, training accuracy 0.930233
epoch 600, training accuracy 0.931063
epoch 610, training accuracy 0.931478
epoch 620, training accuracy 0.932724
epoch 630, training accuracy 0.933555
epoch 640, training accuracy 0.934385
epoch 650, training accuracy 0.935631
epoch 660, training accuracy 0.937708
epoch 670, training accuracy 0.938123
epoch 680, training accuracy 0.939784
epoch 690, training accuracy 0.941030
epoch 700, training accuracy 0.942276
epoch 710, training accuracy 0.943106
epoch 720, training accuracy 0.943937
epoch 730, training accuracy 0.943522
epoch 740, training accuracy 0.944767
epoch 750, training accuracy 0.944352
epoch 760, training accuracy 0.944352
epoch 770, training accuracy 0.945183
epoch 780, training accuracy 0.945598
epoch 790, training accuracy 0.946844
epoch 800, training accuracy 0.946429
epoch 810, training accuracy 0.947674
epoch 820, training accuracy 0.948090
epoch 830, training accuracy 0.949336
epoch 840, training accuracy 0.949336
epoch 850, training accuracy 0.949751
epoch 860, training accuracy 0.949751
epoch 870, training accuracy 0.949336
epoch 880, training accuracy 0.950581
epoch 890, training accuracy 0.950581
epoch 900, training accuracy 0.950581
epoch 910, training accuracy 0.950581
epoch 920, training accuracy 0.951412
epoch 930, training accuracy 0.952243
epoch 940, training accuracy 0.952658
epoch 950, training accuracy 0.953073
epoch 960, training accuracy 0.953488
epoch 970, training accuracy 0.954319
epoch 980, training accuracy 0.954319
epoch 990, training accuracy 0.955150
epoch 1000, training accuracy 0.955565
epoch 1010, training accuracy 0.955565
epoch 1020, training accuracy 0.955980
epoch 1030, training accuracy 0.957226
epoch 1040, training accuracy 0.957641
epoch 1050, training accuracy 0.958472
epoch 1060, training accuracy 0.958472
epoch 1070, training accuracy 0.958472
epoch 1080, training accuracy 0.958887
epoch 1090, training accuracy 0.959718
epoch 1100, training accuracy 0.960133
epoch 1110, training accuracy 0.960133
epoch 1120, training accuracy 0.960133
epoch 1130, training accuracy 0.960548
epoch 1140, training accuracy 0.960548
epoch 1150, training accuracy 0.960548
epoch 1160, training accuracy 0.960963
epoch 1170, training accuracy 0.960963
epoch 1180, training accuracy 0.960963
epoch 1190, training accuracy 0.961794
epoch 1200, training accuracy 0.961794
epoch 1210, training accuracy 0.961794
epoch 1220, training accuracy 0.961794
epoch 1230, training accuracy 0.961794
epoch 1240, training accuracy 0.961794
epoch 1250, training accuracy 0.961794
epoch 1260, training accuracy 0.961794
epoch 1270, training accuracy 0.962209
epoch 1280, training accuracy 0.962209
epoch 1290, training accuracy 0.962625
epoch 1300, training accuracy 0.963455
epoch 1310, training accuracy 0.963870
epoch 1320, training accuracy 0.963870
epoch 1330, training accuracy 0.963870
epoch 1340, training accuracy 0.964701
epoch 1350, training accuracy 0.965116
epoch 1360, training accuracy 0.965947
epoch 1370, training accuracy 0.966362
epoch 1380, training accuracy 0.966362
epoch 1390, training accuracy 0.966777
epoch 1400, training accuracy 0.966777
epoch 1410, training accuracy 0.966777
epoch 1420, training accuracy 0.966777
epoch 1430, training accuracy 0.967608
epoch 1440, training accuracy 0.968439
epoch 1450, training accuracy 0.968439
epoch 1460, training accuracy 0.968439
epoch 1470, training accuracy 0.968854
epoch 1480, training accuracy 0.968854
epoch 1490, training accuracy 0.968854
epoch 1500, training accuracy 0.968854
epoch 1510, training accuracy 0.969269
epoch 1520, training accuracy 0.969684
epoch 1530, training accuracy 0.970100
epoch 1540, training accuracy 0.970100
epoch 1550, training accuracy 0.970100
epoch 1560, training accuracy 0.970100
epoch 1570, training accuracy 0.970100
epoch 1580, training accuracy 0.970100
epoch 1590, training accuracy 0.970930
epoch 1600, training accuracy 0.970930
epoch 1610, training accuracy 0.970930
epoch 1620, training accuracy 0.971346
epoch 1630, training accuracy 0.971761
epoch 1640, training accuracy 0.973422
epoch 1650, training accuracy 0.974252
epoch 1660, training accuracy 0.974252
epoch 1670, training accuracy 0.974252
epoch 1680, training accuracy 0.974252
epoch 1690, training accuracy 0.974252
epoch 1700, training accuracy 0.974668
epoch 1710, training accuracy 0.974668
epoch 1720, training accuracy 0.975083
epoch 1730, training accuracy 0.975498
epoch 1740, training accuracy 0.975498
epoch 1750, training accuracy 0.977159
epoch 1760, training accuracy 0.977159
epoch 1770, training accuracy 0.977159
epoch 1780, training accuracy 0.977159
epoch 1790, training accuracy 0.977159
epoch 1800, training accuracy 0.977159
epoch 1810, training accuracy 0.977159
epoch 1820, training accuracy 0.977159
epoch 1830, training accuracy 0.977159
epoch 1840, training accuracy 0.977159
epoch 1850, training accuracy 0.977159
epoch 1860, training accuracy 0.977159
epoch 1870, training accuracy 0.977159
epoch 1880, training accuracy 0.977575
epoch 1890, training accuracy 0.977575
epoch 1900, training accuracy 0.977159
epoch 1910, training accuracy 0.977159
epoch 1920, training accuracy 0.977159
epoch 1930, training accuracy 0.977159
epoch 1940, training accuracy 0.977159
epoch 1950, training accuracy 0.977159
epoch 1960, training accuracy 0.977159
epoch 1970, training accuracy 0.977159
epoch 1980, training accuracy 0.977575
epoch 1990, training accuracy 0.977575
epoch 2000, training accuracy 0.977575
epoch 2010, training accuracy 0.977575
epoch 2020, training accuracy 0.977575
epoch 2030, training accuracy 0.977575
epoch 2040, training accuracy 0.977990
epoch 2050, training accuracy 0.977990
epoch 2060, training accuracy 0.977990
epoch 2070, training accuracy 0.977990
epoch 2080, training accuracy 0.977990
epoch 2090, training accuracy 0.977990
epoch 2100, training accuracy 0.978405
epoch 2110, training accuracy 0.978405
epoch 2120, training accuracy 0.978821
epoch 2130, training accuracy 0.978821
epoch 2140, training accuracy 0.979651
epoch 2150, training accuracy 0.979651
epoch 2160, training accuracy 0.979651
epoch 2170, training accuracy 0.979651
epoch 2180, training accuracy 0.979651
epoch 2190, training accuracy 0.980066
epoch 2200, training accuracy 0.980066
epoch 2210, training accuracy 0.980066
epoch 2220, training accuracy 0.980066
epoch 2230, training accuracy 0.980066
epoch 2240, training accuracy 0.980482
epoch 2250, training accuracy 0.980482
epoch 2260, training accuracy 0.980482
epoch 2270, training accuracy 0.980482
epoch 2280, training accuracy 0.980482
epoch 2290, training accuracy 0.980482
epoch 2300, training accuracy 0.980482
epoch 2310, training accuracy 0.980482
epoch 2320, training accuracy 0.980482
epoch 2330, training accuracy 0.980482
epoch 2340, training accuracy 0.980482
epoch 2350, training accuracy 0.980482
epoch 2360, training accuracy 0.980482
epoch 2370, training accuracy 0.980482
epoch 2380, training accuracy 0.980482
epoch 2390, training accuracy 0.980482
epoch 2400, training accuracy 0.980482
epoch 2410, training accuracy 0.980482
epoch 2420, training accuracy 0.980482
epoch 2430, training accuracy 0.980482
epoch 2440, training accuracy 0.980482
epoch 2450, training accuracy 0.980482
epoch 2460, training accuracy 0.980482
epoch 2470, training accuracy 0.980482
epoch 2480, training accuracy 0.980482
epoch 2490, training accuracy 0.980482
epoch 2500, training accuracy 0.980897
epoch 2510, training accuracy 0.980897
epoch 2520, training accuracy 0.980897
epoch 2530, training accuracy 0.980897
epoch 2540, training accuracy 0.980897
epoch 2550, training accuracy 0.980897
epoch 2560, training accuracy 0.980897
epoch 2570, training accuracy 0.980897
epoch 2580, training accuracy 0.980897
epoch 2590, training accuracy 0.980897
epoch 2600, training accuracy 0.980897
epoch 2610, training accuracy 0.980897
epoch 2620, training accuracy 0.980897
epoch 2630, training accuracy 0.980897
epoch 2640, training accuracy 0.980897
epoch 2650, training accuracy 0.980897
epoch 2660, training accuracy 0.980897
epoch 2670, training accuracy 0.980897
epoch 2680, training accuracy 0.980897
epoch 2690, training accuracy 0.980897
epoch 2700, training accuracy 0.980897
epoch 2710, training accuracy 0.980897
epoch 2720, training accuracy 0.980897
epoch 2730, training accuracy 0.980897
epoch 2740, training accuracy 0.980897
epoch 2750, training accuracy 0.980897
epoch 2760, training accuracy 0.980897
epoch 2770, training accuracy 0.981312
epoch 2780, training accuracy 0.981312
epoch 2790, training accuracy 0.981728
epoch 2800, training accuracy 0.981728
epoch 2810, training accuracy 0.981728
epoch 2820, training accuracy 0.981728
epoch 2830, training accuracy 0.981728
epoch 2840, training accuracy 0.981728
epoch 2850, training accuracy 0.981728
epoch 2860, training accuracy 0.981728
epoch 2870, training accuracy 0.981728
epoch 2880, training accuracy 0.982143
epoch 2890, training accuracy 0.982143
epoch 2900, training accuracy 0.982143
epoch 2910, training accuracy 0.982143
epoch 2920, training accuracy 0.982143
epoch 2930, training accuracy 0.982143
epoch 2940, training accuracy 0.982143
epoch 2950, training accuracy 0.982143
epoch 2960, training accuracy 0.982143
epoch 2970, training accuracy 0.982143
epoch 2980, training accuracy 0.982143
epoch 2990, training accuracy 0.982558
epoch 3000, training accuracy 0.982558
/tmp/things_thinks_validate.py loaded, containing 622 entries, class distribution: [311 311]
correct: [274, 275]
incorrect: [0, 5]
accuracy: [1.0, 0.9821428571428571]
unclassified: [37, 31]
total accuracy: [0.8810289389067524, 0.8842443729903537]
Mon Oct 23 02:17:07 CEST 2017 finished, res_training/eng/things_thinks
