Mon Oct 23 04:20:47 CEST 2017 create_training_files
/tmp/done_did
23109 lines
6578 done
16637 did
/tmp/done_did_training
18488 lines
5293 done
13279 did
/tmp/done_did_validate
4621 lines
1285 done
3358 did
generate /tmp/done_did_training.py, /tmp/done_did_validate.py
:compileJava UP-TO-DATE
:processResources UP-TO-DATE
:classes UP-TO-DATE
:createNGramDatabase
Reading /tmp/done_did_training
Tokenizing
undersampling to 5419
/tmp/done_did_training.pycreated
Reading /tmp/done_did_validate
Tokenizing
undersampling to 1324
/tmp/done_did_validate.pycreated

BUILD SUCCESSFUL

Total time: 6.674 secs

This build could be faster, please consider using the Gradle Daemon: https://docs.gradle.org/2.10/userguide/gradle_daemon.html
Mon Oct 23 04:21:00 CEST 2017 create_classifier
{'epochs': 3000, 'self': <__main__.NeuralNetwork object at 0x2b9c47c82a58>, 'embedding_path': 'res_training/eng/embedding/final_embeddings.txt', 'num_outputs': 2, 'dictionary_path': 'res_training/eng/embedding/dictionary.txt', 'use_flex_hidden_layer': False, 'num_inputs': 4, 'batch_size': 1000, 'training_data_file': '/tmp/done_did_training.py'}
embedding shape (42122, 64)
/tmp/done_did_training.py loaded, containing 10838 entries, class distribution: [5419 5419]
Steps: 30000, 10 steps in 3000 epochs
epoch 0, training accuracy 0.580734
epoch 10, training accuracy 0.714154
epoch 20, training accuracy 0.783632
epoch 30, training accuracy 0.824783
epoch 40, training accuracy 0.854401
epoch 50, training accuracy 0.879221
epoch 60, training accuracy 0.895368
epoch 70, training accuracy 0.908655
epoch 80, training accuracy 0.918343
epoch 90, training accuracy 0.925632
epoch 100, training accuracy 0.931537
epoch 110, training accuracy 0.936796
epoch 120, training accuracy 0.940764
epoch 130, training accuracy 0.943809
epoch 140, training accuracy 0.946485
epoch 150, training accuracy 0.948514
epoch 160, training accuracy 0.950083
epoch 170, training accuracy 0.951467
epoch 180, training accuracy 0.953681
epoch 190, training accuracy 0.954881
epoch 200, training accuracy 0.955619
epoch 210, training accuracy 0.956634
epoch 220, training accuracy 0.957280
epoch 230, training accuracy 0.958479
epoch 240, training accuracy 0.959587
epoch 250, training accuracy 0.959863
epoch 260, training accuracy 0.960694
epoch 270, training accuracy 0.961617
epoch 280, training accuracy 0.961709
epoch 290, training accuracy 0.962355
epoch 300, training accuracy 0.962908
epoch 310, training accuracy 0.963185
epoch 320, training accuracy 0.963277
epoch 330, training accuracy 0.963739
epoch 340, training accuracy 0.964385
epoch 350, training accuracy 0.964754
epoch 360, training accuracy 0.965492
epoch 370, training accuracy 0.965676
epoch 380, training accuracy 0.966138
epoch 390, training accuracy 0.966414
epoch 400, training accuracy 0.966784
epoch 410, training accuracy 0.967153
epoch 420, training accuracy 0.967614
epoch 430, training accuracy 0.968260
epoch 440, training accuracy 0.968444
epoch 450, training accuracy 0.968537
epoch 460, training accuracy 0.969090
epoch 470, training accuracy 0.969459
epoch 480, training accuracy 0.969644
epoch 490, training accuracy 0.969828
epoch 500, training accuracy 0.970290
epoch 510, training accuracy 0.970567
epoch 520, training accuracy 0.970659
epoch 530, training accuracy 0.970659
epoch 540, training accuracy 0.971120
epoch 550, training accuracy 0.971120
epoch 560, training accuracy 0.971397
epoch 570, training accuracy 0.972043
epoch 580, training accuracy 0.972227
epoch 590, training accuracy 0.972412
epoch 600, training accuracy 0.972596
epoch 610, training accuracy 0.972596
epoch 620, training accuracy 0.972689
epoch 630, training accuracy 0.972781
epoch 640, training accuracy 0.972873
epoch 650, training accuracy 0.972873
epoch 660, training accuracy 0.973242
epoch 670, training accuracy 0.973704
epoch 680, training accuracy 0.973980
epoch 690, training accuracy 0.974073
epoch 700, training accuracy 0.974073
epoch 710, training accuracy 0.974442
epoch 720, training accuracy 0.974719
epoch 730, training accuracy 0.974811
epoch 740, training accuracy 0.974903
epoch 750, training accuracy 0.974995
epoch 760, training accuracy 0.975272
epoch 770, training accuracy 0.975364
epoch 780, training accuracy 0.975549
epoch 790, training accuracy 0.975734
epoch 800, training accuracy 0.975918
epoch 810, training accuracy 0.976379
epoch 820, training accuracy 0.976379
epoch 830, training accuracy 0.976656
epoch 840, training accuracy 0.976748
epoch 850, training accuracy 0.976933
epoch 860, training accuracy 0.977118
epoch 870, training accuracy 0.977302
epoch 880, training accuracy 0.977394
epoch 890, training accuracy 0.977487
epoch 900, training accuracy 0.977487
epoch 910, training accuracy 0.977487
epoch 920, training accuracy 0.977394
epoch 930, training accuracy 0.977487
epoch 940, training accuracy 0.977671
epoch 950, training accuracy 0.977671
epoch 960, training accuracy 0.977763
epoch 970, training accuracy 0.977671
epoch 980, training accuracy 0.977671
epoch 990, training accuracy 0.977671
epoch 1000, training accuracy 0.977671
epoch 1010, training accuracy 0.977671
epoch 1020, training accuracy 0.977671
epoch 1030, training accuracy 0.977671
epoch 1040, training accuracy 0.977856
epoch 1050, training accuracy 0.977948
epoch 1060, training accuracy 0.978040
epoch 1070, training accuracy 0.978040
epoch 1080, training accuracy 0.978225
epoch 1090, training accuracy 0.978409
epoch 1100, training accuracy 0.978409
epoch 1110, training accuracy 0.978502
epoch 1120, training accuracy 0.978502
epoch 1130, training accuracy 0.978594
epoch 1140, training accuracy 0.978594
epoch 1150, training accuracy 0.978594
epoch 1160, training accuracy 0.978686
epoch 1170, training accuracy 0.978686
epoch 1180, training accuracy 0.978686
epoch 1190, training accuracy 0.978594
epoch 1200, training accuracy 0.978594
epoch 1210, training accuracy 0.978594
epoch 1220, training accuracy 0.978686
epoch 1230, training accuracy 0.978594
epoch 1240, training accuracy 0.978686
epoch 1250, training accuracy 0.978963
epoch 1260, training accuracy 0.978963
epoch 1270, training accuracy 0.978871
epoch 1280, training accuracy 0.978778
epoch 1290, training accuracy 0.978871
epoch 1300, training accuracy 0.978963
epoch 1310, training accuracy 0.978963
epoch 1320, training accuracy 0.979147
epoch 1330, training accuracy 0.979147
epoch 1340, training accuracy 0.979332
epoch 1350, training accuracy 0.979609
epoch 1360, training accuracy 0.979701
epoch 1370, training accuracy 0.979701
epoch 1380, training accuracy 0.979793
epoch 1390, training accuracy 0.979793
epoch 1400, training accuracy 0.979886
epoch 1410, training accuracy 0.979886
epoch 1420, training accuracy 0.979978
epoch 1430, training accuracy 0.979978
epoch 1440, training accuracy 0.979978
epoch 1450, training accuracy 0.979978
epoch 1460, training accuracy 0.980070
epoch 1470, training accuracy 0.980255
epoch 1480, training accuracy 0.980901
epoch 1490, training accuracy 0.980901
epoch 1500, training accuracy 0.980808
epoch 1510, training accuracy 0.980808
epoch 1520, training accuracy 0.980901
epoch 1530, training accuracy 0.980901
epoch 1540, training accuracy 0.980901
epoch 1550, training accuracy 0.980993
epoch 1560, training accuracy 0.981085
epoch 1570, training accuracy 0.981177
epoch 1580, training accuracy 0.981270
epoch 1590, training accuracy 0.981177
epoch 1600, training accuracy 0.981177
epoch 1610, training accuracy 0.981177
epoch 1620, training accuracy 0.981177
epoch 1630, training accuracy 0.981270
epoch 1640, training accuracy 0.981270
epoch 1650, training accuracy 0.981454
epoch 1660, training accuracy 0.981454
epoch 1670, training accuracy 0.981546
epoch 1680, training accuracy 0.981546
epoch 1690, training accuracy 0.981454
epoch 1700, training accuracy 0.981546
epoch 1710, training accuracy 0.981639
epoch 1720, training accuracy 0.981639
epoch 1730, training accuracy 0.981639
epoch 1740, training accuracy 0.981639
epoch 1750, training accuracy 0.981731
epoch 1760, training accuracy 0.981731
epoch 1770, training accuracy 0.981731
epoch 1780, training accuracy 0.981731
epoch 1790, training accuracy 0.981731
epoch 1800, training accuracy 0.981915
epoch 1810, training accuracy 0.982008
epoch 1820, training accuracy 0.982008
epoch 1830, training accuracy 0.982100
epoch 1840, training accuracy 0.982100
epoch 1850, training accuracy 0.982100
epoch 1860, training accuracy 0.982100
epoch 1870, training accuracy 0.982100
epoch 1880, training accuracy 0.982100
epoch 1890, training accuracy 0.982008
epoch 1900, training accuracy 0.982008
epoch 1910, training accuracy 0.982008
epoch 1920, training accuracy 0.982100
epoch 1930, training accuracy 0.982008
epoch 1940, training accuracy 0.982100
epoch 1950, training accuracy 0.982192
epoch 1960, training accuracy 0.982192
epoch 1970, training accuracy 0.982192
epoch 1980, training accuracy 0.982192
epoch 1990, training accuracy 0.982285
epoch 2000, training accuracy 0.982285
epoch 2010, training accuracy 0.982285
epoch 2020, training accuracy 0.982285
epoch 2030, training accuracy 0.982285
epoch 2040, training accuracy 0.982285
epoch 2050, training accuracy 0.982285
epoch 2060, training accuracy 0.982285
epoch 2070, training accuracy 0.982285
epoch 2080, training accuracy 0.982192
epoch 2090, training accuracy 0.982285
epoch 2100, training accuracy 0.982285
epoch 2110, training accuracy 0.982377
epoch 2120, training accuracy 0.982285
epoch 2130, training accuracy 0.982285
epoch 2140, training accuracy 0.982285
epoch 2150, training accuracy 0.982285
epoch 2160, training accuracy 0.982285
epoch 2170, training accuracy 0.982377
epoch 2180, training accuracy 0.982377
epoch 2190, training accuracy 0.982377
epoch 2200, training accuracy 0.982377
epoch 2210, training accuracy 0.982377
epoch 2220, training accuracy 0.982377
epoch 2230, training accuracy 0.982377
epoch 2240, training accuracy 0.982377
epoch 2250, training accuracy 0.982377
epoch 2260, training accuracy 0.982377
epoch 2270, training accuracy 0.982377
epoch 2280, training accuracy 0.982377
epoch 2290, training accuracy 0.982377
epoch 2300, training accuracy 0.982377
epoch 2310, training accuracy 0.982377
epoch 2320, training accuracy 0.982469
epoch 2330, training accuracy 0.982561
epoch 2340, training accuracy 0.982561
epoch 2350, training accuracy 0.982469
epoch 2360, training accuracy 0.982469
epoch 2370, training accuracy 0.982469
epoch 2380, training accuracy 0.982469
epoch 2390, training accuracy 0.982469
epoch 2400, training accuracy 0.982469
epoch 2410, training accuracy 0.982561
epoch 2420, training accuracy 0.982561
epoch 2430, training accuracy 0.982561
epoch 2440, training accuracy 0.982561
epoch 2450, training accuracy 0.982561
epoch 2460, training accuracy 0.982561
epoch 2470, training accuracy 0.982561
epoch 2480, training accuracy 0.982561
epoch 2490, training accuracy 0.982561
epoch 2500, training accuracy 0.982469
epoch 2510, training accuracy 0.982469
epoch 2520, training accuracy 0.982469
epoch 2530, training accuracy 0.982469
epoch 2540, training accuracy 0.982469
epoch 2550, training accuracy 0.982469
epoch 2560, training accuracy 0.982469
epoch 2570, training accuracy 0.982469
epoch 2580, training accuracy 0.982469
epoch 2590, training accuracy 0.982469
epoch 2600, training accuracy 0.982561
epoch 2610, training accuracy 0.982561
epoch 2620, training accuracy 0.982654
epoch 2630, training accuracy 0.982654
epoch 2640, training accuracy 0.982654
epoch 2650, training accuracy 0.982654
epoch 2660, training accuracy 0.982654
epoch 2670, training accuracy 0.982654
epoch 2680, training accuracy 0.982654
epoch 2690, training accuracy 0.982654
epoch 2700, training accuracy 0.982654
epoch 2710, training accuracy 0.982561
epoch 2720, training accuracy 0.982561
epoch 2730, training accuracy 0.982561
epoch 2740, training accuracy 0.982561
epoch 2750, training accuracy 0.982561
epoch 2760, training accuracy 0.982561
epoch 2770, training accuracy 0.982561
epoch 2780, training accuracy 0.982561
epoch 2790, training accuracy 0.982561
epoch 2800, training accuracy 0.982561
epoch 2810, training accuracy 0.982561
epoch 2820, training accuracy 0.982561
epoch 2830, training accuracy 0.982654
epoch 2840, training accuracy 0.982654
epoch 2850, training accuracy 0.982654
epoch 2860, training accuracy 0.982654
epoch 2870, training accuracy 0.982654
epoch 2880, training accuracy 0.982654
epoch 2890, training accuracy 0.982654
epoch 2900, training accuracy 0.982746
epoch 2910, training accuracy 0.982838
epoch 2920, training accuracy 0.982838
epoch 2930, training accuracy 0.982838
epoch 2940, training accuracy 0.982838
epoch 2950, training accuracy 0.982838
epoch 2960, training accuracy 0.982930
epoch 2970, training accuracy 0.982930
epoch 2980, training accuracy 0.982930
epoch 2990, training accuracy 0.982930
epoch 3000, training accuracy 0.982930
/tmp/done_did_validate.py loaded, containing 2648 entries, class distribution: [1324 1324]
correct: [1243, 1248]
incorrect: [29, 16]
accuracy: [0.9772012578616353, 0.9873417721518988]
unclassified: [52, 60]
total accuracy: [0.9388217522658611, 0.9425981873111783]
Mon Oct 23 04:22:58 CEST 2017 finished, res_training/eng/done_did
