Sun Oct 22 23:21:30 CEST 2017 create_training_files
/tmp/ponte_ponto
4998 lines
644 ponte
4356 ponto
/tmp/ponte_ponto_training
3999 lines
520 ponte
3481 ponto
/tmp/ponte_ponto_validate
999 lines
124 ponte
875 ponto
generate /tmp/ponte_ponto_training.py, /tmp/ponte_ponto_validate.py
:compileJava UP-TO-DATE
:processResources UP-TO-DATE
:classes UP-TO-DATE
:createNGramDatabase
Reading /tmp/ponte_ponto_training
Tokenizing
undersampling to 538
/tmp/ponte_ponto_training.pycreated
Reading /tmp/ponte_ponto_validate
Tokenizing
undersampling to 129
/tmp/ponte_ponto_validate.pycreated

BUILD SUCCESSFUL

Total time: 4.891 secs

This build could be faster, please consider using the Gradle Daemon: https://docs.gradle.org/2.10/userguide/gradle_daemon.html
Sun Oct 22 23:21:40 CEST 2017 create_classifier
{'num_inputs': 4, 'batch_size': 1000, 'training_data_file': '/tmp/ponte_ponto_training.py', 'epochs': 3000, 'self': <__main__.NeuralNetwork object at 0x2ac2f075ba58>, 'use_flex_hidden_layer': False, 'embedding_path': 'res_training/por/embedding/final_embeddings.txt', 'num_outputs': 2, 'dictionary_path': 'res_training/por/embedding/dictionary.txt'}
embedding shape (44676, 64)
/tmp/ponte_ponto_training.py loaded, containing 1076 entries, class distribution: [538 538]
Steps: 3000, 1 steps in 3000 epochs
epoch 0, training accuracy 0.491636
epoch 10, training accuracy 0.500000
epoch 20, training accuracy 0.509294
epoch 30, training accuracy 0.525093
epoch 40, training accuracy 0.544610
epoch 50, training accuracy 0.557621
epoch 60, training accuracy 0.569703
epoch 70, training accuracy 0.586431
epoch 80, training accuracy 0.601301
epoch 90, training accuracy 0.620818
epoch 100, training accuracy 0.639405
epoch 110, training accuracy 0.650558
epoch 120, training accuracy 0.664498
epoch 130, training accuracy 0.672862
epoch 140, training accuracy 0.684015
epoch 150, training accuracy 0.690520
epoch 160, training accuracy 0.697955
epoch 170, training accuracy 0.709108
epoch 180, training accuracy 0.724907
epoch 190, training accuracy 0.736059
epoch 200, training accuracy 0.742565
epoch 210, training accuracy 0.750929
epoch 220, training accuracy 0.758364
epoch 230, training accuracy 0.763011
epoch 240, training accuracy 0.769517
epoch 250, training accuracy 0.775093
epoch 260, training accuracy 0.789033
epoch 270, training accuracy 0.798327
epoch 280, training accuracy 0.803903
epoch 290, training accuracy 0.813197
epoch 300, training accuracy 0.815056
epoch 310, training accuracy 0.827138
epoch 320, training accuracy 0.829926
epoch 330, training accuracy 0.832714
epoch 340, training accuracy 0.836431
epoch 350, training accuracy 0.838290
epoch 360, training accuracy 0.842937
epoch 370, training accuracy 0.845725
epoch 380, training accuracy 0.849442
epoch 390, training accuracy 0.853160
epoch 400, training accuracy 0.856877
epoch 410, training accuracy 0.861524
epoch 420, training accuracy 0.862454
epoch 430, training accuracy 0.868030
epoch 440, training accuracy 0.872677
epoch 450, training accuracy 0.873606
epoch 460, training accuracy 0.874535
epoch 470, training accuracy 0.880112
epoch 480, training accuracy 0.887546
epoch 490, training accuracy 0.889405
epoch 500, training accuracy 0.892193
epoch 510, training accuracy 0.893123
epoch 520, training accuracy 0.896840
epoch 530, training accuracy 0.896840
epoch 540, training accuracy 0.902416
epoch 550, training accuracy 0.902416
epoch 560, training accuracy 0.903346
epoch 570, training accuracy 0.908922
epoch 580, training accuracy 0.910781
epoch 590, training accuracy 0.911710
epoch 600, training accuracy 0.913569
epoch 610, training accuracy 0.914498
epoch 620, training accuracy 0.916357
epoch 630, training accuracy 0.917286
epoch 640, training accuracy 0.917286
epoch 650, training accuracy 0.917286
epoch 660, training accuracy 0.919145
epoch 670, training accuracy 0.919145
epoch 680, training accuracy 0.921004
epoch 690, training accuracy 0.921933
epoch 700, training accuracy 0.923792
epoch 710, training accuracy 0.925651
epoch 720, training accuracy 0.927509
epoch 730, training accuracy 0.929368
epoch 740, training accuracy 0.932156
epoch 750, training accuracy 0.933086
epoch 760, training accuracy 0.933086
epoch 770, training accuracy 0.934944
epoch 780, training accuracy 0.936803
epoch 790, training accuracy 0.936803
epoch 800, training accuracy 0.938662
epoch 810, training accuracy 0.937732
epoch 820, training accuracy 0.938662
epoch 830, training accuracy 0.939591
epoch 840, training accuracy 0.940520
epoch 850, training accuracy 0.942379
epoch 860, training accuracy 0.942379
epoch 870, training accuracy 0.942379
epoch 880, training accuracy 0.944238
epoch 890, training accuracy 0.944238
epoch 900, training accuracy 0.945167
epoch 910, training accuracy 0.945167
epoch 920, training accuracy 0.947026
epoch 930, training accuracy 0.947026
epoch 940, training accuracy 0.947026
epoch 950, training accuracy 0.947026
epoch 960, training accuracy 0.947955
epoch 970, training accuracy 0.947955
epoch 980, training accuracy 0.947026
epoch 990, training accuracy 0.947026
epoch 1000, training accuracy 0.948885
epoch 1010, training accuracy 0.948885
epoch 1020, training accuracy 0.948885
epoch 1030, training accuracy 0.948885
epoch 1040, training accuracy 0.949814
epoch 1050, training accuracy 0.950743
epoch 1060, training accuracy 0.950743
epoch 1070, training accuracy 0.950743
epoch 1080, training accuracy 0.952602
epoch 1090, training accuracy 0.953532
epoch 1100, training accuracy 0.953532
epoch 1110, training accuracy 0.955390
epoch 1120, training accuracy 0.955390
epoch 1130, training accuracy 0.955390
epoch 1140, training accuracy 0.956320
epoch 1150, training accuracy 0.956320
epoch 1160, training accuracy 0.957249
epoch 1170, training accuracy 0.958178
epoch 1180, training accuracy 0.958178
epoch 1190, training accuracy 0.958178
epoch 1200, training accuracy 0.958178
epoch 1210, training accuracy 0.958178
epoch 1220, training accuracy 0.958178
epoch 1230, training accuracy 0.958178
epoch 1240, training accuracy 0.958178
epoch 1250, training accuracy 0.958178
epoch 1260, training accuracy 0.959108
epoch 1270, training accuracy 0.959108
epoch 1280, training accuracy 0.959108
epoch 1290, training accuracy 0.959108
epoch 1300, training accuracy 0.959108
epoch 1310, training accuracy 0.959108
epoch 1320, training accuracy 0.959108
epoch 1330, training accuracy 0.960037
epoch 1340, training accuracy 0.960037
epoch 1350, training accuracy 0.960037
epoch 1360, training accuracy 0.960037
epoch 1370, training accuracy 0.960037
epoch 1380, training accuracy 0.960037
epoch 1390, training accuracy 0.961896
epoch 1400, training accuracy 0.962825
epoch 1410, training accuracy 0.962825
epoch 1420, training accuracy 0.962825
epoch 1430, training accuracy 0.964684
epoch 1440, training accuracy 0.964684
epoch 1450, training accuracy 0.964684
epoch 1460, training accuracy 0.965613
epoch 1470, training accuracy 0.965613
epoch 1480, training accuracy 0.965613
epoch 1490, training accuracy 0.966543
epoch 1500, training accuracy 0.966543
epoch 1510, training accuracy 0.966543
epoch 1520, training accuracy 0.966543
epoch 1530, training accuracy 0.965613
epoch 1540, training accuracy 0.965613
epoch 1550, training accuracy 0.965613
epoch 1560, training accuracy 0.965613
epoch 1570, training accuracy 0.965613
epoch 1580, training accuracy 0.965613
epoch 1590, training accuracy 0.967472
epoch 1600, training accuracy 0.967472
epoch 1610, training accuracy 0.969331
epoch 1620, training accuracy 0.970260
epoch 1630, training accuracy 0.970260
epoch 1640, training accuracy 0.970260
epoch 1650, training accuracy 0.970260
epoch 1660, training accuracy 0.970260
epoch 1670, training accuracy 0.970260
epoch 1680, training accuracy 0.970260
epoch 1690, training accuracy 0.970260
epoch 1700, training accuracy 0.970260
epoch 1710, training accuracy 0.970260
epoch 1720, training accuracy 0.971190
epoch 1730, training accuracy 0.971190
epoch 1740, training accuracy 0.971190
epoch 1750, training accuracy 0.971190
epoch 1760, training accuracy 0.971190
epoch 1770, training accuracy 0.971190
epoch 1780, training accuracy 0.971190
epoch 1790, training accuracy 0.971190
epoch 1800, training accuracy 0.971190
epoch 1810, training accuracy 0.972119
epoch 1820, training accuracy 0.972119
epoch 1830, training accuracy 0.972119
epoch 1840, training accuracy 0.972119
epoch 1850, training accuracy 0.972119
epoch 1860, training accuracy 0.972119
epoch 1870, training accuracy 0.972119
epoch 1880, training accuracy 0.972119
epoch 1890, training accuracy 0.972119
epoch 1900, training accuracy 0.972119
epoch 1910, training accuracy 0.972119
epoch 1920, training accuracy 0.972119
epoch 1930, training accuracy 0.972119
epoch 1940, training accuracy 0.972119
epoch 1950, training accuracy 0.972119
epoch 1960, training accuracy 0.972119
epoch 1970, training accuracy 0.972119
epoch 1980, training accuracy 0.972119
epoch 1990, training accuracy 0.973048
epoch 2000, training accuracy 0.973048
epoch 2010, training accuracy 0.973048
epoch 2020, training accuracy 0.973048
epoch 2030, training accuracy 0.973048
epoch 2040, training accuracy 0.973048
epoch 2050, training accuracy 0.973048
epoch 2060, training accuracy 0.973048
epoch 2070, training accuracy 0.973048
epoch 2080, training accuracy 0.973048
epoch 2090, training accuracy 0.973048
epoch 2100, training accuracy 0.973048
epoch 2110, training accuracy 0.973048
epoch 2120, training accuracy 0.973978
epoch 2130, training accuracy 0.973978
epoch 2140, training accuracy 0.973978
epoch 2150, training accuracy 0.973978
epoch 2160, training accuracy 0.973978
epoch 2170, training accuracy 0.974907
epoch 2180, training accuracy 0.974907
epoch 2190, training accuracy 0.974907
epoch 2200, training accuracy 0.974907
epoch 2210, training accuracy 0.974907
epoch 2220, training accuracy 0.974907
epoch 2230, training accuracy 0.974907
epoch 2240, training accuracy 0.974907
epoch 2250, training accuracy 0.974907
epoch 2260, training accuracy 0.974907
epoch 2270, training accuracy 0.974907
epoch 2280, training accuracy 0.974907
epoch 2290, training accuracy 0.974907
epoch 2300, training accuracy 0.974907
epoch 2310, training accuracy 0.974907
epoch 2320, training accuracy 0.974907
epoch 2330, training accuracy 0.974907
epoch 2340, training accuracy 0.974907
epoch 2350, training accuracy 0.974907
epoch 2360, training accuracy 0.974907
epoch 2370, training accuracy 0.974907
epoch 2380, training accuracy 0.974907
epoch 2390, training accuracy 0.974907
epoch 2400, training accuracy 0.974907
epoch 2410, training accuracy 0.974907
epoch 2420, training accuracy 0.974907
epoch 2430, training accuracy 0.974907
epoch 2440, training accuracy 0.974907
epoch 2450, training accuracy 0.974907
epoch 2460, training accuracy 0.974907
epoch 2470, training accuracy 0.974907
epoch 2480, training accuracy 0.974907
epoch 2490, training accuracy 0.974907
epoch 2500, training accuracy 0.974907
epoch 2510, training accuracy 0.974907
epoch 2520, training accuracy 0.974907
epoch 2530, training accuracy 0.974907
epoch 2540, training accuracy 0.974907
epoch 2550, training accuracy 0.974907
epoch 2560, training accuracy 0.974907
epoch 2570, training accuracy 0.974907
epoch 2580, training accuracy 0.974907
epoch 2590, training accuracy 0.974907
epoch 2600, training accuracy 0.974907
epoch 2610, training accuracy 0.974907
epoch 2620, training accuracy 0.974907
epoch 2630, training accuracy 0.974907
epoch 2640, training accuracy 0.974907
epoch 2650, training accuracy 0.975836
epoch 2660, training accuracy 0.975836
epoch 2670, training accuracy 0.975836
epoch 2680, training accuracy 0.975836
epoch 2690, training accuracy 0.975836
epoch 2700, training accuracy 0.975836
epoch 2710, training accuracy 0.975836
epoch 2720, training accuracy 0.975836
epoch 2730, training accuracy 0.975836
epoch 2740, training accuracy 0.975836
epoch 2750, training accuracy 0.975836
epoch 2760, training accuracy 0.975836
epoch 2770, training accuracy 0.975836
epoch 2780, training accuracy 0.975836
epoch 2790, training accuracy 0.975836
epoch 2800, training accuracy 0.975836
epoch 2810, training accuracy 0.975836
epoch 2820, training accuracy 0.975836
epoch 2830, training accuracy 0.975836
epoch 2840, training accuracy 0.975836
epoch 2850, training accuracy 0.975836
epoch 2860, training accuracy 0.975836
epoch 2870, training accuracy 0.975836
epoch 2880, training accuracy 0.975836
epoch 2890, training accuracy 0.975836
epoch 2900, training accuracy 0.975836
epoch 2910, training accuracy 0.975836
epoch 2920, training accuracy 0.975836
epoch 2930, training accuracy 0.975836
epoch 2940, training accuracy 0.975836
epoch 2950, training accuracy 0.975836
epoch 2960, training accuracy 0.975836
epoch 2970, training accuracy 0.975836
epoch 2980, training accuracy 0.975836
epoch 2990, training accuracy 0.975836
epoch 3000, training accuracy 0.975836
/tmp/ponte_ponto_validate.py loaded, containing 258 entries, class distribution: [129 129]
correct: [117, 114]
incorrect: [0, 2]
accuracy: [1.0, 0.9827586206896551]
unclassified: [12, 13]
total accuracy: [0.9069767441860465, 0.8837209302325582]
Sun Oct 22 23:21:58 CEST 2017 finished, res_training/por/ponte_ponto
