Sun Oct 22 22:13:22 CEST 2017 create_training_files
/tmp/als_also
206347 lines
188483 als
19447 also
/tmp/als_also_training
165078 lines
150805 als
15560 also
/tmp/als_also_validate
41269 lines
37678 als
3887 also
generate /tmp/als_also_training.py, /tmp/als_also_validate.py
:compileJava UP-TO-DATE
:processResources UP-TO-DATE
:classes UP-TO-DATE
:createNGramDatabase
Reading /tmp/als_also_training
Tokenizing
undersampling to 15621
/tmp/als_also_training.pycreated
Reading /tmp/als_also_validate
Tokenizing
undersampling to 3903
/tmp/als_also_validate.pycreated

BUILD SUCCESSFUL

Total time: 23.167 secs

This build could be faster, please consider using the Gradle Daemon: https://docs.gradle.org/2.10/userguide/gradle_daemon.html
Sun Oct 22 22:13:58 CEST 2017 create_classifier
{'epochs': 3000, 'use_flex_hidden_layer': False, 'training_data_file': '/tmp/als_also_training.py', 'num_outputs': 2, 'self': <__main__.NeuralNetwork object at 0x2ad2be760a58>, 'dictionary_path': 'res_training/deu/embedding/dictionary.txt', 'batch_size': 1000, 'num_inputs': 4, 'embedding_path': 'res_training/deu/embedding/final_embeddings.txt'}
embedding shape (52520, 64)
/tmp/als_also_training.py loaded, containing 31242 entries, class distribution: [15621 15621]
Steps: 93000, 31 steps in 3000 epochs
epoch 0, training accuracy 0.498464
epoch 10, training accuracy 0.638756
epoch 20, training accuracy 0.734524
epoch 30, training accuracy 0.784713
epoch 40, training accuracy 0.813584
epoch 50, training accuracy 0.830261
epoch 60, training accuracy 0.841848
epoch 70, training accuracy 0.849690
epoch 80, training accuracy 0.854491
epoch 90, training accuracy 0.858940
epoch 100, training accuracy 0.862685
epoch 110, training accuracy 0.865950
epoch 120, training accuracy 0.868414
epoch 130, training accuracy 0.870527
epoch 140, training accuracy 0.871743
epoch 150, training accuracy 0.873504
epoch 160, training accuracy 0.874752
epoch 170, training accuracy 0.875712
epoch 180, training accuracy 0.876961
epoch 190, training accuracy 0.878273
epoch 200, training accuracy 0.879329
epoch 210, training accuracy 0.880161
epoch 220, training accuracy 0.880609
epoch 230, training accuracy 0.880866
epoch 240, training accuracy 0.881122
epoch 250, training accuracy 0.880930
epoch 260, training accuracy 0.881058
epoch 270, training accuracy 0.881026
epoch 280, training accuracy 0.881538
epoch 290, training accuracy 0.881794
epoch 300, training accuracy 0.881986
epoch 310, training accuracy 0.882114
epoch 320, training accuracy 0.882210
epoch 330, training accuracy 0.882530
epoch 340, training accuracy 0.882434
epoch 350, training accuracy 0.882594
epoch 360, training accuracy 0.883010
epoch 370, training accuracy 0.883298
epoch 380, training accuracy 0.883394
epoch 390, training accuracy 0.883458
epoch 400, training accuracy 0.883618
epoch 410, training accuracy 0.883554
epoch 420, training accuracy 0.883714
epoch 430, training accuracy 0.883586
epoch 440, training accuracy 0.883554
epoch 450, training accuracy 0.883650
epoch 460, training accuracy 0.883618
epoch 470, training accuracy 0.883714
epoch 480, training accuracy 0.883938
epoch 490, training accuracy 0.884034
epoch 500, training accuracy 0.884194
epoch 510, training accuracy 0.884098
epoch 520, training accuracy 0.884258
epoch 530, training accuracy 0.884354
epoch 540, training accuracy 0.884194
epoch 550, training accuracy 0.884258
epoch 560, training accuracy 0.884290
epoch 570, training accuracy 0.884322
epoch 580, training accuracy 0.884546
epoch 590, training accuracy 0.884258
epoch 600, training accuracy 0.884290
epoch 610, training accuracy 0.884450
epoch 620, training accuracy 0.884354
epoch 630, training accuracy 0.884322
epoch 640, training accuracy 0.884482
epoch 650, training accuracy 0.884386
epoch 660, training accuracy 0.884482
epoch 670, training accuracy 0.884354
epoch 680, training accuracy 0.884354
epoch 690, training accuracy 0.884386
epoch 700, training accuracy 0.884354
epoch 710, training accuracy 0.884482
epoch 720, training accuracy 0.884482
epoch 730, training accuracy 0.884674
epoch 740, training accuracy 0.884674
epoch 750, training accuracy 0.884514
epoch 760, training accuracy 0.884482
epoch 770, training accuracy 0.884642
epoch 780, training accuracy 0.884642
epoch 790, training accuracy 0.884642
epoch 800, training accuracy 0.884578
epoch 810, training accuracy 0.884706
epoch 820, training accuracy 0.884674
epoch 830, training accuracy 0.884546
epoch 840, training accuracy 0.884610
epoch 850, training accuracy 0.884674
epoch 860, training accuracy 0.884514
epoch 870, training accuracy 0.884450
epoch 880, training accuracy 0.884514
epoch 890, training accuracy 0.884418
epoch 900, training accuracy 0.884386
epoch 910, training accuracy 0.884450
epoch 920, training accuracy 0.884546
epoch 930, training accuracy 0.884482
epoch 940, training accuracy 0.884322
epoch 950, training accuracy 0.884418
epoch 960, training accuracy 0.884386
epoch 970, training accuracy 0.884418
epoch 980, training accuracy 0.884418
epoch 990, training accuracy 0.884386
epoch 1000, training accuracy 0.884450
epoch 1010, training accuracy 0.884386
epoch 1020, training accuracy 0.884354
epoch 1030, training accuracy 0.884386
epoch 1040, training accuracy 0.884418
epoch 1050, training accuracy 0.884386
epoch 1060, training accuracy 0.884354
epoch 1070, training accuracy 0.884514
epoch 1080, training accuracy 0.884546
epoch 1090, training accuracy 0.884290
epoch 1100, training accuracy 0.884450
epoch 1110, training accuracy 0.884418
epoch 1120, training accuracy 0.884226
epoch 1130, training accuracy 0.884386
epoch 1140, training accuracy 0.884386
epoch 1150, training accuracy 0.884162
epoch 1160, training accuracy 0.884322
epoch 1170, training accuracy 0.884290
epoch 1180, training accuracy 0.884194
epoch 1190, training accuracy 0.884162
epoch 1200, training accuracy 0.884386
epoch 1210, training accuracy 0.884194
epoch 1220, training accuracy 0.884130
epoch 1230, training accuracy 0.884386
epoch 1240, training accuracy 0.884322
epoch 1250, training accuracy 0.884258
epoch 1260, training accuracy 0.884386
epoch 1270, training accuracy 0.884418
epoch 1280, training accuracy 0.884226
epoch 1290, training accuracy 0.884354
epoch 1300, training accuracy 0.884418
epoch 1310, training accuracy 0.884226
epoch 1320, training accuracy 0.884354
epoch 1330, training accuracy 0.884386
epoch 1340, training accuracy 0.884354
epoch 1350, training accuracy 0.884354
epoch 1360, training accuracy 0.884482
epoch 1370, training accuracy 0.884354
epoch 1380, training accuracy 0.884386
epoch 1390, training accuracy 0.884482
epoch 1400, training accuracy 0.884450
epoch 1410, training accuracy 0.884258
epoch 1420, training accuracy 0.884450
epoch 1430, training accuracy 0.884450
epoch 1440, training accuracy 0.884290
epoch 1450, training accuracy 0.884418
epoch 1460, training accuracy 0.884514
epoch 1470, training accuracy 0.884322
epoch 1480, training accuracy 0.884418
epoch 1490, training accuracy 0.884546
epoch 1500, training accuracy 0.884354
epoch 1510, training accuracy 0.884354
epoch 1520, training accuracy 0.884546
epoch 1530, training accuracy 0.884546
epoch 1540, training accuracy 0.884450
epoch 1550, training accuracy 0.884514
epoch 1560, training accuracy 0.884514
epoch 1570, training accuracy 0.884386
epoch 1580, training accuracy 0.884514
epoch 1590, training accuracy 0.884546
epoch 1600, training accuracy 0.884322
epoch 1610, training accuracy 0.884578
epoch 1620, training accuracy 0.884610
epoch 1630, training accuracy 0.884450
epoch 1640, training accuracy 0.884482
epoch 1650, training accuracy 0.884578
epoch 1660, training accuracy 0.884514
epoch 1670, training accuracy 0.884514
epoch 1680, training accuracy 0.884514
epoch 1690, training accuracy 0.884642
epoch 1700, training accuracy 0.884450
epoch 1710, training accuracy 0.884450
epoch 1720, training accuracy 0.884546
epoch 1730, training accuracy 0.884418
epoch 1740, training accuracy 0.884482
epoch 1750, training accuracy 0.884482
epoch 1760, training accuracy 0.884450
epoch 1770, training accuracy 0.884610
epoch 1780, training accuracy 0.884546
epoch 1790, training accuracy 0.884514
epoch 1800, training accuracy 0.884674
epoch 1810, training accuracy 0.884482
epoch 1820, training accuracy 0.884674
epoch 1830, training accuracy 0.884674
epoch 1840, training accuracy 0.884418
epoch 1850, training accuracy 0.884578
epoch 1860, training accuracy 0.884610
epoch 1870, training accuracy 0.884514
epoch 1880, training accuracy 0.884578
epoch 1890, training accuracy 0.884514
epoch 1900, training accuracy 0.884514
epoch 1910, training accuracy 0.884546
epoch 1920, training accuracy 0.884450
epoch 1930, training accuracy 0.884610
epoch 1940, training accuracy 0.884610
epoch 1950, training accuracy 0.884610
epoch 1960, training accuracy 0.884674
epoch 1970, training accuracy 0.884578
epoch 1980, training accuracy 0.884674
epoch 1990, training accuracy 0.884674
epoch 2000, training accuracy 0.884482
epoch 2010, training accuracy 0.884610
epoch 2020, training accuracy 0.884674
epoch 2030, training accuracy 0.884482
epoch 2040, training accuracy 0.884610
epoch 2050, training accuracy 0.884578
epoch 2060, training accuracy 0.884578
epoch 2070, training accuracy 0.884578
epoch 2080, training accuracy 0.884482
epoch 2090, training accuracy 0.884674
epoch 2100, training accuracy 0.884610
epoch 2110, training accuracy 0.884610
epoch 2120, training accuracy 0.884706
epoch 2130, training accuracy 0.884578
epoch 2140, training accuracy 0.884674
epoch 2150, training accuracy 0.884771
epoch 2160, training accuracy 0.884514
epoch 2170, training accuracy 0.884706
epoch 2180, training accuracy 0.884706
epoch 2190, training accuracy 0.884482
epoch 2200, training accuracy 0.884642
epoch 2210, training accuracy 0.884610
epoch 2220, training accuracy 0.884514
epoch 2230, training accuracy 0.884546
epoch 2240, training accuracy 0.884578
epoch 2250, training accuracy 0.884706
epoch 2260, training accuracy 0.884642
epoch 2270, training accuracy 0.884642
epoch 2280, training accuracy 0.884706
epoch 2290, training accuracy 0.884546
epoch 2300, training accuracy 0.884610
epoch 2310, training accuracy 0.884642
epoch 2320, training accuracy 0.884482
epoch 2330, training accuracy 0.884706
epoch 2340, training accuracy 0.884739
epoch 2350, training accuracy 0.884578
epoch 2360, training accuracy 0.884642
epoch 2370, training accuracy 0.884610
epoch 2380, training accuracy 0.884578
epoch 2390, training accuracy 0.884578
epoch 2400, training accuracy 0.884610
epoch 2410, training accuracy 0.884642
epoch 2420, training accuracy 0.884674
epoch 2430, training accuracy 0.884674
epoch 2440, training accuracy 0.884739
epoch 2450, training accuracy 0.884578
epoch 2460, training accuracy 0.884610
epoch 2470, training accuracy 0.884642
epoch 2480, training accuracy 0.884514
epoch 2490, training accuracy 0.884706
epoch 2500, training accuracy 0.884674
epoch 2510, training accuracy 0.884514
epoch 2520, training accuracy 0.884642
epoch 2530, training accuracy 0.884578
epoch 2540, training accuracy 0.884578
epoch 2550, training accuracy 0.884610
epoch 2560, training accuracy 0.884578
epoch 2570, training accuracy 0.884674
epoch 2580, training accuracy 0.884642
epoch 2590, training accuracy 0.884674
epoch 2600, training accuracy 0.884674
epoch 2610, training accuracy 0.884578
epoch 2620, training accuracy 0.884739
epoch 2630, training accuracy 0.884739
epoch 2640, training accuracy 0.884514
epoch 2650, training accuracy 0.884610
epoch 2660, training accuracy 0.884674
epoch 2670, training accuracy 0.884482
epoch 2680, training accuracy 0.884578
epoch 2690, training accuracy 0.884578
epoch 2700, training accuracy 0.884642
epoch 2710, training accuracy 0.884578
epoch 2720, training accuracy 0.884482
epoch 2730, training accuracy 0.884674
epoch 2740, training accuracy 0.884642
epoch 2750, training accuracy 0.884674
epoch 2760, training accuracy 0.884642
epoch 2770, training accuracy 0.884546
epoch 2780, training accuracy 0.884739
epoch 2790, training accuracy 0.884674
epoch 2800, training accuracy 0.884450
epoch 2810, training accuracy 0.884610
epoch 2820, training accuracy 0.884706
epoch 2830, training accuracy 0.884514
epoch 2840, training accuracy 0.884578
epoch 2850, training accuracy 0.884578
epoch 2860, training accuracy 0.884578
epoch 2870, training accuracy 0.884546
epoch 2880, training accuracy 0.884546
epoch 2890, training accuracy 0.884642
epoch 2900, training accuracy 0.884674
epoch 2910, training accuracy 0.884674
epoch 2920, training accuracy 0.884642
epoch 2930, training accuracy 0.884578
epoch 2940, training accuracy 0.884674
epoch 2950, training accuracy 0.884642
epoch 2960, training accuracy 0.884450
epoch 2970, training accuracy 0.884642
epoch 2980, training accuracy 0.884739
epoch 2990, training accuracy 0.884514
epoch 3000, training accuracy 0.884514
/tmp/als_also_validate.py loaded, containing 7806 entries, class distribution: [3903 3903]
correct: [3016, 2893]
incorrect: [236, 183]
accuracy: [0.9274292742927429, 0.9405071521456437]
unclassified: [651, 827]
total accuracy: [0.7727389187804253, 0.741224698949526]
Sun Oct 22 22:20:03 CEST 2017 finished, res_training/deu/als_also
