Sun Oct 22 23:03:03 CEST 2017 create_training_files
/tmp/peace_piece
4661 lines
2658 peace
2006 piece
/tmp/peace_piece_training
3729 lines
2142 peace
1590 piece
/tmp/peace_piece_validate
932 lines
516 peace
416 piece
generate /tmp/peace_piece_training.py, /tmp/peace_piece_validate.py
:compileJava UP-TO-DATE
:processResources UP-TO-DATE
:classes UP-TO-DATE
:createNGramDatabase
Reading /tmp/peace_piece_training
Tokenizing
undersampling to 1612
/tmp/peace_piece_training.pycreated
Reading /tmp/peace_piece_validate
Tokenizing
undersampling to 424
/tmp/peace_piece_validate.pycreated

BUILD SUCCESSFUL

Total time: 5.172 secs

This build could be faster, please consider using the Gradle Daemon: https://docs.gradle.org/2.10/userguide/gradle_daemon.html
Sun Oct 22 23:03:14 CEST 2017 create_classifier
{'use_flex_hidden_layer': False, 'epochs': 3000, 'dictionary_path': 'res_training/eng/embedding/dictionary.txt', 'training_data_file': '/tmp/peace_piece_training.py', 'num_inputs': 4, 'batch_size': 1000, 'self': <__main__.NeuralNetwork object at 0x2b7c645aca58>, 'num_outputs': 2, 'embedding_path': 'res_training/eng/embedding/final_embeddings.txt'}
embedding shape (42122, 64)
/tmp/peace_piece_training.py loaded, containing 3224 entries, class distribution: [1612 1612]
Steps: 9000, 3 steps in 3000 epochs
epoch 0, training accuracy 0.495037
epoch 10, training accuracy 0.549318
epoch 20, training accuracy 0.596774
epoch 30, training accuracy 0.631203
epoch 40, training accuracy 0.662841
epoch 50, training accuracy 0.693859
epoch 60, training accuracy 0.718983
epoch 70, training accuracy 0.741935
epoch 80, training accuracy 0.757134
epoch 90, training accuracy 0.768300
epoch 100, training accuracy 0.782258
epoch 110, training accuracy 0.790323
epoch 120, training accuracy 0.803660
epoch 130, training accuracy 0.813586
epoch 140, training accuracy 0.822891
epoch 150, training accuracy 0.830025
epoch 160, training accuracy 0.834988
epoch 170, training accuracy 0.840571
epoch 180, training accuracy 0.845533
epoch 190, training accuracy 0.852047
epoch 200, training accuracy 0.856390
epoch 210, training accuracy 0.860732
epoch 220, training accuracy 0.866935
epoch 230, training accuracy 0.869727
epoch 240, training accuracy 0.872208
epoch 250, training accuracy 0.875931
epoch 260, training accuracy 0.877792
epoch 270, training accuracy 0.880583
epoch 280, training accuracy 0.882754
epoch 290, training accuracy 0.885856
epoch 300, training accuracy 0.888648
epoch 310, training accuracy 0.890509
epoch 320, training accuracy 0.894541
epoch 330, training accuracy 0.896402
epoch 340, training accuracy 0.898263
epoch 350, training accuracy 0.899504
epoch 360, training accuracy 0.901365
epoch 370, training accuracy 0.902605
epoch 380, training accuracy 0.903536
epoch 390, training accuracy 0.903846
epoch 400, training accuracy 0.904156
epoch 410, training accuracy 0.904467
epoch 420, training accuracy 0.907258
epoch 430, training accuracy 0.908499
epoch 440, training accuracy 0.909739
epoch 450, training accuracy 0.909739
epoch 460, training accuracy 0.910360
epoch 470, training accuracy 0.911290
epoch 480, training accuracy 0.912841
epoch 490, training accuracy 0.914392
epoch 500, training accuracy 0.915323
epoch 510, training accuracy 0.915633
epoch 520, training accuracy 0.916563
epoch 530, training accuracy 0.917184
epoch 540, training accuracy 0.918734
epoch 550, training accuracy 0.919355
epoch 560, training accuracy 0.919975
epoch 570, training accuracy 0.919975
epoch 580, training accuracy 0.920285
epoch 590, training accuracy 0.920596
epoch 600, training accuracy 0.920906
epoch 610, training accuracy 0.921526
epoch 620, training accuracy 0.923077
epoch 630, training accuracy 0.923697
epoch 640, training accuracy 0.924318
epoch 650, training accuracy 0.925248
epoch 660, training accuracy 0.925558
epoch 670, training accuracy 0.927109
epoch 680, training accuracy 0.926179
epoch 690, training accuracy 0.927109
epoch 700, training accuracy 0.927109
epoch 710, training accuracy 0.928970
epoch 720, training accuracy 0.929280
epoch 730, training accuracy 0.930521
epoch 740, training accuracy 0.930521
epoch 750, training accuracy 0.931141
epoch 760, training accuracy 0.931452
epoch 770, training accuracy 0.932072
epoch 780, training accuracy 0.933002
epoch 790, training accuracy 0.934553
epoch 800, training accuracy 0.935484
epoch 810, training accuracy 0.936104
epoch 820, training accuracy 0.936104
epoch 830, training accuracy 0.936104
epoch 840, training accuracy 0.936414
epoch 850, training accuracy 0.936414
epoch 860, training accuracy 0.936725
epoch 870, training accuracy 0.937035
epoch 880, training accuracy 0.937035
epoch 890, training accuracy 0.936725
epoch 900, training accuracy 0.936725
epoch 910, training accuracy 0.937035
epoch 920, training accuracy 0.937035
epoch 930, training accuracy 0.937345
epoch 940, training accuracy 0.937345
epoch 950, training accuracy 0.937965
epoch 960, training accuracy 0.938586
epoch 970, training accuracy 0.938586
epoch 980, training accuracy 0.938275
epoch 990, training accuracy 0.938275
epoch 1000, training accuracy 0.938275
epoch 1010, training accuracy 0.938275
epoch 1020, training accuracy 0.938586
epoch 1030, training accuracy 0.938896
epoch 1040, training accuracy 0.939516
epoch 1050, training accuracy 0.939516
epoch 1060, training accuracy 0.939516
epoch 1070, training accuracy 0.940447
epoch 1080, training accuracy 0.940447
epoch 1090, training accuracy 0.940136
epoch 1100, training accuracy 0.940757
epoch 1110, training accuracy 0.940757
epoch 1120, training accuracy 0.940757
epoch 1130, training accuracy 0.941067
epoch 1140, training accuracy 0.941377
epoch 1150, training accuracy 0.941687
epoch 1160, training accuracy 0.942308
epoch 1170, training accuracy 0.941998
epoch 1180, training accuracy 0.941998
epoch 1190, training accuracy 0.941998
epoch 1200, training accuracy 0.942308
epoch 1210, training accuracy 0.942308
epoch 1220, training accuracy 0.942308
epoch 1230, training accuracy 0.942308
epoch 1240, training accuracy 0.942618
epoch 1250, training accuracy 0.942618
epoch 1260, training accuracy 0.942618
epoch 1270, training accuracy 0.942928
epoch 1280, training accuracy 0.942928
epoch 1290, training accuracy 0.942928
epoch 1300, training accuracy 0.942928
epoch 1310, training accuracy 0.943548
epoch 1320, training accuracy 0.943238
epoch 1330, training accuracy 0.943238
epoch 1340, training accuracy 0.943859
epoch 1350, training accuracy 0.943859
epoch 1360, training accuracy 0.944169
epoch 1370, training accuracy 0.944479
epoch 1380, training accuracy 0.944479
epoch 1390, training accuracy 0.945099
epoch 1400, training accuracy 0.945099
epoch 1410, training accuracy 0.945099
epoch 1420, training accuracy 0.945409
epoch 1430, training accuracy 0.945720
epoch 1440, training accuracy 0.945720
epoch 1450, training accuracy 0.946030
epoch 1460, training accuracy 0.945720
epoch 1470, training accuracy 0.945720
epoch 1480, training accuracy 0.945720
epoch 1490, training accuracy 0.946030
epoch 1500, training accuracy 0.946030
epoch 1510, training accuracy 0.946030
epoch 1520, training accuracy 0.946030
epoch 1530, training accuracy 0.946030
epoch 1540, training accuracy 0.946030
epoch 1550, training accuracy 0.946030
epoch 1560, training accuracy 0.946340
epoch 1570, training accuracy 0.946340
epoch 1580, training accuracy 0.946650
epoch 1590, training accuracy 0.947270
epoch 1600, training accuracy 0.947891
epoch 1610, training accuracy 0.947891
epoch 1620, training accuracy 0.948201
epoch 1630, training accuracy 0.948201
epoch 1640, training accuracy 0.948201
epoch 1650, training accuracy 0.948201
epoch 1660, training accuracy 0.948201
epoch 1670, training accuracy 0.948201
epoch 1680, training accuracy 0.948201
epoch 1690, training accuracy 0.948821
epoch 1700, training accuracy 0.948821
epoch 1710, training accuracy 0.948821
epoch 1720, training accuracy 0.948821
epoch 1730, training accuracy 0.948821
epoch 1740, training accuracy 0.948821
epoch 1750, training accuracy 0.948821
epoch 1760, training accuracy 0.948821
epoch 1770, training accuracy 0.949131
epoch 1780, training accuracy 0.949131
epoch 1790, training accuracy 0.949131
epoch 1800, training accuracy 0.949131
epoch 1810, training accuracy 0.949442
epoch 1820, training accuracy 0.949442
epoch 1830, training accuracy 0.949442
epoch 1840, training accuracy 0.949442
epoch 1850, training accuracy 0.949442
epoch 1860, training accuracy 0.949442
epoch 1870, training accuracy 0.949442
epoch 1880, training accuracy 0.949752
epoch 1890, training accuracy 0.950062
epoch 1900, training accuracy 0.950062
epoch 1910, training accuracy 0.950062
epoch 1920, training accuracy 0.950062
epoch 1930, training accuracy 0.950062
epoch 1940, training accuracy 0.950372
epoch 1950, training accuracy 0.949752
epoch 1960, training accuracy 0.949752
epoch 1970, training accuracy 0.949752
epoch 1980, training accuracy 0.949442
epoch 1990, training accuracy 0.949752
epoch 2000, training accuracy 0.949752
epoch 2010, training accuracy 0.949752
epoch 2020, training accuracy 0.949752
epoch 2030, training accuracy 0.949752
epoch 2040, training accuracy 0.949752
epoch 2050, training accuracy 0.950062
epoch 2060, training accuracy 0.950372
epoch 2070, training accuracy 0.950993
epoch 2080, training accuracy 0.950993
epoch 2090, training accuracy 0.951303
epoch 2100, training accuracy 0.951303
epoch 2110, training accuracy 0.951303
epoch 2120, training accuracy 0.951613
epoch 2130, training accuracy 0.951613
epoch 2140, training accuracy 0.951613
epoch 2150, training accuracy 0.951613
epoch 2160, training accuracy 0.951613
epoch 2170, training accuracy 0.951303
epoch 2180, training accuracy 0.951303
epoch 2190, training accuracy 0.951303
epoch 2200, training accuracy 0.951303
epoch 2210, training accuracy 0.951303
epoch 2220, training accuracy 0.951303
epoch 2230, training accuracy 0.951303
epoch 2240, training accuracy 0.951303
epoch 2250, training accuracy 0.951303
epoch 2260, training accuracy 0.951303
epoch 2270, training accuracy 0.951303
epoch 2280, training accuracy 0.951303
epoch 2290, training accuracy 0.951303
epoch 2300, training accuracy 0.951613
epoch 2310, training accuracy 0.951923
epoch 2320, training accuracy 0.951923
epoch 2330, training accuracy 0.952543
epoch 2340, training accuracy 0.952543
epoch 2350, training accuracy 0.952233
epoch 2360, training accuracy 0.952233
epoch 2370, training accuracy 0.952233
epoch 2380, training accuracy 0.952233
epoch 2390, training accuracy 0.952233
epoch 2400, training accuracy 0.952233
epoch 2410, training accuracy 0.952233
epoch 2420, training accuracy 0.952233
epoch 2430, training accuracy 0.952233
epoch 2440, training accuracy 0.952233
epoch 2450, training accuracy 0.952233
epoch 2460, training accuracy 0.952233
epoch 2470, training accuracy 0.952233
epoch 2480, training accuracy 0.952233
epoch 2490, training accuracy 0.952233
epoch 2500, training accuracy 0.952543
epoch 2510, training accuracy 0.952543
epoch 2520, training accuracy 0.952543
epoch 2530, training accuracy 0.952543
epoch 2540, training accuracy 0.952543
epoch 2550, training accuracy 0.953164
epoch 2560, training accuracy 0.953474
epoch 2570, training accuracy 0.953474
epoch 2580, training accuracy 0.953474
epoch 2590, training accuracy 0.953164
epoch 2600, training accuracy 0.953474
epoch 2610, training accuracy 0.953474
epoch 2620, training accuracy 0.953474
epoch 2630, training accuracy 0.953474
epoch 2640, training accuracy 0.953784
epoch 2650, training accuracy 0.953784
epoch 2660, training accuracy 0.953784
epoch 2670, training accuracy 0.954404
epoch 2680, training accuracy 0.954404
epoch 2690, training accuracy 0.954715
epoch 2700, training accuracy 0.954715
epoch 2710, training accuracy 0.954715
epoch 2720, training accuracy 0.954715
epoch 2730, training accuracy 0.954715
epoch 2740, training accuracy 0.955335
epoch 2750, training accuracy 0.955335
epoch 2760, training accuracy 0.955335
epoch 2770, training accuracy 0.955335
epoch 2780, training accuracy 0.955335
epoch 2790, training accuracy 0.955335
epoch 2800, training accuracy 0.955335
epoch 2810, training accuracy 0.955335
epoch 2820, training accuracy 0.955335
epoch 2830, training accuracy 0.955335
epoch 2840, training accuracy 0.955335
epoch 2850, training accuracy 0.955335
epoch 2860, training accuracy 0.955645
epoch 2870, training accuracy 0.955645
epoch 2880, training accuracy 0.955955
epoch 2890, training accuracy 0.956266
epoch 2900, training accuracy 0.956266
epoch 2910, training accuracy 0.955955
epoch 2920, training accuracy 0.955955
epoch 2930, training accuracy 0.956266
epoch 2940, training accuracy 0.956266
epoch 2950, training accuracy 0.955955
epoch 2960, training accuracy 0.955645
epoch 2970, training accuracy 0.955645
epoch 2980, training accuracy 0.955645
epoch 2990, training accuracy 0.955645
epoch 3000, training accuracy 0.955645
/tmp/peace_piece_validate.py loaded, containing 848 entries, class distribution: [424 424]
correct: [368, 362]
incorrect: [5, 12]
accuracy: [0.9865951742627346, 0.9679144385026738]
unclassified: [51, 50]
total accuracy: [0.8679245283018868, 0.8537735849056604]
Sun Oct 22 23:03:53 CEST 2017 finished, res_training/eng/peace_piece
