Mon Oct 23 05:53:58 CEST 2017 create_training_files
/tmp/its_it
194473 lines
49251 its
154303 it
/tmp/its_it_training
155579 lines
39249 its
123575 it
/tmp/its_it_validate
38894 lines
10002 its
30728 it
generate /tmp/its_it_training.py, /tmp/its_it_validate.py
:compileJava UP-TO-DATE
:processResources UP-TO-DATE
:classes UP-TO-DATE
:createNGramDatabase
Reading /tmp/its_it_training
Tokenizing
undersampling to 42572
/tmp/its_it_training.pycreated
Reading /tmp/its_it_validate
Tokenizing
undersampling to 10900
/tmp/its_it_validate.pycreated

BUILD SUCCESSFUL

Total time: 20.555 secs

This build could be faster, please consider using the Gradle Daemon: https://docs.gradle.org/2.10/userguide/gradle_daemon.html
Mon Oct 23 05:54:35 CEST 2017 create_classifier
{'training_data_file': '/tmp/its_it_training.py', 'num_inputs': 4, 'embedding_path': 'res_training/eng/embedding/final_embeddings.txt', 'use_flex_hidden_layer': False, 'num_outputs': 2, 'dictionary_path': 'res_training/eng/embedding/dictionary.txt', 'batch_size': 1000, 'self': <__main__.NeuralNetwork object at 0x2b1f50d08a58>, 'epochs': 3000}
embedding shape (42122, 64)
/tmp/its_it_training.py loaded, containing 85144 entries, class distribution: [42572 42572]
Steps: 255000, 85 steps in 3000 epochs
epoch 0, training accuracy 0.700578
epoch 10, training accuracy 0.906875
epoch 20, training accuracy 0.936508
epoch 30, training accuracy 0.949439
epoch 40, training accuracy 0.956474
epoch 50, training accuracy 0.960667
epoch 60, training accuracy 0.963591
epoch 70, training accuracy 0.965670
epoch 80, training accuracy 0.967467
epoch 90, training accuracy 0.968665
epoch 100, training accuracy 0.969781
epoch 110, training accuracy 0.970591
epoch 120, training accuracy 0.971096
epoch 130, training accuracy 0.971695
epoch 140, training accuracy 0.972270
epoch 150, training accuracy 0.972611
epoch 160, training accuracy 0.972952
epoch 170, training accuracy 0.973328
epoch 180, training accuracy 0.973551
epoch 190, training accuracy 0.973762
epoch 200, training accuracy 0.973962
epoch 210, training accuracy 0.974056
epoch 220, training accuracy 0.974232
epoch 230, training accuracy 0.974526
epoch 240, training accuracy 0.974561
epoch 250, training accuracy 0.974643
epoch 260, training accuracy 0.974772
epoch 270, training accuracy 0.974807
epoch 280, training accuracy 0.974843
epoch 290, training accuracy 0.974843
epoch 300, training accuracy 0.974796
epoch 310, training accuracy 0.974819
epoch 320, training accuracy 0.974819
epoch 330, training accuracy 0.974843
epoch 340, training accuracy 0.974772
epoch 350, training accuracy 0.974796
epoch 360, training accuracy 0.974819
epoch 370, training accuracy 0.974784
epoch 380, training accuracy 0.974772
epoch 390, training accuracy 0.974725
epoch 400, training accuracy 0.974772
epoch 410, training accuracy 0.974749
epoch 420, training accuracy 0.974749
epoch 430, training accuracy 0.974843
epoch 440, training accuracy 0.974960
epoch 450, training accuracy 0.974972
epoch 460, training accuracy 0.974937
epoch 470, training accuracy 0.974878
epoch 480, training accuracy 0.974866
epoch 490, training accuracy 0.974913
epoch 500, training accuracy 0.974901
epoch 510, training accuracy 0.974890
epoch 520, training accuracy 0.974913
epoch 530, training accuracy 0.974901
epoch 540, training accuracy 0.974948
epoch 550, training accuracy 0.974960
epoch 560, training accuracy 0.974948
epoch 570, training accuracy 0.974948
epoch 580, training accuracy 0.974984
epoch 590, training accuracy 0.974948
epoch 600, training accuracy 0.975007
epoch 610, training accuracy 0.975007
epoch 620, training accuracy 0.974995
epoch 630, training accuracy 0.975031
epoch 640, training accuracy 0.974972
epoch 650, training accuracy 0.974984
epoch 660, training accuracy 0.975007
epoch 670, training accuracy 0.975019
epoch 680, training accuracy 0.974995
epoch 690, training accuracy 0.975078
epoch 700, training accuracy 0.975101
epoch 710, training accuracy 0.975066
epoch 720, training accuracy 0.975066
epoch 730, training accuracy 0.975078
epoch 740, training accuracy 0.975054
epoch 750, training accuracy 0.975101
epoch 760, training accuracy 0.975078
epoch 770, training accuracy 0.975089
epoch 780, training accuracy 0.975148
epoch 790, training accuracy 0.975101
epoch 800, training accuracy 0.975113
epoch 810, training accuracy 0.975078
epoch 820, training accuracy 0.975066
epoch 830, training accuracy 0.975089
epoch 840, training accuracy 0.975089
epoch 850, training accuracy 0.975078
epoch 860, training accuracy 0.975113
epoch 870, training accuracy 0.975148
epoch 880, training accuracy 0.975124
epoch 890, training accuracy 0.975136
epoch 900, training accuracy 0.975066
epoch 910, training accuracy 0.975054
epoch 920, training accuracy 0.975066
epoch 930, training accuracy 0.975054
epoch 940, training accuracy 0.975042
epoch 950, training accuracy 0.975124
epoch 960, training accuracy 0.975171
epoch 970, training accuracy 0.975160
epoch 980, training accuracy 0.975078
epoch 990, training accuracy 0.975031
epoch 1000, training accuracy 0.975031
epoch 1010, training accuracy 0.975078
epoch 1020, training accuracy 0.975042
epoch 1030, training accuracy 0.975066
epoch 1040, training accuracy 0.975136
epoch 1050, training accuracy 0.975148
epoch 1060, training accuracy 0.975160
epoch 1070, training accuracy 0.975031
epoch 1080, training accuracy 0.975066
epoch 1090, training accuracy 0.975078
epoch 1100, training accuracy 0.975089
epoch 1110, training accuracy 0.975089
epoch 1120, training accuracy 0.975113
epoch 1130, training accuracy 0.975101
epoch 1140, training accuracy 0.975113
epoch 1150, training accuracy 0.975101
epoch 1160, training accuracy 0.975101
epoch 1170, training accuracy 0.975078
epoch 1180, training accuracy 0.975124
epoch 1190, training accuracy 0.975101
epoch 1200, training accuracy 0.975101
epoch 1210, training accuracy 0.975136
epoch 1220, training accuracy 0.975124
epoch 1230, training accuracy 0.975136
epoch 1240, training accuracy 0.975136
epoch 1250, training accuracy 0.975101
epoch 1260, training accuracy 0.975148
epoch 1270, training accuracy 0.975160
epoch 1280, training accuracy 0.975124
epoch 1290, training accuracy 0.975195
epoch 1300, training accuracy 0.975124
epoch 1310, training accuracy 0.975136
epoch 1320, training accuracy 0.975136
epoch 1330, training accuracy 0.975136
epoch 1340, training accuracy 0.975113
epoch 1350, training accuracy 0.975148
epoch 1360, training accuracy 0.975183
epoch 1370, training accuracy 0.975124
epoch 1380, training accuracy 0.975195
epoch 1390, training accuracy 0.975160
epoch 1400, training accuracy 0.975171
epoch 1410, training accuracy 0.975207
epoch 1420, training accuracy 0.975148
epoch 1430, training accuracy 0.975148
epoch 1440, training accuracy 0.975218
epoch 1450, training accuracy 0.975171
epoch 1460, training accuracy 0.975230
epoch 1470, training accuracy 0.975160
epoch 1480, training accuracy 0.975171
epoch 1490, training accuracy 0.975171
epoch 1500, training accuracy 0.975171
epoch 1510, training accuracy 0.975183
epoch 1520, training accuracy 0.975242
epoch 1530, training accuracy 0.975230
epoch 1540, training accuracy 0.975171
epoch 1550, training accuracy 0.975230
epoch 1560, training accuracy 0.975183
epoch 1570, training accuracy 0.975183
epoch 1580, training accuracy 0.975207
epoch 1590, training accuracy 0.975195
epoch 1600, training accuracy 0.975195
epoch 1610, training accuracy 0.975254
epoch 1620, training accuracy 0.975195
epoch 1630, training accuracy 0.975242
epoch 1640, training accuracy 0.975183
epoch 1650, training accuracy 0.975183
epoch 1660, training accuracy 0.975171
epoch 1670, training accuracy 0.975242
epoch 1680, training accuracy 0.975207
epoch 1690, training accuracy 0.975254
epoch 1700, training accuracy 0.975242
epoch 1710, training accuracy 0.975183
epoch 1720, training accuracy 0.975265
epoch 1730, training accuracy 0.975171
epoch 1740, training accuracy 0.975160
epoch 1750, training accuracy 0.975160
epoch 1760, training accuracy 0.975242
epoch 1770, training accuracy 0.975207
epoch 1780, training accuracy 0.975242
epoch 1790, training accuracy 0.975230
epoch 1800, training accuracy 0.975230
epoch 1810, training accuracy 0.975254
epoch 1820, training accuracy 0.975124
epoch 1830, training accuracy 0.975148
epoch 1840, training accuracy 0.975254
epoch 1850, training accuracy 0.975230
epoch 1860, training accuracy 0.975254
epoch 1870, training accuracy 0.975242
epoch 1880, training accuracy 0.975242
epoch 1890, training accuracy 0.975254
epoch 1900, training accuracy 0.975195
epoch 1910, training accuracy 0.975171
epoch 1920, training accuracy 0.975160
epoch 1930, training accuracy 0.975230
epoch 1940, training accuracy 0.975230
epoch 1950, training accuracy 0.975254
epoch 1960, training accuracy 0.975242
epoch 1970, training accuracy 0.975265
epoch 1980, training accuracy 0.975254
epoch 1990, training accuracy 0.975171
epoch 2000, training accuracy 0.975183
epoch 2010, training accuracy 0.975230
epoch 2020, training accuracy 0.975277
epoch 2030, training accuracy 0.975277
epoch 2040, training accuracy 0.975242
epoch 2050, training accuracy 0.975265
epoch 2060, training accuracy 0.975265
epoch 2070, training accuracy 0.975207
epoch 2080, training accuracy 0.975183
epoch 2090, training accuracy 0.975195
epoch 2100, training accuracy 0.975230
epoch 2110, training accuracy 0.975242
epoch 2120, training accuracy 0.975242
epoch 2130, training accuracy 0.975254
epoch 2140, training accuracy 0.975265
epoch 2150, training accuracy 0.975218
epoch 2160, training accuracy 0.975183
epoch 2170, training accuracy 0.975195
epoch 2180, training accuracy 0.975207
epoch 2190, training accuracy 0.975242
epoch 2200, training accuracy 0.975265
epoch 2210, training accuracy 0.975265
epoch 2220, training accuracy 0.975254
epoch 2230, training accuracy 0.975265
epoch 2240, training accuracy 0.975218
epoch 2250, training accuracy 0.975207
epoch 2260, training accuracy 0.975207
epoch 2270, training accuracy 0.975218
epoch 2280, training accuracy 0.975242
epoch 2290, training accuracy 0.975230
epoch 2300, training accuracy 0.975265
epoch 2310, training accuracy 0.975265
epoch 2320, training accuracy 0.975254
epoch 2330, training accuracy 0.975218
epoch 2340, training accuracy 0.975183
epoch 2350, training accuracy 0.975195
epoch 2360, training accuracy 0.975230
epoch 2370, training accuracy 0.975301
epoch 2380, training accuracy 0.975254
epoch 2390, training accuracy 0.975254
epoch 2400, training accuracy 0.975277
epoch 2410, training accuracy 0.975218
epoch 2420, training accuracy 0.975171
epoch 2430, training accuracy 0.975207
epoch 2440, training accuracy 0.975195
epoch 2450, training accuracy 0.975265
epoch 2460, training accuracy 0.975265
epoch 2470, training accuracy 0.975277
epoch 2480, training accuracy 0.975254
epoch 2490, training accuracy 0.975265
epoch 2500, training accuracy 0.975207
epoch 2510, training accuracy 0.975183
epoch 2520, training accuracy 0.975183
epoch 2530, training accuracy 0.975230
epoch 2540, training accuracy 0.975301
epoch 2550, training accuracy 0.975242
epoch 2560, training accuracy 0.975254
epoch 2570, training accuracy 0.975277
epoch 2580, training accuracy 0.975242
epoch 2590, training accuracy 0.975183
epoch 2600, training accuracy 0.975195
epoch 2610, training accuracy 0.975195
epoch 2620, training accuracy 0.975265
epoch 2630, training accuracy 0.975301
epoch 2640, training accuracy 0.975254
epoch 2650, training accuracy 0.975254
epoch 2660, training accuracy 0.975277
epoch 2670, training accuracy 0.975230
epoch 2680, training accuracy 0.975207
epoch 2690, training accuracy 0.975195
epoch 2700, training accuracy 0.975195
epoch 2710, training accuracy 0.975301
epoch 2720, training accuracy 0.975301
epoch 2730, training accuracy 0.975277
epoch 2740, training accuracy 0.975277
epoch 2750, training accuracy 0.975242
epoch 2760, training accuracy 0.975195
epoch 2770, training accuracy 0.975183
epoch 2780, training accuracy 0.975195
epoch 2790, training accuracy 0.975265
epoch 2800, training accuracy 0.975301
epoch 2810, training accuracy 0.975265
epoch 2820, training accuracy 0.975277
epoch 2830, training accuracy 0.975277
epoch 2840, training accuracy 0.975207
epoch 2850, training accuracy 0.975195
epoch 2860, training accuracy 0.975218
epoch 2870, training accuracy 0.975207
epoch 2880, training accuracy 0.975277
epoch 2890, training accuracy 0.975289
epoch 2900, training accuracy 0.975242
epoch 2910, training accuracy 0.975289
epoch 2920, training accuracy 0.975254
epoch 2930, training accuracy 0.975195
epoch 2940, training accuracy 0.975195
epoch 2950, training accuracy 0.975207
epoch 2960, training accuracy 0.975183
epoch 2970, training accuracy 0.975301
epoch 2980, training accuracy 0.975254
epoch 2990, training accuracy 0.975230
epoch 3000, training accuracy 0.975265
/tmp/its_it_validate.py loaded, containing 21800 entries, class distribution: [10900 10900]
correct: [10400, 10379]
incorrect: [104, 127]
accuracy: [0.9900990099009901, 0.9879116695221778]
unclassified: [396, 394]
total accuracy: [0.9541284403669725, 0.9522018348623853]
Mon Oct 23 06:10:05 CEST 2017 finished, res_training/eng/its_it
