Sun Oct 22 20:02:00 CEST 2017 create_training_files
/tmp/escala_escola
4406 lines
1035 escala
3374 escola
/tmp/escala_escola_training
3525 lines
811 escala
2716 escola
/tmp/escala_escola_validate
881 lines
224 escala
658 escola
generate /tmp/escala_escola_training.py, /tmp/escala_escola_validate.py
:compileJava UP-TO-DATE
:processResources UP-TO-DATE
:classes UP-TO-DATE
:createNGramDatabase
Reading /tmp/escala_escola_training
Tokenizing
undersampling to 822
/tmp/escala_escola_training.pycreated
Reading /tmp/escala_escola_validate
Tokenizing
undersampling to 227
/tmp/escala_escola_validate.pycreated

BUILD SUCCESSFUL

Total time: 5.159 secs

This build could be faster, please consider using the Gradle Daemon: https://docs.gradle.org/2.10/userguide/gradle_daemon.html
Sun Oct 22 20:02:11 CEST 2017 create_classifier
{'num_inputs': 4, 'self': <__main__.NeuralNetwork object at 0x2ab511ceaa58>, 'training_data_file': '/tmp/escala_escola_training.py', 'embedding_path': 'res_training/por/embedding/final_embeddings.txt', 'batch_size': 1000, 'epochs': 3000, 'use_flex_hidden_layer': False, 'num_outputs': 2, 'dictionary_path': 'res_training/por/embedding/dictionary.txt'}
embedding shape (44676, 64)
/tmp/escala_escola_training.py loaded, containing 1644 entries, class distribution: [822 822]
Steps: 3000, 1 steps in 3000 epochs
epoch 0, training accuracy 0.529805
epoch 10, training accuracy 0.534672
epoch 20, training accuracy 0.531630
epoch 30, training accuracy 0.537105
epoch 40, training accuracy 0.541363
epoch 50, training accuracy 0.546229
epoch 60, training accuracy 0.555961
epoch 70, training accuracy 0.568126
epoch 80, training accuracy 0.585158
epoch 90, training accuracy 0.596107
epoch 100, training accuracy 0.608272
epoch 110, training accuracy 0.614355
epoch 120, training accuracy 0.625304
epoch 130, training accuracy 0.634428
epoch 140, training accuracy 0.641119
epoch 150, training accuracy 0.650243
epoch 160, training accuracy 0.658759
epoch 170, training accuracy 0.669100
epoch 180, training accuracy 0.675182
epoch 190, training accuracy 0.678832
epoch 200, training accuracy 0.684307
epoch 210, training accuracy 0.689173
epoch 220, training accuracy 0.691606
epoch 230, training accuracy 0.700122
epoch 240, training accuracy 0.703771
epoch 250, training accuracy 0.708637
epoch 260, training accuracy 0.715937
epoch 270, training accuracy 0.718978
epoch 280, training accuracy 0.723844
epoch 290, training accuracy 0.726886
epoch 300, training accuracy 0.734185
epoch 310, training accuracy 0.736618
epoch 320, training accuracy 0.739659
epoch 330, training accuracy 0.743917
epoch 340, training accuracy 0.747567
epoch 350, training accuracy 0.751825
epoch 360, training accuracy 0.753650
epoch 370, training accuracy 0.755474
epoch 380, training accuracy 0.757908
epoch 390, training accuracy 0.763382
epoch 400, training accuracy 0.765815
epoch 410, training accuracy 0.767640
epoch 420, training accuracy 0.767640
epoch 430, training accuracy 0.771290
epoch 440, training accuracy 0.773723
epoch 450, training accuracy 0.775547
epoch 460, training accuracy 0.777981
epoch 470, training accuracy 0.777372
epoch 480, training accuracy 0.779197
epoch 490, training accuracy 0.782847
epoch 500, training accuracy 0.785888
epoch 510, training accuracy 0.790146
epoch 520, training accuracy 0.791971
epoch 530, training accuracy 0.793796
epoch 540, training accuracy 0.796837
epoch 550, training accuracy 0.798662
epoch 560, training accuracy 0.799878
epoch 570, training accuracy 0.801095
epoch 580, training accuracy 0.802920
epoch 590, training accuracy 0.804745
epoch 600, training accuracy 0.808394
epoch 610, training accuracy 0.810219
epoch 620, training accuracy 0.811436
epoch 630, training accuracy 0.812044
epoch 640, training accuracy 0.814477
epoch 650, training accuracy 0.816910
epoch 660, training accuracy 0.818126
epoch 670, training accuracy 0.819343
epoch 680, training accuracy 0.819951
epoch 690, training accuracy 0.821776
epoch 700, training accuracy 0.822384
epoch 710, training accuracy 0.822993
epoch 720, training accuracy 0.825426
epoch 730, training accuracy 0.826034
epoch 740, training accuracy 0.827251
epoch 750, training accuracy 0.827859
epoch 760, training accuracy 0.827859
epoch 770, training accuracy 0.829075
epoch 780, training accuracy 0.830900
epoch 790, training accuracy 0.830900
epoch 800, training accuracy 0.831509
epoch 810, training accuracy 0.833333
epoch 820, training accuracy 0.833942
epoch 830, training accuracy 0.836375
epoch 840, training accuracy 0.837591
epoch 850, training accuracy 0.839416
epoch 860, training accuracy 0.839416
epoch 870, training accuracy 0.840024
epoch 880, training accuracy 0.840633
epoch 890, training accuracy 0.840633
epoch 900, training accuracy 0.841241
epoch 910, training accuracy 0.841849
epoch 920, training accuracy 0.842457
epoch 930, training accuracy 0.843674
epoch 940, training accuracy 0.843674
epoch 950, training accuracy 0.843674
epoch 960, training accuracy 0.843066
epoch 970, training accuracy 0.843674
epoch 980, training accuracy 0.844891
epoch 990, training accuracy 0.844891
epoch 1000, training accuracy 0.844891
epoch 1010, training accuracy 0.844891
epoch 1020, training accuracy 0.846107
epoch 1030, training accuracy 0.846107
epoch 1040, training accuracy 0.846107
epoch 1050, training accuracy 0.846107
epoch 1060, training accuracy 0.846715
epoch 1070, training accuracy 0.846715
epoch 1080, training accuracy 0.846107
epoch 1090, training accuracy 0.846715
epoch 1100, training accuracy 0.847932
epoch 1110, training accuracy 0.848540
epoch 1120, training accuracy 0.849148
epoch 1130, training accuracy 0.850365
epoch 1140, training accuracy 0.850973
epoch 1150, training accuracy 0.850973
epoch 1160, training accuracy 0.850973
epoch 1170, training accuracy 0.851582
epoch 1180, training accuracy 0.853406
epoch 1190, training accuracy 0.853406
epoch 1200, training accuracy 0.852190
epoch 1210, training accuracy 0.852798
epoch 1220, training accuracy 0.852798
epoch 1230, training accuracy 0.853406
epoch 1240, training accuracy 0.853406
epoch 1250, training accuracy 0.853406
epoch 1260, training accuracy 0.853406
epoch 1270, training accuracy 0.854015
epoch 1280, training accuracy 0.854015
epoch 1290, training accuracy 0.854015
epoch 1300, training accuracy 0.855231
epoch 1310, training accuracy 0.855231
epoch 1320, training accuracy 0.856448
epoch 1330, training accuracy 0.857056
epoch 1340, training accuracy 0.857056
epoch 1350, training accuracy 0.858881
epoch 1360, training accuracy 0.858881
epoch 1370, training accuracy 0.860097
epoch 1380, training accuracy 0.860097
epoch 1390, training accuracy 0.860097
epoch 1400, training accuracy 0.861314
epoch 1410, training accuracy 0.861314
epoch 1420, training accuracy 0.861922
epoch 1430, training accuracy 0.861314
epoch 1440, training accuracy 0.861922
epoch 1450, training accuracy 0.861314
epoch 1460, training accuracy 0.861922
epoch 1470, training accuracy 0.861922
epoch 1480, training accuracy 0.862530
epoch 1490, training accuracy 0.862530
epoch 1500, training accuracy 0.862530
epoch 1510, training accuracy 0.863139
epoch 1520, training accuracy 0.863139
epoch 1530, training accuracy 0.863139
epoch 1540, training accuracy 0.863747
epoch 1550, training accuracy 0.864355
epoch 1560, training accuracy 0.863747
epoch 1570, training accuracy 0.863747
epoch 1580, training accuracy 0.863747
epoch 1590, training accuracy 0.863747
epoch 1600, training accuracy 0.863747
epoch 1610, training accuracy 0.864964
epoch 1620, training accuracy 0.864964
epoch 1630, training accuracy 0.864964
epoch 1640, training accuracy 0.864964
epoch 1650, training accuracy 0.864964
epoch 1660, training accuracy 0.864964
epoch 1670, training accuracy 0.864964
epoch 1680, training accuracy 0.864355
epoch 1690, training accuracy 0.864964
epoch 1700, training accuracy 0.864964
epoch 1710, training accuracy 0.864964
epoch 1720, training accuracy 0.864964
epoch 1730, training accuracy 0.865572
epoch 1740, training accuracy 0.866180
epoch 1750, training accuracy 0.867397
epoch 1760, training accuracy 0.868005
epoch 1770, training accuracy 0.868613
epoch 1780, training accuracy 0.870438
epoch 1790, training accuracy 0.870438
epoch 1800, training accuracy 0.869830
epoch 1810, training accuracy 0.870438
epoch 1820, training accuracy 0.871046
epoch 1830, training accuracy 0.870438
epoch 1840, training accuracy 0.871655
epoch 1850, training accuracy 0.871655
epoch 1860, training accuracy 0.871655
epoch 1870, training accuracy 0.871046
epoch 1880, training accuracy 0.871655
epoch 1890, training accuracy 0.872263
epoch 1900, training accuracy 0.872263
epoch 1910, training accuracy 0.872263
epoch 1920, training accuracy 0.872263
epoch 1930, training accuracy 0.872871
epoch 1940, training accuracy 0.873479
epoch 1950, training accuracy 0.873479
epoch 1960, training accuracy 0.874088
epoch 1970, training accuracy 0.874088
epoch 1980, training accuracy 0.874088
epoch 1990, training accuracy 0.874696
epoch 2000, training accuracy 0.874696
epoch 2010, training accuracy 0.874696
epoch 2020, training accuracy 0.874696
epoch 2030, training accuracy 0.874696
epoch 2040, training accuracy 0.874696
epoch 2050, training accuracy 0.874696
epoch 2060, training accuracy 0.874696
epoch 2070, training accuracy 0.874696
epoch 2080, training accuracy 0.874696
epoch 2090, training accuracy 0.875304
epoch 2100, training accuracy 0.876521
epoch 2110, training accuracy 0.877129
epoch 2120, training accuracy 0.877737
epoch 2130, training accuracy 0.877737
epoch 2140, training accuracy 0.878345
epoch 2150, training accuracy 0.878345
epoch 2160, training accuracy 0.878954
epoch 2170, training accuracy 0.878954
epoch 2180, training accuracy 0.878954
epoch 2190, training accuracy 0.878954
epoch 2200, training accuracy 0.879562
epoch 2210, training accuracy 0.880170
epoch 2220, training accuracy 0.880170
epoch 2230, training accuracy 0.880170
epoch 2240, training accuracy 0.880170
epoch 2250, training accuracy 0.880170
epoch 2260, training accuracy 0.880170
epoch 2270, training accuracy 0.880170
epoch 2280, training accuracy 0.879562
epoch 2290, training accuracy 0.879562
epoch 2300, training accuracy 0.879562
epoch 2310, training accuracy 0.879562
epoch 2320, training accuracy 0.879562
epoch 2330, training accuracy 0.879562
epoch 2340, training accuracy 0.879562
epoch 2350, training accuracy 0.879562
epoch 2360, training accuracy 0.880170
epoch 2370, training accuracy 0.880170
epoch 2380, training accuracy 0.880170
epoch 2390, training accuracy 0.880170
epoch 2400, training accuracy 0.880779
epoch 2410, training accuracy 0.880779
epoch 2420, training accuracy 0.881387
epoch 2430, training accuracy 0.880779
epoch 2440, training accuracy 0.882603
epoch 2450, training accuracy 0.882603
epoch 2460, training accuracy 0.882603
epoch 2470, training accuracy 0.882603
epoch 2480, training accuracy 0.882603
epoch 2490, training accuracy 0.882603
epoch 2500, training accuracy 0.882603
epoch 2510, training accuracy 0.883820
epoch 2520, training accuracy 0.883820
epoch 2530, training accuracy 0.883820
epoch 2540, training accuracy 0.883820
epoch 2550, training accuracy 0.883820
epoch 2560, training accuracy 0.883820
epoch 2570, training accuracy 0.884428
epoch 2580, training accuracy 0.884428
epoch 2590, training accuracy 0.884428
epoch 2600, training accuracy 0.884428
epoch 2610, training accuracy 0.884428
epoch 2620, training accuracy 0.884428
epoch 2630, training accuracy 0.884428
epoch 2640, training accuracy 0.885036
epoch 2650, training accuracy 0.885645
epoch 2660, training accuracy 0.885645
epoch 2670, training accuracy 0.885036
epoch 2680, training accuracy 0.885645
epoch 2690, training accuracy 0.885645
epoch 2700, training accuracy 0.885645
epoch 2710, training accuracy 0.886253
epoch 2720, training accuracy 0.886253
epoch 2730, training accuracy 0.886861
epoch 2740, training accuracy 0.886861
epoch 2750, training accuracy 0.886861
epoch 2760, training accuracy 0.886253
epoch 2770, training accuracy 0.886861
epoch 2780, training accuracy 0.886861
epoch 2790, training accuracy 0.886861
epoch 2800, training accuracy 0.886861
epoch 2810, training accuracy 0.886861
epoch 2820, training accuracy 0.886861
epoch 2830, training accuracy 0.886861
epoch 2840, training accuracy 0.886861
epoch 2850, training accuracy 0.886861
epoch 2860, training accuracy 0.886861
epoch 2870, training accuracy 0.886861
epoch 2880, training accuracy 0.886861
epoch 2890, training accuracy 0.886861
epoch 2900, training accuracy 0.886861
epoch 2910, training accuracy 0.886861
epoch 2920, training accuracy 0.886861
epoch 2930, training accuracy 0.886861
epoch 2940, training accuracy 0.887470
epoch 2950, training accuracy 0.887470
epoch 2960, training accuracy 0.887470
epoch 2970, training accuracy 0.887470
epoch 2980, training accuracy 0.887470
epoch 2990, training accuracy 0.887470
epoch 3000, training accuracy 0.887470
/tmp/escala_escola_validate.py loaded, containing 454 entries, class distribution: [227 227]
correct: [140, 134]
incorrect: [12, 8]
accuracy: [0.9210526315789473, 0.9436619718309859]
unclassified: [75, 85]
total accuracy: [0.6167400881057269, 0.5903083700440529]
Sun Oct 22 20:02:32 CEST 2017 finished, res_training/por/escala_escola
