Sun Oct 22 23:22:18 CEST 2017 create_training_files
/tmp/ponto_porta
8879 lines
4356 ponto
4548 porta
/tmp/ponto_porta_training
7104 lines
3475 ponto
3646 porta
/tmp/ponto_porta_validate
1775 lines
881 ponto
902 porta
generate /tmp/ponto_porta_training.py, /tmp/ponto_porta_validate.py
:compileJava UP-TO-DATE
:processResources UP-TO-DATE
:classes UP-TO-DATE
:createNGramDatabase
Reading /tmp/ponto_porta_training
Tokenizing
undersampling to 3551
/tmp/ponto_porta_training.pycreated
Reading /tmp/ponto_porta_validate
Tokenizing
undersampling to 902
/tmp/ponto_porta_validate.pycreated

BUILD SUCCESSFUL

Total time: 5.474 secs

This build could be faster, please consider using the Gradle Daemon: https://docs.gradle.org/2.10/userguide/gradle_daemon.html
Sun Oct 22 23:22:30 CEST 2017 create_classifier
{'num_outputs': 2, 'use_flex_hidden_layer': False, 'self': <__main__.NeuralNetwork object at 0x2b2f46660a58>, 'embedding_path': 'res_training/por/embedding/final_embeddings.txt', 'num_inputs': 4, 'training_data_file': '/tmp/ponto_porta_training.py', 'dictionary_path': 'res_training/por/embedding/dictionary.txt', 'epochs': 3000, 'batch_size': 1000}
embedding shape (44676, 64)
/tmp/ponto_porta_training.py loaded, containing 7102 entries, class distribution: [3551 3551]
Steps: 21000, 7 steps in 3000 epochs
epoch 0, training accuracy 0.532385
epoch 10, training accuracy 0.722754
epoch 20, training accuracy 0.838496
epoch 30, training accuracy 0.871163
epoch 40, training accuracy 0.893692
epoch 50, training accuracy 0.911997
epoch 60, training accuracy 0.924106
epoch 70, training accuracy 0.933540
epoch 80, training accuracy 0.939172
epoch 90, training accuracy 0.945649
epoch 100, training accuracy 0.948888
epoch 110, training accuracy 0.953393
epoch 120, training accuracy 0.956773
epoch 130, training accuracy 0.959307
epoch 140, training accuracy 0.961842
epoch 150, training accuracy 0.963531
epoch 160, training accuracy 0.965362
epoch 170, training accuracy 0.966066
epoch 180, training accuracy 0.966629
epoch 190, training accuracy 0.967756
epoch 200, training accuracy 0.968882
epoch 210, training accuracy 0.969304
epoch 220, training accuracy 0.970008
epoch 230, training accuracy 0.971839
epoch 240, training accuracy 0.972402
epoch 250, training accuracy 0.973388
epoch 260, training accuracy 0.973669
epoch 270, training accuracy 0.974796
epoch 280, training accuracy 0.975218
epoch 290, training accuracy 0.975781
epoch 300, training accuracy 0.976204
epoch 310, training accuracy 0.976767
epoch 320, training accuracy 0.976908
epoch 330, training accuracy 0.977049
epoch 340, training accuracy 0.977612
epoch 350, training accuracy 0.977894
epoch 360, training accuracy 0.978316
epoch 370, training accuracy 0.978598
epoch 380, training accuracy 0.978879
epoch 390, training accuracy 0.979583
epoch 400, training accuracy 0.980006
epoch 410, training accuracy 0.980287
epoch 420, training accuracy 0.980991
epoch 430, training accuracy 0.981414
epoch 440, training accuracy 0.981555
epoch 450, training accuracy 0.981695
epoch 460, training accuracy 0.981977
epoch 470, training accuracy 0.981977
epoch 480, training accuracy 0.982118
epoch 490, training accuracy 0.981977
epoch 500, training accuracy 0.982118
epoch 510, training accuracy 0.982399
epoch 520, training accuracy 0.982822
epoch 530, training accuracy 0.982822
epoch 540, training accuracy 0.982822
epoch 550, training accuracy 0.983103
epoch 560, training accuracy 0.983526
epoch 570, training accuracy 0.983948
epoch 580, training accuracy 0.984371
epoch 590, training accuracy 0.984371
epoch 600, training accuracy 0.984511
epoch 610, training accuracy 0.984934
epoch 620, training accuracy 0.985075
epoch 630, training accuracy 0.985215
epoch 640, training accuracy 0.985356
epoch 650, training accuracy 0.985356
epoch 660, training accuracy 0.985497
epoch 670, training accuracy 0.985638
epoch 680, training accuracy 0.985919
epoch 690, training accuracy 0.986060
epoch 700, training accuracy 0.986060
epoch 710, training accuracy 0.986060
epoch 720, training accuracy 0.986483
epoch 730, training accuracy 0.986623
epoch 740, training accuracy 0.986764
epoch 750, training accuracy 0.987046
epoch 760, training accuracy 0.987187
epoch 770, training accuracy 0.987187
epoch 780, training accuracy 0.987187
epoch 790, training accuracy 0.987468
epoch 800, training accuracy 0.987609
epoch 810, training accuracy 0.987609
epoch 820, training accuracy 0.987609
epoch 830, training accuracy 0.987750
epoch 840, training accuracy 0.988032
epoch 850, training accuracy 0.988313
epoch 860, training accuracy 0.988454
epoch 870, training accuracy 0.988454
epoch 880, training accuracy 0.988736
epoch 890, training accuracy 0.989017
epoch 900, training accuracy 0.989299
epoch 910, training accuracy 0.989299
epoch 920, training accuracy 0.989440
epoch 930, training accuracy 0.989440
epoch 940, training accuracy 0.989440
epoch 950, training accuracy 0.989721
epoch 960, training accuracy 0.989721
epoch 970, training accuracy 0.989580
epoch 980, training accuracy 0.989580
epoch 990, training accuracy 0.989721
epoch 1000, training accuracy 0.989721
epoch 1010, training accuracy 0.990003
epoch 1020, training accuracy 0.990144
epoch 1030, training accuracy 0.990144
epoch 1040, training accuracy 0.990144
epoch 1050, training accuracy 0.990144
epoch 1060, training accuracy 0.990284
epoch 1070, training accuracy 0.990566
epoch 1080, training accuracy 0.990707
epoch 1090, training accuracy 0.990988
epoch 1100, training accuracy 0.990988
epoch 1110, training accuracy 0.990988
epoch 1120, training accuracy 0.991270
epoch 1130, training accuracy 0.991270
epoch 1140, training accuracy 0.991270
epoch 1150, training accuracy 0.991270
epoch 1160, training accuracy 0.991411
epoch 1170, training accuracy 0.991692
epoch 1180, training accuracy 0.991833
epoch 1190, training accuracy 0.991974
epoch 1200, training accuracy 0.991974
epoch 1210, training accuracy 0.991974
epoch 1220, training accuracy 0.991974
epoch 1230, training accuracy 0.992115
epoch 1240, training accuracy 0.992115
epoch 1250, training accuracy 0.992397
epoch 1260, training accuracy 0.992397
epoch 1270, training accuracy 0.992397
epoch 1280, training accuracy 0.992397
epoch 1290, training accuracy 0.992397
epoch 1300, training accuracy 0.992256
epoch 1310, training accuracy 0.992115
epoch 1320, training accuracy 0.991974
epoch 1330, training accuracy 0.991974
epoch 1340, training accuracy 0.992115
epoch 1350, training accuracy 0.992397
epoch 1360, training accuracy 0.992397
epoch 1370, training accuracy 0.992537
epoch 1380, training accuracy 0.992537
epoch 1390, training accuracy 0.992537
epoch 1400, training accuracy 0.992537
epoch 1410, training accuracy 0.992537
epoch 1420, training accuracy 0.992537
epoch 1430, training accuracy 0.992678
epoch 1440, training accuracy 0.992819
epoch 1450, training accuracy 0.992819
epoch 1460, training accuracy 0.992819
epoch 1470, training accuracy 0.992960
epoch 1480, training accuracy 0.992960
epoch 1490, training accuracy 0.992960
epoch 1500, training accuracy 0.992960
epoch 1510, training accuracy 0.992960
epoch 1520, training accuracy 0.992960
epoch 1530, training accuracy 0.992960
epoch 1540, training accuracy 0.992960
epoch 1550, training accuracy 0.993101
epoch 1560, training accuracy 0.993101
epoch 1570, training accuracy 0.993101
epoch 1580, training accuracy 0.993101
epoch 1590, training accuracy 0.993101
epoch 1600, training accuracy 0.993101
epoch 1610, training accuracy 0.993241
epoch 1620, training accuracy 0.993241
epoch 1630, training accuracy 0.993241
epoch 1640, training accuracy 0.993241
epoch 1650, training accuracy 0.993241
epoch 1660, training accuracy 0.993241
epoch 1670, training accuracy 0.993241
epoch 1680, training accuracy 0.993382
epoch 1690, training accuracy 0.993664
epoch 1700, training accuracy 0.993664
epoch 1710, training accuracy 0.993664
epoch 1720, training accuracy 0.993805
epoch 1730, training accuracy 0.994086
epoch 1740, training accuracy 0.994086
epoch 1750, training accuracy 0.994086
epoch 1760, training accuracy 0.994086
epoch 1770, training accuracy 0.994086
epoch 1780, training accuracy 0.994086
epoch 1790, training accuracy 0.994086
epoch 1800, training accuracy 0.994086
epoch 1810, training accuracy 0.994086
epoch 1820, training accuracy 0.994086
epoch 1830, training accuracy 0.994227
epoch 1840, training accuracy 0.994227
epoch 1850, training accuracy 0.994368
epoch 1860, training accuracy 0.994368
epoch 1870, training accuracy 0.994368
epoch 1880, training accuracy 0.994368
epoch 1890, training accuracy 0.994509
epoch 1900, training accuracy 0.994509
epoch 1910, training accuracy 0.994509
epoch 1920, training accuracy 0.994509
epoch 1930, training accuracy 0.994649
epoch 1940, training accuracy 0.994649
epoch 1950, training accuracy 0.994509
epoch 1960, training accuracy 0.994509
epoch 1970, training accuracy 0.994509
epoch 1980, training accuracy 0.994509
epoch 1990, training accuracy 0.994509
epoch 2000, training accuracy 0.994509
epoch 2010, training accuracy 0.994368
epoch 2020, training accuracy 0.994509
epoch 2030, training accuracy 0.994509
epoch 2040, training accuracy 0.994509
epoch 2050, training accuracy 0.994509
epoch 2060, training accuracy 0.994509
epoch 2070, training accuracy 0.994509
epoch 2080, training accuracy 0.994649
epoch 2090, training accuracy 0.994649
epoch 2100, training accuracy 0.994649
epoch 2110, training accuracy 0.994649
epoch 2120, training accuracy 0.994649
epoch 2130, training accuracy 0.994649
epoch 2140, training accuracy 0.994649
epoch 2150, training accuracy 0.994649
epoch 2160, training accuracy 0.994790
epoch 2170, training accuracy 0.994790
epoch 2180, training accuracy 0.994790
epoch 2190, training accuracy 0.994790
epoch 2200, training accuracy 0.994931
epoch 2210, training accuracy 0.994931
epoch 2220, training accuracy 0.994931
epoch 2230, training accuracy 0.994931
epoch 2240, training accuracy 0.995072
epoch 2250, training accuracy 0.995072
epoch 2260, training accuracy 0.995072
epoch 2270, training accuracy 0.995072
epoch 2280, training accuracy 0.995072
epoch 2290, training accuracy 0.995072
epoch 2300, training accuracy 0.995072
epoch 2310, training accuracy 0.995072
epoch 2320, training accuracy 0.995072
epoch 2330, training accuracy 0.994931
epoch 2340, training accuracy 0.994931
epoch 2350, training accuracy 0.994931
epoch 2360, training accuracy 0.994931
epoch 2370, training accuracy 0.994931
epoch 2380, training accuracy 0.994931
epoch 2390, training accuracy 0.994931
epoch 2400, training accuracy 0.994931
epoch 2410, training accuracy 0.994931
epoch 2420, training accuracy 0.994931
epoch 2430, training accuracy 0.994931
epoch 2440, training accuracy 0.994931
epoch 2450, training accuracy 0.994931
epoch 2460, training accuracy 0.994931
epoch 2470, training accuracy 0.994931
epoch 2480, training accuracy 0.994931
epoch 2490, training accuracy 0.994931
epoch 2500, training accuracy 0.994931
epoch 2510, training accuracy 0.994931
epoch 2520, training accuracy 0.994931
epoch 2530, training accuracy 0.994931
epoch 2540, training accuracy 0.994931
epoch 2550, training accuracy 0.994931
epoch 2560, training accuracy 0.994931
epoch 2570, training accuracy 0.994931
epoch 2580, training accuracy 0.994931
epoch 2590, training accuracy 0.994931
epoch 2600, training accuracy 0.994931
epoch 2610, training accuracy 0.994931
epoch 2620, training accuracy 0.994931
epoch 2630, training accuracy 0.994931
epoch 2640, training accuracy 0.994931
epoch 2650, training accuracy 0.994931
epoch 2660, training accuracy 0.994931
epoch 2670, training accuracy 0.994931
epoch 2680, training accuracy 0.994931
epoch 2690, training accuracy 0.994931
epoch 2700, training accuracy 0.994931
epoch 2710, training accuracy 0.995213
epoch 2720, training accuracy 0.995213
epoch 2730, training accuracy 0.995213
epoch 2740, training accuracy 0.995213
epoch 2750, training accuracy 0.995213
epoch 2760, training accuracy 0.995213
epoch 2770, training accuracy 0.995213
epoch 2780, training accuracy 0.995213
epoch 2790, training accuracy 0.995213
epoch 2800, training accuracy 0.995353
epoch 2810, training accuracy 0.995353
epoch 2820, training accuracy 0.995353
epoch 2830, training accuracy 0.995353
epoch 2840, training accuracy 0.995353
epoch 2850, training accuracy 0.995353
epoch 2860, training accuracy 0.995494
epoch 2870, training accuracy 0.995494
epoch 2880, training accuracy 0.995635
epoch 2890, training accuracy 0.995635
epoch 2900, training accuracy 0.995635
epoch 2910, training accuracy 0.995635
epoch 2920, training accuracy 0.995635
epoch 2930, training accuracy 0.995635
epoch 2940, training accuracy 0.995635
epoch 2950, training accuracy 0.995635
epoch 2960, training accuracy 0.995635
epoch 2970, training accuracy 0.995635
epoch 2980, training accuracy 0.995635
epoch 2990, training accuracy 0.995635
epoch 3000, training accuracy 0.995635
/tmp/ponto_porta_validate.py loaded, containing 1804 entries, class distribution: [902 902]
correct: [887, 880]
incorrect: [1, 7]
accuracy: [0.9988738738738738, 0.992108229988726]
unclassified: [14, 15]
total accuracy: [0.983370288248337, 0.975609756097561]
Sun Oct 22 23:23:50 CEST 2017 finished, res_training/por/ponto_porta
