Sun Oct 22 22:58:53 CEST 2017 create_training_files
/tmp/passe_passo
2571 lines
754 passe
1818 passo
/tmp/passe_passo_training
2057 lines
594 passe
1464 passo
/tmp/passe_passo_validate
514 lines
160 passe
354 passo
generate /tmp/passe_passo_training.py, /tmp/passe_passo_validate.py
:compileJava UP-TO-DATE
:processResources UP-TO-DATE
:classes UP-TO-DATE
:createNGramDatabase
Reading /tmp/passe_passo_training
Tokenizing
undersampling to 600
/tmp/passe_passo_training.pycreated
Reading /tmp/passe_passo_validate
Tokenizing
undersampling to 166
/tmp/passe_passo_validate.pycreated

BUILD SUCCESSFUL

Total time: 4.739 secs

This build could be faster, please consider using the Gradle Daemon: https://docs.gradle.org/2.10/userguide/gradle_daemon.html
Sun Oct 22 22:59:03 CEST 2017 create_classifier
{'self': <__main__.NeuralNetwork object at 0x2adc79b44a58>, 'batch_size': 1000, 'num_inputs': 4, 'embedding_path': 'res_training/por/embedding/final_embeddings.txt', 'use_flex_hidden_layer': False, 'num_outputs': 2, 'epochs': 3000, 'dictionary_path': 'res_training/por/embedding/dictionary.txt', 'training_data_file': '/tmp/passe_passo_training.py'}
embedding shape (44676, 64)
/tmp/passe_passo_training.py loaded, containing 1200 entries, class distribution: [600 600]
Steps: 3000, 1 steps in 3000 epochs
epoch 0, training accuracy 0.449167
epoch 10, training accuracy 0.457500
epoch 20, training accuracy 0.462500
epoch 30, training accuracy 0.462500
epoch 40, training accuracy 0.468333
epoch 50, training accuracy 0.478333
epoch 60, training accuracy 0.491667
epoch 70, training accuracy 0.491667
epoch 80, training accuracy 0.517500
epoch 90, training accuracy 0.528333
epoch 100, training accuracy 0.538333
epoch 110, training accuracy 0.550833
epoch 120, training accuracy 0.559167
epoch 130, training accuracy 0.560833
epoch 140, training accuracy 0.565000
epoch 150, training accuracy 0.574167
epoch 160, training accuracy 0.575000
epoch 170, training accuracy 0.584167
epoch 180, training accuracy 0.591667
epoch 190, training accuracy 0.606667
epoch 200, training accuracy 0.628333
epoch 210, training accuracy 0.640833
epoch 220, training accuracy 0.646667
epoch 230, training accuracy 0.656667
epoch 240, training accuracy 0.660833
epoch 250, training accuracy 0.665000
epoch 260, training accuracy 0.668333
epoch 270, training accuracy 0.672500
epoch 280, training accuracy 0.677500
epoch 290, training accuracy 0.678333
epoch 300, training accuracy 0.683333
epoch 310, training accuracy 0.687500
epoch 320, training accuracy 0.697500
epoch 330, training accuracy 0.700833
epoch 340, training accuracy 0.703333
epoch 350, training accuracy 0.710000
epoch 360, training accuracy 0.715000
epoch 370, training accuracy 0.716667
epoch 380, training accuracy 0.718333
epoch 390, training accuracy 0.721667
epoch 400, training accuracy 0.726667
epoch 410, training accuracy 0.729167
epoch 420, training accuracy 0.733333
epoch 430, training accuracy 0.735833
epoch 440, training accuracy 0.740000
epoch 450, training accuracy 0.742500
epoch 460, training accuracy 0.744167
epoch 470, training accuracy 0.745000
epoch 480, training accuracy 0.745000
epoch 490, training accuracy 0.748333
epoch 500, training accuracy 0.748333
epoch 510, training accuracy 0.750000
epoch 520, training accuracy 0.751667
epoch 530, training accuracy 0.754167
epoch 540, training accuracy 0.755833
epoch 550, training accuracy 0.760833
epoch 560, training accuracy 0.763333
epoch 570, training accuracy 0.768333
epoch 580, training accuracy 0.768333
epoch 590, training accuracy 0.770000
epoch 600, training accuracy 0.770833
epoch 610, training accuracy 0.772500
epoch 620, training accuracy 0.775833
epoch 630, training accuracy 0.775833
epoch 640, training accuracy 0.775833
epoch 650, training accuracy 0.777500
epoch 660, training accuracy 0.779167
epoch 670, training accuracy 0.779167
epoch 680, training accuracy 0.779167
epoch 690, training accuracy 0.780833
epoch 700, training accuracy 0.784167
epoch 710, training accuracy 0.785833
epoch 720, training accuracy 0.789167
epoch 730, training accuracy 0.791667
epoch 740, training accuracy 0.791667
epoch 750, training accuracy 0.792500
epoch 760, training accuracy 0.795000
epoch 770, training accuracy 0.795833
epoch 780, training accuracy 0.795833
epoch 790, training accuracy 0.798333
epoch 800, training accuracy 0.800000
epoch 810, training accuracy 0.801667
epoch 820, training accuracy 0.802500
epoch 830, training accuracy 0.802500
epoch 840, training accuracy 0.805833
epoch 850, training accuracy 0.806667
epoch 860, training accuracy 0.807500
epoch 870, training accuracy 0.808333
epoch 880, training accuracy 0.808333
epoch 890, training accuracy 0.810000
epoch 900, training accuracy 0.810833
epoch 910, training accuracy 0.810833
epoch 920, training accuracy 0.813333
epoch 930, training accuracy 0.813333
epoch 940, training accuracy 0.815833
epoch 950, training accuracy 0.817500
epoch 960, training accuracy 0.819167
epoch 970, training accuracy 0.819167
epoch 980, training accuracy 0.819167
epoch 990, training accuracy 0.820000
epoch 1000, training accuracy 0.821667
epoch 1010, training accuracy 0.822500
epoch 1020, training accuracy 0.822500
epoch 1030, training accuracy 0.824167
epoch 1040, training accuracy 0.823333
epoch 1050, training accuracy 0.824167
epoch 1060, training accuracy 0.826667
epoch 1070, training accuracy 0.828333
epoch 1080, training accuracy 0.828333
epoch 1090, training accuracy 0.828333
epoch 1100, training accuracy 0.828333
epoch 1110, training accuracy 0.830000
epoch 1120, training accuracy 0.830833
epoch 1130, training accuracy 0.830833
epoch 1140, training accuracy 0.830833
epoch 1150, training accuracy 0.832500
epoch 1160, training accuracy 0.834167
epoch 1170, training accuracy 0.835000
epoch 1180, training accuracy 0.835000
epoch 1190, training accuracy 0.835000
epoch 1200, training accuracy 0.837500
epoch 1210, training accuracy 0.837500
epoch 1220, training accuracy 0.838333
epoch 1230, training accuracy 0.838333
epoch 1240, training accuracy 0.838333
epoch 1250, training accuracy 0.840000
epoch 1260, training accuracy 0.841667
epoch 1270, training accuracy 0.841667
epoch 1280, training accuracy 0.841667
epoch 1290, training accuracy 0.842500
epoch 1300, training accuracy 0.842500
epoch 1310, training accuracy 0.843333
epoch 1320, training accuracy 0.844167
epoch 1330, training accuracy 0.845833
epoch 1340, training accuracy 0.845000
epoch 1350, training accuracy 0.845000
epoch 1360, training accuracy 0.845000
epoch 1370, training accuracy 0.845000
epoch 1380, training accuracy 0.845000
epoch 1390, training accuracy 0.845000
epoch 1400, training accuracy 0.846667
epoch 1410, training accuracy 0.850000
epoch 1420, training accuracy 0.850000
epoch 1430, training accuracy 0.850000
epoch 1440, training accuracy 0.851667
epoch 1450, training accuracy 0.851667
epoch 1460, training accuracy 0.853333
epoch 1470, training accuracy 0.855000
epoch 1480, training accuracy 0.855833
epoch 1490, training accuracy 0.857500
epoch 1500, training accuracy 0.857500
epoch 1510, training accuracy 0.858333
epoch 1520, training accuracy 0.859167
epoch 1530, training accuracy 0.859167
epoch 1540, training accuracy 0.859167
epoch 1550, training accuracy 0.861667
epoch 1560, training accuracy 0.863333
epoch 1570, training accuracy 0.862500
epoch 1580, training accuracy 0.861667
epoch 1590, training accuracy 0.861667
epoch 1600, training accuracy 0.862500
epoch 1610, training accuracy 0.861667
epoch 1620, training accuracy 0.861667
epoch 1630, training accuracy 0.862500
epoch 1640, training accuracy 0.862500
epoch 1650, training accuracy 0.865000
epoch 1660, training accuracy 0.865000
epoch 1670, training accuracy 0.865000
epoch 1680, training accuracy 0.865833
epoch 1690, training accuracy 0.866667
epoch 1700, training accuracy 0.866667
epoch 1710, training accuracy 0.866667
epoch 1720, training accuracy 0.866667
epoch 1730, training accuracy 0.866667
epoch 1740, training accuracy 0.866667
epoch 1750, training accuracy 0.866667
epoch 1760, training accuracy 0.866667
epoch 1770, training accuracy 0.866667
epoch 1780, training accuracy 0.869167
epoch 1790, training accuracy 0.869167
epoch 1800, training accuracy 0.869167
epoch 1810, training accuracy 0.870000
epoch 1820, training accuracy 0.870833
epoch 1830, training accuracy 0.871667
epoch 1840, training accuracy 0.871667
epoch 1850, training accuracy 0.871667
epoch 1860, training accuracy 0.871667
epoch 1870, training accuracy 0.871667
epoch 1880, training accuracy 0.871667
epoch 1890, training accuracy 0.870833
epoch 1900, training accuracy 0.870833
epoch 1910, training accuracy 0.871667
epoch 1920, training accuracy 0.871667
epoch 1930, training accuracy 0.871667
epoch 1940, training accuracy 0.871667
epoch 1950, training accuracy 0.871667
epoch 1960, training accuracy 0.871667
epoch 1970, training accuracy 0.871667
epoch 1980, training accuracy 0.871667
epoch 1990, training accuracy 0.872500
epoch 2000, training accuracy 0.872500
epoch 2010, training accuracy 0.871667
epoch 2020, training accuracy 0.871667
epoch 2030, training accuracy 0.872500
epoch 2040, training accuracy 0.872500
epoch 2050, training accuracy 0.872500
epoch 2060, training accuracy 0.872500
epoch 2070, training accuracy 0.872500
epoch 2080, training accuracy 0.872500
epoch 2090, training accuracy 0.872500
epoch 2100, training accuracy 0.872500
epoch 2110, training accuracy 0.872500
epoch 2120, training accuracy 0.872500
epoch 2130, training accuracy 0.872500
epoch 2140, training accuracy 0.872500
epoch 2150, training accuracy 0.874167
epoch 2160, training accuracy 0.875000
epoch 2170, training accuracy 0.875000
epoch 2180, training accuracy 0.874167
epoch 2190, training accuracy 0.874167
epoch 2200, training accuracy 0.874167
epoch 2210, training accuracy 0.874167
epoch 2220, training accuracy 0.875000
epoch 2230, training accuracy 0.875000
epoch 2240, training accuracy 0.875000
epoch 2250, training accuracy 0.875000
epoch 2260, training accuracy 0.875833
epoch 2270, training accuracy 0.875833
epoch 2280, training accuracy 0.875833
epoch 2290, training accuracy 0.875833
epoch 2300, training accuracy 0.875833
epoch 2310, training accuracy 0.875833
epoch 2320, training accuracy 0.875833
epoch 2330, training accuracy 0.875833
epoch 2340, training accuracy 0.875833
epoch 2350, training accuracy 0.875833
epoch 2360, training accuracy 0.875833
epoch 2370, training accuracy 0.876667
epoch 2380, training accuracy 0.876667
epoch 2390, training accuracy 0.876667
epoch 2400, training accuracy 0.876667
epoch 2410, training accuracy 0.876667
epoch 2420, training accuracy 0.876667
epoch 2430, training accuracy 0.876667
epoch 2440, training accuracy 0.876667
epoch 2450, training accuracy 0.876667
epoch 2460, training accuracy 0.876667
epoch 2470, training accuracy 0.877500
epoch 2480, training accuracy 0.877500
epoch 2490, training accuracy 0.877500
epoch 2500, training accuracy 0.877500
epoch 2510, training accuracy 0.877500
epoch 2520, training accuracy 0.877500
epoch 2530, training accuracy 0.877500
epoch 2540, training accuracy 0.877500
epoch 2550, training accuracy 0.877500
epoch 2560, training accuracy 0.877500
epoch 2570, training accuracy 0.877500
epoch 2580, training accuracy 0.878333
epoch 2590, training accuracy 0.879167
epoch 2600, training accuracy 0.879167
epoch 2610, training accuracy 0.879167
epoch 2620, training accuracy 0.879167
epoch 2630, training accuracy 0.880000
epoch 2640, training accuracy 0.880000
epoch 2650, training accuracy 0.880833
epoch 2660, training accuracy 0.880833
epoch 2670, training accuracy 0.880833
epoch 2680, training accuracy 0.880833
epoch 2690, training accuracy 0.880833
epoch 2700, training accuracy 0.880000
epoch 2710, training accuracy 0.880000
epoch 2720, training accuracy 0.880000
epoch 2730, training accuracy 0.880000
epoch 2740, training accuracy 0.880000
epoch 2750, training accuracy 0.880000
epoch 2760, training accuracy 0.880833
epoch 2770, training accuracy 0.880833
epoch 2780, training accuracy 0.880833
epoch 2790, training accuracy 0.880833
epoch 2800, training accuracy 0.880833
epoch 2810, training accuracy 0.881667
epoch 2820, training accuracy 0.882500
epoch 2830, training accuracy 0.882500
epoch 2840, training accuracy 0.882500
epoch 2850, training accuracy 0.882500
epoch 2860, training accuracy 0.884167
epoch 2870, training accuracy 0.885000
epoch 2880, training accuracy 0.885000
epoch 2890, training accuracy 0.885000
epoch 2900, training accuracy 0.885000
epoch 2910, training accuracy 0.885000
epoch 2920, training accuracy 0.885000
epoch 2930, training accuracy 0.885000
epoch 2940, training accuracy 0.885000
epoch 2950, training accuracy 0.885000
epoch 2960, training accuracy 0.885000
epoch 2970, training accuracy 0.885000
epoch 2980, training accuracy 0.885000
epoch 2990, training accuracy 0.885000
epoch 3000, training accuracy 0.885000
/tmp/passe_passo_validate.py loaded, containing 332 entries, class distribution: [166 166]
correct: [118, 121]
incorrect: [4, 10]
accuracy: [0.9672131147540983, 0.9236641221374046]
unclassified: [44, 35]
total accuracy: [0.7108433734939759, 0.7289156626506024]
Sun Oct 22 22:59:21 CEST 2017 finished, res_training/por/passe_passo
