Sun Oct 22 23:36:58 CEST 2017 create_training_files
/tmp/seat_set
12961 lines
1726 seat
11249 set
/tmp/seat_set_training
10369 lines
1369 seat
9009 set
/tmp/seat_set_validate
2592 lines
357 seat
2240 set
generate /tmp/seat_set_training.py, /tmp/seat_set_validate.py
:compileJava UP-TO-DATE
:processResources UP-TO-DATE
:classes UP-TO-DATE
:createNGramDatabase
Reading /tmp/seat_set_training
Tokenizing
undersampling to 1417
/tmp/seat_set_training.pycreated
Reading /tmp/seat_set_validate
Tokenizing
undersampling to 367
/tmp/seat_set_validate.pycreated

BUILD SUCCESSFUL

Total time: 5.704 secs

This build could be faster, please consider using the Gradle Daemon: https://docs.gradle.org/2.10/userguide/gradle_daemon.html
Sun Oct 22 23:37:10 CEST 2017 create_classifier
{'training_data_file': '/tmp/seat_set_training.py', 'num_inputs': 4, 'epochs': 3000, 'embedding_path': 'res_training/eng/embedding/final_embeddings.txt', 'batch_size': 1000, 'self': <__main__.NeuralNetwork object at 0x2ad60b988a58>, 'num_outputs': 2, 'use_flex_hidden_layer': False, 'dictionary_path': 'res_training/eng/embedding/dictionary.txt'}
embedding shape (42122, 64)
/tmp/seat_set_training.py loaded, containing 2834 entries, class distribution: [1417 1417]
Steps: 6000, 2 steps in 3000 epochs
epoch 0, training accuracy 0.519407
epoch 10, training accuracy 0.542696
epoch 20, training accuracy 0.562809
epoch 30, training accuracy 0.586450
epoch 40, training accuracy 0.603740
epoch 50, training accuracy 0.626323
epoch 60, training accuracy 0.645378
epoch 70, training accuracy 0.662668
epoch 80, training accuracy 0.677841
epoch 90, training accuracy 0.688426
epoch 100, training accuracy 0.705363
epoch 110, training accuracy 0.714185
epoch 120, training accuracy 0.724771
epoch 130, training accuracy 0.729711
epoch 140, training accuracy 0.733592
epoch 150, training accuracy 0.739591
epoch 160, training accuracy 0.746295
epoch 170, training accuracy 0.753352
epoch 180, training accuracy 0.759351
epoch 190, training accuracy 0.761468
epoch 200, training accuracy 0.767819
epoch 210, training accuracy 0.770995
epoch 220, training accuracy 0.777699
epoch 230, training accuracy 0.781934
epoch 240, training accuracy 0.787932
epoch 250, training accuracy 0.792167
epoch 260, training accuracy 0.794989
epoch 270, training accuracy 0.798518
epoch 280, training accuracy 0.803458
epoch 290, training accuracy 0.805928
epoch 300, training accuracy 0.808045
epoch 310, training accuracy 0.811221
epoch 320, training accuracy 0.814397
epoch 330, training accuracy 0.817572
epoch 340, training accuracy 0.821454
epoch 350, training accuracy 0.823924
epoch 360, training accuracy 0.824982
epoch 370, training accuracy 0.827452
epoch 380, training accuracy 0.828511
epoch 390, training accuracy 0.830275
epoch 400, training accuracy 0.831334
epoch 410, training accuracy 0.834510
epoch 420, training accuracy 0.836274
epoch 430, training accuracy 0.837332
epoch 440, training accuracy 0.838391
epoch 450, training accuracy 0.840508
epoch 460, training accuracy 0.841567
epoch 470, training accuracy 0.842978
epoch 480, training accuracy 0.845801
epoch 490, training accuracy 0.846507
epoch 500, training accuracy 0.848624
epoch 510, training accuracy 0.849330
epoch 520, training accuracy 0.850035
epoch 530, training accuracy 0.850741
epoch 540, training accuracy 0.852858
epoch 550, training accuracy 0.853564
epoch 560, training accuracy 0.852858
epoch 570, training accuracy 0.854622
epoch 580, training accuracy 0.855681
epoch 590, training accuracy 0.856034
epoch 600, training accuracy 0.856387
epoch 610, training accuracy 0.859562
epoch 620, training accuracy 0.860268
epoch 630, training accuracy 0.860621
epoch 640, training accuracy 0.860621
epoch 650, training accuracy 0.859915
epoch 660, training accuracy 0.860268
epoch 670, training accuracy 0.861680
epoch 680, training accuracy 0.862385
epoch 690, training accuracy 0.863091
epoch 700, training accuracy 0.864855
epoch 710, training accuracy 0.865208
epoch 720, training accuracy 0.865914
epoch 730, training accuracy 0.866267
epoch 740, training accuracy 0.866620
epoch 750, training accuracy 0.866973
epoch 760, training accuracy 0.868031
epoch 770, training accuracy 0.867678
epoch 780, training accuracy 0.868384
epoch 790, training accuracy 0.868031
epoch 800, training accuracy 0.869090
epoch 810, training accuracy 0.870148
epoch 820, training accuracy 0.870148
epoch 830, training accuracy 0.871207
epoch 840, training accuracy 0.871207
epoch 850, training accuracy 0.871207
epoch 860, training accuracy 0.871207
epoch 870, training accuracy 0.871207
epoch 880, training accuracy 0.872265
epoch 890, training accuracy 0.873324
epoch 900, training accuracy 0.874382
epoch 910, training accuracy 0.874735
epoch 920, training accuracy 0.874735
epoch 930, training accuracy 0.875794
epoch 940, training accuracy 0.875794
epoch 950, training accuracy 0.876500
epoch 960, training accuracy 0.877558
epoch 970, training accuracy 0.878264
epoch 980, training accuracy 0.878617
epoch 990, training accuracy 0.878970
epoch 1000, training accuracy 0.878617
epoch 1010, training accuracy 0.879323
epoch 1020, training accuracy 0.879675
epoch 1030, training accuracy 0.879675
epoch 1040, training accuracy 0.880028
epoch 1050, training accuracy 0.880381
epoch 1060, training accuracy 0.880734
epoch 1070, training accuracy 0.880734
epoch 1080, training accuracy 0.881440
epoch 1090, training accuracy 0.882145
epoch 1100, training accuracy 0.882145
epoch 1110, training accuracy 0.882498
epoch 1120, training accuracy 0.883557
epoch 1130, training accuracy 0.884968
epoch 1140, training accuracy 0.885321
epoch 1150, training accuracy 0.886027
epoch 1160, training accuracy 0.886027
epoch 1170, training accuracy 0.886380
epoch 1180, training accuracy 0.887085
epoch 1190, training accuracy 0.887438
epoch 1200, training accuracy 0.887438
epoch 1210, training accuracy 0.887438
epoch 1220, training accuracy 0.887791
epoch 1230, training accuracy 0.887791
epoch 1240, training accuracy 0.887438
epoch 1250, training accuracy 0.888497
epoch 1260, training accuracy 0.889555
epoch 1270, training accuracy 0.890261
epoch 1280, training accuracy 0.891673
epoch 1290, training accuracy 0.892025
epoch 1300, training accuracy 0.892378
epoch 1310, training accuracy 0.892025
epoch 1320, training accuracy 0.892025
epoch 1330, training accuracy 0.892378
epoch 1340, training accuracy 0.892731
epoch 1350, training accuracy 0.892025
epoch 1360, training accuracy 0.892025
epoch 1370, training accuracy 0.892025
epoch 1380, training accuracy 0.892025
epoch 1390, training accuracy 0.892378
epoch 1400, training accuracy 0.892731
epoch 1410, training accuracy 0.893084
epoch 1420, training accuracy 0.893084
epoch 1430, training accuracy 0.893437
epoch 1440, training accuracy 0.894143
epoch 1450, training accuracy 0.894848
epoch 1460, training accuracy 0.894848
epoch 1470, training accuracy 0.894848
epoch 1480, training accuracy 0.894848
epoch 1490, training accuracy 0.894848
epoch 1500, training accuracy 0.895554
epoch 1510, training accuracy 0.896260
epoch 1520, training accuracy 0.896613
epoch 1530, training accuracy 0.896613
epoch 1540, training accuracy 0.896965
epoch 1550, training accuracy 0.897318
epoch 1560, training accuracy 0.898377
epoch 1570, training accuracy 0.899083
epoch 1580, training accuracy 0.899083
epoch 1590, training accuracy 0.899083
epoch 1600, training accuracy 0.899788
epoch 1610, training accuracy 0.900494
epoch 1620, training accuracy 0.901200
epoch 1630, training accuracy 0.901200
epoch 1640, training accuracy 0.901553
epoch 1650, training accuracy 0.901553
epoch 1660, training accuracy 0.901905
epoch 1670, training accuracy 0.902611
epoch 1680, training accuracy 0.902611
epoch 1690, training accuracy 0.902611
epoch 1700, training accuracy 0.902611
epoch 1710, training accuracy 0.902258
epoch 1720, training accuracy 0.902258
epoch 1730, training accuracy 0.902258
epoch 1740, training accuracy 0.902964
epoch 1750, training accuracy 0.904023
epoch 1760, training accuracy 0.904023
epoch 1770, training accuracy 0.904023
epoch 1780, training accuracy 0.904023
epoch 1790, training accuracy 0.904728
epoch 1800, training accuracy 0.905081
epoch 1810, training accuracy 0.905081
epoch 1820, training accuracy 0.905434
epoch 1830, training accuracy 0.905787
epoch 1840, training accuracy 0.905787
epoch 1850, training accuracy 0.905787
epoch 1860, training accuracy 0.905787
epoch 1870, training accuracy 0.905787
epoch 1880, training accuracy 0.906140
epoch 1890, training accuracy 0.906140
epoch 1900, training accuracy 0.906140
epoch 1910, training accuracy 0.906845
epoch 1920, training accuracy 0.907198
epoch 1930, training accuracy 0.907198
epoch 1940, training accuracy 0.907904
epoch 1950, training accuracy 0.908257
epoch 1960, training accuracy 0.908963
epoch 1970, training accuracy 0.909315
epoch 1980, training accuracy 0.910727
epoch 1990, training accuracy 0.911080
epoch 2000, training accuracy 0.911433
epoch 2010, training accuracy 0.911785
epoch 2020, training accuracy 0.912138
epoch 2030, training accuracy 0.912844
epoch 2040, training accuracy 0.912844
epoch 2050, training accuracy 0.913197
epoch 2060, training accuracy 0.912844
epoch 2070, training accuracy 0.913197
epoch 2080, training accuracy 0.914255
epoch 2090, training accuracy 0.914608
epoch 2100, training accuracy 0.915314
epoch 2110, training accuracy 0.915314
epoch 2120, training accuracy 0.915314
epoch 2130, training accuracy 0.915314
epoch 2140, training accuracy 0.915314
epoch 2150, training accuracy 0.915314
epoch 2160, training accuracy 0.915314
epoch 2170, training accuracy 0.915314
epoch 2180, training accuracy 0.915314
epoch 2190, training accuracy 0.915314
epoch 2200, training accuracy 0.915314
epoch 2210, training accuracy 0.915314
epoch 2220, training accuracy 0.915314
epoch 2230, training accuracy 0.915314
epoch 2240, training accuracy 0.914961
epoch 2250, training accuracy 0.914961
epoch 2260, training accuracy 0.914961
epoch 2270, training accuracy 0.914961
epoch 2280, training accuracy 0.915314
epoch 2290, training accuracy 0.915314
epoch 2300, training accuracy 0.915314
epoch 2310, training accuracy 0.915314
epoch 2320, training accuracy 0.915667
epoch 2330, training accuracy 0.916020
epoch 2340, training accuracy 0.916020
epoch 2350, training accuracy 0.916373
epoch 2360, training accuracy 0.916373
epoch 2370, training accuracy 0.916725
epoch 2380, training accuracy 0.916725
epoch 2390, training accuracy 0.917078
epoch 2400, training accuracy 0.918137
epoch 2410, training accuracy 0.918137
epoch 2420, training accuracy 0.917784
epoch 2430, training accuracy 0.917431
epoch 2440, training accuracy 0.917431
epoch 2450, training accuracy 0.917431
epoch 2460, training accuracy 0.918137
epoch 2470, training accuracy 0.917784
epoch 2480, training accuracy 0.917784
epoch 2490, training accuracy 0.917784
epoch 2500, training accuracy 0.917784
epoch 2510, training accuracy 0.918137
epoch 2520, training accuracy 0.918490
epoch 2530, training accuracy 0.918490
epoch 2540, training accuracy 0.918843
epoch 2550, training accuracy 0.918490
epoch 2560, training accuracy 0.918490
epoch 2570, training accuracy 0.918490
epoch 2580, training accuracy 0.918490
epoch 2590, training accuracy 0.918490
epoch 2600, training accuracy 0.918490
epoch 2610, training accuracy 0.918843
epoch 2620, training accuracy 0.919195
epoch 2630, training accuracy 0.918843
epoch 2640, training accuracy 0.918843
epoch 2650, training accuracy 0.918843
epoch 2660, training accuracy 0.918843
epoch 2670, training accuracy 0.918843
epoch 2680, training accuracy 0.918843
epoch 2690, training accuracy 0.918843
epoch 2700, training accuracy 0.918843
epoch 2710, training accuracy 0.918843
epoch 2720, training accuracy 0.919548
epoch 2730, training accuracy 0.919548
epoch 2740, training accuracy 0.919548
epoch 2750, training accuracy 0.920254
epoch 2760, training accuracy 0.920254
epoch 2770, training accuracy 0.920607
epoch 2780, training accuracy 0.920607
epoch 2790, training accuracy 0.920607
epoch 2800, training accuracy 0.920607
epoch 2810, training accuracy 0.920607
epoch 2820, training accuracy 0.920607
epoch 2830, training accuracy 0.920607
epoch 2840, training accuracy 0.920607
epoch 2850, training accuracy 0.920607
epoch 2860, training accuracy 0.920960
epoch 2870, training accuracy 0.920960
epoch 2880, training accuracy 0.920960
epoch 2890, training accuracy 0.920607
epoch 2900, training accuracy 0.920607
epoch 2910, training accuracy 0.920607
epoch 2920, training accuracy 0.920607
epoch 2930, training accuracy 0.920254
epoch 2940, training accuracy 0.920254
epoch 2950, training accuracy 0.920254
epoch 2960, training accuracy 0.919901
epoch 2970, training accuracy 0.919901
epoch 2980, training accuracy 0.920254
epoch 2990, training accuracy 0.920607
epoch 3000, training accuracy 0.920607
/tmp/seat_set_validate.py loaded, containing 734 entries, class distribution: [367 367]
correct: [283, 281]
incorrect: [7, 22]
accuracy: [0.9758620689655172, 0.9273927392739274]
unclassified: [77, 64]
total accuracy: [0.771117166212534, 0.7656675749318801]
Sun Oct 22 23:37:43 CEST 2017 finished, res_training/eng/seat_set
