Mon Oct 23 04:27:02 CEST 2017 create_training_files
/tmp/if_is
225905 lines
32429 if
200365 is
/tmp/if_is_training
180724 lines
25972 if
160249 is
/tmp/if_is_validate
45181 lines
6457 if
40116 is
generate /tmp/if_is_training.py, /tmp/if_is_validate.py
:compileJava UP-TO-DATE
:processResources UP-TO-DATE
:classes UP-TO-DATE
:createNGramDatabase
Reading /tmp/if_is_training
Tokenizing
undersampling to 26844
/tmp/if_is_training.pycreated
Reading /tmp/if_is_validate
Tokenizing
undersampling to 6681
/tmp/if_is_validate.pycreated

BUILD SUCCESSFUL

Total time: 23.439 secs

This build could be faster, please consider using the Gradle Daemon: https://docs.gradle.org/2.10/userguide/gradle_daemon.html
Mon Oct 23 04:27:41 CEST 2017 create_classifier
{'epochs': 3000, 'num_outputs': 2, 'num_inputs': 4, 'batch_size': 1000, 'dictionary_path': 'res_training/eng/embedding/dictionary.txt', 'self': <__main__.NeuralNetwork object at 0x2b34bb3cea58>, 'use_flex_hidden_layer': False, 'embedding_path': 'res_training/eng/embedding/final_embeddings.txt', 'training_data_file': '/tmp/if_is_training.py'}
embedding shape (42122, 64)
/tmp/if_is_training.py loaded, containing 53688 entries, class distribution: [26844 26844]
Steps: 159000, 53 steps in 3000 epochs
epoch 0, training accuracy 0.621256
epoch 10, training accuracy 0.866693
epoch 20, training accuracy 0.899288
epoch 30, training accuracy 0.911545
epoch 40, training accuracy 0.919572
epoch 50, training accuracy 0.924490
epoch 60, training accuracy 0.927768
epoch 70, training accuracy 0.930003
epoch 80, training accuracy 0.931866
epoch 90, training accuracy 0.933579
epoch 100, training accuracy 0.934939
epoch 110, training accuracy 0.936168
epoch 120, training accuracy 0.937509
epoch 130, training accuracy 0.938254
epoch 140, training accuracy 0.938776
epoch 150, training accuracy 0.939502
epoch 160, training accuracy 0.939893
epoch 170, training accuracy 0.940173
epoch 180, training accuracy 0.940434
epoch 190, training accuracy 0.940638
epoch 200, training accuracy 0.940992
epoch 210, training accuracy 0.941216
epoch 220, training accuracy 0.941290
epoch 230, training accuracy 0.941384
epoch 240, training accuracy 0.941533
epoch 250, training accuracy 0.941626
epoch 260, training accuracy 0.941849
epoch 270, training accuracy 0.942222
epoch 280, training accuracy 0.942222
epoch 290, training accuracy 0.942240
epoch 300, training accuracy 0.942482
epoch 310, training accuracy 0.942557
epoch 320, training accuracy 0.942743
epoch 330, training accuracy 0.942482
epoch 340, training accuracy 0.942613
epoch 350, training accuracy 0.942669
epoch 360, training accuracy 0.942594
epoch 370, training accuracy 0.942836
epoch 380, training accuracy 0.942780
epoch 390, training accuracy 0.942669
epoch 400, training accuracy 0.942780
epoch 410, training accuracy 0.942799
epoch 420, training accuracy 0.943041
epoch 430, training accuracy 0.943004
epoch 440, training accuracy 0.942836
epoch 450, training accuracy 0.942930
epoch 460, training accuracy 0.942911
epoch 470, training accuracy 0.942967
epoch 480, training accuracy 0.943060
epoch 490, training accuracy 0.942985
epoch 500, training accuracy 0.942911
epoch 510, training accuracy 0.943023
epoch 520, training accuracy 0.942948
epoch 530, training accuracy 0.943004
epoch 540, training accuracy 0.943041
epoch 550, training accuracy 0.942930
epoch 560, training accuracy 0.942985
epoch 570, training accuracy 0.942967
epoch 580, training accuracy 0.942874
epoch 590, training accuracy 0.942892
epoch 600, training accuracy 0.942985
epoch 610, training accuracy 0.942874
epoch 620, training accuracy 0.942930
epoch 630, training accuracy 0.942930
epoch 640, training accuracy 0.942818
epoch 650, training accuracy 0.942855
epoch 660, training accuracy 0.942799
epoch 670, training accuracy 0.942855
epoch 680, training accuracy 0.942799
epoch 690, training accuracy 0.942762
epoch 700, training accuracy 0.942818
epoch 710, training accuracy 0.942780
epoch 720, training accuracy 0.942706
epoch 730, training accuracy 0.942762
epoch 740, training accuracy 0.942725
epoch 750, training accuracy 0.942650
epoch 760, training accuracy 0.942799
epoch 770, training accuracy 0.942687
epoch 780, training accuracy 0.942706
epoch 790, training accuracy 0.942743
epoch 800, training accuracy 0.942631
epoch 810, training accuracy 0.942631
epoch 820, training accuracy 0.942631
epoch 830, training accuracy 0.942669
epoch 840, training accuracy 0.942687
epoch 850, training accuracy 0.942650
epoch 860, training accuracy 0.942669
epoch 870, training accuracy 0.942687
epoch 880, training accuracy 0.942631
epoch 890, training accuracy 0.942669
epoch 900, training accuracy 0.942631
epoch 910, training accuracy 0.942669
epoch 920, training accuracy 0.942594
epoch 930, training accuracy 0.942725
epoch 940, training accuracy 0.942669
epoch 950, training accuracy 0.942669
epoch 960, training accuracy 0.942687
epoch 970, training accuracy 0.942650
epoch 980, training accuracy 0.942743
epoch 990, training accuracy 0.942725
epoch 1000, training accuracy 0.942669
epoch 1010, training accuracy 0.942631
epoch 1020, training accuracy 0.942687
epoch 1030, training accuracy 0.942687
epoch 1040, training accuracy 0.942762
epoch 1050, training accuracy 0.942687
epoch 1060, training accuracy 0.942650
epoch 1070, training accuracy 0.942687
epoch 1080, training accuracy 0.942725
epoch 1090, training accuracy 0.942762
epoch 1100, training accuracy 0.942725
epoch 1110, training accuracy 0.942725
epoch 1120, training accuracy 0.942706
epoch 1130, training accuracy 0.942669
epoch 1140, training accuracy 0.942687
epoch 1150, training accuracy 0.942780
epoch 1160, training accuracy 0.942669
epoch 1170, training accuracy 0.942743
epoch 1180, training accuracy 0.942706
epoch 1190, training accuracy 0.942762
epoch 1200, training accuracy 0.942836
epoch 1210, training accuracy 0.942743
epoch 1220, training accuracy 0.942687
epoch 1230, training accuracy 0.942706
epoch 1240, training accuracy 0.942743
epoch 1250, training accuracy 0.942836
epoch 1260, training accuracy 0.942836
epoch 1270, training accuracy 0.942799
epoch 1280, training accuracy 0.942706
epoch 1290, training accuracy 0.942706
epoch 1300, training accuracy 0.942818
epoch 1310, training accuracy 0.942855
epoch 1320, training accuracy 0.942780
epoch 1330, training accuracy 0.942780
epoch 1340, training accuracy 0.942687
epoch 1350, training accuracy 0.942762
epoch 1360, training accuracy 0.942836
epoch 1370, training accuracy 0.942855
epoch 1380, training accuracy 0.942836
epoch 1390, training accuracy 0.942725
epoch 1400, training accuracy 0.942687
epoch 1410, training accuracy 0.942836
epoch 1420, training accuracy 0.942874
epoch 1430, training accuracy 0.942818
epoch 1440, training accuracy 0.942762
epoch 1450, training accuracy 0.942725
epoch 1460, training accuracy 0.942799
epoch 1470, training accuracy 0.942818
epoch 1480, training accuracy 0.942818
epoch 1490, training accuracy 0.942799
epoch 1500, training accuracy 0.942743
epoch 1510, training accuracy 0.942780
epoch 1520, training accuracy 0.942836
epoch 1530, training accuracy 0.942836
epoch 1540, training accuracy 0.942799
epoch 1550, training accuracy 0.942818
epoch 1560, training accuracy 0.942743
epoch 1570, training accuracy 0.942836
epoch 1580, training accuracy 0.942818
epoch 1590, training accuracy 0.942836
epoch 1600, training accuracy 0.942855
epoch 1610, training accuracy 0.942780
epoch 1620, training accuracy 0.942892
epoch 1630, training accuracy 0.942836
epoch 1640, training accuracy 0.942799
epoch 1650, training accuracy 0.942799
epoch 1660, training accuracy 0.942799
epoch 1670, training accuracy 0.942743
epoch 1680, training accuracy 0.942874
epoch 1690, training accuracy 0.942799
epoch 1700, training accuracy 0.942836
epoch 1710, training accuracy 0.942874
epoch 1720, training accuracy 0.942762
epoch 1730, training accuracy 0.942892
epoch 1740, training accuracy 0.942836
epoch 1750, training accuracy 0.942836
epoch 1760, training accuracy 0.942780
epoch 1770, training accuracy 0.942780
epoch 1780, training accuracy 0.942818
epoch 1790, training accuracy 0.942836
epoch 1800, training accuracy 0.942836
epoch 1810, training accuracy 0.942818
epoch 1820, training accuracy 0.942874
epoch 1830, training accuracy 0.942762
epoch 1840, training accuracy 0.942836
epoch 1850, training accuracy 0.942874
epoch 1860, training accuracy 0.942855
epoch 1870, training accuracy 0.942855
epoch 1880, training accuracy 0.942762
epoch 1890, training accuracy 0.942892
epoch 1900, training accuracy 0.942892
epoch 1910, training accuracy 0.942874
epoch 1920, training accuracy 0.942836
epoch 1930, training accuracy 0.942818
epoch 1940, training accuracy 0.942743
epoch 1950, training accuracy 0.942874
epoch 1960, training accuracy 0.942892
epoch 1970, training accuracy 0.942892
epoch 1980, training accuracy 0.942930
epoch 1990, training accuracy 0.942762
epoch 2000, training accuracy 0.942892
epoch 2010, training accuracy 0.942911
epoch 2020, training accuracy 0.942892
epoch 2030, training accuracy 0.942855
epoch 2040, training accuracy 0.942780
epoch 2050, training accuracy 0.942799
epoch 2060, training accuracy 0.942892
epoch 2070, training accuracy 0.942892
epoch 2080, training accuracy 0.942892
epoch 2090, training accuracy 0.942874
epoch 2100, training accuracy 0.942743
epoch 2110, training accuracy 0.942874
epoch 2120, training accuracy 0.942892
epoch 2130, training accuracy 0.942874
epoch 2140, training accuracy 0.942855
epoch 2150, training accuracy 0.942762
epoch 2160, training accuracy 0.942855
epoch 2170, training accuracy 0.942911
epoch 2180, training accuracy 0.942911
epoch 2190, training accuracy 0.942892
epoch 2200, training accuracy 0.942799
epoch 2210, training accuracy 0.942762
epoch 2220, training accuracy 0.942892
epoch 2230, training accuracy 0.942892
epoch 2240, training accuracy 0.942892
epoch 2250, training accuracy 0.942855
epoch 2260, training accuracy 0.942762
epoch 2270, training accuracy 0.942874
epoch 2280, training accuracy 0.942930
epoch 2290, training accuracy 0.942911
epoch 2300, training accuracy 0.942855
epoch 2310, training accuracy 0.942780
epoch 2320, training accuracy 0.942799
epoch 2330, training accuracy 0.942892
epoch 2340, training accuracy 0.942874
epoch 2350, training accuracy 0.942874
epoch 2360, training accuracy 0.942818
epoch 2370, training accuracy 0.942743
epoch 2380, training accuracy 0.942892
epoch 2390, training accuracy 0.942948
epoch 2400, training accuracy 0.942874
epoch 2410, training accuracy 0.942874
epoch 2420, training accuracy 0.942762
epoch 2430, training accuracy 0.942836
epoch 2440, training accuracy 0.942967
epoch 2450, training accuracy 0.942892
epoch 2460, training accuracy 0.942911
epoch 2470, training accuracy 0.942799
epoch 2480, training accuracy 0.942762
epoch 2490, training accuracy 0.942855
epoch 2500, training accuracy 0.942911
epoch 2510, training accuracy 0.942874
epoch 2520, training accuracy 0.942892
epoch 2530, training accuracy 0.942780
epoch 2540, training accuracy 0.942892
epoch 2550, training accuracy 0.942930
epoch 2560, training accuracy 0.942874
epoch 2570, training accuracy 0.942874
epoch 2580, training accuracy 0.942799
epoch 2590, training accuracy 0.942818
epoch 2600, training accuracy 0.942930
epoch 2610, training accuracy 0.942892
epoch 2620, training accuracy 0.942874
epoch 2630, training accuracy 0.942818
epoch 2640, training accuracy 0.942780
epoch 2650, training accuracy 0.942874
epoch 2660, training accuracy 0.942911
epoch 2670, training accuracy 0.942874
epoch 2680, training accuracy 0.942874
epoch 2690, training accuracy 0.942799
epoch 2700, training accuracy 0.942855
epoch 2710, training accuracy 0.942911
epoch 2720, training accuracy 0.942874
epoch 2730, training accuracy 0.942874
epoch 2740, training accuracy 0.942818
epoch 2750, training accuracy 0.942799
epoch 2760, training accuracy 0.942855
epoch 2770, training accuracy 0.942892
epoch 2780, training accuracy 0.942874
epoch 2790, training accuracy 0.942874
epoch 2800, training accuracy 0.942799
epoch 2810, training accuracy 0.942855
epoch 2820, training accuracy 0.942911
epoch 2830, training accuracy 0.942855
epoch 2840, training accuracy 0.942855
epoch 2850, training accuracy 0.942818
epoch 2860, training accuracy 0.942836
epoch 2870, training accuracy 0.942892
epoch 2880, training accuracy 0.942892
epoch 2890, training accuracy 0.942874
epoch 2900, training accuracy 0.942836
epoch 2910, training accuracy 0.942780
epoch 2920, training accuracy 0.942892
epoch 2930, training accuracy 0.942874
epoch 2940, training accuracy 0.942855
epoch 2950, training accuracy 0.942874
epoch 2960, training accuracy 0.942818
epoch 2970, training accuracy 0.942874
epoch 2980, training accuracy 0.942874
epoch 2990, training accuracy 0.942874
epoch 3000, training accuracy 0.942874
/tmp/if_is_validate.py loaded, containing 13362 entries, class distribution: [6681 6681]
correct: [5873, 5927]
incorrect: [224, 169]
accuracy: [0.9632606199770379, 0.9722769028871391]
unclassified: [584, 585]
total accuracy: [0.8790600209549468, 0.8871426433168688]
Mon Oct 23 04:38:02 CEST 2017 finished, res_training/eng/if_is
