Sun Oct 22 18:45:21 CEST 2017 create_training_files
/tmp/be_we
161855 lines
118782 be
49548 we
/tmp/be_we_training
129484 lines
94935 be
39739 we
/tmp/be_we_validate
32371 lines
23847 be
9809 we
generate /tmp/be_we_training.py, /tmp/be_we_validate.py
:compileJava UP-TO-DATE
:processResources UP-TO-DATE
:classes UP-TO-DATE
:createNGramDatabase
Reading /tmp/be_we_training
Tokenizing
undersampling to 47876
/tmp/be_we_training.pycreated
Reading /tmp/be_we_validate
Tokenizing
undersampling to 11834
/tmp/be_we_validate.pycreated

BUILD SUCCESSFUL

Total time: 19.395 secs

This build could be faster, please consider using the Gradle Daemon: https://docs.gradle.org/2.10/userguide/gradle_daemon.html
Sun Oct 22 18:45:55 CEST 2017 create_classifier
{'embedding_path': 'res_training/eng/embedding/final_embeddings.txt', 'use_flex_hidden_layer': False, 'epochs': 3000, 'dictionary_path': 'res_training/eng/embedding/dictionary.txt', 'num_outputs': 2, 'training_data_file': '/tmp/be_we_training.py', 'batch_size': 1000, 'self': <__main__.NeuralNetwork object at 0x2b72dd4d5a58>, 'num_inputs': 4}
embedding shape (42122, 64)
/tmp/be_we_training.py loaded, containing 95752 entries, class distribution: [47876 47876]
Steps: 285000, 95 steps in 3000 epochs
epoch 0, training accuracy 0.811231
epoch 10, training accuracy 0.972063
epoch 20, training accuracy 0.979948
epoch 30, training accuracy 0.982392
epoch 40, training accuracy 0.983760
epoch 50, training accuracy 0.985118
epoch 60, training accuracy 0.986434
epoch 70, training accuracy 0.987154
epoch 80, training accuracy 0.987990
epoch 90, training accuracy 0.988648
epoch 100, training accuracy 0.989212
epoch 110, training accuracy 0.989483
epoch 120, training accuracy 0.989786
epoch 130, training accuracy 0.990162
epoch 140, training accuracy 0.990528
epoch 150, training accuracy 0.990601
epoch 160, training accuracy 0.990747
epoch 170, training accuracy 0.990872
epoch 180, training accuracy 0.991018
epoch 190, training accuracy 0.991060
epoch 200, training accuracy 0.991081
epoch 210, training accuracy 0.991186
epoch 220, training accuracy 0.991280
epoch 230, training accuracy 0.991363
epoch 240, training accuracy 0.991415
epoch 250, training accuracy 0.991488
epoch 260, training accuracy 0.991478
epoch 270, training accuracy 0.991499
epoch 280, training accuracy 0.991509
epoch 290, training accuracy 0.991520
epoch 300, training accuracy 0.991551
epoch 310, training accuracy 0.991562
epoch 320, training accuracy 0.991635
epoch 330, training accuracy 0.991666
epoch 340, training accuracy 0.991708
epoch 350, training accuracy 0.991750
epoch 360, training accuracy 0.991781
epoch 370, training accuracy 0.991718
epoch 380, training accuracy 0.991791
epoch 390, training accuracy 0.991823
epoch 400, training accuracy 0.991781
epoch 410, training accuracy 0.991781
epoch 420, training accuracy 0.991750
epoch 430, training accuracy 0.991791
epoch 440, training accuracy 0.991791
epoch 450, training accuracy 0.991802
epoch 460, training accuracy 0.991791
epoch 470, training accuracy 0.991823
epoch 480, training accuracy 0.991802
epoch 490, training accuracy 0.991854
epoch 500, training accuracy 0.991875
epoch 510, training accuracy 0.991854
epoch 520, training accuracy 0.991927
epoch 530, training accuracy 0.991938
epoch 540, training accuracy 0.991948
epoch 550, training accuracy 0.991948
epoch 560, training accuracy 0.991875
epoch 570, training accuracy 0.991885
epoch 580, training accuracy 0.991896
epoch 590, training accuracy 0.991927
epoch 600, training accuracy 0.991948
epoch 610, training accuracy 0.991938
epoch 620, training accuracy 0.991969
epoch 630, training accuracy 0.991979
epoch 640, training accuracy 0.991990
epoch 650, training accuracy 0.992011
epoch 660, training accuracy 0.992000
epoch 670, training accuracy 0.991938
epoch 680, training accuracy 0.991958
epoch 690, training accuracy 0.991990
epoch 700, training accuracy 0.992000
epoch 710, training accuracy 0.991990
epoch 720, training accuracy 0.992000
epoch 730, training accuracy 0.992000
epoch 740, training accuracy 0.992021
epoch 750, training accuracy 0.992000
epoch 760, training accuracy 0.991990
epoch 770, training accuracy 0.992021
epoch 780, training accuracy 0.992000
epoch 790, training accuracy 0.992021
epoch 800, training accuracy 0.992021
epoch 810, training accuracy 0.992000
epoch 820, training accuracy 0.992011
epoch 830, training accuracy 0.992021
epoch 840, training accuracy 0.992042
epoch 850, training accuracy 0.992063
epoch 860, training accuracy 0.992063
epoch 870, training accuracy 0.992052
epoch 880, training accuracy 0.991990
epoch 890, training accuracy 0.991990
epoch 900, training accuracy 0.992011
epoch 910, training accuracy 0.992032
epoch 920, training accuracy 0.992042
epoch 930, training accuracy 0.992032
epoch 940, training accuracy 0.992105
epoch 950, training accuracy 0.992094
epoch 960, training accuracy 0.992084
epoch 970, training accuracy 0.992073
epoch 980, training accuracy 0.992094
epoch 990, training accuracy 0.992094
epoch 1000, training accuracy 0.992105
epoch 1010, training accuracy 0.992105
epoch 1020, training accuracy 0.992021
epoch 1030, training accuracy 0.992084
epoch 1040, training accuracy 0.992105
epoch 1050, training accuracy 0.992115
epoch 1060, training accuracy 0.992115
epoch 1070, training accuracy 0.992115
epoch 1080, training accuracy 0.992073
epoch 1090, training accuracy 0.992084
epoch 1100, training accuracy 0.992094
epoch 1110, training accuracy 0.992105
epoch 1120, training accuracy 0.992105
epoch 1130, training accuracy 0.992105
epoch 1140, training accuracy 0.992105
epoch 1150, training accuracy 0.992105
epoch 1160, training accuracy 0.992084
epoch 1170, training accuracy 0.992084
epoch 1180, training accuracy 0.992084
epoch 1190, training accuracy 0.992084
epoch 1200, training accuracy 0.992105
epoch 1210, training accuracy 0.992105
epoch 1220, training accuracy 0.992105
epoch 1230, training accuracy 0.992115
epoch 1240, training accuracy 0.992084
epoch 1250, training accuracy 0.992115
epoch 1260, training accuracy 0.992052
epoch 1270, training accuracy 0.992084
epoch 1280, training accuracy 0.992105
epoch 1290, training accuracy 0.992105
epoch 1300, training accuracy 0.992094
epoch 1310, training accuracy 0.992126
epoch 1320, training accuracy 0.992136
epoch 1330, training accuracy 0.992084
epoch 1340, training accuracy 0.992094
epoch 1350, training accuracy 0.992084
epoch 1360, training accuracy 0.992063
epoch 1370, training accuracy 0.992073
epoch 1380, training accuracy 0.992084
epoch 1390, training accuracy 0.992094
epoch 1400, training accuracy 0.992105
epoch 1410, training accuracy 0.992126
epoch 1420, training accuracy 0.992105
epoch 1430, training accuracy 0.992084
epoch 1440, training accuracy 0.992073
epoch 1450, training accuracy 0.992084
epoch 1460, training accuracy 0.992073
epoch 1470, training accuracy 0.992084
epoch 1480, training accuracy 0.992105
epoch 1490, training accuracy 0.992115
epoch 1500, training accuracy 0.992115
epoch 1510, training accuracy 0.992115
epoch 1520, training accuracy 0.992115
epoch 1530, training accuracy 0.992073
epoch 1540, training accuracy 0.992063
epoch 1550, training accuracy 0.992084
epoch 1560, training accuracy 0.992094
epoch 1570, training accuracy 0.992105
epoch 1580, training accuracy 0.992115
epoch 1590, training accuracy 0.992115
epoch 1600, training accuracy 0.992115
epoch 1610, training accuracy 0.992105
epoch 1620, training accuracy 0.992073
epoch 1630, training accuracy 0.992063
epoch 1640, training accuracy 0.992063
epoch 1650, training accuracy 0.992073
epoch 1660, training accuracy 0.992084
epoch 1670, training accuracy 0.992105
epoch 1680, training accuracy 0.992115
epoch 1690, training accuracy 0.992115
epoch 1700, training accuracy 0.992105
epoch 1710, training accuracy 0.992105
epoch 1720, training accuracy 0.992063
epoch 1730, training accuracy 0.992052
epoch 1740, training accuracy 0.992073
epoch 1750, training accuracy 0.992073
epoch 1760, training accuracy 0.992073
epoch 1770, training accuracy 0.992094
epoch 1780, training accuracy 0.992105
epoch 1790, training accuracy 0.992105
epoch 1800, training accuracy 0.992094
epoch 1810, training accuracy 0.992042
epoch 1820, training accuracy 0.992052
epoch 1830, training accuracy 0.992042
epoch 1840, training accuracy 0.992063
epoch 1850, training accuracy 0.992063
epoch 1860, training accuracy 0.992073
epoch 1870, training accuracy 0.992094
epoch 1880, training accuracy 0.992073
epoch 1890, training accuracy 0.992115
epoch 1900, training accuracy 0.992094
epoch 1910, training accuracy 0.992073
epoch 1920, training accuracy 0.992032
epoch 1930, training accuracy 0.992042
epoch 1940, training accuracy 0.992063
epoch 1950, training accuracy 0.992073
epoch 1960, training accuracy 0.992084
epoch 1970, training accuracy 0.992084
epoch 1980, training accuracy 0.992105
epoch 1990, training accuracy 0.992094
epoch 2000, training accuracy 0.992073
epoch 2010, training accuracy 0.992042
epoch 2020, training accuracy 0.992042
epoch 2030, training accuracy 0.992021
epoch 2040, training accuracy 0.992063
epoch 2050, training accuracy 0.992063
epoch 2060, training accuracy 0.992073
epoch 2070, training accuracy 0.992094
epoch 2080, training accuracy 0.992073
epoch 2090, training accuracy 0.992084
epoch 2100, training accuracy 0.992032
epoch 2110, training accuracy 0.992042
epoch 2120, training accuracy 0.992042
epoch 2130, training accuracy 0.992042
epoch 2140, training accuracy 0.992042
epoch 2150, training accuracy 0.992063
epoch 2160, training accuracy 0.992052
epoch 2170, training accuracy 0.992094
epoch 2180, training accuracy 0.992052
epoch 2190, training accuracy 0.992052
epoch 2200, training accuracy 0.992063
epoch 2210, training accuracy 0.992032
epoch 2220, training accuracy 0.992032
epoch 2230, training accuracy 0.992042
epoch 2240, training accuracy 0.992042
epoch 2250, training accuracy 0.992042
epoch 2260, training accuracy 0.992073
epoch 2270, training accuracy 0.992042
epoch 2280, training accuracy 0.992084
epoch 2290, training accuracy 0.992032
epoch 2300, training accuracy 0.992042
epoch 2310, training accuracy 0.992042
epoch 2320, training accuracy 0.992042
epoch 2330, training accuracy 0.992032
epoch 2340, training accuracy 0.992042
epoch 2350, training accuracy 0.992052
epoch 2360, training accuracy 0.992042
epoch 2370, training accuracy 0.992032
epoch 2380, training accuracy 0.992032
epoch 2390, training accuracy 0.992052
epoch 2400, training accuracy 0.992042
epoch 2410, training accuracy 0.992052
epoch 2420, training accuracy 0.992032
epoch 2430, training accuracy 0.992032
epoch 2440, training accuracy 0.992052
epoch 2450, training accuracy 0.992052
epoch 2460, training accuracy 0.992011
epoch 2470, training accuracy 0.992011
epoch 2480, training accuracy 0.992052
epoch 2490, training accuracy 0.992063
epoch 2500, training accuracy 0.992042
epoch 2510, training accuracy 0.992042
epoch 2520, training accuracy 0.992032
epoch 2530, training accuracy 0.992052
epoch 2540, training accuracy 0.992052
epoch 2550, training accuracy 0.992021
epoch 2560, training accuracy 0.992000
epoch 2570, training accuracy 0.992042
epoch 2580, training accuracy 0.992042
epoch 2590, training accuracy 0.992042
epoch 2600, training accuracy 0.992042
epoch 2610, training accuracy 0.992032
epoch 2620, training accuracy 0.992032
epoch 2630, training accuracy 0.992042
epoch 2640, training accuracy 0.992042
epoch 2650, training accuracy 0.992032
epoch 2660, training accuracy 0.992011
epoch 2670, training accuracy 0.992032
epoch 2680, training accuracy 0.992042
epoch 2690, training accuracy 0.992052
epoch 2700, training accuracy 0.992032
epoch 2710, training accuracy 0.992021
epoch 2720, training accuracy 0.992032
epoch 2730, training accuracy 0.992042
epoch 2740, training accuracy 0.992032
epoch 2750, training accuracy 0.992000
epoch 2760, training accuracy 0.992032
epoch 2770, training accuracy 0.992032
epoch 2780, training accuracy 0.992073
epoch 2790, training accuracy 0.992052
epoch 2800, training accuracy 0.992021
epoch 2810, training accuracy 0.992032
epoch 2820, training accuracy 0.992052
epoch 2830, training accuracy 0.992042
epoch 2840, training accuracy 0.992021
epoch 2850, training accuracy 0.992000
epoch 2860, training accuracy 0.992042
epoch 2870, training accuracy 0.992032
epoch 2880, training accuracy 0.992063
epoch 2890, training accuracy 0.992032
epoch 2900, training accuracy 0.992021
epoch 2910, training accuracy 0.992032
epoch 2920, training accuracy 0.992052
epoch 2930, training accuracy 0.992042
epoch 2940, training accuracy 0.992032
epoch 2950, training accuracy 0.992021
epoch 2960, training accuracy 0.992052
epoch 2970, training accuracy 0.992063
epoch 2980, training accuracy 0.992063
epoch 2990, training accuracy 0.992032
epoch 3000, training accuracy 0.992032
/tmp/be_we_validate.py loaded, containing 23668 entries, class distribution: [11834 11834]
correct: [11649, 11648]
incorrect: [63, 61]
accuracy: [0.9946209016393442, 0.9947903322230762]
unclassified: [122, 125]
total accuracy: [0.9843670779111036, 0.984282575629542]
Sun Oct 22 19:03:33 CEST 2017 finished, res_training/eng/be_we
