Sat Sep 23 16:10:45 CEST 2017 create_training_files
/tmp/deu_news_2015_3M-sentences-raw.txt_small
300000 lines
6227 schon
393 schön
/tmp/schon_schön
43540 lines
40054 schon
3617 schön
/tmp/schon_schön_training
34832 lines
32061 schon
2869 schön
/tmp/schon_schön_validate
8708 lines
7993 schon
748 schön
generate /tmp/schon_schön_training.py, /tmp/schon_schön_validate.py
Sat Sep 23 16:11:10 CEST 2017 create_classifier
{'epochs': 3000, 'use_flex_hidden_layer': False, 'batch_size': 1000, 'training_data_file': '/tmp/schon_schön_training.py', 'self': <__main__.NeuralNetwork object at 0x2aab0e9d5a90>, 'num_inputs': 4, 'embedding_path': 'res_training/deu/embedding/final_embeddings.txt', 'num_outputs': 2, 'dictionary_path': 'res_training/deu/embedding/dictionary.txt'}
embedding shape (52520, 64)
/tmp/schon_schön_training.py loaded, containing 5778 entries, class distribution: [2889 2889]
Steps: 15000, 5 steps in 3000 epochs
epoch 0, training accuracy 0.582728
epoch 10, training accuracy 0.634822
epoch 20, training accuracy 0.670993
epoch 30, training accuracy 0.699896
epoch 40, training accuracy 0.720665
epoch 50, training accuracy 0.741433
epoch 60, training accuracy 0.760471
epoch 70, training accuracy 0.772932
epoch 80, training accuracy 0.786258
epoch 90, training accuracy 0.797854
epoch 100, training accuracy 0.804604
epoch 110, training accuracy 0.812911
epoch 120, training accuracy 0.820180
epoch 130, training accuracy 0.823814
epoch 140, training accuracy 0.827449
epoch 150, training accuracy 0.832295
epoch 160, training accuracy 0.836622
epoch 170, training accuracy 0.840256
epoch 180, training accuracy 0.841641
epoch 190, training accuracy 0.844410
epoch 200, training accuracy 0.845967
epoch 210, training accuracy 0.848044
epoch 220, training accuracy 0.850813
epoch 230, training accuracy 0.851506
epoch 240, training accuracy 0.853929
epoch 250, training accuracy 0.854794
epoch 260, training accuracy 0.856352
epoch 270, training accuracy 0.857736
epoch 280, training accuracy 0.858429
epoch 290, training accuracy 0.860159
epoch 300, training accuracy 0.861025
epoch 310, training accuracy 0.861890
epoch 320, training accuracy 0.862928
epoch 330, training accuracy 0.864832
epoch 340, training accuracy 0.865697
epoch 350, training accuracy 0.866217
epoch 360, training accuracy 0.866909
epoch 370, training accuracy 0.868120
epoch 380, training accuracy 0.868986
epoch 390, training accuracy 0.869505
epoch 400, training accuracy 0.870024
epoch 410, training accuracy 0.870197
epoch 420, training accuracy 0.870717
epoch 430, training accuracy 0.871582
epoch 440, training accuracy 0.872101
epoch 450, training accuracy 0.872620
epoch 460, training accuracy 0.873140
epoch 470, training accuracy 0.873659
epoch 480, training accuracy 0.874351
epoch 490, training accuracy 0.874870
epoch 500, training accuracy 0.875216
epoch 510, training accuracy 0.875736
epoch 520, training accuracy 0.876082
epoch 530, training accuracy 0.876947
epoch 540, training accuracy 0.877293
epoch 550, training accuracy 0.877120
epoch 560, training accuracy 0.877466
epoch 570, training accuracy 0.877812
epoch 580, training accuracy 0.877639
epoch 590, training accuracy 0.877812
epoch 600, training accuracy 0.877639
epoch 610, training accuracy 0.878332
epoch 620, training accuracy 0.878505
epoch 630, training accuracy 0.878678
epoch 640, training accuracy 0.878851
epoch 650, training accuracy 0.879197
epoch 660, training accuracy 0.880062
epoch 670, training accuracy 0.880755
epoch 680, training accuracy 0.881274
epoch 690, training accuracy 0.881274
epoch 700, training accuracy 0.881101
epoch 710, training accuracy 0.881274
epoch 720, training accuracy 0.881447
epoch 730, training accuracy 0.881620
epoch 740, training accuracy 0.881620
epoch 750, training accuracy 0.881447
epoch 760, training accuracy 0.881274
epoch 770, training accuracy 0.881620
epoch 780, training accuracy 0.881793
epoch 790, training accuracy 0.881793
epoch 800, training accuracy 0.881966
epoch 810, training accuracy 0.882139
epoch 820, training accuracy 0.882658
epoch 830, training accuracy 0.882831
epoch 840, training accuracy 0.883178
epoch 850, training accuracy 0.883351
epoch 860, training accuracy 0.883178
epoch 870, training accuracy 0.883524
epoch 880, training accuracy 0.883524
epoch 890, training accuracy 0.883524
epoch 900, training accuracy 0.884043
epoch 910, training accuracy 0.883870
epoch 920, training accuracy 0.884043
epoch 930, training accuracy 0.884389
epoch 940, training accuracy 0.884562
epoch 950, training accuracy 0.884389
epoch 960, training accuracy 0.884562
epoch 970, training accuracy 0.885254
epoch 980, training accuracy 0.885774
epoch 990, training accuracy 0.885774
epoch 1000, training accuracy 0.885947
epoch 1010, training accuracy 0.886120
epoch 1020, training accuracy 0.886812
epoch 1030, training accuracy 0.886812
epoch 1040, training accuracy 0.886812
epoch 1050, training accuracy 0.886812
epoch 1060, training accuracy 0.887158
epoch 1070, training accuracy 0.887677
epoch 1080, training accuracy 0.887504
epoch 1090, training accuracy 0.887504
epoch 1100, training accuracy 0.887331
epoch 1110, training accuracy 0.887677
epoch 1120, training accuracy 0.887850
epoch 1130, training accuracy 0.887850
epoch 1140, training accuracy 0.888543
epoch 1150, training accuracy 0.888716
epoch 1160, training accuracy 0.889062
epoch 1170, training accuracy 0.888889
epoch 1180, training accuracy 0.888889
epoch 1190, training accuracy 0.889235
epoch 1200, training accuracy 0.889581
epoch 1210, training accuracy 0.889581
epoch 1220, training accuracy 0.889754
epoch 1230, training accuracy 0.889927
epoch 1240, training accuracy 0.890100
epoch 1250, training accuracy 0.890273
epoch 1260, training accuracy 0.890447
epoch 1270, training accuracy 0.890447
epoch 1280, training accuracy 0.890620
epoch 1290, training accuracy 0.890793
epoch 1300, training accuracy 0.890966
epoch 1310, training accuracy 0.890966
epoch 1320, training accuracy 0.890793
epoch 1330, training accuracy 0.890620
epoch 1340, training accuracy 0.890447
epoch 1350, training accuracy 0.890447
epoch 1360, training accuracy 0.890273
epoch 1370, training accuracy 0.890447
epoch 1380, training accuracy 0.890620
epoch 1390, training accuracy 0.890447
epoch 1400, training accuracy 0.890620
epoch 1410, training accuracy 0.890447
epoch 1420, training accuracy 0.890620
epoch 1430, training accuracy 0.890620
epoch 1440, training accuracy 0.890620
epoch 1450, training accuracy 0.890620
epoch 1460, training accuracy 0.890273
epoch 1470, training accuracy 0.890273
epoch 1480, training accuracy 0.890447
epoch 1490, training accuracy 0.890793
epoch 1500, training accuracy 0.890793
epoch 1510, training accuracy 0.890793
epoch 1520, training accuracy 0.890793
epoch 1530, training accuracy 0.891139
epoch 1540, training accuracy 0.891139
epoch 1550, training accuracy 0.891312
epoch 1560, training accuracy 0.891658
epoch 1570, training accuracy 0.892004
epoch 1580, training accuracy 0.892177
epoch 1590, training accuracy 0.892177
epoch 1600, training accuracy 0.892350
epoch 1610, training accuracy 0.892350
epoch 1620, training accuracy 0.892177
epoch 1630, training accuracy 0.892696
epoch 1640, training accuracy 0.893043
epoch 1650, training accuracy 0.893216
epoch 1660, training accuracy 0.893216
epoch 1670, training accuracy 0.893216
epoch 1680, training accuracy 0.893389
epoch 1690, training accuracy 0.893043
epoch 1700, training accuracy 0.893043
epoch 1710, training accuracy 0.893216
epoch 1720, training accuracy 0.893562
epoch 1730, training accuracy 0.893562
epoch 1740, training accuracy 0.893389
epoch 1750, training accuracy 0.893735
epoch 1760, training accuracy 0.893735
epoch 1770, training accuracy 0.893735
epoch 1780, training accuracy 0.893735
epoch 1790, training accuracy 0.893735
epoch 1800, training accuracy 0.893908
epoch 1810, training accuracy 0.893908
epoch 1820, training accuracy 0.894081
epoch 1830, training accuracy 0.894427
epoch 1840, training accuracy 0.894254
epoch 1850, training accuracy 0.894427
epoch 1860, training accuracy 0.894600
epoch 1870, training accuracy 0.894773
epoch 1880, training accuracy 0.894773
epoch 1890, training accuracy 0.894946
epoch 1900, training accuracy 0.895119
epoch 1910, training accuracy 0.895119
epoch 1920, training accuracy 0.895292
epoch 1930, training accuracy 0.895292
epoch 1940, training accuracy 0.895292
epoch 1950, training accuracy 0.895466
epoch 1960, training accuracy 0.895812
epoch 1970, training accuracy 0.895812
epoch 1980, training accuracy 0.895985
epoch 1990, training accuracy 0.895985
epoch 2000, training accuracy 0.895812
epoch 2010, training accuracy 0.895466
epoch 2020, training accuracy 0.895466
epoch 2030, training accuracy 0.895466
epoch 2040, training accuracy 0.895639
epoch 2050, training accuracy 0.895639
epoch 2060, training accuracy 0.895812
epoch 2070, training accuracy 0.895812
epoch 2080, training accuracy 0.895466
epoch 2090, training accuracy 0.895466
epoch 2100, training accuracy 0.895466
epoch 2110, training accuracy 0.895812
epoch 2120, training accuracy 0.895985
epoch 2130, training accuracy 0.895985
epoch 2140, training accuracy 0.895639
epoch 2150, training accuracy 0.895466
epoch 2160, training accuracy 0.895466
epoch 2170, training accuracy 0.895985
epoch 2180, training accuracy 0.896158
epoch 2190, training accuracy 0.895985
epoch 2200, training accuracy 0.895812
epoch 2210, training accuracy 0.895985
epoch 2220, training accuracy 0.895985
epoch 2230, training accuracy 0.895985
epoch 2240, training accuracy 0.895985
epoch 2250, training accuracy 0.895985
epoch 2260, training accuracy 0.895639
epoch 2270, training accuracy 0.895812
epoch 2280, training accuracy 0.895812
epoch 2290, training accuracy 0.895639
epoch 2300, training accuracy 0.895639
epoch 2310, training accuracy 0.895639
epoch 2320, training accuracy 0.895639
epoch 2330, training accuracy 0.895639
epoch 2340, training accuracy 0.895812
epoch 2350, training accuracy 0.895812
epoch 2360, training accuracy 0.895639
epoch 2370, training accuracy 0.895639
epoch 2380, training accuracy 0.895812
epoch 2390, training accuracy 0.895812
epoch 2400, training accuracy 0.895985
epoch 2410, training accuracy 0.895812
epoch 2420, training accuracy 0.895985
epoch 2430, training accuracy 0.896331
epoch 2440, training accuracy 0.896331
epoch 2450, training accuracy 0.896504
epoch 2460, training accuracy 0.896504
epoch 2470, training accuracy 0.896677
epoch 2480, training accuracy 0.896677
epoch 2490, training accuracy 0.896504
epoch 2500, training accuracy 0.896504
epoch 2510, training accuracy 0.896504
epoch 2520, training accuracy 0.896504
epoch 2530, training accuracy 0.896504
epoch 2540, training accuracy 0.896331
epoch 2550, training accuracy 0.896331
epoch 2560, training accuracy 0.896504
epoch 2570, training accuracy 0.896504
epoch 2580, training accuracy 0.896331
epoch 2590, training accuracy 0.896331
epoch 2600, training accuracy 0.896331
epoch 2610, training accuracy 0.896331
epoch 2620, training accuracy 0.896331
epoch 2630, training accuracy 0.896331
epoch 2640, training accuracy 0.896331
epoch 2650, training accuracy 0.896504
epoch 2660, training accuracy 0.896504
epoch 2670, training accuracy 0.896677
epoch 2680, training accuracy 0.896850
epoch 2690, training accuracy 0.896850
epoch 2700, training accuracy 0.896850
epoch 2710, training accuracy 0.896850
epoch 2720, training accuracy 0.896850
epoch 2730, training accuracy 0.896850
epoch 2740, training accuracy 0.897196
epoch 2750, training accuracy 0.897023
epoch 2760, training accuracy 0.897023
epoch 2770, training accuracy 0.896850
epoch 2780, training accuracy 0.896850
epoch 2790, training accuracy 0.896850
epoch 2800, training accuracy 0.896850
epoch 2810, training accuracy 0.896850
epoch 2820, training accuracy 0.897023
epoch 2830, training accuracy 0.897369
epoch 2840, training accuracy 0.897542
epoch 2850, training accuracy 0.897542
epoch 2860, training accuracy 0.897542
epoch 2870, training accuracy 0.897715
epoch 2880, training accuracy 0.897715
epoch 2890, training accuracy 0.897715
epoch 2900, training accuracy 0.897889
epoch 2910, training accuracy 0.897889
epoch 2920, training accuracy 0.898062
epoch 2930, training accuracy 0.898062
epoch 2940, training accuracy 0.898062
epoch 2950, training accuracy 0.898062
epoch 2960, training accuracy 0.898062
epoch 2970, training accuracy 0.898062
epoch 2980, training accuracy 0.898062
epoch 2990, training accuracy 0.898062
epoch 3000, training accuracy 0.898062
/tmp/schon_schön_validate.py loaded, containing 1506 entries, class distribution: [753 753]
correct: [599, 576]
incorrect: [30, 46]
accuracy: [0.9523052464228935, 0.9260450160771704]
unclassified: [124, 131]
total accuracy: [0.795484727755644, 0.7649402390438247]
Sat Sep 23 16:12:23 CEST 2017 finished, res_training/deu/schon_schön
