Sun Oct 22 22:29:40 CEST 2017 create_training_files
/tmp/morte_norte
9418 lines
3030 morte
6428 norte
/tmp/morte_norte_training
7535 lines
2389 morte
5174 norte
/tmp/morte_norte_validate
1883 lines
641 morte
1254 norte
generate /tmp/morte_norte_training.py, /tmp/morte_norte_validate.py
:compileJava UP-TO-DATE
:processResources UP-TO-DATE
:classes UP-TO-DATE
:createNGramDatabase
Reading /tmp/morte_norte_training
Tokenizing
undersampling to 2459
/tmp/morte_norte_training.pycreated
Reading /tmp/morte_norte_validate
Tokenizing
undersampling to 657
/tmp/morte_norte_validate.pycreated

BUILD SUCCESSFUL

Total time: 5.473 secs

This build could be faster, please consider using the Gradle Daemon: https://docs.gradle.org/2.10/userguide/gradle_daemon.html
Sun Oct 22 22:29:51 CEST 2017 create_classifier
{'num_outputs': 2, 'batch_size': 1000, 'num_inputs': 4, 'epochs': 3000, 'use_flex_hidden_layer': False, 'dictionary_path': 'res_training/por/embedding/dictionary.txt', 'self': <__main__.NeuralNetwork object at 0x2b37aac44a58>, 'training_data_file': '/tmp/morte_norte_training.py', 'embedding_path': 'res_training/por/embedding/final_embeddings.txt'}
embedding shape (44676, 64)
/tmp/morte_norte_training.py loaded, containing 4918 entries, class distribution: [2459 2459]
Steps: 12000, 4 steps in 3000 epochs
epoch 0, training accuracy 0.529890
epoch 10, training accuracy 0.663278
epoch 20, training accuracy 0.733225
epoch 30, training accuracy 0.794835
epoch 40, training accuracy 0.833469
epoch 50, training accuracy 0.860919
epoch 60, training accuracy 0.876373
epoch 70, training accuracy 0.886743
epoch 80, training accuracy 0.894266
epoch 90, training accuracy 0.897723
epoch 100, training accuracy 0.900366
epoch 110, training accuracy 0.902399
epoch 120, training accuracy 0.905449
epoch 130, training accuracy 0.907483
epoch 140, training accuracy 0.911143
epoch 150, training accuracy 0.912973
epoch 160, training accuracy 0.915819
epoch 170, training accuracy 0.918056
epoch 180, training accuracy 0.921513
epoch 190, training accuracy 0.923546
epoch 200, training accuracy 0.928020
epoch 210, training accuracy 0.930256
epoch 220, training accuracy 0.932493
epoch 230, training accuracy 0.934730
epoch 240, training accuracy 0.937170
epoch 250, training accuracy 0.938796
epoch 260, training accuracy 0.941033
epoch 270, training accuracy 0.943270
epoch 280, training accuracy 0.945100
epoch 290, training accuracy 0.946320
epoch 300, training accuracy 0.948963
epoch 310, training accuracy 0.949980
epoch 320, training accuracy 0.951606
epoch 330, training accuracy 0.952826
epoch 340, training accuracy 0.954046
epoch 350, training accuracy 0.954860
epoch 360, training accuracy 0.956486
epoch 370, training accuracy 0.957910
epoch 380, training accuracy 0.959333
epoch 390, training accuracy 0.961773
epoch 400, training accuracy 0.962383
epoch 410, training accuracy 0.963400
epoch 420, training accuracy 0.964213
epoch 430, training accuracy 0.965026
epoch 440, training accuracy 0.965433
epoch 450, training accuracy 0.965840
epoch 460, training accuracy 0.966856
epoch 470, training accuracy 0.967466
epoch 480, training accuracy 0.967466
epoch 490, training accuracy 0.968280
epoch 500, training accuracy 0.968686
epoch 510, training accuracy 0.968686
epoch 520, training accuracy 0.968483
epoch 530, training accuracy 0.968686
epoch 540, training accuracy 0.968890
epoch 550, training accuracy 0.969703
epoch 560, training accuracy 0.969906
epoch 570, training accuracy 0.970720
epoch 580, training accuracy 0.970923
epoch 590, training accuracy 0.971330
epoch 600, training accuracy 0.971736
epoch 610, training accuracy 0.972143
epoch 620, training accuracy 0.972753
epoch 630, training accuracy 0.973160
epoch 640, training accuracy 0.973566
epoch 650, training accuracy 0.973566
epoch 660, training accuracy 0.973973
epoch 670, training accuracy 0.974787
epoch 680, training accuracy 0.975193
epoch 690, training accuracy 0.975397
epoch 700, training accuracy 0.975600
epoch 710, training accuracy 0.975803
epoch 720, training accuracy 0.976007
epoch 730, training accuracy 0.976007
epoch 740, training accuracy 0.976007
epoch 750, training accuracy 0.976210
epoch 760, training accuracy 0.976210
epoch 770, training accuracy 0.976210
epoch 780, training accuracy 0.976617
epoch 790, training accuracy 0.976820
epoch 800, training accuracy 0.976820
epoch 810, training accuracy 0.977226
epoch 820, training accuracy 0.977226
epoch 830, training accuracy 0.977226
epoch 840, training accuracy 0.977023
epoch 850, training accuracy 0.977023
epoch 860, training accuracy 0.977023
epoch 870, training accuracy 0.977430
epoch 880, training accuracy 0.977430
epoch 890, training accuracy 0.977633
epoch 900, training accuracy 0.978650
epoch 910, training accuracy 0.979260
epoch 920, training accuracy 0.979260
epoch 930, training accuracy 0.979260
epoch 940, training accuracy 0.979463
epoch 950, training accuracy 0.979463
epoch 960, training accuracy 0.979667
epoch 970, training accuracy 0.979667
epoch 980, training accuracy 0.979667
epoch 990, training accuracy 0.979870
epoch 1000, training accuracy 0.980277
epoch 1010, training accuracy 0.981090
epoch 1020, training accuracy 0.981090
epoch 1030, training accuracy 0.981090
epoch 1040, training accuracy 0.980887
epoch 1050, training accuracy 0.981090
epoch 1060, training accuracy 0.981090
epoch 1070, training accuracy 0.981293
epoch 1080, training accuracy 0.981497
epoch 1090, training accuracy 0.981497
epoch 1100, training accuracy 0.981700
epoch 1110, training accuracy 0.981903
epoch 1120, training accuracy 0.981903
epoch 1130, training accuracy 0.981903
epoch 1140, training accuracy 0.981903
epoch 1150, training accuracy 0.982107
epoch 1160, training accuracy 0.982107
epoch 1170, training accuracy 0.981903
epoch 1180, training accuracy 0.982107
epoch 1190, training accuracy 0.982107
epoch 1200, training accuracy 0.982107
epoch 1210, training accuracy 0.982107
epoch 1220, training accuracy 0.982107
epoch 1230, training accuracy 0.982310
epoch 1240, training accuracy 0.982310
epoch 1250, training accuracy 0.982310
epoch 1260, training accuracy 0.982310
epoch 1270, training accuracy 0.982310
epoch 1280, training accuracy 0.982310
epoch 1290, training accuracy 0.982513
epoch 1300, training accuracy 0.982920
epoch 1310, training accuracy 0.982920
epoch 1320, training accuracy 0.983123
epoch 1330, training accuracy 0.983123
epoch 1340, training accuracy 0.983123
epoch 1350, training accuracy 0.983327
epoch 1360, training accuracy 0.983327
epoch 1370, training accuracy 0.983327
epoch 1380, training accuracy 0.983733
epoch 1390, training accuracy 0.983937
epoch 1400, training accuracy 0.983937
epoch 1410, training accuracy 0.983937
epoch 1420, training accuracy 0.983937
epoch 1430, training accuracy 0.984343
epoch 1440, training accuracy 0.984343
epoch 1450, training accuracy 0.984343
epoch 1460, training accuracy 0.984547
epoch 1470, training accuracy 0.984750
epoch 1480, training accuracy 0.984953
epoch 1490, training accuracy 0.984953
epoch 1500, training accuracy 0.984953
epoch 1510, training accuracy 0.984953
epoch 1520, training accuracy 0.985157
epoch 1530, training accuracy 0.985157
epoch 1540, training accuracy 0.985157
epoch 1550, training accuracy 0.985157
epoch 1560, training accuracy 0.985157
epoch 1570, training accuracy 0.985157
epoch 1580, training accuracy 0.985157
epoch 1590, training accuracy 0.985157
epoch 1600, training accuracy 0.985360
epoch 1610, training accuracy 0.985360
epoch 1620, training accuracy 0.985360
epoch 1630, training accuracy 0.985563
epoch 1640, training accuracy 0.985563
epoch 1650, training accuracy 0.985563
epoch 1660, training accuracy 0.985563
epoch 1670, training accuracy 0.985563
epoch 1680, training accuracy 0.985563
epoch 1690, training accuracy 0.985563
epoch 1700, training accuracy 0.985563
epoch 1710, training accuracy 0.985563
epoch 1720, training accuracy 0.985563
epoch 1730, training accuracy 0.985767
epoch 1740, training accuracy 0.985767
epoch 1750, training accuracy 0.985970
epoch 1760, training accuracy 0.985970
epoch 1770, training accuracy 0.985970
epoch 1780, training accuracy 0.986173
epoch 1790, training accuracy 0.986377
epoch 1800, training accuracy 0.986377
epoch 1810, training accuracy 0.986377
epoch 1820, training accuracy 0.986377
epoch 1830, training accuracy 0.986580
epoch 1840, training accuracy 0.986580
epoch 1850, training accuracy 0.986783
epoch 1860, training accuracy 0.986783
epoch 1870, training accuracy 0.986783
epoch 1880, training accuracy 0.986783
epoch 1890, training accuracy 0.986783
epoch 1900, training accuracy 0.986987
epoch 1910, training accuracy 0.986987
epoch 1920, training accuracy 0.987393
epoch 1930, training accuracy 0.987393
epoch 1940, training accuracy 0.987393
epoch 1950, training accuracy 0.987597
epoch 1960, training accuracy 0.987597
epoch 1970, training accuracy 0.987597
epoch 1980, training accuracy 0.987597
epoch 1990, training accuracy 0.987597
epoch 2000, training accuracy 0.987597
epoch 2010, training accuracy 0.987597
epoch 2020, training accuracy 0.987597
epoch 2030, training accuracy 0.987597
epoch 2040, training accuracy 0.987597
epoch 2050, training accuracy 0.987800
epoch 2060, training accuracy 0.987800
epoch 2070, training accuracy 0.987800
epoch 2080, training accuracy 0.988003
epoch 2090, training accuracy 0.988003
epoch 2100, training accuracy 0.988207
epoch 2110, training accuracy 0.988207
epoch 2120, training accuracy 0.988207
epoch 2130, training accuracy 0.988207
epoch 2140, training accuracy 0.988207
epoch 2150, training accuracy 0.988207
epoch 2160, training accuracy 0.988207
epoch 2170, training accuracy 0.988207
epoch 2180, training accuracy 0.988410
epoch 2190, training accuracy 0.988410
epoch 2200, training accuracy 0.988410
epoch 2210, training accuracy 0.988410
epoch 2220, training accuracy 0.988410
epoch 2230, training accuracy 0.988410
epoch 2240, training accuracy 0.988207
epoch 2250, training accuracy 0.988207
epoch 2260, training accuracy 0.988207
epoch 2270, training accuracy 0.988207
epoch 2280, training accuracy 0.988410
epoch 2290, training accuracy 0.988410
epoch 2300, training accuracy 0.988410
epoch 2310, training accuracy 0.988410
epoch 2320, training accuracy 0.988410
epoch 2330, training accuracy 0.988410
epoch 2340, training accuracy 0.988410
epoch 2350, training accuracy 0.988817
epoch 2360, training accuracy 0.988817
epoch 2370, training accuracy 0.988817
epoch 2380, training accuracy 0.989020
epoch 2390, training accuracy 0.989223
epoch 2400, training accuracy 0.989427
epoch 2410, training accuracy 0.989427
epoch 2420, training accuracy 0.989427
epoch 2430, training accuracy 0.989630
epoch 2440, training accuracy 0.989427
epoch 2450, training accuracy 0.989630
epoch 2460, training accuracy 0.989630
epoch 2470, training accuracy 0.989630
epoch 2480, training accuracy 0.989833
epoch 2490, training accuracy 0.990037
epoch 2500, training accuracy 0.990037
epoch 2510, training accuracy 0.990037
epoch 2520, training accuracy 0.990037
epoch 2530, training accuracy 0.990037
epoch 2540, training accuracy 0.990037
epoch 2550, training accuracy 0.990037
epoch 2560, training accuracy 0.990240
epoch 2570, training accuracy 0.990443
epoch 2580, training accuracy 0.990443
epoch 2590, training accuracy 0.990443
epoch 2600, training accuracy 0.990443
epoch 2610, training accuracy 0.990443
epoch 2620, training accuracy 0.990443
epoch 2630, training accuracy 0.990443
epoch 2640, training accuracy 0.990443
epoch 2650, training accuracy 0.990443
epoch 2660, training accuracy 0.990443
epoch 2670, training accuracy 0.990443
epoch 2680, training accuracy 0.990443
epoch 2690, training accuracy 0.990443
epoch 2700, training accuracy 0.990443
epoch 2710, training accuracy 0.990443
epoch 2720, training accuracy 0.990443
epoch 2730, training accuracy 0.990443
epoch 2740, training accuracy 0.990443
epoch 2750, training accuracy 0.990443
epoch 2760, training accuracy 0.990443
epoch 2770, training accuracy 0.990443
epoch 2780, training accuracy 0.990647
epoch 2790, training accuracy 0.990850
epoch 2800, training accuracy 0.990850
epoch 2810, training accuracy 0.990850
epoch 2820, training accuracy 0.991053
epoch 2830, training accuracy 0.991053
epoch 2840, training accuracy 0.991053
epoch 2850, training accuracy 0.991053
epoch 2860, training accuracy 0.991053
epoch 2870, training accuracy 0.991053
epoch 2880, training accuracy 0.991053
epoch 2890, training accuracy 0.991053
epoch 2900, training accuracy 0.991053
epoch 2910, training accuracy 0.991053
epoch 2920, training accuracy 0.991053
epoch 2930, training accuracy 0.991053
epoch 2940, training accuracy 0.991053
epoch 2950, training accuracy 0.991053
epoch 2960, training accuracy 0.991053
epoch 2970, training accuracy 0.991053
epoch 2980, training accuracy 0.991053
epoch 2990, training accuracy 0.991053
epoch 3000, training accuracy 0.991053
/tmp/morte_norte_validate.py loaded, containing 1314 entries, class distribution: [657 657]
correct: [637, 640]
incorrect: [1, 4]
accuracy: [0.9984326018808778, 0.9937888198757764]
unclassified: [19, 13]
total accuracy: [0.969558599695586, 0.974124809741248]
Sun Oct 22 22:30:46 CEST 2017 finished, res_training/por/morte_norte
