Sun Oct 22 19:07:48 CEST 2017 create_training_files
/tmp/conceito_concerto
2433 lines
1023 conceito
1412 concerto
/tmp/conceito_concerto_training
1947 lines
823 conceito
1126 concerto
/tmp/conceito_concerto_validate
486 lines
200 conceito
286 concerto
generate /tmp/conceito_concerto_training.py, /tmp/conceito_concerto_validate.py
:compileJava UP-TO-DATE
:processResources UP-TO-DATE
:classes UP-TO-DATE
:createNGramDatabase
Reading /tmp/conceito_concerto_training
Tokenizing
undersampling to 834
/tmp/conceito_concerto_training.pycreated
Reading /tmp/conceito_concerto_validate
Tokenizing
undersampling to 205
/tmp/conceito_concerto_validate.pycreated

BUILD SUCCESSFUL

Total time: 4.734 secs

This build could be faster, please consider using the Gradle Daemon: https://docs.gradle.org/2.10/userguide/gradle_daemon.html
Sun Oct 22 19:07:58 CEST 2017 create_classifier
{'batch_size': 1000, 'dictionary_path': 'res_training/por/embedding/dictionary.txt', 'embedding_path': 'res_training/por/embedding/final_embeddings.txt', 'epochs': 3000, 'num_outputs': 2, 'use_flex_hidden_layer': False, 'self': <__main__.NeuralNetwork object at 0x2b200ec89a58>, 'num_inputs': 4, 'training_data_file': '/tmp/conceito_concerto_training.py'}
embedding shape (44676, 64)
/tmp/conceito_concerto_training.py loaded, containing 1668 entries, class distribution: [834 834]
Steps: 3000, 1 steps in 3000 epochs
epoch 0, training accuracy 0.488010
epoch 10, training accuracy 0.497002
epoch 20, training accuracy 0.504197
epoch 30, training accuracy 0.513189
epoch 40, training accuracy 0.522782
epoch 50, training accuracy 0.533573
epoch 60, training accuracy 0.546763
epoch 70, training accuracy 0.555156
epoch 80, training accuracy 0.561751
epoch 90, training accuracy 0.570743
epoch 100, training accuracy 0.580336
epoch 110, training accuracy 0.589329
epoch 120, training accuracy 0.595923
epoch 130, training accuracy 0.608513
epoch 140, training accuracy 0.618106
epoch 150, training accuracy 0.625899
epoch 160, training accuracy 0.633693
epoch 170, training accuracy 0.642086
epoch 180, training accuracy 0.649880
epoch 190, training accuracy 0.656475
epoch 200, training accuracy 0.659472
epoch 210, training accuracy 0.661271
epoch 220, training accuracy 0.668465
epoch 230, training accuracy 0.673861
epoch 240, training accuracy 0.676259
epoch 250, training accuracy 0.682854
epoch 260, training accuracy 0.684053
epoch 270, training accuracy 0.690647
epoch 280, training accuracy 0.697842
epoch 290, training accuracy 0.701439
epoch 300, training accuracy 0.703237
epoch 310, training accuracy 0.706835
epoch 320, training accuracy 0.709233
epoch 330, training accuracy 0.711631
epoch 340, training accuracy 0.712830
epoch 350, training accuracy 0.715228
epoch 360, training accuracy 0.718225
epoch 370, training accuracy 0.717026
epoch 380, training accuracy 0.718225
epoch 390, training accuracy 0.721823
epoch 400, training accuracy 0.721223
epoch 410, training accuracy 0.720024
epoch 420, training accuracy 0.721823
epoch 430, training accuracy 0.724820
epoch 440, training accuracy 0.727218
epoch 450, training accuracy 0.727218
epoch 460, training accuracy 0.730815
epoch 470, training accuracy 0.732614
epoch 480, training accuracy 0.735611
epoch 490, training accuracy 0.736811
epoch 500, training accuracy 0.739808
epoch 510, training accuracy 0.744005
epoch 520, training accuracy 0.744005
epoch 530, training accuracy 0.746403
epoch 540, training accuracy 0.747002
epoch 550, training accuracy 0.747002
epoch 560, training accuracy 0.751199
epoch 570, training accuracy 0.752998
epoch 580, training accuracy 0.754796
epoch 590, training accuracy 0.755995
epoch 600, training accuracy 0.757794
epoch 610, training accuracy 0.760791
epoch 620, training accuracy 0.761990
epoch 630, training accuracy 0.761990
epoch 640, training accuracy 0.763789
epoch 650, training accuracy 0.764389
epoch 660, training accuracy 0.765588
epoch 670, training accuracy 0.766187
epoch 680, training accuracy 0.769185
epoch 690, training accuracy 0.768585
epoch 700, training accuracy 0.767986
epoch 710, training accuracy 0.769784
epoch 720, training accuracy 0.769784
epoch 730, training accuracy 0.770384
epoch 740, training accuracy 0.772182
epoch 750, training accuracy 0.774580
epoch 760, training accuracy 0.776379
epoch 770, training accuracy 0.779377
epoch 780, training accuracy 0.779377
epoch 790, training accuracy 0.779976
epoch 800, training accuracy 0.780576
epoch 810, training accuracy 0.780576
epoch 820, training accuracy 0.782974
epoch 830, training accuracy 0.784173
epoch 840, training accuracy 0.784173
epoch 850, training accuracy 0.784173
epoch 860, training accuracy 0.785971
epoch 870, training accuracy 0.787170
epoch 880, training accuracy 0.787770
epoch 890, training accuracy 0.790767
epoch 900, training accuracy 0.791367
epoch 910, training accuracy 0.793165
epoch 920, training accuracy 0.795564
epoch 930, training accuracy 0.795564
epoch 940, training accuracy 0.795564
epoch 950, training accuracy 0.796163
epoch 960, training accuracy 0.797362
epoch 970, training accuracy 0.797362
epoch 980, training accuracy 0.798561
epoch 990, training accuracy 0.799760
epoch 1000, training accuracy 0.799760
epoch 1010, training accuracy 0.800959
epoch 1020, training accuracy 0.800959
epoch 1030, training accuracy 0.802158
epoch 1040, training accuracy 0.803957
epoch 1050, training accuracy 0.803357
epoch 1060, training accuracy 0.805755
epoch 1070, training accuracy 0.806355
epoch 1080, training accuracy 0.806954
epoch 1090, training accuracy 0.807554
epoch 1100, training accuracy 0.807554
epoch 1110, training accuracy 0.809952
epoch 1120, training accuracy 0.810552
epoch 1130, training accuracy 0.810552
epoch 1140, training accuracy 0.810552
epoch 1150, training accuracy 0.810552
epoch 1160, training accuracy 0.810552
epoch 1170, training accuracy 0.811151
epoch 1180, training accuracy 0.811151
epoch 1190, training accuracy 0.811751
epoch 1200, training accuracy 0.812350
epoch 1210, training accuracy 0.812350
epoch 1220, training accuracy 0.813549
epoch 1230, training accuracy 0.812950
epoch 1240, training accuracy 0.813549
epoch 1250, training accuracy 0.813549
epoch 1260, training accuracy 0.814748
epoch 1270, training accuracy 0.814748
epoch 1280, training accuracy 0.817146
epoch 1290, training accuracy 0.817746
epoch 1300, training accuracy 0.818345
epoch 1310, training accuracy 0.819544
epoch 1320, training accuracy 0.820743
epoch 1330, training accuracy 0.820743
epoch 1340, training accuracy 0.821343
epoch 1350, training accuracy 0.821942
epoch 1360, training accuracy 0.823142
epoch 1370, training accuracy 0.824341
epoch 1380, training accuracy 0.824940
epoch 1390, training accuracy 0.825540
epoch 1400, training accuracy 0.826139
epoch 1410, training accuracy 0.826139
epoch 1420, training accuracy 0.826739
epoch 1430, training accuracy 0.827338
epoch 1440, training accuracy 0.827938
epoch 1450, training accuracy 0.828537
epoch 1460, training accuracy 0.830336
epoch 1470, training accuracy 0.830336
epoch 1480, training accuracy 0.831535
epoch 1490, training accuracy 0.831535
epoch 1500, training accuracy 0.832734
epoch 1510, training accuracy 0.832134
epoch 1520, training accuracy 0.832134
epoch 1530, training accuracy 0.832134
epoch 1540, training accuracy 0.832734
epoch 1550, training accuracy 0.833333
epoch 1560, training accuracy 0.834532
epoch 1570, training accuracy 0.836331
epoch 1580, training accuracy 0.836331
epoch 1590, training accuracy 0.837530
epoch 1600, training accuracy 0.838130
epoch 1610, training accuracy 0.838130
epoch 1620, training accuracy 0.838130
epoch 1630, training accuracy 0.838130
epoch 1640, training accuracy 0.838130
epoch 1650, training accuracy 0.838729
epoch 1660, training accuracy 0.839928
epoch 1670, training accuracy 0.838729
epoch 1680, training accuracy 0.838729
epoch 1690, training accuracy 0.837530
epoch 1700, training accuracy 0.836930
epoch 1710, training accuracy 0.836930
epoch 1720, training accuracy 0.836930
epoch 1730, training accuracy 0.836930
epoch 1740, training accuracy 0.836930
epoch 1750, training accuracy 0.838130
epoch 1760, training accuracy 0.838130
epoch 1770, training accuracy 0.838729
epoch 1780, training accuracy 0.839329
epoch 1790, training accuracy 0.839928
epoch 1800, training accuracy 0.840528
epoch 1810, training accuracy 0.840528
epoch 1820, training accuracy 0.840528
epoch 1830, training accuracy 0.841127
epoch 1840, training accuracy 0.840528
epoch 1850, training accuracy 0.840528
epoch 1860, training accuracy 0.839928
epoch 1870, training accuracy 0.840528
epoch 1880, training accuracy 0.840528
epoch 1890, training accuracy 0.840528
epoch 1900, training accuracy 0.841127
epoch 1910, training accuracy 0.841127
epoch 1920, training accuracy 0.841127
epoch 1930, training accuracy 0.841727
epoch 1940, training accuracy 0.842326
epoch 1950, training accuracy 0.842326
epoch 1960, training accuracy 0.842926
epoch 1970, training accuracy 0.843525
epoch 1980, training accuracy 0.843525
epoch 1990, training accuracy 0.843525
epoch 2000, training accuracy 0.844125
epoch 2010, training accuracy 0.844125
epoch 2020, training accuracy 0.844125
epoch 2030, training accuracy 0.844125
epoch 2040, training accuracy 0.844724
epoch 2050, training accuracy 0.844724
epoch 2060, training accuracy 0.845324
epoch 2070, training accuracy 0.845324
epoch 2080, training accuracy 0.844724
epoch 2090, training accuracy 0.844724
epoch 2100, training accuracy 0.845923
epoch 2110, training accuracy 0.847122
epoch 2120, training accuracy 0.847122
epoch 2130, training accuracy 0.847122
epoch 2140, training accuracy 0.847722
epoch 2150, training accuracy 0.848321
epoch 2160, training accuracy 0.850120
epoch 2170, training accuracy 0.850120
epoch 2180, training accuracy 0.850719
epoch 2190, training accuracy 0.851319
epoch 2200, training accuracy 0.851319
epoch 2210, training accuracy 0.851319
epoch 2220, training accuracy 0.853118
epoch 2230, training accuracy 0.852518
epoch 2240, training accuracy 0.853118
epoch 2250, training accuracy 0.854317
epoch 2260, training accuracy 0.854317
epoch 2270, training accuracy 0.854317
epoch 2280, training accuracy 0.854317
epoch 2290, training accuracy 0.854317
epoch 2300, training accuracy 0.853717
epoch 2310, training accuracy 0.853717
epoch 2320, training accuracy 0.853717
epoch 2330, training accuracy 0.853717
epoch 2340, training accuracy 0.853717
epoch 2350, training accuracy 0.853717
epoch 2360, training accuracy 0.853717
epoch 2370, training accuracy 0.854317
epoch 2380, training accuracy 0.854916
epoch 2390, training accuracy 0.854916
epoch 2400, training accuracy 0.854916
epoch 2410, training accuracy 0.855516
epoch 2420, training accuracy 0.855516
epoch 2430, training accuracy 0.855516
epoch 2440, training accuracy 0.855516
epoch 2450, training accuracy 0.855516
epoch 2460, training accuracy 0.856715
epoch 2470, training accuracy 0.856715
epoch 2480, training accuracy 0.856715
epoch 2490, training accuracy 0.856715
epoch 2500, training accuracy 0.857314
epoch 2510, training accuracy 0.857314
epoch 2520, training accuracy 0.856715
epoch 2530, training accuracy 0.856715
epoch 2540, training accuracy 0.856715
epoch 2550, training accuracy 0.856715
epoch 2560, training accuracy 0.856115
epoch 2570, training accuracy 0.856115
epoch 2580, training accuracy 0.856715
epoch 2590, training accuracy 0.857314
epoch 2600, training accuracy 0.857314
epoch 2610, training accuracy 0.857914
epoch 2620, training accuracy 0.857914
epoch 2630, training accuracy 0.858513
epoch 2640, training accuracy 0.859712
epoch 2650, training accuracy 0.859712
epoch 2660, training accuracy 0.859712
epoch 2670, training accuracy 0.859712
epoch 2680, training accuracy 0.859712
epoch 2690, training accuracy 0.860312
epoch 2700, training accuracy 0.860312
epoch 2710, training accuracy 0.860312
epoch 2720, training accuracy 0.860911
epoch 2730, training accuracy 0.860911
epoch 2740, training accuracy 0.860911
epoch 2750, training accuracy 0.860911
epoch 2760, training accuracy 0.860312
epoch 2770, training accuracy 0.860911
epoch 2780, training accuracy 0.860911
epoch 2790, training accuracy 0.862110
epoch 2800, training accuracy 0.862110
epoch 2810, training accuracy 0.862710
epoch 2820, training accuracy 0.863309
epoch 2830, training accuracy 0.863309
epoch 2840, training accuracy 0.863909
epoch 2850, training accuracy 0.863909
epoch 2860, training accuracy 0.863909
epoch 2870, training accuracy 0.864508
epoch 2880, training accuracy 0.865108
epoch 2890, training accuracy 0.865108
epoch 2900, training accuracy 0.865108
epoch 2910, training accuracy 0.865707
epoch 2920, training accuracy 0.865108
epoch 2930, training accuracy 0.865108
epoch 2940, training accuracy 0.865707
epoch 2950, training accuracy 0.865707
epoch 2960, training accuracy 0.865707
epoch 2970, training accuracy 0.865707
epoch 2980, training accuracy 0.865707
epoch 2990, training accuracy 0.865707
epoch 3000, training accuracy 0.866307
/tmp/conceito_concerto_validate.py loaded, containing 410 entries, class distribution: [205 205]
correct: [122, 117]
incorrect: [9, 10]
accuracy: [0.9312977099236641, 0.9212598425196851]
unclassified: [74, 78]
total accuracy: [0.5951219512195122, 0.5707317073170731]
Sun Oct 22 19:08:19 CEST 2017 finished, res_training/por/conceito_concerto
