Sun Oct 22 21:50:19 CEST 2017 create_training_files
/tmp/lies_lines
2443 lines
691 lies
1755 lines
/tmp/lies_lines_training
1955 lines
562 lies
1396 lines
/tmp/lies_lines_validate
488 lines
129 lies
359 lines
generate /tmp/lies_lines_training.py, /tmp/lies_lines_validate.py
:compileJava UP-TO-DATE
:processResources UP-TO-DATE
:classes UP-TO-DATE
:createNGramDatabase
Reading /tmp/lies_lines_training
Tokenizing
undersampling to 568
/tmp/lies_lines_training.pycreated
Reading /tmp/lies_lines_validate
Tokenizing
undersampling to 128
/tmp/lies_lines_validate.pycreated

BUILD SUCCESSFUL

Total time: 5.014 secs

This build could be faster, please consider using the Gradle Daemon: https://docs.gradle.org/2.10/userguide/gradle_daemon.html
Sun Oct 22 21:50:30 CEST 2017 create_classifier
{'training_data_file': '/tmp/lies_lines_training.py', 'epochs': 3000, 'batch_size': 1000, 'use_flex_hidden_layer': False, 'num_inputs': 4, 'num_outputs': 2, 'dictionary_path': 'res_training/eng/embedding/dictionary.txt', 'self': <__main__.NeuralNetwork object at 0x2adb44407a58>, 'embedding_path': 'res_training/eng/embedding/final_embeddings.txt'}
embedding shape (42122, 64)
/tmp/lies_lines_training.py loaded, containing 1136 entries, class distribution: [568 568]
Steps: 3000, 1 steps in 3000 epochs
epoch 0, training accuracy 0.542253
epoch 10, training accuracy 0.550176
epoch 20, training accuracy 0.565141
epoch 30, training accuracy 0.574824
epoch 40, training accuracy 0.580986
epoch 50, training accuracy 0.583627
epoch 60, training accuracy 0.590669
epoch 70, training accuracy 0.604753
epoch 80, training accuracy 0.612676
epoch 90, training accuracy 0.620599
epoch 100, training accuracy 0.625880
epoch 110, training accuracy 0.633803
epoch 120, training accuracy 0.642606
epoch 130, training accuracy 0.647007
epoch 140, training accuracy 0.651408
epoch 150, training accuracy 0.654049
epoch 160, training accuracy 0.661972
epoch 170, training accuracy 0.668134
epoch 180, training accuracy 0.669014
epoch 190, training accuracy 0.675176
epoch 200, training accuracy 0.679577
epoch 210, training accuracy 0.683099
epoch 220, training accuracy 0.686620
epoch 230, training accuracy 0.688380
epoch 240, training accuracy 0.691901
epoch 250, training accuracy 0.696303
epoch 260, training accuracy 0.698063
epoch 270, training accuracy 0.700704
epoch 280, training accuracy 0.703345
epoch 290, training accuracy 0.701585
epoch 300, training accuracy 0.704225
epoch 310, training accuracy 0.705986
epoch 320, training accuracy 0.706866
epoch 330, training accuracy 0.708627
epoch 340, training accuracy 0.714789
epoch 350, training accuracy 0.721831
epoch 360, training accuracy 0.724472
epoch 370, training accuracy 0.727993
epoch 380, training accuracy 0.728873
epoch 390, training accuracy 0.727993
epoch 400, training accuracy 0.728873
epoch 410, training accuracy 0.737676
epoch 420, training accuracy 0.739437
epoch 430, training accuracy 0.741197
epoch 440, training accuracy 0.742958
epoch 450, training accuracy 0.745599
epoch 460, training accuracy 0.749120
epoch 470, training accuracy 0.754401
epoch 480, training accuracy 0.754401
epoch 490, training accuracy 0.757042
epoch 500, training accuracy 0.760563
epoch 510, training accuracy 0.762324
epoch 520, training accuracy 0.764965
epoch 530, training accuracy 0.765845
epoch 540, training accuracy 0.764965
epoch 550, training accuracy 0.769366
epoch 560, training accuracy 0.770247
epoch 570, training accuracy 0.772007
epoch 580, training accuracy 0.773768
epoch 590, training accuracy 0.774648
epoch 600, training accuracy 0.774648
epoch 610, training accuracy 0.775528
epoch 620, training accuracy 0.779049
epoch 630, training accuracy 0.779049
epoch 640, training accuracy 0.780810
epoch 650, training accuracy 0.781690
epoch 660, training accuracy 0.781690
epoch 670, training accuracy 0.781690
epoch 680, training accuracy 0.784331
epoch 690, training accuracy 0.786092
epoch 700, training accuracy 0.786092
epoch 710, training accuracy 0.788732
epoch 720, training accuracy 0.788732
epoch 730, training accuracy 0.788732
epoch 740, training accuracy 0.789613
epoch 750, training accuracy 0.791373
epoch 760, training accuracy 0.794894
epoch 770, training accuracy 0.794014
epoch 780, training accuracy 0.798415
epoch 790, training accuracy 0.799296
epoch 800, training accuracy 0.799296
epoch 810, training accuracy 0.800176
epoch 820, training accuracy 0.801056
epoch 830, training accuracy 0.801056
epoch 840, training accuracy 0.801056
epoch 850, training accuracy 0.801937
epoch 860, training accuracy 0.805458
epoch 870, training accuracy 0.806338
epoch 880, training accuracy 0.806338
epoch 890, training accuracy 0.808099
epoch 900, training accuracy 0.809859
epoch 910, training accuracy 0.812500
epoch 920, training accuracy 0.810739
epoch 930, training accuracy 0.811620
epoch 940, training accuracy 0.811620
epoch 950, training accuracy 0.812500
epoch 960, training accuracy 0.813380
epoch 970, training accuracy 0.813380
epoch 980, training accuracy 0.815141
epoch 990, training accuracy 0.817782
epoch 1000, training accuracy 0.818662
epoch 1010, training accuracy 0.818662
epoch 1020, training accuracy 0.818662
epoch 1030, training accuracy 0.818662
epoch 1040, training accuracy 0.820423
epoch 1050, training accuracy 0.820423
epoch 1060, training accuracy 0.820423
epoch 1070, training accuracy 0.820423
epoch 1080, training accuracy 0.823063
epoch 1090, training accuracy 0.823063
epoch 1100, training accuracy 0.823063
epoch 1110, training accuracy 0.823944
epoch 1120, training accuracy 0.825704
epoch 1130, training accuracy 0.826585
epoch 1140, training accuracy 0.826585
epoch 1150, training accuracy 0.827465
epoch 1160, training accuracy 0.828345
epoch 1170, training accuracy 0.828345
epoch 1180, training accuracy 0.829225
epoch 1190, training accuracy 0.829225
epoch 1200, training accuracy 0.830986
epoch 1210, training accuracy 0.830106
epoch 1220, training accuracy 0.830106
epoch 1230, training accuracy 0.830986
epoch 1240, training accuracy 0.832747
epoch 1250, training accuracy 0.832747
epoch 1260, training accuracy 0.832747
epoch 1270, training accuracy 0.832747
epoch 1280, training accuracy 0.830106
epoch 1290, training accuracy 0.830106
epoch 1300, training accuracy 0.830986
epoch 1310, training accuracy 0.830986
epoch 1320, training accuracy 0.831866
epoch 1330, training accuracy 0.832747
epoch 1340, training accuracy 0.832747
epoch 1350, training accuracy 0.832747
epoch 1360, training accuracy 0.833627
epoch 1370, training accuracy 0.834507
epoch 1380, training accuracy 0.835387
epoch 1390, training accuracy 0.836268
epoch 1400, training accuracy 0.836268
epoch 1410, training accuracy 0.838028
epoch 1420, training accuracy 0.838908
epoch 1430, training accuracy 0.838908
epoch 1440, training accuracy 0.839789
epoch 1450, training accuracy 0.839789
epoch 1460, training accuracy 0.841549
epoch 1470, training accuracy 0.841549
epoch 1480, training accuracy 0.841549
epoch 1490, training accuracy 0.842430
epoch 1500, training accuracy 0.842430
epoch 1510, training accuracy 0.842430
epoch 1520, training accuracy 0.842430
epoch 1530, training accuracy 0.842430
epoch 1540, training accuracy 0.843310
epoch 1550, training accuracy 0.843310
epoch 1560, training accuracy 0.843310
epoch 1570, training accuracy 0.843310
epoch 1580, training accuracy 0.844190
epoch 1590, training accuracy 0.844190
epoch 1600, training accuracy 0.845070
epoch 1610, training accuracy 0.845070
epoch 1620, training accuracy 0.845070
epoch 1630, training accuracy 0.845070
epoch 1640, training accuracy 0.845070
epoch 1650, training accuracy 0.845070
epoch 1660, training accuracy 0.845070
epoch 1670, training accuracy 0.845070
epoch 1680, training accuracy 0.845951
epoch 1690, training accuracy 0.846831
epoch 1700, training accuracy 0.846831
epoch 1710, training accuracy 0.847711
epoch 1720, training accuracy 0.847711
epoch 1730, training accuracy 0.847711
epoch 1740, training accuracy 0.847711
epoch 1750, training accuracy 0.847711
epoch 1760, training accuracy 0.847711
epoch 1770, training accuracy 0.847711
epoch 1780, training accuracy 0.847711
epoch 1790, training accuracy 0.847711
epoch 1800, training accuracy 0.847711
epoch 1810, training accuracy 0.847711
epoch 1820, training accuracy 0.847711
epoch 1830, training accuracy 0.847711
epoch 1840, training accuracy 0.847711
epoch 1850, training accuracy 0.850352
epoch 1860, training accuracy 0.852113
epoch 1870, training accuracy 0.852113
epoch 1880, training accuracy 0.852113
epoch 1890, training accuracy 0.852113
epoch 1900, training accuracy 0.852993
epoch 1910, training accuracy 0.852993
epoch 1920, training accuracy 0.852993
epoch 1930, training accuracy 0.852993
epoch 1940, training accuracy 0.853873
epoch 1950, training accuracy 0.853873
epoch 1960, training accuracy 0.853873
epoch 1970, training accuracy 0.853873
epoch 1980, training accuracy 0.853873
epoch 1990, training accuracy 0.853873
epoch 2000, training accuracy 0.853873
epoch 2010, training accuracy 0.853873
epoch 2020, training accuracy 0.853873
epoch 2030, training accuracy 0.853873
epoch 2040, training accuracy 0.854753
epoch 2050, training accuracy 0.855634
epoch 2060, training accuracy 0.855634
epoch 2070, training accuracy 0.855634
epoch 2080, training accuracy 0.855634
epoch 2090, training accuracy 0.855634
epoch 2100, training accuracy 0.855634
epoch 2110, training accuracy 0.855634
epoch 2120, training accuracy 0.855634
epoch 2130, training accuracy 0.855634
epoch 2140, training accuracy 0.854753
epoch 2150, training accuracy 0.854753
epoch 2160, training accuracy 0.855634
epoch 2170, training accuracy 0.855634
epoch 2180, training accuracy 0.855634
epoch 2190, training accuracy 0.855634
epoch 2200, training accuracy 0.855634
epoch 2210, training accuracy 0.855634
epoch 2220, training accuracy 0.855634
epoch 2230, training accuracy 0.856514
epoch 2240, training accuracy 0.856514
epoch 2250, training accuracy 0.856514
epoch 2260, training accuracy 0.856514
epoch 2270, training accuracy 0.856514
epoch 2280, training accuracy 0.855634
epoch 2290, training accuracy 0.854753
epoch 2300, training accuracy 0.854753
epoch 2310, training accuracy 0.854753
epoch 2320, training accuracy 0.854753
epoch 2330, training accuracy 0.854753
epoch 2340, training accuracy 0.855634
epoch 2350, training accuracy 0.854753
epoch 2360, training accuracy 0.854753
epoch 2370, training accuracy 0.854753
epoch 2380, training accuracy 0.854753
epoch 2390, training accuracy 0.854753
epoch 2400, training accuracy 0.854753
epoch 2410, training accuracy 0.855634
epoch 2420, training accuracy 0.855634
epoch 2430, training accuracy 0.855634
epoch 2440, training accuracy 0.855634
epoch 2450, training accuracy 0.855634
epoch 2460, training accuracy 0.856514
epoch 2470, training accuracy 0.856514
epoch 2480, training accuracy 0.856514
epoch 2490, training accuracy 0.856514
epoch 2500, training accuracy 0.856514
epoch 2510, training accuracy 0.857394
epoch 2520, training accuracy 0.857394
epoch 2530, training accuracy 0.858275
epoch 2540, training accuracy 0.858275
epoch 2550, training accuracy 0.858275
epoch 2560, training accuracy 0.858275
epoch 2570, training accuracy 0.858275
epoch 2580, training accuracy 0.858275
epoch 2590, training accuracy 0.858275
epoch 2600, training accuracy 0.858275
epoch 2610, training accuracy 0.858275
epoch 2620, training accuracy 0.858275
epoch 2630, training accuracy 0.857394
epoch 2640, training accuracy 0.857394
epoch 2650, training accuracy 0.857394
epoch 2660, training accuracy 0.857394
epoch 2670, training accuracy 0.857394
epoch 2680, training accuracy 0.857394
epoch 2690, training accuracy 0.858275
epoch 2700, training accuracy 0.857394
epoch 2710, training accuracy 0.857394
epoch 2720, training accuracy 0.857394
epoch 2730, training accuracy 0.857394
epoch 2740, training accuracy 0.858275
epoch 2750, training accuracy 0.858275
epoch 2760, training accuracy 0.858275
epoch 2770, training accuracy 0.858275
epoch 2780, training accuracy 0.858275
epoch 2790, training accuracy 0.857394
epoch 2800, training accuracy 0.858275
epoch 2810, training accuracy 0.859155
epoch 2820, training accuracy 0.859155
epoch 2830, training accuracy 0.860035
epoch 2840, training accuracy 0.862676
epoch 2850, training accuracy 0.863556
epoch 2860, training accuracy 0.863556
epoch 2870, training accuracy 0.863556
epoch 2880, training accuracy 0.863556
epoch 2890, training accuracy 0.863556
epoch 2900, training accuracy 0.863556
epoch 2910, training accuracy 0.863556
epoch 2920, training accuracy 0.863556
epoch 2930, training accuracy 0.863556
epoch 2940, training accuracy 0.863556
epoch 2950, training accuracy 0.864437
epoch 2960, training accuracy 0.864437
epoch 2970, training accuracy 0.864437
epoch 2980, training accuracy 0.864437
epoch 2990, training accuracy 0.863556
epoch 3000, training accuracy 0.863556
/tmp/lies_lines_validate.py loaded, containing 256 entries, class distribution: [128 128]
correct: [83, 72]
incorrect: [3, 11]
accuracy: [0.9651162790697675, 0.8674698795180723]
unclassified: [42, 45]
total accuracy: [0.6484375, 0.5625]
Sun Oct 22 21:50:48 CEST 2017 finished, res_training/eng/lies_lines
