Sun Oct 22 17:43:45 CEST 2017 create_training_files
/tmp/affect_effect
3649 lines
1202 affect
2450 effect
/tmp/affect_effect_training
2920 lines
952 affect
1971 effect
/tmp/affect_effect_validate
729 lines
250 affect
479 effect
generate /tmp/affect_effect_training.py, /tmp/affect_effect_validate.py
:compileJava UP-TO-DATE
:processResources UP-TO-DATE
:classes UP-TO-DATE
:createNGramDatabase
Reading /tmp/affect_effect_training
Tokenizing
undersampling to 958
/tmp/affect_effect_training.pycreated
Reading /tmp/affect_effect_validate
Tokenizing
undersampling to 251
/tmp/affect_effect_validate.pycreated

BUILD SUCCESSFUL

Total time: 5.073 secs

This build could be faster, please consider using the Gradle Daemon: https://docs.gradle.org/2.10/userguide/gradle_daemon.html
Sun Oct 22 17:43:56 CEST 2017 create_classifier
{'use_flex_hidden_layer': False, 'batch_size': 1000, 'epochs': 3000, 'self': <__main__.NeuralNetwork object at 0x2af0bbb78a58>, 'training_data_file': '/tmp/affect_effect_training.py', 'dictionary_path': 'res_training/eng/embedding/dictionary.txt', 'embedding_path': 'res_training/eng/embedding/final_embeddings.txt', 'num_outputs': 2, 'num_inputs': 4}
embedding shape (42122, 64)
/tmp/affect_effect_training.py loaded, containing 1916 entries, class distribution: [958 958]
Steps: 3000, 1 steps in 3000 epochs
epoch 0, training accuracy 0.577766
epoch 10, training accuracy 0.600209
epoch 20, training accuracy 0.620564
epoch 30, training accuracy 0.636221
epoch 40, training accuracy 0.649269
epoch 50, training accuracy 0.667537
epoch 60, training accuracy 0.679019
epoch 70, training accuracy 0.694155
epoch 80, training accuracy 0.705115
epoch 90, training accuracy 0.720772
epoch 100, training accuracy 0.729645
epoch 110, training accuracy 0.742171
epoch 120, training accuracy 0.750522
epoch 130, training accuracy 0.760438
epoch 140, training accuracy 0.771921
epoch 150, training accuracy 0.780793
epoch 160, training accuracy 0.789144
epoch 170, training accuracy 0.800104
epoch 180, training accuracy 0.806889
epoch 190, training accuracy 0.811065
epoch 200, training accuracy 0.817850
epoch 210, training accuracy 0.822547
epoch 220, training accuracy 0.827766
epoch 230, training accuracy 0.832463
epoch 240, training accuracy 0.839770
epoch 250, training accuracy 0.847077
epoch 260, training accuracy 0.850731
epoch 270, training accuracy 0.854384
epoch 280, training accuracy 0.858559
epoch 290, training accuracy 0.862213
epoch 300, training accuracy 0.866388
epoch 310, training accuracy 0.868476
epoch 320, training accuracy 0.873173
epoch 330, training accuracy 0.876827
epoch 340, training accuracy 0.881002
epoch 350, training accuracy 0.882046
epoch 360, training accuracy 0.884134
epoch 370, training accuracy 0.885177
epoch 380, training accuracy 0.888309
epoch 390, training accuracy 0.890397
epoch 400, training accuracy 0.894050
epoch 410, training accuracy 0.894572
epoch 420, training accuracy 0.898225
epoch 430, training accuracy 0.899791
epoch 440, training accuracy 0.900835
epoch 450, training accuracy 0.903445
epoch 460, training accuracy 0.903967
epoch 470, training accuracy 0.906054
epoch 480, training accuracy 0.905532
epoch 490, training accuracy 0.905532
epoch 500, training accuracy 0.906576
epoch 510, training accuracy 0.906576
epoch 520, training accuracy 0.907098
epoch 530, training accuracy 0.908664
epoch 540, training accuracy 0.909708
epoch 550, training accuracy 0.910752
epoch 560, training accuracy 0.911273
epoch 570, training accuracy 0.912317
epoch 580, training accuracy 0.914405
epoch 590, training accuracy 0.914927
epoch 600, training accuracy 0.916493
epoch 610, training accuracy 0.915971
epoch 620, training accuracy 0.915449
epoch 630, training accuracy 0.917015
epoch 640, training accuracy 0.917537
epoch 650, training accuracy 0.918580
epoch 660, training accuracy 0.919102
epoch 670, training accuracy 0.919624
epoch 680, training accuracy 0.921190
epoch 690, training accuracy 0.922234
epoch 700, training accuracy 0.922756
epoch 710, training accuracy 0.923800
epoch 720, training accuracy 0.924322
epoch 730, training accuracy 0.924843
epoch 740, training accuracy 0.924843
epoch 750, training accuracy 0.926409
epoch 760, training accuracy 0.926931
epoch 770, training accuracy 0.927975
epoch 780, training accuracy 0.928497
epoch 790, training accuracy 0.929541
epoch 800, training accuracy 0.930063
epoch 810, training accuracy 0.930063
epoch 820, training accuracy 0.930585
epoch 830, training accuracy 0.931106
epoch 840, training accuracy 0.931106
epoch 850, training accuracy 0.931106
epoch 860, training accuracy 0.932150
epoch 870, training accuracy 0.933194
epoch 880, training accuracy 0.933194
epoch 890, training accuracy 0.933716
epoch 900, training accuracy 0.934760
epoch 910, training accuracy 0.935804
epoch 920, training accuracy 0.935804
epoch 930, training accuracy 0.937370
epoch 940, training accuracy 0.937370
epoch 950, training accuracy 0.937891
epoch 960, training accuracy 0.937891
epoch 970, training accuracy 0.937891
epoch 980, training accuracy 0.937891
epoch 990, training accuracy 0.937891
epoch 1000, training accuracy 0.938413
epoch 1010, training accuracy 0.938935
epoch 1020, training accuracy 0.938935
epoch 1030, training accuracy 0.938935
epoch 1040, training accuracy 0.939457
epoch 1050, training accuracy 0.939457
epoch 1060, training accuracy 0.939457
epoch 1070, training accuracy 0.939457
epoch 1080, training accuracy 0.939457
epoch 1090, training accuracy 0.939457
epoch 1100, training accuracy 0.939457
epoch 1110, training accuracy 0.939457
epoch 1120, training accuracy 0.939457
epoch 1130, training accuracy 0.939979
epoch 1140, training accuracy 0.939979
epoch 1150, training accuracy 0.939979
epoch 1160, training accuracy 0.939979
epoch 1170, training accuracy 0.939979
epoch 1180, training accuracy 0.939979
epoch 1190, training accuracy 0.940501
epoch 1200, training accuracy 0.940501
epoch 1210, training accuracy 0.940501
epoch 1220, training accuracy 0.940501
epoch 1230, training accuracy 0.940501
epoch 1240, training accuracy 0.940501
epoch 1250, training accuracy 0.940501
epoch 1260, training accuracy 0.940501
epoch 1270, training accuracy 0.940501
epoch 1280, training accuracy 0.940501
epoch 1290, training accuracy 0.941023
epoch 1300, training accuracy 0.941023
epoch 1310, training accuracy 0.941023
epoch 1320, training accuracy 0.940501
epoch 1330, training accuracy 0.941023
epoch 1340, training accuracy 0.941545
epoch 1350, training accuracy 0.941545
epoch 1360, training accuracy 0.942067
epoch 1370, training accuracy 0.942589
epoch 1380, training accuracy 0.942589
epoch 1390, training accuracy 0.942589
epoch 1400, training accuracy 0.942589
epoch 1410, training accuracy 0.943111
epoch 1420, training accuracy 0.943111
epoch 1430, training accuracy 0.943633
epoch 1440, training accuracy 0.943633
epoch 1450, training accuracy 0.943633
epoch 1460, training accuracy 0.944155
epoch 1470, training accuracy 0.944676
epoch 1480, training accuracy 0.944676
epoch 1490, training accuracy 0.944676
epoch 1500, training accuracy 0.945198
epoch 1510, training accuracy 0.945198
epoch 1520, training accuracy 0.945198
epoch 1530, training accuracy 0.944676
epoch 1540, training accuracy 0.944676
epoch 1550, training accuracy 0.944676
epoch 1560, training accuracy 0.945198
epoch 1570, training accuracy 0.945198
epoch 1580, training accuracy 0.946242
epoch 1590, training accuracy 0.946242
epoch 1600, training accuracy 0.946242
epoch 1610, training accuracy 0.946242
epoch 1620, training accuracy 0.946242
epoch 1630, training accuracy 0.946764
epoch 1640, training accuracy 0.946764
epoch 1650, training accuracy 0.946764
epoch 1660, training accuracy 0.946764
epoch 1670, training accuracy 0.946764
epoch 1680, training accuracy 0.946764
epoch 1690, training accuracy 0.947286
epoch 1700, training accuracy 0.947286
epoch 1710, training accuracy 0.947286
epoch 1720, training accuracy 0.947808
epoch 1730, training accuracy 0.948330
epoch 1740, training accuracy 0.948330
epoch 1750, training accuracy 0.948330
epoch 1760, training accuracy 0.948852
epoch 1770, training accuracy 0.949374
epoch 1780, training accuracy 0.949374
epoch 1790, training accuracy 0.949374
epoch 1800, training accuracy 0.949374
epoch 1810, training accuracy 0.949374
epoch 1820, training accuracy 0.949374
epoch 1830, training accuracy 0.949374
epoch 1840, training accuracy 0.949896
epoch 1850, training accuracy 0.949896
epoch 1860, training accuracy 0.949896
epoch 1870, training accuracy 0.949896
epoch 1880, training accuracy 0.949896
epoch 1890, training accuracy 0.949896
epoch 1900, training accuracy 0.949896
epoch 1910, training accuracy 0.950939
epoch 1920, training accuracy 0.950939
epoch 1930, training accuracy 0.950939
epoch 1940, training accuracy 0.951461
epoch 1950, training accuracy 0.951461
epoch 1960, training accuracy 0.951461
epoch 1970, training accuracy 0.951461
epoch 1980, training accuracy 0.951461
epoch 1990, training accuracy 0.951983
epoch 2000, training accuracy 0.951983
epoch 2010, training accuracy 0.951983
epoch 2020, training accuracy 0.952505
epoch 2030, training accuracy 0.952505
epoch 2040, training accuracy 0.952505
epoch 2050, training accuracy 0.952505
epoch 2060, training accuracy 0.952505
epoch 2070, training accuracy 0.953027
epoch 2080, training accuracy 0.953027
epoch 2090, training accuracy 0.952505
epoch 2100, training accuracy 0.952505
epoch 2110, training accuracy 0.952505
epoch 2120, training accuracy 0.952505
epoch 2130, training accuracy 0.952505
epoch 2140, training accuracy 0.952505
epoch 2150, training accuracy 0.953027
epoch 2160, training accuracy 0.953027
epoch 2170, training accuracy 0.953549
epoch 2180, training accuracy 0.953549
epoch 2190, training accuracy 0.953549
epoch 2200, training accuracy 0.953549
epoch 2210, training accuracy 0.953549
epoch 2220, training accuracy 0.953549
epoch 2230, training accuracy 0.953549
epoch 2240, training accuracy 0.953549
epoch 2250, training accuracy 0.953549
epoch 2260, training accuracy 0.953549
epoch 2270, training accuracy 0.953549
epoch 2280, training accuracy 0.953549
epoch 2290, training accuracy 0.953549
epoch 2300, training accuracy 0.953549
epoch 2310, training accuracy 0.953549
epoch 2320, training accuracy 0.953549
epoch 2330, training accuracy 0.953549
epoch 2340, training accuracy 0.953549
epoch 2350, training accuracy 0.954071
epoch 2360, training accuracy 0.954071
epoch 2370, training accuracy 0.954071
epoch 2380, training accuracy 0.954071
epoch 2390, training accuracy 0.954593
epoch 2400, training accuracy 0.954593
epoch 2410, training accuracy 0.954593
epoch 2420, training accuracy 0.954593
epoch 2430, training accuracy 0.954593
epoch 2440, training accuracy 0.955115
epoch 2450, training accuracy 0.955115
epoch 2460, training accuracy 0.955115
epoch 2470, training accuracy 0.955115
epoch 2480, training accuracy 0.955115
epoch 2490, training accuracy 0.955115
epoch 2500, training accuracy 0.955637
epoch 2510, training accuracy 0.955637
epoch 2520, training accuracy 0.955637
epoch 2530, training accuracy 0.955637
epoch 2540, training accuracy 0.955637
epoch 2550, training accuracy 0.955637
epoch 2560, training accuracy 0.955637
epoch 2570, training accuracy 0.955637
epoch 2580, training accuracy 0.955637
epoch 2590, training accuracy 0.955637
epoch 2600, training accuracy 0.955637
epoch 2610, training accuracy 0.956159
epoch 2620, training accuracy 0.957202
epoch 2630, training accuracy 0.957724
epoch 2640, training accuracy 0.957724
epoch 2650, training accuracy 0.957724
epoch 2660, training accuracy 0.959290
epoch 2670, training accuracy 0.959290
epoch 2680, training accuracy 0.959290
epoch 2690, training accuracy 0.959290
epoch 2700, training accuracy 0.959290
epoch 2710, training accuracy 0.959290
epoch 2720, training accuracy 0.959812
epoch 2730, training accuracy 0.959812
epoch 2740, training accuracy 0.959812
epoch 2750, training accuracy 0.959812
epoch 2760, training accuracy 0.960856
epoch 2770, training accuracy 0.960856
epoch 2780, training accuracy 0.960856
epoch 2790, training accuracy 0.960856
epoch 2800, training accuracy 0.960856
epoch 2810, training accuracy 0.960856
epoch 2820, training accuracy 0.960856
epoch 2830, training accuracy 0.960856
epoch 2840, training accuracy 0.960856
epoch 2850, training accuracy 0.960856
epoch 2860, training accuracy 0.960856
epoch 2870, training accuracy 0.960856
epoch 2880, training accuracy 0.960856
epoch 2890, training accuracy 0.960856
epoch 2900, training accuracy 0.960856
epoch 2910, training accuracy 0.960856
epoch 2920, training accuracy 0.960856
epoch 2930, training accuracy 0.960856
epoch 2940, training accuracy 0.960856
epoch 2950, training accuracy 0.961378
epoch 2960, training accuracy 0.961378
epoch 2970, training accuracy 0.961378
epoch 2980, training accuracy 0.960856
epoch 2990, training accuracy 0.960856
epoch 3000, training accuracy 0.960856
/tmp/affect_effect_validate.py loaded, containing 502 entries, class distribution: [251 251]
correct: [234, 230]
incorrect: [5, 3]
accuracy: [0.9790794979079498, 0.9871244635193133]
unclassified: [12, 18]
total accuracy: [0.9322709163346613, 0.9163346613545816]
Sun Oct 22 17:44:18 CEST 2017 finished, res_training/eng/affect_effect
