Sun Oct 22 17:11:37 CEST 2017 create_training_files
/tmp/canto_cento
18553 lines
706 canto
17847 cento
/tmp/canto_cento_training
14843 lines
555 canto
14288 cento
/tmp/canto_cento_validate
3710 lines
151 canto
3559 cento
generate /tmp/canto_cento_training.py, /tmp/canto_cento_validate.py
:compileJava UP-TO-DATE
:processResources UP-TO-DATE
:classes UP-TO-DATE
:createNGramDatabase
Reading /tmp/canto_cento_training
Tokenizing
undersampling to 560
/tmp/canto_cento_training.pycreated
Reading /tmp/canto_cento_validate
Tokenizing
undersampling to 152
/tmp/canto_cento_validate.pycreated

BUILD SUCCESSFUL

Total time: 6.702 secs

This build could be faster, please consider using the Gradle Daemon: https://docs.gradle.org/2.10/userguide/gradle_daemon.html
Sun Oct 22 17:11:48 CEST 2017 create_classifier
{'epochs': 3000, 'use_flex_hidden_layer': False, 'num_outputs': 2, 'self': <__main__.NeuralNetwork object at 0x2b9de7e83a58>, 'batch_size': 1000, 'num_inputs': 4, 'training_data_file': '/tmp/canto_cento_training.py', 'embedding_path': 'res_training/por/embedding/final_embeddings.txt', 'dictionary_path': 'res_training/por/embedding/dictionary.txt'}
embedding shape (44676, 64)
/tmp/canto_cento_training.py loaded, containing 1120 entries, class distribution: [560 560]
Steps: 3000, 1 steps in 3000 epochs
epoch 0, training accuracy 0.318750
epoch 10, training accuracy 0.330357
epoch 20, training accuracy 0.347321
epoch 30, training accuracy 0.366071
epoch 40, training accuracy 0.384821
epoch 50, training accuracy 0.400893
epoch 60, training accuracy 0.420536
epoch 70, training accuracy 0.446429
epoch 80, training accuracy 0.467857
epoch 90, training accuracy 0.492857
epoch 100, training accuracy 0.515179
epoch 110, training accuracy 0.538393
epoch 120, training accuracy 0.563393
epoch 130, training accuracy 0.581250
epoch 140, training accuracy 0.619643
epoch 150, training accuracy 0.645536
epoch 160, training accuracy 0.666964
epoch 170, training accuracy 0.683929
epoch 180, training accuracy 0.705357
epoch 190, training accuracy 0.725000
epoch 200, training accuracy 0.747321
epoch 210, training accuracy 0.762500
epoch 220, training accuracy 0.770536
epoch 230, training accuracy 0.789286
epoch 240, training accuracy 0.804464
epoch 250, training accuracy 0.811607
epoch 260, training accuracy 0.827679
epoch 270, training accuracy 0.837500
epoch 280, training accuracy 0.851786
epoch 290, training accuracy 0.862500
epoch 300, training accuracy 0.874107
epoch 310, training accuracy 0.882143
epoch 320, training accuracy 0.890179
epoch 330, training accuracy 0.900893
epoch 340, training accuracy 0.906250
epoch 350, training accuracy 0.912500
epoch 360, training accuracy 0.918750
epoch 370, training accuracy 0.927679
epoch 380, training accuracy 0.927679
epoch 390, training accuracy 0.935714
epoch 400, training accuracy 0.939286
epoch 410, training accuracy 0.943750
epoch 420, training accuracy 0.950000
epoch 430, training accuracy 0.951786
epoch 440, training accuracy 0.954464
epoch 450, training accuracy 0.955357
epoch 460, training accuracy 0.957143
epoch 470, training accuracy 0.958036
epoch 480, training accuracy 0.958929
epoch 490, training accuracy 0.959821
epoch 500, training accuracy 0.960714
epoch 510, training accuracy 0.963393
epoch 520, training accuracy 0.966964
epoch 530, training accuracy 0.967857
epoch 540, training accuracy 0.970536
epoch 550, training accuracy 0.970536
epoch 560, training accuracy 0.972321
epoch 570, training accuracy 0.973214
epoch 580, training accuracy 0.973214
epoch 590, training accuracy 0.975000
epoch 600, training accuracy 0.975893
epoch 610, training accuracy 0.976786
epoch 620, training accuracy 0.977679
epoch 630, training accuracy 0.977679
epoch 640, training accuracy 0.978571
epoch 650, training accuracy 0.979464
epoch 660, training accuracy 0.981250
epoch 670, training accuracy 0.981250
epoch 680, training accuracy 0.983036
epoch 690, training accuracy 0.983036
epoch 700, training accuracy 0.983036
epoch 710, training accuracy 0.984821
epoch 720, training accuracy 0.985714
epoch 730, training accuracy 0.986607
epoch 740, training accuracy 0.987500
epoch 750, training accuracy 0.987500
epoch 760, training accuracy 0.987500
epoch 770, training accuracy 0.987500
epoch 780, training accuracy 0.987500
epoch 790, training accuracy 0.987500
epoch 800, training accuracy 0.987500
epoch 810, training accuracy 0.987500
epoch 820, training accuracy 0.989286
epoch 830, training accuracy 0.990179
epoch 840, training accuracy 0.991071
epoch 850, training accuracy 0.991071
epoch 860, training accuracy 0.991071
epoch 870, training accuracy 0.991964
epoch 880, training accuracy 0.991964
epoch 890, training accuracy 0.991964
epoch 900, training accuracy 0.991964
epoch 910, training accuracy 0.991964
epoch 920, training accuracy 0.991964
epoch 930, training accuracy 0.991964
epoch 940, training accuracy 0.991964
epoch 950, training accuracy 0.992857
epoch 960, training accuracy 0.992857
epoch 970, training accuracy 0.992857
epoch 980, training accuracy 0.992857
epoch 990, training accuracy 0.992857
epoch 1000, training accuracy 0.992857
epoch 1010, training accuracy 0.992857
epoch 1020, training accuracy 0.993750
epoch 1030, training accuracy 0.993750
epoch 1040, training accuracy 0.993750
epoch 1050, training accuracy 0.993750
epoch 1060, training accuracy 0.993750
epoch 1070, training accuracy 0.993750
epoch 1080, training accuracy 0.994643
epoch 1090, training accuracy 0.994643
epoch 1100, training accuracy 0.994643
epoch 1110, training accuracy 0.994643
epoch 1120, training accuracy 0.994643
epoch 1130, training accuracy 0.994643
epoch 1140, training accuracy 0.994643
epoch 1150, training accuracy 0.994643
epoch 1160, training accuracy 0.994643
epoch 1170, training accuracy 0.994643
epoch 1180, training accuracy 0.994643
epoch 1190, training accuracy 0.994643
epoch 1200, training accuracy 0.994643
epoch 1210, training accuracy 0.994643
epoch 1220, training accuracy 0.994643
epoch 1230, training accuracy 0.994643
epoch 1240, training accuracy 0.994643
epoch 1250, training accuracy 0.994643
epoch 1260, training accuracy 0.994643
epoch 1270, training accuracy 0.994643
epoch 1280, training accuracy 0.995536
epoch 1290, training accuracy 0.995536
epoch 1300, training accuracy 0.995536
epoch 1310, training accuracy 0.995536
epoch 1320, training accuracy 0.995536
epoch 1330, training accuracy 0.995536
epoch 1340, training accuracy 0.995536
epoch 1350, training accuracy 0.995536
epoch 1360, training accuracy 0.995536
epoch 1370, training accuracy 0.995536
epoch 1380, training accuracy 0.995536
epoch 1390, training accuracy 0.995536
epoch 1400, training accuracy 0.995536
epoch 1410, training accuracy 0.995536
epoch 1420, training accuracy 0.995536
epoch 1430, training accuracy 0.995536
epoch 1440, training accuracy 0.995536
epoch 1450, training accuracy 0.995536
epoch 1460, training accuracy 0.995536
epoch 1470, training accuracy 0.995536
epoch 1480, training accuracy 0.995536
epoch 1490, training accuracy 0.995536
epoch 1500, training accuracy 0.995536
epoch 1510, training accuracy 0.995536
epoch 1520, training accuracy 0.995536
epoch 1530, training accuracy 0.995536
epoch 1540, training accuracy 0.995536
epoch 1550, training accuracy 0.995536
epoch 1560, training accuracy 0.995536
epoch 1570, training accuracy 0.995536
epoch 1580, training accuracy 0.995536
epoch 1590, training accuracy 0.995536
epoch 1600, training accuracy 0.995536
epoch 1610, training accuracy 0.995536
epoch 1620, training accuracy 0.995536
epoch 1630, training accuracy 0.995536
epoch 1640, training accuracy 0.995536
epoch 1650, training accuracy 0.995536
epoch 1660, training accuracy 0.995536
epoch 1670, training accuracy 0.995536
epoch 1680, training accuracy 0.995536
epoch 1690, training accuracy 0.995536
epoch 1700, training accuracy 0.995536
epoch 1710, training accuracy 0.995536
epoch 1720, training accuracy 0.995536
epoch 1730, training accuracy 0.995536
epoch 1740, training accuracy 0.995536
epoch 1750, training accuracy 0.996429
epoch 1760, training accuracy 0.996429
epoch 1770, training accuracy 0.996429
epoch 1780, training accuracy 0.996429
epoch 1790, training accuracy 0.996429
epoch 1800, training accuracy 0.996429
epoch 1810, training accuracy 0.996429
epoch 1820, training accuracy 0.996429
epoch 1830, training accuracy 0.996429
epoch 1840, training accuracy 0.996429
epoch 1850, training accuracy 0.996429
epoch 1860, training accuracy 0.996429
epoch 1870, training accuracy 0.996429
epoch 1880, training accuracy 0.996429
epoch 1890, training accuracy 0.996429
epoch 1900, training accuracy 0.996429
epoch 1910, training accuracy 0.996429
epoch 1920, training accuracy 0.996429
epoch 1930, training accuracy 0.996429
epoch 1940, training accuracy 0.996429
epoch 1950, training accuracy 0.996429
epoch 1960, training accuracy 0.996429
epoch 1970, training accuracy 0.996429
epoch 1980, training accuracy 0.996429
epoch 1990, training accuracy 0.996429
epoch 2000, training accuracy 0.996429
epoch 2010, training accuracy 0.996429
epoch 2020, training accuracy 0.996429
epoch 2030, training accuracy 0.996429
epoch 2040, training accuracy 0.996429
epoch 2050, training accuracy 0.996429
epoch 2060, training accuracy 0.996429
epoch 2070, training accuracy 0.996429
epoch 2080, training accuracy 0.996429
epoch 2090, training accuracy 0.996429
epoch 2100, training accuracy 0.996429
epoch 2110, training accuracy 0.996429
epoch 2120, training accuracy 0.996429
epoch 2130, training accuracy 0.996429
epoch 2140, training accuracy 0.996429
epoch 2150, training accuracy 0.996429
epoch 2160, training accuracy 0.996429
epoch 2170, training accuracy 0.996429
epoch 2180, training accuracy 0.996429
epoch 2190, training accuracy 0.997321
epoch 2200, training accuracy 0.997321
epoch 2210, training accuracy 0.997321
epoch 2220, training accuracy 0.997321
epoch 2230, training accuracy 0.998214
epoch 2240, training accuracy 0.998214
epoch 2250, training accuracy 0.998214
epoch 2260, training accuracy 0.998214
epoch 2270, training accuracy 0.998214
epoch 2280, training accuracy 0.998214
epoch 2290, training accuracy 0.998214
epoch 2300, training accuracy 0.998214
epoch 2310, training accuracy 0.998214
epoch 2320, training accuracy 0.998214
epoch 2330, training accuracy 0.998214
epoch 2340, training accuracy 0.998214
epoch 2350, training accuracy 0.998214
epoch 2360, training accuracy 0.998214
epoch 2370, training accuracy 0.998214
epoch 2380, training accuracy 0.998214
epoch 2390, training accuracy 0.998214
epoch 2400, training accuracy 0.998214
epoch 2410, training accuracy 0.998214
epoch 2420, training accuracy 0.998214
epoch 2430, training accuracy 0.998214
epoch 2440, training accuracy 0.998214
epoch 2450, training accuracy 0.998214
epoch 2460, training accuracy 0.999107
epoch 2470, training accuracy 0.999107
epoch 2480, training accuracy 0.999107
epoch 2490, training accuracy 0.999107
epoch 2500, training accuracy 0.999107
epoch 2510, training accuracy 0.999107
epoch 2520, training accuracy 0.999107
epoch 2530, training accuracy 0.999107
epoch 2540, training accuracy 0.999107
epoch 2550, training accuracy 0.999107
epoch 2560, training accuracy 0.999107
epoch 2570, training accuracy 0.999107
epoch 2580, training accuracy 0.999107
epoch 2590, training accuracy 0.999107
epoch 2600, training accuracy 0.999107
epoch 2610, training accuracy 0.999107
epoch 2620, training accuracy 0.999107
epoch 2630, training accuracy 0.999107
epoch 2640, training accuracy 0.999107
epoch 2650, training accuracy 0.999107
epoch 2660, training accuracy 0.999107
epoch 2670, training accuracy 0.999107
epoch 2680, training accuracy 0.999107
epoch 2690, training accuracy 0.999107
epoch 2700, training accuracy 0.999107
epoch 2710, training accuracy 0.999107
epoch 2720, training accuracy 0.999107
epoch 2730, training accuracy 0.999107
epoch 2740, training accuracy 0.999107
epoch 2750, training accuracy 0.999107
epoch 2760, training accuracy 0.999107
epoch 2770, training accuracy 0.999107
epoch 2780, training accuracy 0.999107
epoch 2790, training accuracy 0.999107
epoch 2800, training accuracy 0.999107
epoch 2810, training accuracy 0.999107
epoch 2820, training accuracy 0.999107
epoch 2830, training accuracy 0.999107
epoch 2840, training accuracy 0.999107
epoch 2850, training accuracy 0.999107
epoch 2860, training accuracy 0.999107
epoch 2870, training accuracy 0.999107
epoch 2880, training accuracy 0.999107
epoch 2890, training accuracy 0.999107
epoch 2900, training accuracy 0.999107
epoch 2910, training accuracy 0.999107
epoch 2920, training accuracy 0.999107
epoch 2930, training accuracy 0.999107
epoch 2940, training accuracy 0.999107
epoch 2950, training accuracy 0.999107
epoch 2960, training accuracy 0.999107
epoch 2970, training accuracy 0.999107
epoch 2980, training accuracy 0.999107
epoch 2990, training accuracy 0.999107
epoch 3000, training accuracy 0.999107
/tmp/canto_cento_validate.py loaded, containing 304 entries, class distribution: [152 152]
correct: [148, 148]
incorrect: [0, 1]
accuracy: [1.0, 0.9932885906040269]
unclassified: [4, 3]
total accuracy: [0.9736842105263158, 0.9736842105263158]
Sun Oct 22 17:12:06 CEST 2017 finished, res_training/por/canto_cento
