Mon Oct 23 08:36:35 CEST 2017 create_training_files
/tmp/one_won
75995 lines
65467 one
11290 won
/tmp/one_won_training
60796 lines
52383 one
9026 won
/tmp/one_won_validate
15199 lines
13084 one
2264 won
generate /tmp/one_won_training.py, /tmp/one_won_validate.py
:compileJava UP-TO-DATE
:processResources UP-TO-DATE
:classes UP-TO-DATE
:createNGramDatabase
Reading /tmp/one_won_training
Tokenizing
undersampling to 9213
/tmp/one_won_training.pycreated
Reading /tmp/one_won_validate
Tokenizing
undersampling to 2300
/tmp/one_won_validate.pycreated

BUILD SUCCESSFUL

Total time: 12.015 secs

This build could be faster, please consider using the Gradle Daemon: https://docs.gradle.org/2.10/userguide/gradle_daemon.html
Mon Oct 23 08:36:52 CEST 2017 create_classifier
{'batch_size': 1000, 'use_flex_hidden_layer': False, 'training_data_file': '/tmp/one_won_training.py', 'dictionary_path': 'res_training/eng/embedding/dictionary.txt', 'num_inputs': 4, 'epochs': 3000, 'num_outputs': 2, 'self': <__main__.NeuralNetwork object at 0x2b99df68fa58>, 'embedding_path': 'res_training/eng/embedding/final_embeddings.txt'}
embedding shape (42122, 64)
/tmp/one_won_training.py loaded, containing 18426 entries, class distribution: [9213 9213]
Steps: 54000, 18 steps in 3000 epochs
epoch 0, training accuracy 0.506187
epoch 10, training accuracy 0.667426
epoch 20, training accuracy 0.761695
epoch 30, training accuracy 0.828883
epoch 40, training accuracy 0.870672
epoch 50, training accuracy 0.895365
epoch 60, training accuracy 0.909801
epoch 70, training accuracy 0.919516
epoch 80, training accuracy 0.927168
epoch 90, training accuracy 0.932324
epoch 100, training accuracy 0.936340
epoch 110, training accuracy 0.940573
epoch 120, training accuracy 0.943667
epoch 130, training accuracy 0.946000
epoch 140, training accuracy 0.947303
epoch 150, training accuracy 0.949582
epoch 160, training accuracy 0.951265
epoch 170, training accuracy 0.952350
epoch 180, training accuracy 0.953870
epoch 190, training accuracy 0.954792
epoch 200, training accuracy 0.955932
epoch 210, training accuracy 0.956746
epoch 220, training accuracy 0.957777
epoch 230, training accuracy 0.958537
epoch 240, training accuracy 0.959514
epoch 250, training accuracy 0.959677
epoch 260, training accuracy 0.961250
epoch 270, training accuracy 0.961956
epoch 280, training accuracy 0.962607
epoch 290, training accuracy 0.963096
epoch 300, training accuracy 0.963638
epoch 310, training accuracy 0.964073
epoch 320, training accuracy 0.964615
epoch 330, training accuracy 0.965158
epoch 340, training accuracy 0.965266
epoch 350, training accuracy 0.965646
epoch 360, training accuracy 0.965918
epoch 370, training accuracy 0.966135
epoch 380, training accuracy 0.966406
epoch 390, training accuracy 0.966786
epoch 400, training accuracy 0.967220
epoch 410, training accuracy 0.967763
epoch 420, training accuracy 0.967871
epoch 430, training accuracy 0.968414
epoch 440, training accuracy 0.968468
epoch 450, training accuracy 0.968631
epoch 460, training accuracy 0.968686
epoch 470, training accuracy 0.968903
epoch 480, training accuracy 0.969228
epoch 490, training accuracy 0.969391
epoch 500, training accuracy 0.969662
epoch 510, training accuracy 0.969988
epoch 520, training accuracy 0.970097
epoch 530, training accuracy 0.970314
epoch 540, training accuracy 0.970314
epoch 550, training accuracy 0.970314
epoch 560, training accuracy 0.970368
epoch 570, training accuracy 0.970477
epoch 580, training accuracy 0.970694
epoch 590, training accuracy 0.970585
epoch 600, training accuracy 0.970639
epoch 610, training accuracy 0.970802
epoch 620, training accuracy 0.970965
epoch 630, training accuracy 0.971074
epoch 640, training accuracy 0.971291
epoch 650, training accuracy 0.971453
epoch 660, training accuracy 0.971508
epoch 670, training accuracy 0.971616
epoch 680, training accuracy 0.971670
epoch 690, training accuracy 0.971888
epoch 700, training accuracy 0.971888
epoch 710, training accuracy 0.971942
epoch 720, training accuracy 0.972159
epoch 730, training accuracy 0.972213
epoch 740, training accuracy 0.972159
epoch 750, training accuracy 0.972376
epoch 760, training accuracy 0.972322
epoch 770, training accuracy 0.972322
epoch 780, training accuracy 0.972376
epoch 790, training accuracy 0.972430
epoch 800, training accuracy 0.972376
epoch 810, training accuracy 0.972322
epoch 820, training accuracy 0.972267
epoch 830, training accuracy 0.972213
epoch 840, training accuracy 0.972267
epoch 850, training accuracy 0.972322
epoch 860, training accuracy 0.972322
epoch 870, training accuracy 0.972322
epoch 880, training accuracy 0.972376
epoch 890, training accuracy 0.972430
epoch 900, training accuracy 0.972430
epoch 910, training accuracy 0.972430
epoch 920, training accuracy 0.972539
epoch 930, training accuracy 0.972539
epoch 940, training accuracy 0.972647
epoch 950, training accuracy 0.972647
epoch 960, training accuracy 0.972647
epoch 970, training accuracy 0.972593
epoch 980, training accuracy 0.972647
epoch 990, training accuracy 0.972647
epoch 1000, training accuracy 0.972647
epoch 1010, training accuracy 0.972756
epoch 1020, training accuracy 0.972810
epoch 1030, training accuracy 0.972864
epoch 1040, training accuracy 0.972810
epoch 1050, training accuracy 0.972810
epoch 1060, training accuracy 0.972973
epoch 1070, training accuracy 0.973082
epoch 1080, training accuracy 0.973244
epoch 1090, training accuracy 0.973244
epoch 1100, training accuracy 0.973190
epoch 1110, training accuracy 0.973190
epoch 1120, training accuracy 0.973136
epoch 1130, training accuracy 0.973190
epoch 1140, training accuracy 0.973190
epoch 1150, training accuracy 0.973190
epoch 1160, training accuracy 0.973190
epoch 1170, training accuracy 0.973190
epoch 1180, training accuracy 0.973190
epoch 1190, training accuracy 0.973136
epoch 1200, training accuracy 0.973136
epoch 1210, training accuracy 0.973190
epoch 1220, training accuracy 0.973244
epoch 1230, training accuracy 0.973299
epoch 1240, training accuracy 0.973353
epoch 1250, training accuracy 0.973407
epoch 1260, training accuracy 0.973407
epoch 1270, training accuracy 0.973461
epoch 1280, training accuracy 0.973461
epoch 1290, training accuracy 0.973516
epoch 1300, training accuracy 0.973516
epoch 1310, training accuracy 0.973570
epoch 1320, training accuracy 0.973516
epoch 1330, training accuracy 0.973570
epoch 1340, training accuracy 0.973516
epoch 1350, training accuracy 0.973570
epoch 1360, training accuracy 0.973570
epoch 1370, training accuracy 0.973516
epoch 1380, training accuracy 0.973570
epoch 1390, training accuracy 0.973461
epoch 1400, training accuracy 0.973516
epoch 1410, training accuracy 0.973461
epoch 1420, training accuracy 0.973570
epoch 1430, training accuracy 0.973461
epoch 1440, training accuracy 0.973516
epoch 1450, training accuracy 0.973570
epoch 1460, training accuracy 0.973570
epoch 1470, training accuracy 0.973570
epoch 1480, training accuracy 0.973516
epoch 1490, training accuracy 0.973570
epoch 1500, training accuracy 0.973624
epoch 1510, training accuracy 0.973624
epoch 1520, training accuracy 0.973678
epoch 1530, training accuracy 0.973678
epoch 1540, training accuracy 0.973733
epoch 1550, training accuracy 0.973733
epoch 1560, training accuracy 0.973841
epoch 1570, training accuracy 0.973841
epoch 1580, training accuracy 0.973841
epoch 1590, training accuracy 0.973896
epoch 1600, training accuracy 0.973787
epoch 1610, training accuracy 0.973787
epoch 1620, training accuracy 0.973787
epoch 1630, training accuracy 0.973787
epoch 1640, training accuracy 0.973733
epoch 1650, training accuracy 0.973841
epoch 1660, training accuracy 0.973787
epoch 1670, training accuracy 0.973841
epoch 1680, training accuracy 0.973841
epoch 1690, training accuracy 0.973896
epoch 1700, training accuracy 0.973950
epoch 1710, training accuracy 0.973950
epoch 1720, training accuracy 0.973950
epoch 1730, training accuracy 0.973950
epoch 1740, training accuracy 0.973950
epoch 1750, training accuracy 0.974058
epoch 1760, training accuracy 0.974004
epoch 1770, training accuracy 0.974113
epoch 1780, training accuracy 0.973841
epoch 1790, training accuracy 0.974058
epoch 1800, training accuracy 0.973841
epoch 1810, training accuracy 0.974004
epoch 1820, training accuracy 0.974058
epoch 1830, training accuracy 0.974058
epoch 1840, training accuracy 0.974113
epoch 1850, training accuracy 0.974113
epoch 1860, training accuracy 0.974221
epoch 1870, training accuracy 0.974167
epoch 1880, training accuracy 0.974275
epoch 1890, training accuracy 0.974275
epoch 1900, training accuracy 0.974275
epoch 1910, training accuracy 0.974330
epoch 1920, training accuracy 0.974330
epoch 1930, training accuracy 0.974275
epoch 1940, training accuracy 0.974330
epoch 1950, training accuracy 0.974384
epoch 1960, training accuracy 0.974330
epoch 1970, training accuracy 0.974384
epoch 1980, training accuracy 0.974330
epoch 1990, training accuracy 0.974384
epoch 2000, training accuracy 0.974330
epoch 2010, training accuracy 0.974330
epoch 2020, training accuracy 0.974275
epoch 2030, training accuracy 0.974330
epoch 2040, training accuracy 0.974275
epoch 2050, training accuracy 0.974330
epoch 2060, training accuracy 0.974275
epoch 2070, training accuracy 0.974384
epoch 2080, training accuracy 0.974384
epoch 2090, training accuracy 0.974330
epoch 2100, training accuracy 0.974384
epoch 2110, training accuracy 0.974330
epoch 2120, training accuracy 0.974384
epoch 2130, training accuracy 0.974384
epoch 2140, training accuracy 0.974384
epoch 2150, training accuracy 0.974384
epoch 2160, training accuracy 0.974384
epoch 2170, training accuracy 0.974384
epoch 2180, training accuracy 0.974384
epoch 2190, training accuracy 0.974438
epoch 2200, training accuracy 0.974438
epoch 2210, training accuracy 0.974438
epoch 2220, training accuracy 0.974493
epoch 2230, training accuracy 0.974438
epoch 2240, training accuracy 0.974493
epoch 2250, training accuracy 0.974493
epoch 2260, training accuracy 0.974547
epoch 2270, training accuracy 0.974547
epoch 2280, training accuracy 0.974547
epoch 2290, training accuracy 0.974655
epoch 2300, training accuracy 0.974655
epoch 2310, training accuracy 0.974655
epoch 2320, training accuracy 0.974655
epoch 2330, training accuracy 0.974655
epoch 2340, training accuracy 0.974710
epoch 2350, training accuracy 0.974601
epoch 2360, training accuracy 0.974710
epoch 2370, training accuracy 0.974655
epoch 2380, training accuracy 0.974710
epoch 2390, training accuracy 0.974655
epoch 2400, training accuracy 0.974710
epoch 2410, training accuracy 0.974655
epoch 2420, training accuracy 0.974655
epoch 2430, training accuracy 0.974655
epoch 2440, training accuracy 0.974655
epoch 2450, training accuracy 0.974655
epoch 2460, training accuracy 0.974655
epoch 2470, training accuracy 0.974655
epoch 2480, training accuracy 0.974655
epoch 2490, training accuracy 0.974655
epoch 2500, training accuracy 0.974655
epoch 2510, training accuracy 0.974655
epoch 2520, training accuracy 0.974655
epoch 2530, training accuracy 0.974655
epoch 2540, training accuracy 0.974655
epoch 2550, training accuracy 0.974655
epoch 2560, training accuracy 0.974710
epoch 2570, training accuracy 0.974601
epoch 2580, training accuracy 0.974764
epoch 2590, training accuracy 0.974655
epoch 2600, training accuracy 0.974764
epoch 2610, training accuracy 0.974710
epoch 2620, training accuracy 0.974764
epoch 2630, training accuracy 0.974764
epoch 2640, training accuracy 0.974710
epoch 2650, training accuracy 0.974764
epoch 2660, training accuracy 0.974764
epoch 2670, training accuracy 0.974764
epoch 2680, training accuracy 0.974764
epoch 2690, training accuracy 0.974710
epoch 2700, training accuracy 0.974764
epoch 2710, training accuracy 0.974710
epoch 2720, training accuracy 0.974764
epoch 2730, training accuracy 0.974710
epoch 2740, training accuracy 0.974764
epoch 2750, training accuracy 0.974710
epoch 2760, training accuracy 0.974710
epoch 2770, training accuracy 0.974710
epoch 2780, training accuracy 0.974655
epoch 2790, training accuracy 0.974655
epoch 2800, training accuracy 0.974710
epoch 2810, training accuracy 0.974655
epoch 2820, training accuracy 0.974655
epoch 2830, training accuracy 0.974655
epoch 2840, training accuracy 0.974655
epoch 2850, training accuracy 0.974655
epoch 2860, training accuracy 0.974655
epoch 2870, training accuracy 0.974655
epoch 2880, training accuracy 0.974655
epoch 2890, training accuracy 0.974655
epoch 2900, training accuracy 0.974655
epoch 2910, training accuracy 0.974655
epoch 2920, training accuracy 0.974710
epoch 2930, training accuracy 0.974655
epoch 2940, training accuracy 0.974710
epoch 2950, training accuracy 0.974655
epoch 2960, training accuracy 0.974710
epoch 2970, training accuracy 0.974655
epoch 2980, training accuracy 0.974764
epoch 2990, training accuracy 0.974710
epoch 3000, training accuracy 0.974710
/tmp/one_won_validate.py loaded, containing 4600 entries, class distribution: [2300 2300]
correct: [2187, 2174]
incorrect: [30, 42]
accuracy: [0.986468200270636, 0.9810469314079422]
unclassified: [83, 84]
total accuracy: [0.9508695652173913, 0.9452173913043478]
Mon Oct 23 08:40:24 CEST 2017 finished, res_training/eng/one_won
