Sun Oct 22 19:24:12 CEST 2017 create_training_files
/tmp/case_cause
14942 lines
11335 case
3654 cause
/tmp/case_cause_training
11954 lines
9046 case
2945 cause
/tmp/case_cause_validate
2988 lines
2289 case
709 cause
generate /tmp/case_cause_training.py, /tmp/case_cause_validate.py
:compileJava UP-TO-DATE
:processResources UP-TO-DATE
:classes UP-TO-DATE
:createNGramDatabase
Reading /tmp/case_cause_training
Tokenizing
undersampling to 2983
/tmp/case_cause_training.pycreated
Reading /tmp/case_cause_validate
Tokenizing
undersampling to 724
/tmp/case_cause_validate.pycreated

BUILD SUCCESSFUL

Total time: 6.41 secs

This build could be faster, please consider using the Gradle Daemon: https://docs.gradle.org/2.10/userguide/gradle_daemon.html
Sun Oct 22 19:24:25 CEST 2017 create_classifier
{'batch_size': 1000, 'epochs': 3000, 'training_data_file': '/tmp/case_cause_training.py', 'num_outputs': 2, 'dictionary_path': 'res_training/eng/embedding/dictionary.txt', 'self': <__main__.NeuralNetwork object at 0x2b597aee2a58>, 'num_inputs': 4, 'use_flex_hidden_layer': False, 'embedding_path': 'res_training/eng/embedding/final_embeddings.txt'}
embedding shape (42122, 64)
/tmp/case_cause_training.py loaded, containing 5966 entries, class distribution: [2983 2983]
Steps: 15000, 5 steps in 3000 epochs
epoch 0, training accuracy 0.466980
epoch 10, training accuracy 0.529333
epoch 20, training accuracy 0.587161
epoch 30, training accuracy 0.630070
epoch 40, training accuracy 0.659739
epoch 50, training accuracy 0.686892
epoch 60, training accuracy 0.704157
epoch 70, training accuracy 0.721589
epoch 80, training accuracy 0.739021
epoch 90, training accuracy 0.749916
epoch 100, training accuracy 0.762487
epoch 110, training accuracy 0.768522
epoch 120, training accuracy 0.773718
epoch 130, training accuracy 0.779920
epoch 140, training accuracy 0.786121
epoch 150, training accuracy 0.789306
epoch 160, training accuracy 0.792323
epoch 170, training accuracy 0.796011
epoch 180, training accuracy 0.799531
epoch 190, training accuracy 0.802045
epoch 200, training accuracy 0.804056
epoch 210, training accuracy 0.807744
epoch 220, training accuracy 0.809923
epoch 230, training accuracy 0.811934
epoch 240, training accuracy 0.813778
epoch 250, training accuracy 0.815622
epoch 260, training accuracy 0.818136
epoch 270, training accuracy 0.823165
epoch 280, training accuracy 0.824673
epoch 290, training accuracy 0.826517
epoch 300, training accuracy 0.828528
epoch 310, training accuracy 0.831210
epoch 320, training accuracy 0.832551
epoch 330, training accuracy 0.834395
epoch 340, training accuracy 0.834227
epoch 350, training accuracy 0.837747
epoch 360, training accuracy 0.839759
epoch 370, training accuracy 0.840429
epoch 380, training accuracy 0.841100
epoch 390, training accuracy 0.842608
epoch 400, training accuracy 0.843279
epoch 410, training accuracy 0.843781
epoch 420, training accuracy 0.845625
epoch 430, training accuracy 0.847804
epoch 440, training accuracy 0.848475
epoch 450, training accuracy 0.849480
epoch 460, training accuracy 0.849816
epoch 470, training accuracy 0.850654
epoch 480, training accuracy 0.851827
epoch 490, training accuracy 0.851659
epoch 500, training accuracy 0.852330
epoch 510, training accuracy 0.852497
epoch 520, training accuracy 0.852162
epoch 530, training accuracy 0.852833
epoch 540, training accuracy 0.853838
epoch 550, training accuracy 0.854676
epoch 560, training accuracy 0.855347
epoch 570, training accuracy 0.856353
epoch 580, training accuracy 0.857358
epoch 590, training accuracy 0.858364
epoch 600, training accuracy 0.859202
epoch 610, training accuracy 0.860375
epoch 620, training accuracy 0.861046
epoch 630, training accuracy 0.861716
epoch 640, training accuracy 0.863393
epoch 650, training accuracy 0.864231
epoch 660, training accuracy 0.865572
epoch 670, training accuracy 0.865907
epoch 680, training accuracy 0.866074
epoch 690, training accuracy 0.866912
epoch 700, training accuracy 0.867080
epoch 710, training accuracy 0.868086
epoch 720, training accuracy 0.868253
epoch 730, training accuracy 0.868589
epoch 740, training accuracy 0.869594
epoch 750, training accuracy 0.870600
epoch 760, training accuracy 0.870935
epoch 770, training accuracy 0.871103
epoch 780, training accuracy 0.871271
epoch 790, training accuracy 0.871606
epoch 800, training accuracy 0.872109
epoch 810, training accuracy 0.872444
epoch 820, training accuracy 0.873450
epoch 830, training accuracy 0.873785
epoch 840, training accuracy 0.874288
epoch 850, training accuracy 0.873785
epoch 860, training accuracy 0.873617
epoch 870, training accuracy 0.874623
epoch 880, training accuracy 0.875964
epoch 890, training accuracy 0.875964
epoch 900, training accuracy 0.875964
epoch 910, training accuracy 0.876299
epoch 920, training accuracy 0.876970
epoch 930, training accuracy 0.876970
epoch 940, training accuracy 0.877137
epoch 950, training accuracy 0.877305
epoch 960, training accuracy 0.877472
epoch 970, training accuracy 0.877640
epoch 980, training accuracy 0.877808
epoch 990, training accuracy 0.878310
epoch 1000, training accuracy 0.878646
epoch 1010, training accuracy 0.878813
epoch 1020, training accuracy 0.879651
epoch 1030, training accuracy 0.879819
epoch 1040, training accuracy 0.879819
epoch 1050, training accuracy 0.879987
epoch 1060, training accuracy 0.880322
epoch 1070, training accuracy 0.880322
epoch 1080, training accuracy 0.879987
epoch 1090, training accuracy 0.879987
epoch 1100, training accuracy 0.880489
epoch 1110, training accuracy 0.880657
epoch 1120, training accuracy 0.880657
epoch 1130, training accuracy 0.880825
epoch 1140, training accuracy 0.881160
epoch 1150, training accuracy 0.881495
epoch 1160, training accuracy 0.882166
epoch 1170, training accuracy 0.882501
epoch 1180, training accuracy 0.882501
epoch 1190, training accuracy 0.883004
epoch 1200, training accuracy 0.882668
epoch 1210, training accuracy 0.882668
epoch 1220, training accuracy 0.882836
epoch 1230, training accuracy 0.883004
epoch 1240, training accuracy 0.883171
epoch 1250, training accuracy 0.883339
epoch 1260, training accuracy 0.883507
epoch 1270, training accuracy 0.883339
epoch 1280, training accuracy 0.883842
epoch 1290, training accuracy 0.884177
epoch 1300, training accuracy 0.884345
epoch 1310, training accuracy 0.884847
epoch 1320, training accuracy 0.884680
epoch 1330, training accuracy 0.885015
epoch 1340, training accuracy 0.885015
epoch 1350, training accuracy 0.885350
epoch 1360, training accuracy 0.885350
epoch 1370, training accuracy 0.885518
epoch 1380, training accuracy 0.885686
epoch 1390, training accuracy 0.885686
epoch 1400, training accuracy 0.885686
epoch 1410, training accuracy 0.885686
epoch 1420, training accuracy 0.885686
epoch 1430, training accuracy 0.885518
epoch 1440, training accuracy 0.885015
epoch 1450, training accuracy 0.885183
epoch 1460, training accuracy 0.885518
epoch 1470, training accuracy 0.885686
epoch 1480, training accuracy 0.885853
epoch 1490, training accuracy 0.885350
epoch 1500, training accuracy 0.885686
epoch 1510, training accuracy 0.886188
epoch 1520, training accuracy 0.886188
epoch 1530, training accuracy 0.886691
epoch 1540, training accuracy 0.886524
epoch 1550, training accuracy 0.886859
epoch 1560, training accuracy 0.887026
epoch 1570, training accuracy 0.887194
epoch 1580, training accuracy 0.887194
epoch 1590, training accuracy 0.886859
epoch 1600, training accuracy 0.887194
epoch 1610, training accuracy 0.887362
epoch 1620, training accuracy 0.887194
epoch 1630, training accuracy 0.887194
epoch 1640, training accuracy 0.886691
epoch 1650, training accuracy 0.886691
epoch 1660, training accuracy 0.886859
epoch 1670, training accuracy 0.887026
epoch 1680, training accuracy 0.886859
epoch 1690, training accuracy 0.887362
epoch 1700, training accuracy 0.887362
epoch 1710, training accuracy 0.887529
epoch 1720, training accuracy 0.887529
epoch 1730, training accuracy 0.887865
epoch 1740, training accuracy 0.888032
epoch 1750, training accuracy 0.887865
epoch 1760, training accuracy 0.888032
epoch 1770, training accuracy 0.888367
epoch 1780, training accuracy 0.888367
epoch 1790, training accuracy 0.888535
epoch 1800, training accuracy 0.888703
epoch 1810, training accuracy 0.888870
epoch 1820, training accuracy 0.888870
epoch 1830, training accuracy 0.888870
epoch 1840, training accuracy 0.889206
epoch 1850, training accuracy 0.889038
epoch 1860, training accuracy 0.889038
epoch 1870, training accuracy 0.888870
epoch 1880, training accuracy 0.888870
epoch 1890, training accuracy 0.888703
epoch 1900, training accuracy 0.888870
epoch 1910, training accuracy 0.888870
epoch 1920, training accuracy 0.888870
epoch 1930, training accuracy 0.889038
epoch 1940, training accuracy 0.889206
epoch 1950, training accuracy 0.889373
epoch 1960, training accuracy 0.889373
epoch 1970, training accuracy 0.889373
epoch 1980, training accuracy 0.889708
epoch 1990, training accuracy 0.890044
epoch 2000, training accuracy 0.890044
epoch 2010, training accuracy 0.889876
epoch 2020, training accuracy 0.890044
epoch 2030, training accuracy 0.889708
epoch 2040, training accuracy 0.890044
epoch 2050, training accuracy 0.890211
epoch 2060, training accuracy 0.890546
epoch 2070, training accuracy 0.890546
epoch 2080, training accuracy 0.890546
epoch 2090, training accuracy 0.890546
epoch 2100, training accuracy 0.890714
epoch 2110, training accuracy 0.890714
epoch 2120, training accuracy 0.890714
epoch 2130, training accuracy 0.890882
epoch 2140, training accuracy 0.890882
epoch 2150, training accuracy 0.890714
epoch 2160, training accuracy 0.890714
epoch 2170, training accuracy 0.890714
epoch 2180, training accuracy 0.890546
epoch 2190, training accuracy 0.890714
epoch 2200, training accuracy 0.890714
epoch 2210, training accuracy 0.890714
epoch 2220, training accuracy 0.890714
epoch 2230, training accuracy 0.890882
epoch 2240, training accuracy 0.890882
epoch 2250, training accuracy 0.890882
epoch 2260, training accuracy 0.890882
epoch 2270, training accuracy 0.890882
epoch 2280, training accuracy 0.890882
epoch 2290, training accuracy 0.891049
epoch 2300, training accuracy 0.891049
epoch 2310, training accuracy 0.891217
epoch 2320, training accuracy 0.891385
epoch 2330, training accuracy 0.891720
epoch 2340, training accuracy 0.891552
epoch 2350, training accuracy 0.891385
epoch 2360, training accuracy 0.891552
epoch 2370, training accuracy 0.891720
epoch 2380, training accuracy 0.891720
epoch 2390, training accuracy 0.891887
epoch 2400, training accuracy 0.891887
epoch 2410, training accuracy 0.891887
epoch 2420, training accuracy 0.892223
epoch 2430, training accuracy 0.892223
epoch 2440, training accuracy 0.892055
epoch 2450, training accuracy 0.891887
epoch 2460, training accuracy 0.892055
epoch 2470, training accuracy 0.892055
epoch 2480, training accuracy 0.892223
epoch 2490, training accuracy 0.892223
epoch 2500, training accuracy 0.892223
epoch 2510, training accuracy 0.892055
epoch 2520, training accuracy 0.891887
epoch 2530, training accuracy 0.891887
epoch 2540, training accuracy 0.892055
epoch 2550, training accuracy 0.891887
epoch 2560, training accuracy 0.892223
epoch 2570, training accuracy 0.892055
epoch 2580, training accuracy 0.892223
epoch 2590, training accuracy 0.892390
epoch 2600, training accuracy 0.892390
epoch 2610, training accuracy 0.892558
epoch 2620, training accuracy 0.892558
epoch 2630, training accuracy 0.892558
epoch 2640, training accuracy 0.892558
epoch 2650, training accuracy 0.892725
epoch 2660, training accuracy 0.892893
epoch 2670, training accuracy 0.892893
epoch 2680, training accuracy 0.892893
epoch 2690, training accuracy 0.892893
epoch 2700, training accuracy 0.893061
epoch 2710, training accuracy 0.893061
epoch 2720, training accuracy 0.893061
epoch 2730, training accuracy 0.893228
epoch 2740, training accuracy 0.893228
epoch 2750, training accuracy 0.893228
epoch 2760, training accuracy 0.893228
epoch 2770, training accuracy 0.893228
epoch 2780, training accuracy 0.893228
epoch 2790, training accuracy 0.893228
epoch 2800, training accuracy 0.893228
epoch 2810, training accuracy 0.893228
epoch 2820, training accuracy 0.893228
epoch 2830, training accuracy 0.893396
epoch 2840, training accuracy 0.893396
epoch 2850, training accuracy 0.893731
epoch 2860, training accuracy 0.893731
epoch 2870, training accuracy 0.893731
epoch 2880, training accuracy 0.893731
epoch 2890, training accuracy 0.893899
epoch 2900, training accuracy 0.894234
epoch 2910, training accuracy 0.894402
epoch 2920, training accuracy 0.894569
epoch 2930, training accuracy 0.894402
epoch 2940, training accuracy 0.894569
epoch 2950, training accuracy 0.894569
epoch 2960, training accuracy 0.894569
epoch 2970, training accuracy 0.894569
epoch 2980, training accuracy 0.894402
epoch 2990, training accuracy 0.894402
epoch 3000, training accuracy 0.894402
/tmp/case_cause_validate.py loaded, containing 1448 entries, class distribution: [724 724]
correct: [538, 546]
incorrect: [41, 49]
accuracy: [0.9291882556131261, 0.9176470588235294]
unclassified: [145, 129]
total accuracy: [0.7430939226519337, 0.7541436464088398]
Sun Oct 22 19:25:29 CEST 2017 finished, res_training/eng/case_cause
