Sun Oct 22 23:36:42 CEST 2017 create_training_files
/tmp/quarta_quinta
7109 lines
3716 quarta
3478 quinta
/tmp/quarta_quinta_training
5688 lines
2972 quarta
2783 quinta
/tmp/quarta_quinta_validate
1421 lines
744 quarta
695 quinta
generate /tmp/quarta_quinta_training.py, /tmp/quarta_quinta_validate.py
:compileJava UP-TO-DATE
:processResources UP-TO-DATE
:classes UP-TO-DATE
:createNGramDatabase
Reading /tmp/quarta_quinta_training
Tokenizing
undersampling to 2815
/tmp/quarta_quinta_training.pycreated
Reading /tmp/quarta_quinta_validate
Tokenizing
undersampling to 700
/tmp/quarta_quinta_validate.pycreated

BUILD SUCCESSFUL

Total time: 5.305 secs

This build could be faster, please consider using the Gradle Daemon: https://docs.gradle.org/2.10/userguide/gradle_daemon.html
Sun Oct 22 23:36:53 CEST 2017 create_classifier
{'self': <__main__.NeuralNetwork object at 0x2adaa8d0ea58>, 'use_flex_hidden_layer': False, 'epochs': 3000, 'num_inputs': 4, 'num_outputs': 2, 'batch_size': 1000, 'embedding_path': 'res_training/por/embedding/final_embeddings.txt', 'dictionary_path': 'res_training/por/embedding/dictionary.txt', 'training_data_file': '/tmp/quarta_quinta_training.py'}
embedding shape (44676, 64)
/tmp/quarta_quinta_training.py loaded, containing 5630 entries, class distribution: [2815 2815]
Steps: 15000, 5 steps in 3000 epochs
epoch 0, training accuracy 0.488455
epoch 10, training accuracy 0.494494
epoch 20, training accuracy 0.497691
epoch 30, training accuracy 0.501243
epoch 40, training accuracy 0.503375
epoch 50, training accuracy 0.511012
epoch 60, training accuracy 0.510657
epoch 70, training accuracy 0.514387
epoch 80, training accuracy 0.517052
epoch 90, training accuracy 0.520249
epoch 100, training accuracy 0.522558
epoch 110, training accuracy 0.523623
epoch 120, training accuracy 0.522558
epoch 130, training accuracy 0.524867
epoch 140, training accuracy 0.528597
epoch 150, training accuracy 0.531794
epoch 160, training accuracy 0.533037
epoch 170, training accuracy 0.536057
epoch 180, training accuracy 0.536945
epoch 190, training accuracy 0.539076
epoch 200, training accuracy 0.540675
epoch 210, training accuracy 0.546359
epoch 220, training accuracy 0.547780
epoch 230, training accuracy 0.549201
epoch 240, training accuracy 0.550089
epoch 250, training accuracy 0.552398
epoch 260, training accuracy 0.554885
epoch 270, training accuracy 0.558259
epoch 280, training accuracy 0.560746
epoch 290, training accuracy 0.561457
epoch 300, training accuracy 0.562167
epoch 310, training accuracy 0.563588
epoch 320, training accuracy 0.565364
epoch 330, training accuracy 0.566252
epoch 340, training accuracy 0.565187
epoch 350, training accuracy 0.567496
epoch 360, training accuracy 0.567318
epoch 370, training accuracy 0.569094
epoch 380, training accuracy 0.569982
epoch 390, training accuracy 0.570693
epoch 400, training accuracy 0.571048
epoch 410, training accuracy 0.571226
epoch 420, training accuracy 0.571226
epoch 430, training accuracy 0.571936
epoch 440, training accuracy 0.571936
epoch 450, training accuracy 0.572469
epoch 460, training accuracy 0.573179
epoch 470, training accuracy 0.573179
epoch 480, training accuracy 0.572824
epoch 490, training accuracy 0.573002
epoch 500, training accuracy 0.573002
epoch 510, training accuracy 0.572291
epoch 520, training accuracy 0.571403
epoch 530, training accuracy 0.572824
epoch 540, training accuracy 0.572824
epoch 550, training accuracy 0.573357
epoch 560, training accuracy 0.573357
epoch 570, training accuracy 0.573712
epoch 580, training accuracy 0.574245
epoch 590, training accuracy 0.575311
epoch 600, training accuracy 0.575311
epoch 610, training accuracy 0.577087
epoch 620, training accuracy 0.576909
epoch 630, training accuracy 0.576554
epoch 640, training accuracy 0.577975
epoch 650, training accuracy 0.578153
epoch 660, training accuracy 0.577442
epoch 670, training accuracy 0.579929
epoch 680, training accuracy 0.579929
epoch 690, training accuracy 0.579751
epoch 700, training accuracy 0.579929
epoch 710, training accuracy 0.578686
epoch 720, training accuracy 0.579041
epoch 730, training accuracy 0.579574
epoch 740, training accuracy 0.578863
epoch 750, training accuracy 0.579218
epoch 760, training accuracy 0.579218
epoch 770, training accuracy 0.579396
epoch 780, training accuracy 0.580107
epoch 790, training accuracy 0.581883
epoch 800, training accuracy 0.582238
epoch 810, training accuracy 0.581528
epoch 820, training accuracy 0.583481
epoch 830, training accuracy 0.584014
epoch 840, training accuracy 0.583304
epoch 850, training accuracy 0.585080
epoch 860, training accuracy 0.585080
epoch 870, training accuracy 0.585258
epoch 880, training accuracy 0.585435
epoch 890, training accuracy 0.585613
epoch 900, training accuracy 0.585790
epoch 910, training accuracy 0.585435
epoch 920, training accuracy 0.585613
epoch 930, training accuracy 0.584902
epoch 940, training accuracy 0.585080
epoch 950, training accuracy 0.585080
epoch 960, training accuracy 0.584902
epoch 970, training accuracy 0.585613
epoch 980, training accuracy 0.585613
epoch 990, training accuracy 0.586146
epoch 1000, training accuracy 0.585435
epoch 1010, training accuracy 0.585080
epoch 1020, training accuracy 0.584902
epoch 1030, training accuracy 0.584547
epoch 1040, training accuracy 0.584902
epoch 1050, training accuracy 0.585080
epoch 1060, training accuracy 0.585258
epoch 1070, training accuracy 0.585258
epoch 1080, training accuracy 0.585435
epoch 1090, training accuracy 0.585790
epoch 1100, training accuracy 0.585613
epoch 1110, training accuracy 0.586146
epoch 1120, training accuracy 0.585613
epoch 1130, training accuracy 0.585613
epoch 1140, training accuracy 0.586501
epoch 1150, training accuracy 0.586501
epoch 1160, training accuracy 0.586679
epoch 1170, training accuracy 0.585968
epoch 1180, training accuracy 0.586323
epoch 1190, training accuracy 0.586323
epoch 1200, training accuracy 0.585968
epoch 1210, training accuracy 0.585968
epoch 1220, training accuracy 0.586501
epoch 1230, training accuracy 0.585968
epoch 1240, training accuracy 0.585968
epoch 1250, training accuracy 0.586146
epoch 1260, training accuracy 0.586146
epoch 1270, training accuracy 0.585968
epoch 1280, training accuracy 0.586146
epoch 1290, training accuracy 0.585968
epoch 1300, training accuracy 0.586146
epoch 1310, training accuracy 0.585790
epoch 1320, training accuracy 0.585613
epoch 1330, training accuracy 0.585968
epoch 1340, training accuracy 0.585790
epoch 1350, training accuracy 0.585613
epoch 1360, training accuracy 0.585790
epoch 1370, training accuracy 0.585790
epoch 1380, training accuracy 0.585435
epoch 1390, training accuracy 0.585790
epoch 1400, training accuracy 0.585435
epoch 1410, training accuracy 0.585435
epoch 1420, training accuracy 0.585258
epoch 1430, training accuracy 0.585258
epoch 1440, training accuracy 0.585080
epoch 1450, training accuracy 0.585258
epoch 1460, training accuracy 0.585790
epoch 1470, training accuracy 0.585968
epoch 1480, training accuracy 0.586501
epoch 1490, training accuracy 0.586679
epoch 1500, training accuracy 0.585968
epoch 1510, training accuracy 0.585435
epoch 1520, training accuracy 0.585435
epoch 1530, training accuracy 0.585790
epoch 1540, training accuracy 0.585435
epoch 1550, training accuracy 0.585435
epoch 1560, training accuracy 0.585435
epoch 1570, training accuracy 0.585790
epoch 1580, training accuracy 0.585790
epoch 1590, training accuracy 0.586323
epoch 1600, training accuracy 0.586856
epoch 1610, training accuracy 0.586856
epoch 1620, training accuracy 0.586856
epoch 1630, training accuracy 0.586856
epoch 1640, training accuracy 0.587034
epoch 1650, training accuracy 0.587034
epoch 1660, training accuracy 0.586856
epoch 1670, training accuracy 0.586856
epoch 1680, training accuracy 0.586856
epoch 1690, training accuracy 0.586501
epoch 1700, training accuracy 0.586679
epoch 1710, training accuracy 0.586501
epoch 1720, training accuracy 0.586679
epoch 1730, training accuracy 0.586856
epoch 1740, training accuracy 0.587034
epoch 1750, training accuracy 0.586679
epoch 1760, training accuracy 0.586679
epoch 1770, training accuracy 0.586679
epoch 1780, training accuracy 0.586323
epoch 1790, training accuracy 0.586501
epoch 1800, training accuracy 0.586856
epoch 1810, training accuracy 0.587034
epoch 1820, training accuracy 0.587211
epoch 1830, training accuracy 0.587389
epoch 1840, training accuracy 0.587211
epoch 1850, training accuracy 0.587211
epoch 1860, training accuracy 0.587211
epoch 1870, training accuracy 0.587034
epoch 1880, training accuracy 0.586501
epoch 1890, training accuracy 0.587034
epoch 1900, training accuracy 0.587211
epoch 1910, training accuracy 0.587211
epoch 1920, training accuracy 0.586501
epoch 1930, training accuracy 0.587389
epoch 1940, training accuracy 0.587034
epoch 1950, training accuracy 0.586856
epoch 1960, training accuracy 0.587211
epoch 1970, training accuracy 0.587389
epoch 1980, training accuracy 0.587034
epoch 1990, training accuracy 0.587034
epoch 2000, training accuracy 0.587034
epoch 2010, training accuracy 0.587211
epoch 2020, training accuracy 0.587567
epoch 2030, training accuracy 0.587389
epoch 2040, training accuracy 0.587567
epoch 2050, training accuracy 0.587389
epoch 2060, training accuracy 0.587211
epoch 2070, training accuracy 0.588277
epoch 2080, training accuracy 0.587744
epoch 2090, training accuracy 0.587567
epoch 2100, training accuracy 0.588632
epoch 2110, training accuracy 0.587567
epoch 2120, training accuracy 0.587211
epoch 2130, training accuracy 0.588455
epoch 2140, training accuracy 0.587922
epoch 2150, training accuracy 0.587922
epoch 2160, training accuracy 0.588455
epoch 2170, training accuracy 0.588277
epoch 2180, training accuracy 0.588455
epoch 2190, training accuracy 0.588632
epoch 2200, training accuracy 0.588632
epoch 2210, training accuracy 0.588632
epoch 2220, training accuracy 0.588632
epoch 2230, training accuracy 0.588455
epoch 2240, training accuracy 0.588632
epoch 2250, training accuracy 0.588277
epoch 2260, training accuracy 0.588632
epoch 2270, training accuracy 0.588810
epoch 2280, training accuracy 0.588810
epoch 2290, training accuracy 0.588810
epoch 2300, training accuracy 0.588810
epoch 2310, training accuracy 0.588988
epoch 2320, training accuracy 0.588988
epoch 2330, training accuracy 0.588810
epoch 2340, training accuracy 0.589343
epoch 2350, training accuracy 0.589165
epoch 2360, training accuracy 0.588810
epoch 2370, training accuracy 0.589165
epoch 2380, training accuracy 0.589520
epoch 2390, training accuracy 0.589343
epoch 2400, training accuracy 0.589343
epoch 2410, training accuracy 0.589520
epoch 2420, training accuracy 0.589165
epoch 2430, training accuracy 0.589165
epoch 2440, training accuracy 0.589698
epoch 2450, training accuracy 0.590409
epoch 2460, training accuracy 0.589876
epoch 2470, training accuracy 0.590941
epoch 2480, training accuracy 0.591119
epoch 2490, training accuracy 0.590941
epoch 2500, training accuracy 0.591119
epoch 2510, training accuracy 0.590941
epoch 2520, training accuracy 0.590941
epoch 2530, training accuracy 0.590941
epoch 2540, training accuracy 0.591119
epoch 2550, training accuracy 0.590409
epoch 2560, training accuracy 0.590764
epoch 2570, training accuracy 0.590764
epoch 2580, training accuracy 0.590586
epoch 2590, training accuracy 0.590586
epoch 2600, training accuracy 0.590586
epoch 2610, training accuracy 0.590586
epoch 2620, training accuracy 0.590586
epoch 2630, training accuracy 0.590409
epoch 2640, training accuracy 0.590409
epoch 2650, training accuracy 0.590409
epoch 2660, training accuracy 0.590586
epoch 2670, training accuracy 0.590586
epoch 2680, training accuracy 0.590586
epoch 2690, training accuracy 0.590409
epoch 2700, training accuracy 0.591119
epoch 2710, training accuracy 0.590764
epoch 2720, training accuracy 0.590764
epoch 2730, training accuracy 0.590941
epoch 2740, training accuracy 0.590764
epoch 2750, training accuracy 0.590764
epoch 2760, training accuracy 0.590941
epoch 2770, training accuracy 0.590764
epoch 2780, training accuracy 0.590764
epoch 2790, training accuracy 0.590941
epoch 2800, training accuracy 0.590764
epoch 2810, training accuracy 0.590941
epoch 2820, training accuracy 0.590941
epoch 2830, training accuracy 0.590941
epoch 2840, training accuracy 0.590941
epoch 2850, training accuracy 0.591652
epoch 2860, training accuracy 0.590941
epoch 2870, training accuracy 0.591119
epoch 2880, training accuracy 0.591829
epoch 2890, training accuracy 0.591297
epoch 2900, training accuracy 0.591297
epoch 2910, training accuracy 0.592007
epoch 2920, training accuracy 0.591297
epoch 2930, training accuracy 0.591297
epoch 2940, training accuracy 0.592007
epoch 2950, training accuracy 0.591474
epoch 2960, training accuracy 0.591652
epoch 2970, training accuracy 0.592185
epoch 2980, training accuracy 0.591652
epoch 2990, training accuracy 0.591829
epoch 3000, training accuracy 0.591829
/tmp/quarta_quinta_validate.py loaded, containing 1400 entries, class distribution: [700 700]
correct: [31, 39]
incorrect: [16, 9]
accuracy: [0.6595744680851063, 0.8125]
unclassified: [653, 652]
total accuracy: [0.04428571428571428, 0.055714285714285716]
Sun Oct 22 23:37:57 CEST 2017 finished, res_training/por/quarta_quinta
