Mon Oct 23 07:41:08 CEST 2017 create_training_files
/tmp/feel_fell
11287 lines
7493 feel
3800 fell
/tmp/feel_fell_training
9030 lines
5991 feel
3044 fell
/tmp/feel_fell_validate
2257 lines
1502 feel
756 fell
generate /tmp/feel_fell_training.py, /tmp/feel_fell_validate.py
:compileJava UP-TO-DATE
:processResources UP-TO-DATE
:classes UP-TO-DATE
:createNGramDatabase
Reading /tmp/feel_fell_training
Tokenizing
undersampling to 3084
/tmp/feel_fell_training.pycreated
Reading /tmp/feel_fell_validate
Tokenizing
undersampling to 768
/tmp/feel_fell_validate.pycreated

BUILD SUCCESSFUL

Total time: 6.315 secs

This build could be faster, please consider using the Gradle Daemon: https://docs.gradle.org/2.10/userguide/gradle_daemon.html
Mon Oct 23 07:41:19 CEST 2017 create_classifier
{'num_outputs': 2, 'epochs': 3000, 'embedding_path': 'res_training/eng/embedding/final_embeddings.txt', 'use_flex_hidden_layer': False, 'self': <__main__.NeuralNetwork object at 0x2b9420176a58>, 'num_inputs': 4, 'batch_size': 1000, 'dictionary_path': 'res_training/eng/embedding/dictionary.txt', 'training_data_file': '/tmp/feel_fell_training.py'}
embedding shape (42122, 64)
/tmp/feel_fell_training.py loaded, containing 6168 entries, class distribution: [3084 3084]
Steps: 18000, 6 steps in 3000 epochs
epoch 0, training accuracy 0.504864
epoch 10, training accuracy 0.571336
epoch 20, training accuracy 0.652886
epoch 30, training accuracy 0.710765
epoch 40, training accuracy 0.762484
epoch 50, training accuracy 0.804475
epoch 60, training accuracy 0.833820
epoch 70, training accuracy 0.858301
epoch 80, training accuracy 0.873865
epoch 90, training accuracy 0.884890
epoch 100, training accuracy 0.895914
epoch 110, training accuracy 0.901102
epoch 120, training accuracy 0.907588
epoch 130, training accuracy 0.913911
epoch 140, training accuracy 0.917964
epoch 150, training accuracy 0.921693
epoch 160, training accuracy 0.925259
epoch 170, training accuracy 0.928340
epoch 180, training accuracy 0.930610
epoch 190, training accuracy 0.932393
epoch 200, training accuracy 0.935149
epoch 210, training accuracy 0.935960
epoch 220, training accuracy 0.936933
epoch 230, training accuracy 0.939040
epoch 240, training accuracy 0.940986
epoch 250, training accuracy 0.941958
epoch 260, training accuracy 0.943418
epoch 270, training accuracy 0.944553
epoch 280, training accuracy 0.946336
epoch 290, training accuracy 0.947957
epoch 300, training accuracy 0.948281
epoch 310, training accuracy 0.949416
epoch 320, training accuracy 0.949578
epoch 330, training accuracy 0.950875
epoch 340, training accuracy 0.952335
epoch 350, training accuracy 0.953145
epoch 360, training accuracy 0.953956
epoch 370, training accuracy 0.954604
epoch 380, training accuracy 0.954604
epoch 390, training accuracy 0.955253
epoch 400, training accuracy 0.955577
epoch 410, training accuracy 0.956064
epoch 420, training accuracy 0.956874
epoch 430, training accuracy 0.957523
epoch 440, training accuracy 0.958009
epoch 450, training accuracy 0.958009
epoch 460, training accuracy 0.958658
epoch 470, training accuracy 0.959306
epoch 480, training accuracy 0.959792
epoch 490, training accuracy 0.960279
epoch 500, training accuracy 0.960279
epoch 510, training accuracy 0.960441
epoch 520, training accuracy 0.960603
epoch 530, training accuracy 0.961089
epoch 540, training accuracy 0.961252
epoch 550, training accuracy 0.961576
epoch 560, training accuracy 0.961738
epoch 570, training accuracy 0.962873
epoch 580, training accuracy 0.963846
epoch 590, training accuracy 0.964170
epoch 600, training accuracy 0.964170
epoch 610, training accuracy 0.964494
epoch 620, training accuracy 0.965305
epoch 630, training accuracy 0.965305
epoch 640, training accuracy 0.965791
epoch 650, training accuracy 0.965953
epoch 660, training accuracy 0.966926
epoch 670, training accuracy 0.967250
epoch 680, training accuracy 0.967088
epoch 690, training accuracy 0.967088
epoch 700, training accuracy 0.967088
epoch 710, training accuracy 0.967250
epoch 720, training accuracy 0.967412
epoch 730, training accuracy 0.967412
epoch 740, training accuracy 0.967412
epoch 750, training accuracy 0.967899
epoch 760, training accuracy 0.968547
epoch 770, training accuracy 0.968872
epoch 780, training accuracy 0.969034
epoch 790, training accuracy 0.969358
epoch 800, training accuracy 0.969520
epoch 810, training accuracy 0.969682
epoch 820, training accuracy 0.970006
epoch 830, training accuracy 0.970006
epoch 840, training accuracy 0.970169
epoch 850, training accuracy 0.970331
epoch 860, training accuracy 0.970493
epoch 870, training accuracy 0.970817
epoch 880, training accuracy 0.970979
epoch 890, training accuracy 0.971304
epoch 900, training accuracy 0.971466
epoch 910, training accuracy 0.971466
epoch 920, training accuracy 0.971466
epoch 930, training accuracy 0.971628
epoch 940, training accuracy 0.971790
epoch 950, training accuracy 0.971952
epoch 960, training accuracy 0.971628
epoch 970, training accuracy 0.971790
epoch 980, training accuracy 0.971790
epoch 990, training accuracy 0.971790
epoch 1000, training accuracy 0.971790
epoch 1010, training accuracy 0.971790
epoch 1020, training accuracy 0.971952
epoch 1030, training accuracy 0.971952
epoch 1040, training accuracy 0.971790
epoch 1050, training accuracy 0.971952
epoch 1060, training accuracy 0.972114
epoch 1070, training accuracy 0.972114
epoch 1080, training accuracy 0.971952
epoch 1090, training accuracy 0.972114
epoch 1100, training accuracy 0.971952
epoch 1110, training accuracy 0.972114
epoch 1120, training accuracy 0.972114
epoch 1130, training accuracy 0.972114
epoch 1140, training accuracy 0.972276
epoch 1150, training accuracy 0.972438
epoch 1160, training accuracy 0.972601
epoch 1170, training accuracy 0.972601
epoch 1180, training accuracy 0.972763
epoch 1190, training accuracy 0.972925
epoch 1200, training accuracy 0.972925
epoch 1210, training accuracy 0.973249
epoch 1220, training accuracy 0.973087
epoch 1230, training accuracy 0.973249
epoch 1240, training accuracy 0.973249
epoch 1250, training accuracy 0.973898
epoch 1260, training accuracy 0.974222
epoch 1270, training accuracy 0.974384
epoch 1280, training accuracy 0.974384
epoch 1290, training accuracy 0.974384
epoch 1300, training accuracy 0.974222
epoch 1310, training accuracy 0.974222
epoch 1320, training accuracy 0.974222
epoch 1330, training accuracy 0.974060
epoch 1340, training accuracy 0.974384
epoch 1350, training accuracy 0.974384
epoch 1360, training accuracy 0.974384
epoch 1370, training accuracy 0.974222
epoch 1380, training accuracy 0.974384
epoch 1390, training accuracy 0.974384
epoch 1400, training accuracy 0.974546
epoch 1410, training accuracy 0.974384
epoch 1420, training accuracy 0.974546
epoch 1430, training accuracy 0.974870
epoch 1440, training accuracy 0.974870
epoch 1450, training accuracy 0.974870
epoch 1460, training accuracy 0.974870
epoch 1470, training accuracy 0.974870
epoch 1480, training accuracy 0.975032
epoch 1490, training accuracy 0.974870
epoch 1500, training accuracy 0.974708
epoch 1510, training accuracy 0.974708
epoch 1520, training accuracy 0.974870
epoch 1530, training accuracy 0.975032
epoch 1540, training accuracy 0.975032
epoch 1550, training accuracy 0.975032
epoch 1560, training accuracy 0.975032
epoch 1570, training accuracy 0.975032
epoch 1580, training accuracy 0.975032
epoch 1590, training accuracy 0.975357
epoch 1600, training accuracy 0.975357
epoch 1610, training accuracy 0.975357
epoch 1620, training accuracy 0.975357
epoch 1630, training accuracy 0.975357
epoch 1640, training accuracy 0.975519
epoch 1650, training accuracy 0.975519
epoch 1660, training accuracy 0.975681
epoch 1670, training accuracy 0.975681
epoch 1680, training accuracy 0.975681
epoch 1690, training accuracy 0.975681
epoch 1700, training accuracy 0.975843
epoch 1710, training accuracy 0.975681
epoch 1720, training accuracy 0.975843
epoch 1730, training accuracy 0.975843
epoch 1740, training accuracy 0.975843
epoch 1750, training accuracy 0.975843
epoch 1760, training accuracy 0.975843
epoch 1770, training accuracy 0.975681
epoch 1780, training accuracy 0.975681
epoch 1790, training accuracy 0.975681
epoch 1800, training accuracy 0.975681
epoch 1810, training accuracy 0.975681
epoch 1820, training accuracy 0.975843
epoch 1830, training accuracy 0.975843
epoch 1840, training accuracy 0.975843
epoch 1850, training accuracy 0.976167
epoch 1860, training accuracy 0.976167
epoch 1870, training accuracy 0.976167
epoch 1880, training accuracy 0.976005
epoch 1890, training accuracy 0.976005
epoch 1900, training accuracy 0.976005
epoch 1910, training accuracy 0.976005
epoch 1920, training accuracy 0.976005
epoch 1930, training accuracy 0.976167
epoch 1940, training accuracy 0.976167
epoch 1950, training accuracy 0.976167
epoch 1960, training accuracy 0.976329
epoch 1970, training accuracy 0.976329
epoch 1980, training accuracy 0.976329
epoch 1990, training accuracy 0.976492
epoch 2000, training accuracy 0.976654
epoch 2010, training accuracy 0.976654
epoch 2020, training accuracy 0.976816
epoch 2030, training accuracy 0.976816
epoch 2040, training accuracy 0.976816
epoch 2050, training accuracy 0.976816
epoch 2060, training accuracy 0.976816
epoch 2070, training accuracy 0.976816
epoch 2080, training accuracy 0.976816
epoch 2090, training accuracy 0.976816
epoch 2100, training accuracy 0.976816
epoch 2110, training accuracy 0.976978
epoch 2120, training accuracy 0.976978
epoch 2130, training accuracy 0.976978
epoch 2140, training accuracy 0.976978
epoch 2150, training accuracy 0.977140
epoch 2160, training accuracy 0.977302
epoch 2170, training accuracy 0.977464
epoch 2180, training accuracy 0.977464
epoch 2190, training accuracy 0.977464
epoch 2200, training accuracy 0.977464
epoch 2210, training accuracy 0.977464
epoch 2220, training accuracy 0.977464
epoch 2230, training accuracy 0.977464
epoch 2240, training accuracy 0.977464
epoch 2250, training accuracy 0.977626
epoch 2260, training accuracy 0.977464
epoch 2270, training accuracy 0.977464
epoch 2280, training accuracy 0.977464
epoch 2290, training accuracy 0.977464
epoch 2300, training accuracy 0.977464
epoch 2310, training accuracy 0.977464
epoch 2320, training accuracy 0.977464
epoch 2330, training accuracy 0.977464
epoch 2340, training accuracy 0.977464
epoch 2350, training accuracy 0.977464
epoch 2360, training accuracy 0.977464
epoch 2370, training accuracy 0.977626
epoch 2380, training accuracy 0.977626
epoch 2390, training accuracy 0.977626
epoch 2400, training accuracy 0.977626
epoch 2410, training accuracy 0.977626
epoch 2420, training accuracy 0.977626
epoch 2430, training accuracy 0.977626
epoch 2440, training accuracy 0.977789
epoch 2450, training accuracy 0.977789
epoch 2460, training accuracy 0.977789
epoch 2470, training accuracy 0.977789
epoch 2480, training accuracy 0.977789
epoch 2490, training accuracy 0.977789
epoch 2500, training accuracy 0.977789
epoch 2510, training accuracy 0.977951
epoch 2520, training accuracy 0.977951
epoch 2530, training accuracy 0.977951
epoch 2540, training accuracy 0.977951
epoch 2550, training accuracy 0.977951
epoch 2560, training accuracy 0.977951
epoch 2570, training accuracy 0.977951
epoch 2580, training accuracy 0.977951
epoch 2590, training accuracy 0.978113
epoch 2600, training accuracy 0.978275
epoch 2610, training accuracy 0.978275
epoch 2620, training accuracy 0.978275
epoch 2630, training accuracy 0.978275
epoch 2640, training accuracy 0.978275
epoch 2650, training accuracy 0.978275
epoch 2660, training accuracy 0.978113
epoch 2670, training accuracy 0.978113
epoch 2680, training accuracy 0.978113
epoch 2690, training accuracy 0.978113
epoch 2700, training accuracy 0.978113
epoch 2710, training accuracy 0.978113
epoch 2720, training accuracy 0.978113
epoch 2730, training accuracy 0.978113
epoch 2740, training accuracy 0.978113
epoch 2750, training accuracy 0.978275
epoch 2760, training accuracy 0.978275
epoch 2770, training accuracy 0.978275
epoch 2780, training accuracy 0.978437
epoch 2790, training accuracy 0.978437
epoch 2800, training accuracy 0.978437
epoch 2810, training accuracy 0.978437
epoch 2820, training accuracy 0.978437
epoch 2830, training accuracy 0.978437
epoch 2840, training accuracy 0.978437
epoch 2850, training accuracy 0.978437
epoch 2860, training accuracy 0.978437
epoch 2870, training accuracy 0.978437
epoch 2880, training accuracy 0.978275
epoch 2890, training accuracy 0.978275
epoch 2900, training accuracy 0.978275
epoch 2910, training accuracy 0.978275
epoch 2920, training accuracy 0.978275
epoch 2930, training accuracy 0.978275
epoch 2940, training accuracy 0.978275
epoch 2950, training accuracy 0.978275
epoch 2960, training accuracy 0.978275
epoch 2970, training accuracy 0.978275
epoch 2980, training accuracy 0.978113
epoch 2990, training accuracy 0.978113
epoch 3000, training accuracy 0.978113
/tmp/feel_fell_validate.py loaded, containing 1536 entries, class distribution: [768 768]
correct: [719, 732]
incorrect: [17, 10]
accuracy: [0.9769021739130435, 0.9865229110512129]
unclassified: [32, 26]
total accuracy: [0.9361979166666666, 0.953125]
Mon Oct 23 07:42:30 CEST 2017 finished, res_training/eng/feel_fell
